[2025-04-23T02:28:06.861+0100] {processor.py:186} INFO - Started process (PID=57610) to work on /Users/francisayanbadejo/venvs_projects/my_proj/lib/python3.9/site-packages/airflow/example_dags/plugins/event_listener.py
[2025-04-23T02:28:06.862+0100] {processor.py:914} INFO - Processing file /Users/francisayanbadejo/venvs_projects/my_proj/lib/python3.9/site-packages/airflow/example_dags/plugins/event_listener.py for tasks to queue
[2025-04-23T02:28:06.863+0100] {logging_mixin.py:190} INFO - [2025-04-23T02:28:06.862+0100] {dagbag.py:588} INFO - Filling up the DagBag from /Users/francisayanbadejo/venvs_projects/my_proj/lib/python3.9/site-packages/airflow/example_dags/plugins/event_listener.py
[2025-04-23T02:28:06.863+0100] {processor.py:927} WARNING - No viable dags retrieved from /Users/francisayanbadejo/venvs_projects/my_proj/lib/python3.9/site-packages/airflow/example_dags/plugins/event_listener.py
[2025-04-23T02:28:06.891+0100] {processor.py:208} INFO - Processing /Users/francisayanbadejo/venvs_projects/my_proj/lib/python3.9/site-packages/airflow/example_dags/plugins/event_listener.py took 0.031 seconds
[2025-04-23T02:29:36.398+0100] {processor.py:186} INFO - Started process (PID=57785) to work on /Users/francisayanbadejo/venvs_projects/my_proj/lib/python3.9/site-packages/airflow/example_dags/plugins/event_listener.py
[2025-04-23T02:29:36.399+0100] {processor.py:914} INFO - Processing file /Users/francisayanbadejo/venvs_projects/my_proj/lib/python3.9/site-packages/airflow/example_dags/plugins/event_listener.py for tasks to queue
[2025-04-23T02:29:36.399+0100] {logging_mixin.py:190} INFO - [2025-04-23T02:29:36.399+0100] {dagbag.py:588} INFO - Filling up the DagBag from /Users/francisayanbadejo/venvs_projects/my_proj/lib/python3.9/site-packages/airflow/example_dags/plugins/event_listener.py
[2025-04-23T02:29:36.400+0100] {processor.py:927} WARNING - No viable dags retrieved from /Users/francisayanbadejo/venvs_projects/my_proj/lib/python3.9/site-packages/airflow/example_dags/plugins/event_listener.py
[2025-04-23T02:29:36.427+0100] {processor.py:208} INFO - Processing /Users/francisayanbadejo/venvs_projects/my_proj/lib/python3.9/site-packages/airflow/example_dags/plugins/event_listener.py took 0.030 seconds
[2025-04-23T02:30:33.239+0100] {processor.py:186} INFO - Started process (PID=57887) to work on /Users/francisayanbadejo/venvs_projects/my_proj/lib/python3.9/site-packages/airflow/example_dags/plugins/event_listener.py
[2025-04-23T02:30:33.240+0100] {processor.py:914} INFO - Processing file /Users/francisayanbadejo/venvs_projects/my_proj/lib/python3.9/site-packages/airflow/example_dags/plugins/event_listener.py for tasks to queue
[2025-04-23T02:30:33.240+0100] {logging_mixin.py:190} INFO - [2025-04-23T02:30:33.240+0100] {dagbag.py:588} INFO - Filling up the DagBag from /Users/francisayanbadejo/venvs_projects/my_proj/lib/python3.9/site-packages/airflow/example_dags/plugins/event_listener.py
[2025-04-23T02:30:33.241+0100] {processor.py:927} WARNING - No viable dags retrieved from /Users/francisayanbadejo/venvs_projects/my_proj/lib/python3.9/site-packages/airflow/example_dags/plugins/event_listener.py
[2025-04-23T02:30:33.269+0100] {processor.py:208} INFO - Processing /Users/francisayanbadejo/venvs_projects/my_proj/lib/python3.9/site-packages/airflow/example_dags/plugins/event_listener.py took 0.031 seconds
[2025-04-23T02:31:25.794+0100] {processor.py:186} INFO - Started process (PID=57978) to work on /Users/francisayanbadejo/venvs_projects/my_proj/lib/python3.9/site-packages/airflow/example_dags/plugins/event_listener.py
[2025-04-23T02:31:25.795+0100] {processor.py:914} INFO - Processing file /Users/francisayanbadejo/venvs_projects/my_proj/lib/python3.9/site-packages/airflow/example_dags/plugins/event_listener.py for tasks to queue
[2025-04-23T02:31:25.796+0100] {logging_mixin.py:190} INFO - [2025-04-23T02:31:25.796+0100] {dagbag.py:588} INFO - Filling up the DagBag from /Users/francisayanbadejo/venvs_projects/my_proj/lib/python3.9/site-packages/airflow/example_dags/plugins/event_listener.py
[2025-04-23T02:31:25.796+0100] {processor.py:927} WARNING - No viable dags retrieved from /Users/francisayanbadejo/venvs_projects/my_proj/lib/python3.9/site-packages/airflow/example_dags/plugins/event_listener.py
[2025-04-23T02:31:25.823+0100] {processor.py:208} INFO - Processing /Users/francisayanbadejo/venvs_projects/my_proj/lib/python3.9/site-packages/airflow/example_dags/plugins/event_listener.py took 0.031 seconds
[2025-04-23T02:32:21.132+0100] {processor.py:186} INFO - Started process (PID=58118) to work on /Users/francisayanbadejo/venvs_projects/my_proj/lib/python3.9/site-packages/airflow/example_dags/plugins/event_listener.py
[2025-04-23T02:32:21.133+0100] {processor.py:914} INFO - Processing file /Users/francisayanbadejo/venvs_projects/my_proj/lib/python3.9/site-packages/airflow/example_dags/plugins/event_listener.py for tasks to queue
[2025-04-23T02:32:21.133+0100] {logging_mixin.py:190} INFO - [2025-04-23T02:32:21.133+0100] {dagbag.py:588} INFO - Filling up the DagBag from /Users/francisayanbadejo/venvs_projects/my_proj/lib/python3.9/site-packages/airflow/example_dags/plugins/event_listener.py
[2025-04-23T02:32:21.134+0100] {processor.py:927} WARNING - No viable dags retrieved from /Users/francisayanbadejo/venvs_projects/my_proj/lib/python3.9/site-packages/airflow/example_dags/plugins/event_listener.py
[2025-04-23T02:32:21.161+0100] {processor.py:208} INFO - Processing /Users/francisayanbadejo/venvs_projects/my_proj/lib/python3.9/site-packages/airflow/example_dags/plugins/event_listener.py took 0.030 seconds
[2025-04-23T02:33:15.868+0100] {processor.py:186} INFO - Started process (PID=58235) to work on /Users/francisayanbadejo/venvs_projects/my_proj/lib/python3.9/site-packages/airflow/example_dags/plugins/event_listener.py
[2025-04-23T02:33:15.869+0100] {processor.py:914} INFO - Processing file /Users/francisayanbadejo/venvs_projects/my_proj/lib/python3.9/site-packages/airflow/example_dags/plugins/event_listener.py for tasks to queue
[2025-04-23T02:33:15.870+0100] {logging_mixin.py:190} INFO - [2025-04-23T02:33:15.870+0100] {dagbag.py:588} INFO - Filling up the DagBag from /Users/francisayanbadejo/venvs_projects/my_proj/lib/python3.9/site-packages/airflow/example_dags/plugins/event_listener.py
[2025-04-23T02:33:15.870+0100] {processor.py:927} WARNING - No viable dags retrieved from /Users/francisayanbadejo/venvs_projects/my_proj/lib/python3.9/site-packages/airflow/example_dags/plugins/event_listener.py
[2025-04-23T02:33:15.898+0100] {processor.py:208} INFO - Processing /Users/francisayanbadejo/venvs_projects/my_proj/lib/python3.9/site-packages/airflow/example_dags/plugins/event_listener.py took 0.031 seconds
[2025-04-23T02:33:58.264+0100] {processor.py:186} INFO - Started process (PID=58412) to work on /Users/francisayanbadejo/venvs_projects/my_proj/lib/python3.9/site-packages/airflow/example_dags/plugins/event_listener.py
[2025-04-23T02:33:58.265+0100] {processor.py:914} INFO - Processing file /Users/francisayanbadejo/venvs_projects/my_proj/lib/python3.9/site-packages/airflow/example_dags/plugins/event_listener.py for tasks to queue
[2025-04-23T02:33:58.266+0100] {logging_mixin.py:190} INFO - [2025-04-23T02:33:58.265+0100] {dagbag.py:588} INFO - Filling up the DagBag from /Users/francisayanbadejo/venvs_projects/my_proj/lib/python3.9/site-packages/airflow/example_dags/plugins/event_listener.py
[2025-04-23T02:33:58.266+0100] {processor.py:927} WARNING - No viable dags retrieved from /Users/francisayanbadejo/venvs_projects/my_proj/lib/python3.9/site-packages/airflow/example_dags/plugins/event_listener.py
[2025-04-23T02:33:58.294+0100] {processor.py:208} INFO - Processing /Users/francisayanbadejo/venvs_projects/my_proj/lib/python3.9/site-packages/airflow/example_dags/plugins/event_listener.py took 0.032 seconds
[2025-04-23T02:35:23.569+0100] {processor.py:186} INFO - Started process (PID=58555) to work on /Users/francisayanbadejo/venvs_projects/my_proj/lib/python3.9/site-packages/airflow/example_dags/plugins/event_listener.py
[2025-04-23T02:35:23.570+0100] {processor.py:914} INFO - Processing file /Users/francisayanbadejo/venvs_projects/my_proj/lib/python3.9/site-packages/airflow/example_dags/plugins/event_listener.py for tasks to queue
[2025-04-23T02:35:23.571+0100] {logging_mixin.py:190} INFO - [2025-04-23T02:35:23.571+0100] {dagbag.py:588} INFO - Filling up the DagBag from /Users/francisayanbadejo/venvs_projects/my_proj/lib/python3.9/site-packages/airflow/example_dags/plugins/event_listener.py
[2025-04-23T02:35:23.571+0100] {processor.py:927} WARNING - No viable dags retrieved from /Users/francisayanbadejo/venvs_projects/my_proj/lib/python3.9/site-packages/airflow/example_dags/plugins/event_listener.py
[2025-04-23T02:35:23.599+0100] {processor.py:208} INFO - Processing /Users/francisayanbadejo/venvs_projects/my_proj/lib/python3.9/site-packages/airflow/example_dags/plugins/event_listener.py took 0.031 seconds
[2025-04-23T02:36:17.500+0100] {processor.py:186} INFO - Started process (PID=58635) to work on /Users/francisayanbadejo/venvs_projects/my_proj/lib/python3.9/site-packages/airflow/example_dags/plugins/event_listener.py
[2025-04-23T02:36:17.501+0100] {processor.py:914} INFO - Processing file /Users/francisayanbadejo/venvs_projects/my_proj/lib/python3.9/site-packages/airflow/example_dags/plugins/event_listener.py for tasks to queue
[2025-04-23T02:36:17.502+0100] {logging_mixin.py:190} INFO - [2025-04-23T02:36:17.502+0100] {dagbag.py:588} INFO - Filling up the DagBag from /Users/francisayanbadejo/venvs_projects/my_proj/lib/python3.9/site-packages/airflow/example_dags/plugins/event_listener.py
[2025-04-23T02:36:17.503+0100] {processor.py:927} WARNING - No viable dags retrieved from /Users/francisayanbadejo/venvs_projects/my_proj/lib/python3.9/site-packages/airflow/example_dags/plugins/event_listener.py
[2025-04-23T02:36:17.533+0100] {processor.py:208} INFO - Processing /Users/francisayanbadejo/venvs_projects/my_proj/lib/python3.9/site-packages/airflow/example_dags/plugins/event_listener.py took 0.034 seconds
[2025-04-23T02:37:12.207+0100] {processor.py:186} INFO - Started process (PID=58724) to work on /Users/francisayanbadejo/venvs_projects/my_proj/lib/python3.9/site-packages/airflow/example_dags/plugins/event_listener.py
[2025-04-23T02:37:12.208+0100] {processor.py:914} INFO - Processing file /Users/francisayanbadejo/venvs_projects/my_proj/lib/python3.9/site-packages/airflow/example_dags/plugins/event_listener.py for tasks to queue
[2025-04-23T02:37:12.209+0100] {logging_mixin.py:190} INFO - [2025-04-23T02:37:12.209+0100] {dagbag.py:588} INFO - Filling up the DagBag from /Users/francisayanbadejo/venvs_projects/my_proj/lib/python3.9/site-packages/airflow/example_dags/plugins/event_listener.py
[2025-04-23T02:37:12.209+0100] {processor.py:927} WARNING - No viable dags retrieved from /Users/francisayanbadejo/venvs_projects/my_proj/lib/python3.9/site-packages/airflow/example_dags/plugins/event_listener.py
[2025-04-23T02:37:12.237+0100] {processor.py:208} INFO - Processing /Users/francisayanbadejo/venvs_projects/my_proj/lib/python3.9/site-packages/airflow/example_dags/plugins/event_listener.py took 0.032 seconds
[2025-04-23T02:38:05.901+0100] {processor.py:186} INFO - Started process (PID=58848) to work on /Users/francisayanbadejo/venvs_projects/my_proj/lib/python3.9/site-packages/airflow/example_dags/plugins/event_listener.py
[2025-04-23T02:38:05.902+0100] {processor.py:914} INFO - Processing file /Users/francisayanbadejo/venvs_projects/my_proj/lib/python3.9/site-packages/airflow/example_dags/plugins/event_listener.py for tasks to queue
[2025-04-23T02:38:05.903+0100] {logging_mixin.py:190} INFO - [2025-04-23T02:38:05.903+0100] {dagbag.py:588} INFO - Filling up the DagBag from /Users/francisayanbadejo/venvs_projects/my_proj/lib/python3.9/site-packages/airflow/example_dags/plugins/event_listener.py
[2025-04-23T02:38:05.903+0100] {processor.py:927} WARNING - No viable dags retrieved from /Users/francisayanbadejo/venvs_projects/my_proj/lib/python3.9/site-packages/airflow/example_dags/plugins/event_listener.py
[2025-04-23T02:38:05.933+0100] {processor.py:208} INFO - Processing /Users/francisayanbadejo/venvs_projects/my_proj/lib/python3.9/site-packages/airflow/example_dags/plugins/event_listener.py took 0.032 seconds
