[2025-04-23T03:40:48.720+0100] {processor.py:186} INFO - Started process (PID=63332) to work on /Users/francisayanbadejo/venvs_projects/my_proj/lib/python3.9/site-packages/airflow/example_dags/plugins/listener_plugin.py
[2025-04-23T03:40:48.721+0100] {processor.py:914} INFO - Processing file /Users/francisayanbadejo/venvs_projects/my_proj/lib/python3.9/site-packages/airflow/example_dags/plugins/listener_plugin.py for tasks to queue
[2025-04-23T03:40:48.722+0100] {logging_mixin.py:190} INFO - [2025-04-23T03:40:48.722+0100] {dagbag.py:588} INFO - Filling up the DagBag from /Users/francisayanbadejo/venvs_projects/my_proj/lib/python3.9/site-packages/airflow/example_dags/plugins/listener_plugin.py
[2025-04-23T03:40:48.724+0100] {processor.py:927} WARNING - No viable dags retrieved from /Users/francisayanbadejo/venvs_projects/my_proj/lib/python3.9/site-packages/airflow/example_dags/plugins/listener_plugin.py
[2025-04-23T03:40:48.756+0100] {processor.py:208} INFO - Processing /Users/francisayanbadejo/venvs_projects/my_proj/lib/python3.9/site-packages/airflow/example_dags/plugins/listener_plugin.py took 0.038 seconds
[2025-04-23T03:44:13.148+0100] {processor.py:186} INFO - Started process (PID=64248) to work on /Users/francisayanbadejo/venvs_projects/my_proj/lib/python3.9/site-packages/airflow/example_dags/plugins/listener_plugin.py
[2025-04-23T03:44:13.149+0100] {processor.py:914} INFO - Processing file /Users/francisayanbadejo/venvs_projects/my_proj/lib/python3.9/site-packages/airflow/example_dags/plugins/listener_plugin.py for tasks to queue
[2025-04-23T03:44:13.150+0100] {logging_mixin.py:190} INFO - [2025-04-23T03:44:13.150+0100] {dagbag.py:588} INFO - Filling up the DagBag from /Users/francisayanbadejo/venvs_projects/my_proj/lib/python3.9/site-packages/airflow/example_dags/plugins/listener_plugin.py
[2025-04-23T03:44:13.150+0100] {processor.py:927} WARNING - No viable dags retrieved from /Users/francisayanbadejo/venvs_projects/my_proj/lib/python3.9/site-packages/airflow/example_dags/plugins/listener_plugin.py
[2025-04-23T03:44:13.179+0100] {processor.py:208} INFO - Processing /Users/francisayanbadejo/venvs_projects/my_proj/lib/python3.9/site-packages/airflow/example_dags/plugins/listener_plugin.py took 0.033 seconds
[2025-04-23T03:45:40.238+0100] {processor.py:186} INFO - Started process (PID=64433) to work on /Users/francisayanbadejo/venvs_projects/my_proj/lib/python3.9/site-packages/airflow/example_dags/plugins/listener_plugin.py
[2025-04-23T03:45:40.239+0100] {processor.py:914} INFO - Processing file /Users/francisayanbadejo/venvs_projects/my_proj/lib/python3.9/site-packages/airflow/example_dags/plugins/listener_plugin.py for tasks to queue
[2025-04-23T03:45:40.240+0100] {logging_mixin.py:190} INFO - [2025-04-23T03:45:40.240+0100] {dagbag.py:588} INFO - Filling up the DagBag from /Users/francisayanbadejo/venvs_projects/my_proj/lib/python3.9/site-packages/airflow/example_dags/plugins/listener_plugin.py
[2025-04-23T03:45:40.241+0100] {processor.py:927} WARNING - No viable dags retrieved from /Users/francisayanbadejo/venvs_projects/my_proj/lib/python3.9/site-packages/airflow/example_dags/plugins/listener_plugin.py
[2025-04-23T03:45:40.269+0100] {processor.py:208} INFO - Processing /Users/francisayanbadejo/venvs_projects/my_proj/lib/python3.9/site-packages/airflow/example_dags/plugins/listener_plugin.py took 0.032 seconds
[2025-04-23T03:46:38.229+0100] {processor.py:186} INFO - Started process (PID=64561) to work on /Users/francisayanbadejo/venvs_projects/my_proj/lib/python3.9/site-packages/airflow/example_dags/plugins/listener_plugin.py
[2025-04-23T03:46:38.230+0100] {processor.py:914} INFO - Processing file /Users/francisayanbadejo/venvs_projects/my_proj/lib/python3.9/site-packages/airflow/example_dags/plugins/listener_plugin.py for tasks to queue
[2025-04-23T03:46:38.230+0100] {logging_mixin.py:190} INFO - [2025-04-23T03:46:38.230+0100] {dagbag.py:588} INFO - Filling up the DagBag from /Users/francisayanbadejo/venvs_projects/my_proj/lib/python3.9/site-packages/airflow/example_dags/plugins/listener_plugin.py
[2025-04-23T03:46:38.231+0100] {processor.py:927} WARNING - No viable dags retrieved from /Users/francisayanbadejo/venvs_projects/my_proj/lib/python3.9/site-packages/airflow/example_dags/plugins/listener_plugin.py
[2025-04-23T03:46:38.259+0100] {processor.py:208} INFO - Processing /Users/francisayanbadejo/venvs_projects/my_proj/lib/python3.9/site-packages/airflow/example_dags/plugins/listener_plugin.py took 0.032 seconds
[2025-04-23T03:47:31.357+0100] {processor.py:186} INFO - Started process (PID=64679) to work on /Users/francisayanbadejo/venvs_projects/my_proj/lib/python3.9/site-packages/airflow/example_dags/plugins/listener_plugin.py
[2025-04-23T03:47:31.358+0100] {processor.py:914} INFO - Processing file /Users/francisayanbadejo/venvs_projects/my_proj/lib/python3.9/site-packages/airflow/example_dags/plugins/listener_plugin.py for tasks to queue
[2025-04-23T03:47:31.358+0100] {logging_mixin.py:190} INFO - [2025-04-23T03:47:31.358+0100] {dagbag.py:588} INFO - Filling up the DagBag from /Users/francisayanbadejo/venvs_projects/my_proj/lib/python3.9/site-packages/airflow/example_dags/plugins/listener_plugin.py
[2025-04-23T03:47:31.359+0100] {processor.py:927} WARNING - No viable dags retrieved from /Users/francisayanbadejo/venvs_projects/my_proj/lib/python3.9/site-packages/airflow/example_dags/plugins/listener_plugin.py
[2025-04-23T03:47:31.391+0100] {processor.py:208} INFO - Processing /Users/francisayanbadejo/venvs_projects/my_proj/lib/python3.9/site-packages/airflow/example_dags/plugins/listener_plugin.py took 0.035 seconds
[2025-04-23T03:48:26.394+0100] {processor.py:186} INFO - Started process (PID=64802) to work on /Users/francisayanbadejo/venvs_projects/my_proj/lib/python3.9/site-packages/airflow/example_dags/plugins/listener_plugin.py
[2025-04-23T03:48:26.395+0100] {processor.py:914} INFO - Processing file /Users/francisayanbadejo/venvs_projects/my_proj/lib/python3.9/site-packages/airflow/example_dags/plugins/listener_plugin.py for tasks to queue
[2025-04-23T03:48:26.396+0100] {logging_mixin.py:190} INFO - [2025-04-23T03:48:26.396+0100] {dagbag.py:588} INFO - Filling up the DagBag from /Users/francisayanbadejo/venvs_projects/my_proj/lib/python3.9/site-packages/airflow/example_dags/plugins/listener_plugin.py
[2025-04-23T03:48:26.397+0100] {processor.py:927} WARNING - No viable dags retrieved from /Users/francisayanbadejo/venvs_projects/my_proj/lib/python3.9/site-packages/airflow/example_dags/plugins/listener_plugin.py
[2025-04-23T03:48:26.426+0100] {processor.py:208} INFO - Processing /Users/francisayanbadejo/venvs_projects/my_proj/lib/python3.9/site-packages/airflow/example_dags/plugins/listener_plugin.py took 0.033 seconds
[2025-04-23T03:49:21.979+0100] {processor.py:186} INFO - Started process (PID=64925) to work on /Users/francisayanbadejo/venvs_projects/my_proj/lib/python3.9/site-packages/airflow/example_dags/plugins/listener_plugin.py
[2025-04-23T03:49:21.980+0100] {processor.py:914} INFO - Processing file /Users/francisayanbadejo/venvs_projects/my_proj/lib/python3.9/site-packages/airflow/example_dags/plugins/listener_plugin.py for tasks to queue
[2025-04-23T03:49:21.981+0100] {logging_mixin.py:190} INFO - [2025-04-23T03:49:21.981+0100] {dagbag.py:588} INFO - Filling up the DagBag from /Users/francisayanbadejo/venvs_projects/my_proj/lib/python3.9/site-packages/airflow/example_dags/plugins/listener_plugin.py
[2025-04-23T03:49:21.982+0100] {processor.py:927} WARNING - No viable dags retrieved from /Users/francisayanbadejo/venvs_projects/my_proj/lib/python3.9/site-packages/airflow/example_dags/plugins/listener_plugin.py
[2025-04-23T03:49:22.013+0100] {processor.py:208} INFO - Processing /Users/francisayanbadejo/venvs_projects/my_proj/lib/python3.9/site-packages/airflow/example_dags/plugins/listener_plugin.py took 0.035 seconds
[2025-04-23T03:50:17.730+0100] {processor.py:186} INFO - Started process (PID=65045) to work on /Users/francisayanbadejo/venvs_projects/my_proj/lib/python3.9/site-packages/airflow/example_dags/plugins/listener_plugin.py
[2025-04-23T03:50:17.731+0100] {processor.py:914} INFO - Processing file /Users/francisayanbadejo/venvs_projects/my_proj/lib/python3.9/site-packages/airflow/example_dags/plugins/listener_plugin.py for tasks to queue
[2025-04-23T03:50:17.732+0100] {logging_mixin.py:190} INFO - [2025-04-23T03:50:17.732+0100] {dagbag.py:588} INFO - Filling up the DagBag from /Users/francisayanbadejo/venvs_projects/my_proj/lib/python3.9/site-packages/airflow/example_dags/plugins/listener_plugin.py
[2025-04-23T03:50:17.733+0100] {processor.py:927} WARNING - No viable dags retrieved from /Users/francisayanbadejo/venvs_projects/my_proj/lib/python3.9/site-packages/airflow/example_dags/plugins/listener_plugin.py
[2025-04-23T03:50:17.761+0100] {processor.py:208} INFO - Processing /Users/francisayanbadejo/venvs_projects/my_proj/lib/python3.9/site-packages/airflow/example_dags/plugins/listener_plugin.py took 0.033 seconds
[2025-04-23T03:51:12.233+0100] {processor.py:186} INFO - Started process (PID=65167) to work on /Users/francisayanbadejo/venvs_projects/my_proj/lib/python3.9/site-packages/airflow/example_dags/plugins/listener_plugin.py
[2025-04-23T03:51:12.234+0100] {processor.py:914} INFO - Processing file /Users/francisayanbadejo/venvs_projects/my_proj/lib/python3.9/site-packages/airflow/example_dags/plugins/listener_plugin.py for tasks to queue
[2025-04-23T03:51:12.235+0100] {logging_mixin.py:190} INFO - [2025-04-23T03:51:12.234+0100] {dagbag.py:588} INFO - Filling up the DagBag from /Users/francisayanbadejo/venvs_projects/my_proj/lib/python3.9/site-packages/airflow/example_dags/plugins/listener_plugin.py
[2025-04-23T03:51:12.235+0100] {processor.py:927} WARNING - No viable dags retrieved from /Users/francisayanbadejo/venvs_projects/my_proj/lib/python3.9/site-packages/airflow/example_dags/plugins/listener_plugin.py
[2025-04-23T03:51:12.263+0100] {processor.py:208} INFO - Processing /Users/francisayanbadejo/venvs_projects/my_proj/lib/python3.9/site-packages/airflow/example_dags/plugins/listener_plugin.py took 0.031 seconds
[2025-04-23T03:52:11.186+0100] {processor.py:186} INFO - Started process (PID=65298) to work on /Users/francisayanbadejo/venvs_projects/my_proj/lib/python3.9/site-packages/airflow/example_dags/plugins/listener_plugin.py
[2025-04-23T03:52:11.187+0100] {processor.py:914} INFO - Processing file /Users/francisayanbadejo/venvs_projects/my_proj/lib/python3.9/site-packages/airflow/example_dags/plugins/listener_plugin.py for tasks to queue
[2025-04-23T03:52:11.188+0100] {logging_mixin.py:190} INFO - [2025-04-23T03:52:11.188+0100] {dagbag.py:588} INFO - Filling up the DagBag from /Users/francisayanbadejo/venvs_projects/my_proj/lib/python3.9/site-packages/airflow/example_dags/plugins/listener_plugin.py
[2025-04-23T03:52:11.189+0100] {processor.py:927} WARNING - No viable dags retrieved from /Users/francisayanbadejo/venvs_projects/my_proj/lib/python3.9/site-packages/airflow/example_dags/plugins/listener_plugin.py
[2025-04-23T03:52:11.219+0100] {processor.py:208} INFO - Processing /Users/francisayanbadejo/venvs_projects/my_proj/lib/python3.9/site-packages/airflow/example_dags/plugins/listener_plugin.py took 0.033 seconds
[2025-04-23T03:53:09.500+0100] {processor.py:186} INFO - Started process (PID=65424) to work on /Users/francisayanbadejo/venvs_projects/my_proj/lib/python3.9/site-packages/airflow/example_dags/plugins/listener_plugin.py
[2025-04-23T03:53:09.502+0100] {processor.py:914} INFO - Processing file /Users/francisayanbadejo/venvs_projects/my_proj/lib/python3.9/site-packages/airflow/example_dags/plugins/listener_plugin.py for tasks to queue
[2025-04-23T03:53:09.502+0100] {logging_mixin.py:190} INFO - [2025-04-23T03:53:09.502+0100] {dagbag.py:588} INFO - Filling up the DagBag from /Users/francisayanbadejo/venvs_projects/my_proj/lib/python3.9/site-packages/airflow/example_dags/plugins/listener_plugin.py
[2025-04-23T03:53:09.503+0100] {processor.py:927} WARNING - No viable dags retrieved from /Users/francisayanbadejo/venvs_projects/my_proj/lib/python3.9/site-packages/airflow/example_dags/plugins/listener_plugin.py
[2025-04-23T03:53:09.532+0100] {processor.py:208} INFO - Processing /Users/francisayanbadejo/venvs_projects/my_proj/lib/python3.9/site-packages/airflow/example_dags/plugins/listener_plugin.py took 0.033 seconds
[2025-04-23T03:54:07.236+0100] {processor.py:186} INFO - Started process (PID=65553) to work on /Users/francisayanbadejo/venvs_projects/my_proj/lib/python3.9/site-packages/airflow/example_dags/plugins/listener_plugin.py
[2025-04-23T03:54:07.237+0100] {processor.py:914} INFO - Processing file /Users/francisayanbadejo/venvs_projects/my_proj/lib/python3.9/site-packages/airflow/example_dags/plugins/listener_plugin.py for tasks to queue
[2025-04-23T03:54:07.237+0100] {logging_mixin.py:190} INFO - [2025-04-23T03:54:07.237+0100] {dagbag.py:588} INFO - Filling up the DagBag from /Users/francisayanbadejo/venvs_projects/my_proj/lib/python3.9/site-packages/airflow/example_dags/plugins/listener_plugin.py
[2025-04-23T03:54:07.239+0100] {processor.py:927} WARNING - No viable dags retrieved from /Users/francisayanbadejo/venvs_projects/my_proj/lib/python3.9/site-packages/airflow/example_dags/plugins/listener_plugin.py
[2025-04-23T03:54:07.268+0100] {processor.py:208} INFO - Processing /Users/francisayanbadejo/venvs_projects/my_proj/lib/python3.9/site-packages/airflow/example_dags/plugins/listener_plugin.py took 0.034 seconds
[2025-04-23T03:55:07.415+0100] {processor.py:186} INFO - Started process (PID=65683) to work on /Users/francisayanbadejo/venvs_projects/my_proj/lib/python3.9/site-packages/airflow/example_dags/plugins/listener_plugin.py
[2025-04-23T03:55:07.417+0100] {processor.py:914} INFO - Processing file /Users/francisayanbadejo/venvs_projects/my_proj/lib/python3.9/site-packages/airflow/example_dags/plugins/listener_plugin.py for tasks to queue
[2025-04-23T03:55:07.417+0100] {logging_mixin.py:190} INFO - [2025-04-23T03:55:07.417+0100] {dagbag.py:588} INFO - Filling up the DagBag from /Users/francisayanbadejo/venvs_projects/my_proj/lib/python3.9/site-packages/airflow/example_dags/plugins/listener_plugin.py
[2025-04-23T03:55:07.419+0100] {processor.py:927} WARNING - No viable dags retrieved from /Users/francisayanbadejo/venvs_projects/my_proj/lib/python3.9/site-packages/airflow/example_dags/plugins/listener_plugin.py
[2025-04-23T03:55:07.450+0100] {processor.py:208} INFO - Processing /Users/francisayanbadejo/venvs_projects/my_proj/lib/python3.9/site-packages/airflow/example_dags/plugins/listener_plugin.py took 0.036 seconds
[2025-04-23T03:56:07.138+0100] {processor.py:186} INFO - Started process (PID=65806) to work on /Users/francisayanbadejo/venvs_projects/my_proj/lib/python3.9/site-packages/airflow/example_dags/plugins/listener_plugin.py
[2025-04-23T03:56:07.139+0100] {processor.py:914} INFO - Processing file /Users/francisayanbadejo/venvs_projects/my_proj/lib/python3.9/site-packages/airflow/example_dags/plugins/listener_plugin.py for tasks to queue
[2025-04-23T03:56:07.140+0100] {logging_mixin.py:190} INFO - [2025-04-23T03:56:07.140+0100] {dagbag.py:588} INFO - Filling up the DagBag from /Users/francisayanbadejo/venvs_projects/my_proj/lib/python3.9/site-packages/airflow/example_dags/plugins/listener_plugin.py
[2025-04-23T03:56:07.141+0100] {processor.py:927} WARNING - No viable dags retrieved from /Users/francisayanbadejo/venvs_projects/my_proj/lib/python3.9/site-packages/airflow/example_dags/plugins/listener_plugin.py
[2025-04-23T03:56:07.170+0100] {processor.py:208} INFO - Processing /Users/francisayanbadejo/venvs_projects/my_proj/lib/python3.9/site-packages/airflow/example_dags/plugins/listener_plugin.py took 0.033 seconds
[2025-04-23T03:57:05.471+0100] {processor.py:186} INFO - Started process (PID=65934) to work on /Users/francisayanbadejo/venvs_projects/my_proj/lib/python3.9/site-packages/airflow/example_dags/plugins/listener_plugin.py
[2025-04-23T03:57:05.472+0100] {processor.py:914} INFO - Processing file /Users/francisayanbadejo/venvs_projects/my_proj/lib/python3.9/site-packages/airflow/example_dags/plugins/listener_plugin.py for tasks to queue
[2025-04-23T03:57:05.473+0100] {logging_mixin.py:190} INFO - [2025-04-23T03:57:05.473+0100] {dagbag.py:588} INFO - Filling up the DagBag from /Users/francisayanbadejo/venvs_projects/my_proj/lib/python3.9/site-packages/airflow/example_dags/plugins/listener_plugin.py
[2025-04-23T03:57:05.474+0100] {processor.py:927} WARNING - No viable dags retrieved from /Users/francisayanbadejo/venvs_projects/my_proj/lib/python3.9/site-packages/airflow/example_dags/plugins/listener_plugin.py
[2025-04-23T03:57:05.504+0100] {processor.py:208} INFO - Processing /Users/francisayanbadejo/venvs_projects/my_proj/lib/python3.9/site-packages/airflow/example_dags/plugins/listener_plugin.py took 0.035 seconds
[2025-04-23T03:58:03.606+0100] {processor.py:186} INFO - Started process (PID=66060) to work on /Users/francisayanbadejo/venvs_projects/my_proj/lib/python3.9/site-packages/airflow/example_dags/plugins/listener_plugin.py
[2025-04-23T03:58:03.607+0100] {processor.py:914} INFO - Processing file /Users/francisayanbadejo/venvs_projects/my_proj/lib/python3.9/site-packages/airflow/example_dags/plugins/listener_plugin.py for tasks to queue
[2025-04-23T03:58:03.608+0100] {logging_mixin.py:190} INFO - [2025-04-23T03:58:03.608+0100] {dagbag.py:588} INFO - Filling up the DagBag from /Users/francisayanbadejo/venvs_projects/my_proj/lib/python3.9/site-packages/airflow/example_dags/plugins/listener_plugin.py
[2025-04-23T03:58:03.609+0100] {processor.py:927} WARNING - No viable dags retrieved from /Users/francisayanbadejo/venvs_projects/my_proj/lib/python3.9/site-packages/airflow/example_dags/plugins/listener_plugin.py
[2025-04-23T03:58:03.641+0100] {processor.py:208} INFO - Processing /Users/francisayanbadejo/venvs_projects/my_proj/lib/python3.9/site-packages/airflow/example_dags/plugins/listener_plugin.py took 0.036 seconds
[2025-04-23T03:59:08.691+0100] {processor.py:186} INFO - Started process (PID=66166) to work on /Users/francisayanbadejo/venvs_projects/my_proj/lib/python3.9/site-packages/airflow/example_dags/plugins/listener_plugin.py
[2025-04-23T03:59:08.692+0100] {processor.py:914} INFO - Processing file /Users/francisayanbadejo/venvs_projects/my_proj/lib/python3.9/site-packages/airflow/example_dags/plugins/listener_plugin.py for tasks to queue
[2025-04-23T03:59:08.692+0100] {logging_mixin.py:190} INFO - [2025-04-23T03:59:08.692+0100] {dagbag.py:588} INFO - Filling up the DagBag from /Users/francisayanbadejo/venvs_projects/my_proj/lib/python3.9/site-packages/airflow/example_dags/plugins/listener_plugin.py
[2025-04-23T03:59:08.693+0100] {processor.py:927} WARNING - No viable dags retrieved from /Users/francisayanbadejo/venvs_projects/my_proj/lib/python3.9/site-packages/airflow/example_dags/plugins/listener_plugin.py
[2025-04-23T03:59:08.727+0100] {processor.py:208} INFO - Processing /Users/francisayanbadejo/venvs_projects/my_proj/lib/python3.9/site-packages/airflow/example_dags/plugins/listener_plugin.py took 0.038 seconds
[2025-04-23T04:00:16.243+0100] {processor.py:186} INFO - Started process (PID=66277) to work on /Users/francisayanbadejo/venvs_projects/my_proj/lib/python3.9/site-packages/airflow/example_dags/plugins/listener_plugin.py
[2025-04-23T04:00:16.244+0100] {processor.py:914} INFO - Processing file /Users/francisayanbadejo/venvs_projects/my_proj/lib/python3.9/site-packages/airflow/example_dags/plugins/listener_plugin.py for tasks to queue
[2025-04-23T04:00:16.244+0100] {logging_mixin.py:190} INFO - [2025-04-23T04:00:16.244+0100] {dagbag.py:588} INFO - Filling up the DagBag from /Users/francisayanbadejo/venvs_projects/my_proj/lib/python3.9/site-packages/airflow/example_dags/plugins/listener_plugin.py
[2025-04-23T04:00:16.244+0100] {processor.py:927} WARNING - No viable dags retrieved from /Users/francisayanbadejo/venvs_projects/my_proj/lib/python3.9/site-packages/airflow/example_dags/plugins/listener_plugin.py
[2025-04-23T04:00:16.274+0100] {processor.py:208} INFO - Processing /Users/francisayanbadejo/venvs_projects/my_proj/lib/python3.9/site-packages/airflow/example_dags/plugins/listener_plugin.py took 0.033 seconds
[2025-04-23T04:01:15.260+0100] {processor.py:186} INFO - Started process (PID=66389) to work on /Users/francisayanbadejo/venvs_projects/my_proj/lib/python3.9/site-packages/airflow/example_dags/plugins/listener_plugin.py
[2025-04-23T04:01:15.260+0100] {processor.py:914} INFO - Processing file /Users/francisayanbadejo/venvs_projects/my_proj/lib/python3.9/site-packages/airflow/example_dags/plugins/listener_plugin.py for tasks to queue
[2025-04-23T04:01:15.261+0100] {logging_mixin.py:190} INFO - [2025-04-23T04:01:15.261+0100] {dagbag.py:588} INFO - Filling up the DagBag from /Users/francisayanbadejo/venvs_projects/my_proj/lib/python3.9/site-packages/airflow/example_dags/plugins/listener_plugin.py
[2025-04-23T04:01:15.262+0100] {processor.py:927} WARNING - No viable dags retrieved from /Users/francisayanbadejo/venvs_projects/my_proj/lib/python3.9/site-packages/airflow/example_dags/plugins/listener_plugin.py
[2025-04-23T04:01:15.292+0100] {processor.py:208} INFO - Processing /Users/francisayanbadejo/venvs_projects/my_proj/lib/python3.9/site-packages/airflow/example_dags/plugins/listener_plugin.py took 0.033 seconds
[2025-04-23T04:02:10.044+0100] {processor.py:186} INFO - Started process (PID=66488) to work on /Users/francisayanbadejo/venvs_projects/my_proj/lib/python3.9/site-packages/airflow/example_dags/plugins/listener_plugin.py
[2025-04-23T04:02:10.044+0100] {processor.py:914} INFO - Processing file /Users/francisayanbadejo/venvs_projects/my_proj/lib/python3.9/site-packages/airflow/example_dags/plugins/listener_plugin.py for tasks to queue
[2025-04-23T04:02:10.045+0100] {logging_mixin.py:190} INFO - [2025-04-23T04:02:10.045+0100] {dagbag.py:588} INFO - Filling up the DagBag from /Users/francisayanbadejo/venvs_projects/my_proj/lib/python3.9/site-packages/airflow/example_dags/plugins/listener_plugin.py
[2025-04-23T04:02:10.045+0100] {processor.py:927} WARNING - No viable dags retrieved from /Users/francisayanbadejo/venvs_projects/my_proj/lib/python3.9/site-packages/airflow/example_dags/plugins/listener_plugin.py
[2025-04-23T04:02:10.074+0100] {processor.py:208} INFO - Processing /Users/francisayanbadejo/venvs_projects/my_proj/lib/python3.9/site-packages/airflow/example_dags/plugins/listener_plugin.py took 0.031 seconds
[2025-04-23T04:03:06.024+0100] {processor.py:186} INFO - Started process (PID=66587) to work on /Users/francisayanbadejo/venvs_projects/my_proj/lib/python3.9/site-packages/airflow/example_dags/plugins/listener_plugin.py
[2025-04-23T04:03:06.024+0100] {processor.py:914} INFO - Processing file /Users/francisayanbadejo/venvs_projects/my_proj/lib/python3.9/site-packages/airflow/example_dags/plugins/listener_plugin.py for tasks to queue
[2025-04-23T04:03:06.024+0100] {logging_mixin.py:190} INFO - [2025-04-23T04:03:06.024+0100] {dagbag.py:588} INFO - Filling up the DagBag from /Users/francisayanbadejo/venvs_projects/my_proj/lib/python3.9/site-packages/airflow/example_dags/plugins/listener_plugin.py
[2025-04-23T04:03:06.025+0100] {processor.py:927} WARNING - No viable dags retrieved from /Users/francisayanbadejo/venvs_projects/my_proj/lib/python3.9/site-packages/airflow/example_dags/plugins/listener_plugin.py
[2025-04-23T04:03:06.054+0100] {processor.py:208} INFO - Processing /Users/francisayanbadejo/venvs_projects/my_proj/lib/python3.9/site-packages/airflow/example_dags/plugins/listener_plugin.py took 0.032 seconds
[2025-04-23T04:04:03.543+0100] {processor.py:186} INFO - Started process (PID=66731) to work on /Users/francisayanbadejo/venvs_projects/my_proj/lib/python3.9/site-packages/airflow/example_dags/plugins/listener_plugin.py
[2025-04-23T04:04:03.544+0100] {processor.py:914} INFO - Processing file /Users/francisayanbadejo/venvs_projects/my_proj/lib/python3.9/site-packages/airflow/example_dags/plugins/listener_plugin.py for tasks to queue
[2025-04-23T04:04:03.544+0100] {logging_mixin.py:190} INFO - [2025-04-23T04:04:03.544+0100] {dagbag.py:588} INFO - Filling up the DagBag from /Users/francisayanbadejo/venvs_projects/my_proj/lib/python3.9/site-packages/airflow/example_dags/plugins/listener_plugin.py
[2025-04-23T04:04:03.545+0100] {processor.py:927} WARNING - No viable dags retrieved from /Users/francisayanbadejo/venvs_projects/my_proj/lib/python3.9/site-packages/airflow/example_dags/plugins/listener_plugin.py
[2025-04-23T04:04:03.575+0100] {processor.py:208} INFO - Processing /Users/francisayanbadejo/venvs_projects/my_proj/lib/python3.9/site-packages/airflow/example_dags/plugins/listener_plugin.py took 0.033 seconds
[2025-04-23T04:05:03.364+0100] {processor.py:186} INFO - Started process (PID=66845) to work on /Users/francisayanbadejo/venvs_projects/my_proj/lib/python3.9/site-packages/airflow/example_dags/plugins/listener_plugin.py
[2025-04-23T04:05:03.364+0100] {processor.py:914} INFO - Processing file /Users/francisayanbadejo/venvs_projects/my_proj/lib/python3.9/site-packages/airflow/example_dags/plugins/listener_plugin.py for tasks to queue
[2025-04-23T04:05:03.365+0100] {logging_mixin.py:190} INFO - [2025-04-23T04:05:03.365+0100] {dagbag.py:588} INFO - Filling up the DagBag from /Users/francisayanbadejo/venvs_projects/my_proj/lib/python3.9/site-packages/airflow/example_dags/plugins/listener_plugin.py
[2025-04-23T04:05:03.366+0100] {processor.py:927} WARNING - No viable dags retrieved from /Users/francisayanbadejo/venvs_projects/my_proj/lib/python3.9/site-packages/airflow/example_dags/plugins/listener_plugin.py
[2025-04-23T04:05:03.398+0100] {processor.py:208} INFO - Processing /Users/francisayanbadejo/venvs_projects/my_proj/lib/python3.9/site-packages/airflow/example_dags/plugins/listener_plugin.py took 0.035 seconds
[2025-04-23T04:06:07.151+0100] {processor.py:186} INFO - Started process (PID=66950) to work on /Users/francisayanbadejo/venvs_projects/my_proj/lib/python3.9/site-packages/airflow/example_dags/plugins/listener_plugin.py
[2025-04-23T04:06:07.152+0100] {processor.py:914} INFO - Processing file /Users/francisayanbadejo/venvs_projects/my_proj/lib/python3.9/site-packages/airflow/example_dags/plugins/listener_plugin.py for tasks to queue
[2025-04-23T04:06:07.152+0100] {logging_mixin.py:190} INFO - [2025-04-23T04:06:07.152+0100] {dagbag.py:588} INFO - Filling up the DagBag from /Users/francisayanbadejo/venvs_projects/my_proj/lib/python3.9/site-packages/airflow/example_dags/plugins/listener_plugin.py
[2025-04-23T04:06:07.153+0100] {processor.py:927} WARNING - No viable dags retrieved from /Users/francisayanbadejo/venvs_projects/my_proj/lib/python3.9/site-packages/airflow/example_dags/plugins/listener_plugin.py
[2025-04-23T04:06:07.181+0100] {processor.py:208} INFO - Processing /Users/francisayanbadejo/venvs_projects/my_proj/lib/python3.9/site-packages/airflow/example_dags/plugins/listener_plugin.py took 0.032 seconds
[2025-04-23T04:06:59.647+0100] {processor.py:186} INFO - Started process (PID=67069) to work on /Users/francisayanbadejo/venvs_projects/my_proj/lib/python3.9/site-packages/airflow/example_dags/plugins/listener_plugin.py
[2025-04-23T04:06:59.648+0100] {processor.py:914} INFO - Processing file /Users/francisayanbadejo/venvs_projects/my_proj/lib/python3.9/site-packages/airflow/example_dags/plugins/listener_plugin.py for tasks to queue
[2025-04-23T04:06:59.648+0100] {logging_mixin.py:190} INFO - [2025-04-23T04:06:59.648+0100] {dagbag.py:588} INFO - Filling up the DagBag from /Users/francisayanbadejo/venvs_projects/my_proj/lib/python3.9/site-packages/airflow/example_dags/plugins/listener_plugin.py
[2025-04-23T04:06:59.650+0100] {processor.py:927} WARNING - No viable dags retrieved from /Users/francisayanbadejo/venvs_projects/my_proj/lib/python3.9/site-packages/airflow/example_dags/plugins/listener_plugin.py
[2025-04-23T04:06:59.678+0100] {processor.py:208} INFO - Processing /Users/francisayanbadejo/venvs_projects/my_proj/lib/python3.9/site-packages/airflow/example_dags/plugins/listener_plugin.py took 0.033 seconds
[2025-04-23T04:18:19.506+0100] {processor.py:186} INFO - Started process (PID=68892) to work on /Users/francisayanbadejo/venvs_projects/my_proj/lib/python3.9/site-packages/airflow/example_dags/plugins/listener_plugin.py
[2025-04-23T04:18:19.507+0100] {processor.py:914} INFO - Processing file /Users/francisayanbadejo/venvs_projects/my_proj/lib/python3.9/site-packages/airflow/example_dags/plugins/listener_plugin.py for tasks to queue
[2025-04-23T04:18:19.508+0100] {logging_mixin.py:190} INFO - [2025-04-23T04:18:19.508+0100] {dagbag.py:588} INFO - Filling up the DagBag from /Users/francisayanbadejo/venvs_projects/my_proj/lib/python3.9/site-packages/airflow/example_dags/plugins/listener_plugin.py
[2025-04-23T04:18:19.509+0100] {processor.py:927} WARNING - No viable dags retrieved from /Users/francisayanbadejo/venvs_projects/my_proj/lib/python3.9/site-packages/airflow/example_dags/plugins/listener_plugin.py
[2025-04-23T04:18:19.538+0100] {processor.py:208} INFO - Processing /Users/francisayanbadejo/venvs_projects/my_proj/lib/python3.9/site-packages/airflow/example_dags/plugins/listener_plugin.py took 0.034 seconds
[2025-04-23T04:19:44.405+0100] {processor.py:186} INFO - Started process (PID=69039) to work on /Users/francisayanbadejo/venvs_projects/my_proj/lib/python3.9/site-packages/airflow/example_dags/plugins/listener_plugin.py
[2025-04-23T04:19:44.406+0100] {processor.py:914} INFO - Processing file /Users/francisayanbadejo/venvs_projects/my_proj/lib/python3.9/site-packages/airflow/example_dags/plugins/listener_plugin.py for tasks to queue
[2025-04-23T04:19:44.407+0100] {logging_mixin.py:190} INFO - [2025-04-23T04:19:44.407+0100] {dagbag.py:588} INFO - Filling up the DagBag from /Users/francisayanbadejo/venvs_projects/my_proj/lib/python3.9/site-packages/airflow/example_dags/plugins/listener_plugin.py
[2025-04-23T04:19:44.408+0100] {processor.py:927} WARNING - No viable dags retrieved from /Users/francisayanbadejo/venvs_projects/my_proj/lib/python3.9/site-packages/airflow/example_dags/plugins/listener_plugin.py
[2025-04-23T04:19:44.437+0100] {processor.py:208} INFO - Processing /Users/francisayanbadejo/venvs_projects/my_proj/lib/python3.9/site-packages/airflow/example_dags/plugins/listener_plugin.py took 0.033 seconds
[2025-04-23T04:21:01.050+0100] {processor.py:186} INFO - Started process (PID=69461) to work on /Users/francisayanbadejo/venvs_projects/my_proj/lib/python3.9/site-packages/airflow/example_dags/plugins/listener_plugin.py
[2025-04-23T04:21:01.051+0100] {processor.py:914} INFO - Processing file /Users/francisayanbadejo/venvs_projects/my_proj/lib/python3.9/site-packages/airflow/example_dags/plugins/listener_plugin.py for tasks to queue
[2025-04-23T04:21:01.052+0100] {logging_mixin.py:190} INFO - [2025-04-23T04:21:01.052+0100] {dagbag.py:588} INFO - Filling up the DagBag from /Users/francisayanbadejo/venvs_projects/my_proj/lib/python3.9/site-packages/airflow/example_dags/plugins/listener_plugin.py
[2025-04-23T04:21:01.053+0100] {processor.py:927} WARNING - No viable dags retrieved from /Users/francisayanbadejo/venvs_projects/my_proj/lib/python3.9/site-packages/airflow/example_dags/plugins/listener_plugin.py
[2025-04-23T04:21:01.081+0100] {processor.py:208} INFO - Processing /Users/francisayanbadejo/venvs_projects/my_proj/lib/python3.9/site-packages/airflow/example_dags/plugins/listener_plugin.py took 0.032 seconds
[2025-04-23T04:22:28.506+0100] {processor.py:186} INFO - Started process (PID=69637) to work on /Users/francisayanbadejo/venvs_projects/my_proj/lib/python3.9/site-packages/airflow/example_dags/plugins/listener_plugin.py
[2025-04-23T04:22:28.507+0100] {processor.py:914} INFO - Processing file /Users/francisayanbadejo/venvs_projects/my_proj/lib/python3.9/site-packages/airflow/example_dags/plugins/listener_plugin.py for tasks to queue
[2025-04-23T04:22:28.508+0100] {logging_mixin.py:190} INFO - [2025-04-23T04:22:28.508+0100] {dagbag.py:588} INFO - Filling up the DagBag from /Users/francisayanbadejo/venvs_projects/my_proj/lib/python3.9/site-packages/airflow/example_dags/plugins/listener_plugin.py
[2025-04-23T04:22:28.510+0100] {processor.py:927} WARNING - No viable dags retrieved from /Users/francisayanbadejo/venvs_projects/my_proj/lib/python3.9/site-packages/airflow/example_dags/plugins/listener_plugin.py
[2025-04-23T04:22:28.538+0100] {processor.py:208} INFO - Processing /Users/francisayanbadejo/venvs_projects/my_proj/lib/python3.9/site-packages/airflow/example_dags/plugins/listener_plugin.py took 0.034 seconds
[2025-04-23T04:23:26.284+0100] {processor.py:186} INFO - Started process (PID=69771) to work on /Users/francisayanbadejo/venvs_projects/my_proj/lib/python3.9/site-packages/airflow/example_dags/plugins/listener_plugin.py
[2025-04-23T04:23:26.285+0100] {processor.py:914} INFO - Processing file /Users/francisayanbadejo/venvs_projects/my_proj/lib/python3.9/site-packages/airflow/example_dags/plugins/listener_plugin.py for tasks to queue
[2025-04-23T04:23:26.286+0100] {logging_mixin.py:190} INFO - [2025-04-23T04:23:26.285+0100] {dagbag.py:588} INFO - Filling up the DagBag from /Users/francisayanbadejo/venvs_projects/my_proj/lib/python3.9/site-packages/airflow/example_dags/plugins/listener_plugin.py
[2025-04-23T04:23:26.286+0100] {processor.py:927} WARNING - No viable dags retrieved from /Users/francisayanbadejo/venvs_projects/my_proj/lib/python3.9/site-packages/airflow/example_dags/plugins/listener_plugin.py
[2025-04-23T04:23:26.315+0100] {processor.py:208} INFO - Processing /Users/francisayanbadejo/venvs_projects/my_proj/lib/python3.9/site-packages/airflow/example_dags/plugins/listener_plugin.py took 0.032 seconds
[2025-04-23T04:24:24.460+0100] {processor.py:186} INFO - Started process (PID=70041) to work on /Users/francisayanbadejo/venvs_projects/my_proj/lib/python3.9/site-packages/airflow/example_dags/plugins/listener_plugin.py
[2025-04-23T04:24:24.461+0100] {processor.py:914} INFO - Processing file /Users/francisayanbadejo/venvs_projects/my_proj/lib/python3.9/site-packages/airflow/example_dags/plugins/listener_plugin.py for tasks to queue
[2025-04-23T04:24:24.462+0100] {logging_mixin.py:190} INFO - [2025-04-23T04:24:24.462+0100] {dagbag.py:588} INFO - Filling up the DagBag from /Users/francisayanbadejo/venvs_projects/my_proj/lib/python3.9/site-packages/airflow/example_dags/plugins/listener_plugin.py
[2025-04-23T04:24:24.464+0100] {processor.py:927} WARNING - No viable dags retrieved from /Users/francisayanbadejo/venvs_projects/my_proj/lib/python3.9/site-packages/airflow/example_dags/plugins/listener_plugin.py
[2025-04-23T04:24:24.493+0100] {processor.py:208} INFO - Processing /Users/francisayanbadejo/venvs_projects/my_proj/lib/python3.9/site-packages/airflow/example_dags/plugins/listener_plugin.py took 0.035 seconds
[2025-04-23T04:25:27.153+0100] {processor.py:186} INFO - Started process (PID=70464) to work on /Users/francisayanbadejo/venvs_projects/my_proj/lib/python3.9/site-packages/airflow/example_dags/plugins/listener_plugin.py
[2025-04-23T04:25:27.154+0100] {processor.py:914} INFO - Processing file /Users/francisayanbadejo/venvs_projects/my_proj/lib/python3.9/site-packages/airflow/example_dags/plugins/listener_plugin.py for tasks to queue
[2025-04-23T04:25:27.155+0100] {logging_mixin.py:190} INFO - [2025-04-23T04:25:27.155+0100] {dagbag.py:588} INFO - Filling up the DagBag from /Users/francisayanbadejo/venvs_projects/my_proj/lib/python3.9/site-packages/airflow/example_dags/plugins/listener_plugin.py
[2025-04-23T04:25:27.155+0100] {processor.py:927} WARNING - No viable dags retrieved from /Users/francisayanbadejo/venvs_projects/my_proj/lib/python3.9/site-packages/airflow/example_dags/plugins/listener_plugin.py
[2025-04-23T04:25:27.184+0100] {processor.py:208} INFO - Processing /Users/francisayanbadejo/venvs_projects/my_proj/lib/python3.9/site-packages/airflow/example_dags/plugins/listener_plugin.py took 0.032 seconds
[2025-04-23T04:27:52.204+0100] {processor.py:186} INFO - Started process (PID=71226) to work on /Users/francisayanbadejo/venvs_projects/my_proj/lib/python3.9/site-packages/airflow/example_dags/plugins/listener_plugin.py
[2025-04-23T04:27:52.206+0100] {processor.py:914} INFO - Processing file /Users/francisayanbadejo/venvs_projects/my_proj/lib/python3.9/site-packages/airflow/example_dags/plugins/listener_plugin.py for tasks to queue
[2025-04-23T04:27:52.206+0100] {logging_mixin.py:190} INFO - [2025-04-23T04:27:52.206+0100] {dagbag.py:588} INFO - Filling up the DagBag from /Users/francisayanbadejo/venvs_projects/my_proj/lib/python3.9/site-packages/airflow/example_dags/plugins/listener_plugin.py
[2025-04-23T04:27:52.207+0100] {processor.py:927} WARNING - No viable dags retrieved from /Users/francisayanbadejo/venvs_projects/my_proj/lib/python3.9/site-packages/airflow/example_dags/plugins/listener_plugin.py
[2025-04-23T04:27:52.236+0100] {processor.py:208} INFO - Processing /Users/francisayanbadejo/venvs_projects/my_proj/lib/python3.9/site-packages/airflow/example_dags/plugins/listener_plugin.py took 0.033 seconds
[2025-04-23T04:29:18.044+0100] {processor.py:186} INFO - Started process (PID=71371) to work on /Users/francisayanbadejo/venvs_projects/my_proj/lib/python3.9/site-packages/airflow/example_dags/plugins/listener_plugin.py
[2025-04-23T04:29:18.046+0100] {processor.py:914} INFO - Processing file /Users/francisayanbadejo/venvs_projects/my_proj/lib/python3.9/site-packages/airflow/example_dags/plugins/listener_plugin.py for tasks to queue
[2025-04-23T04:29:18.047+0100] {logging_mixin.py:190} INFO - [2025-04-23T04:29:18.046+0100] {dagbag.py:588} INFO - Filling up the DagBag from /Users/francisayanbadejo/venvs_projects/my_proj/lib/python3.9/site-packages/airflow/example_dags/plugins/listener_plugin.py
[2025-04-23T04:29:18.048+0100] {processor.py:927} WARNING - No viable dags retrieved from /Users/francisayanbadejo/venvs_projects/my_proj/lib/python3.9/site-packages/airflow/example_dags/plugins/listener_plugin.py
[2025-04-23T04:29:18.078+0100] {processor.py:208} INFO - Processing /Users/francisayanbadejo/venvs_projects/my_proj/lib/python3.9/site-packages/airflow/example_dags/plugins/listener_plugin.py took 0.035 seconds
[2025-04-23T04:30:15.320+0100] {processor.py:186} INFO - Started process (PID=71563) to work on /Users/francisayanbadejo/venvs_projects/my_proj/lib/python3.9/site-packages/airflow/example_dags/plugins/listener_plugin.py
[2025-04-23T04:30:15.322+0100] {processor.py:914} INFO - Processing file /Users/francisayanbadejo/venvs_projects/my_proj/lib/python3.9/site-packages/airflow/example_dags/plugins/listener_plugin.py for tasks to queue
[2025-04-23T04:30:15.323+0100] {logging_mixin.py:190} INFO - [2025-04-23T04:30:15.323+0100] {dagbag.py:588} INFO - Filling up the DagBag from /Users/francisayanbadejo/venvs_projects/my_proj/lib/python3.9/site-packages/airflow/example_dags/plugins/listener_plugin.py
[2025-04-23T04:30:15.324+0100] {processor.py:927} WARNING - No viable dags retrieved from /Users/francisayanbadejo/venvs_projects/my_proj/lib/python3.9/site-packages/airflow/example_dags/plugins/listener_plugin.py
[2025-04-23T04:30:15.354+0100] {processor.py:208} INFO - Processing /Users/francisayanbadejo/venvs_projects/my_proj/lib/python3.9/site-packages/airflow/example_dags/plugins/listener_plugin.py took 0.035 seconds
[2025-04-23T04:31:12.661+0100] {processor.py:186} INFO - Started process (PID=71690) to work on /Users/francisayanbadejo/venvs_projects/my_proj/lib/python3.9/site-packages/airflow/example_dags/plugins/listener_plugin.py
[2025-04-23T04:31:12.663+0100] {processor.py:914} INFO - Processing file /Users/francisayanbadejo/venvs_projects/my_proj/lib/python3.9/site-packages/airflow/example_dags/plugins/listener_plugin.py for tasks to queue
[2025-04-23T04:31:12.663+0100] {logging_mixin.py:190} INFO - [2025-04-23T04:31:12.663+0100] {dagbag.py:588} INFO - Filling up the DagBag from /Users/francisayanbadejo/venvs_projects/my_proj/lib/python3.9/site-packages/airflow/example_dags/plugins/listener_plugin.py
[2025-04-23T04:31:12.664+0100] {processor.py:927} WARNING - No viable dags retrieved from /Users/francisayanbadejo/venvs_projects/my_proj/lib/python3.9/site-packages/airflow/example_dags/plugins/listener_plugin.py
[2025-04-23T04:31:12.692+0100] {processor.py:208} INFO - Processing /Users/francisayanbadejo/venvs_projects/my_proj/lib/python3.9/site-packages/airflow/example_dags/plugins/listener_plugin.py took 0.032 seconds
[2025-04-23T04:32:08.190+0100] {processor.py:186} INFO - Started process (PID=71812) to work on /Users/francisayanbadejo/venvs_projects/my_proj/lib/python3.9/site-packages/airflow/example_dags/plugins/listener_plugin.py
[2025-04-23T04:32:08.192+0100] {processor.py:914} INFO - Processing file /Users/francisayanbadejo/venvs_projects/my_proj/lib/python3.9/site-packages/airflow/example_dags/plugins/listener_plugin.py for tasks to queue
[2025-04-23T04:32:08.193+0100] {logging_mixin.py:190} INFO - [2025-04-23T04:32:08.192+0100] {dagbag.py:588} INFO - Filling up the DagBag from /Users/francisayanbadejo/venvs_projects/my_proj/lib/python3.9/site-packages/airflow/example_dags/plugins/listener_plugin.py
[2025-04-23T04:32:08.193+0100] {processor.py:927} WARNING - No viable dags retrieved from /Users/francisayanbadejo/venvs_projects/my_proj/lib/python3.9/site-packages/airflow/example_dags/plugins/listener_plugin.py
[2025-04-23T04:32:08.221+0100] {processor.py:208} INFO - Processing /Users/francisayanbadejo/venvs_projects/my_proj/lib/python3.9/site-packages/airflow/example_dags/plugins/listener_plugin.py took 0.032 seconds
[2025-04-23T04:33:59.916+0100] {processor.py:186} INFO - Started process (PID=71966) to work on /Users/francisayanbadejo/venvs_projects/my_proj/lib/python3.9/site-packages/airflow/example_dags/plugins/listener_plugin.py
[2025-04-23T04:33:59.917+0100] {processor.py:914} INFO - Processing file /Users/francisayanbadejo/venvs_projects/my_proj/lib/python3.9/site-packages/airflow/example_dags/plugins/listener_plugin.py for tasks to queue
[2025-04-23T04:33:59.917+0100] {logging_mixin.py:190} INFO - [2025-04-23T04:33:59.917+0100] {dagbag.py:588} INFO - Filling up the DagBag from /Users/francisayanbadejo/venvs_projects/my_proj/lib/python3.9/site-packages/airflow/example_dags/plugins/listener_plugin.py
[2025-04-23T04:33:59.919+0100] {processor.py:927} WARNING - No viable dags retrieved from /Users/francisayanbadejo/venvs_projects/my_proj/lib/python3.9/site-packages/airflow/example_dags/plugins/listener_plugin.py
[2025-04-23T04:33:59.948+0100] {processor.py:208} INFO - Processing /Users/francisayanbadejo/venvs_projects/my_proj/lib/python3.9/site-packages/airflow/example_dags/plugins/listener_plugin.py took 0.033 seconds
[2025-04-23T04:35:08.159+0100] {processor.py:186} INFO - Started process (PID=72119) to work on /Users/francisayanbadejo/venvs_projects/my_proj/lib/python3.9/site-packages/airflow/example_dags/plugins/listener_plugin.py
[2025-04-23T04:35:08.160+0100] {processor.py:914} INFO - Processing file /Users/francisayanbadejo/venvs_projects/my_proj/lib/python3.9/site-packages/airflow/example_dags/plugins/listener_plugin.py for tasks to queue
[2025-04-23T04:35:08.161+0100] {logging_mixin.py:190} INFO - [2025-04-23T04:35:08.161+0100] {dagbag.py:588} INFO - Filling up the DagBag from /Users/francisayanbadejo/venvs_projects/my_proj/lib/python3.9/site-packages/airflow/example_dags/plugins/listener_plugin.py
[2025-04-23T04:35:08.162+0100] {processor.py:927} WARNING - No viable dags retrieved from /Users/francisayanbadejo/venvs_projects/my_proj/lib/python3.9/site-packages/airflow/example_dags/plugins/listener_plugin.py
[2025-04-23T04:35:08.193+0100] {processor.py:208} INFO - Processing /Users/francisayanbadejo/venvs_projects/my_proj/lib/python3.9/site-packages/airflow/example_dags/plugins/listener_plugin.py took 0.035 seconds
[2025-04-23T04:36:03.663+0100] {processor.py:186} INFO - Started process (PID=72241) to work on /Users/francisayanbadejo/venvs_projects/my_proj/lib/python3.9/site-packages/airflow/example_dags/plugins/listener_plugin.py
[2025-04-23T04:36:03.665+0100] {processor.py:914} INFO - Processing file /Users/francisayanbadejo/venvs_projects/my_proj/lib/python3.9/site-packages/airflow/example_dags/plugins/listener_plugin.py for tasks to queue
[2025-04-23T04:36:03.666+0100] {logging_mixin.py:190} INFO - [2025-04-23T04:36:03.665+0100] {dagbag.py:588} INFO - Filling up the DagBag from /Users/francisayanbadejo/venvs_projects/my_proj/lib/python3.9/site-packages/airflow/example_dags/plugins/listener_plugin.py
[2025-04-23T04:36:03.667+0100] {processor.py:927} WARNING - No viable dags retrieved from /Users/francisayanbadejo/venvs_projects/my_proj/lib/python3.9/site-packages/airflow/example_dags/plugins/listener_plugin.py
[2025-04-23T04:36:03.694+0100] {processor.py:208} INFO - Processing /Users/francisayanbadejo/venvs_projects/my_proj/lib/python3.9/site-packages/airflow/example_dags/plugins/listener_plugin.py took 0.032 seconds
[2025-04-23T04:36:59.474+0100] {processor.py:186} INFO - Started process (PID=72367) to work on /Users/francisayanbadejo/venvs_projects/my_proj/lib/python3.9/site-packages/airflow/example_dags/plugins/listener_plugin.py
[2025-04-23T04:36:59.475+0100] {processor.py:914} INFO - Processing file /Users/francisayanbadejo/venvs_projects/my_proj/lib/python3.9/site-packages/airflow/example_dags/plugins/listener_plugin.py for tasks to queue
[2025-04-23T04:36:59.476+0100] {logging_mixin.py:190} INFO - [2025-04-23T04:36:59.476+0100] {dagbag.py:588} INFO - Filling up the DagBag from /Users/francisayanbadejo/venvs_projects/my_proj/lib/python3.9/site-packages/airflow/example_dags/plugins/listener_plugin.py
[2025-04-23T04:36:59.476+0100] {processor.py:927} WARNING - No viable dags retrieved from /Users/francisayanbadejo/venvs_projects/my_proj/lib/python3.9/site-packages/airflow/example_dags/plugins/listener_plugin.py
[2025-04-23T04:36:59.504+0100] {processor.py:208} INFO - Processing /Users/francisayanbadejo/venvs_projects/my_proj/lib/python3.9/site-packages/airflow/example_dags/plugins/listener_plugin.py took 0.031 seconds
[2025-04-23T04:37:55.264+0100] {processor.py:186} INFO - Started process (PID=72487) to work on /Users/francisayanbadejo/venvs_projects/my_proj/lib/python3.9/site-packages/airflow/example_dags/plugins/listener_plugin.py
[2025-04-23T04:37:55.265+0100] {processor.py:914} INFO - Processing file /Users/francisayanbadejo/venvs_projects/my_proj/lib/python3.9/site-packages/airflow/example_dags/plugins/listener_plugin.py for tasks to queue
[2025-04-23T04:37:55.266+0100] {logging_mixin.py:190} INFO - [2025-04-23T04:37:55.266+0100] {dagbag.py:588} INFO - Filling up the DagBag from /Users/francisayanbadejo/venvs_projects/my_proj/lib/python3.9/site-packages/airflow/example_dags/plugins/listener_plugin.py
[2025-04-23T04:37:55.268+0100] {processor.py:927} WARNING - No viable dags retrieved from /Users/francisayanbadejo/venvs_projects/my_proj/lib/python3.9/site-packages/airflow/example_dags/plugins/listener_plugin.py
[2025-04-23T04:37:55.296+0100] {processor.py:208} INFO - Processing /Users/francisayanbadejo/venvs_projects/my_proj/lib/python3.9/site-packages/airflow/example_dags/plugins/listener_plugin.py took 0.033 seconds
[2025-04-23T04:38:52.005+0100] {processor.py:186} INFO - Started process (PID=72585) to work on /Users/francisayanbadejo/venvs_projects/my_proj/lib/python3.9/site-packages/airflow/example_dags/plugins/listener_plugin.py
[2025-04-23T04:38:52.006+0100] {processor.py:914} INFO - Processing file /Users/francisayanbadejo/venvs_projects/my_proj/lib/python3.9/site-packages/airflow/example_dags/plugins/listener_plugin.py for tasks to queue
[2025-04-23T04:38:52.007+0100] {logging_mixin.py:190} INFO - [2025-04-23T04:38:52.007+0100] {dagbag.py:588} INFO - Filling up the DagBag from /Users/francisayanbadejo/venvs_projects/my_proj/lib/python3.9/site-packages/airflow/example_dags/plugins/listener_plugin.py
[2025-04-23T04:38:52.008+0100] {processor.py:927} WARNING - No viable dags retrieved from /Users/francisayanbadejo/venvs_projects/my_proj/lib/python3.9/site-packages/airflow/example_dags/plugins/listener_plugin.py
[2025-04-23T04:38:52.037+0100] {processor.py:208} INFO - Processing /Users/francisayanbadejo/venvs_projects/my_proj/lib/python3.9/site-packages/airflow/example_dags/plugins/listener_plugin.py took 0.033 seconds
[2025-04-23T04:39:46.516+0100] {processor.py:186} INFO - Started process (PID=72664) to work on /Users/francisayanbadejo/venvs_projects/my_proj/lib/python3.9/site-packages/airflow/example_dags/plugins/listener_plugin.py
[2025-04-23T04:39:46.518+0100] {processor.py:914} INFO - Processing file /Users/francisayanbadejo/venvs_projects/my_proj/lib/python3.9/site-packages/airflow/example_dags/plugins/listener_plugin.py for tasks to queue
[2025-04-23T04:39:46.519+0100] {logging_mixin.py:190} INFO - [2025-04-23T04:39:46.518+0100] {dagbag.py:588} INFO - Filling up the DagBag from /Users/francisayanbadejo/venvs_projects/my_proj/lib/python3.9/site-packages/airflow/example_dags/plugins/listener_plugin.py
[2025-04-23T04:39:46.520+0100] {processor.py:927} WARNING - No viable dags retrieved from /Users/francisayanbadejo/venvs_projects/my_proj/lib/python3.9/site-packages/airflow/example_dags/plugins/listener_plugin.py
[2025-04-23T04:39:46.548+0100] {processor.py:208} INFO - Processing /Users/francisayanbadejo/venvs_projects/my_proj/lib/python3.9/site-packages/airflow/example_dags/plugins/listener_plugin.py took 0.032 seconds
[2025-04-23T04:40:39.966+0100] {processor.py:186} INFO - Started process (PID=72742) to work on /Users/francisayanbadejo/venvs_projects/my_proj/lib/python3.9/site-packages/airflow/example_dags/plugins/listener_plugin.py
[2025-04-23T04:40:39.968+0100] {processor.py:914} INFO - Processing file /Users/francisayanbadejo/venvs_projects/my_proj/lib/python3.9/site-packages/airflow/example_dags/plugins/listener_plugin.py for tasks to queue
[2025-04-23T04:40:39.968+0100] {logging_mixin.py:190} INFO - [2025-04-23T04:40:39.968+0100] {dagbag.py:588} INFO - Filling up the DagBag from /Users/francisayanbadejo/venvs_projects/my_proj/lib/python3.9/site-packages/airflow/example_dags/plugins/listener_plugin.py
[2025-04-23T04:40:39.970+0100] {processor.py:927} WARNING - No viable dags retrieved from /Users/francisayanbadejo/venvs_projects/my_proj/lib/python3.9/site-packages/airflow/example_dags/plugins/listener_plugin.py
[2025-04-23T04:40:39.998+0100] {processor.py:208} INFO - Processing /Users/francisayanbadejo/venvs_projects/my_proj/lib/python3.9/site-packages/airflow/example_dags/plugins/listener_plugin.py took 0.033 seconds
[2025-04-23T04:41:33.864+0100] {processor.py:186} INFO - Started process (PID=72822) to work on /Users/francisayanbadejo/venvs_projects/my_proj/lib/python3.9/site-packages/airflow/example_dags/plugins/listener_plugin.py
[2025-04-23T04:41:33.866+0100] {processor.py:914} INFO - Processing file /Users/francisayanbadejo/venvs_projects/my_proj/lib/python3.9/site-packages/airflow/example_dags/plugins/listener_plugin.py for tasks to queue
[2025-04-23T04:41:33.867+0100] {logging_mixin.py:190} INFO - [2025-04-23T04:41:33.866+0100] {dagbag.py:588} INFO - Filling up the DagBag from /Users/francisayanbadejo/venvs_projects/my_proj/lib/python3.9/site-packages/airflow/example_dags/plugins/listener_plugin.py
[2025-04-23T04:41:33.867+0100] {processor.py:927} WARNING - No viable dags retrieved from /Users/francisayanbadejo/venvs_projects/my_proj/lib/python3.9/site-packages/airflow/example_dags/plugins/listener_plugin.py
[2025-04-23T04:41:33.895+0100] {processor.py:208} INFO - Processing /Users/francisayanbadejo/venvs_projects/my_proj/lib/python3.9/site-packages/airflow/example_dags/plugins/listener_plugin.py took 0.032 seconds
[2025-04-23T04:42:27.677+0100] {processor.py:186} INFO - Started process (PID=72898) to work on /Users/francisayanbadejo/venvs_projects/my_proj/lib/python3.9/site-packages/airflow/example_dags/plugins/listener_plugin.py
[2025-04-23T04:42:27.679+0100] {processor.py:914} INFO - Processing file /Users/francisayanbadejo/venvs_projects/my_proj/lib/python3.9/site-packages/airflow/example_dags/plugins/listener_plugin.py for tasks to queue
[2025-04-23T04:42:27.679+0100] {logging_mixin.py:190} INFO - [2025-04-23T04:42:27.679+0100] {dagbag.py:588} INFO - Filling up the DagBag from /Users/francisayanbadejo/venvs_projects/my_proj/lib/python3.9/site-packages/airflow/example_dags/plugins/listener_plugin.py
[2025-04-23T04:42:27.680+0100] {processor.py:927} WARNING - No viable dags retrieved from /Users/francisayanbadejo/venvs_projects/my_proj/lib/python3.9/site-packages/airflow/example_dags/plugins/listener_plugin.py
[2025-04-23T04:42:27.708+0100] {processor.py:208} INFO - Processing /Users/francisayanbadejo/venvs_projects/my_proj/lib/python3.9/site-packages/airflow/example_dags/plugins/listener_plugin.py took 0.032 seconds
[2025-04-23T04:43:20.220+0100] {processor.py:186} INFO - Started process (PID=72980) to work on /Users/francisayanbadejo/venvs_projects/my_proj/lib/python3.9/site-packages/airflow/example_dags/plugins/listener_plugin.py
[2025-04-23T04:43:20.220+0100] {processor.py:914} INFO - Processing file /Users/francisayanbadejo/venvs_projects/my_proj/lib/python3.9/site-packages/airflow/example_dags/plugins/listener_plugin.py for tasks to queue
[2025-04-23T04:43:20.221+0100] {logging_mixin.py:190} INFO - [2025-04-23T04:43:20.221+0100] {dagbag.py:588} INFO - Filling up the DagBag from /Users/francisayanbadejo/venvs_projects/my_proj/lib/python3.9/site-packages/airflow/example_dags/plugins/listener_plugin.py
[2025-04-23T04:43:20.222+0100] {processor.py:927} WARNING - No viable dags retrieved from /Users/francisayanbadejo/venvs_projects/my_proj/lib/python3.9/site-packages/airflow/example_dags/plugins/listener_plugin.py
[2025-04-23T04:43:20.250+0100] {processor.py:208} INFO - Processing /Users/francisayanbadejo/venvs_projects/my_proj/lib/python3.9/site-packages/airflow/example_dags/plugins/listener_plugin.py took 0.031 seconds
[2025-04-23T04:44:12.662+0100] {processor.py:186} INFO - Started process (PID=73075) to work on /Users/francisayanbadejo/venvs_projects/my_proj/lib/python3.9/site-packages/airflow/example_dags/plugins/listener_plugin.py
[2025-04-23T04:44:12.663+0100] {processor.py:914} INFO - Processing file /Users/francisayanbadejo/venvs_projects/my_proj/lib/python3.9/site-packages/airflow/example_dags/plugins/listener_plugin.py for tasks to queue
[2025-04-23T04:44:12.664+0100] {logging_mixin.py:190} INFO - [2025-04-23T04:44:12.664+0100] {dagbag.py:588} INFO - Filling up the DagBag from /Users/francisayanbadejo/venvs_projects/my_proj/lib/python3.9/site-packages/airflow/example_dags/plugins/listener_plugin.py
[2025-04-23T04:44:12.665+0100] {processor.py:927} WARNING - No viable dags retrieved from /Users/francisayanbadejo/venvs_projects/my_proj/lib/python3.9/site-packages/airflow/example_dags/plugins/listener_plugin.py
[2025-04-23T04:44:12.692+0100] {processor.py:208} INFO - Processing /Users/francisayanbadejo/venvs_projects/my_proj/lib/python3.9/site-packages/airflow/example_dags/plugins/listener_plugin.py took 0.032 seconds
[2025-04-23T04:45:04.376+0100] {processor.py:186} INFO - Started process (PID=73177) to work on /Users/francisayanbadejo/venvs_projects/my_proj/lib/python3.9/site-packages/airflow/example_dags/plugins/listener_plugin.py
[2025-04-23T04:45:04.377+0100] {processor.py:914} INFO - Processing file /Users/francisayanbadejo/venvs_projects/my_proj/lib/python3.9/site-packages/airflow/example_dags/plugins/listener_plugin.py for tasks to queue
[2025-04-23T04:45:04.378+0100] {logging_mixin.py:190} INFO - [2025-04-23T04:45:04.378+0100] {dagbag.py:588} INFO - Filling up the DagBag from /Users/francisayanbadejo/venvs_projects/my_proj/lib/python3.9/site-packages/airflow/example_dags/plugins/listener_plugin.py
[2025-04-23T04:45:04.381+0100] {processor.py:927} WARNING - No viable dags retrieved from /Users/francisayanbadejo/venvs_projects/my_proj/lib/python3.9/site-packages/airflow/example_dags/plugins/listener_plugin.py
[2025-04-23T04:45:04.410+0100] {processor.py:208} INFO - Processing /Users/francisayanbadejo/venvs_projects/my_proj/lib/python3.9/site-packages/airflow/example_dags/plugins/listener_plugin.py took 0.035 seconds
[2025-04-23T04:45:57.386+0100] {processor.py:186} INFO - Started process (PID=73250) to work on /Users/francisayanbadejo/venvs_projects/my_proj/lib/python3.9/site-packages/airflow/example_dags/plugins/listener_plugin.py
[2025-04-23T04:45:57.387+0100] {processor.py:914} INFO - Processing file /Users/francisayanbadejo/venvs_projects/my_proj/lib/python3.9/site-packages/airflow/example_dags/plugins/listener_plugin.py for tasks to queue
[2025-04-23T04:45:57.388+0100] {logging_mixin.py:190} INFO - [2025-04-23T04:45:57.388+0100] {dagbag.py:588} INFO - Filling up the DagBag from /Users/francisayanbadejo/venvs_projects/my_proj/lib/python3.9/site-packages/airflow/example_dags/plugins/listener_plugin.py
[2025-04-23T04:45:57.389+0100] {processor.py:927} WARNING - No viable dags retrieved from /Users/francisayanbadejo/venvs_projects/my_proj/lib/python3.9/site-packages/airflow/example_dags/plugins/listener_plugin.py
[2025-04-23T04:45:57.417+0100] {processor.py:208} INFO - Processing /Users/francisayanbadejo/venvs_projects/my_proj/lib/python3.9/site-packages/airflow/example_dags/plugins/listener_plugin.py took 0.033 seconds
[2025-04-23T04:46:49.743+0100] {processor.py:186} INFO - Started process (PID=73329) to work on /Users/francisayanbadejo/venvs_projects/my_proj/lib/python3.9/site-packages/airflow/example_dags/plugins/listener_plugin.py
[2025-04-23T04:46:49.744+0100] {processor.py:914} INFO - Processing file /Users/francisayanbadejo/venvs_projects/my_proj/lib/python3.9/site-packages/airflow/example_dags/plugins/listener_plugin.py for tasks to queue
[2025-04-23T04:46:49.744+0100] {logging_mixin.py:190} INFO - [2025-04-23T04:46:49.744+0100] {dagbag.py:588} INFO - Filling up the DagBag from /Users/francisayanbadejo/venvs_projects/my_proj/lib/python3.9/site-packages/airflow/example_dags/plugins/listener_plugin.py
[2025-04-23T04:46:49.746+0100] {processor.py:927} WARNING - No viable dags retrieved from /Users/francisayanbadejo/venvs_projects/my_proj/lib/python3.9/site-packages/airflow/example_dags/plugins/listener_plugin.py
[2025-04-23T04:46:49.774+0100] {processor.py:208} INFO - Processing /Users/francisayanbadejo/venvs_projects/my_proj/lib/python3.9/site-packages/airflow/example_dags/plugins/listener_plugin.py took 0.032 seconds
[2025-04-23T04:47:45.314+0100] {processor.py:186} INFO - Started process (PID=73405) to work on /Users/francisayanbadejo/venvs_projects/my_proj/lib/python3.9/site-packages/airflow/example_dags/plugins/listener_plugin.py
[2025-04-23T04:47:45.315+0100] {processor.py:914} INFO - Processing file /Users/francisayanbadejo/venvs_projects/my_proj/lib/python3.9/site-packages/airflow/example_dags/plugins/listener_plugin.py for tasks to queue
[2025-04-23T04:47:45.316+0100] {logging_mixin.py:190} INFO - [2025-04-23T04:47:45.315+0100] {dagbag.py:588} INFO - Filling up the DagBag from /Users/francisayanbadejo/venvs_projects/my_proj/lib/python3.9/site-packages/airflow/example_dags/plugins/listener_plugin.py
[2025-04-23T04:47:45.317+0100] {processor.py:927} WARNING - No viable dags retrieved from /Users/francisayanbadejo/venvs_projects/my_proj/lib/python3.9/site-packages/airflow/example_dags/plugins/listener_plugin.py
[2025-04-23T04:47:45.344+0100] {processor.py:208} INFO - Processing /Users/francisayanbadejo/venvs_projects/my_proj/lib/python3.9/site-packages/airflow/example_dags/plugins/listener_plugin.py took 0.032 seconds
[2025-04-23T04:48:41.815+0100] {processor.py:186} INFO - Started process (PID=73483) to work on /Users/francisayanbadejo/venvs_projects/my_proj/lib/python3.9/site-packages/airflow/example_dags/plugins/listener_plugin.py
[2025-04-23T04:48:41.816+0100] {processor.py:914} INFO - Processing file /Users/francisayanbadejo/venvs_projects/my_proj/lib/python3.9/site-packages/airflow/example_dags/plugins/listener_plugin.py for tasks to queue
[2025-04-23T04:48:41.816+0100] {logging_mixin.py:190} INFO - [2025-04-23T04:48:41.816+0100] {dagbag.py:588} INFO - Filling up the DagBag from /Users/francisayanbadejo/venvs_projects/my_proj/lib/python3.9/site-packages/airflow/example_dags/plugins/listener_plugin.py
[2025-04-23T04:48:41.818+0100] {processor.py:927} WARNING - No viable dags retrieved from /Users/francisayanbadejo/venvs_projects/my_proj/lib/python3.9/site-packages/airflow/example_dags/plugins/listener_plugin.py
[2025-04-23T04:48:41.846+0100] {processor.py:208} INFO - Processing /Users/francisayanbadejo/venvs_projects/my_proj/lib/python3.9/site-packages/airflow/example_dags/plugins/listener_plugin.py took 0.032 seconds
[2025-04-23T04:49:37.109+0100] {processor.py:186} INFO - Started process (PID=73564) to work on /Users/francisayanbadejo/venvs_projects/my_proj/lib/python3.9/site-packages/airflow/example_dags/plugins/listener_plugin.py
[2025-04-23T04:49:37.113+0100] {processor.py:914} INFO - Processing file /Users/francisayanbadejo/venvs_projects/my_proj/lib/python3.9/site-packages/airflow/example_dags/plugins/listener_plugin.py for tasks to queue
[2025-04-23T04:49:37.113+0100] {logging_mixin.py:190} INFO - [2025-04-23T04:49:37.113+0100] {dagbag.py:588} INFO - Filling up the DagBag from /Users/francisayanbadejo/venvs_projects/my_proj/lib/python3.9/site-packages/airflow/example_dags/plugins/listener_plugin.py
[2025-04-23T04:49:37.114+0100] {processor.py:927} WARNING - No viable dags retrieved from /Users/francisayanbadejo/venvs_projects/my_proj/lib/python3.9/site-packages/airflow/example_dags/plugins/listener_plugin.py
[2025-04-23T04:49:37.142+0100] {processor.py:208} INFO - Processing /Users/francisayanbadejo/venvs_projects/my_proj/lib/python3.9/site-packages/airflow/example_dags/plugins/listener_plugin.py took 0.034 seconds
[2025-04-23T04:50:30.938+0100] {processor.py:186} INFO - Started process (PID=73642) to work on /Users/francisayanbadejo/venvs_projects/my_proj/lib/python3.9/site-packages/airflow/example_dags/plugins/listener_plugin.py
[2025-04-23T04:50:30.939+0100] {processor.py:914} INFO - Processing file /Users/francisayanbadejo/venvs_projects/my_proj/lib/python3.9/site-packages/airflow/example_dags/plugins/listener_plugin.py for tasks to queue
[2025-04-23T04:50:30.940+0100] {logging_mixin.py:190} INFO - [2025-04-23T04:50:30.940+0100] {dagbag.py:588} INFO - Filling up the DagBag from /Users/francisayanbadejo/venvs_projects/my_proj/lib/python3.9/site-packages/airflow/example_dags/plugins/listener_plugin.py
[2025-04-23T04:50:30.941+0100] {processor.py:927} WARNING - No viable dags retrieved from /Users/francisayanbadejo/venvs_projects/my_proj/lib/python3.9/site-packages/airflow/example_dags/plugins/listener_plugin.py
[2025-04-23T04:50:30.970+0100] {processor.py:208} INFO - Processing /Users/francisayanbadejo/venvs_projects/my_proj/lib/python3.9/site-packages/airflow/example_dags/plugins/listener_plugin.py took 0.033 seconds
[2025-04-23T04:51:24.282+0100] {processor.py:186} INFO - Started process (PID=73729) to work on /Users/francisayanbadejo/venvs_projects/my_proj/lib/python3.9/site-packages/airflow/example_dags/plugins/listener_plugin.py
[2025-04-23T04:51:24.283+0100] {processor.py:914} INFO - Processing file /Users/francisayanbadejo/venvs_projects/my_proj/lib/python3.9/site-packages/airflow/example_dags/plugins/listener_plugin.py for tasks to queue
[2025-04-23T04:51:24.283+0100] {logging_mixin.py:190} INFO - [2025-04-23T04:51:24.283+0100] {dagbag.py:588} INFO - Filling up the DagBag from /Users/francisayanbadejo/venvs_projects/my_proj/lib/python3.9/site-packages/airflow/example_dags/plugins/listener_plugin.py
[2025-04-23T04:51:24.285+0100] {processor.py:927} WARNING - No viable dags retrieved from /Users/francisayanbadejo/venvs_projects/my_proj/lib/python3.9/site-packages/airflow/example_dags/plugins/listener_plugin.py
[2025-04-23T04:51:24.314+0100] {processor.py:208} INFO - Processing /Users/francisayanbadejo/venvs_projects/my_proj/lib/python3.9/site-packages/airflow/example_dags/plugins/listener_plugin.py took 0.033 seconds
[2025-04-23T04:52:23.176+0100] {processor.py:186} INFO - Started process (PID=73826) to work on /Users/francisayanbadejo/venvs_projects/my_proj/lib/python3.9/site-packages/airflow/example_dags/plugins/listener_plugin.py
[2025-04-23T04:52:23.177+0100] {processor.py:914} INFO - Processing file /Users/francisayanbadejo/venvs_projects/my_proj/lib/python3.9/site-packages/airflow/example_dags/plugins/listener_plugin.py for tasks to queue
[2025-04-23T04:52:23.178+0100] {logging_mixin.py:190} INFO - [2025-04-23T04:52:23.178+0100] {dagbag.py:588} INFO - Filling up the DagBag from /Users/francisayanbadejo/venvs_projects/my_proj/lib/python3.9/site-packages/airflow/example_dags/plugins/listener_plugin.py
[2025-04-23T04:52:23.180+0100] {processor.py:927} WARNING - No viable dags retrieved from /Users/francisayanbadejo/venvs_projects/my_proj/lib/python3.9/site-packages/airflow/example_dags/plugins/listener_plugin.py
[2025-04-23T04:52:23.209+0100] {processor.py:208} INFO - Processing /Users/francisayanbadejo/venvs_projects/my_proj/lib/python3.9/site-packages/airflow/example_dags/plugins/listener_plugin.py took 0.034 seconds
[2025-04-23T04:53:23.198+0100] {processor.py:186} INFO - Started process (PID=74000) to work on /Users/francisayanbadejo/venvs_projects/my_proj/lib/python3.9/site-packages/airflow/example_dags/plugins/listener_plugin.py
[2025-04-23T04:53:23.199+0100] {processor.py:914} INFO - Processing file /Users/francisayanbadejo/venvs_projects/my_proj/lib/python3.9/site-packages/airflow/example_dags/plugins/listener_plugin.py for tasks to queue
[2025-04-23T04:53:23.200+0100] {logging_mixin.py:190} INFO - [2025-04-23T04:53:23.200+0100] {dagbag.py:588} INFO - Filling up the DagBag from /Users/francisayanbadejo/venvs_projects/my_proj/lib/python3.9/site-packages/airflow/example_dags/plugins/listener_plugin.py
[2025-04-23T04:53:23.201+0100] {processor.py:927} WARNING - No viable dags retrieved from /Users/francisayanbadejo/venvs_projects/my_proj/lib/python3.9/site-packages/airflow/example_dags/plugins/listener_plugin.py
[2025-04-23T04:53:23.230+0100] {processor.py:208} INFO - Processing /Users/francisayanbadejo/venvs_projects/my_proj/lib/python3.9/site-packages/airflow/example_dags/plugins/listener_plugin.py took 0.033 seconds
[2025-04-23T04:54:21.709+0100] {processor.py:186} INFO - Started process (PID=74121) to work on /Users/francisayanbadejo/venvs_projects/my_proj/lib/python3.9/site-packages/airflow/example_dags/plugins/listener_plugin.py
[2025-04-23T04:54:21.710+0100] {processor.py:914} INFO - Processing file /Users/francisayanbadejo/venvs_projects/my_proj/lib/python3.9/site-packages/airflow/example_dags/plugins/listener_plugin.py for tasks to queue
[2025-04-23T04:54:21.711+0100] {logging_mixin.py:190} INFO - [2025-04-23T04:54:21.711+0100] {dagbag.py:588} INFO - Filling up the DagBag from /Users/francisayanbadejo/venvs_projects/my_proj/lib/python3.9/site-packages/airflow/example_dags/plugins/listener_plugin.py
[2025-04-23T04:54:21.712+0100] {processor.py:927} WARNING - No viable dags retrieved from /Users/francisayanbadejo/venvs_projects/my_proj/lib/python3.9/site-packages/airflow/example_dags/plugins/listener_plugin.py
[2025-04-23T04:54:21.741+0100] {processor.py:208} INFO - Processing /Users/francisayanbadejo/venvs_projects/my_proj/lib/python3.9/site-packages/airflow/example_dags/plugins/listener_plugin.py took 0.033 seconds
[2025-04-23T04:55:18.542+0100] {processor.py:186} INFO - Started process (PID=74247) to work on /Users/francisayanbadejo/venvs_projects/my_proj/lib/python3.9/site-packages/airflow/example_dags/plugins/listener_plugin.py
[2025-04-23T04:55:18.543+0100] {processor.py:914} INFO - Processing file /Users/francisayanbadejo/venvs_projects/my_proj/lib/python3.9/site-packages/airflow/example_dags/plugins/listener_plugin.py for tasks to queue
[2025-04-23T04:55:18.544+0100] {logging_mixin.py:190} INFO - [2025-04-23T04:55:18.544+0100] {dagbag.py:588} INFO - Filling up the DagBag from /Users/francisayanbadejo/venvs_projects/my_proj/lib/python3.9/site-packages/airflow/example_dags/plugins/listener_plugin.py
[2025-04-23T04:55:18.544+0100] {processor.py:927} WARNING - No viable dags retrieved from /Users/francisayanbadejo/venvs_projects/my_proj/lib/python3.9/site-packages/airflow/example_dags/plugins/listener_plugin.py
[2025-04-23T04:55:18.573+0100] {processor.py:208} INFO - Processing /Users/francisayanbadejo/venvs_projects/my_proj/lib/python3.9/site-packages/airflow/example_dags/plugins/listener_plugin.py took 0.032 seconds
[2025-04-23T04:56:16.199+0100] {processor.py:186} INFO - Started process (PID=74369) to work on /Users/francisayanbadejo/venvs_projects/my_proj/lib/python3.9/site-packages/airflow/example_dags/plugins/listener_plugin.py
[2025-04-23T04:56:16.200+0100] {processor.py:914} INFO - Processing file /Users/francisayanbadejo/venvs_projects/my_proj/lib/python3.9/site-packages/airflow/example_dags/plugins/listener_plugin.py for tasks to queue
[2025-04-23T04:56:16.201+0100] {logging_mixin.py:190} INFO - [2025-04-23T04:56:16.201+0100] {dagbag.py:588} INFO - Filling up the DagBag from /Users/francisayanbadejo/venvs_projects/my_proj/lib/python3.9/site-packages/airflow/example_dags/plugins/listener_plugin.py
[2025-04-23T04:56:16.202+0100] {processor.py:927} WARNING - No viable dags retrieved from /Users/francisayanbadejo/venvs_projects/my_proj/lib/python3.9/site-packages/airflow/example_dags/plugins/listener_plugin.py
[2025-04-23T04:56:16.230+0100] {processor.py:208} INFO - Processing /Users/francisayanbadejo/venvs_projects/my_proj/lib/python3.9/site-packages/airflow/example_dags/plugins/listener_plugin.py took 0.032 seconds
[2025-04-23T04:57:11.681+0100] {processor.py:186} INFO - Started process (PID=74561) to work on /Users/francisayanbadejo/venvs_projects/my_proj/lib/python3.9/site-packages/airflow/example_dags/plugins/listener_plugin.py
[2025-04-23T04:57:11.682+0100] {processor.py:914} INFO - Processing file /Users/francisayanbadejo/venvs_projects/my_proj/lib/python3.9/site-packages/airflow/example_dags/plugins/listener_plugin.py for tasks to queue
[2025-04-23T04:57:11.683+0100] {logging_mixin.py:190} INFO - [2025-04-23T04:57:11.683+0100] {dagbag.py:588} INFO - Filling up the DagBag from /Users/francisayanbadejo/venvs_projects/my_proj/lib/python3.9/site-packages/airflow/example_dags/plugins/listener_plugin.py
[2025-04-23T04:57:11.683+0100] {processor.py:927} WARNING - No viable dags retrieved from /Users/francisayanbadejo/venvs_projects/my_proj/lib/python3.9/site-packages/airflow/example_dags/plugins/listener_plugin.py
[2025-04-23T04:57:11.712+0100] {processor.py:208} INFO - Processing /Users/francisayanbadejo/venvs_projects/my_proj/lib/python3.9/site-packages/airflow/example_dags/plugins/listener_plugin.py took 0.032 seconds
[2025-04-23T04:58:08.526+0100] {processor.py:186} INFO - Started process (PID=74684) to work on /Users/francisayanbadejo/venvs_projects/my_proj/lib/python3.9/site-packages/airflow/example_dags/plugins/listener_plugin.py
[2025-04-23T04:58:08.528+0100] {processor.py:914} INFO - Processing file /Users/francisayanbadejo/venvs_projects/my_proj/lib/python3.9/site-packages/airflow/example_dags/plugins/listener_plugin.py for tasks to queue
[2025-04-23T04:58:08.528+0100] {logging_mixin.py:190} INFO - [2025-04-23T04:58:08.528+0100] {dagbag.py:588} INFO - Filling up the DagBag from /Users/francisayanbadejo/venvs_projects/my_proj/lib/python3.9/site-packages/airflow/example_dags/plugins/listener_plugin.py
[2025-04-23T04:58:08.530+0100] {processor.py:927} WARNING - No viable dags retrieved from /Users/francisayanbadejo/venvs_projects/my_proj/lib/python3.9/site-packages/airflow/example_dags/plugins/listener_plugin.py
[2025-04-23T04:58:08.558+0100] {processor.py:208} INFO - Processing /Users/francisayanbadejo/venvs_projects/my_proj/lib/python3.9/site-packages/airflow/example_dags/plugins/listener_plugin.py took 0.032 seconds
[2025-04-23T04:59:01.022+0100] {processor.py:186} INFO - Started process (PID=74807) to work on /Users/francisayanbadejo/venvs_projects/my_proj/lib/python3.9/site-packages/airflow/example_dags/plugins/listener_plugin.py
[2025-04-23T04:59:01.023+0100] {processor.py:914} INFO - Processing file /Users/francisayanbadejo/venvs_projects/my_proj/lib/python3.9/site-packages/airflow/example_dags/plugins/listener_plugin.py for tasks to queue
[2025-04-23T04:59:01.024+0100] {logging_mixin.py:190} INFO - [2025-04-23T04:59:01.024+0100] {dagbag.py:588} INFO - Filling up the DagBag from /Users/francisayanbadejo/venvs_projects/my_proj/lib/python3.9/site-packages/airflow/example_dags/plugins/listener_plugin.py
[2025-04-23T04:59:01.025+0100] {processor.py:927} WARNING - No viable dags retrieved from /Users/francisayanbadejo/venvs_projects/my_proj/lib/python3.9/site-packages/airflow/example_dags/plugins/listener_plugin.py
[2025-04-23T04:59:01.053+0100] {processor.py:208} INFO - Processing /Users/francisayanbadejo/venvs_projects/my_proj/lib/python3.9/site-packages/airflow/example_dags/plugins/listener_plugin.py took 0.032 seconds
[2025-04-23T04:59:55.772+0100] {processor.py:186} INFO - Started process (PID=74926) to work on /Users/francisayanbadejo/venvs_projects/my_proj/lib/python3.9/site-packages/airflow/example_dags/plugins/listener_plugin.py
[2025-04-23T04:59:55.773+0100] {processor.py:914} INFO - Processing file /Users/francisayanbadejo/venvs_projects/my_proj/lib/python3.9/site-packages/airflow/example_dags/plugins/listener_plugin.py for tasks to queue
[2025-04-23T04:59:55.774+0100] {logging_mixin.py:190} INFO - [2025-04-23T04:59:55.774+0100] {dagbag.py:588} INFO - Filling up the DagBag from /Users/francisayanbadejo/venvs_projects/my_proj/lib/python3.9/site-packages/airflow/example_dags/plugins/listener_plugin.py
[2025-04-23T04:59:55.775+0100] {processor.py:927} WARNING - No viable dags retrieved from /Users/francisayanbadejo/venvs_projects/my_proj/lib/python3.9/site-packages/airflow/example_dags/plugins/listener_plugin.py
[2025-04-23T04:59:55.804+0100] {processor.py:208} INFO - Processing /Users/francisayanbadejo/venvs_projects/my_proj/lib/python3.9/site-packages/airflow/example_dags/plugins/listener_plugin.py took 0.033 seconds
[2025-04-23T05:00:48.646+0100] {processor.py:186} INFO - Started process (PID=75046) to work on /Users/francisayanbadejo/venvs_projects/my_proj/lib/python3.9/site-packages/airflow/example_dags/plugins/listener_plugin.py
[2025-04-23T05:00:48.647+0100] {processor.py:914} INFO - Processing file /Users/francisayanbadejo/venvs_projects/my_proj/lib/python3.9/site-packages/airflow/example_dags/plugins/listener_plugin.py for tasks to queue
[2025-04-23T05:00:48.648+0100] {logging_mixin.py:190} INFO - [2025-04-23T05:00:48.648+0100] {dagbag.py:588} INFO - Filling up the DagBag from /Users/francisayanbadejo/venvs_projects/my_proj/lib/python3.9/site-packages/airflow/example_dags/plugins/listener_plugin.py
[2025-04-23T05:00:48.649+0100] {processor.py:927} WARNING - No viable dags retrieved from /Users/francisayanbadejo/venvs_projects/my_proj/lib/python3.9/site-packages/airflow/example_dags/plugins/listener_plugin.py
[2025-04-23T05:00:48.677+0100] {processor.py:208} INFO - Processing /Users/francisayanbadejo/venvs_projects/my_proj/lib/python3.9/site-packages/airflow/example_dags/plugins/listener_plugin.py took 0.033 seconds
[2025-04-23T05:01:45.026+0100] {processor.py:186} INFO - Started process (PID=75165) to work on /Users/francisayanbadejo/venvs_projects/my_proj/lib/python3.9/site-packages/airflow/example_dags/plugins/listener_plugin.py
[2025-04-23T05:01:45.028+0100] {processor.py:914} INFO - Processing file /Users/francisayanbadejo/venvs_projects/my_proj/lib/python3.9/site-packages/airflow/example_dags/plugins/listener_plugin.py for tasks to queue
[2025-04-23T05:01:45.029+0100] {logging_mixin.py:190} INFO - [2025-04-23T05:01:45.028+0100] {dagbag.py:588} INFO - Filling up the DagBag from /Users/francisayanbadejo/venvs_projects/my_proj/lib/python3.9/site-packages/airflow/example_dags/plugins/listener_plugin.py
[2025-04-23T05:01:45.030+0100] {processor.py:927} WARNING - No viable dags retrieved from /Users/francisayanbadejo/venvs_projects/my_proj/lib/python3.9/site-packages/airflow/example_dags/plugins/listener_plugin.py
[2025-04-23T05:01:45.059+0100] {processor.py:208} INFO - Processing /Users/francisayanbadejo/venvs_projects/my_proj/lib/python3.9/site-packages/airflow/example_dags/plugins/listener_plugin.py took 0.034 seconds
[2025-04-23T05:02:39.651+0100] {processor.py:186} INFO - Started process (PID=75287) to work on /Users/francisayanbadejo/venvs_projects/my_proj/lib/python3.9/site-packages/airflow/example_dags/plugins/listener_plugin.py
[2025-04-23T05:02:39.652+0100] {processor.py:914} INFO - Processing file /Users/francisayanbadejo/venvs_projects/my_proj/lib/python3.9/site-packages/airflow/example_dags/plugins/listener_plugin.py for tasks to queue
[2025-04-23T05:02:39.652+0100] {logging_mixin.py:190} INFO - [2025-04-23T05:02:39.652+0100] {dagbag.py:588} INFO - Filling up the DagBag from /Users/francisayanbadejo/venvs_projects/my_proj/lib/python3.9/site-packages/airflow/example_dags/plugins/listener_plugin.py
[2025-04-23T05:02:39.653+0100] {processor.py:927} WARNING - No viable dags retrieved from /Users/francisayanbadejo/venvs_projects/my_proj/lib/python3.9/site-packages/airflow/example_dags/plugins/listener_plugin.py
[2025-04-23T05:02:39.682+0100] {processor.py:208} INFO - Processing /Users/francisayanbadejo/venvs_projects/my_proj/lib/python3.9/site-packages/airflow/example_dags/plugins/listener_plugin.py took 0.033 seconds
[2025-04-23T05:03:37.130+0100] {processor.py:186} INFO - Started process (PID=75411) to work on /Users/francisayanbadejo/venvs_projects/my_proj/lib/python3.9/site-packages/airflow/example_dags/plugins/listener_plugin.py
[2025-04-23T05:03:37.132+0100] {processor.py:914} INFO - Processing file /Users/francisayanbadejo/venvs_projects/my_proj/lib/python3.9/site-packages/airflow/example_dags/plugins/listener_plugin.py for tasks to queue
[2025-04-23T05:03:37.132+0100] {logging_mixin.py:190} INFO - [2025-04-23T05:03:37.132+0100] {dagbag.py:588} INFO - Filling up the DagBag from /Users/francisayanbadejo/venvs_projects/my_proj/lib/python3.9/site-packages/airflow/example_dags/plugins/listener_plugin.py
[2025-04-23T05:03:37.133+0100] {processor.py:927} WARNING - No viable dags retrieved from /Users/francisayanbadejo/venvs_projects/my_proj/lib/python3.9/site-packages/airflow/example_dags/plugins/listener_plugin.py
[2025-04-23T05:03:37.162+0100] {processor.py:208} INFO - Processing /Users/francisayanbadejo/venvs_projects/my_proj/lib/python3.9/site-packages/airflow/example_dags/plugins/listener_plugin.py took 0.033 seconds
[2025-04-23T05:04:32.701+0100] {processor.py:186} INFO - Started process (PID=75536) to work on /Users/francisayanbadejo/venvs_projects/my_proj/lib/python3.9/site-packages/airflow/example_dags/plugins/listener_plugin.py
[2025-04-23T05:04:32.702+0100] {processor.py:914} INFO - Processing file /Users/francisayanbadejo/venvs_projects/my_proj/lib/python3.9/site-packages/airflow/example_dags/plugins/listener_plugin.py for tasks to queue
[2025-04-23T05:04:32.703+0100] {logging_mixin.py:190} INFO - [2025-04-23T05:04:32.703+0100] {dagbag.py:588} INFO - Filling up the DagBag from /Users/francisayanbadejo/venvs_projects/my_proj/lib/python3.9/site-packages/airflow/example_dags/plugins/listener_plugin.py
[2025-04-23T05:04:32.704+0100] {processor.py:927} WARNING - No viable dags retrieved from /Users/francisayanbadejo/venvs_projects/my_proj/lib/python3.9/site-packages/airflow/example_dags/plugins/listener_plugin.py
[2025-04-23T05:04:32.732+0100] {processor.py:208} INFO - Processing /Users/francisayanbadejo/venvs_projects/my_proj/lib/python3.9/site-packages/airflow/example_dags/plugins/listener_plugin.py took 0.032 seconds
[2025-04-23T05:05:26.165+0100] {processor.py:186} INFO - Started process (PID=75662) to work on /Users/francisayanbadejo/venvs_projects/my_proj/lib/python3.9/site-packages/airflow/example_dags/plugins/listener_plugin.py
[2025-04-23T05:05:26.166+0100] {processor.py:914} INFO - Processing file /Users/francisayanbadejo/venvs_projects/my_proj/lib/python3.9/site-packages/airflow/example_dags/plugins/listener_plugin.py for tasks to queue
[2025-04-23T05:05:26.167+0100] {logging_mixin.py:190} INFO - [2025-04-23T05:05:26.167+0100] {dagbag.py:588} INFO - Filling up the DagBag from /Users/francisayanbadejo/venvs_projects/my_proj/lib/python3.9/site-packages/airflow/example_dags/plugins/listener_plugin.py
[2025-04-23T05:05:26.168+0100] {processor.py:927} WARNING - No viable dags retrieved from /Users/francisayanbadejo/venvs_projects/my_proj/lib/python3.9/site-packages/airflow/example_dags/plugins/listener_plugin.py
[2025-04-23T05:05:26.196+0100] {processor.py:208} INFO - Processing /Users/francisayanbadejo/venvs_projects/my_proj/lib/python3.9/site-packages/airflow/example_dags/plugins/listener_plugin.py took 0.033 seconds
[2025-04-23T05:06:21.622+0100] {processor.py:186} INFO - Started process (PID=75785) to work on /Users/francisayanbadejo/venvs_projects/my_proj/lib/python3.9/site-packages/airflow/example_dags/plugins/listener_plugin.py
[2025-04-23T05:06:21.624+0100] {processor.py:914} INFO - Processing file /Users/francisayanbadejo/venvs_projects/my_proj/lib/python3.9/site-packages/airflow/example_dags/plugins/listener_plugin.py for tasks to queue
[2025-04-23T05:06:21.624+0100] {logging_mixin.py:190} INFO - [2025-04-23T05:06:21.624+0100] {dagbag.py:588} INFO - Filling up the DagBag from /Users/francisayanbadejo/venvs_projects/my_proj/lib/python3.9/site-packages/airflow/example_dags/plugins/listener_plugin.py
[2025-04-23T05:06:21.625+0100] {processor.py:927} WARNING - No viable dags retrieved from /Users/francisayanbadejo/venvs_projects/my_proj/lib/python3.9/site-packages/airflow/example_dags/plugins/listener_plugin.py
[2025-04-23T05:06:21.654+0100] {processor.py:208} INFO - Processing /Users/francisayanbadejo/venvs_projects/my_proj/lib/python3.9/site-packages/airflow/example_dags/plugins/listener_plugin.py took 0.032 seconds
[2025-04-23T05:07:16.338+0100] {processor.py:186} INFO - Started process (PID=75900) to work on /Users/francisayanbadejo/venvs_projects/my_proj/lib/python3.9/site-packages/airflow/example_dags/plugins/listener_plugin.py
[2025-04-23T05:07:16.340+0100] {processor.py:914} INFO - Processing file /Users/francisayanbadejo/venvs_projects/my_proj/lib/python3.9/site-packages/airflow/example_dags/plugins/listener_plugin.py for tasks to queue
[2025-04-23T05:07:16.341+0100] {logging_mixin.py:190} INFO - [2025-04-23T05:07:16.341+0100] {dagbag.py:588} INFO - Filling up the DagBag from /Users/francisayanbadejo/venvs_projects/my_proj/lib/python3.9/site-packages/airflow/example_dags/plugins/listener_plugin.py
[2025-04-23T05:07:16.342+0100] {processor.py:927} WARNING - No viable dags retrieved from /Users/francisayanbadejo/venvs_projects/my_proj/lib/python3.9/site-packages/airflow/example_dags/plugins/listener_plugin.py
[2025-04-23T05:07:16.376+0100] {processor.py:208} INFO - Processing /Users/francisayanbadejo/venvs_projects/my_proj/lib/python3.9/site-packages/airflow/example_dags/plugins/listener_plugin.py took 0.039 seconds
[2025-04-23T05:08:13.306+0100] {processor.py:186} INFO - Started process (PID=76080) to work on /Users/francisayanbadejo/venvs_projects/my_proj/lib/python3.9/site-packages/airflow/example_dags/plugins/listener_plugin.py
[2025-04-23T05:08:13.308+0100] {processor.py:914} INFO - Processing file /Users/francisayanbadejo/venvs_projects/my_proj/lib/python3.9/site-packages/airflow/example_dags/plugins/listener_plugin.py for tasks to queue
[2025-04-23T05:08:13.309+0100] {logging_mixin.py:190} INFO - [2025-04-23T05:08:13.308+0100] {dagbag.py:588} INFO - Filling up the DagBag from /Users/francisayanbadejo/venvs_projects/my_proj/lib/python3.9/site-packages/airflow/example_dags/plugins/listener_plugin.py
[2025-04-23T05:08:13.309+0100] {processor.py:927} WARNING - No viable dags retrieved from /Users/francisayanbadejo/venvs_projects/my_proj/lib/python3.9/site-packages/airflow/example_dags/plugins/listener_plugin.py
[2025-04-23T05:08:13.338+0100] {processor.py:208} INFO - Processing /Users/francisayanbadejo/venvs_projects/my_proj/lib/python3.9/site-packages/airflow/example_dags/plugins/listener_plugin.py took 0.033 seconds
[2025-04-23T05:09:10.801+0100] {processor.py:186} INFO - Started process (PID=76356) to work on /Users/francisayanbadejo/venvs_projects/my_proj/lib/python3.9/site-packages/airflow/example_dags/plugins/listener_plugin.py
[2025-04-23T05:09:10.802+0100] {processor.py:914} INFO - Processing file /Users/francisayanbadejo/venvs_projects/my_proj/lib/python3.9/site-packages/airflow/example_dags/plugins/listener_plugin.py for tasks to queue
[2025-04-23T05:09:10.803+0100] {logging_mixin.py:190} INFO - [2025-04-23T05:09:10.803+0100] {dagbag.py:588} INFO - Filling up the DagBag from /Users/francisayanbadejo/venvs_projects/my_proj/lib/python3.9/site-packages/airflow/example_dags/plugins/listener_plugin.py
[2025-04-23T05:09:10.804+0100] {processor.py:927} WARNING - No viable dags retrieved from /Users/francisayanbadejo/venvs_projects/my_proj/lib/python3.9/site-packages/airflow/example_dags/plugins/listener_plugin.py
[2025-04-23T05:09:10.833+0100] {processor.py:208} INFO - Processing /Users/francisayanbadejo/venvs_projects/my_proj/lib/python3.9/site-packages/airflow/example_dags/plugins/listener_plugin.py took 0.033 seconds
[2025-04-23T05:18:20.260+0100] {processor.py:186} INFO - Started process (PID=77275) to work on /Users/francisayanbadejo/venvs_projects/my_proj/lib/python3.9/site-packages/airflow/example_dags/plugins/listener_plugin.py
[2025-04-23T05:18:20.261+0100] {processor.py:914} INFO - Processing file /Users/francisayanbadejo/venvs_projects/my_proj/lib/python3.9/site-packages/airflow/example_dags/plugins/listener_plugin.py for tasks to queue
[2025-04-23T05:18:20.262+0100] {logging_mixin.py:190} INFO - [2025-04-23T05:18:20.262+0100] {dagbag.py:588} INFO - Filling up the DagBag from /Users/francisayanbadejo/venvs_projects/my_proj/lib/python3.9/site-packages/airflow/example_dags/plugins/listener_plugin.py
[2025-04-23T05:18:20.263+0100] {processor.py:927} WARNING - No viable dags retrieved from /Users/francisayanbadejo/venvs_projects/my_proj/lib/python3.9/site-packages/airflow/example_dags/plugins/listener_plugin.py
[2025-04-23T05:18:20.292+0100] {processor.py:208} INFO - Processing /Users/francisayanbadejo/venvs_projects/my_proj/lib/python3.9/site-packages/airflow/example_dags/plugins/listener_plugin.py took 0.033 seconds
[2025-04-23T05:19:49.173+0100] {processor.py:186} INFO - Started process (PID=77437) to work on /Users/francisayanbadejo/venvs_projects/my_proj/lib/python3.9/site-packages/airflow/example_dags/plugins/listener_plugin.py
[2025-04-23T05:19:49.175+0100] {processor.py:914} INFO - Processing file /Users/francisayanbadejo/venvs_projects/my_proj/lib/python3.9/site-packages/airflow/example_dags/plugins/listener_plugin.py for tasks to queue
[2025-04-23T05:19:49.175+0100] {logging_mixin.py:190} INFO - [2025-04-23T05:19:49.175+0100] {dagbag.py:588} INFO - Filling up the DagBag from /Users/francisayanbadejo/venvs_projects/my_proj/lib/python3.9/site-packages/airflow/example_dags/plugins/listener_plugin.py
[2025-04-23T05:19:49.177+0100] {processor.py:927} WARNING - No viable dags retrieved from /Users/francisayanbadejo/venvs_projects/my_proj/lib/python3.9/site-packages/airflow/example_dags/plugins/listener_plugin.py
[2025-04-23T05:19:49.207+0100] {processor.py:208} INFO - Processing /Users/francisayanbadejo/venvs_projects/my_proj/lib/python3.9/site-packages/airflow/example_dags/plugins/listener_plugin.py took 0.036 seconds
[2025-04-23T05:20:47.672+0100] {processor.py:186} INFO - Started process (PID=77538) to work on /Users/francisayanbadejo/venvs_projects/my_proj/lib/python3.9/site-packages/airflow/example_dags/plugins/listener_plugin.py
[2025-04-23T05:20:47.674+0100] {processor.py:914} INFO - Processing file /Users/francisayanbadejo/venvs_projects/my_proj/lib/python3.9/site-packages/airflow/example_dags/plugins/listener_plugin.py for tasks to queue
[2025-04-23T05:20:47.675+0100] {logging_mixin.py:190} INFO - [2025-04-23T05:20:47.675+0100] {dagbag.py:588} INFO - Filling up the DagBag from /Users/francisayanbadejo/venvs_projects/my_proj/lib/python3.9/site-packages/airflow/example_dags/plugins/listener_plugin.py
[2025-04-23T05:20:47.676+0100] {processor.py:927} WARNING - No viable dags retrieved from /Users/francisayanbadejo/venvs_projects/my_proj/lib/python3.9/site-packages/airflow/example_dags/plugins/listener_plugin.py
[2025-04-23T05:20:47.705+0100] {processor.py:208} INFO - Processing /Users/francisayanbadejo/venvs_projects/my_proj/lib/python3.9/site-packages/airflow/example_dags/plugins/listener_plugin.py took 0.034 seconds
[2025-04-23T12:29:49.832+0100] {processor.py:186} INFO - Started process (PID=86312) to work on /Users/francisayanbadejo/venvs_projects/my_proj/lib/python3.9/site-packages/airflow/example_dags/plugins/listener_plugin.py
[2025-04-23T12:29:49.833+0100] {processor.py:914} INFO - Processing file /Users/francisayanbadejo/venvs_projects/my_proj/lib/python3.9/site-packages/airflow/example_dags/plugins/listener_plugin.py for tasks to queue
[2025-04-23T12:29:49.834+0100] {logging_mixin.py:190} INFO - [2025-04-23T12:29:49.834+0100] {dagbag.py:588} INFO - Filling up the DagBag from /Users/francisayanbadejo/venvs_projects/my_proj/lib/python3.9/site-packages/airflow/example_dags/plugins/listener_plugin.py
[2025-04-23T12:29:49.835+0100] {processor.py:927} WARNING - No viable dags retrieved from /Users/francisayanbadejo/venvs_projects/my_proj/lib/python3.9/site-packages/airflow/example_dags/plugins/listener_plugin.py
[2025-04-23T12:29:49.865+0100] {processor.py:208} INFO - Processing /Users/francisayanbadejo/venvs_projects/my_proj/lib/python3.9/site-packages/airflow/example_dags/plugins/listener_plugin.py took 0.033 seconds
