[2025-04-23T03:40:47.653+0100] {processor.py:186} INFO - Started process (PID=63330) to work on /Users/francisayanbadejo/venvs_projects/my_proj/lib/python3.9/site-packages/airflow/example_dags/plugins/workday.py
[2025-04-23T03:40:47.654+0100] {processor.py:914} INFO - Processing file /Users/francisayanbadejo/venvs_projects/my_proj/lib/python3.9/site-packages/airflow/example_dags/plugins/workday.py for tasks to queue
[2025-04-23T03:40:47.655+0100] {logging_mixin.py:190} INFO - [2025-04-23T03:40:47.655+0100] {dagbag.py:588} INFO - Filling up the DagBag from /Users/francisayanbadejo/venvs_projects/my_proj/lib/python3.9/site-packages/airflow/example_dags/plugins/workday.py
[2025-04-23T03:40:47.752+0100] {processor.py:927} WARNING - No viable dags retrieved from /Users/francisayanbadejo/venvs_projects/my_proj/lib/python3.9/site-packages/airflow/example_dags/plugins/workday.py
[2025-04-23T03:40:47.805+0100] {processor.py:208} INFO - Processing /Users/francisayanbadejo/venvs_projects/my_proj/lib/python3.9/site-packages/airflow/example_dags/plugins/workday.py took 0.153 seconds
[2025-04-23T03:44:12.065+0100] {processor.py:186} INFO - Started process (PID=64246) to work on /Users/francisayanbadejo/venvs_projects/my_proj/lib/python3.9/site-packages/airflow/example_dags/plugins/workday.py
[2025-04-23T03:44:12.067+0100] {processor.py:914} INFO - Processing file /Users/francisayanbadejo/venvs_projects/my_proj/lib/python3.9/site-packages/airflow/example_dags/plugins/workday.py for tasks to queue
[2025-04-23T03:44:12.068+0100] {logging_mixin.py:190} INFO - [2025-04-23T03:44:12.068+0100] {dagbag.py:588} INFO - Filling up the DagBag from /Users/francisayanbadejo/venvs_projects/my_proj/lib/python3.9/site-packages/airflow/example_dags/plugins/workday.py
[2025-04-23T03:44:12.163+0100] {processor.py:927} WARNING - No viable dags retrieved from /Users/francisayanbadejo/venvs_projects/my_proj/lib/python3.9/site-packages/airflow/example_dags/plugins/workday.py
[2025-04-23T03:44:12.230+0100] {processor.py:208} INFO - Processing /Users/francisayanbadejo/venvs_projects/my_proj/lib/python3.9/site-packages/airflow/example_dags/plugins/workday.py took 0.166 seconds
[2025-04-23T03:45:38.459+0100] {processor.py:186} INFO - Started process (PID=64431) to work on /Users/francisayanbadejo/venvs_projects/my_proj/lib/python3.9/site-packages/airflow/example_dags/plugins/workday.py
[2025-04-23T03:45:38.460+0100] {processor.py:914} INFO - Processing file /Users/francisayanbadejo/venvs_projects/my_proj/lib/python3.9/site-packages/airflow/example_dags/plugins/workday.py for tasks to queue
[2025-04-23T03:45:38.461+0100] {logging_mixin.py:190} INFO - [2025-04-23T03:45:38.461+0100] {dagbag.py:588} INFO - Filling up the DagBag from /Users/francisayanbadejo/venvs_projects/my_proj/lib/python3.9/site-packages/airflow/example_dags/plugins/workday.py
[2025-04-23T03:45:38.592+0100] {processor.py:927} WARNING - No viable dags retrieved from /Users/francisayanbadejo/venvs_projects/my_proj/lib/python3.9/site-packages/airflow/example_dags/plugins/workday.py
[2025-04-23T03:45:38.642+0100] {processor.py:208} INFO - Processing /Users/francisayanbadejo/venvs_projects/my_proj/lib/python3.9/site-packages/airflow/example_dags/plugins/workday.py took 0.185 seconds
[2025-04-23T03:46:36.466+0100] {processor.py:186} INFO - Started process (PID=64555) to work on /Users/francisayanbadejo/venvs_projects/my_proj/lib/python3.9/site-packages/airflow/example_dags/plugins/workday.py
[2025-04-23T03:46:36.467+0100] {processor.py:914} INFO - Processing file /Users/francisayanbadejo/venvs_projects/my_proj/lib/python3.9/site-packages/airflow/example_dags/plugins/workday.py for tasks to queue
[2025-04-23T03:46:36.468+0100] {logging_mixin.py:190} INFO - [2025-04-23T03:46:36.468+0100] {dagbag.py:588} INFO - Filling up the DagBag from /Users/francisayanbadejo/venvs_projects/my_proj/lib/python3.9/site-packages/airflow/example_dags/plugins/workday.py
[2025-04-23T03:46:36.604+0100] {processor.py:927} WARNING - No viable dags retrieved from /Users/francisayanbadejo/venvs_projects/my_proj/lib/python3.9/site-packages/airflow/example_dags/plugins/workday.py
[2025-04-23T03:46:36.654+0100] {processor.py:208} INFO - Processing /Users/francisayanbadejo/venvs_projects/my_proj/lib/python3.9/site-packages/airflow/example_dags/plugins/workday.py took 0.189 seconds
[2025-04-23T03:47:30.326+0100] {processor.py:186} INFO - Started process (PID=64677) to work on /Users/francisayanbadejo/venvs_projects/my_proj/lib/python3.9/site-packages/airflow/example_dags/plugins/workday.py
[2025-04-23T03:47:30.328+0100] {processor.py:914} INFO - Processing file /Users/francisayanbadejo/venvs_projects/my_proj/lib/python3.9/site-packages/airflow/example_dags/plugins/workday.py for tasks to queue
[2025-04-23T03:47:30.329+0100] {logging_mixin.py:190} INFO - [2025-04-23T03:47:30.329+0100] {dagbag.py:588} INFO - Filling up the DagBag from /Users/francisayanbadejo/venvs_projects/my_proj/lib/python3.9/site-packages/airflow/example_dags/plugins/workday.py
[2025-04-23T03:47:30.421+0100] {processor.py:927} WARNING - No viable dags retrieved from /Users/francisayanbadejo/venvs_projects/my_proj/lib/python3.9/site-packages/airflow/example_dags/plugins/workday.py
[2025-04-23T03:47:30.470+0100] {processor.py:208} INFO - Processing /Users/francisayanbadejo/venvs_projects/my_proj/lib/python3.9/site-packages/airflow/example_dags/plugins/workday.py took 0.145 seconds
[2025-04-23T03:48:24.555+0100] {processor.py:186} INFO - Started process (PID=64799) to work on /Users/francisayanbadejo/venvs_projects/my_proj/lib/python3.9/site-packages/airflow/example_dags/plugins/workday.py
[2025-04-23T03:48:24.556+0100] {processor.py:914} INFO - Processing file /Users/francisayanbadejo/venvs_projects/my_proj/lib/python3.9/site-packages/airflow/example_dags/plugins/workday.py for tasks to queue
[2025-04-23T03:48:24.557+0100] {logging_mixin.py:190} INFO - [2025-04-23T03:48:24.557+0100] {dagbag.py:588} INFO - Filling up the DagBag from /Users/francisayanbadejo/venvs_projects/my_proj/lib/python3.9/site-packages/airflow/example_dags/plugins/workday.py
[2025-04-23T03:48:24.696+0100] {processor.py:927} WARNING - No viable dags retrieved from /Users/francisayanbadejo/venvs_projects/my_proj/lib/python3.9/site-packages/airflow/example_dags/plugins/workday.py
[2025-04-23T03:48:24.748+0100] {processor.py:208} INFO - Processing /Users/francisayanbadejo/venvs_projects/my_proj/lib/python3.9/site-packages/airflow/example_dags/plugins/workday.py took 0.195 seconds
[2025-04-23T03:49:20.764+0100] {processor.py:186} INFO - Started process (PID=64923) to work on /Users/francisayanbadejo/venvs_projects/my_proj/lib/python3.9/site-packages/airflow/example_dags/plugins/workday.py
[2025-04-23T03:49:20.765+0100] {processor.py:914} INFO - Processing file /Users/francisayanbadejo/venvs_projects/my_proj/lib/python3.9/site-packages/airflow/example_dags/plugins/workday.py for tasks to queue
[2025-04-23T03:49:20.766+0100] {logging_mixin.py:190} INFO - [2025-04-23T03:49:20.766+0100] {dagbag.py:588} INFO - Filling up the DagBag from /Users/francisayanbadejo/venvs_projects/my_proj/lib/python3.9/site-packages/airflow/example_dags/plugins/workday.py
[2025-04-23T03:49:20.882+0100] {processor.py:927} WARNING - No viable dags retrieved from /Users/francisayanbadejo/venvs_projects/my_proj/lib/python3.9/site-packages/airflow/example_dags/plugins/workday.py
[2025-04-23T03:49:20.941+0100] {processor.py:208} INFO - Processing /Users/francisayanbadejo/venvs_projects/my_proj/lib/python3.9/site-packages/airflow/example_dags/plugins/workday.py took 0.178 seconds
[2025-04-23T03:50:15.872+0100] {processor.py:186} INFO - Started process (PID=65043) to work on /Users/francisayanbadejo/venvs_projects/my_proj/lib/python3.9/site-packages/airflow/example_dags/plugins/workday.py
[2025-04-23T03:50:15.873+0100] {processor.py:914} INFO - Processing file /Users/francisayanbadejo/venvs_projects/my_proj/lib/python3.9/site-packages/airflow/example_dags/plugins/workday.py for tasks to queue
[2025-04-23T03:50:15.874+0100] {logging_mixin.py:190} INFO - [2025-04-23T03:50:15.874+0100] {dagbag.py:588} INFO - Filling up the DagBag from /Users/francisayanbadejo/venvs_projects/my_proj/lib/python3.9/site-packages/airflow/example_dags/plugins/workday.py
[2025-04-23T03:50:16.013+0100] {processor.py:927} WARNING - No viable dags retrieved from /Users/francisayanbadejo/venvs_projects/my_proj/lib/python3.9/site-packages/airflow/example_dags/plugins/workday.py
[2025-04-23T03:50:16.068+0100] {processor.py:208} INFO - Processing /Users/francisayanbadejo/venvs_projects/my_proj/lib/python3.9/site-packages/airflow/example_dags/plugins/workday.py took 0.198 seconds
[2025-04-23T03:51:10.541+0100] {processor.py:186} INFO - Started process (PID=65165) to work on /Users/francisayanbadejo/venvs_projects/my_proj/lib/python3.9/site-packages/airflow/example_dags/plugins/workday.py
[2025-04-23T03:51:10.543+0100] {processor.py:914} INFO - Processing file /Users/francisayanbadejo/venvs_projects/my_proj/lib/python3.9/site-packages/airflow/example_dags/plugins/workday.py for tasks to queue
[2025-04-23T03:51:10.544+0100] {logging_mixin.py:190} INFO - [2025-04-23T03:51:10.544+0100] {dagbag.py:588} INFO - Filling up the DagBag from /Users/francisayanbadejo/venvs_projects/my_proj/lib/python3.9/site-packages/airflow/example_dags/plugins/workday.py
[2025-04-23T03:51:10.650+0100] {processor.py:927} WARNING - No viable dags retrieved from /Users/francisayanbadejo/venvs_projects/my_proj/lib/python3.9/site-packages/airflow/example_dags/plugins/workday.py
[2025-04-23T03:51:10.704+0100] {processor.py:208} INFO - Processing /Users/francisayanbadejo/venvs_projects/my_proj/lib/python3.9/site-packages/airflow/example_dags/plugins/workday.py took 0.166 seconds
[2025-04-23T03:52:09.422+0100] {processor.py:186} INFO - Started process (PID=65292) to work on /Users/francisayanbadejo/venvs_projects/my_proj/lib/python3.9/site-packages/airflow/example_dags/plugins/workday.py
[2025-04-23T03:52:09.423+0100] {processor.py:914} INFO - Processing file /Users/francisayanbadejo/venvs_projects/my_proj/lib/python3.9/site-packages/airflow/example_dags/plugins/workday.py for tasks to queue
[2025-04-23T03:52:09.423+0100] {logging_mixin.py:190} INFO - [2025-04-23T03:52:09.423+0100] {dagbag.py:588} INFO - Filling up the DagBag from /Users/francisayanbadejo/venvs_projects/my_proj/lib/python3.9/site-packages/airflow/example_dags/plugins/workday.py
[2025-04-23T03:52:09.529+0100] {processor.py:927} WARNING - No viable dags retrieved from /Users/francisayanbadejo/venvs_projects/my_proj/lib/python3.9/site-packages/airflow/example_dags/plugins/workday.py
[2025-04-23T03:52:09.581+0100] {processor.py:208} INFO - Processing /Users/francisayanbadejo/venvs_projects/my_proj/lib/python3.9/site-packages/airflow/example_dags/plugins/workday.py took 0.161 seconds
[2025-04-23T03:53:07.750+0100] {processor.py:186} INFO - Started process (PID=65422) to work on /Users/francisayanbadejo/venvs_projects/my_proj/lib/python3.9/site-packages/airflow/example_dags/plugins/workday.py
[2025-04-23T03:53:07.752+0100] {processor.py:914} INFO - Processing file /Users/francisayanbadejo/venvs_projects/my_proj/lib/python3.9/site-packages/airflow/example_dags/plugins/workday.py for tasks to queue
[2025-04-23T03:53:07.753+0100] {logging_mixin.py:190} INFO - [2025-04-23T03:53:07.753+0100] {dagbag.py:588} INFO - Filling up the DagBag from /Users/francisayanbadejo/venvs_projects/my_proj/lib/python3.9/site-packages/airflow/example_dags/plugins/workday.py
[2025-04-23T03:53:07.862+0100] {processor.py:927} WARNING - No viable dags retrieved from /Users/francisayanbadejo/venvs_projects/my_proj/lib/python3.9/site-packages/airflow/example_dags/plugins/workday.py
[2025-04-23T03:53:07.913+0100] {processor.py:208} INFO - Processing /Users/francisayanbadejo/venvs_projects/my_proj/lib/python3.9/site-packages/airflow/example_dags/plugins/workday.py took 0.164 seconds
[2025-04-23T03:54:05.793+0100] {processor.py:186} INFO - Started process (PID=65547) to work on /Users/francisayanbadejo/venvs_projects/my_proj/lib/python3.9/site-packages/airflow/example_dags/plugins/workday.py
[2025-04-23T03:54:05.795+0100] {processor.py:914} INFO - Processing file /Users/francisayanbadejo/venvs_projects/my_proj/lib/python3.9/site-packages/airflow/example_dags/plugins/workday.py for tasks to queue
[2025-04-23T03:54:05.796+0100] {logging_mixin.py:190} INFO - [2025-04-23T03:54:05.795+0100] {dagbag.py:588} INFO - Filling up the DagBag from /Users/francisayanbadejo/venvs_projects/my_proj/lib/python3.9/site-packages/airflow/example_dags/plugins/workday.py
[2025-04-23T03:54:05.947+0100] {processor.py:927} WARNING - No viable dags retrieved from /Users/francisayanbadejo/venvs_projects/my_proj/lib/python3.9/site-packages/airflow/example_dags/plugins/workday.py
[2025-04-23T03:54:05.998+0100] {processor.py:208} INFO - Processing /Users/francisayanbadejo/venvs_projects/my_proj/lib/python3.9/site-packages/airflow/example_dags/plugins/workday.py took 0.206 seconds
[2025-04-23T03:55:05.598+0100] {processor.py:186} INFO - Started process (PID=65677) to work on /Users/francisayanbadejo/venvs_projects/my_proj/lib/python3.9/site-packages/airflow/example_dags/plugins/workday.py
[2025-04-23T03:55:05.600+0100] {processor.py:914} INFO - Processing file /Users/francisayanbadejo/venvs_projects/my_proj/lib/python3.9/site-packages/airflow/example_dags/plugins/workday.py for tasks to queue
[2025-04-23T03:55:05.600+0100] {logging_mixin.py:190} INFO - [2025-04-23T03:55:05.600+0100] {dagbag.py:588} INFO - Filling up the DagBag from /Users/francisayanbadejo/venvs_projects/my_proj/lib/python3.9/site-packages/airflow/example_dags/plugins/workday.py
[2025-04-23T03:55:05.745+0100] {processor.py:927} WARNING - No viable dags retrieved from /Users/francisayanbadejo/venvs_projects/my_proj/lib/python3.9/site-packages/airflow/example_dags/plugins/workday.py
[2025-04-23T03:55:05.797+0100] {processor.py:208} INFO - Processing /Users/francisayanbadejo/venvs_projects/my_proj/lib/python3.9/site-packages/airflow/example_dags/plugins/workday.py took 0.200 seconds
[2025-04-23T03:56:05.300+0100] {processor.py:186} INFO - Started process (PID=65804) to work on /Users/francisayanbadejo/venvs_projects/my_proj/lib/python3.9/site-packages/airflow/example_dags/plugins/workday.py
[2025-04-23T03:56:05.302+0100] {processor.py:914} INFO - Processing file /Users/francisayanbadejo/venvs_projects/my_proj/lib/python3.9/site-packages/airflow/example_dags/plugins/workday.py for tasks to queue
[2025-04-23T03:56:05.303+0100] {logging_mixin.py:190} INFO - [2025-04-23T03:56:05.303+0100] {dagbag.py:588} INFO - Filling up the DagBag from /Users/francisayanbadejo/venvs_projects/my_proj/lib/python3.9/site-packages/airflow/example_dags/plugins/workday.py
[2025-04-23T03:56:05.443+0100] {processor.py:927} WARNING - No viable dags retrieved from /Users/francisayanbadejo/venvs_projects/my_proj/lib/python3.9/site-packages/airflow/example_dags/plugins/workday.py
[2025-04-23T03:56:05.495+0100] {processor.py:208} INFO - Processing /Users/francisayanbadejo/venvs_projects/my_proj/lib/python3.9/site-packages/airflow/example_dags/plugins/workday.py took 0.196 seconds
[2025-04-23T03:57:03.604+0100] {processor.py:186} INFO - Started process (PID=65932) to work on /Users/francisayanbadejo/venvs_projects/my_proj/lib/python3.9/site-packages/airflow/example_dags/plugins/workday.py
[2025-04-23T03:57:03.606+0100] {processor.py:914} INFO - Processing file /Users/francisayanbadejo/venvs_projects/my_proj/lib/python3.9/site-packages/airflow/example_dags/plugins/workday.py for tasks to queue
[2025-04-23T03:57:03.607+0100] {logging_mixin.py:190} INFO - [2025-04-23T03:57:03.607+0100] {dagbag.py:588} INFO - Filling up the DagBag from /Users/francisayanbadejo/venvs_projects/my_proj/lib/python3.9/site-packages/airflow/example_dags/plugins/workday.py
[2025-04-23T03:57:03.755+0100] {processor.py:927} WARNING - No viable dags retrieved from /Users/francisayanbadejo/venvs_projects/my_proj/lib/python3.9/site-packages/airflow/example_dags/plugins/workday.py
[2025-04-23T03:57:03.812+0100] {processor.py:208} INFO - Processing /Users/francisayanbadejo/venvs_projects/my_proj/lib/python3.9/site-packages/airflow/example_dags/plugins/workday.py took 0.209 seconds
[2025-04-23T03:58:01.718+0100] {processor.py:186} INFO - Started process (PID=66056) to work on /Users/francisayanbadejo/venvs_projects/my_proj/lib/python3.9/site-packages/airflow/example_dags/plugins/workday.py
[2025-04-23T03:58:01.719+0100] {processor.py:914} INFO - Processing file /Users/francisayanbadejo/venvs_projects/my_proj/lib/python3.9/site-packages/airflow/example_dags/plugins/workday.py for tasks to queue
[2025-04-23T03:58:01.719+0100] {logging_mixin.py:190} INFO - [2025-04-23T03:58:01.719+0100] {dagbag.py:588} INFO - Filling up the DagBag from /Users/francisayanbadejo/venvs_projects/my_proj/lib/python3.9/site-packages/airflow/example_dags/plugins/workday.py
[2025-04-23T03:58:01.877+0100] {processor.py:927} WARNING - No viable dags retrieved from /Users/francisayanbadejo/venvs_projects/my_proj/lib/python3.9/site-packages/airflow/example_dags/plugins/workday.py
[2025-04-23T03:58:01.931+0100] {processor.py:208} INFO - Processing /Users/francisayanbadejo/venvs_projects/my_proj/lib/python3.9/site-packages/airflow/example_dags/plugins/workday.py took 0.214 seconds
[2025-04-23T03:59:06.797+0100] {processor.py:186} INFO - Started process (PID=66162) to work on /Users/francisayanbadejo/venvs_projects/my_proj/lib/python3.9/site-packages/airflow/example_dags/plugins/workday.py
[2025-04-23T03:59:06.798+0100] {processor.py:914} INFO - Processing file /Users/francisayanbadejo/venvs_projects/my_proj/lib/python3.9/site-packages/airflow/example_dags/plugins/workday.py for tasks to queue
[2025-04-23T03:59:06.798+0100] {logging_mixin.py:190} INFO - [2025-04-23T03:59:06.798+0100] {dagbag.py:588} INFO - Filling up the DagBag from /Users/francisayanbadejo/venvs_projects/my_proj/lib/python3.9/site-packages/airflow/example_dags/plugins/workday.py
[2025-04-23T03:59:06.933+0100] {processor.py:927} WARNING - No viable dags retrieved from /Users/francisayanbadejo/venvs_projects/my_proj/lib/python3.9/site-packages/airflow/example_dags/plugins/workday.py
[2025-04-23T03:59:06.995+0100] {processor.py:208} INFO - Processing /Users/francisayanbadejo/venvs_projects/my_proj/lib/python3.9/site-packages/airflow/example_dags/plugins/workday.py took 0.200 seconds
[2025-04-23T04:00:14.477+0100] {processor.py:186} INFO - Started process (PID=66275) to work on /Users/francisayanbadejo/venvs_projects/my_proj/lib/python3.9/site-packages/airflow/example_dags/plugins/workday.py
[2025-04-23T04:00:14.477+0100] {processor.py:914} INFO - Processing file /Users/francisayanbadejo/venvs_projects/my_proj/lib/python3.9/site-packages/airflow/example_dags/plugins/workday.py for tasks to queue
[2025-04-23T04:00:14.477+0100] {logging_mixin.py:190} INFO - [2025-04-23T04:00:14.477+0100] {dagbag.py:588} INFO - Filling up the DagBag from /Users/francisayanbadejo/venvs_projects/my_proj/lib/python3.9/site-packages/airflow/example_dags/plugins/workday.py
[2025-04-23T04:00:14.579+0100] {processor.py:927} WARNING - No viable dags retrieved from /Users/francisayanbadejo/venvs_projects/my_proj/lib/python3.9/site-packages/airflow/example_dags/plugins/workday.py
[2025-04-23T04:00:14.629+0100] {processor.py:208} INFO - Processing /Users/francisayanbadejo/venvs_projects/my_proj/lib/python3.9/site-packages/airflow/example_dags/plugins/workday.py took 0.154 seconds
[2025-04-23T04:01:13.491+0100] {processor.py:186} INFO - Started process (PID=66386) to work on /Users/francisayanbadejo/venvs_projects/my_proj/lib/python3.9/site-packages/airflow/example_dags/plugins/workday.py
[2025-04-23T04:01:13.491+0100] {processor.py:914} INFO - Processing file /Users/francisayanbadejo/venvs_projects/my_proj/lib/python3.9/site-packages/airflow/example_dags/plugins/workday.py for tasks to queue
[2025-04-23T04:01:13.491+0100] {logging_mixin.py:190} INFO - [2025-04-23T04:01:13.491+0100] {dagbag.py:588} INFO - Filling up the DagBag from /Users/francisayanbadejo/venvs_projects/my_proj/lib/python3.9/site-packages/airflow/example_dags/plugins/workday.py
[2025-04-23T04:01:13.621+0100] {processor.py:927} WARNING - No viable dags retrieved from /Users/francisayanbadejo/venvs_projects/my_proj/lib/python3.9/site-packages/airflow/example_dags/plugins/workday.py
[2025-04-23T04:01:13.671+0100] {processor.py:208} INFO - Processing /Users/francisayanbadejo/venvs_projects/my_proj/lib/python3.9/site-packages/airflow/example_dags/plugins/workday.py took 0.181 seconds
[2025-04-23T04:02:09.016+0100] {processor.py:186} INFO - Started process (PID=66486) to work on /Users/francisayanbadejo/venvs_projects/my_proj/lib/python3.9/site-packages/airflow/example_dags/plugins/workday.py
[2025-04-23T04:02:09.017+0100] {processor.py:914} INFO - Processing file /Users/francisayanbadejo/venvs_projects/my_proj/lib/python3.9/site-packages/airflow/example_dags/plugins/workday.py for tasks to queue
[2025-04-23T04:02:09.017+0100] {logging_mixin.py:190} INFO - [2025-04-23T04:02:09.017+0100] {dagbag.py:588} INFO - Filling up the DagBag from /Users/francisayanbadejo/venvs_projects/my_proj/lib/python3.9/site-packages/airflow/example_dags/plugins/workday.py
[2025-04-23T04:02:09.110+0100] {processor.py:927} WARNING - No viable dags retrieved from /Users/francisayanbadejo/venvs_projects/my_proj/lib/python3.9/site-packages/airflow/example_dags/plugins/workday.py
[2025-04-23T04:02:09.160+0100] {processor.py:208} INFO - Processing /Users/francisayanbadejo/venvs_projects/my_proj/lib/python3.9/site-packages/airflow/example_dags/plugins/workday.py took 0.145 seconds
[2025-04-23T04:03:04.163+0100] {processor.py:186} INFO - Started process (PID=66585) to work on /Users/francisayanbadejo/venvs_projects/my_proj/lib/python3.9/site-packages/airflow/example_dags/plugins/workday.py
[2025-04-23T04:03:04.164+0100] {processor.py:914} INFO - Processing file /Users/francisayanbadejo/venvs_projects/my_proj/lib/python3.9/site-packages/airflow/example_dags/plugins/workday.py for tasks to queue
[2025-04-23T04:03:04.164+0100] {logging_mixin.py:190} INFO - [2025-04-23T04:03:04.164+0100] {dagbag.py:588} INFO - Filling up the DagBag from /Users/francisayanbadejo/venvs_projects/my_proj/lib/python3.9/site-packages/airflow/example_dags/plugins/workday.py
[2025-04-23T04:03:04.303+0100] {processor.py:927} WARNING - No viable dags retrieved from /Users/francisayanbadejo/venvs_projects/my_proj/lib/python3.9/site-packages/airflow/example_dags/plugins/workday.py
[2025-04-23T04:03:04.353+0100] {processor.py:208} INFO - Processing /Users/francisayanbadejo/venvs_projects/my_proj/lib/python3.9/site-packages/airflow/example_dags/plugins/workday.py took 0.191 seconds
[2025-04-23T04:04:02.482+0100] {processor.py:186} INFO - Started process (PID=66729) to work on /Users/francisayanbadejo/venvs_projects/my_proj/lib/python3.9/site-packages/airflow/example_dags/plugins/workday.py
[2025-04-23T04:04:02.482+0100] {processor.py:914} INFO - Processing file /Users/francisayanbadejo/venvs_projects/my_proj/lib/python3.9/site-packages/airflow/example_dags/plugins/workday.py for tasks to queue
[2025-04-23T04:04:02.483+0100] {logging_mixin.py:190} INFO - [2025-04-23T04:04:02.483+0100] {dagbag.py:588} INFO - Filling up the DagBag from /Users/francisayanbadejo/venvs_projects/my_proj/lib/python3.9/site-packages/airflow/example_dags/plugins/workday.py
[2025-04-23T04:04:02.614+0100] {processor.py:927} WARNING - No viable dags retrieved from /Users/francisayanbadejo/venvs_projects/my_proj/lib/python3.9/site-packages/airflow/example_dags/plugins/workday.py
[2025-04-23T04:04:02.667+0100] {processor.py:208} INFO - Processing /Users/francisayanbadejo/venvs_projects/my_proj/lib/python3.9/site-packages/airflow/example_dags/plugins/workday.py took 0.186 seconds
[2025-04-23T04:05:01.403+0100] {processor.py:186} INFO - Started process (PID=66841) to work on /Users/francisayanbadejo/venvs_projects/my_proj/lib/python3.9/site-packages/airflow/example_dags/plugins/workday.py
[2025-04-23T04:05:01.403+0100] {processor.py:914} INFO - Processing file /Users/francisayanbadejo/venvs_projects/my_proj/lib/python3.9/site-packages/airflow/example_dags/plugins/workday.py for tasks to queue
[2025-04-23T04:05:01.404+0100] {logging_mixin.py:190} INFO - [2025-04-23T04:05:01.404+0100] {dagbag.py:588} INFO - Filling up the DagBag from /Users/francisayanbadejo/venvs_projects/my_proj/lib/python3.9/site-packages/airflow/example_dags/plugins/workday.py
[2025-04-23T04:05:01.565+0100] {processor.py:927} WARNING - No viable dags retrieved from /Users/francisayanbadejo/venvs_projects/my_proj/lib/python3.9/site-packages/airflow/example_dags/plugins/workday.py
[2025-04-23T04:05:01.629+0100] {processor.py:208} INFO - Processing /Users/francisayanbadejo/venvs_projects/my_proj/lib/python3.9/site-packages/airflow/example_dags/plugins/workday.py took 0.228 seconds
[2025-04-23T04:06:05.417+0100] {processor.py:186} INFO - Started process (PID=66948) to work on /Users/francisayanbadejo/venvs_projects/my_proj/lib/python3.9/site-packages/airflow/example_dags/plugins/workday.py
[2025-04-23T04:06:05.418+0100] {processor.py:914} INFO - Processing file /Users/francisayanbadejo/venvs_projects/my_proj/lib/python3.9/site-packages/airflow/example_dags/plugins/workday.py for tasks to queue
[2025-04-23T04:06:05.418+0100] {logging_mixin.py:190} INFO - [2025-04-23T04:06:05.418+0100] {dagbag.py:588} INFO - Filling up the DagBag from /Users/francisayanbadejo/venvs_projects/my_proj/lib/python3.9/site-packages/airflow/example_dags/plugins/workday.py
[2025-04-23T04:06:05.515+0100] {processor.py:927} WARNING - No viable dags retrieved from /Users/francisayanbadejo/venvs_projects/my_proj/lib/python3.9/site-packages/airflow/example_dags/plugins/workday.py
[2025-04-23T04:06:05.564+0100] {processor.py:208} INFO - Processing /Users/francisayanbadejo/venvs_projects/my_proj/lib/python3.9/site-packages/airflow/example_dags/plugins/workday.py took 0.148 seconds
[2025-04-23T04:06:57.849+0100] {processor.py:186} INFO - Started process (PID=67067) to work on /Users/francisayanbadejo/venvs_projects/my_proj/lib/python3.9/site-packages/airflow/example_dags/plugins/workday.py
[2025-04-23T04:06:57.850+0100] {processor.py:914} INFO - Processing file /Users/francisayanbadejo/venvs_projects/my_proj/lib/python3.9/site-packages/airflow/example_dags/plugins/workday.py for tasks to queue
[2025-04-23T04:06:57.850+0100] {logging_mixin.py:190} INFO - [2025-04-23T04:06:57.850+0100] {dagbag.py:588} INFO - Filling up the DagBag from /Users/francisayanbadejo/venvs_projects/my_proj/lib/python3.9/site-packages/airflow/example_dags/plugins/workday.py
[2025-04-23T04:06:57.988+0100] {processor.py:927} WARNING - No viable dags retrieved from /Users/francisayanbadejo/venvs_projects/my_proj/lib/python3.9/site-packages/airflow/example_dags/plugins/workday.py
[2025-04-23T04:06:58.038+0100] {processor.py:208} INFO - Processing /Users/francisayanbadejo/venvs_projects/my_proj/lib/python3.9/site-packages/airflow/example_dags/plugins/workday.py took 0.190 seconds
[2025-04-23T04:18:18.416+0100] {processor.py:186} INFO - Started process (PID=68890) to work on /Users/francisayanbadejo/venvs_projects/my_proj/lib/python3.9/site-packages/airflow/example_dags/plugins/workday.py
[2025-04-23T04:18:18.417+0100] {processor.py:914} INFO - Processing file /Users/francisayanbadejo/venvs_projects/my_proj/lib/python3.9/site-packages/airflow/example_dags/plugins/workday.py for tasks to queue
[2025-04-23T04:18:18.418+0100] {logging_mixin.py:190} INFO - [2025-04-23T04:18:18.418+0100] {dagbag.py:588} INFO - Filling up the DagBag from /Users/francisayanbadejo/venvs_projects/my_proj/lib/python3.9/site-packages/airflow/example_dags/plugins/workday.py
[2025-04-23T04:18:18.511+0100] {processor.py:927} WARNING - No viable dags retrieved from /Users/francisayanbadejo/venvs_projects/my_proj/lib/python3.9/site-packages/airflow/example_dags/plugins/workday.py
[2025-04-23T04:18:18.560+0100] {processor.py:208} INFO - Processing /Users/francisayanbadejo/venvs_projects/my_proj/lib/python3.9/site-packages/airflow/example_dags/plugins/workday.py took 0.146 seconds
[2025-04-23T04:19:42.632+0100] {processor.py:186} INFO - Started process (PID=69037) to work on /Users/francisayanbadejo/venvs_projects/my_proj/lib/python3.9/site-packages/airflow/example_dags/plugins/workday.py
[2025-04-23T04:19:42.633+0100] {processor.py:914} INFO - Processing file /Users/francisayanbadejo/venvs_projects/my_proj/lib/python3.9/site-packages/airflow/example_dags/plugins/workday.py for tasks to queue
[2025-04-23T04:19:42.634+0100] {logging_mixin.py:190} INFO - [2025-04-23T04:19:42.634+0100] {dagbag.py:588} INFO - Filling up the DagBag from /Users/francisayanbadejo/venvs_projects/my_proj/lib/python3.9/site-packages/airflow/example_dags/plugins/workday.py
[2025-04-23T04:19:42.769+0100] {processor.py:927} WARNING - No viable dags retrieved from /Users/francisayanbadejo/venvs_projects/my_proj/lib/python3.9/site-packages/airflow/example_dags/plugins/workday.py
[2025-04-23T04:19:42.817+0100] {processor.py:208} INFO - Processing /Users/francisayanbadejo/venvs_projects/my_proj/lib/python3.9/site-packages/airflow/example_dags/plugins/workday.py took 0.187 seconds
[2025-04-23T04:20:59.889+0100] {processor.py:186} INFO - Started process (PID=69459) to work on /Users/francisayanbadejo/venvs_projects/my_proj/lib/python3.9/site-packages/airflow/example_dags/plugins/workday.py
[2025-04-23T04:20:59.890+0100] {processor.py:914} INFO - Processing file /Users/francisayanbadejo/venvs_projects/my_proj/lib/python3.9/site-packages/airflow/example_dags/plugins/workday.py for tasks to queue
[2025-04-23T04:20:59.891+0100] {logging_mixin.py:190} INFO - [2025-04-23T04:20:59.891+0100] {dagbag.py:588} INFO - Filling up the DagBag from /Users/francisayanbadejo/venvs_projects/my_proj/lib/python3.9/site-packages/airflow/example_dags/plugins/workday.py
[2025-04-23T04:20:59.990+0100] {processor.py:927} WARNING - No viable dags retrieved from /Users/francisayanbadejo/venvs_projects/my_proj/lib/python3.9/site-packages/airflow/example_dags/plugins/workday.py
[2025-04-23T04:21:00.039+0100] {processor.py:208} INFO - Processing /Users/francisayanbadejo/venvs_projects/my_proj/lib/python3.9/site-packages/airflow/example_dags/plugins/workday.py took 0.151 seconds
[2025-04-23T04:22:27.498+0100] {processor.py:186} INFO - Started process (PID=69635) to work on /Users/francisayanbadejo/venvs_projects/my_proj/lib/python3.9/site-packages/airflow/example_dags/plugins/workday.py
[2025-04-23T04:22:27.499+0100] {processor.py:914} INFO - Processing file /Users/francisayanbadejo/venvs_projects/my_proj/lib/python3.9/site-packages/airflow/example_dags/plugins/workday.py for tasks to queue
[2025-04-23T04:22:27.500+0100] {logging_mixin.py:190} INFO - [2025-04-23T04:22:27.500+0100] {dagbag.py:588} INFO - Filling up the DagBag from /Users/francisayanbadejo/venvs_projects/my_proj/lib/python3.9/site-packages/airflow/example_dags/plugins/workday.py
[2025-04-23T04:22:27.637+0100] {processor.py:927} WARNING - No viable dags retrieved from /Users/francisayanbadejo/venvs_projects/my_proj/lib/python3.9/site-packages/airflow/example_dags/plugins/workday.py
[2025-04-23T04:22:27.687+0100] {processor.py:208} INFO - Processing /Users/francisayanbadejo/venvs_projects/my_proj/lib/python3.9/site-packages/airflow/example_dags/plugins/workday.py took 0.190 seconds
[2025-04-23T04:23:24.523+0100] {processor.py:186} INFO - Started process (PID=69769) to work on /Users/francisayanbadejo/venvs_projects/my_proj/lib/python3.9/site-packages/airflow/example_dags/plugins/workday.py
[2025-04-23T04:23:24.524+0100] {processor.py:914} INFO - Processing file /Users/francisayanbadejo/venvs_projects/my_proj/lib/python3.9/site-packages/airflow/example_dags/plugins/workday.py for tasks to queue
[2025-04-23T04:23:24.525+0100] {logging_mixin.py:190} INFO - [2025-04-23T04:23:24.525+0100] {dagbag.py:588} INFO - Filling up the DagBag from /Users/francisayanbadejo/venvs_projects/my_proj/lib/python3.9/site-packages/airflow/example_dags/plugins/workday.py
[2025-04-23T04:23:24.630+0100] {processor.py:927} WARNING - No viable dags retrieved from /Users/francisayanbadejo/venvs_projects/my_proj/lib/python3.9/site-packages/airflow/example_dags/plugins/workday.py
[2025-04-23T04:23:24.679+0100] {processor.py:208} INFO - Processing /Users/francisayanbadejo/venvs_projects/my_proj/lib/python3.9/site-packages/airflow/example_dags/plugins/workday.py took 0.158 seconds
[2025-04-23T04:24:22.675+0100] {processor.py:186} INFO - Started process (PID=70035) to work on /Users/francisayanbadejo/venvs_projects/my_proj/lib/python3.9/site-packages/airflow/example_dags/plugins/workday.py
[2025-04-23T04:24:22.676+0100] {processor.py:914} INFO - Processing file /Users/francisayanbadejo/venvs_projects/my_proj/lib/python3.9/site-packages/airflow/example_dags/plugins/workday.py for tasks to queue
[2025-04-23T04:24:22.677+0100] {logging_mixin.py:190} INFO - [2025-04-23T04:24:22.677+0100] {dagbag.py:588} INFO - Filling up the DagBag from /Users/francisayanbadejo/venvs_projects/my_proj/lib/python3.9/site-packages/airflow/example_dags/plugins/workday.py
[2025-04-23T04:24:22.813+0100] {processor.py:927} WARNING - No viable dags retrieved from /Users/francisayanbadejo/venvs_projects/my_proj/lib/python3.9/site-packages/airflow/example_dags/plugins/workday.py
[2025-04-23T04:24:22.864+0100] {processor.py:208} INFO - Processing /Users/francisayanbadejo/venvs_projects/my_proj/lib/python3.9/site-packages/airflow/example_dags/plugins/workday.py took 0.190 seconds
[2025-04-23T04:25:26.116+0100] {processor.py:186} INFO - Started process (PID=70461) to work on /Users/francisayanbadejo/venvs_projects/my_proj/lib/python3.9/site-packages/airflow/example_dags/plugins/workday.py
[2025-04-23T04:25:26.117+0100] {processor.py:914} INFO - Processing file /Users/francisayanbadejo/venvs_projects/my_proj/lib/python3.9/site-packages/airflow/example_dags/plugins/workday.py for tasks to queue
[2025-04-23T04:25:26.118+0100] {logging_mixin.py:190} INFO - [2025-04-23T04:25:26.118+0100] {dagbag.py:588} INFO - Filling up the DagBag from /Users/francisayanbadejo/venvs_projects/my_proj/lib/python3.9/site-packages/airflow/example_dags/plugins/workday.py
[2025-04-23T04:25:26.215+0100] {processor.py:927} WARNING - No viable dags retrieved from /Users/francisayanbadejo/venvs_projects/my_proj/lib/python3.9/site-packages/airflow/example_dags/plugins/workday.py
[2025-04-23T04:25:26.264+0100] {processor.py:208} INFO - Processing /Users/francisayanbadejo/venvs_projects/my_proj/lib/python3.9/site-packages/airflow/example_dags/plugins/workday.py took 0.149 seconds
[2025-04-23T04:27:51.238+0100] {processor.py:186} INFO - Started process (PID=71223) to work on /Users/francisayanbadejo/venvs_projects/my_proj/lib/python3.9/site-packages/airflow/example_dags/plugins/workday.py
[2025-04-23T04:27:51.239+0100] {processor.py:914} INFO - Processing file /Users/francisayanbadejo/venvs_projects/my_proj/lib/python3.9/site-packages/airflow/example_dags/plugins/workday.py for tasks to queue
[2025-04-23T04:27:51.240+0100] {logging_mixin.py:190} INFO - [2025-04-23T04:27:51.240+0100] {dagbag.py:588} INFO - Filling up the DagBag from /Users/francisayanbadejo/venvs_projects/my_proj/lib/python3.9/site-packages/airflow/example_dags/plugins/workday.py
[2025-04-23T04:27:51.342+0100] {processor.py:927} WARNING - No viable dags retrieved from /Users/francisayanbadejo/venvs_projects/my_proj/lib/python3.9/site-packages/airflow/example_dags/plugins/workday.py
[2025-04-23T04:27:51.393+0100] {processor.py:208} INFO - Processing /Users/francisayanbadejo/venvs_projects/my_proj/lib/python3.9/site-packages/airflow/example_dags/plugins/workday.py took 0.157 seconds
[2025-04-23T04:29:16.244+0100] {processor.py:186} INFO - Started process (PID=71367) to work on /Users/francisayanbadejo/venvs_projects/my_proj/lib/python3.9/site-packages/airflow/example_dags/plugins/workday.py
[2025-04-23T04:29:16.245+0100] {processor.py:914} INFO - Processing file /Users/francisayanbadejo/venvs_projects/my_proj/lib/python3.9/site-packages/airflow/example_dags/plugins/workday.py for tasks to queue
[2025-04-23T04:29:16.246+0100] {logging_mixin.py:190} INFO - [2025-04-23T04:29:16.246+0100] {dagbag.py:588} INFO - Filling up the DagBag from /Users/francisayanbadejo/venvs_projects/my_proj/lib/python3.9/site-packages/airflow/example_dags/plugins/workday.py
[2025-04-23T04:29:16.393+0100] {processor.py:927} WARNING - No viable dags retrieved from /Users/francisayanbadejo/venvs_projects/my_proj/lib/python3.9/site-packages/airflow/example_dags/plugins/workday.py
[2025-04-23T04:29:16.443+0100] {processor.py:208} INFO - Processing /Users/francisayanbadejo/venvs_projects/my_proj/lib/python3.9/site-packages/airflow/example_dags/plugins/workday.py took 0.200 seconds
[2025-04-23T04:30:13.703+0100] {processor.py:186} INFO - Started process (PID=71557) to work on /Users/francisayanbadejo/venvs_projects/my_proj/lib/python3.9/site-packages/airflow/example_dags/plugins/workday.py
[2025-04-23T04:30:13.705+0100] {processor.py:914} INFO - Processing file /Users/francisayanbadejo/venvs_projects/my_proj/lib/python3.9/site-packages/airflow/example_dags/plugins/workday.py for tasks to queue
[2025-04-23T04:30:13.705+0100] {logging_mixin.py:190} INFO - [2025-04-23T04:30:13.705+0100] {dagbag.py:588} INFO - Filling up the DagBag from /Users/francisayanbadejo/venvs_projects/my_proj/lib/python3.9/site-packages/airflow/example_dags/plugins/workday.py
[2025-04-23T04:30:13.815+0100] {processor.py:927} WARNING - No viable dags retrieved from /Users/francisayanbadejo/venvs_projects/my_proj/lib/python3.9/site-packages/airflow/example_dags/plugins/workday.py
[2025-04-23T04:30:13.870+0100] {processor.py:208} INFO - Processing /Users/francisayanbadejo/venvs_projects/my_proj/lib/python3.9/site-packages/airflow/example_dags/plugins/workday.py took 0.169 seconds
[2025-04-23T04:31:10.894+0100] {processor.py:186} INFO - Started process (PID=71688) to work on /Users/francisayanbadejo/venvs_projects/my_proj/lib/python3.9/site-packages/airflow/example_dags/plugins/workday.py
[2025-04-23T04:31:10.895+0100] {processor.py:914} INFO - Processing file /Users/francisayanbadejo/venvs_projects/my_proj/lib/python3.9/site-packages/airflow/example_dags/plugins/workday.py for tasks to queue
[2025-04-23T04:31:10.896+0100] {logging_mixin.py:190} INFO - [2025-04-23T04:31:10.896+0100] {dagbag.py:588} INFO - Filling up the DagBag from /Users/francisayanbadejo/venvs_projects/my_proj/lib/python3.9/site-packages/airflow/example_dags/plugins/workday.py
[2025-04-23T04:31:11.032+0100] {processor.py:927} WARNING - No viable dags retrieved from /Users/francisayanbadejo/venvs_projects/my_proj/lib/python3.9/site-packages/airflow/example_dags/plugins/workday.py
[2025-04-23T04:31:11.080+0100] {processor.py:208} INFO - Processing /Users/francisayanbadejo/venvs_projects/my_proj/lib/python3.9/site-packages/airflow/example_dags/plugins/workday.py took 0.187 seconds
[2025-04-23T04:32:06.453+0100] {processor.py:186} INFO - Started process (PID=71810) to work on /Users/francisayanbadejo/venvs_projects/my_proj/lib/python3.9/site-packages/airflow/example_dags/plugins/workday.py
[2025-04-23T04:32:06.455+0100] {processor.py:914} INFO - Processing file /Users/francisayanbadejo/venvs_projects/my_proj/lib/python3.9/site-packages/airflow/example_dags/plugins/workday.py for tasks to queue
[2025-04-23T04:32:06.455+0100] {logging_mixin.py:190} INFO - [2025-04-23T04:32:06.455+0100] {dagbag.py:588} INFO - Filling up the DagBag from /Users/francisayanbadejo/venvs_projects/my_proj/lib/python3.9/site-packages/airflow/example_dags/plugins/workday.py
[2025-04-23T04:32:06.556+0100] {processor.py:927} WARNING - No viable dags retrieved from /Users/francisayanbadejo/venvs_projects/my_proj/lib/python3.9/site-packages/airflow/example_dags/plugins/workday.py
[2025-04-23T04:32:06.604+0100] {processor.py:208} INFO - Processing /Users/francisayanbadejo/venvs_projects/my_proj/lib/python3.9/site-packages/airflow/example_dags/plugins/workday.py took 0.152 seconds
[2025-04-23T04:33:58.332+0100] {processor.py:186} INFO - Started process (PID=71960) to work on /Users/francisayanbadejo/venvs_projects/my_proj/lib/python3.9/site-packages/airflow/example_dags/plugins/workday.py
[2025-04-23T04:33:58.333+0100] {processor.py:914} INFO - Processing file /Users/francisayanbadejo/venvs_projects/my_proj/lib/python3.9/site-packages/airflow/example_dags/plugins/workday.py for tasks to queue
[2025-04-23T04:33:58.334+0100] {logging_mixin.py:190} INFO - [2025-04-23T04:33:58.334+0100] {dagbag.py:588} INFO - Filling up the DagBag from /Users/francisayanbadejo/venvs_projects/my_proj/lib/python3.9/site-packages/airflow/example_dags/plugins/workday.py
[2025-04-23T04:33:58.473+0100] {processor.py:927} WARNING - No viable dags retrieved from /Users/francisayanbadejo/venvs_projects/my_proj/lib/python3.9/site-packages/airflow/example_dags/plugins/workday.py
[2025-04-23T04:33:58.530+0100] {processor.py:208} INFO - Processing /Users/francisayanbadejo/venvs_projects/my_proj/lib/python3.9/site-packages/airflow/example_dags/plugins/workday.py took 0.200 seconds
[2025-04-23T04:35:06.393+0100] {processor.py:186} INFO - Started process (PID=72117) to work on /Users/francisayanbadejo/venvs_projects/my_proj/lib/python3.9/site-packages/airflow/example_dags/plugins/workday.py
[2025-04-23T04:35:06.394+0100] {processor.py:914} INFO - Processing file /Users/francisayanbadejo/venvs_projects/my_proj/lib/python3.9/site-packages/airflow/example_dags/plugins/workday.py for tasks to queue
[2025-04-23T04:35:06.395+0100] {logging_mixin.py:190} INFO - [2025-04-23T04:35:06.395+0100] {dagbag.py:588} INFO - Filling up the DagBag from /Users/francisayanbadejo/venvs_projects/my_proj/lib/python3.9/site-packages/airflow/example_dags/plugins/workday.py
[2025-04-23T04:35:06.498+0100] {processor.py:927} WARNING - No viable dags retrieved from /Users/francisayanbadejo/venvs_projects/my_proj/lib/python3.9/site-packages/airflow/example_dags/plugins/workday.py
[2025-04-23T04:35:06.546+0100] {processor.py:208} INFO - Processing /Users/francisayanbadejo/venvs_projects/my_proj/lib/python3.9/site-packages/airflow/example_dags/plugins/workday.py took 0.155 seconds
[2025-04-23T04:36:01.896+0100] {processor.py:186} INFO - Started process (PID=72239) to work on /Users/francisayanbadejo/venvs_projects/my_proj/lib/python3.9/site-packages/airflow/example_dags/plugins/workday.py
[2025-04-23T04:36:01.898+0100] {processor.py:914} INFO - Processing file /Users/francisayanbadejo/venvs_projects/my_proj/lib/python3.9/site-packages/airflow/example_dags/plugins/workday.py for tasks to queue
[2025-04-23T04:36:01.899+0100] {logging_mixin.py:190} INFO - [2025-04-23T04:36:01.899+0100] {dagbag.py:588} INFO - Filling up the DagBag from /Users/francisayanbadejo/venvs_projects/my_proj/lib/python3.9/site-packages/airflow/example_dags/plugins/workday.py
[2025-04-23T04:36:02.025+0100] {processor.py:927} WARNING - No viable dags retrieved from /Users/francisayanbadejo/venvs_projects/my_proj/lib/python3.9/site-packages/airflow/example_dags/plugins/workday.py
[2025-04-23T04:36:02.074+0100] {processor.py:208} INFO - Processing /Users/francisayanbadejo/venvs_projects/my_proj/lib/python3.9/site-packages/airflow/example_dags/plugins/workday.py took 0.179 seconds
[2025-04-23T04:36:58.327+0100] {processor.py:186} INFO - Started process (PID=72365) to work on /Users/francisayanbadejo/venvs_projects/my_proj/lib/python3.9/site-packages/airflow/example_dags/plugins/workday.py
[2025-04-23T04:36:58.328+0100] {processor.py:914} INFO - Processing file /Users/francisayanbadejo/venvs_projects/my_proj/lib/python3.9/site-packages/airflow/example_dags/plugins/workday.py for tasks to queue
[2025-04-23T04:36:58.329+0100] {logging_mixin.py:190} INFO - [2025-04-23T04:36:58.329+0100] {dagbag.py:588} INFO - Filling up the DagBag from /Users/francisayanbadejo/venvs_projects/my_proj/lib/python3.9/site-packages/airflow/example_dags/plugins/workday.py
[2025-04-23T04:36:58.424+0100] {processor.py:927} WARNING - No viable dags retrieved from /Users/francisayanbadejo/venvs_projects/my_proj/lib/python3.9/site-packages/airflow/example_dags/plugins/workday.py
[2025-04-23T04:36:58.471+0100] {processor.py:208} INFO - Processing /Users/francisayanbadejo/venvs_projects/my_proj/lib/python3.9/site-packages/airflow/example_dags/plugins/workday.py took 0.146 seconds
[2025-04-23T04:37:53.466+0100] {processor.py:186} INFO - Started process (PID=72485) to work on /Users/francisayanbadejo/venvs_projects/my_proj/lib/python3.9/site-packages/airflow/example_dags/plugins/workday.py
[2025-04-23T04:37:53.468+0100] {processor.py:914} INFO - Processing file /Users/francisayanbadejo/venvs_projects/my_proj/lib/python3.9/site-packages/airflow/example_dags/plugins/workday.py for tasks to queue
[2025-04-23T04:37:53.468+0100] {logging_mixin.py:190} INFO - [2025-04-23T04:37:53.468+0100] {dagbag.py:588} INFO - Filling up the DagBag from /Users/francisayanbadejo/venvs_projects/my_proj/lib/python3.9/site-packages/airflow/example_dags/plugins/workday.py
[2025-04-23T04:37:53.610+0100] {processor.py:927} WARNING - No viable dags retrieved from /Users/francisayanbadejo/venvs_projects/my_proj/lib/python3.9/site-packages/airflow/example_dags/plugins/workday.py
[2025-04-23T04:37:53.664+0100] {processor.py:208} INFO - Processing /Users/francisayanbadejo/venvs_projects/my_proj/lib/python3.9/site-packages/airflow/example_dags/plugins/workday.py took 0.198 seconds
[2025-04-23T04:38:50.223+0100] {processor.py:186} INFO - Started process (PID=72583) to work on /Users/francisayanbadejo/venvs_projects/my_proj/lib/python3.9/site-packages/airflow/example_dags/plugins/workday.py
[2025-04-23T04:38:50.224+0100] {processor.py:914} INFO - Processing file /Users/francisayanbadejo/venvs_projects/my_proj/lib/python3.9/site-packages/airflow/example_dags/plugins/workday.py for tasks to queue
[2025-04-23T04:38:50.225+0100] {logging_mixin.py:190} INFO - [2025-04-23T04:38:50.225+0100] {dagbag.py:588} INFO - Filling up the DagBag from /Users/francisayanbadejo/venvs_projects/my_proj/lib/python3.9/site-packages/airflow/example_dags/plugins/workday.py
[2025-04-23T04:38:50.363+0100] {processor.py:927} WARNING - No viable dags retrieved from /Users/francisayanbadejo/venvs_projects/my_proj/lib/python3.9/site-packages/airflow/example_dags/plugins/workday.py
[2025-04-23T04:38:50.413+0100] {processor.py:208} INFO - Processing /Users/francisayanbadejo/venvs_projects/my_proj/lib/python3.9/site-packages/airflow/example_dags/plugins/workday.py took 0.191 seconds
[2025-04-23T04:39:45.699+0100] {processor.py:186} INFO - Started process (PID=72661) to work on /Users/francisayanbadejo/venvs_projects/my_proj/lib/python3.9/site-packages/airflow/example_dags/plugins/workday.py
[2025-04-23T04:39:45.700+0100] {processor.py:914} INFO - Processing file /Users/francisayanbadejo/venvs_projects/my_proj/lib/python3.9/site-packages/airflow/example_dags/plugins/workday.py for tasks to queue
[2025-04-23T04:39:45.701+0100] {logging_mixin.py:190} INFO - [2025-04-23T04:39:45.701+0100] {dagbag.py:588} INFO - Filling up the DagBag from /Users/francisayanbadejo/venvs_projects/my_proj/lib/python3.9/site-packages/airflow/example_dags/plugins/workday.py
[2025-04-23T04:39:45.829+0100] {processor.py:927} WARNING - No viable dags retrieved from /Users/francisayanbadejo/venvs_projects/my_proj/lib/python3.9/site-packages/airflow/example_dags/plugins/workday.py
[2025-04-23T04:39:45.878+0100] {processor.py:208} INFO - Processing /Users/francisayanbadejo/venvs_projects/my_proj/lib/python3.9/site-packages/airflow/example_dags/plugins/workday.py took 0.181 seconds
[2025-04-23T04:40:38.217+0100] {processor.py:186} INFO - Started process (PID=72740) to work on /Users/francisayanbadejo/venvs_projects/my_proj/lib/python3.9/site-packages/airflow/example_dags/plugins/workday.py
[2025-04-23T04:40:38.219+0100] {processor.py:914} INFO - Processing file /Users/francisayanbadejo/venvs_projects/my_proj/lib/python3.9/site-packages/airflow/example_dags/plugins/workday.py for tasks to queue
[2025-04-23T04:40:38.220+0100] {logging_mixin.py:190} INFO - [2025-04-23T04:40:38.220+0100] {dagbag.py:588} INFO - Filling up the DagBag from /Users/francisayanbadejo/venvs_projects/my_proj/lib/python3.9/site-packages/airflow/example_dags/plugins/workday.py
[2025-04-23T04:40:38.314+0100] {processor.py:927} WARNING - No viable dags retrieved from /Users/francisayanbadejo/venvs_projects/my_proj/lib/python3.9/site-packages/airflow/example_dags/plugins/workday.py
[2025-04-23T04:40:38.361+0100] {processor.py:208} INFO - Processing /Users/francisayanbadejo/venvs_projects/my_proj/lib/python3.9/site-packages/airflow/example_dags/plugins/workday.py took 0.145 seconds
[2025-04-23T04:41:32.110+0100] {processor.py:186} INFO - Started process (PID=72820) to work on /Users/francisayanbadejo/venvs_projects/my_proj/lib/python3.9/site-packages/airflow/example_dags/plugins/workday.py
[2025-04-23T04:41:32.111+0100] {processor.py:914} INFO - Processing file /Users/francisayanbadejo/venvs_projects/my_proj/lib/python3.9/site-packages/airflow/example_dags/plugins/workday.py for tasks to queue
[2025-04-23T04:41:32.112+0100] {logging_mixin.py:190} INFO - [2025-04-23T04:41:32.112+0100] {dagbag.py:588} INFO - Filling up the DagBag from /Users/francisayanbadejo/venvs_projects/my_proj/lib/python3.9/site-packages/airflow/example_dags/plugins/workday.py
[2025-04-23T04:41:32.232+0100] {processor.py:927} WARNING - No viable dags retrieved from /Users/francisayanbadejo/venvs_projects/my_proj/lib/python3.9/site-packages/airflow/example_dags/plugins/workday.py
[2025-04-23T04:41:32.280+0100] {processor.py:208} INFO - Processing /Users/francisayanbadejo/venvs_projects/my_proj/lib/python3.9/site-packages/airflow/example_dags/plugins/workday.py took 0.171 seconds
[2025-04-23T04:42:25.964+0100] {processor.py:186} INFO - Started process (PID=72896) to work on /Users/francisayanbadejo/venvs_projects/my_proj/lib/python3.9/site-packages/airflow/example_dags/plugins/workday.py
[2025-04-23T04:42:25.966+0100] {processor.py:914} INFO - Processing file /Users/francisayanbadejo/venvs_projects/my_proj/lib/python3.9/site-packages/airflow/example_dags/plugins/workday.py for tasks to queue
[2025-04-23T04:42:25.967+0100] {logging_mixin.py:190} INFO - [2025-04-23T04:42:25.967+0100] {dagbag.py:588} INFO - Filling up the DagBag from /Users/francisayanbadejo/venvs_projects/my_proj/lib/python3.9/site-packages/airflow/example_dags/plugins/workday.py
[2025-04-23T04:42:26.058+0100] {processor.py:927} WARNING - No viable dags retrieved from /Users/francisayanbadejo/venvs_projects/my_proj/lib/python3.9/site-packages/airflow/example_dags/plugins/workday.py
[2025-04-23T04:42:26.106+0100] {processor.py:208} INFO - Processing /Users/francisayanbadejo/venvs_projects/my_proj/lib/python3.9/site-packages/airflow/example_dags/plugins/workday.py took 0.143 seconds
[2025-04-23T04:43:18.492+0100] {processor.py:186} INFO - Started process (PID=72976) to work on /Users/francisayanbadejo/venvs_projects/my_proj/lib/python3.9/site-packages/airflow/example_dags/plugins/workday.py
[2025-04-23T04:43:18.493+0100] {processor.py:914} INFO - Processing file /Users/francisayanbadejo/venvs_projects/my_proj/lib/python3.9/site-packages/airflow/example_dags/plugins/workday.py for tasks to queue
[2025-04-23T04:43:18.494+0100] {logging_mixin.py:190} INFO - [2025-04-23T04:43:18.494+0100] {dagbag.py:588} INFO - Filling up the DagBag from /Users/francisayanbadejo/venvs_projects/my_proj/lib/python3.9/site-packages/airflow/example_dags/plugins/workday.py
[2025-04-23T04:43:18.584+0100] {processor.py:927} WARNING - No viable dags retrieved from /Users/francisayanbadejo/venvs_projects/my_proj/lib/python3.9/site-packages/airflow/example_dags/plugins/workday.py
[2025-04-23T04:43:18.634+0100] {processor.py:208} INFO - Processing /Users/francisayanbadejo/venvs_projects/my_proj/lib/python3.9/site-packages/airflow/example_dags/plugins/workday.py took 0.142 seconds
[2025-04-23T04:44:11.731+0100] {processor.py:186} INFO - Started process (PID=73073) to work on /Users/francisayanbadejo/venvs_projects/my_proj/lib/python3.9/site-packages/airflow/example_dags/plugins/workday.py
[2025-04-23T04:44:11.732+0100] {processor.py:914} INFO - Processing file /Users/francisayanbadejo/venvs_projects/my_proj/lib/python3.9/site-packages/airflow/example_dags/plugins/workday.py for tasks to queue
[2025-04-23T04:44:11.733+0100] {logging_mixin.py:190} INFO - [2025-04-23T04:44:11.733+0100] {dagbag.py:588} INFO - Filling up the DagBag from /Users/francisayanbadejo/venvs_projects/my_proj/lib/python3.9/site-packages/airflow/example_dags/plugins/workday.py
[2025-04-23T04:44:11.831+0100] {processor.py:927} WARNING - No viable dags retrieved from /Users/francisayanbadejo/venvs_projects/my_proj/lib/python3.9/site-packages/airflow/example_dags/plugins/workday.py
[2025-04-23T04:44:11.880+0100] {processor.py:208} INFO - Processing /Users/francisayanbadejo/venvs_projects/my_proj/lib/python3.9/site-packages/airflow/example_dags/plugins/workday.py took 0.151 seconds
[2025-04-23T04:45:03.056+0100] {processor.py:186} INFO - Started process (PID=73172) to work on /Users/francisayanbadejo/venvs_projects/my_proj/lib/python3.9/site-packages/airflow/example_dags/plugins/workday.py
[2025-04-23T04:45:03.057+0100] {processor.py:914} INFO - Processing file /Users/francisayanbadejo/venvs_projects/my_proj/lib/python3.9/site-packages/airflow/example_dags/plugins/workday.py for tasks to queue
[2025-04-23T04:45:03.058+0100] {logging_mixin.py:190} INFO - [2025-04-23T04:45:03.058+0100] {dagbag.py:588} INFO - Filling up the DagBag from /Users/francisayanbadejo/venvs_projects/my_proj/lib/python3.9/site-packages/airflow/example_dags/plugins/workday.py
[2025-04-23T04:45:03.192+0100] {processor.py:927} WARNING - No viable dags retrieved from /Users/francisayanbadejo/venvs_projects/my_proj/lib/python3.9/site-packages/airflow/example_dags/plugins/workday.py
[2025-04-23T04:45:03.241+0100] {processor.py:208} INFO - Processing /Users/francisayanbadejo/venvs_projects/my_proj/lib/python3.9/site-packages/airflow/example_dags/plugins/workday.py took 0.187 seconds
[2025-04-23T04:45:55.645+0100] {processor.py:186} INFO - Started process (PID=73248) to work on /Users/francisayanbadejo/venvs_projects/my_proj/lib/python3.9/site-packages/airflow/example_dags/plugins/workday.py
[2025-04-23T04:45:55.647+0100] {processor.py:914} INFO - Processing file /Users/francisayanbadejo/venvs_projects/my_proj/lib/python3.9/site-packages/airflow/example_dags/plugins/workday.py for tasks to queue
[2025-04-23T04:45:55.648+0100] {logging_mixin.py:190} INFO - [2025-04-23T04:45:55.648+0100] {dagbag.py:588} INFO - Filling up the DagBag from /Users/francisayanbadejo/venvs_projects/my_proj/lib/python3.9/site-packages/airflow/example_dags/plugins/workday.py
[2025-04-23T04:45:55.741+0100] {processor.py:927} WARNING - No viable dags retrieved from /Users/francisayanbadejo/venvs_projects/my_proj/lib/python3.9/site-packages/airflow/example_dags/plugins/workday.py
[2025-04-23T04:45:55.790+0100] {processor.py:208} INFO - Processing /Users/francisayanbadejo/venvs_projects/my_proj/lib/python3.9/site-packages/airflow/example_dags/plugins/workday.py took 0.146 seconds
[2025-04-23T04:46:48.090+0100] {processor.py:186} INFO - Started process (PID=73327) to work on /Users/francisayanbadejo/venvs_projects/my_proj/lib/python3.9/site-packages/airflow/example_dags/plugins/workday.py
[2025-04-23T04:46:48.092+0100] {processor.py:914} INFO - Processing file /Users/francisayanbadejo/venvs_projects/my_proj/lib/python3.9/site-packages/airflow/example_dags/plugins/workday.py for tasks to queue
[2025-04-23T04:46:48.092+0100] {logging_mixin.py:190} INFO - [2025-04-23T04:46:48.092+0100] {dagbag.py:588} INFO - Filling up the DagBag from /Users/francisayanbadejo/venvs_projects/my_proj/lib/python3.9/site-packages/airflow/example_dags/plugins/workday.py
[2025-04-23T04:46:48.232+0100] {processor.py:927} WARNING - No viable dags retrieved from /Users/francisayanbadejo/venvs_projects/my_proj/lib/python3.9/site-packages/airflow/example_dags/plugins/workday.py
[2025-04-23T04:46:48.281+0100] {processor.py:208} INFO - Processing /Users/francisayanbadejo/venvs_projects/my_proj/lib/python3.9/site-packages/airflow/example_dags/plugins/workday.py took 0.192 seconds
[2025-04-23T04:47:43.516+0100] {processor.py:186} INFO - Started process (PID=73403) to work on /Users/francisayanbadejo/venvs_projects/my_proj/lib/python3.9/site-packages/airflow/example_dags/plugins/workday.py
[2025-04-23T04:47:43.517+0100] {processor.py:914} INFO - Processing file /Users/francisayanbadejo/venvs_projects/my_proj/lib/python3.9/site-packages/airflow/example_dags/plugins/workday.py for tasks to queue
[2025-04-23T04:47:43.518+0100] {logging_mixin.py:190} INFO - [2025-04-23T04:47:43.518+0100] {dagbag.py:588} INFO - Filling up the DagBag from /Users/francisayanbadejo/venvs_projects/my_proj/lib/python3.9/site-packages/airflow/example_dags/plugins/workday.py
[2025-04-23T04:47:43.653+0100] {processor.py:927} WARNING - No viable dags retrieved from /Users/francisayanbadejo/venvs_projects/my_proj/lib/python3.9/site-packages/airflow/example_dags/plugins/workday.py
[2025-04-23T04:47:43.700+0100] {processor.py:208} INFO - Processing /Users/francisayanbadejo/venvs_projects/my_proj/lib/python3.9/site-packages/airflow/example_dags/plugins/workday.py took 0.185 seconds
[2025-04-23T04:48:40.039+0100] {processor.py:186} INFO - Started process (PID=73481) to work on /Users/francisayanbadejo/venvs_projects/my_proj/lib/python3.9/site-packages/airflow/example_dags/plugins/workday.py
[2025-04-23T04:48:40.041+0100] {processor.py:914} INFO - Processing file /Users/francisayanbadejo/venvs_projects/my_proj/lib/python3.9/site-packages/airflow/example_dags/plugins/workday.py for tasks to queue
[2025-04-23T04:48:40.042+0100] {logging_mixin.py:190} INFO - [2025-04-23T04:48:40.042+0100] {dagbag.py:588} INFO - Filling up the DagBag from /Users/francisayanbadejo/venvs_projects/my_proj/lib/python3.9/site-packages/airflow/example_dags/plugins/workday.py
[2025-04-23T04:48:40.179+0100] {processor.py:927} WARNING - No viable dags retrieved from /Users/francisayanbadejo/venvs_projects/my_proj/lib/python3.9/site-packages/airflow/example_dags/plugins/workday.py
[2025-04-23T04:48:40.228+0100] {processor.py:208} INFO - Processing /Users/francisayanbadejo/venvs_projects/my_proj/lib/python3.9/site-packages/airflow/example_dags/plugins/workday.py took 0.190 seconds
[2025-04-23T04:49:35.408+0100] {processor.py:186} INFO - Started process (PID=73562) to work on /Users/francisayanbadejo/venvs_projects/my_proj/lib/python3.9/site-packages/airflow/example_dags/plugins/workday.py
[2025-04-23T04:49:35.410+0100] {processor.py:914} INFO - Processing file /Users/francisayanbadejo/venvs_projects/my_proj/lib/python3.9/site-packages/airflow/example_dags/plugins/workday.py for tasks to queue
[2025-04-23T04:49:35.411+0100] {logging_mixin.py:190} INFO - [2025-04-23T04:49:35.411+0100] {dagbag.py:588} INFO - Filling up the DagBag from /Users/francisayanbadejo/venvs_projects/my_proj/lib/python3.9/site-packages/airflow/example_dags/plugins/workday.py
[2025-04-23T04:49:35.501+0100] {processor.py:927} WARNING - No viable dags retrieved from /Users/francisayanbadejo/venvs_projects/my_proj/lib/python3.9/site-packages/airflow/example_dags/plugins/workday.py
[2025-04-23T04:49:35.550+0100] {processor.py:208} INFO - Processing /Users/francisayanbadejo/venvs_projects/my_proj/lib/python3.9/site-packages/airflow/example_dags/plugins/workday.py took 0.143 seconds
[2025-04-23T04:50:29.219+0100] {processor.py:186} INFO - Started process (PID=73640) to work on /Users/francisayanbadejo/venvs_projects/my_proj/lib/python3.9/site-packages/airflow/example_dags/plugins/workday.py
[2025-04-23T04:50:29.220+0100] {processor.py:914} INFO - Processing file /Users/francisayanbadejo/venvs_projects/my_proj/lib/python3.9/site-packages/airflow/example_dags/plugins/workday.py for tasks to queue
[2025-04-23T04:50:29.220+0100] {logging_mixin.py:190} INFO - [2025-04-23T04:50:29.220+0100] {dagbag.py:588} INFO - Filling up the DagBag from /Users/francisayanbadejo/venvs_projects/my_proj/lib/python3.9/site-packages/airflow/example_dags/plugins/workday.py
[2025-04-23T04:50:29.314+0100] {processor.py:927} WARNING - No viable dags retrieved from /Users/francisayanbadejo/venvs_projects/my_proj/lib/python3.9/site-packages/airflow/example_dags/plugins/workday.py
[2025-04-23T04:50:29.362+0100] {processor.py:208} INFO - Processing /Users/francisayanbadejo/venvs_projects/my_proj/lib/python3.9/site-packages/airflow/example_dags/plugins/workday.py took 0.144 seconds
[2025-04-23T04:51:22.501+0100] {processor.py:186} INFO - Started process (PID=73726) to work on /Users/francisayanbadejo/venvs_projects/my_proj/lib/python3.9/site-packages/airflow/example_dags/plugins/workday.py
[2025-04-23T04:51:22.503+0100] {processor.py:914} INFO - Processing file /Users/francisayanbadejo/venvs_projects/my_proj/lib/python3.9/site-packages/airflow/example_dags/plugins/workday.py for tasks to queue
[2025-04-23T04:51:22.503+0100] {logging_mixin.py:190} INFO - [2025-04-23T04:51:22.503+0100] {dagbag.py:588} INFO - Filling up the DagBag from /Users/francisayanbadejo/venvs_projects/my_proj/lib/python3.9/site-packages/airflow/example_dags/plugins/workday.py
[2025-04-23T04:51:22.637+0100] {processor.py:927} WARNING - No viable dags retrieved from /Users/francisayanbadejo/venvs_projects/my_proj/lib/python3.9/site-packages/airflow/example_dags/plugins/workday.py
[2025-04-23T04:51:22.686+0100] {processor.py:208} INFO - Processing /Users/francisayanbadejo/venvs_projects/my_proj/lib/python3.9/site-packages/airflow/example_dags/plugins/workday.py took 0.186 seconds
[2025-04-23T04:52:21.758+0100] {processor.py:186} INFO - Started process (PID=73822) to work on /Users/francisayanbadejo/venvs_projects/my_proj/lib/python3.9/site-packages/airflow/example_dags/plugins/workday.py
[2025-04-23T04:52:21.759+0100] {processor.py:914} INFO - Processing file /Users/francisayanbadejo/venvs_projects/my_proj/lib/python3.9/site-packages/airflow/example_dags/plugins/workday.py for tasks to queue
[2025-04-23T04:52:21.760+0100] {logging_mixin.py:190} INFO - [2025-04-23T04:52:21.760+0100] {dagbag.py:588} INFO - Filling up the DagBag from /Users/francisayanbadejo/venvs_projects/my_proj/lib/python3.9/site-packages/airflow/example_dags/plugins/workday.py
[2025-04-23T04:52:21.897+0100] {processor.py:927} WARNING - No viable dags retrieved from /Users/francisayanbadejo/venvs_projects/my_proj/lib/python3.9/site-packages/airflow/example_dags/plugins/workday.py
[2025-04-23T04:52:21.950+0100] {processor.py:208} INFO - Processing /Users/francisayanbadejo/venvs_projects/my_proj/lib/python3.9/site-packages/airflow/example_dags/plugins/workday.py took 0.194 seconds
[2025-04-23T04:53:21.393+0100] {processor.py:186} INFO - Started process (PID=73997) to work on /Users/francisayanbadejo/venvs_projects/my_proj/lib/python3.9/site-packages/airflow/example_dags/plugins/workday.py
[2025-04-23T04:53:21.394+0100] {processor.py:914} INFO - Processing file /Users/francisayanbadejo/venvs_projects/my_proj/lib/python3.9/site-packages/airflow/example_dags/plugins/workday.py for tasks to queue
[2025-04-23T04:53:21.395+0100] {logging_mixin.py:190} INFO - [2025-04-23T04:53:21.395+0100] {dagbag.py:588} INFO - Filling up the DagBag from /Users/francisayanbadejo/venvs_projects/my_proj/lib/python3.9/site-packages/airflow/example_dags/plugins/workday.py
[2025-04-23T04:53:21.536+0100] {processor.py:927} WARNING - No viable dags retrieved from /Users/francisayanbadejo/venvs_projects/my_proj/lib/python3.9/site-packages/airflow/example_dags/plugins/workday.py
[2025-04-23T04:53:21.587+0100] {processor.py:208} INFO - Processing /Users/francisayanbadejo/venvs_projects/my_proj/lib/python3.9/site-packages/airflow/example_dags/plugins/workday.py took 0.195 seconds
[2025-04-23T04:54:19.964+0100] {processor.py:186} INFO - Started process (PID=74119) to work on /Users/francisayanbadejo/venvs_projects/my_proj/lib/python3.9/site-packages/airflow/example_dags/plugins/workday.py
[2025-04-23T04:54:19.965+0100] {processor.py:914} INFO - Processing file /Users/francisayanbadejo/venvs_projects/my_proj/lib/python3.9/site-packages/airflow/example_dags/plugins/workday.py for tasks to queue
[2025-04-23T04:54:19.966+0100] {logging_mixin.py:190} INFO - [2025-04-23T04:54:19.966+0100] {dagbag.py:588} INFO - Filling up the DagBag from /Users/francisayanbadejo/venvs_projects/my_proj/lib/python3.9/site-packages/airflow/example_dags/plugins/workday.py
[2025-04-23T04:54:20.061+0100] {processor.py:927} WARNING - No viable dags retrieved from /Users/francisayanbadejo/venvs_projects/my_proj/lib/python3.9/site-packages/airflow/example_dags/plugins/workday.py
[2025-04-23T04:54:20.110+0100] {processor.py:208} INFO - Processing /Users/francisayanbadejo/venvs_projects/my_proj/lib/python3.9/site-packages/airflow/example_dags/plugins/workday.py took 0.147 seconds
[2025-04-23T04:55:16.905+0100] {processor.py:186} INFO - Started process (PID=74241) to work on /Users/francisayanbadejo/venvs_projects/my_proj/lib/python3.9/site-packages/airflow/example_dags/plugins/workday.py
[2025-04-23T04:55:16.906+0100] {processor.py:914} INFO - Processing file /Users/francisayanbadejo/venvs_projects/my_proj/lib/python3.9/site-packages/airflow/example_dags/plugins/workday.py for tasks to queue
[2025-04-23T04:55:16.907+0100] {logging_mixin.py:190} INFO - [2025-04-23T04:55:16.907+0100] {dagbag.py:588} INFO - Filling up the DagBag from /Users/francisayanbadejo/venvs_projects/my_proj/lib/python3.9/site-packages/airflow/example_dags/plugins/workday.py
[2025-04-23T04:55:17.004+0100] {processor.py:927} WARNING - No viable dags retrieved from /Users/francisayanbadejo/venvs_projects/my_proj/lib/python3.9/site-packages/airflow/example_dags/plugins/workday.py
[2025-04-23T04:55:17.054+0100] {processor.py:208} INFO - Processing /Users/francisayanbadejo/venvs_projects/my_proj/lib/python3.9/site-packages/airflow/example_dags/plugins/workday.py took 0.150 seconds
[2025-04-23T04:56:14.457+0100] {processor.py:186} INFO - Started process (PID=74367) to work on /Users/francisayanbadejo/venvs_projects/my_proj/lib/python3.9/site-packages/airflow/example_dags/plugins/workday.py
[2025-04-23T04:56:14.458+0100] {processor.py:914} INFO - Processing file /Users/francisayanbadejo/venvs_projects/my_proj/lib/python3.9/site-packages/airflow/example_dags/plugins/workday.py for tasks to queue
[2025-04-23T04:56:14.459+0100] {logging_mixin.py:190} INFO - [2025-04-23T04:56:14.459+0100] {dagbag.py:588} INFO - Filling up the DagBag from /Users/francisayanbadejo/venvs_projects/my_proj/lib/python3.9/site-packages/airflow/example_dags/plugins/workday.py
[2025-04-23T04:56:14.553+0100] {processor.py:927} WARNING - No viable dags retrieved from /Users/francisayanbadejo/venvs_projects/my_proj/lib/python3.9/site-packages/airflow/example_dags/plugins/workday.py
[2025-04-23T04:56:14.604+0100] {processor.py:208} INFO - Processing /Users/francisayanbadejo/venvs_projects/my_proj/lib/python3.9/site-packages/airflow/example_dags/plugins/workday.py took 0.149 seconds
[2025-04-23T04:57:10.310+0100] {processor.py:186} INFO - Started process (PID=74559) to work on /Users/francisayanbadejo/venvs_projects/my_proj/lib/python3.9/site-packages/airflow/example_dags/plugins/workday.py
[2025-04-23T04:57:10.311+0100] {processor.py:914} INFO - Processing file /Users/francisayanbadejo/venvs_projects/my_proj/lib/python3.9/site-packages/airflow/example_dags/plugins/workday.py for tasks to queue
[2025-04-23T04:57:10.312+0100] {logging_mixin.py:190} INFO - [2025-04-23T04:57:10.312+0100] {dagbag.py:588} INFO - Filling up the DagBag from /Users/francisayanbadejo/venvs_projects/my_proj/lib/python3.9/site-packages/airflow/example_dags/plugins/workday.py
[2025-04-23T04:57:10.413+0100] {processor.py:927} WARNING - No viable dags retrieved from /Users/francisayanbadejo/venvs_projects/my_proj/lib/python3.9/site-packages/airflow/example_dags/plugins/workday.py
[2025-04-23T04:57:10.465+0100] {processor.py:208} INFO - Processing /Users/francisayanbadejo/venvs_projects/my_proj/lib/python3.9/site-packages/airflow/example_dags/plugins/workday.py took 0.156 seconds
[2025-04-23T04:58:06.736+0100] {processor.py:186} INFO - Started process (PID=74682) to work on /Users/francisayanbadejo/venvs_projects/my_proj/lib/python3.9/site-packages/airflow/example_dags/plugins/workday.py
[2025-04-23T04:58:06.737+0100] {processor.py:914} INFO - Processing file /Users/francisayanbadejo/venvs_projects/my_proj/lib/python3.9/site-packages/airflow/example_dags/plugins/workday.py for tasks to queue
[2025-04-23T04:58:06.738+0100] {logging_mixin.py:190} INFO - [2025-04-23T04:58:06.738+0100] {dagbag.py:588} INFO - Filling up the DagBag from /Users/francisayanbadejo/venvs_projects/my_proj/lib/python3.9/site-packages/airflow/example_dags/plugins/workday.py
[2025-04-23T04:58:06.877+0100] {processor.py:927} WARNING - No viable dags retrieved from /Users/francisayanbadejo/venvs_projects/my_proj/lib/python3.9/site-packages/airflow/example_dags/plugins/workday.py
[2025-04-23T04:58:06.926+0100] {processor.py:208} INFO - Processing /Users/francisayanbadejo/venvs_projects/my_proj/lib/python3.9/site-packages/airflow/example_dags/plugins/workday.py took 0.191 seconds
[2025-04-23T04:58:59.360+0100] {processor.py:186} INFO - Started process (PID=74805) to work on /Users/francisayanbadejo/venvs_projects/my_proj/lib/python3.9/site-packages/airflow/example_dags/plugins/workday.py
[2025-04-23T04:58:59.361+0100] {processor.py:914} INFO - Processing file /Users/francisayanbadejo/venvs_projects/my_proj/lib/python3.9/site-packages/airflow/example_dags/plugins/workday.py for tasks to queue
[2025-04-23T04:58:59.362+0100] {logging_mixin.py:190} INFO - [2025-04-23T04:58:59.362+0100] {dagbag.py:588} INFO - Filling up the DagBag from /Users/francisayanbadejo/venvs_projects/my_proj/lib/python3.9/site-packages/airflow/example_dags/plugins/workday.py
[2025-04-23T04:58:59.460+0100] {processor.py:927} WARNING - No viable dags retrieved from /Users/francisayanbadejo/venvs_projects/my_proj/lib/python3.9/site-packages/airflow/example_dags/plugins/workday.py
[2025-04-23T04:58:59.509+0100] {processor.py:208} INFO - Processing /Users/francisayanbadejo/venvs_projects/my_proj/lib/python3.9/site-packages/airflow/example_dags/plugins/workday.py took 0.150 seconds
[2025-04-23T04:59:54.077+0100] {processor.py:186} INFO - Started process (PID=74924) to work on /Users/francisayanbadejo/venvs_projects/my_proj/lib/python3.9/site-packages/airflow/example_dags/plugins/workday.py
[2025-04-23T04:59:54.079+0100] {processor.py:914} INFO - Processing file /Users/francisayanbadejo/venvs_projects/my_proj/lib/python3.9/site-packages/airflow/example_dags/plugins/workday.py for tasks to queue
[2025-04-23T04:59:54.080+0100] {logging_mixin.py:190} INFO - [2025-04-23T04:59:54.080+0100] {dagbag.py:588} INFO - Filling up the DagBag from /Users/francisayanbadejo/venvs_projects/my_proj/lib/python3.9/site-packages/airflow/example_dags/plugins/workday.py
[2025-04-23T04:59:54.219+0100] {processor.py:927} WARNING - No viable dags retrieved from /Users/francisayanbadejo/venvs_projects/my_proj/lib/python3.9/site-packages/airflow/example_dags/plugins/workday.py
[2025-04-23T04:59:54.269+0100] {processor.py:208} INFO - Processing /Users/francisayanbadejo/venvs_projects/my_proj/lib/python3.9/site-packages/airflow/example_dags/plugins/workday.py took 0.193 seconds
[2025-04-23T05:00:47.856+0100] {processor.py:186} INFO - Started process (PID=75040) to work on /Users/francisayanbadejo/venvs_projects/my_proj/lib/python3.9/site-packages/airflow/example_dags/plugins/workday.py
[2025-04-23T05:00:47.857+0100] {processor.py:914} INFO - Processing file /Users/francisayanbadejo/venvs_projects/my_proj/lib/python3.9/site-packages/airflow/example_dags/plugins/workday.py for tasks to queue
[2025-04-23T05:00:47.858+0100] {logging_mixin.py:190} INFO - [2025-04-23T05:00:47.858+0100] {dagbag.py:588} INFO - Filling up the DagBag from /Users/francisayanbadejo/venvs_projects/my_proj/lib/python3.9/site-packages/airflow/example_dags/plugins/workday.py
[2025-04-23T05:00:47.953+0100] {processor.py:927} WARNING - No viable dags retrieved from /Users/francisayanbadejo/venvs_projects/my_proj/lib/python3.9/site-packages/airflow/example_dags/plugins/workday.py
[2025-04-23T05:00:48.005+0100] {processor.py:208} INFO - Processing /Users/francisayanbadejo/venvs_projects/my_proj/lib/python3.9/site-packages/airflow/example_dags/plugins/workday.py took 0.151 seconds
[2025-04-23T05:01:43.223+0100] {processor.py:186} INFO - Started process (PID=75163) to work on /Users/francisayanbadejo/venvs_projects/my_proj/lib/python3.9/site-packages/airflow/example_dags/plugins/workday.py
[2025-04-23T05:01:43.225+0100] {processor.py:914} INFO - Processing file /Users/francisayanbadejo/venvs_projects/my_proj/lib/python3.9/site-packages/airflow/example_dags/plugins/workday.py for tasks to queue
[2025-04-23T05:01:43.226+0100] {logging_mixin.py:190} INFO - [2025-04-23T05:01:43.226+0100] {dagbag.py:588} INFO - Filling up the DagBag from /Users/francisayanbadejo/venvs_projects/my_proj/lib/python3.9/site-packages/airflow/example_dags/plugins/workday.py
[2025-04-23T05:01:43.367+0100] {processor.py:927} WARNING - No viable dags retrieved from /Users/francisayanbadejo/venvs_projects/my_proj/lib/python3.9/site-packages/airflow/example_dags/plugins/workday.py
[2025-04-23T05:01:43.419+0100] {processor.py:208} INFO - Processing /Users/francisayanbadejo/venvs_projects/my_proj/lib/python3.9/site-packages/airflow/example_dags/plugins/workday.py took 0.197 seconds
[2025-04-23T05:02:37.890+0100] {processor.py:186} INFO - Started process (PID=75285) to work on /Users/francisayanbadejo/venvs_projects/my_proj/lib/python3.9/site-packages/airflow/example_dags/plugins/workday.py
[2025-04-23T05:02:37.891+0100] {processor.py:914} INFO - Processing file /Users/francisayanbadejo/venvs_projects/my_proj/lib/python3.9/site-packages/airflow/example_dags/plugins/workday.py for tasks to queue
[2025-04-23T05:02:37.891+0100] {logging_mixin.py:190} INFO - [2025-04-23T05:02:37.891+0100] {dagbag.py:588} INFO - Filling up the DagBag from /Users/francisayanbadejo/venvs_projects/my_proj/lib/python3.9/site-packages/airflow/example_dags/plugins/workday.py
[2025-04-23T05:02:37.989+0100] {processor.py:927} WARNING - No viable dags retrieved from /Users/francisayanbadejo/venvs_projects/my_proj/lib/python3.9/site-packages/airflow/example_dags/plugins/workday.py
[2025-04-23T05:02:38.042+0100] {processor.py:208} INFO - Processing /Users/francisayanbadejo/venvs_projects/my_proj/lib/python3.9/site-packages/airflow/example_dags/plugins/workday.py took 0.153 seconds
[2025-04-23T05:03:35.369+0100] {processor.py:186} INFO - Started process (PID=75409) to work on /Users/francisayanbadejo/venvs_projects/my_proj/lib/python3.9/site-packages/airflow/example_dags/plugins/workday.py
[2025-04-23T05:03:35.370+0100] {processor.py:914} INFO - Processing file /Users/francisayanbadejo/venvs_projects/my_proj/lib/python3.9/site-packages/airflow/example_dags/plugins/workday.py for tasks to queue
[2025-04-23T05:03:35.371+0100] {logging_mixin.py:190} INFO - [2025-04-23T05:03:35.371+0100] {dagbag.py:588} INFO - Filling up the DagBag from /Users/francisayanbadejo/venvs_projects/my_proj/lib/python3.9/site-packages/airflow/example_dags/plugins/workday.py
[2025-04-23T05:03:35.468+0100] {processor.py:927} WARNING - No viable dags retrieved from /Users/francisayanbadejo/venvs_projects/my_proj/lib/python3.9/site-packages/airflow/example_dags/plugins/workday.py
[2025-04-23T05:03:35.519+0100] {processor.py:208} INFO - Processing /Users/francisayanbadejo/venvs_projects/my_proj/lib/python3.9/site-packages/airflow/example_dags/plugins/workday.py took 0.152 seconds
[2025-04-23T05:04:30.895+0100] {processor.py:186} INFO - Started process (PID=75534) to work on /Users/francisayanbadejo/venvs_projects/my_proj/lib/python3.9/site-packages/airflow/example_dags/plugins/workday.py
[2025-04-23T05:04:30.895+0100] {processor.py:914} INFO - Processing file /Users/francisayanbadejo/venvs_projects/my_proj/lib/python3.9/site-packages/airflow/example_dags/plugins/workday.py for tasks to queue
[2025-04-23T05:04:30.896+0100] {logging_mixin.py:190} INFO - [2025-04-23T05:04:30.896+0100] {dagbag.py:588} INFO - Filling up the DagBag from /Users/francisayanbadejo/venvs_projects/my_proj/lib/python3.9/site-packages/airflow/example_dags/plugins/workday.py
[2025-04-23T05:04:30.989+0100] {processor.py:927} WARNING - No viable dags retrieved from /Users/francisayanbadejo/venvs_projects/my_proj/lib/python3.9/site-packages/airflow/example_dags/plugins/workday.py
[2025-04-23T05:04:31.045+0100] {processor.py:208} INFO - Processing /Users/francisayanbadejo/venvs_projects/my_proj/lib/python3.9/site-packages/airflow/example_dags/plugins/workday.py took 0.151 seconds
[2025-04-23T05:05:24.363+0100] {processor.py:186} INFO - Started process (PID=75660) to work on /Users/francisayanbadejo/venvs_projects/my_proj/lib/python3.9/site-packages/airflow/example_dags/plugins/workday.py
[2025-04-23T05:05:24.364+0100] {processor.py:914} INFO - Processing file /Users/francisayanbadejo/venvs_projects/my_proj/lib/python3.9/site-packages/airflow/example_dags/plugins/workday.py for tasks to queue
[2025-04-23T05:05:24.365+0100] {logging_mixin.py:190} INFO - [2025-04-23T05:05:24.365+0100] {dagbag.py:588} INFO - Filling up the DagBag from /Users/francisayanbadejo/venvs_projects/my_proj/lib/python3.9/site-packages/airflow/example_dags/plugins/workday.py
[2025-04-23T05:05:24.516+0100] {processor.py:927} WARNING - No viable dags retrieved from /Users/francisayanbadejo/venvs_projects/my_proj/lib/python3.9/site-packages/airflow/example_dags/plugins/workday.py
[2025-04-23T05:05:24.566+0100] {processor.py:208} INFO - Processing /Users/francisayanbadejo/venvs_projects/my_proj/lib/python3.9/site-packages/airflow/example_dags/plugins/workday.py took 0.204 seconds
[2025-04-23T05:06:19.819+0100] {processor.py:186} INFO - Started process (PID=75783) to work on /Users/francisayanbadejo/venvs_projects/my_proj/lib/python3.9/site-packages/airflow/example_dags/plugins/workday.py
[2025-04-23T05:06:19.821+0100] {processor.py:914} INFO - Processing file /Users/francisayanbadejo/venvs_projects/my_proj/lib/python3.9/site-packages/airflow/example_dags/plugins/workday.py for tasks to queue
[2025-04-23T05:06:19.822+0100] {logging_mixin.py:190} INFO - [2025-04-23T05:06:19.822+0100] {dagbag.py:588} INFO - Filling up the DagBag from /Users/francisayanbadejo/venvs_projects/my_proj/lib/python3.9/site-packages/airflow/example_dags/plugins/workday.py
[2025-04-23T05:06:19.919+0100] {processor.py:927} WARNING - No viable dags retrieved from /Users/francisayanbadejo/venvs_projects/my_proj/lib/python3.9/site-packages/airflow/example_dags/plugins/workday.py
[2025-04-23T05:06:19.976+0100] {processor.py:208} INFO - Processing /Users/francisayanbadejo/venvs_projects/my_proj/lib/python3.9/site-packages/airflow/example_dags/plugins/workday.py took 0.158 seconds
[2025-04-23T05:07:14.515+0100] {processor.py:186} INFO - Started process (PID=75898) to work on /Users/francisayanbadejo/venvs_projects/my_proj/lib/python3.9/site-packages/airflow/example_dags/plugins/workday.py
[2025-04-23T05:07:14.516+0100] {processor.py:914} INFO - Processing file /Users/francisayanbadejo/venvs_projects/my_proj/lib/python3.9/site-packages/airflow/example_dags/plugins/workday.py for tasks to queue
[2025-04-23T05:07:14.517+0100] {logging_mixin.py:190} INFO - [2025-04-23T05:07:14.517+0100] {dagbag.py:588} INFO - Filling up the DagBag from /Users/francisayanbadejo/venvs_projects/my_proj/lib/python3.9/site-packages/airflow/example_dags/plugins/workday.py
[2025-04-23T05:07:14.657+0100] {processor.py:927} WARNING - No viable dags retrieved from /Users/francisayanbadejo/venvs_projects/my_proj/lib/python3.9/site-packages/airflow/example_dags/plugins/workday.py
[2025-04-23T05:07:14.710+0100] {processor.py:208} INFO - Processing /Users/francisayanbadejo/venvs_projects/my_proj/lib/python3.9/site-packages/airflow/example_dags/plugins/workday.py took 0.196 seconds
[2025-04-23T05:08:11.568+0100] {processor.py:186} INFO - Started process (PID=76078) to work on /Users/francisayanbadejo/venvs_projects/my_proj/lib/python3.9/site-packages/airflow/example_dags/plugins/workday.py
[2025-04-23T05:08:11.570+0100] {processor.py:914} INFO - Processing file /Users/francisayanbadejo/venvs_projects/my_proj/lib/python3.9/site-packages/airflow/example_dags/plugins/workday.py for tasks to queue
[2025-04-23T05:08:11.571+0100] {logging_mixin.py:190} INFO - [2025-04-23T05:08:11.571+0100] {dagbag.py:588} INFO - Filling up the DagBag from /Users/francisayanbadejo/venvs_projects/my_proj/lib/python3.9/site-packages/airflow/example_dags/plugins/workday.py
[2025-04-23T05:08:11.669+0100] {processor.py:927} WARNING - No viable dags retrieved from /Users/francisayanbadejo/venvs_projects/my_proj/lib/python3.9/site-packages/airflow/example_dags/plugins/workday.py
[2025-04-23T05:08:11.719+0100] {processor.py:208} INFO - Processing /Users/francisayanbadejo/venvs_projects/my_proj/lib/python3.9/site-packages/airflow/example_dags/plugins/workday.py took 0.151 seconds
[2025-04-23T05:09:09.065+0100] {processor.py:186} INFO - Started process (PID=76354) to work on /Users/francisayanbadejo/venvs_projects/my_proj/lib/python3.9/site-packages/airflow/example_dags/plugins/workday.py
[2025-04-23T05:09:09.067+0100] {processor.py:914} INFO - Processing file /Users/francisayanbadejo/venvs_projects/my_proj/lib/python3.9/site-packages/airflow/example_dags/plugins/workday.py for tasks to queue
[2025-04-23T05:09:09.067+0100] {logging_mixin.py:190} INFO - [2025-04-23T05:09:09.067+0100] {dagbag.py:588} INFO - Filling up the DagBag from /Users/francisayanbadejo/venvs_projects/my_proj/lib/python3.9/site-packages/airflow/example_dags/plugins/workday.py
[2025-04-23T05:09:09.165+0100] {processor.py:927} WARNING - No viable dags retrieved from /Users/francisayanbadejo/venvs_projects/my_proj/lib/python3.9/site-packages/airflow/example_dags/plugins/workday.py
[2025-04-23T05:09:09.215+0100] {processor.py:208} INFO - Processing /Users/francisayanbadejo/venvs_projects/my_proj/lib/python3.9/site-packages/airflow/example_dags/plugins/workday.py took 0.151 seconds
[2025-04-23T05:18:19.225+0100] {processor.py:186} INFO - Started process (PID=77271) to work on /Users/francisayanbadejo/venvs_projects/my_proj/lib/python3.9/site-packages/airflow/example_dags/plugins/workday.py
[2025-04-23T05:18:19.226+0100] {processor.py:914} INFO - Processing file /Users/francisayanbadejo/venvs_projects/my_proj/lib/python3.9/site-packages/airflow/example_dags/plugins/workday.py for tasks to queue
[2025-04-23T05:18:19.227+0100] {logging_mixin.py:190} INFO - [2025-04-23T05:18:19.227+0100] {dagbag.py:588} INFO - Filling up the DagBag from /Users/francisayanbadejo/venvs_projects/my_proj/lib/python3.9/site-packages/airflow/example_dags/plugins/workday.py
[2025-04-23T05:18:19.323+0100] {processor.py:927} WARNING - No viable dags retrieved from /Users/francisayanbadejo/venvs_projects/my_proj/lib/python3.9/site-packages/airflow/example_dags/plugins/workday.py
[2025-04-23T05:18:19.377+0100] {processor.py:208} INFO - Processing /Users/francisayanbadejo/venvs_projects/my_proj/lib/python3.9/site-packages/airflow/example_dags/plugins/workday.py took 0.153 seconds
[2025-04-23T05:19:47.294+0100] {processor.py:186} INFO - Started process (PID=77435) to work on /Users/francisayanbadejo/venvs_projects/my_proj/lib/python3.9/site-packages/airflow/example_dags/plugins/workday.py
[2025-04-23T05:19:47.295+0100] {processor.py:914} INFO - Processing file /Users/francisayanbadejo/venvs_projects/my_proj/lib/python3.9/site-packages/airflow/example_dags/plugins/workday.py for tasks to queue
[2025-04-23T05:19:47.296+0100] {logging_mixin.py:190} INFO - [2025-04-23T05:19:47.296+0100] {dagbag.py:588} INFO - Filling up the DagBag from /Users/francisayanbadejo/venvs_projects/my_proj/lib/python3.9/site-packages/airflow/example_dags/plugins/workday.py
[2025-04-23T05:19:47.433+0100] {processor.py:927} WARNING - No viable dags retrieved from /Users/francisayanbadejo/venvs_projects/my_proj/lib/python3.9/site-packages/airflow/example_dags/plugins/workday.py
[2025-04-23T05:19:47.489+0100] {processor.py:208} INFO - Processing /Users/francisayanbadejo/venvs_projects/my_proj/lib/python3.9/site-packages/airflow/example_dags/plugins/workday.py took 0.197 seconds
[2025-04-23T05:20:45.900+0100] {processor.py:186} INFO - Started process (PID=77536) to work on /Users/francisayanbadejo/venvs_projects/my_proj/lib/python3.9/site-packages/airflow/example_dags/plugins/workday.py
[2025-04-23T05:20:45.902+0100] {processor.py:914} INFO - Processing file /Users/francisayanbadejo/venvs_projects/my_proj/lib/python3.9/site-packages/airflow/example_dags/plugins/workday.py for tasks to queue
[2025-04-23T05:20:45.903+0100] {logging_mixin.py:190} INFO - [2025-04-23T05:20:45.903+0100] {dagbag.py:588} INFO - Filling up the DagBag from /Users/francisayanbadejo/venvs_projects/my_proj/lib/python3.9/site-packages/airflow/example_dags/plugins/workday.py
[2025-04-23T05:20:46.029+0100] {processor.py:927} WARNING - No viable dags retrieved from /Users/francisayanbadejo/venvs_projects/my_proj/lib/python3.9/site-packages/airflow/example_dags/plugins/workday.py
[2025-04-23T05:20:46.078+0100] {processor.py:208} INFO - Processing /Users/francisayanbadejo/venvs_projects/my_proj/lib/python3.9/site-packages/airflow/example_dags/plugins/workday.py took 0.179 seconds
[2025-04-23T12:29:48.816+0100] {processor.py:186} INFO - Started process (PID=86306) to work on /Users/francisayanbadejo/venvs_projects/my_proj/lib/python3.9/site-packages/airflow/example_dags/plugins/workday.py
[2025-04-23T12:29:48.818+0100] {processor.py:914} INFO - Processing file /Users/francisayanbadejo/venvs_projects/my_proj/lib/python3.9/site-packages/airflow/example_dags/plugins/workday.py for tasks to queue
[2025-04-23T12:29:48.819+0100] {logging_mixin.py:190} INFO - [2025-04-23T12:29:48.819+0100] {dagbag.py:588} INFO - Filling up the DagBag from /Users/francisayanbadejo/venvs_projects/my_proj/lib/python3.9/site-packages/airflow/example_dags/plugins/workday.py
[2025-04-23T12:29:48.922+0100] {processor.py:927} WARNING - No viable dags retrieved from /Users/francisayanbadejo/venvs_projects/my_proj/lib/python3.9/site-packages/airflow/example_dags/plugins/workday.py
[2025-04-23T12:29:48.975+0100] {processor.py:208} INFO - Processing /Users/francisayanbadejo/venvs_projects/my_proj/lib/python3.9/site-packages/airflow/example_dags/plugins/workday.py took 0.160 seconds
