[2025-04-23T02:28:02.420+0100] {processor.py:186} INFO - Started process (PID=57596) to work on /Users/francisayanbadejo/venvs_projects/my_proj/lib/python3.9/site-packages/airflow/example_dags/subdags/subdag.py
[2025-04-23T02:28:02.421+0100] {processor.py:914} INFO - Processing file /Users/francisayanbadejo/venvs_projects/my_proj/lib/python3.9/site-packages/airflow/example_dags/subdags/subdag.py for tasks to queue
[2025-04-23T02:28:02.421+0100] {logging_mixin.py:190} INFO - [2025-04-23T02:28:02.421+0100] {dagbag.py:588} INFO - Filling up the DagBag from /Users/francisayanbadejo/venvs_projects/my_proj/lib/python3.9/site-packages/airflow/example_dags/subdags/subdag.py
[2025-04-23T02:28:02.422+0100] {processor.py:927} WARNING - No viable dags retrieved from /Users/francisayanbadejo/venvs_projects/my_proj/lib/python3.9/site-packages/airflow/example_dags/subdags/subdag.py
[2025-04-23T02:28:02.449+0100] {processor.py:208} INFO - Processing /Users/francisayanbadejo/venvs_projects/my_proj/lib/python3.9/site-packages/airflow/example_dags/subdags/subdag.py took 0.031 seconds
[2025-04-23T02:29:32.348+0100] {processor.py:186} INFO - Started process (PID=57775) to work on /Users/francisayanbadejo/venvs_projects/my_proj/lib/python3.9/site-packages/airflow/example_dags/subdags/subdag.py
[2025-04-23T02:29:32.350+0100] {processor.py:914} INFO - Processing file /Users/francisayanbadejo/venvs_projects/my_proj/lib/python3.9/site-packages/airflow/example_dags/subdags/subdag.py for tasks to queue
[2025-04-23T02:29:32.350+0100] {logging_mixin.py:190} INFO - [2025-04-23T02:29:32.350+0100] {dagbag.py:588} INFO - Filling up the DagBag from /Users/francisayanbadejo/venvs_projects/my_proj/lib/python3.9/site-packages/airflow/example_dags/subdags/subdag.py
[2025-04-23T02:29:32.351+0100] {processor.py:927} WARNING - No viable dags retrieved from /Users/francisayanbadejo/venvs_projects/my_proj/lib/python3.9/site-packages/airflow/example_dags/subdags/subdag.py
[2025-04-23T02:29:32.379+0100] {processor.py:208} INFO - Processing /Users/francisayanbadejo/venvs_projects/my_proj/lib/python3.9/site-packages/airflow/example_dags/subdags/subdag.py took 0.033 seconds
[2025-04-23T02:30:28.125+0100] {processor.py:186} INFO - Started process (PID=57881) to work on /Users/francisayanbadejo/venvs_projects/my_proj/lib/python3.9/site-packages/airflow/example_dags/subdags/subdag.py
[2025-04-23T02:30:28.126+0100] {processor.py:914} INFO - Processing file /Users/francisayanbadejo/venvs_projects/my_proj/lib/python3.9/site-packages/airflow/example_dags/subdags/subdag.py for tasks to queue
[2025-04-23T02:30:28.127+0100] {logging_mixin.py:190} INFO - [2025-04-23T02:30:28.127+0100] {dagbag.py:588} INFO - Filling up the DagBag from /Users/francisayanbadejo/venvs_projects/my_proj/lib/python3.9/site-packages/airflow/example_dags/subdags/subdag.py
[2025-04-23T02:30:28.128+0100] {processor.py:927} WARNING - No viable dags retrieved from /Users/francisayanbadejo/venvs_projects/my_proj/lib/python3.9/site-packages/airflow/example_dags/subdags/subdag.py
[2025-04-23T02:30:28.158+0100] {processor.py:208} INFO - Processing /Users/francisayanbadejo/venvs_projects/my_proj/lib/python3.9/site-packages/airflow/example_dags/subdags/subdag.py took 0.034 seconds
[2025-04-23T02:31:22.222+0100] {processor.py:186} INFO - Started process (PID=57972) to work on /Users/francisayanbadejo/venvs_projects/my_proj/lib/python3.9/site-packages/airflow/example_dags/subdags/subdag.py
[2025-04-23T02:31:22.224+0100] {processor.py:914} INFO - Processing file /Users/francisayanbadejo/venvs_projects/my_proj/lib/python3.9/site-packages/airflow/example_dags/subdags/subdag.py for tasks to queue
[2025-04-23T02:31:22.224+0100] {logging_mixin.py:190} INFO - [2025-04-23T02:31:22.224+0100] {dagbag.py:588} INFO - Filling up the DagBag from /Users/francisayanbadejo/venvs_projects/my_proj/lib/python3.9/site-packages/airflow/example_dags/subdags/subdag.py
[2025-04-23T02:31:22.225+0100] {processor.py:927} WARNING - No viable dags retrieved from /Users/francisayanbadejo/venvs_projects/my_proj/lib/python3.9/site-packages/airflow/example_dags/subdags/subdag.py
[2025-04-23T02:31:22.255+0100] {processor.py:208} INFO - Processing /Users/francisayanbadejo/venvs_projects/my_proj/lib/python3.9/site-packages/airflow/example_dags/subdags/subdag.py took 0.033 seconds
[2025-04-23T02:32:17.024+0100] {processor.py:186} INFO - Started process (PID=58105) to work on /Users/francisayanbadejo/venvs_projects/my_proj/lib/python3.9/site-packages/airflow/example_dags/subdags/subdag.py
[2025-04-23T02:32:17.025+0100] {processor.py:914} INFO - Processing file /Users/francisayanbadejo/venvs_projects/my_proj/lib/python3.9/site-packages/airflow/example_dags/subdags/subdag.py for tasks to queue
[2025-04-23T02:32:17.026+0100] {logging_mixin.py:190} INFO - [2025-04-23T02:32:17.026+0100] {dagbag.py:588} INFO - Filling up the DagBag from /Users/francisayanbadejo/venvs_projects/my_proj/lib/python3.9/site-packages/airflow/example_dags/subdags/subdag.py
[2025-04-23T02:32:17.027+0100] {processor.py:927} WARNING - No viable dags retrieved from /Users/francisayanbadejo/venvs_projects/my_proj/lib/python3.9/site-packages/airflow/example_dags/subdags/subdag.py
[2025-04-23T02:32:17.055+0100] {processor.py:208} INFO - Processing /Users/francisayanbadejo/venvs_projects/my_proj/lib/python3.9/site-packages/airflow/example_dags/subdags/subdag.py took 0.032 seconds
[2025-04-23T02:33:10.846+0100] {processor.py:186} INFO - Started process (PID=58225) to work on /Users/francisayanbadejo/venvs_projects/my_proj/lib/python3.9/site-packages/airflow/example_dags/subdags/subdag.py
[2025-04-23T02:33:10.848+0100] {processor.py:914} INFO - Processing file /Users/francisayanbadejo/venvs_projects/my_proj/lib/python3.9/site-packages/airflow/example_dags/subdags/subdag.py for tasks to queue
[2025-04-23T02:33:10.848+0100] {logging_mixin.py:190} INFO - [2025-04-23T02:33:10.848+0100] {dagbag.py:588} INFO - Filling up the DagBag from /Users/francisayanbadejo/venvs_projects/my_proj/lib/python3.9/site-packages/airflow/example_dags/subdags/subdag.py
[2025-04-23T02:33:10.849+0100] {processor.py:927} WARNING - No viable dags retrieved from /Users/francisayanbadejo/venvs_projects/my_proj/lib/python3.9/site-packages/airflow/example_dags/subdags/subdag.py
[2025-04-23T02:33:10.878+0100] {processor.py:208} INFO - Processing /Users/francisayanbadejo/venvs_projects/my_proj/lib/python3.9/site-packages/airflow/example_dags/subdags/subdag.py took 0.033 seconds
[2025-04-23T02:33:53.784+0100] {processor.py:186} INFO - Started process (PID=58399) to work on /Users/francisayanbadejo/venvs_projects/my_proj/lib/python3.9/site-packages/airflow/example_dags/subdags/subdag.py
[2025-04-23T02:33:53.785+0100] {processor.py:914} INFO - Processing file /Users/francisayanbadejo/venvs_projects/my_proj/lib/python3.9/site-packages/airflow/example_dags/subdags/subdag.py for tasks to queue
[2025-04-23T02:33:53.786+0100] {logging_mixin.py:190} INFO - [2025-04-23T02:33:53.786+0100] {dagbag.py:588} INFO - Filling up the DagBag from /Users/francisayanbadejo/venvs_projects/my_proj/lib/python3.9/site-packages/airflow/example_dags/subdags/subdag.py
[2025-04-23T02:33:53.786+0100] {processor.py:927} WARNING - No viable dags retrieved from /Users/francisayanbadejo/venvs_projects/my_proj/lib/python3.9/site-packages/airflow/example_dags/subdags/subdag.py
[2025-04-23T02:33:53.814+0100] {processor.py:208} INFO - Processing /Users/francisayanbadejo/venvs_projects/my_proj/lib/python3.9/site-packages/airflow/example_dags/subdags/subdag.py took 0.032 seconds
[2025-04-23T02:35:19.499+0100] {processor.py:186} INFO - Started process (PID=58549) to work on /Users/francisayanbadejo/venvs_projects/my_proj/lib/python3.9/site-packages/airflow/example_dags/subdags/subdag.py
[2025-04-23T02:35:19.501+0100] {processor.py:914} INFO - Processing file /Users/francisayanbadejo/venvs_projects/my_proj/lib/python3.9/site-packages/airflow/example_dags/subdags/subdag.py for tasks to queue
[2025-04-23T02:35:19.502+0100] {logging_mixin.py:190} INFO - [2025-04-23T02:35:19.502+0100] {dagbag.py:588} INFO - Filling up the DagBag from /Users/francisayanbadejo/venvs_projects/my_proj/lib/python3.9/site-packages/airflow/example_dags/subdags/subdag.py
[2025-04-23T02:35:19.503+0100] {processor.py:927} WARNING - No viable dags retrieved from /Users/francisayanbadejo/venvs_projects/my_proj/lib/python3.9/site-packages/airflow/example_dags/subdags/subdag.py
[2025-04-23T02:35:19.531+0100] {processor.py:208} INFO - Processing /Users/francisayanbadejo/venvs_projects/my_proj/lib/python3.9/site-packages/airflow/example_dags/subdags/subdag.py took 0.033 seconds
[2025-04-23T02:36:12.529+0100] {processor.py:186} INFO - Started process (PID=58629) to work on /Users/francisayanbadejo/venvs_projects/my_proj/lib/python3.9/site-packages/airflow/example_dags/subdags/subdag.py
[2025-04-23T02:36:12.531+0100] {processor.py:914} INFO - Processing file /Users/francisayanbadejo/venvs_projects/my_proj/lib/python3.9/site-packages/airflow/example_dags/subdags/subdag.py for tasks to queue
[2025-04-23T02:36:12.532+0100] {logging_mixin.py:190} INFO - [2025-04-23T02:36:12.532+0100] {dagbag.py:588} INFO - Filling up the DagBag from /Users/francisayanbadejo/venvs_projects/my_proj/lib/python3.9/site-packages/airflow/example_dags/subdags/subdag.py
[2025-04-23T02:36:12.532+0100] {processor.py:927} WARNING - No viable dags retrieved from /Users/francisayanbadejo/venvs_projects/my_proj/lib/python3.9/site-packages/airflow/example_dags/subdags/subdag.py
[2025-04-23T02:36:12.560+0100] {processor.py:208} INFO - Processing /Users/francisayanbadejo/venvs_projects/my_proj/lib/python3.9/site-packages/airflow/example_dags/subdags/subdag.py took 0.033 seconds
[2025-04-23T02:37:07.112+0100] {processor.py:186} INFO - Started process (PID=58718) to work on /Users/francisayanbadejo/venvs_projects/my_proj/lib/python3.9/site-packages/airflow/example_dags/subdags/subdag.py
[2025-04-23T02:37:07.114+0100] {processor.py:914} INFO - Processing file /Users/francisayanbadejo/venvs_projects/my_proj/lib/python3.9/site-packages/airflow/example_dags/subdags/subdag.py for tasks to queue
[2025-04-23T02:37:07.115+0100] {logging_mixin.py:190} INFO - [2025-04-23T02:37:07.115+0100] {dagbag.py:588} INFO - Filling up the DagBag from /Users/francisayanbadejo/venvs_projects/my_proj/lib/python3.9/site-packages/airflow/example_dags/subdags/subdag.py
[2025-04-23T02:37:07.116+0100] {processor.py:927} WARNING - No viable dags retrieved from /Users/francisayanbadejo/venvs_projects/my_proj/lib/python3.9/site-packages/airflow/example_dags/subdags/subdag.py
[2025-04-23T02:37:07.145+0100] {processor.py:208} INFO - Processing /Users/francisayanbadejo/venvs_projects/my_proj/lib/python3.9/site-packages/airflow/example_dags/subdags/subdag.py took 0.034 seconds
[2025-04-23T02:38:01.187+0100] {processor.py:186} INFO - Started process (PID=58838) to work on /Users/francisayanbadejo/venvs_projects/my_proj/lib/python3.9/site-packages/airflow/example_dags/subdags/subdag.py
[2025-04-23T02:38:01.188+0100] {processor.py:914} INFO - Processing file /Users/francisayanbadejo/venvs_projects/my_proj/lib/python3.9/site-packages/airflow/example_dags/subdags/subdag.py for tasks to queue
[2025-04-23T02:38:01.189+0100] {logging_mixin.py:190} INFO - [2025-04-23T02:38:01.189+0100] {dagbag.py:588} INFO - Filling up the DagBag from /Users/francisayanbadejo/venvs_projects/my_proj/lib/python3.9/site-packages/airflow/example_dags/subdags/subdag.py
[2025-04-23T02:38:01.189+0100] {processor.py:927} WARNING - No viable dags retrieved from /Users/francisayanbadejo/venvs_projects/my_proj/lib/python3.9/site-packages/airflow/example_dags/subdags/subdag.py
[2025-04-23T02:38:01.218+0100] {processor.py:208} INFO - Processing /Users/francisayanbadejo/venvs_projects/my_proj/lib/python3.9/site-packages/airflow/example_dags/subdags/subdag.py took 0.032 seconds
