[2025-04-23T02:29:17.358+0100] {processor.py:186} INFO - Started process (PID=57745) to work on /Users/francisayanbadejo/venvs_projects/my_proj/lib/python3.9/site-packages/airflow/example_dags/example_complex.py
[2025-04-23T02:29:17.359+0100] {processor.py:914} INFO - Processing file /Users/francisayanbadejo/venvs_projects/my_proj/lib/python3.9/site-packages/airflow/example_dags/example_complex.py for tasks to queue
[2025-04-23T02:29:17.360+0100] {logging_mixin.py:190} INFO - [2025-04-23T02:29:17.360+0100] {dagbag.py:588} INFO - Filling up the DagBag from /Users/francisayanbadejo/venvs_projects/my_proj/lib/python3.9/site-packages/airflow/example_dags/example_complex.py
[2025-04-23T02:29:17.365+0100] {processor.py:925} INFO - DAG(s) 'example_complex' retrieved from /Users/francisayanbadejo/venvs_projects/my_proj/lib/python3.9/site-packages/airflow/example_dags/example_complex.py
[2025-04-23T02:29:17.427+0100] {logging_mixin.py:190} INFO - [2025-04-23T02:29:17.427+0100] {override.py:1930} INFO - Created Permission View: can edit on DAG:example_complex
[2025-04-23T02:29:17.429+0100] {logging_mixin.py:190} INFO - [2025-04-23T02:29:17.429+0100] {override.py:1930} INFO - Created Permission View: can delete on DAG:example_complex
[2025-04-23T02:29:17.431+0100] {logging_mixin.py:190} INFO - [2025-04-23T02:29:17.431+0100] {override.py:1930} INFO - Created Permission View: can read on DAG:example_complex
[2025-04-23T02:29:17.433+0100] {logging_mixin.py:190} INFO - [2025-04-23T02:29:17.433+0100] {override.py:1930} INFO - Created Permission View: can create on DAG Run:example_complex
[2025-04-23T02:29:17.435+0100] {logging_mixin.py:190} INFO - [2025-04-23T02:29:17.434+0100] {override.py:1930} INFO - Created Permission View: can delete on DAG Run:example_complex
[2025-04-23T02:29:17.436+0100] {logging_mixin.py:190} INFO - [2025-04-23T02:29:17.436+0100] {override.py:1930} INFO - Created Permission View: can read on DAG Run:example_complex
[2025-04-23T02:29:17.437+0100] {logging_mixin.py:190} INFO - [2025-04-23T02:29:17.437+0100] {override.py:1930} INFO - Created Permission View: menu access on DAG Run:example_complex
[2025-04-23T02:29:17.437+0100] {logging_mixin.py:190} INFO - [2025-04-23T02:29:17.437+0100] {dag.py:3239} INFO - Sync 1 DAGs
[2025-04-23T02:29:17.441+0100] {logging_mixin.py:190} INFO - [2025-04-23T02:29:17.441+0100] {dag.py:3262} INFO - Creating ORM DAG for example_complex
[2025-04-23T02:29:17.441+0100] {logging_mixin.py:190} INFO - [2025-04-23T02:29:17.441+0100] {dag.py:4180} INFO - Setting next_dagrun for example_complex to None, run_after=None
[2025-04-23T02:29:17.446+0100] {processor.py:208} INFO - Processing /Users/francisayanbadejo/venvs_projects/my_proj/lib/python3.9/site-packages/airflow/example_dags/example_complex.py took 0.089 seconds
[2025-04-23T02:31:08.511+0100] {processor.py:186} INFO - Started process (PID=57953) to work on /Users/francisayanbadejo/venvs_projects/my_proj/lib/python3.9/site-packages/airflow/example_dags/example_complex.py
[2025-04-23T02:31:08.512+0100] {processor.py:914} INFO - Processing file /Users/francisayanbadejo/venvs_projects/my_proj/lib/python3.9/site-packages/airflow/example_dags/example_complex.py for tasks to queue
[2025-04-23T02:31:08.512+0100] {logging_mixin.py:190} INFO - [2025-04-23T02:31:08.512+0100] {dagbag.py:588} INFO - Filling up the DagBag from /Users/francisayanbadejo/venvs_projects/my_proj/lib/python3.9/site-packages/airflow/example_dags/example_complex.py
[2025-04-23T02:31:08.517+0100] {processor.py:925} INFO - DAG(s) 'example_complex' retrieved from /Users/francisayanbadejo/venvs_projects/my_proj/lib/python3.9/site-packages/airflow/example_dags/example_complex.py
[2025-04-23T02:31:08.552+0100] {logging_mixin.py:190} INFO - [2025-04-23T02:31:08.552+0100] {dag.py:3239} INFO - Sync 1 DAGs
[2025-04-23T02:31:08.555+0100] {logging_mixin.py:190} INFO - [2025-04-23T02:31:08.555+0100] {dag.py:4180} INFO - Setting next_dagrun for example_complex to None, run_after=None
[2025-04-23T02:31:08.560+0100] {processor.py:208} INFO - Processing /Users/francisayanbadejo/venvs_projects/my_proj/lib/python3.9/site-packages/airflow/example_dags/example_complex.py took 0.051 seconds
[2025-04-23T02:32:57.327+0100] {processor.py:186} INFO - Started process (PID=58192) to work on /Users/francisayanbadejo/venvs_projects/my_proj/lib/python3.9/site-packages/airflow/example_dags/example_complex.py
[2025-04-23T02:32:57.329+0100] {processor.py:914} INFO - Processing file /Users/francisayanbadejo/venvs_projects/my_proj/lib/python3.9/site-packages/airflow/example_dags/example_complex.py for tasks to queue
[2025-04-23T02:32:57.329+0100] {logging_mixin.py:190} INFO - [2025-04-23T02:32:57.329+0100] {dagbag.py:588} INFO - Filling up the DagBag from /Users/francisayanbadejo/venvs_projects/my_proj/lib/python3.9/site-packages/airflow/example_dags/example_complex.py
[2025-04-23T02:32:57.334+0100] {processor.py:925} INFO - DAG(s) 'example_complex' retrieved from /Users/francisayanbadejo/venvs_projects/my_proj/lib/python3.9/site-packages/airflow/example_dags/example_complex.py
[2025-04-23T02:32:57.384+0100] {logging_mixin.py:190} INFO - [2025-04-23T02:32:57.384+0100] {dag.py:3239} INFO - Sync 1 DAGs
[2025-04-23T02:32:57.388+0100] {logging_mixin.py:190} INFO - [2025-04-23T02:32:57.388+0100] {dag.py:4180} INFO - Setting next_dagrun for example_complex to None, run_after=None
[2025-04-23T02:32:57.394+0100] {processor.py:208} INFO - Processing /Users/francisayanbadejo/venvs_projects/my_proj/lib/python3.9/site-packages/airflow/example_dags/example_complex.py took 0.069 seconds
[2025-04-23T02:35:06.643+0100] {processor.py:186} INFO - Started process (PID=58531) to work on /Users/francisayanbadejo/venvs_projects/my_proj/lib/python3.9/site-packages/airflow/example_dags/example_complex.py
[2025-04-23T02:35:06.645+0100] {processor.py:914} INFO - Processing file /Users/francisayanbadejo/venvs_projects/my_proj/lib/python3.9/site-packages/airflow/example_dags/example_complex.py for tasks to queue
[2025-04-23T02:35:06.645+0100] {logging_mixin.py:190} INFO - [2025-04-23T02:35:06.645+0100] {dagbag.py:588} INFO - Filling up the DagBag from /Users/francisayanbadejo/venvs_projects/my_proj/lib/python3.9/site-packages/airflow/example_dags/example_complex.py
[2025-04-23T02:35:06.649+0100] {processor.py:925} INFO - DAG(s) 'example_complex' retrieved from /Users/francisayanbadejo/venvs_projects/my_proj/lib/python3.9/site-packages/airflow/example_dags/example_complex.py
[2025-04-23T02:35:06.686+0100] {logging_mixin.py:190} INFO - [2025-04-23T02:35:06.685+0100] {dag.py:3239} INFO - Sync 1 DAGs
[2025-04-23T02:35:06.689+0100] {logging_mixin.py:190} INFO - [2025-04-23T02:35:06.689+0100] {dag.py:4180} INFO - Setting next_dagrun for example_complex to None, run_after=None
[2025-04-23T02:35:06.694+0100] {processor.py:208} INFO - Processing /Users/francisayanbadejo/venvs_projects/my_proj/lib/python3.9/site-packages/airflow/example_dags/example_complex.py took 0.052 seconds
[2025-04-23T02:36:54.122+0100] {processor.py:186} INFO - Started process (PID=58699) to work on /Users/francisayanbadejo/venvs_projects/my_proj/lib/python3.9/site-packages/airflow/example_dags/example_complex.py
[2025-04-23T02:36:54.123+0100] {processor.py:914} INFO - Processing file /Users/francisayanbadejo/venvs_projects/my_proj/lib/python3.9/site-packages/airflow/example_dags/example_complex.py for tasks to queue
[2025-04-23T02:36:54.124+0100] {logging_mixin.py:190} INFO - [2025-04-23T02:36:54.124+0100] {dagbag.py:588} INFO - Filling up the DagBag from /Users/francisayanbadejo/venvs_projects/my_proj/lib/python3.9/site-packages/airflow/example_dags/example_complex.py
[2025-04-23T02:36:54.128+0100] {processor.py:925} INFO - DAG(s) 'example_complex' retrieved from /Users/francisayanbadejo/venvs_projects/my_proj/lib/python3.9/site-packages/airflow/example_dags/example_complex.py
[2025-04-23T02:36:54.166+0100] {logging_mixin.py:190} INFO - [2025-04-23T02:36:54.165+0100] {dag.py:3239} INFO - Sync 1 DAGs
[2025-04-23T02:36:54.169+0100] {logging_mixin.py:190} INFO - [2025-04-23T02:36:54.169+0100] {dag.py:4180} INFO - Setting next_dagrun for example_complex to None, run_after=None
[2025-04-23T02:36:54.174+0100] {processor.py:208} INFO - Processing /Users/francisayanbadejo/venvs_projects/my_proj/lib/python3.9/site-packages/airflow/example_dags/example_complex.py took 0.053 seconds
[2025-04-23T02:38:44.872+0100] {processor.py:186} INFO - Started process (PID=59033) to work on /Users/francisayanbadejo/venvs_projects/my_proj/lib/python3.9/site-packages/airflow/example_dags/example_complex.py
[2025-04-23T02:38:44.874+0100] {processor.py:914} INFO - Processing file /Users/francisayanbadejo/venvs_projects/my_proj/lib/python3.9/site-packages/airflow/example_dags/example_complex.py for tasks to queue
[2025-04-23T02:38:44.875+0100] {logging_mixin.py:190} INFO - [2025-04-23T02:38:44.875+0100] {dagbag.py:588} INFO - Filling up the DagBag from /Users/francisayanbadejo/venvs_projects/my_proj/lib/python3.9/site-packages/airflow/example_dags/example_complex.py
[2025-04-23T02:38:44.879+0100] {processor.py:925} INFO - DAG(s) 'example_complex' retrieved from /Users/francisayanbadejo/venvs_projects/my_proj/lib/python3.9/site-packages/airflow/example_dags/example_complex.py
[2025-04-23T02:38:44.915+0100] {logging_mixin.py:190} INFO - [2025-04-23T02:38:44.915+0100] {dag.py:3239} INFO - Sync 1 DAGs
[2025-04-23T02:38:44.918+0100] {logging_mixin.py:190} INFO - [2025-04-23T02:38:44.918+0100] {dag.py:4180} INFO - Setting next_dagrun for example_complex to None, run_after=None
[2025-04-23T02:38:44.923+0100] {processor.py:208} INFO - Processing /Users/francisayanbadejo/venvs_projects/my_proj/lib/python3.9/site-packages/airflow/example_dags/example_complex.py took 0.052 seconds
