[2025-04-23T02:29:24.054+0100] {processor.py:186} INFO - Started process (PID=57757) to work on /Users/francisayanbadejo/venvs_projects/my_proj/lib/python3.9/site-packages/airflow/example_dags/example_branch_labels.py
[2025-04-23T02:29:24.055+0100] {processor.py:914} INFO - Processing file /Users/francisayanbadejo/venvs_projects/my_proj/lib/python3.9/site-packages/airflow/example_dags/example_branch_labels.py for tasks to queue
[2025-04-23T02:29:24.056+0100] {logging_mixin.py:190} INFO - [2025-04-23T02:29:24.056+0100] {dagbag.py:588} INFO - Filling up the DagBag from /Users/francisayanbadejo/venvs_projects/my_proj/lib/python3.9/site-packages/airflow/example_dags/example_branch_labels.py
[2025-04-23T02:29:24.059+0100] {processor.py:925} INFO - DAG(s) 'example_branch_labels' retrieved from /Users/francisayanbadejo/venvs_projects/my_proj/lib/python3.9/site-packages/airflow/example_dags/example_branch_labels.py
[2025-04-23T02:29:24.116+0100] {logging_mixin.py:190} INFO - [2025-04-23T02:29:24.116+0100] {override.py:1930} INFO - Created Permission View: can delete on DAG:example_branch_labels
[2025-04-23T02:29:24.119+0100] {logging_mixin.py:190} INFO - [2025-04-23T02:29:24.119+0100] {override.py:1930} INFO - Created Permission View: can read on DAG:example_branch_labels
[2025-04-23T02:29:24.120+0100] {logging_mixin.py:190} INFO - [2025-04-23T02:29:24.120+0100] {override.py:1930} INFO - Created Permission View: can edit on DAG:example_branch_labels
[2025-04-23T02:29:24.122+0100] {logging_mixin.py:190} INFO - [2025-04-23T02:29:24.122+0100] {override.py:1930} INFO - Created Permission View: can create on DAG Run:example_branch_labels
[2025-04-23T02:29:24.124+0100] {logging_mixin.py:190} INFO - [2025-04-23T02:29:24.124+0100] {override.py:1930} INFO - Created Permission View: can read on DAG Run:example_branch_labels
[2025-04-23T02:29:24.125+0100] {logging_mixin.py:190} INFO - [2025-04-23T02:29:24.125+0100] {override.py:1930} INFO - Created Permission View: menu access on DAG Run:example_branch_labels
[2025-04-23T02:29:24.127+0100] {logging_mixin.py:190} INFO - [2025-04-23T02:29:24.127+0100] {override.py:1930} INFO - Created Permission View: can delete on DAG Run:example_branch_labels
[2025-04-23T02:29:24.127+0100] {logging_mixin.py:190} INFO - [2025-04-23T02:29:24.127+0100] {dag.py:3239} INFO - Sync 1 DAGs
[2025-04-23T02:29:24.131+0100] {logging_mixin.py:190} INFO - [2025-04-23T02:29:24.131+0100] {dag.py:3262} INFO - Creating ORM DAG for example_branch_labels
[2025-04-23T02:29:24.133+0100] {logging_mixin.py:190} INFO - [2025-04-23T02:29:24.133+0100] {dag.py:4180} INFO - Setting next_dagrun for example_branch_labels to 2025-04-22 00:00:00+00:00, run_after=2025-04-23 00:00:00+00:00
[2025-04-23T02:29:24.137+0100] {processor.py:208} INFO - Processing /Users/francisayanbadejo/venvs_projects/my_proj/lib/python3.9/site-packages/airflow/example_dags/example_branch_labels.py took 0.084 seconds
[2025-04-23T02:31:13.998+0100] {processor.py:186} INFO - Started process (PID=57962) to work on /Users/francisayanbadejo/venvs_projects/my_proj/lib/python3.9/site-packages/airflow/example_dags/example_branch_labels.py
[2025-04-23T02:31:13.999+0100] {processor.py:914} INFO - Processing file /Users/francisayanbadejo/venvs_projects/my_proj/lib/python3.9/site-packages/airflow/example_dags/example_branch_labels.py for tasks to queue
[2025-04-23T02:31:14.000+0100] {logging_mixin.py:190} INFO - [2025-04-23T02:31:14.000+0100] {dagbag.py:588} INFO - Filling up the DagBag from /Users/francisayanbadejo/venvs_projects/my_proj/lib/python3.9/site-packages/airflow/example_dags/example_branch_labels.py
[2025-04-23T02:31:14.003+0100] {processor.py:925} INFO - DAG(s) 'example_branch_labels' retrieved from /Users/francisayanbadejo/venvs_projects/my_proj/lib/python3.9/site-packages/airflow/example_dags/example_branch_labels.py
[2025-04-23T02:31:14.034+0100] {logging_mixin.py:190} INFO - [2025-04-23T02:31:14.033+0100] {dag.py:3239} INFO - Sync 1 DAGs
[2025-04-23T02:31:14.039+0100] {logging_mixin.py:190} INFO - [2025-04-23T02:31:14.039+0100] {dag.py:4180} INFO - Setting next_dagrun for example_branch_labels to 2025-04-22 00:00:00+00:00, run_after=2025-04-23 00:00:00+00:00
[2025-04-23T02:31:14.044+0100] {processor.py:208} INFO - Processing /Users/francisayanbadejo/venvs_projects/my_proj/lib/python3.9/site-packages/airflow/example_dags/example_branch_labels.py took 0.047 seconds
[2025-04-23T02:33:03.532+0100] {processor.py:186} INFO - Started process (PID=58211) to work on /Users/francisayanbadejo/venvs_projects/my_proj/lib/python3.9/site-packages/airflow/example_dags/example_branch_labels.py
[2025-04-23T02:33:03.533+0100] {processor.py:914} INFO - Processing file /Users/francisayanbadejo/venvs_projects/my_proj/lib/python3.9/site-packages/airflow/example_dags/example_branch_labels.py for tasks to queue
[2025-04-23T02:33:03.534+0100] {logging_mixin.py:190} INFO - [2025-04-23T02:33:03.534+0100] {dagbag.py:588} INFO - Filling up the DagBag from /Users/francisayanbadejo/venvs_projects/my_proj/lib/python3.9/site-packages/airflow/example_dags/example_branch_labels.py
[2025-04-23T02:33:03.537+0100] {processor.py:925} INFO - DAG(s) 'example_branch_labels' retrieved from /Users/francisayanbadejo/venvs_projects/my_proj/lib/python3.9/site-packages/airflow/example_dags/example_branch_labels.py
[2025-04-23T02:33:03.571+0100] {logging_mixin.py:190} INFO - [2025-04-23T02:33:03.571+0100] {dag.py:3239} INFO - Sync 1 DAGs
[2025-04-23T02:33:03.577+0100] {logging_mixin.py:190} INFO - [2025-04-23T02:33:03.577+0100] {dag.py:4180} INFO - Setting next_dagrun for example_branch_labels to 2025-04-22 00:00:00+00:00, run_after=2025-04-23 00:00:00+00:00
[2025-04-23T02:33:03.582+0100] {processor.py:208} INFO - Processing /Users/francisayanbadejo/venvs_projects/my_proj/lib/python3.9/site-packages/airflow/example_dags/example_branch_labels.py took 0.052 seconds
[2025-04-23T02:35:12.227+0100] {processor.py:186} INFO - Started process (PID=58539) to work on /Users/francisayanbadejo/venvs_projects/my_proj/lib/python3.9/site-packages/airflow/example_dags/example_branch_labels.py
[2025-04-23T02:35:12.228+0100] {processor.py:914} INFO - Processing file /Users/francisayanbadejo/venvs_projects/my_proj/lib/python3.9/site-packages/airflow/example_dags/example_branch_labels.py for tasks to queue
[2025-04-23T02:35:12.229+0100] {logging_mixin.py:190} INFO - [2025-04-23T02:35:12.229+0100] {dagbag.py:588} INFO - Filling up the DagBag from /Users/francisayanbadejo/venvs_projects/my_proj/lib/python3.9/site-packages/airflow/example_dags/example_branch_labels.py
[2025-04-23T02:35:12.232+0100] {processor.py:925} INFO - DAG(s) 'example_branch_labels' retrieved from /Users/francisayanbadejo/venvs_projects/my_proj/lib/python3.9/site-packages/airflow/example_dags/example_branch_labels.py
[2025-04-23T02:35:12.264+0100] {logging_mixin.py:190} INFO - [2025-04-23T02:35:12.264+0100] {dag.py:3239} INFO - Sync 1 DAGs
[2025-04-23T02:35:12.269+0100] {logging_mixin.py:190} INFO - [2025-04-23T02:35:12.269+0100] {dag.py:4180} INFO - Setting next_dagrun for example_branch_labels to 2025-04-22 00:00:00+00:00, run_after=2025-04-23 00:00:00+00:00
[2025-04-23T02:35:12.274+0100] {processor.py:208} INFO - Processing /Users/francisayanbadejo/venvs_projects/my_proj/lib/python3.9/site-packages/airflow/example_dags/example_branch_labels.py took 0.049 seconds
[2025-04-23T02:36:59.740+0100] {processor.py:186} INFO - Started process (PID=58707) to work on /Users/francisayanbadejo/venvs_projects/my_proj/lib/python3.9/site-packages/airflow/example_dags/example_branch_labels.py
[2025-04-23T02:36:59.742+0100] {processor.py:914} INFO - Processing file /Users/francisayanbadejo/venvs_projects/my_proj/lib/python3.9/site-packages/airflow/example_dags/example_branch_labels.py for tasks to queue
[2025-04-23T02:36:59.743+0100] {logging_mixin.py:190} INFO - [2025-04-23T02:36:59.742+0100] {dagbag.py:588} INFO - Filling up the DagBag from /Users/francisayanbadejo/venvs_projects/my_proj/lib/python3.9/site-packages/airflow/example_dags/example_branch_labels.py
[2025-04-23T02:36:59.745+0100] {processor.py:925} INFO - DAG(s) 'example_branch_labels' retrieved from /Users/francisayanbadejo/venvs_projects/my_proj/lib/python3.9/site-packages/airflow/example_dags/example_branch_labels.py
[2025-04-23T02:36:59.777+0100] {logging_mixin.py:190} INFO - [2025-04-23T02:36:59.777+0100] {dag.py:3239} INFO - Sync 1 DAGs
[2025-04-23T02:36:59.783+0100] {logging_mixin.py:190} INFO - [2025-04-23T02:36:59.783+0100] {dag.py:4180} INFO - Setting next_dagrun for example_branch_labels to 2025-04-22 00:00:00+00:00, run_after=2025-04-23 00:00:00+00:00
[2025-04-23T02:36:59.788+0100] {processor.py:208} INFO - Processing /Users/francisayanbadejo/venvs_projects/my_proj/lib/python3.9/site-packages/airflow/example_dags/example_branch_labels.py took 0.049 seconds
[2025-04-23T02:38:50.361+0100] {processor.py:186} INFO - Started process (PID=59051) to work on /Users/francisayanbadejo/venvs_projects/my_proj/lib/python3.9/site-packages/airflow/example_dags/example_branch_labels.py
[2025-04-23T02:38:50.362+0100] {processor.py:914} INFO - Processing file /Users/francisayanbadejo/venvs_projects/my_proj/lib/python3.9/site-packages/airflow/example_dags/example_branch_labels.py for tasks to queue
[2025-04-23T02:38:50.363+0100] {logging_mixin.py:190} INFO - [2025-04-23T02:38:50.363+0100] {dagbag.py:588} INFO - Filling up the DagBag from /Users/francisayanbadejo/venvs_projects/my_proj/lib/python3.9/site-packages/airflow/example_dags/example_branch_labels.py
[2025-04-23T02:38:50.366+0100] {processor.py:925} INFO - DAG(s) 'example_branch_labels' retrieved from /Users/francisayanbadejo/venvs_projects/my_proj/lib/python3.9/site-packages/airflow/example_dags/example_branch_labels.py
[2025-04-23T02:38:50.397+0100] {logging_mixin.py:190} INFO - [2025-04-23T02:38:50.397+0100] {dag.py:3239} INFO - Sync 1 DAGs
[2025-04-23T02:38:50.402+0100] {logging_mixin.py:190} INFO - [2025-04-23T02:38:50.402+0100] {dag.py:4180} INFO - Setting next_dagrun for example_branch_labels to 2025-04-22 00:00:00+00:00, run_after=2025-04-23 00:00:00+00:00
[2025-04-23T02:38:50.407+0100] {processor.py:208} INFO - Processing /Users/francisayanbadejo/venvs_projects/my_proj/lib/python3.9/site-packages/airflow/example_dags/example_branch_labels.py took 0.047 seconds
