[2025-04-23T03:42:02.936+0100] {processor.py:186} INFO - Started process (PID=63606) to work on /Users/francisayanbadejo/venvs_projects/my_proj/lib/python3.9/site-packages/airflow/example_dags/example_branch_operator_decorator.py
[2025-04-23T03:42:02.937+0100] {processor.py:914} INFO - Processing file /Users/francisayanbadejo/venvs_projects/my_proj/lib/python3.9/site-packages/airflow/example_dags/example_branch_operator_decorator.py for tasks to queue
[2025-04-23T03:42:02.938+0100] {logging_mixin.py:190} INFO - [2025-04-23T03:42:02.938+0100] {dagbag.py:588} INFO - Filling up the DagBag from /Users/francisayanbadejo/venvs_projects/my_proj/lib/python3.9/site-packages/airflow/example_dags/example_branch_operator_decorator.py
[2025-04-23T03:42:02.943+0100] {processor.py:927} WARNING - No viable dags retrieved from /Users/francisayanbadejo/venvs_projects/my_proj/lib/python3.9/site-packages/airflow/example_dags/example_branch_operator_decorator.py
[2025-04-23T03:42:02.970+0100] {processor.py:208} INFO - Processing /Users/francisayanbadejo/venvs_projects/my_proj/lib/python3.9/site-packages/airflow/example_dags/example_branch_operator_decorator.py took 0.035 seconds
[2025-04-23T03:45:23.406+0100] {processor.py:186} INFO - Started process (PID=64399) to work on /Users/francisayanbadejo/venvs_projects/my_proj/lib/python3.9/site-packages/airflow/example_dags/example_branch_operator_decorator.py
[2025-04-23T03:45:23.407+0100] {processor.py:914} INFO - Processing file /Users/francisayanbadejo/venvs_projects/my_proj/lib/python3.9/site-packages/airflow/example_dags/example_branch_operator_decorator.py for tasks to queue
[2025-04-23T03:45:23.408+0100] {logging_mixin.py:190} INFO - [2025-04-23T03:45:23.408+0100] {dagbag.py:588} INFO - Filling up the DagBag from /Users/francisayanbadejo/venvs_projects/my_proj/lib/python3.9/site-packages/airflow/example_dags/example_branch_operator_decorator.py
[2025-04-23T03:45:23.414+0100] {processor.py:927} WARNING - No viable dags retrieved from /Users/francisayanbadejo/venvs_projects/my_proj/lib/python3.9/site-packages/airflow/example_dags/example_branch_operator_decorator.py
[2025-04-23T03:45:23.441+0100] {processor.py:208} INFO - Processing /Users/francisayanbadejo/venvs_projects/my_proj/lib/python3.9/site-packages/airflow/example_dags/example_branch_operator_decorator.py took 0.036 seconds
[2025-04-23T03:47:17.077+0100] {processor.py:186} INFO - Started process (PID=64646) to work on /Users/francisayanbadejo/venvs_projects/my_proj/lib/python3.9/site-packages/airflow/example_dags/example_branch_operator_decorator.py
[2025-04-23T03:47:17.079+0100] {processor.py:914} INFO - Processing file /Users/francisayanbadejo/venvs_projects/my_proj/lib/python3.9/site-packages/airflow/example_dags/example_branch_operator_decorator.py for tasks to queue
[2025-04-23T03:47:17.079+0100] {logging_mixin.py:190} INFO - [2025-04-23T03:47:17.079+0100] {dagbag.py:588} INFO - Filling up the DagBag from /Users/francisayanbadejo/venvs_projects/my_proj/lib/python3.9/site-packages/airflow/example_dags/example_branch_operator_decorator.py
[2025-04-23T03:47:17.085+0100] {processor.py:927} WARNING - No viable dags retrieved from /Users/francisayanbadejo/venvs_projects/my_proj/lib/python3.9/site-packages/airflow/example_dags/example_branch_operator_decorator.py
[2025-04-23T03:47:17.113+0100] {processor.py:208} INFO - Processing /Users/francisayanbadejo/venvs_projects/my_proj/lib/python3.9/site-packages/airflow/example_dags/example_branch_operator_decorator.py took 0.037 seconds
[2025-04-23T03:49:08.182+0100] {processor.py:186} INFO - Started process (PID=64891) to work on /Users/francisayanbadejo/venvs_projects/my_proj/lib/python3.9/site-packages/airflow/example_dags/example_branch_operator_decorator.py
[2025-04-23T03:49:08.184+0100] {processor.py:914} INFO - Processing file /Users/francisayanbadejo/venvs_projects/my_proj/lib/python3.9/site-packages/airflow/example_dags/example_branch_operator_decorator.py for tasks to queue
[2025-04-23T03:49:08.185+0100] {logging_mixin.py:190} INFO - [2025-04-23T03:49:08.185+0100] {dagbag.py:588} INFO - Filling up the DagBag from /Users/francisayanbadejo/venvs_projects/my_proj/lib/python3.9/site-packages/airflow/example_dags/example_branch_operator_decorator.py
[2025-04-23T03:49:08.191+0100] {processor.py:927} WARNING - No viable dags retrieved from /Users/francisayanbadejo/venvs_projects/my_proj/lib/python3.9/site-packages/airflow/example_dags/example_branch_operator_decorator.py
[2025-04-23T03:49:08.219+0100] {processor.py:208} INFO - Processing /Users/francisayanbadejo/venvs_projects/my_proj/lib/python3.9/site-packages/airflow/example_dags/example_branch_operator_decorator.py took 0.038 seconds
[2025-04-23T03:50:58.558+0100] {processor.py:186} INFO - Started process (PID=65135) to work on /Users/francisayanbadejo/venvs_projects/my_proj/lib/python3.9/site-packages/airflow/example_dags/example_branch_operator_decorator.py
[2025-04-23T03:50:58.560+0100] {processor.py:914} INFO - Processing file /Users/francisayanbadejo/venvs_projects/my_proj/lib/python3.9/site-packages/airflow/example_dags/example_branch_operator_decorator.py for tasks to queue
[2025-04-23T03:50:58.561+0100] {logging_mixin.py:190} INFO - [2025-04-23T03:50:58.560+0100] {dagbag.py:588} INFO - Filling up the DagBag from /Users/francisayanbadejo/venvs_projects/my_proj/lib/python3.9/site-packages/airflow/example_dags/example_branch_operator_decorator.py
[2025-04-23T03:50:58.566+0100] {processor.py:927} WARNING - No viable dags retrieved from /Users/francisayanbadejo/venvs_projects/my_proj/lib/python3.9/site-packages/airflow/example_dags/example_branch_operator_decorator.py
[2025-04-23T03:50:58.594+0100] {processor.py:208} INFO - Processing /Users/francisayanbadejo/venvs_projects/my_proj/lib/python3.9/site-packages/airflow/example_dags/example_branch_operator_decorator.py took 0.036 seconds
[2025-04-23T03:52:54.386+0100] {processor.py:186} INFO - Started process (PID=65392) to work on /Users/francisayanbadejo/venvs_projects/my_proj/lib/python3.9/site-packages/airflow/example_dags/example_branch_operator_decorator.py
[2025-04-23T03:52:54.388+0100] {processor.py:914} INFO - Processing file /Users/francisayanbadejo/venvs_projects/my_proj/lib/python3.9/site-packages/airflow/example_dags/example_branch_operator_decorator.py for tasks to queue
[2025-04-23T03:52:54.388+0100] {logging_mixin.py:190} INFO - [2025-04-23T03:52:54.388+0100] {dagbag.py:588} INFO - Filling up the DagBag from /Users/francisayanbadejo/venvs_projects/my_proj/lib/python3.9/site-packages/airflow/example_dags/example_branch_operator_decorator.py
[2025-04-23T03:52:54.394+0100] {processor.py:927} WARNING - No viable dags retrieved from /Users/francisayanbadejo/venvs_projects/my_proj/lib/python3.9/site-packages/airflow/example_dags/example_branch_operator_decorator.py
[2025-04-23T03:52:54.421+0100] {processor.py:208} INFO - Processing /Users/francisayanbadejo/venvs_projects/my_proj/lib/python3.9/site-packages/airflow/example_dags/example_branch_operator_decorator.py took 0.036 seconds
[2025-04-23T03:54:51.482+0100] {processor.py:186} INFO - Started process (PID=65646) to work on /Users/francisayanbadejo/venvs_projects/my_proj/lib/python3.9/site-packages/airflow/example_dags/example_branch_operator_decorator.py
[2025-04-23T03:54:51.484+0100] {processor.py:914} INFO - Processing file /Users/francisayanbadejo/venvs_projects/my_proj/lib/python3.9/site-packages/airflow/example_dags/example_branch_operator_decorator.py for tasks to queue
[2025-04-23T03:54:51.485+0100] {logging_mixin.py:190} INFO - [2025-04-23T03:54:51.485+0100] {dagbag.py:588} INFO - Filling up the DagBag from /Users/francisayanbadejo/venvs_projects/my_proj/lib/python3.9/site-packages/airflow/example_dags/example_branch_operator_decorator.py
[2025-04-23T03:54:51.491+0100] {processor.py:927} WARNING - No viable dags retrieved from /Users/francisayanbadejo/venvs_projects/my_proj/lib/python3.9/site-packages/airflow/example_dags/example_branch_operator_decorator.py
[2025-04-23T03:54:51.520+0100] {processor.py:208} INFO - Processing /Users/francisayanbadejo/venvs_projects/my_proj/lib/python3.9/site-packages/airflow/example_dags/example_branch_operator_decorator.py took 0.039 seconds
[2025-04-23T03:56:49.572+0100] {processor.py:186} INFO - Started process (PID=65902) to work on /Users/francisayanbadejo/venvs_projects/my_proj/lib/python3.9/site-packages/airflow/example_dags/example_branch_operator_decorator.py
[2025-04-23T03:56:49.574+0100] {processor.py:914} INFO - Processing file /Users/francisayanbadejo/venvs_projects/my_proj/lib/python3.9/site-packages/airflow/example_dags/example_branch_operator_decorator.py for tasks to queue
[2025-04-23T03:56:49.575+0100] {logging_mixin.py:190} INFO - [2025-04-23T03:56:49.575+0100] {dagbag.py:588} INFO - Filling up the DagBag from /Users/francisayanbadejo/venvs_projects/my_proj/lib/python3.9/site-packages/airflow/example_dags/example_branch_operator_decorator.py
[2025-04-23T03:56:49.580+0100] {processor.py:927} WARNING - No viable dags retrieved from /Users/francisayanbadejo/venvs_projects/my_proj/lib/python3.9/site-packages/airflow/example_dags/example_branch_operator_decorator.py
[2025-04-23T03:56:49.609+0100] {processor.py:208} INFO - Processing /Users/francisayanbadejo/venvs_projects/my_proj/lib/python3.9/site-packages/airflow/example_dags/example_branch_operator_decorator.py took 0.038 seconds
[2025-04-23T03:58:51.103+0100] {processor.py:186} INFO - Started process (PID=66137) to work on /Users/francisayanbadejo/venvs_projects/my_proj/lib/python3.9/site-packages/airflow/example_dags/example_branch_operator_decorator.py
[2025-04-23T03:58:51.104+0100] {processor.py:914} INFO - Processing file /Users/francisayanbadejo/venvs_projects/my_proj/lib/python3.9/site-packages/airflow/example_dags/example_branch_operator_decorator.py for tasks to queue
[2025-04-23T03:58:51.105+0100] {logging_mixin.py:190} INFO - [2025-04-23T03:58:51.105+0100] {dagbag.py:588} INFO - Filling up the DagBag from /Users/francisayanbadejo/venvs_projects/my_proj/lib/python3.9/site-packages/airflow/example_dags/example_branch_operator_decorator.py
[2025-04-23T03:58:51.111+0100] {processor.py:927} WARNING - No viable dags retrieved from /Users/francisayanbadejo/venvs_projects/my_proj/lib/python3.9/site-packages/airflow/example_dags/example_branch_operator_decorator.py
[2025-04-23T03:58:51.142+0100] {processor.py:208} INFO - Processing /Users/francisayanbadejo/venvs_projects/my_proj/lib/python3.9/site-packages/airflow/example_dags/example_branch_operator_decorator.py took 0.040 seconds
[2025-04-23T04:01:01.413+0100] {processor.py:186} INFO - Started process (PID=66360) to work on /Users/francisayanbadejo/venvs_projects/my_proj/lib/python3.9/site-packages/airflow/example_dags/example_branch_operator_decorator.py
[2025-04-23T04:01:01.414+0100] {processor.py:914} INFO - Processing file /Users/francisayanbadejo/venvs_projects/my_proj/lib/python3.9/site-packages/airflow/example_dags/example_branch_operator_decorator.py for tasks to queue
[2025-04-23T04:01:01.414+0100] {logging_mixin.py:190} INFO - [2025-04-23T04:01:01.414+0100] {dagbag.py:588} INFO - Filling up the DagBag from /Users/francisayanbadejo/venvs_projects/my_proj/lib/python3.9/site-packages/airflow/example_dags/example_branch_operator_decorator.py
[2025-04-23T04:01:01.420+0100] {processor.py:927} WARNING - No viable dags retrieved from /Users/francisayanbadejo/venvs_projects/my_proj/lib/python3.9/site-packages/airflow/example_dags/example_branch_operator_decorator.py
[2025-04-23T04:01:01.448+0100] {processor.py:208} INFO - Processing /Users/francisayanbadejo/venvs_projects/my_proj/lib/python3.9/site-packages/airflow/example_dags/example_branch_operator_decorator.py took 0.036 seconds
[2025-04-23T04:02:50.068+0100] {processor.py:186} INFO - Started process (PID=66561) to work on /Users/francisayanbadejo/venvs_projects/my_proj/lib/python3.9/site-packages/airflow/example_dags/example_branch_operator_decorator.py
[2025-04-23T04:02:50.068+0100] {processor.py:914} INFO - Processing file /Users/francisayanbadejo/venvs_projects/my_proj/lib/python3.9/site-packages/airflow/example_dags/example_branch_operator_decorator.py for tasks to queue
[2025-04-23T04:02:50.068+0100] {logging_mixin.py:190} INFO - [2025-04-23T04:02:50.068+0100] {dagbag.py:588} INFO - Filling up the DagBag from /Users/francisayanbadejo/venvs_projects/my_proj/lib/python3.9/site-packages/airflow/example_dags/example_branch_operator_decorator.py
[2025-04-23T04:02:50.075+0100] {processor.py:927} WARNING - No viable dags retrieved from /Users/francisayanbadejo/venvs_projects/my_proj/lib/python3.9/site-packages/airflow/example_dags/example_branch_operator_decorator.py
[2025-04-23T04:02:50.103+0100] {processor.py:208} INFO - Processing /Users/francisayanbadejo/venvs_projects/my_proj/lib/python3.9/site-packages/airflow/example_dags/example_branch_operator_decorator.py took 0.036 seconds
[2025-04-23T04:04:47.160+0100] {processor.py:186} INFO - Started process (PID=66816) to work on /Users/francisayanbadejo/venvs_projects/my_proj/lib/python3.9/site-packages/airflow/example_dags/example_branch_operator_decorator.py
[2025-04-23T04:04:47.160+0100] {processor.py:914} INFO - Processing file /Users/francisayanbadejo/venvs_projects/my_proj/lib/python3.9/site-packages/airflow/example_dags/example_branch_operator_decorator.py for tasks to queue
[2025-04-23T04:04:47.161+0100] {logging_mixin.py:190} INFO - [2025-04-23T04:04:47.161+0100] {dagbag.py:588} INFO - Filling up the DagBag from /Users/francisayanbadejo/venvs_projects/my_proj/lib/python3.9/site-packages/airflow/example_dags/example_branch_operator_decorator.py
[2025-04-23T04:04:47.168+0100] {processor.py:927} WARNING - No viable dags retrieved from /Users/francisayanbadejo/venvs_projects/my_proj/lib/python3.9/site-packages/airflow/example_dags/example_branch_operator_decorator.py
[2025-04-23T04:04:47.200+0100] {processor.py:208} INFO - Processing /Users/francisayanbadejo/venvs_projects/my_proj/lib/python3.9/site-packages/airflow/example_dags/example_branch_operator_decorator.py took 0.041 seconds
[2025-04-23T04:06:43.960+0100] {processor.py:186} INFO - Started process (PID=67031) to work on /Users/francisayanbadejo/venvs_projects/my_proj/lib/python3.9/site-packages/airflow/example_dags/example_branch_operator_decorator.py
[2025-04-23T04:06:43.960+0100] {processor.py:914} INFO - Processing file /Users/francisayanbadejo/venvs_projects/my_proj/lib/python3.9/site-packages/airflow/example_dags/example_branch_operator_decorator.py for tasks to queue
[2025-04-23T04:06:43.961+0100] {logging_mixin.py:190} INFO - [2025-04-23T04:06:43.961+0100] {dagbag.py:588} INFO - Filling up the DagBag from /Users/francisayanbadejo/venvs_projects/my_proj/lib/python3.9/site-packages/airflow/example_dags/example_branch_operator_decorator.py
[2025-04-23T04:06:43.966+0100] {processor.py:927} WARNING - No viable dags retrieved from /Users/francisayanbadejo/venvs_projects/my_proj/lib/python3.9/site-packages/airflow/example_dags/example_branch_operator_decorator.py
[2025-04-23T04:06:43.995+0100] {processor.py:208} INFO - Processing /Users/francisayanbadejo/venvs_projects/my_proj/lib/python3.9/site-packages/airflow/example_dags/example_branch_operator_decorator.py took 0.036 seconds
[2025-04-23T04:19:29.913+0100] {processor.py:186} INFO - Started process (PID=69019) to work on /Users/francisayanbadejo/venvs_projects/my_proj/lib/python3.9/site-packages/airflow/example_dags/example_branch_operator_decorator.py
[2025-04-23T04:19:29.915+0100] {processor.py:914} INFO - Processing file /Users/francisayanbadejo/venvs_projects/my_proj/lib/python3.9/site-packages/airflow/example_dags/example_branch_operator_decorator.py for tasks to queue
[2025-04-23T04:19:29.916+0100] {logging_mixin.py:190} INFO - [2025-04-23T04:19:29.916+0100] {dagbag.py:588} INFO - Filling up the DagBag from /Users/francisayanbadejo/venvs_projects/my_proj/lib/python3.9/site-packages/airflow/example_dags/example_branch_operator_decorator.py
[2025-04-23T04:19:29.921+0100] {processor.py:927} WARNING - No viable dags retrieved from /Users/francisayanbadejo/venvs_projects/my_proj/lib/python3.9/site-packages/airflow/example_dags/example_branch_operator_decorator.py
[2025-04-23T04:19:29.947+0100] {processor.py:208} INFO - Processing /Users/francisayanbadejo/venvs_projects/my_proj/lib/python3.9/site-packages/airflow/example_dags/example_branch_operator_decorator.py took 0.035 seconds
[2025-04-23T04:22:14.527+0100] {processor.py:186} INFO - Started process (PID=69603) to work on /Users/francisayanbadejo/venvs_projects/my_proj/lib/python3.9/site-packages/airflow/example_dags/example_branch_operator_decorator.py
[2025-04-23T04:22:14.529+0100] {processor.py:914} INFO - Processing file /Users/francisayanbadejo/venvs_projects/my_proj/lib/python3.9/site-packages/airflow/example_dags/example_branch_operator_decorator.py for tasks to queue
[2025-04-23T04:22:14.529+0100] {logging_mixin.py:190} INFO - [2025-04-23T04:22:14.529+0100] {dagbag.py:588} INFO - Filling up the DagBag from /Users/francisayanbadejo/venvs_projects/my_proj/lib/python3.9/site-packages/airflow/example_dags/example_branch_operator_decorator.py
[2025-04-23T04:22:14.535+0100] {processor.py:927} WARNING - No viable dags retrieved from /Users/francisayanbadejo/venvs_projects/my_proj/lib/python3.9/site-packages/airflow/example_dags/example_branch_operator_decorator.py
[2025-04-23T04:22:14.562+0100] {processor.py:208} INFO - Processing /Users/francisayanbadejo/venvs_projects/my_proj/lib/python3.9/site-packages/airflow/example_dags/example_branch_operator_decorator.py took 0.036 seconds
[2025-04-23T04:24:09.761+0100] {processor.py:186} INFO - Started process (PID=69918) to work on /Users/francisayanbadejo/venvs_projects/my_proj/lib/python3.9/site-packages/airflow/example_dags/example_branch_operator_decorator.py
[2025-04-23T04:24:09.763+0100] {processor.py:914} INFO - Processing file /Users/francisayanbadejo/venvs_projects/my_proj/lib/python3.9/site-packages/airflow/example_dags/example_branch_operator_decorator.py for tasks to queue
[2025-04-23T04:24:09.763+0100] {logging_mixin.py:190} INFO - [2025-04-23T04:24:09.763+0100] {dagbag.py:588} INFO - Filling up the DagBag from /Users/francisayanbadejo/venvs_projects/my_proj/lib/python3.9/site-packages/airflow/example_dags/example_branch_operator_decorator.py
[2025-04-23T04:24:09.769+0100] {processor.py:927} WARNING - No viable dags retrieved from /Users/francisayanbadejo/venvs_projects/my_proj/lib/python3.9/site-packages/airflow/example_dags/example_branch_operator_decorator.py
[2025-04-23T04:24:09.797+0100] {processor.py:208} INFO - Processing /Users/francisayanbadejo/venvs_projects/my_proj/lib/python3.9/site-packages/airflow/example_dags/example_branch_operator_decorator.py took 0.036 seconds
[2025-04-23T04:26:37.413+0100] {processor.py:186} INFO - Started process (PID=70641) to work on /Users/francisayanbadejo/venvs_projects/my_proj/lib/python3.9/site-packages/airflow/example_dags/example_branch_operator_decorator.py
[2025-04-23T04:26:37.414+0100] {processor.py:914} INFO - Processing file /Users/francisayanbadejo/venvs_projects/my_proj/lib/python3.9/site-packages/airflow/example_dags/example_branch_operator_decorator.py for tasks to queue
[2025-04-23T04:26:37.415+0100] {logging_mixin.py:190} INFO - [2025-04-23T04:26:37.414+0100] {dagbag.py:588} INFO - Filling up the DagBag from /Users/francisayanbadejo/venvs_projects/my_proj/lib/python3.9/site-packages/airflow/example_dags/example_branch_operator_decorator.py
[2025-04-23T04:26:37.420+0100] {processor.py:927} WARNING - No viable dags retrieved from /Users/francisayanbadejo/venvs_projects/my_proj/lib/python3.9/site-packages/airflow/example_dags/example_branch_operator_decorator.py
[2025-04-23T04:26:37.447+0100] {processor.py:208} INFO - Processing /Users/francisayanbadejo/venvs_projects/my_proj/lib/python3.9/site-packages/airflow/example_dags/example_branch_operator_decorator.py took 0.036 seconds
[2025-04-23T04:29:03.210+0100] {processor.py:186} INFO - Started process (PID=71348) to work on /Users/francisayanbadejo/venvs_projects/my_proj/lib/python3.9/site-packages/airflow/example_dags/example_branch_operator_decorator.py
[2025-04-23T04:29:03.211+0100] {processor.py:914} INFO - Processing file /Users/francisayanbadejo/venvs_projects/my_proj/lib/python3.9/site-packages/airflow/example_dags/example_branch_operator_decorator.py for tasks to queue
[2025-04-23T04:29:03.211+0100] {logging_mixin.py:190} INFO - [2025-04-23T04:29:03.211+0100] {dagbag.py:588} INFO - Filling up the DagBag from /Users/francisayanbadejo/venvs_projects/my_proj/lib/python3.9/site-packages/airflow/example_dags/example_branch_operator_decorator.py
[2025-04-23T04:29:03.217+0100] {processor.py:927} WARNING - No viable dags retrieved from /Users/francisayanbadejo/venvs_projects/my_proj/lib/python3.9/site-packages/airflow/example_dags/example_branch_operator_decorator.py
[2025-04-23T04:29:03.245+0100] {processor.py:208} INFO - Processing /Users/francisayanbadejo/venvs_projects/my_proj/lib/python3.9/site-packages/airflow/example_dags/example_branch_operator_decorator.py took 0.036 seconds
[2025-04-23T04:30:57.305+0100] {processor.py:186} INFO - Started process (PID=71655) to work on /Users/francisayanbadejo/venvs_projects/my_proj/lib/python3.9/site-packages/airflow/example_dags/example_branch_operator_decorator.py
[2025-04-23T04:30:57.307+0100] {processor.py:914} INFO - Processing file /Users/francisayanbadejo/venvs_projects/my_proj/lib/python3.9/site-packages/airflow/example_dags/example_branch_operator_decorator.py for tasks to queue
[2025-04-23T04:30:57.307+0100] {logging_mixin.py:190} INFO - [2025-04-23T04:30:57.307+0100] {dagbag.py:588} INFO - Filling up the DagBag from /Users/francisayanbadejo/venvs_projects/my_proj/lib/python3.9/site-packages/airflow/example_dags/example_branch_operator_decorator.py
[2025-04-23T04:30:57.313+0100] {processor.py:927} WARNING - No viable dags retrieved from /Users/francisayanbadejo/venvs_projects/my_proj/lib/python3.9/site-packages/airflow/example_dags/example_branch_operator_decorator.py
[2025-04-23T04:30:57.340+0100] {processor.py:208} INFO - Processing /Users/francisayanbadejo/venvs_projects/my_proj/lib/python3.9/site-packages/airflow/example_dags/example_branch_operator_decorator.py took 0.036 seconds
[2025-04-23T04:33:44.344+0100] {processor.py:186} INFO - Started process (PID=71928) to work on /Users/francisayanbadejo/venvs_projects/my_proj/lib/python3.9/site-packages/airflow/example_dags/example_branch_operator_decorator.py
[2025-04-23T04:33:44.345+0100] {processor.py:914} INFO - Processing file /Users/francisayanbadejo/venvs_projects/my_proj/lib/python3.9/site-packages/airflow/example_dags/example_branch_operator_decorator.py for tasks to queue
[2025-04-23T04:33:44.346+0100] {logging_mixin.py:190} INFO - [2025-04-23T04:33:44.346+0100] {dagbag.py:588} INFO - Filling up the DagBag from /Users/francisayanbadejo/venvs_projects/my_proj/lib/python3.9/site-packages/airflow/example_dags/example_branch_operator_decorator.py
[2025-04-23T04:33:44.351+0100] {processor.py:927} WARNING - No viable dags retrieved from /Users/francisayanbadejo/venvs_projects/my_proj/lib/python3.9/site-packages/airflow/example_dags/example_branch_operator_decorator.py
[2025-04-23T04:33:44.379+0100] {processor.py:208} INFO - Processing /Users/francisayanbadejo/venvs_projects/my_proj/lib/python3.9/site-packages/airflow/example_dags/example_branch_operator_decorator.py took 0.037 seconds
[2025-04-23T04:35:49.244+0100] {processor.py:186} INFO - Started process (PID=72209) to work on /Users/francisayanbadejo/venvs_projects/my_proj/lib/python3.9/site-packages/airflow/example_dags/example_branch_operator_decorator.py
[2025-04-23T04:35:49.245+0100] {processor.py:914} INFO - Processing file /Users/francisayanbadejo/venvs_projects/my_proj/lib/python3.9/site-packages/airflow/example_dags/example_branch_operator_decorator.py for tasks to queue
[2025-04-23T04:35:49.246+0100] {logging_mixin.py:190} INFO - [2025-04-23T04:35:49.246+0100] {dagbag.py:588} INFO - Filling up the DagBag from /Users/francisayanbadejo/venvs_projects/my_proj/lib/python3.9/site-packages/airflow/example_dags/example_branch_operator_decorator.py
[2025-04-23T04:35:49.251+0100] {processor.py:927} WARNING - No viable dags retrieved from /Users/francisayanbadejo/venvs_projects/my_proj/lib/python3.9/site-packages/airflow/example_dags/example_branch_operator_decorator.py
[2025-04-23T04:35:49.279+0100] {processor.py:208} INFO - Processing /Users/francisayanbadejo/venvs_projects/my_proj/lib/python3.9/site-packages/airflow/example_dags/example_branch_operator_decorator.py took 0.036 seconds
[2025-04-23T04:37:41.504+0100] {processor.py:186} INFO - Started process (PID=72458) to work on /Users/francisayanbadejo/venvs_projects/my_proj/lib/python3.9/site-packages/airflow/example_dags/example_branch_operator_decorator.py
[2025-04-23T04:37:41.506+0100] {processor.py:914} INFO - Processing file /Users/francisayanbadejo/venvs_projects/my_proj/lib/python3.9/site-packages/airflow/example_dags/example_branch_operator_decorator.py for tasks to queue
[2025-04-23T04:37:41.506+0100] {logging_mixin.py:190} INFO - [2025-04-23T04:37:41.506+0100] {dagbag.py:588} INFO - Filling up the DagBag from /Users/francisayanbadejo/venvs_projects/my_proj/lib/python3.9/site-packages/airflow/example_dags/example_branch_operator_decorator.py
[2025-04-23T04:37:41.512+0100] {processor.py:927} WARNING - No viable dags retrieved from /Users/francisayanbadejo/venvs_projects/my_proj/lib/python3.9/site-packages/airflow/example_dags/example_branch_operator_decorator.py
[2025-04-23T04:37:41.539+0100] {processor.py:208} INFO - Processing /Users/francisayanbadejo/venvs_projects/my_proj/lib/python3.9/site-packages/airflow/example_dags/example_branch_operator_decorator.py took 0.036 seconds
[2025-04-23T04:39:32.732+0100] {processor.py:186} INFO - Started process (PID=72643) to work on /Users/francisayanbadejo/venvs_projects/my_proj/lib/python3.9/site-packages/airflow/example_dags/example_branch_operator_decorator.py
[2025-04-23T04:39:32.734+0100] {processor.py:914} INFO - Processing file /Users/francisayanbadejo/venvs_projects/my_proj/lib/python3.9/site-packages/airflow/example_dags/example_branch_operator_decorator.py for tasks to queue
[2025-04-23T04:39:32.734+0100] {logging_mixin.py:190} INFO - [2025-04-23T04:39:32.734+0100] {dagbag.py:588} INFO - Filling up the DagBag from /Users/francisayanbadejo/venvs_projects/my_proj/lib/python3.9/site-packages/airflow/example_dags/example_branch_operator_decorator.py
[2025-04-23T04:39:32.740+0100] {processor.py:927} WARNING - No viable dags retrieved from /Users/francisayanbadejo/venvs_projects/my_proj/lib/python3.9/site-packages/airflow/example_dags/example_branch_operator_decorator.py
[2025-04-23T04:39:32.767+0100] {processor.py:208} INFO - Processing /Users/francisayanbadejo/venvs_projects/my_proj/lib/python3.9/site-packages/airflow/example_dags/example_branch_operator_decorator.py took 0.036 seconds
[2025-04-23T04:41:20.195+0100] {processor.py:186} INFO - Started process (PID=72800) to work on /Users/francisayanbadejo/venvs_projects/my_proj/lib/python3.9/site-packages/airflow/example_dags/example_branch_operator_decorator.py
[2025-04-23T04:41:20.196+0100] {processor.py:914} INFO - Processing file /Users/francisayanbadejo/venvs_projects/my_proj/lib/python3.9/site-packages/airflow/example_dags/example_branch_operator_decorator.py for tasks to queue
[2025-04-23T04:41:20.197+0100] {logging_mixin.py:190} INFO - [2025-04-23T04:41:20.197+0100] {dagbag.py:588} INFO - Filling up the DagBag from /Users/francisayanbadejo/venvs_projects/my_proj/lib/python3.9/site-packages/airflow/example_dags/example_branch_operator_decorator.py
[2025-04-23T04:41:20.202+0100] {processor.py:927} WARNING - No viable dags retrieved from /Users/francisayanbadejo/venvs_projects/my_proj/lib/python3.9/site-packages/airflow/example_dags/example_branch_operator_decorator.py
[2025-04-23T04:41:20.229+0100] {processor.py:208} INFO - Processing /Users/francisayanbadejo/venvs_projects/my_proj/lib/python3.9/site-packages/airflow/example_dags/example_branch_operator_decorator.py took 0.036 seconds
[2025-04-23T04:43:06.505+0100] {processor.py:186} INFO - Started process (PID=72953) to work on /Users/francisayanbadejo/venvs_projects/my_proj/lib/python3.9/site-packages/airflow/example_dags/example_branch_operator_decorator.py
[2025-04-23T04:43:06.507+0100] {processor.py:914} INFO - Processing file /Users/francisayanbadejo/venvs_projects/my_proj/lib/python3.9/site-packages/airflow/example_dags/example_branch_operator_decorator.py for tasks to queue
[2025-04-23T04:43:06.507+0100] {logging_mixin.py:190} INFO - [2025-04-23T04:43:06.507+0100] {dagbag.py:588} INFO - Filling up the DagBag from /Users/francisayanbadejo/venvs_projects/my_proj/lib/python3.9/site-packages/airflow/example_dags/example_branch_operator_decorator.py
[2025-04-23T04:43:06.513+0100] {processor.py:927} WARNING - No viable dags retrieved from /Users/francisayanbadejo/venvs_projects/my_proj/lib/python3.9/site-packages/airflow/example_dags/example_branch_operator_decorator.py
[2025-04-23T04:43:06.540+0100] {processor.py:208} INFO - Processing /Users/francisayanbadejo/venvs_projects/my_proj/lib/python3.9/site-packages/airflow/example_dags/example_branch_operator_decorator.py took 0.036 seconds
[2025-04-23T04:44:51.738+0100] {processor.py:186} INFO - Started process (PID=73131) to work on /Users/francisayanbadejo/venvs_projects/my_proj/lib/python3.9/site-packages/airflow/example_dags/example_branch_operator_decorator.py
[2025-04-23T04:44:51.740+0100] {processor.py:914} INFO - Processing file /Users/francisayanbadejo/venvs_projects/my_proj/lib/python3.9/site-packages/airflow/example_dags/example_branch_operator_decorator.py for tasks to queue
[2025-04-23T04:44:51.741+0100] {logging_mixin.py:190} INFO - [2025-04-23T04:44:51.741+0100] {dagbag.py:588} INFO - Filling up the DagBag from /Users/francisayanbadejo/venvs_projects/my_proj/lib/python3.9/site-packages/airflow/example_dags/example_branch_operator_decorator.py
[2025-04-23T04:44:51.746+0100] {processor.py:927} WARNING - No viable dags retrieved from /Users/francisayanbadejo/venvs_projects/my_proj/lib/python3.9/site-packages/airflow/example_dags/example_branch_operator_decorator.py
[2025-04-23T04:44:51.773+0100] {processor.py:208} INFO - Processing /Users/francisayanbadejo/venvs_projects/my_proj/lib/python3.9/site-packages/airflow/example_dags/example_branch_operator_decorator.py took 0.036 seconds
[2025-04-23T04:46:36.313+0100] {processor.py:186} INFO - Started process (PID=73307) to work on /Users/francisayanbadejo/venvs_projects/my_proj/lib/python3.9/site-packages/airflow/example_dags/example_branch_operator_decorator.py
[2025-04-23T04:46:36.315+0100] {processor.py:914} INFO - Processing file /Users/francisayanbadejo/venvs_projects/my_proj/lib/python3.9/site-packages/airflow/example_dags/example_branch_operator_decorator.py for tasks to queue
[2025-04-23T04:46:36.315+0100] {logging_mixin.py:190} INFO - [2025-04-23T04:46:36.315+0100] {dagbag.py:588} INFO - Filling up the DagBag from /Users/francisayanbadejo/venvs_projects/my_proj/lib/python3.9/site-packages/airflow/example_dags/example_branch_operator_decorator.py
[2025-04-23T04:46:36.321+0100] {processor.py:927} WARNING - No viable dags retrieved from /Users/francisayanbadejo/venvs_projects/my_proj/lib/python3.9/site-packages/airflow/example_dags/example_branch_operator_decorator.py
[2025-04-23T04:46:36.348+0100] {processor.py:208} INFO - Processing /Users/francisayanbadejo/venvs_projects/my_proj/lib/python3.9/site-packages/airflow/example_dags/example_branch_operator_decorator.py took 0.037 seconds
[2025-04-23T04:48:27.065+0100] {processor.py:186} INFO - Started process (PID=73463) to work on /Users/francisayanbadejo/venvs_projects/my_proj/lib/python3.9/site-packages/airflow/example_dags/example_branch_operator_decorator.py
[2025-04-23T04:48:27.067+0100] {processor.py:914} INFO - Processing file /Users/francisayanbadejo/venvs_projects/my_proj/lib/python3.9/site-packages/airflow/example_dags/example_branch_operator_decorator.py for tasks to queue
[2025-04-23T04:48:27.068+0100] {logging_mixin.py:190} INFO - [2025-04-23T04:48:27.068+0100] {dagbag.py:588} INFO - Filling up the DagBag from /Users/francisayanbadejo/venvs_projects/my_proj/lib/python3.9/site-packages/airflow/example_dags/example_branch_operator_decorator.py
[2025-04-23T04:48:27.073+0100] {processor.py:927} WARNING - No viable dags retrieved from /Users/francisayanbadejo/venvs_projects/my_proj/lib/python3.9/site-packages/airflow/example_dags/example_branch_operator_decorator.py
[2025-04-23T04:48:27.100+0100] {processor.py:208} INFO - Processing /Users/francisayanbadejo/venvs_projects/my_proj/lib/python3.9/site-packages/airflow/example_dags/example_branch_operator_decorator.py took 0.036 seconds
[2025-04-23T04:50:17.320+0100] {processor.py:186} INFO - Started process (PID=73621) to work on /Users/francisayanbadejo/venvs_projects/my_proj/lib/python3.9/site-packages/airflow/example_dags/example_branch_operator_decorator.py
[2025-04-23T04:50:17.321+0100] {processor.py:914} INFO - Processing file /Users/francisayanbadejo/venvs_projects/my_proj/lib/python3.9/site-packages/airflow/example_dags/example_branch_operator_decorator.py for tasks to queue
[2025-04-23T04:50:17.322+0100] {logging_mixin.py:190} INFO - [2025-04-23T04:50:17.322+0100] {dagbag.py:588} INFO - Filling up the DagBag from /Users/francisayanbadejo/venvs_projects/my_proj/lib/python3.9/site-packages/airflow/example_dags/example_branch_operator_decorator.py
[2025-04-23T04:50:17.327+0100] {processor.py:927} WARNING - No viable dags retrieved from /Users/francisayanbadejo/venvs_projects/my_proj/lib/python3.9/site-packages/airflow/example_dags/example_branch_operator_decorator.py
[2025-04-23T04:50:17.355+0100] {processor.py:208} INFO - Processing /Users/francisayanbadejo/venvs_projects/my_proj/lib/python3.9/site-packages/airflow/example_dags/example_branch_operator_decorator.py took 0.037 seconds
[2025-04-23T04:52:07.605+0100] {processor.py:186} INFO - Started process (PID=73790) to work on /Users/francisayanbadejo/venvs_projects/my_proj/lib/python3.9/site-packages/airflow/example_dags/example_branch_operator_decorator.py
[2025-04-23T04:52:07.606+0100] {processor.py:914} INFO - Processing file /Users/francisayanbadejo/venvs_projects/my_proj/lib/python3.9/site-packages/airflow/example_dags/example_branch_operator_decorator.py for tasks to queue
[2025-04-23T04:52:07.607+0100] {logging_mixin.py:190} INFO - [2025-04-23T04:52:07.607+0100] {dagbag.py:588} INFO - Filling up the DagBag from /Users/francisayanbadejo/venvs_projects/my_proj/lib/python3.9/site-packages/airflow/example_dags/example_branch_operator_decorator.py
[2025-04-23T04:52:07.613+0100] {processor.py:927} WARNING - No viable dags retrieved from /Users/francisayanbadejo/venvs_projects/my_proj/lib/python3.9/site-packages/airflow/example_dags/example_branch_operator_decorator.py
[2025-04-23T04:52:07.641+0100] {processor.py:208} INFO - Processing /Users/francisayanbadejo/venvs_projects/my_proj/lib/python3.9/site-packages/airflow/example_dags/example_branch_operator_decorator.py took 0.037 seconds
[2025-04-23T04:54:07.675+0100] {processor.py:186} INFO - Started process (PID=74092) to work on /Users/francisayanbadejo/venvs_projects/my_proj/lib/python3.9/site-packages/airflow/example_dags/example_branch_operator_decorator.py
[2025-04-23T04:54:07.676+0100] {processor.py:914} INFO - Processing file /Users/francisayanbadejo/venvs_projects/my_proj/lib/python3.9/site-packages/airflow/example_dags/example_branch_operator_decorator.py for tasks to queue
[2025-04-23T04:54:07.677+0100] {logging_mixin.py:190} INFO - [2025-04-23T04:54:07.677+0100] {dagbag.py:588} INFO - Filling up the DagBag from /Users/francisayanbadejo/venvs_projects/my_proj/lib/python3.9/site-packages/airflow/example_dags/example_branch_operator_decorator.py
[2025-04-23T04:54:07.683+0100] {processor.py:927} WARNING - No viable dags retrieved from /Users/francisayanbadejo/venvs_projects/my_proj/lib/python3.9/site-packages/airflow/example_dags/example_branch_operator_decorator.py
[2025-04-23T04:54:07.712+0100] {processor.py:208} INFO - Processing /Users/francisayanbadejo/venvs_projects/my_proj/lib/python3.9/site-packages/airflow/example_dags/example_branch_operator_decorator.py took 0.038 seconds
[2025-04-23T04:56:00.560+0100] {processor.py:186} INFO - Started process (PID=74337) to work on /Users/francisayanbadejo/venvs_projects/my_proj/lib/python3.9/site-packages/airflow/example_dags/example_branch_operator_decorator.py
[2025-04-23T04:56:00.561+0100] {processor.py:914} INFO - Processing file /Users/francisayanbadejo/venvs_projects/my_proj/lib/python3.9/site-packages/airflow/example_dags/example_branch_operator_decorator.py for tasks to queue
[2025-04-23T04:56:00.561+0100] {logging_mixin.py:190} INFO - [2025-04-23T04:56:00.561+0100] {dagbag.py:588} INFO - Filling up the DagBag from /Users/francisayanbadejo/venvs_projects/my_proj/lib/python3.9/site-packages/airflow/example_dags/example_branch_operator_decorator.py
[2025-04-23T04:56:00.567+0100] {processor.py:927} WARNING - No viable dags retrieved from /Users/francisayanbadejo/venvs_projects/my_proj/lib/python3.9/site-packages/airflow/example_dags/example_branch_operator_decorator.py
[2025-04-23T04:56:00.595+0100] {processor.py:208} INFO - Processing /Users/francisayanbadejo/venvs_projects/my_proj/lib/python3.9/site-packages/airflow/example_dags/example_branch_operator_decorator.py took 0.036 seconds
[2025-04-23T04:57:53.549+0100] {processor.py:186} INFO - Started process (PID=74652) to work on /Users/francisayanbadejo/venvs_projects/my_proj/lib/python3.9/site-packages/airflow/example_dags/example_branch_operator_decorator.py
[2025-04-23T04:57:53.550+0100] {processor.py:914} INFO - Processing file /Users/francisayanbadejo/venvs_projects/my_proj/lib/python3.9/site-packages/airflow/example_dags/example_branch_operator_decorator.py for tasks to queue
[2025-04-23T04:57:53.551+0100] {logging_mixin.py:190} INFO - [2025-04-23T04:57:53.551+0100] {dagbag.py:588} INFO - Filling up the DagBag from /Users/francisayanbadejo/venvs_projects/my_proj/lib/python3.9/site-packages/airflow/example_dags/example_branch_operator_decorator.py
[2025-04-23T04:57:53.558+0100] {processor.py:927} WARNING - No viable dags retrieved from /Users/francisayanbadejo/venvs_projects/my_proj/lib/python3.9/site-packages/airflow/example_dags/example_branch_operator_decorator.py
[2025-04-23T04:57:53.587+0100] {processor.py:208} INFO - Processing /Users/francisayanbadejo/venvs_projects/my_proj/lib/python3.9/site-packages/airflow/example_dags/example_branch_operator_decorator.py took 0.040 seconds
[2025-04-23T04:59:41.129+0100] {processor.py:186} INFO - Started process (PID=74894) to work on /Users/francisayanbadejo/venvs_projects/my_proj/lib/python3.9/site-packages/airflow/example_dags/example_branch_operator_decorator.py
[2025-04-23T04:59:41.131+0100] {processor.py:914} INFO - Processing file /Users/francisayanbadejo/venvs_projects/my_proj/lib/python3.9/site-packages/airflow/example_dags/example_branch_operator_decorator.py for tasks to queue
[2025-04-23T04:59:41.132+0100] {logging_mixin.py:190} INFO - [2025-04-23T04:59:41.132+0100] {dagbag.py:588} INFO - Filling up the DagBag from /Users/francisayanbadejo/venvs_projects/my_proj/lib/python3.9/site-packages/airflow/example_dags/example_branch_operator_decorator.py
[2025-04-23T04:59:41.137+0100] {processor.py:927} WARNING - No viable dags retrieved from /Users/francisayanbadejo/venvs_projects/my_proj/lib/python3.9/site-packages/airflow/example_dags/example_branch_operator_decorator.py
[2025-04-23T04:59:41.165+0100] {processor.py:208} INFO - Processing /Users/francisayanbadejo/venvs_projects/my_proj/lib/python3.9/site-packages/airflow/example_dags/example_branch_operator_decorator.py took 0.036 seconds
[2025-04-23T05:01:30.304+0100] {processor.py:186} INFO - Started process (PID=75133) to work on /Users/francisayanbadejo/venvs_projects/my_proj/lib/python3.9/site-packages/airflow/example_dags/example_branch_operator_decorator.py
[2025-04-23T05:01:30.306+0100] {processor.py:914} INFO - Processing file /Users/francisayanbadejo/venvs_projects/my_proj/lib/python3.9/site-packages/airflow/example_dags/example_branch_operator_decorator.py for tasks to queue
[2025-04-23T05:01:30.307+0100] {logging_mixin.py:190} INFO - [2025-04-23T05:01:30.307+0100] {dagbag.py:588} INFO - Filling up the DagBag from /Users/francisayanbadejo/venvs_projects/my_proj/lib/python3.9/site-packages/airflow/example_dags/example_branch_operator_decorator.py
[2025-04-23T05:01:30.313+0100] {processor.py:927} WARNING - No viable dags retrieved from /Users/francisayanbadejo/venvs_projects/my_proj/lib/python3.9/site-packages/airflow/example_dags/example_branch_operator_decorator.py
[2025-04-23T05:01:30.342+0100] {processor.py:208} INFO - Processing /Users/francisayanbadejo/venvs_projects/my_proj/lib/python3.9/site-packages/airflow/example_dags/example_branch_operator_decorator.py took 0.039 seconds
[2025-04-23T05:03:21.637+0100] {processor.py:186} INFO - Started process (PID=75378) to work on /Users/francisayanbadejo/venvs_projects/my_proj/lib/python3.9/site-packages/airflow/example_dags/example_branch_operator_decorator.py
[2025-04-23T05:03:21.639+0100] {processor.py:914} INFO - Processing file /Users/francisayanbadejo/venvs_projects/my_proj/lib/python3.9/site-packages/airflow/example_dags/example_branch_operator_decorator.py for tasks to queue
[2025-04-23T05:03:21.639+0100] {logging_mixin.py:190} INFO - [2025-04-23T05:03:21.639+0100] {dagbag.py:588} INFO - Filling up the DagBag from /Users/francisayanbadejo/venvs_projects/my_proj/lib/python3.9/site-packages/airflow/example_dags/example_branch_operator_decorator.py
[2025-04-23T05:03:21.645+0100] {processor.py:927} WARNING - No viable dags retrieved from /Users/francisayanbadejo/venvs_projects/my_proj/lib/python3.9/site-packages/airflow/example_dags/example_branch_operator_decorator.py
[2025-04-23T05:03:21.674+0100] {processor.py:208} INFO - Processing /Users/francisayanbadejo/venvs_projects/my_proj/lib/python3.9/site-packages/airflow/example_dags/example_branch_operator_decorator.py took 0.038 seconds
[2025-04-23T05:05:12.648+0100] {processor.py:186} INFO - Started process (PID=75629) to work on /Users/francisayanbadejo/venvs_projects/my_proj/lib/python3.9/site-packages/airflow/example_dags/example_branch_operator_decorator.py
[2025-04-23T05:05:12.649+0100] {processor.py:914} INFO - Processing file /Users/francisayanbadejo/venvs_projects/my_proj/lib/python3.9/site-packages/airflow/example_dags/example_branch_operator_decorator.py for tasks to queue
[2025-04-23T05:05:12.649+0100] {logging_mixin.py:190} INFO - [2025-04-23T05:05:12.649+0100] {dagbag.py:588} INFO - Filling up the DagBag from /Users/francisayanbadejo/venvs_projects/my_proj/lib/python3.9/site-packages/airflow/example_dags/example_branch_operator_decorator.py
[2025-04-23T05:05:12.654+0100] {processor.py:927} WARNING - No viable dags retrieved from /Users/francisayanbadejo/venvs_projects/my_proj/lib/python3.9/site-packages/airflow/example_dags/example_branch_operator_decorator.py
[2025-04-23T05:05:12.682+0100] {processor.py:208} INFO - Processing /Users/francisayanbadejo/venvs_projects/my_proj/lib/python3.9/site-packages/airflow/example_dags/example_branch_operator_decorator.py took 0.036 seconds
[2025-04-23T05:06:59.386+0100] {processor.py:186} INFO - Started process (PID=75868) to work on /Users/francisayanbadejo/venvs_projects/my_proj/lib/python3.9/site-packages/airflow/example_dags/example_branch_operator_decorator.py
[2025-04-23T05:06:59.387+0100] {processor.py:914} INFO - Processing file /Users/francisayanbadejo/venvs_projects/my_proj/lib/python3.9/site-packages/airflow/example_dags/example_branch_operator_decorator.py for tasks to queue
[2025-04-23T05:06:59.388+0100] {logging_mixin.py:190} INFO - [2025-04-23T05:06:59.388+0100] {dagbag.py:588} INFO - Filling up the DagBag from /Users/francisayanbadejo/venvs_projects/my_proj/lib/python3.9/site-packages/airflow/example_dags/example_branch_operator_decorator.py
[2025-04-23T05:06:59.394+0100] {processor.py:927} WARNING - No viable dags retrieved from /Users/francisayanbadejo/venvs_projects/my_proj/lib/python3.9/site-packages/airflow/example_dags/example_branch_operator_decorator.py
[2025-04-23T05:06:59.422+0100] {processor.py:208} INFO - Processing /Users/francisayanbadejo/venvs_projects/my_proj/lib/python3.9/site-packages/airflow/example_dags/example_branch_operator_decorator.py took 0.037 seconds
[2025-04-23T05:08:56.556+0100] {processor.py:186} INFO - Started process (PID=76236) to work on /Users/francisayanbadejo/venvs_projects/my_proj/lib/python3.9/site-packages/airflow/example_dags/example_branch_operator_decorator.py
[2025-04-23T05:08:56.557+0100] {processor.py:914} INFO - Processing file /Users/francisayanbadejo/venvs_projects/my_proj/lib/python3.9/site-packages/airflow/example_dags/example_branch_operator_decorator.py for tasks to queue
[2025-04-23T05:08:56.558+0100] {logging_mixin.py:190} INFO - [2025-04-23T05:08:56.558+0100] {dagbag.py:588} INFO - Filling up the DagBag from /Users/francisayanbadejo/venvs_projects/my_proj/lib/python3.9/site-packages/airflow/example_dags/example_branch_operator_decorator.py
[2025-04-23T05:08:56.564+0100] {processor.py:927} WARNING - No viable dags retrieved from /Users/francisayanbadejo/venvs_projects/my_proj/lib/python3.9/site-packages/airflow/example_dags/example_branch_operator_decorator.py
[2025-04-23T05:08:56.591+0100] {processor.py:208} INFO - Processing /Users/francisayanbadejo/venvs_projects/my_proj/lib/python3.9/site-packages/airflow/example_dags/example_branch_operator_decorator.py took 0.036 seconds
[2025-04-23T05:19:32.006+0100] {processor.py:186} INFO - Started process (PID=77417) to work on /Users/francisayanbadejo/venvs_projects/my_proj/lib/python3.9/site-packages/airflow/example_dags/example_branch_operator_decorator.py
[2025-04-23T05:19:32.007+0100] {processor.py:914} INFO - Processing file /Users/francisayanbadejo/venvs_projects/my_proj/lib/python3.9/site-packages/airflow/example_dags/example_branch_operator_decorator.py for tasks to queue
[2025-04-23T05:19:32.008+0100] {logging_mixin.py:190} INFO - [2025-04-23T05:19:32.008+0100] {dagbag.py:588} INFO - Filling up the DagBag from /Users/francisayanbadejo/venvs_projects/my_proj/lib/python3.9/site-packages/airflow/example_dags/example_branch_operator_decorator.py
[2025-04-23T05:19:32.013+0100] {processor.py:927} WARNING - No viable dags retrieved from /Users/francisayanbadejo/venvs_projects/my_proj/lib/python3.9/site-packages/airflow/example_dags/example_branch_operator_decorator.py
[2025-04-23T05:19:32.040+0100] {processor.py:208} INFO - Processing /Users/francisayanbadejo/venvs_projects/my_proj/lib/python3.9/site-packages/airflow/example_dags/example_branch_operator_decorator.py took 0.035 seconds
