[2025-04-23T02:28:46.138+0100] {processor.py:186} INFO - Started process (PID=57679) to work on /Users/francisayanbadejo/venvs_projects/my_proj/lib/python3.9/site-packages/airflow/example_dags/example_python_operator.py
[2025-04-23T02:28:46.139+0100] {processor.py:914} INFO - Processing file /Users/francisayanbadejo/venvs_projects/my_proj/lib/python3.9/site-packages/airflow/example_dags/example_python_operator.py for tasks to queue
[2025-04-23T02:28:46.139+0100] {logging_mixin.py:190} INFO - [2025-04-23T02:28:46.139+0100] {dagbag.py:588} INFO - Filling up the DagBag from /Users/francisayanbadejo/venvs_projects/my_proj/lib/python3.9/site-packages/airflow/example_dags/example_python_operator.py
[2025-04-23T02:28:46.145+0100] {logging_mixin.py:190} INFO - [2025-04-23T02:28:46.145+0100] {example_python_operator.py:93} WARNING - The virtalenv_python example task requires virtualenv, please install it.
[2025-04-23T02:28:46.146+0100] {processor.py:925} INFO - DAG(s) 'example_python_operator' retrieved from /Users/francisayanbadejo/venvs_projects/my_proj/lib/python3.9/site-packages/airflow/example_dags/example_python_operator.py
[2025-04-23T02:28:46.200+0100] {logging_mixin.py:190} INFO - [2025-04-23T02:28:46.200+0100] {override.py:1930} INFO - Created Permission View: can edit on DAG:example_python_operator
[2025-04-23T02:28:46.203+0100] {logging_mixin.py:190} INFO - [2025-04-23T02:28:46.203+0100] {override.py:1930} INFO - Created Permission View: can read on DAG:example_python_operator
[2025-04-23T02:28:46.204+0100] {logging_mixin.py:190} INFO - [2025-04-23T02:28:46.204+0100] {override.py:1930} INFO - Created Permission View: can delete on DAG:example_python_operator
[2025-04-23T02:28:46.206+0100] {logging_mixin.py:190} INFO - [2025-04-23T02:28:46.206+0100] {override.py:1930} INFO - Created Permission View: menu access on DAG Run:example_python_operator
[2025-04-23T02:28:46.207+0100] {logging_mixin.py:190} INFO - [2025-04-23T02:28:46.207+0100] {override.py:1930} INFO - Created Permission View: can read on DAG Run:example_python_operator
[2025-04-23T02:28:46.208+0100] {logging_mixin.py:190} INFO - [2025-04-23T02:28:46.208+0100] {override.py:1930} INFO - Created Permission View: can delete on DAG Run:example_python_operator
[2025-04-23T02:28:46.210+0100] {logging_mixin.py:190} INFO - [2025-04-23T02:28:46.210+0100] {override.py:1930} INFO - Created Permission View: can create on DAG Run:example_python_operator
[2025-04-23T02:28:46.210+0100] {logging_mixin.py:190} INFO - [2025-04-23T02:28:46.210+0100] {dag.py:3239} INFO - Sync 1 DAGs
[2025-04-23T02:28:46.213+0100] {logging_mixin.py:190} INFO - [2025-04-23T02:28:46.213+0100] {dag.py:3262} INFO - Creating ORM DAG for example_python_operator
[2025-04-23T02:28:46.213+0100] {logging_mixin.py:190} INFO - [2025-04-23T02:28:46.213+0100] {dag.py:4180} INFO - Setting next_dagrun for example_python_operator to None, run_after=None
[2025-04-23T02:28:46.218+0100] {processor.py:208} INFO - Processing /Users/francisayanbadejo/venvs_projects/my_proj/lib/python3.9/site-packages/airflow/example_dags/example_python_operator.py took 0.081 seconds
[2025-04-23T02:30:11.820+0100] {processor.py:186} INFO - Started process (PID=57859) to work on /Users/francisayanbadejo/venvs_projects/my_proj/lib/python3.9/site-packages/airflow/example_dags/example_python_operator.py
[2025-04-23T02:30:11.821+0100] {processor.py:914} INFO - Processing file /Users/francisayanbadejo/venvs_projects/my_proj/lib/python3.9/site-packages/airflow/example_dags/example_python_operator.py for tasks to queue
[2025-04-23T02:30:11.821+0100] {logging_mixin.py:190} INFO - [2025-04-23T02:30:11.821+0100] {dagbag.py:588} INFO - Filling up the DagBag from /Users/francisayanbadejo/venvs_projects/my_proj/lib/python3.9/site-packages/airflow/example_dags/example_python_operator.py
[2025-04-23T02:30:11.828+0100] {logging_mixin.py:190} INFO - [2025-04-23T02:30:11.828+0100] {example_python_operator.py:93} WARNING - The virtalenv_python example task requires virtualenv, please install it.
[2025-04-23T02:30:11.829+0100] {processor.py:925} INFO - DAG(s) 'example_python_operator' retrieved from /Users/francisayanbadejo/venvs_projects/my_proj/lib/python3.9/site-packages/airflow/example_dags/example_python_operator.py
[2025-04-23T02:30:11.859+0100] {logging_mixin.py:190} INFO - [2025-04-23T02:30:11.859+0100] {dag.py:3239} INFO - Sync 1 DAGs
[2025-04-23T02:30:11.862+0100] {logging_mixin.py:190} INFO - [2025-04-23T02:30:11.862+0100] {dag.py:4180} INFO - Setting next_dagrun for example_python_operator to None, run_after=None
[2025-04-23T02:30:11.867+0100] {processor.py:208} INFO - Processing /Users/francisayanbadejo/venvs_projects/my_proj/lib/python3.9/site-packages/airflow/example_dags/example_python_operator.py took 0.049 seconds
[2025-04-23T02:32:00.800+0100] {processor.py:186} INFO - Started process (PID=58066) to work on /Users/francisayanbadejo/venvs_projects/my_proj/lib/python3.9/site-packages/airflow/example_dags/example_python_operator.py
[2025-04-23T02:32:00.801+0100] {processor.py:914} INFO - Processing file /Users/francisayanbadejo/venvs_projects/my_proj/lib/python3.9/site-packages/airflow/example_dags/example_python_operator.py for tasks to queue
[2025-04-23T02:32:00.802+0100] {logging_mixin.py:190} INFO - [2025-04-23T02:32:00.802+0100] {dagbag.py:588} INFO - Filling up the DagBag from /Users/francisayanbadejo/venvs_projects/my_proj/lib/python3.9/site-packages/airflow/example_dags/example_python_operator.py
[2025-04-23T02:32:00.808+0100] {logging_mixin.py:190} INFO - [2025-04-23T02:32:00.808+0100] {example_python_operator.py:93} WARNING - The virtalenv_python example task requires virtualenv, please install it.
[2025-04-23T02:32:00.809+0100] {processor.py:925} INFO - DAG(s) 'example_python_operator' retrieved from /Users/francisayanbadejo/venvs_projects/my_proj/lib/python3.9/site-packages/airflow/example_dags/example_python_operator.py
[2025-04-23T02:32:00.839+0100] {logging_mixin.py:190} INFO - [2025-04-23T02:32:00.839+0100] {dag.py:3239} INFO - Sync 1 DAGs
[2025-04-23T02:32:00.843+0100] {logging_mixin.py:190} INFO - [2025-04-23T02:32:00.843+0100] {dag.py:4180} INFO - Setting next_dagrun for example_python_operator to None, run_after=None
[2025-04-23T02:32:00.848+0100] {processor.py:208} INFO - Processing /Users/francisayanbadejo/venvs_projects/my_proj/lib/python3.9/site-packages/airflow/example_dags/example_python_operator.py took 0.049 seconds
[2025-04-23T02:34:37.291+0100] {processor.py:186} INFO - Started process (PID=58487) to work on /Users/francisayanbadejo/venvs_projects/my_proj/lib/python3.9/site-packages/airflow/example_dags/example_python_operator.py
[2025-04-23T02:34:37.293+0100] {processor.py:914} INFO - Processing file /Users/francisayanbadejo/venvs_projects/my_proj/lib/python3.9/site-packages/airflow/example_dags/example_python_operator.py for tasks to queue
[2025-04-23T02:34:37.294+0100] {logging_mixin.py:190} INFO - [2025-04-23T02:34:37.293+0100] {dagbag.py:588} INFO - Filling up the DagBag from /Users/francisayanbadejo/venvs_projects/my_proj/lib/python3.9/site-packages/airflow/example_dags/example_python_operator.py
[2025-04-23T02:34:37.300+0100] {logging_mixin.py:190} INFO - [2025-04-23T02:34:37.300+0100] {example_python_operator.py:93} WARNING - The virtalenv_python example task requires virtualenv, please install it.
[2025-04-23T02:34:37.301+0100] {processor.py:925} INFO - DAG(s) 'example_python_operator' retrieved from /Users/francisayanbadejo/venvs_projects/my_proj/lib/python3.9/site-packages/airflow/example_dags/example_python_operator.py
[2025-04-23T02:34:37.331+0100] {logging_mixin.py:190} INFO - [2025-04-23T02:34:37.331+0100] {dag.py:3239} INFO - Sync 1 DAGs
[2025-04-23T02:34:37.334+0100] {logging_mixin.py:190} INFO - [2025-04-23T02:34:37.334+0100] {dag.py:4180} INFO - Setting next_dagrun for example_python_operator to None, run_after=None
[2025-04-23T02:34:37.339+0100] {processor.py:208} INFO - Processing /Users/francisayanbadejo/venvs_projects/my_proj/lib/python3.9/site-packages/airflow/example_dags/example_python_operator.py took 0.049 seconds
[2025-04-23T02:36:00.282+0100] {processor.py:186} INFO - Started process (PID=58607) to work on /Users/francisayanbadejo/venvs_projects/my_proj/lib/python3.9/site-packages/airflow/example_dags/example_python_operator.py
[2025-04-23T02:36:00.283+0100] {processor.py:914} INFO - Processing file /Users/francisayanbadejo/venvs_projects/my_proj/lib/python3.9/site-packages/airflow/example_dags/example_python_operator.py for tasks to queue
[2025-04-23T02:36:00.284+0100] {logging_mixin.py:190} INFO - [2025-04-23T02:36:00.284+0100] {dagbag.py:588} INFO - Filling up the DagBag from /Users/francisayanbadejo/venvs_projects/my_proj/lib/python3.9/site-packages/airflow/example_dags/example_python_operator.py
[2025-04-23T02:36:00.291+0100] {logging_mixin.py:190} INFO - [2025-04-23T02:36:00.291+0100] {example_python_operator.py:93} WARNING - The virtalenv_python example task requires virtualenv, please install it.
[2025-04-23T02:36:00.292+0100] {processor.py:925} INFO - DAG(s) 'example_python_operator' retrieved from /Users/francisayanbadejo/venvs_projects/my_proj/lib/python3.9/site-packages/airflow/example_dags/example_python_operator.py
[2025-04-23T02:36:00.325+0100] {logging_mixin.py:190} INFO - [2025-04-23T02:36:00.325+0100] {dag.py:3239} INFO - Sync 1 DAGs
[2025-04-23T02:36:00.329+0100] {logging_mixin.py:190} INFO - [2025-04-23T02:36:00.329+0100] {dag.py:4180} INFO - Setting next_dagrun for example_python_operator to None, run_after=None
[2025-04-23T02:36:00.335+0100] {processor.py:208} INFO - Processing /Users/francisayanbadejo/venvs_projects/my_proj/lib/python3.9/site-packages/airflow/example_dags/example_python_operator.py took 0.054 seconds
[2025-04-23T02:37:48.923+0100] {processor.py:186} INFO - Started process (PID=58805) to work on /Users/francisayanbadejo/venvs_projects/my_proj/lib/python3.9/site-packages/airflow/example_dags/example_python_operator.py
[2025-04-23T02:37:48.925+0100] {processor.py:914} INFO - Processing file /Users/francisayanbadejo/venvs_projects/my_proj/lib/python3.9/site-packages/airflow/example_dags/example_python_operator.py for tasks to queue
[2025-04-23T02:37:48.925+0100] {logging_mixin.py:190} INFO - [2025-04-23T02:37:48.925+0100] {dagbag.py:588} INFO - Filling up the DagBag from /Users/francisayanbadejo/venvs_projects/my_proj/lib/python3.9/site-packages/airflow/example_dags/example_python_operator.py
[2025-04-23T02:37:48.932+0100] {logging_mixin.py:190} INFO - [2025-04-23T02:37:48.932+0100] {example_python_operator.py:93} WARNING - The virtalenv_python example task requires virtualenv, please install it.
[2025-04-23T02:37:48.933+0100] {processor.py:925} INFO - DAG(s) 'example_python_operator' retrieved from /Users/francisayanbadejo/venvs_projects/my_proj/lib/python3.9/site-packages/airflow/example_dags/example_python_operator.py
[2025-04-23T02:37:48.964+0100] {logging_mixin.py:190} INFO - [2025-04-23T02:37:48.964+0100] {dag.py:3239} INFO - Sync 1 DAGs
[2025-04-23T02:37:48.967+0100] {logging_mixin.py:190} INFO - [2025-04-23T02:37:48.967+0100] {dag.py:4180} INFO - Setting next_dagrun for example_python_operator to None, run_after=None
[2025-04-23T02:37:48.973+0100] {processor.py:208} INFO - Processing /Users/francisayanbadejo/venvs_projects/my_proj/lib/python3.9/site-packages/airflow/example_dags/example_python_operator.py took 0.051 seconds
