[2025-04-23T03:45:31.702+0100] {processor.py:186} INFO - Started process (PID=64415) to work on /Users/francisayanbadejo/venvs_projects/my_proj/lib/python3.9/site-packages/airflow/example_dags/example_bash_operator.py
[2025-04-23T03:45:31.703+0100] {processor.py:914} INFO - Processing file /Users/francisayanbadejo/venvs_projects/my_proj/lib/python3.9/site-packages/airflow/example_dags/example_bash_operator.py for tasks to queue
[2025-04-23T03:45:31.704+0100] {logging_mixin.py:190} INFO - [2025-04-23T03:45:31.704+0100] {dagbag.py:588} INFO - Filling up the DagBag from /Users/francisayanbadejo/venvs_projects/my_proj/lib/python3.9/site-packages/airflow/example_dags/example_bash_operator.py
[2025-04-23T03:45:31.708+0100] {processor.py:925} INFO - DAG(s) 'example_bash_operator' retrieved from /Users/francisayanbadejo/venvs_projects/my_proj/lib/python3.9/site-packages/airflow/example_dags/example_bash_operator.py
[2025-04-23T03:45:31.768+0100] {logging_mixin.py:190} INFO - [2025-04-23T03:45:31.768+0100] {override.py:1930} INFO - Created Permission View: can delete on DAG:example_bash_operator
[2025-04-23T03:45:31.771+0100] {logging_mixin.py:190} INFO - [2025-04-23T03:45:31.771+0100] {override.py:1930} INFO - Created Permission View: can read on DAG:example_bash_operator
[2025-04-23T03:45:31.773+0100] {logging_mixin.py:190} INFO - [2025-04-23T03:45:31.773+0100] {override.py:1930} INFO - Created Permission View: can edit on DAG:example_bash_operator
[2025-04-23T03:45:31.775+0100] {logging_mixin.py:190} INFO - [2025-04-23T03:45:31.775+0100] {override.py:1930} INFO - Created Permission View: can delete on DAG Run:example_bash_operator
[2025-04-23T03:45:31.777+0100] {logging_mixin.py:190} INFO - [2025-04-23T03:45:31.777+0100] {override.py:1930} INFO - Created Permission View: can read on DAG Run:example_bash_operator
[2025-04-23T03:45:31.778+0100] {logging_mixin.py:190} INFO - [2025-04-23T03:45:31.778+0100] {override.py:1930} INFO - Created Permission View: menu access on DAG Run:example_bash_operator
[2025-04-23T03:45:31.780+0100] {logging_mixin.py:190} INFO - [2025-04-23T03:45:31.780+0100] {override.py:1930} INFO - Created Permission View: can create on DAG Run:example_bash_operator
[2025-04-23T03:45:31.780+0100] {logging_mixin.py:190} INFO - [2025-04-23T03:45:31.780+0100] {dag.py:3239} INFO - Sync 1 DAGs
[2025-04-23T03:45:31.783+0100] {logging_mixin.py:190} INFO - [2025-04-23T03:45:31.783+0100] {dag.py:3262} INFO - Creating ORM DAG for example_bash_operator
[2025-04-23T03:45:31.786+0100] {logging_mixin.py:190} INFO - [2025-04-23T03:45:31.786+0100] {dag.py:4180} INFO - Setting next_dagrun for example_bash_operator to 2025-04-22 00:00:00+00:00, run_after=2025-04-23 00:00:00+00:00
[2025-04-23T03:45:31.792+0100] {processor.py:208} INFO - Processing /Users/francisayanbadejo/venvs_projects/my_proj/lib/python3.9/site-packages/airflow/example_dags/example_bash_operator.py took 0.091 seconds
[2025-04-23T03:47:25.005+0100] {processor.py:186} INFO - Started process (PID=64664) to work on /Users/francisayanbadejo/venvs_projects/my_proj/lib/python3.9/site-packages/airflow/example_dags/example_bash_operator.py
[2025-04-23T03:47:25.006+0100] {processor.py:914} INFO - Processing file /Users/francisayanbadejo/venvs_projects/my_proj/lib/python3.9/site-packages/airflow/example_dags/example_bash_operator.py for tasks to queue
[2025-04-23T03:47:25.007+0100] {logging_mixin.py:190} INFO - [2025-04-23T03:47:25.007+0100] {dagbag.py:588} INFO - Filling up the DagBag from /Users/francisayanbadejo/venvs_projects/my_proj/lib/python3.9/site-packages/airflow/example_dags/example_bash_operator.py
[2025-04-23T03:47:25.010+0100] {processor.py:925} INFO - DAG(s) 'example_bash_operator' retrieved from /Users/francisayanbadejo/venvs_projects/my_proj/lib/python3.9/site-packages/airflow/example_dags/example_bash_operator.py
[2025-04-23T03:47:25.043+0100] {logging_mixin.py:190} INFO - [2025-04-23T03:47:25.043+0100] {dag.py:3239} INFO - Sync 1 DAGs
[2025-04-23T03:47:25.048+0100] {logging_mixin.py:190} INFO - [2025-04-23T03:47:25.048+0100] {dag.py:4180} INFO - Setting next_dagrun for example_bash_operator to 2025-04-22 00:00:00+00:00, run_after=2025-04-23 00:00:00+00:00
[2025-04-23T03:47:25.053+0100] {processor.py:208} INFO - Processing /Users/francisayanbadejo/venvs_projects/my_proj/lib/python3.9/site-packages/airflow/example_dags/example_bash_operator.py took 0.049 seconds
[2025-04-23T03:49:15.591+0100] {processor.py:186} INFO - Started process (PID=64911) to work on /Users/francisayanbadejo/venvs_projects/my_proj/lib/python3.9/site-packages/airflow/example_dags/example_bash_operator.py
[2025-04-23T03:49:15.593+0100] {processor.py:914} INFO - Processing file /Users/francisayanbadejo/venvs_projects/my_proj/lib/python3.9/site-packages/airflow/example_dags/example_bash_operator.py for tasks to queue
[2025-04-23T03:49:15.594+0100] {logging_mixin.py:190} INFO - [2025-04-23T03:49:15.594+0100] {dagbag.py:588} INFO - Filling up the DagBag from /Users/francisayanbadejo/venvs_projects/my_proj/lib/python3.9/site-packages/airflow/example_dags/example_bash_operator.py
[2025-04-23T03:49:15.598+0100] {processor.py:925} INFO - DAG(s) 'example_bash_operator' retrieved from /Users/francisayanbadejo/venvs_projects/my_proj/lib/python3.9/site-packages/airflow/example_dags/example_bash_operator.py
[2025-04-23T03:49:15.634+0100] {logging_mixin.py:190} INFO - [2025-04-23T03:49:15.634+0100] {dag.py:3239} INFO - Sync 1 DAGs
[2025-04-23T03:49:15.639+0100] {logging_mixin.py:190} INFO - [2025-04-23T03:49:15.639+0100] {dag.py:4180} INFO - Setting next_dagrun for example_bash_operator to 2025-04-22 00:00:00+00:00, run_after=2025-04-23 00:00:00+00:00
[2025-04-23T03:49:15.645+0100] {processor.py:208} INFO - Processing /Users/francisayanbadejo/venvs_projects/my_proj/lib/python3.9/site-packages/airflow/example_dags/example_bash_operator.py took 0.056 seconds
[2025-04-23T03:51:05.853+0100] {processor.py:186} INFO - Started process (PID=65153) to work on /Users/francisayanbadejo/venvs_projects/my_proj/lib/python3.9/site-packages/airflow/example_dags/example_bash_operator.py
[2025-04-23T03:51:05.855+0100] {processor.py:914} INFO - Processing file /Users/francisayanbadejo/venvs_projects/my_proj/lib/python3.9/site-packages/airflow/example_dags/example_bash_operator.py for tasks to queue
[2025-04-23T03:51:05.856+0100] {logging_mixin.py:190} INFO - [2025-04-23T03:51:05.856+0100] {dagbag.py:588} INFO - Filling up the DagBag from /Users/francisayanbadejo/venvs_projects/my_proj/lib/python3.9/site-packages/airflow/example_dags/example_bash_operator.py
[2025-04-23T03:51:05.860+0100] {processor.py:925} INFO - DAG(s) 'example_bash_operator' retrieved from /Users/francisayanbadejo/venvs_projects/my_proj/lib/python3.9/site-packages/airflow/example_dags/example_bash_operator.py
[2025-04-23T03:51:05.894+0100] {logging_mixin.py:190} INFO - [2025-04-23T03:51:05.894+0100] {dag.py:3239} INFO - Sync 1 DAGs
[2025-04-23T03:51:05.899+0100] {logging_mixin.py:190} INFO - [2025-04-23T03:51:05.899+0100] {dag.py:4180} INFO - Setting next_dagrun for example_bash_operator to 2025-04-22 00:00:00+00:00, run_after=2025-04-23 00:00:00+00:00
[2025-04-23T03:51:05.905+0100] {processor.py:208} INFO - Processing /Users/francisayanbadejo/venvs_projects/my_proj/lib/python3.9/site-packages/airflow/example_dags/example_bash_operator.py took 0.053 seconds
[2025-04-23T03:53:00.982+0100] {processor.py:186} INFO - Started process (PID=65410) to work on /Users/francisayanbadejo/venvs_projects/my_proj/lib/python3.9/site-packages/airflow/example_dags/example_bash_operator.py
[2025-04-23T03:53:00.984+0100] {processor.py:914} INFO - Processing file /Users/francisayanbadejo/venvs_projects/my_proj/lib/python3.9/site-packages/airflow/example_dags/example_bash_operator.py for tasks to queue
[2025-04-23T03:53:00.985+0100] {logging_mixin.py:190} INFO - [2025-04-23T03:53:00.985+0100] {dagbag.py:588} INFO - Filling up the DagBag from /Users/francisayanbadejo/venvs_projects/my_proj/lib/python3.9/site-packages/airflow/example_dags/example_bash_operator.py
[2025-04-23T03:53:00.989+0100] {processor.py:925} INFO - DAG(s) 'example_bash_operator' retrieved from /Users/francisayanbadejo/venvs_projects/my_proj/lib/python3.9/site-packages/airflow/example_dags/example_bash_operator.py
[2025-04-23T03:53:01.027+0100] {logging_mixin.py:190} INFO - [2025-04-23T03:53:01.027+0100] {dag.py:3239} INFO - Sync 1 DAGs
[2025-04-23T03:53:01.033+0100] {logging_mixin.py:190} INFO - [2025-04-23T03:53:01.032+0100] {dag.py:4180} INFO - Setting next_dagrun for example_bash_operator to 2025-04-22 00:00:00+00:00, run_after=2025-04-23 00:00:00+00:00
[2025-04-23T03:53:01.039+0100] {processor.py:208} INFO - Processing /Users/francisayanbadejo/venvs_projects/my_proj/lib/python3.9/site-packages/airflow/example_dags/example_bash_operator.py took 0.057 seconds
[2025-04-23T03:54:58.821+0100] {processor.py:186} INFO - Started process (PID=65665) to work on /Users/francisayanbadejo/venvs_projects/my_proj/lib/python3.9/site-packages/airflow/example_dags/example_bash_operator.py
[2025-04-23T03:54:58.823+0100] {processor.py:914} INFO - Processing file /Users/francisayanbadejo/venvs_projects/my_proj/lib/python3.9/site-packages/airflow/example_dags/example_bash_operator.py for tasks to queue
[2025-04-23T03:54:58.823+0100] {logging_mixin.py:190} INFO - [2025-04-23T03:54:58.823+0100] {dagbag.py:588} INFO - Filling up the DagBag from /Users/francisayanbadejo/venvs_projects/my_proj/lib/python3.9/site-packages/airflow/example_dags/example_bash_operator.py
[2025-04-23T03:54:58.828+0100] {processor.py:925} INFO - DAG(s) 'example_bash_operator' retrieved from /Users/francisayanbadejo/venvs_projects/my_proj/lib/python3.9/site-packages/airflow/example_dags/example_bash_operator.py
[2025-04-23T03:54:58.865+0100] {logging_mixin.py:190} INFO - [2025-04-23T03:54:58.865+0100] {dag.py:3239} INFO - Sync 1 DAGs
[2025-04-23T03:54:58.871+0100] {logging_mixin.py:190} INFO - [2025-04-23T03:54:58.871+0100] {dag.py:4180} INFO - Setting next_dagrun for example_bash_operator to 2025-04-22 00:00:00+00:00, run_after=2025-04-23 00:00:00+00:00
[2025-04-23T03:54:58.877+0100] {processor.py:208} INFO - Processing /Users/francisayanbadejo/venvs_projects/my_proj/lib/python3.9/site-packages/airflow/example_dags/example_bash_operator.py took 0.057 seconds
[2025-04-23T03:56:56.972+0100] {processor.py:186} INFO - Started process (PID=65916) to work on /Users/francisayanbadejo/venvs_projects/my_proj/lib/python3.9/site-packages/airflow/example_dags/example_bash_operator.py
[2025-04-23T03:56:56.973+0100] {processor.py:914} INFO - Processing file /Users/francisayanbadejo/venvs_projects/my_proj/lib/python3.9/site-packages/airflow/example_dags/example_bash_operator.py for tasks to queue
[2025-04-23T03:56:56.974+0100] {logging_mixin.py:190} INFO - [2025-04-23T03:56:56.974+0100] {dagbag.py:588} INFO - Filling up the DagBag from /Users/francisayanbadejo/venvs_projects/my_proj/lib/python3.9/site-packages/airflow/example_dags/example_bash_operator.py
[2025-04-23T03:56:56.979+0100] {processor.py:925} INFO - DAG(s) 'example_bash_operator' retrieved from /Users/francisayanbadejo/venvs_projects/my_proj/lib/python3.9/site-packages/airflow/example_dags/example_bash_operator.py
[2025-04-23T03:56:57.016+0100] {logging_mixin.py:190} INFO - [2025-04-23T03:56:57.015+0100] {dag.py:3239} INFO - Sync 1 DAGs
[2025-04-23T03:56:57.021+0100] {logging_mixin.py:190} INFO - [2025-04-23T03:56:57.021+0100] {dag.py:4180} INFO - Setting next_dagrun for example_bash_operator to 2025-04-22 00:00:00+00:00, run_after=2025-04-23 00:00:00+00:00
[2025-04-23T03:56:57.026+0100] {processor.py:208} INFO - Processing /Users/francisayanbadejo/venvs_projects/my_proj/lib/python3.9/site-packages/airflow/example_dags/example_bash_operator.py took 0.056 seconds
[2025-04-23T03:58:59.687+0100] {processor.py:186} INFO - Started process (PID=66152) to work on /Users/francisayanbadejo/venvs_projects/my_proj/lib/python3.9/site-packages/airflow/example_dags/example_bash_operator.py
[2025-04-23T03:58:59.688+0100] {processor.py:914} INFO - Processing file /Users/francisayanbadejo/venvs_projects/my_proj/lib/python3.9/site-packages/airflow/example_dags/example_bash_operator.py for tasks to queue
[2025-04-23T03:58:59.688+0100] {logging_mixin.py:190} INFO - [2025-04-23T03:58:59.688+0100] {dagbag.py:588} INFO - Filling up the DagBag from /Users/francisayanbadejo/venvs_projects/my_proj/lib/python3.9/site-packages/airflow/example_dags/example_bash_operator.py
[2025-04-23T03:58:59.693+0100] {processor.py:925} INFO - DAG(s) 'example_bash_operator' retrieved from /Users/francisayanbadejo/venvs_projects/my_proj/lib/python3.9/site-packages/airflow/example_dags/example_bash_operator.py
[2025-04-23T03:58:59.734+0100] {logging_mixin.py:190} INFO - [2025-04-23T03:58:59.734+0100] {dag.py:3239} INFO - Sync 1 DAGs
[2025-04-23T03:58:59.741+0100] {logging_mixin.py:190} INFO - [2025-04-23T03:58:59.741+0100] {dag.py:4180} INFO - Setting next_dagrun for example_bash_operator to 2025-04-22 00:00:00+00:00, run_after=2025-04-23 00:00:00+00:00
[2025-04-23T03:58:59.748+0100] {processor.py:208} INFO - Processing /Users/francisayanbadejo/venvs_projects/my_proj/lib/python3.9/site-packages/airflow/example_dags/example_bash_operator.py took 0.062 seconds
[2025-04-23T04:01:07.844+0100] {processor.py:186} INFO - Started process (PID=66374) to work on /Users/francisayanbadejo/venvs_projects/my_proj/lib/python3.9/site-packages/airflow/example_dags/example_bash_operator.py
[2025-04-23T04:01:07.844+0100] {processor.py:914} INFO - Processing file /Users/francisayanbadejo/venvs_projects/my_proj/lib/python3.9/site-packages/airflow/example_dags/example_bash_operator.py for tasks to queue
[2025-04-23T04:01:07.845+0100] {logging_mixin.py:190} INFO - [2025-04-23T04:01:07.845+0100] {dagbag.py:588} INFO - Filling up the DagBag from /Users/francisayanbadejo/venvs_projects/my_proj/lib/python3.9/site-packages/airflow/example_dags/example_bash_operator.py
[2025-04-23T04:01:07.849+0100] {processor.py:925} INFO - DAG(s) 'example_bash_operator' retrieved from /Users/francisayanbadejo/venvs_projects/my_proj/lib/python3.9/site-packages/airflow/example_dags/example_bash_operator.py
[2025-04-23T04:01:07.882+0100] {logging_mixin.py:190} INFO - [2025-04-23T04:01:07.882+0100] {dag.py:3239} INFO - Sync 1 DAGs
[2025-04-23T04:01:07.887+0100] {logging_mixin.py:190} INFO - [2025-04-23T04:01:07.887+0100] {dag.py:4180} INFO - Setting next_dagrun for example_bash_operator to 2025-04-22 00:00:00+00:00, run_after=2025-04-23 00:00:00+00:00
[2025-04-23T04:01:07.893+0100] {processor.py:208} INFO - Processing /Users/francisayanbadejo/venvs_projects/my_proj/lib/python3.9/site-packages/airflow/example_dags/example_bash_operator.py took 0.050 seconds
[2025-04-23T04:02:57.447+0100] {processor.py:186} INFO - Started process (PID=66575) to work on /Users/francisayanbadejo/venvs_projects/my_proj/lib/python3.9/site-packages/airflow/example_dags/example_bash_operator.py
[2025-04-23T04:02:57.448+0100] {processor.py:914} INFO - Processing file /Users/francisayanbadejo/venvs_projects/my_proj/lib/python3.9/site-packages/airflow/example_dags/example_bash_operator.py for tasks to queue
[2025-04-23T04:02:57.448+0100] {logging_mixin.py:190} INFO - [2025-04-23T04:02:57.448+0100] {dagbag.py:588} INFO - Filling up the DagBag from /Users/francisayanbadejo/venvs_projects/my_proj/lib/python3.9/site-packages/airflow/example_dags/example_bash_operator.py
[2025-04-23T04:02:57.452+0100] {processor.py:925} INFO - DAG(s) 'example_bash_operator' retrieved from /Users/francisayanbadejo/venvs_projects/my_proj/lib/python3.9/site-packages/airflow/example_dags/example_bash_operator.py
[2025-04-23T04:02:57.486+0100] {logging_mixin.py:190} INFO - [2025-04-23T04:02:57.486+0100] {dag.py:3239} INFO - Sync 1 DAGs
[2025-04-23T04:02:57.492+0100] {logging_mixin.py:190} INFO - [2025-04-23T04:02:57.492+0100] {dag.py:4180} INFO - Setting next_dagrun for example_bash_operator to 2025-04-22 00:00:00+00:00, run_after=2025-04-23 00:00:00+00:00
[2025-04-23T04:02:57.497+0100] {processor.py:208} INFO - Processing /Users/francisayanbadejo/venvs_projects/my_proj/lib/python3.9/site-packages/airflow/example_dags/example_bash_operator.py took 0.051 seconds
[2025-04-23T04:04:54.649+0100] {processor.py:186} INFO - Started process (PID=66831) to work on /Users/francisayanbadejo/venvs_projects/my_proj/lib/python3.9/site-packages/airflow/example_dags/example_bash_operator.py
[2025-04-23T04:04:54.649+0100] {processor.py:914} INFO - Processing file /Users/francisayanbadejo/venvs_projects/my_proj/lib/python3.9/site-packages/airflow/example_dags/example_bash_operator.py for tasks to queue
[2025-04-23T04:04:54.649+0100] {logging_mixin.py:190} INFO - [2025-04-23T04:04:54.649+0100] {dagbag.py:588} INFO - Filling up the DagBag from /Users/francisayanbadejo/venvs_projects/my_proj/lib/python3.9/site-packages/airflow/example_dags/example_bash_operator.py
[2025-04-23T04:04:54.654+0100] {processor.py:925} INFO - DAG(s) 'example_bash_operator' retrieved from /Users/francisayanbadejo/venvs_projects/my_proj/lib/python3.9/site-packages/airflow/example_dags/example_bash_operator.py
[2025-04-23T04:04:54.688+0100] {logging_mixin.py:190} INFO - [2025-04-23T04:04:54.688+0100] {dag.py:3239} INFO - Sync 1 DAGs
[2025-04-23T04:04:54.693+0100] {logging_mixin.py:190} INFO - [2025-04-23T04:04:54.693+0100] {dag.py:4180} INFO - Setting next_dagrun for example_bash_operator to 2025-04-22 00:00:00+00:00, run_after=2025-04-23 00:00:00+00:00
[2025-04-23T04:04:54.698+0100] {processor.py:208} INFO - Processing /Users/francisayanbadejo/venvs_projects/my_proj/lib/python3.9/site-packages/airflow/example_dags/example_bash_operator.py took 0.051 seconds
[2025-04-23T04:06:52.106+0100] {processor.py:186} INFO - Started process (PID=67051) to work on /Users/francisayanbadejo/venvs_projects/my_proj/lib/python3.9/site-packages/airflow/example_dags/example_bash_operator.py
[2025-04-23T04:06:52.107+0100] {processor.py:914} INFO - Processing file /Users/francisayanbadejo/venvs_projects/my_proj/lib/python3.9/site-packages/airflow/example_dags/example_bash_operator.py for tasks to queue
[2025-04-23T04:06:52.107+0100] {logging_mixin.py:190} INFO - [2025-04-23T04:06:52.107+0100] {dagbag.py:588} INFO - Filling up the DagBag from /Users/francisayanbadejo/venvs_projects/my_proj/lib/python3.9/site-packages/airflow/example_dags/example_bash_operator.py
[2025-04-23T04:06:52.111+0100] {processor.py:925} INFO - DAG(s) 'example_bash_operator' retrieved from /Users/francisayanbadejo/venvs_projects/my_proj/lib/python3.9/site-packages/airflow/example_dags/example_bash_operator.py
[2025-04-23T04:06:52.146+0100] {logging_mixin.py:190} INFO - [2025-04-23T04:06:52.146+0100] {dag.py:3239} INFO - Sync 1 DAGs
[2025-04-23T04:06:52.152+0100] {logging_mixin.py:190} INFO - [2025-04-23T04:06:52.152+0100] {dag.py:4180} INFO - Setting next_dagrun for example_bash_operator to 2025-04-22 00:00:00+00:00, run_after=2025-04-23 00:00:00+00:00
[2025-04-23T04:06:52.157+0100] {processor.py:208} INFO - Processing /Users/francisayanbadejo/venvs_projects/my_proj/lib/python3.9/site-packages/airflow/example_dags/example_bash_operator.py took 0.052 seconds
[2025-04-23T04:19:36.970+0100] {processor.py:186} INFO - Started process (PID=69029) to work on /Users/francisayanbadejo/venvs_projects/my_proj/lib/python3.9/site-packages/airflow/example_dags/example_bash_operator.py
[2025-04-23T04:19:36.971+0100] {processor.py:914} INFO - Processing file /Users/francisayanbadejo/venvs_projects/my_proj/lib/python3.9/site-packages/airflow/example_dags/example_bash_operator.py for tasks to queue
[2025-04-23T04:19:36.972+0100] {logging_mixin.py:190} INFO - [2025-04-23T04:19:36.972+0100] {dagbag.py:588} INFO - Filling up the DagBag from /Users/francisayanbadejo/venvs_projects/my_proj/lib/python3.9/site-packages/airflow/example_dags/example_bash_operator.py
[2025-04-23T04:19:36.976+0100] {processor.py:925} INFO - DAG(s) 'example_bash_operator' retrieved from /Users/francisayanbadejo/venvs_projects/my_proj/lib/python3.9/site-packages/airflow/example_dags/example_bash_operator.py
[2025-04-23T04:19:37.008+0100] {logging_mixin.py:190} INFO - [2025-04-23T04:19:37.008+0100] {dag.py:3239} INFO - Sync 1 DAGs
[2025-04-23T04:19:37.014+0100] {logging_mixin.py:190} INFO - [2025-04-23T04:19:37.014+0100] {dag.py:4180} INFO - Setting next_dagrun for example_bash_operator to 2025-04-22 00:00:00+00:00, run_after=2025-04-23 00:00:00+00:00
[2025-04-23T04:19:37.020+0100] {processor.py:208} INFO - Processing /Users/francisayanbadejo/venvs_projects/my_proj/lib/python3.9/site-packages/airflow/example_dags/example_bash_operator.py took 0.051 seconds
[2025-04-23T04:22:21.797+0100] {processor.py:186} INFO - Started process (PID=69622) to work on /Users/francisayanbadejo/venvs_projects/my_proj/lib/python3.9/site-packages/airflow/example_dags/example_bash_operator.py
[2025-04-23T04:22:21.799+0100] {processor.py:914} INFO - Processing file /Users/francisayanbadejo/venvs_projects/my_proj/lib/python3.9/site-packages/airflow/example_dags/example_bash_operator.py for tasks to queue
[2025-04-23T04:22:21.800+0100] {logging_mixin.py:190} INFO - [2025-04-23T04:22:21.800+0100] {dagbag.py:588} INFO - Filling up the DagBag from /Users/francisayanbadejo/venvs_projects/my_proj/lib/python3.9/site-packages/airflow/example_dags/example_bash_operator.py
[2025-04-23T04:22:21.803+0100] {processor.py:925} INFO - DAG(s) 'example_bash_operator' retrieved from /Users/francisayanbadejo/venvs_projects/my_proj/lib/python3.9/site-packages/airflow/example_dags/example_bash_operator.py
[2025-04-23T04:22:21.836+0100] {logging_mixin.py:190} INFO - [2025-04-23T04:22:21.836+0100] {dag.py:3239} INFO - Sync 1 DAGs
[2025-04-23T04:22:21.841+0100] {logging_mixin.py:190} INFO - [2025-04-23T04:22:21.841+0100] {dag.py:4180} INFO - Setting next_dagrun for example_bash_operator to 2025-04-22 00:00:00+00:00, run_after=2025-04-23 00:00:00+00:00
[2025-04-23T04:22:21.847+0100] {processor.py:208} INFO - Processing /Users/francisayanbadejo/venvs_projects/my_proj/lib/python3.9/site-packages/airflow/example_dags/example_bash_operator.py took 0.050 seconds
[2025-04-23T04:24:16.377+0100] {processor.py:186} INFO - Started process (PID=69959) to work on /Users/francisayanbadejo/venvs_projects/my_proj/lib/python3.9/site-packages/airflow/example_dags/example_bash_operator.py
[2025-04-23T04:24:16.379+0100] {processor.py:914} INFO - Processing file /Users/francisayanbadejo/venvs_projects/my_proj/lib/python3.9/site-packages/airflow/example_dags/example_bash_operator.py for tasks to queue
[2025-04-23T04:24:16.379+0100] {logging_mixin.py:190} INFO - [2025-04-23T04:24:16.379+0100] {dagbag.py:588} INFO - Filling up the DagBag from /Users/francisayanbadejo/venvs_projects/my_proj/lib/python3.9/site-packages/airflow/example_dags/example_bash_operator.py
[2025-04-23T04:24:16.383+0100] {processor.py:925} INFO - DAG(s) 'example_bash_operator' retrieved from /Users/francisayanbadejo/venvs_projects/my_proj/lib/python3.9/site-packages/airflow/example_dags/example_bash_operator.py
[2025-04-23T04:24:16.417+0100] {logging_mixin.py:190} INFO - [2025-04-23T04:24:16.417+0100] {dag.py:3239} INFO - Sync 1 DAGs
[2025-04-23T04:24:16.423+0100] {logging_mixin.py:190} INFO - [2025-04-23T04:24:16.423+0100] {dag.py:4180} INFO - Setting next_dagrun for example_bash_operator to 2025-04-22 00:00:00+00:00, run_after=2025-04-23 00:00:00+00:00
[2025-04-23T04:24:16.428+0100] {processor.py:208} INFO - Processing /Users/francisayanbadejo/venvs_projects/my_proj/lib/python3.9/site-packages/airflow/example_dags/example_bash_operator.py took 0.052 seconds
[2025-04-23T04:29:10.529+0100] {processor.py:186} INFO - Started process (PID=71358) to work on /Users/francisayanbadejo/venvs_projects/my_proj/lib/python3.9/site-packages/airflow/example_dags/example_bash_operator.py
[2025-04-23T04:29:10.530+0100] {processor.py:914} INFO - Processing file /Users/francisayanbadejo/venvs_projects/my_proj/lib/python3.9/site-packages/airflow/example_dags/example_bash_operator.py for tasks to queue
[2025-04-23T04:29:10.531+0100] {logging_mixin.py:190} INFO - [2025-04-23T04:29:10.531+0100] {dagbag.py:588} INFO - Filling up the DagBag from /Users/francisayanbadejo/venvs_projects/my_proj/lib/python3.9/site-packages/airflow/example_dags/example_bash_operator.py
[2025-04-23T04:29:10.535+0100] {processor.py:925} INFO - DAG(s) 'example_bash_operator' retrieved from /Users/francisayanbadejo/venvs_projects/my_proj/lib/python3.9/site-packages/airflow/example_dags/example_bash_operator.py
[2025-04-23T04:29:10.569+0100] {logging_mixin.py:190} INFO - [2025-04-23T04:29:10.569+0100] {dag.py:3239} INFO - Sync 1 DAGs
[2025-04-23T04:29:10.575+0100] {logging_mixin.py:190} INFO - [2025-04-23T04:29:10.575+0100] {dag.py:4180} INFO - Setting next_dagrun for example_bash_operator to 2025-04-22 00:00:00+00:00, run_after=2025-04-23 00:00:00+00:00
[2025-04-23T04:29:10.583+0100] {processor.py:208} INFO - Processing /Users/francisayanbadejo/venvs_projects/my_proj/lib/python3.9/site-packages/airflow/example_dags/example_bash_operator.py took 0.055 seconds
[2025-04-23T04:31:04.191+0100] {processor.py:186} INFO - Started process (PID=71671) to work on /Users/francisayanbadejo/venvs_projects/my_proj/lib/python3.9/site-packages/airflow/example_dags/example_bash_operator.py
[2025-04-23T04:31:04.192+0100] {processor.py:914} INFO - Processing file /Users/francisayanbadejo/venvs_projects/my_proj/lib/python3.9/site-packages/airflow/example_dags/example_bash_operator.py for tasks to queue
[2025-04-23T04:31:04.193+0100] {logging_mixin.py:190} INFO - [2025-04-23T04:31:04.193+0100] {dagbag.py:588} INFO - Filling up the DagBag from /Users/francisayanbadejo/venvs_projects/my_proj/lib/python3.9/site-packages/airflow/example_dags/example_bash_operator.py
[2025-04-23T04:31:04.197+0100] {processor.py:925} INFO - DAG(s) 'example_bash_operator' retrieved from /Users/francisayanbadejo/venvs_projects/my_proj/lib/python3.9/site-packages/airflow/example_dags/example_bash_operator.py
[2025-04-23T04:31:04.231+0100] {logging_mixin.py:190} INFO - [2025-04-23T04:31:04.231+0100] {dag.py:3239} INFO - Sync 1 DAGs
[2025-04-23T04:31:04.237+0100] {logging_mixin.py:190} INFO - [2025-04-23T04:31:04.237+0100] {dag.py:4180} INFO - Setting next_dagrun for example_bash_operator to 2025-04-22 00:00:00+00:00, run_after=2025-04-23 00:00:00+00:00
[2025-04-23T04:31:04.242+0100] {processor.py:208} INFO - Processing /Users/francisayanbadejo/venvs_projects/my_proj/lib/python3.9/site-packages/airflow/example_dags/example_bash_operator.py took 0.052 seconds
[2025-04-23T04:33:52.536+0100] {processor.py:186} INFO - Started process (PID=71948) to work on /Users/francisayanbadejo/venvs_projects/my_proj/lib/python3.9/site-packages/airflow/example_dags/example_bash_operator.py
[2025-04-23T04:33:52.537+0100] {processor.py:914} INFO - Processing file /Users/francisayanbadejo/venvs_projects/my_proj/lib/python3.9/site-packages/airflow/example_dags/example_bash_operator.py for tasks to queue
[2025-04-23T04:33:52.538+0100] {logging_mixin.py:190} INFO - [2025-04-23T04:33:52.538+0100] {dagbag.py:588} INFO - Filling up the DagBag from /Users/francisayanbadejo/venvs_projects/my_proj/lib/python3.9/site-packages/airflow/example_dags/example_bash_operator.py
[2025-04-23T04:33:52.542+0100] {processor.py:925} INFO - DAG(s) 'example_bash_operator' retrieved from /Users/francisayanbadejo/venvs_projects/my_proj/lib/python3.9/site-packages/airflow/example_dags/example_bash_operator.py
[2025-04-23T04:33:52.575+0100] {logging_mixin.py:190} INFO - [2025-04-23T04:33:52.575+0100] {dag.py:3239} INFO - Sync 1 DAGs
[2025-04-23T04:33:52.580+0100] {logging_mixin.py:190} INFO - [2025-04-23T04:33:52.580+0100] {dag.py:4180} INFO - Setting next_dagrun for example_bash_operator to 2025-04-22 00:00:00+00:00, run_after=2025-04-23 00:00:00+00:00
[2025-04-23T04:33:52.585+0100] {processor.py:208} INFO - Processing /Users/francisayanbadejo/venvs_projects/my_proj/lib/python3.9/site-packages/airflow/example_dags/example_bash_operator.py took 0.051 seconds
[2025-04-23T04:35:55.713+0100] {processor.py:186} INFO - Started process (PID=72227) to work on /Users/francisayanbadejo/venvs_projects/my_proj/lib/python3.9/site-packages/airflow/example_dags/example_bash_operator.py
[2025-04-23T04:35:55.714+0100] {processor.py:914} INFO - Processing file /Users/francisayanbadejo/venvs_projects/my_proj/lib/python3.9/site-packages/airflow/example_dags/example_bash_operator.py for tasks to queue
[2025-04-23T04:35:55.714+0100] {logging_mixin.py:190} INFO - [2025-04-23T04:35:55.714+0100] {dagbag.py:588} INFO - Filling up the DagBag from /Users/francisayanbadejo/venvs_projects/my_proj/lib/python3.9/site-packages/airflow/example_dags/example_bash_operator.py
[2025-04-23T04:35:55.718+0100] {processor.py:925} INFO - DAG(s) 'example_bash_operator' retrieved from /Users/francisayanbadejo/venvs_projects/my_proj/lib/python3.9/site-packages/airflow/example_dags/example_bash_operator.py
[2025-04-23T04:35:55.753+0100] {logging_mixin.py:190} INFO - [2025-04-23T04:35:55.753+0100] {dag.py:3239} INFO - Sync 1 DAGs
[2025-04-23T04:35:55.759+0100] {logging_mixin.py:190} INFO - [2025-04-23T04:35:55.758+0100] {dag.py:4180} INFO - Setting next_dagrun for example_bash_operator to 2025-04-22 00:00:00+00:00, run_after=2025-04-23 00:00:00+00:00
[2025-04-23T04:35:55.764+0100] {processor.py:208} INFO - Processing /Users/francisayanbadejo/venvs_projects/my_proj/lib/python3.9/site-packages/airflow/example_dags/example_bash_operator.py took 0.052 seconds
[2025-04-23T04:37:47.786+0100] {processor.py:186} INFO - Started process (PID=72473) to work on /Users/francisayanbadejo/venvs_projects/my_proj/lib/python3.9/site-packages/airflow/example_dags/example_bash_operator.py
[2025-04-23T04:37:47.787+0100] {processor.py:914} INFO - Processing file /Users/francisayanbadejo/venvs_projects/my_proj/lib/python3.9/site-packages/airflow/example_dags/example_bash_operator.py for tasks to queue
[2025-04-23T04:37:47.788+0100] {logging_mixin.py:190} INFO - [2025-04-23T04:37:47.788+0100] {dagbag.py:588} INFO - Filling up the DagBag from /Users/francisayanbadejo/venvs_projects/my_proj/lib/python3.9/site-packages/airflow/example_dags/example_bash_operator.py
[2025-04-23T04:37:47.792+0100] {processor.py:925} INFO - DAG(s) 'example_bash_operator' retrieved from /Users/francisayanbadejo/venvs_projects/my_proj/lib/python3.9/site-packages/airflow/example_dags/example_bash_operator.py
[2025-04-23T04:37:47.825+0100] {logging_mixin.py:190} INFO - [2025-04-23T04:37:47.825+0100] {dag.py:3239} INFO - Sync 1 DAGs
[2025-04-23T04:37:47.830+0100] {logging_mixin.py:190} INFO - [2025-04-23T04:37:47.830+0100] {dag.py:4180} INFO - Setting next_dagrun for example_bash_operator to 2025-04-22 00:00:00+00:00, run_after=2025-04-23 00:00:00+00:00
[2025-04-23T04:37:47.835+0100] {processor.py:208} INFO - Processing /Users/francisayanbadejo/venvs_projects/my_proj/lib/python3.9/site-packages/airflow/example_dags/example_bash_operator.py took 0.050 seconds
[2025-04-23T04:39:40.044+0100] {processor.py:186} INFO - Started process (PID=72653) to work on /Users/francisayanbadejo/venvs_projects/my_proj/lib/python3.9/site-packages/airflow/example_dags/example_bash_operator.py
[2025-04-23T04:39:40.046+0100] {processor.py:914} INFO - Processing file /Users/francisayanbadejo/venvs_projects/my_proj/lib/python3.9/site-packages/airflow/example_dags/example_bash_operator.py for tasks to queue
[2025-04-23T04:39:40.046+0100] {logging_mixin.py:190} INFO - [2025-04-23T04:39:40.046+0100] {dagbag.py:588} INFO - Filling up the DagBag from /Users/francisayanbadejo/venvs_projects/my_proj/lib/python3.9/site-packages/airflow/example_dags/example_bash_operator.py
[2025-04-23T04:39:40.050+0100] {processor.py:925} INFO - DAG(s) 'example_bash_operator' retrieved from /Users/francisayanbadejo/venvs_projects/my_proj/lib/python3.9/site-packages/airflow/example_dags/example_bash_operator.py
[2025-04-23T04:39:40.086+0100] {logging_mixin.py:190} INFO - [2025-04-23T04:39:40.085+0100] {dag.py:3239} INFO - Sync 1 DAGs
[2025-04-23T04:39:40.091+0100] {logging_mixin.py:190} INFO - [2025-04-23T04:39:40.091+0100] {dag.py:4180} INFO - Setting next_dagrun for example_bash_operator to 2025-04-22 00:00:00+00:00, run_after=2025-04-23 00:00:00+00:00
[2025-04-23T04:39:40.096+0100] {processor.py:208} INFO - Processing /Users/francisayanbadejo/venvs_projects/my_proj/lib/python3.9/site-packages/airflow/example_dags/example_bash_operator.py took 0.054 seconds
[2025-04-23T04:41:26.480+0100] {processor.py:186} INFO - Started process (PID=72812) to work on /Users/francisayanbadejo/venvs_projects/my_proj/lib/python3.9/site-packages/airflow/example_dags/example_bash_operator.py
[2025-04-23T04:41:26.482+0100] {processor.py:914} INFO - Processing file /Users/francisayanbadejo/venvs_projects/my_proj/lib/python3.9/site-packages/airflow/example_dags/example_bash_operator.py for tasks to queue
[2025-04-23T04:41:26.483+0100] {logging_mixin.py:190} INFO - [2025-04-23T04:41:26.483+0100] {dagbag.py:588} INFO - Filling up the DagBag from /Users/francisayanbadejo/venvs_projects/my_proj/lib/python3.9/site-packages/airflow/example_dags/example_bash_operator.py
[2025-04-23T04:41:26.487+0100] {processor.py:925} INFO - DAG(s) 'example_bash_operator' retrieved from /Users/francisayanbadejo/venvs_projects/my_proj/lib/python3.9/site-packages/airflow/example_dags/example_bash_operator.py
[2025-04-23T04:41:26.521+0100] {logging_mixin.py:190} INFO - [2025-04-23T04:41:26.521+0100] {dag.py:3239} INFO - Sync 1 DAGs
[2025-04-23T04:41:26.526+0100] {logging_mixin.py:190} INFO - [2025-04-23T04:41:26.526+0100] {dag.py:4180} INFO - Setting next_dagrun for example_bash_operator to 2025-04-22 00:00:00+00:00, run_after=2025-04-23 00:00:00+00:00
[2025-04-23T04:41:26.532+0100] {processor.py:208} INFO - Processing /Users/francisayanbadejo/venvs_projects/my_proj/lib/python3.9/site-packages/airflow/example_dags/example_bash_operator.py took 0.053 seconds
[2025-04-23T04:43:12.859+0100] {processor.py:186} INFO - Started process (PID=72963) to work on /Users/francisayanbadejo/venvs_projects/my_proj/lib/python3.9/site-packages/airflow/example_dags/example_bash_operator.py
[2025-04-23T04:43:12.860+0100] {processor.py:914} INFO - Processing file /Users/francisayanbadejo/venvs_projects/my_proj/lib/python3.9/site-packages/airflow/example_dags/example_bash_operator.py for tasks to queue
[2025-04-23T04:43:12.861+0100] {logging_mixin.py:190} INFO - [2025-04-23T04:43:12.861+0100] {dagbag.py:588} INFO - Filling up the DagBag from /Users/francisayanbadejo/venvs_projects/my_proj/lib/python3.9/site-packages/airflow/example_dags/example_bash_operator.py
[2025-04-23T04:43:12.865+0100] {processor.py:925} INFO - DAG(s) 'example_bash_operator' retrieved from /Users/francisayanbadejo/venvs_projects/my_proj/lib/python3.9/site-packages/airflow/example_dags/example_bash_operator.py
[2025-04-23T04:43:12.898+0100] {logging_mixin.py:190} INFO - [2025-04-23T04:43:12.898+0100] {dag.py:3239} INFO - Sync 1 DAGs
[2025-04-23T04:43:12.903+0100] {logging_mixin.py:190} INFO - [2025-04-23T04:43:12.903+0100] {dag.py:4180} INFO - Setting next_dagrun for example_bash_operator to 2025-04-22 00:00:00+00:00, run_after=2025-04-23 00:00:00+00:00
[2025-04-23T04:43:12.908+0100] {processor.py:208} INFO - Processing /Users/francisayanbadejo/venvs_projects/my_proj/lib/python3.9/site-packages/airflow/example_dags/example_bash_operator.py took 0.051 seconds
[2025-04-23T04:44:57.974+0100] {processor.py:186} INFO - Started process (PID=73141) to work on /Users/francisayanbadejo/venvs_projects/my_proj/lib/python3.9/site-packages/airflow/example_dags/example_bash_operator.py
[2025-04-23T04:44:57.976+0100] {processor.py:914} INFO - Processing file /Users/francisayanbadejo/venvs_projects/my_proj/lib/python3.9/site-packages/airflow/example_dags/example_bash_operator.py for tasks to queue
[2025-04-23T04:44:57.977+0100] {logging_mixin.py:190} INFO - [2025-04-23T04:44:57.977+0100] {dagbag.py:588} INFO - Filling up the DagBag from /Users/francisayanbadejo/venvs_projects/my_proj/lib/python3.9/site-packages/airflow/example_dags/example_bash_operator.py
[2025-04-23T04:44:57.981+0100] {processor.py:925} INFO - DAG(s) 'example_bash_operator' retrieved from /Users/francisayanbadejo/venvs_projects/my_proj/lib/python3.9/site-packages/airflow/example_dags/example_bash_operator.py
[2025-04-23T04:44:58.014+0100] {logging_mixin.py:190} INFO - [2025-04-23T04:44:58.014+0100] {dag.py:3239} INFO - Sync 1 DAGs
[2025-04-23T04:44:58.020+0100] {logging_mixin.py:190} INFO - [2025-04-23T04:44:58.020+0100] {dag.py:4180} INFO - Setting next_dagrun for example_bash_operator to 2025-04-22 00:00:00+00:00, run_after=2025-04-23 00:00:00+00:00
[2025-04-23T04:44:58.025+0100] {processor.py:208} INFO - Processing /Users/francisayanbadejo/venvs_projects/my_proj/lib/python3.9/site-packages/airflow/example_dags/example_bash_operator.py took 0.052 seconds
[2025-04-23T04:46:43.561+0100] {processor.py:186} INFO - Started process (PID=73317) to work on /Users/francisayanbadejo/venvs_projects/my_proj/lib/python3.9/site-packages/airflow/example_dags/example_bash_operator.py
[2025-04-23T04:46:43.563+0100] {processor.py:914} INFO - Processing file /Users/francisayanbadejo/venvs_projects/my_proj/lib/python3.9/site-packages/airflow/example_dags/example_bash_operator.py for tasks to queue
[2025-04-23T04:46:43.564+0100] {logging_mixin.py:190} INFO - [2025-04-23T04:46:43.564+0100] {dagbag.py:588} INFO - Filling up the DagBag from /Users/francisayanbadejo/venvs_projects/my_proj/lib/python3.9/site-packages/airflow/example_dags/example_bash_operator.py
[2025-04-23T04:46:43.567+0100] {processor.py:925} INFO - DAG(s) 'example_bash_operator' retrieved from /Users/francisayanbadejo/venvs_projects/my_proj/lib/python3.9/site-packages/airflow/example_dags/example_bash_operator.py
[2025-04-23T04:46:43.601+0100] {logging_mixin.py:190} INFO - [2025-04-23T04:46:43.601+0100] {dag.py:3239} INFO - Sync 1 DAGs
[2025-04-23T04:46:43.607+0100] {logging_mixin.py:190} INFO - [2025-04-23T04:46:43.607+0100] {dag.py:4180} INFO - Setting next_dagrun for example_bash_operator to 2025-04-22 00:00:00+00:00, run_after=2025-04-23 00:00:00+00:00
[2025-04-23T04:46:43.612+0100] {processor.py:208} INFO - Processing /Users/francisayanbadejo/venvs_projects/my_proj/lib/python3.9/site-packages/airflow/example_dags/example_bash_operator.py took 0.052 seconds
[2025-04-23T04:48:33.358+0100] {processor.py:186} INFO - Started process (PID=73473) to work on /Users/francisayanbadejo/venvs_projects/my_proj/lib/python3.9/site-packages/airflow/example_dags/example_bash_operator.py
[2025-04-23T04:48:33.359+0100] {processor.py:914} INFO - Processing file /Users/francisayanbadejo/venvs_projects/my_proj/lib/python3.9/site-packages/airflow/example_dags/example_bash_operator.py for tasks to queue
[2025-04-23T04:48:33.360+0100] {logging_mixin.py:190} INFO - [2025-04-23T04:48:33.360+0100] {dagbag.py:588} INFO - Filling up the DagBag from /Users/francisayanbadejo/venvs_projects/my_proj/lib/python3.9/site-packages/airflow/example_dags/example_bash_operator.py
[2025-04-23T04:48:33.364+0100] {processor.py:925} INFO - DAG(s) 'example_bash_operator' retrieved from /Users/francisayanbadejo/venvs_projects/my_proj/lib/python3.9/site-packages/airflow/example_dags/example_bash_operator.py
[2025-04-23T04:48:33.396+0100] {logging_mixin.py:190} INFO - [2025-04-23T04:48:33.396+0100] {dag.py:3239} INFO - Sync 1 DAGs
[2025-04-23T04:48:33.402+0100] {logging_mixin.py:190} INFO - [2025-04-23T04:48:33.401+0100] {dag.py:4180} INFO - Setting next_dagrun for example_bash_operator to 2025-04-22 00:00:00+00:00, run_after=2025-04-23 00:00:00+00:00
[2025-04-23T04:48:33.407+0100] {processor.py:208} INFO - Processing /Users/francisayanbadejo/venvs_projects/my_proj/lib/python3.9/site-packages/airflow/example_dags/example_bash_operator.py took 0.050 seconds
[2025-04-23T04:50:23.604+0100] {processor.py:186} INFO - Started process (PID=73632) to work on /Users/francisayanbadejo/venvs_projects/my_proj/lib/python3.9/site-packages/airflow/example_dags/example_bash_operator.py
[2025-04-23T04:50:23.606+0100] {processor.py:914} INFO - Processing file /Users/francisayanbadejo/venvs_projects/my_proj/lib/python3.9/site-packages/airflow/example_dags/example_bash_operator.py for tasks to queue
[2025-04-23T04:50:23.607+0100] {logging_mixin.py:190} INFO - [2025-04-23T04:50:23.607+0100] {dagbag.py:588} INFO - Filling up the DagBag from /Users/francisayanbadejo/venvs_projects/my_proj/lib/python3.9/site-packages/airflow/example_dags/example_bash_operator.py
[2025-04-23T04:50:23.610+0100] {processor.py:925} INFO - DAG(s) 'example_bash_operator' retrieved from /Users/francisayanbadejo/venvs_projects/my_proj/lib/python3.9/site-packages/airflow/example_dags/example_bash_operator.py
[2025-04-23T04:50:23.644+0100] {logging_mixin.py:190} INFO - [2025-04-23T04:50:23.644+0100] {dag.py:3239} INFO - Sync 1 DAGs
[2025-04-23T04:50:23.649+0100] {logging_mixin.py:190} INFO - [2025-04-23T04:50:23.649+0100] {dag.py:4180} INFO - Setting next_dagrun for example_bash_operator to 2025-04-22 00:00:00+00:00, run_after=2025-04-23 00:00:00+00:00
[2025-04-23T04:50:23.655+0100] {processor.py:208} INFO - Processing /Users/francisayanbadejo/venvs_projects/my_proj/lib/python3.9/site-packages/airflow/example_dags/example_bash_operator.py took 0.051 seconds
[2025-04-23T04:52:14.958+0100] {processor.py:186} INFO - Started process (PID=73806) to work on /Users/francisayanbadejo/venvs_projects/my_proj/lib/python3.9/site-packages/airflow/example_dags/example_bash_operator.py
[2025-04-23T04:52:14.959+0100] {processor.py:914} INFO - Processing file /Users/francisayanbadejo/venvs_projects/my_proj/lib/python3.9/site-packages/airflow/example_dags/example_bash_operator.py for tasks to queue
[2025-04-23T04:52:14.960+0100] {logging_mixin.py:190} INFO - [2025-04-23T04:52:14.960+0100] {dagbag.py:588} INFO - Filling up the DagBag from /Users/francisayanbadejo/venvs_projects/my_proj/lib/python3.9/site-packages/airflow/example_dags/example_bash_operator.py
[2025-04-23T04:52:14.964+0100] {processor.py:925} INFO - DAG(s) 'example_bash_operator' retrieved from /Users/francisayanbadejo/venvs_projects/my_proj/lib/python3.9/site-packages/airflow/example_dags/example_bash_operator.py
[2025-04-23T04:52:14.998+0100] {logging_mixin.py:190} INFO - [2025-04-23T04:52:14.998+0100] {dag.py:3239} INFO - Sync 1 DAGs
[2025-04-23T04:52:15.004+0100] {logging_mixin.py:190} INFO - [2025-04-23T04:52:15.003+0100] {dag.py:4180} INFO - Setting next_dagrun for example_bash_operator to 2025-04-22 00:00:00+00:00, run_after=2025-04-23 00:00:00+00:00
[2025-04-23T04:52:15.010+0100] {processor.py:208} INFO - Processing /Users/francisayanbadejo/venvs_projects/my_proj/lib/python3.9/site-packages/airflow/example_dags/example_bash_operator.py took 0.053 seconds
[2025-04-23T04:54:15.044+0100] {processor.py:186} INFO - Started process (PID=74107) to work on /Users/francisayanbadejo/venvs_projects/my_proj/lib/python3.9/site-packages/airflow/example_dags/example_bash_operator.py
[2025-04-23T04:54:15.046+0100] {processor.py:914} INFO - Processing file /Users/francisayanbadejo/venvs_projects/my_proj/lib/python3.9/site-packages/airflow/example_dags/example_bash_operator.py for tasks to queue
[2025-04-23T04:54:15.047+0100] {logging_mixin.py:190} INFO - [2025-04-23T04:54:15.047+0100] {dagbag.py:588} INFO - Filling up the DagBag from /Users/francisayanbadejo/venvs_projects/my_proj/lib/python3.9/site-packages/airflow/example_dags/example_bash_operator.py
[2025-04-23T04:54:15.051+0100] {processor.py:925} INFO - DAG(s) 'example_bash_operator' retrieved from /Users/francisayanbadejo/venvs_projects/my_proj/lib/python3.9/site-packages/airflow/example_dags/example_bash_operator.py
[2025-04-23T04:54:15.086+0100] {logging_mixin.py:190} INFO - [2025-04-23T04:54:15.086+0100] {dag.py:3239} INFO - Sync 1 DAGs
[2025-04-23T04:54:15.091+0100] {logging_mixin.py:190} INFO - [2025-04-23T04:54:15.091+0100] {dag.py:4180} INFO - Setting next_dagrun for example_bash_operator to 2025-04-22 00:00:00+00:00, run_after=2025-04-23 00:00:00+00:00
[2025-04-23T04:54:15.096+0100] {processor.py:208} INFO - Processing /Users/francisayanbadejo/venvs_projects/my_proj/lib/python3.9/site-packages/airflow/example_dags/example_bash_operator.py took 0.054 seconds
[2025-04-23T04:56:07.845+0100] {processor.py:186} INFO - Started process (PID=74351) to work on /Users/francisayanbadejo/venvs_projects/my_proj/lib/python3.9/site-packages/airflow/example_dags/example_bash_operator.py
[2025-04-23T04:56:07.846+0100] {processor.py:914} INFO - Processing file /Users/francisayanbadejo/venvs_projects/my_proj/lib/python3.9/site-packages/airflow/example_dags/example_bash_operator.py for tasks to queue
[2025-04-23T04:56:07.846+0100] {logging_mixin.py:190} INFO - [2025-04-23T04:56:07.846+0100] {dagbag.py:588} INFO - Filling up the DagBag from /Users/francisayanbadejo/venvs_projects/my_proj/lib/python3.9/site-packages/airflow/example_dags/example_bash_operator.py
[2025-04-23T04:56:07.850+0100] {processor.py:925} INFO - DAG(s) 'example_bash_operator' retrieved from /Users/francisayanbadejo/venvs_projects/my_proj/lib/python3.9/site-packages/airflow/example_dags/example_bash_operator.py
[2025-04-23T04:56:07.884+0100] {logging_mixin.py:190} INFO - [2025-04-23T04:56:07.884+0100] {dag.py:3239} INFO - Sync 1 DAGs
[2025-04-23T04:56:07.889+0100] {logging_mixin.py:190} INFO - [2025-04-23T04:56:07.889+0100] {dag.py:4180} INFO - Setting next_dagrun for example_bash_operator to 2025-04-22 00:00:00+00:00, run_after=2025-04-23 00:00:00+00:00
[2025-04-23T04:56:07.895+0100] {processor.py:208} INFO - Processing /Users/francisayanbadejo/venvs_projects/my_proj/lib/python3.9/site-packages/airflow/example_dags/example_bash_operator.py took 0.051 seconds
[2025-04-23T04:58:00.027+0100] {processor.py:186} INFO - Started process (PID=74670) to work on /Users/francisayanbadejo/venvs_projects/my_proj/lib/python3.9/site-packages/airflow/example_dags/example_bash_operator.py
[2025-04-23T04:58:00.028+0100] {processor.py:914} INFO - Processing file /Users/francisayanbadejo/venvs_projects/my_proj/lib/python3.9/site-packages/airflow/example_dags/example_bash_operator.py for tasks to queue
[2025-04-23T04:58:00.028+0100] {logging_mixin.py:190} INFO - [2025-04-23T04:58:00.028+0100] {dagbag.py:588} INFO - Filling up the DagBag from /Users/francisayanbadejo/venvs_projects/my_proj/lib/python3.9/site-packages/airflow/example_dags/example_bash_operator.py
[2025-04-23T04:58:00.033+0100] {processor.py:925} INFO - DAG(s) 'example_bash_operator' retrieved from /Users/francisayanbadejo/venvs_projects/my_proj/lib/python3.9/site-packages/airflow/example_dags/example_bash_operator.py
[2025-04-23T04:58:00.069+0100] {logging_mixin.py:190} INFO - [2025-04-23T04:58:00.069+0100] {dag.py:3239} INFO - Sync 1 DAGs
[2025-04-23T04:58:00.075+0100] {logging_mixin.py:190} INFO - [2025-04-23T04:58:00.075+0100] {dag.py:4180} INFO - Setting next_dagrun for example_bash_operator to 2025-04-22 00:00:00+00:00, run_after=2025-04-23 00:00:00+00:00
[2025-04-23T04:58:00.080+0100] {processor.py:208} INFO - Processing /Users/francisayanbadejo/venvs_projects/my_proj/lib/python3.9/site-packages/airflow/example_dags/example_bash_operator.py took 0.055 seconds
[2025-04-23T04:59:48.402+0100] {processor.py:186} INFO - Started process (PID=74912) to work on /Users/francisayanbadejo/venvs_projects/my_proj/lib/python3.9/site-packages/airflow/example_dags/example_bash_operator.py
[2025-04-23T04:59:48.404+0100] {processor.py:914} INFO - Processing file /Users/francisayanbadejo/venvs_projects/my_proj/lib/python3.9/site-packages/airflow/example_dags/example_bash_operator.py for tasks to queue
[2025-04-23T04:59:48.404+0100] {logging_mixin.py:190} INFO - [2025-04-23T04:59:48.404+0100] {dagbag.py:588} INFO - Filling up the DagBag from /Users/francisayanbadejo/venvs_projects/my_proj/lib/python3.9/site-packages/airflow/example_dags/example_bash_operator.py
[2025-04-23T04:59:48.408+0100] {processor.py:925} INFO - DAG(s) 'example_bash_operator' retrieved from /Users/francisayanbadejo/venvs_projects/my_proj/lib/python3.9/site-packages/airflow/example_dags/example_bash_operator.py
[2025-04-23T04:59:48.442+0100] {logging_mixin.py:190} INFO - [2025-04-23T04:59:48.442+0100] {dag.py:3239} INFO - Sync 1 DAGs
[2025-04-23T04:59:48.447+0100] {logging_mixin.py:190} INFO - [2025-04-23T04:59:48.447+0100] {dag.py:4180} INFO - Setting next_dagrun for example_bash_operator to 2025-04-22 00:00:00+00:00, run_after=2025-04-23 00:00:00+00:00
[2025-04-23T04:59:48.452+0100] {processor.py:208} INFO - Processing /Users/francisayanbadejo/venvs_projects/my_proj/lib/python3.9/site-packages/airflow/example_dags/example_bash_operator.py took 0.051 seconds
[2025-04-23T05:01:36.530+0100] {processor.py:186} INFO - Started process (PID=75147) to work on /Users/francisayanbadejo/venvs_projects/my_proj/lib/python3.9/site-packages/airflow/example_dags/example_bash_operator.py
[2025-04-23T05:01:36.531+0100] {processor.py:914} INFO - Processing file /Users/francisayanbadejo/venvs_projects/my_proj/lib/python3.9/site-packages/airflow/example_dags/example_bash_operator.py for tasks to queue
[2025-04-23T05:01:36.532+0100] {logging_mixin.py:190} INFO - [2025-04-23T05:01:36.532+0100] {dagbag.py:588} INFO - Filling up the DagBag from /Users/francisayanbadejo/venvs_projects/my_proj/lib/python3.9/site-packages/airflow/example_dags/example_bash_operator.py
[2025-04-23T05:01:36.536+0100] {processor.py:925} INFO - DAG(s) 'example_bash_operator' retrieved from /Users/francisayanbadejo/venvs_projects/my_proj/lib/python3.9/site-packages/airflow/example_dags/example_bash_operator.py
[2025-04-23T05:01:36.571+0100] {logging_mixin.py:190} INFO - [2025-04-23T05:01:36.570+0100] {dag.py:3239} INFO - Sync 1 DAGs
[2025-04-23T05:01:36.576+0100] {logging_mixin.py:190} INFO - [2025-04-23T05:01:36.576+0100] {dag.py:4180} INFO - Setting next_dagrun for example_bash_operator to 2025-04-22 00:00:00+00:00, run_after=2025-04-23 00:00:00+00:00
[2025-04-23T05:01:36.582+0100] {processor.py:208} INFO - Processing /Users/francisayanbadejo/venvs_projects/my_proj/lib/python3.9/site-packages/airflow/example_dags/example_bash_operator.py took 0.053 seconds
[2025-04-23T05:03:29.000+0100] {processor.py:186} INFO - Started process (PID=75397) to work on /Users/francisayanbadejo/venvs_projects/my_proj/lib/python3.9/site-packages/airflow/example_dags/example_bash_operator.py
[2025-04-23T05:03:29.001+0100] {processor.py:914} INFO - Processing file /Users/francisayanbadejo/venvs_projects/my_proj/lib/python3.9/site-packages/airflow/example_dags/example_bash_operator.py for tasks to queue
[2025-04-23T05:03:29.002+0100] {logging_mixin.py:190} INFO - [2025-04-23T05:03:29.002+0100] {dagbag.py:588} INFO - Filling up the DagBag from /Users/francisayanbadejo/venvs_projects/my_proj/lib/python3.9/site-packages/airflow/example_dags/example_bash_operator.py
[2025-04-23T05:03:29.006+0100] {processor.py:925} INFO - DAG(s) 'example_bash_operator' retrieved from /Users/francisayanbadejo/venvs_projects/my_proj/lib/python3.9/site-packages/airflow/example_dags/example_bash_operator.py
[2025-04-23T05:03:29.040+0100] {logging_mixin.py:190} INFO - [2025-04-23T05:03:29.040+0100] {dag.py:3239} INFO - Sync 1 DAGs
[2025-04-23T05:03:29.046+0100] {logging_mixin.py:190} INFO - [2025-04-23T05:03:29.046+0100] {dag.py:4180} INFO - Setting next_dagrun for example_bash_operator to 2025-04-22 00:00:00+00:00, run_after=2025-04-23 00:00:00+00:00
[2025-04-23T05:03:29.051+0100] {processor.py:208} INFO - Processing /Users/francisayanbadejo/venvs_projects/my_proj/lib/python3.9/site-packages/airflow/example_dags/example_bash_operator.py took 0.053 seconds
[2025-04-23T05:05:19.980+0100] {processor.py:186} INFO - Started process (PID=75647) to work on /Users/francisayanbadejo/venvs_projects/my_proj/lib/python3.9/site-packages/airflow/example_dags/example_bash_operator.py
[2025-04-23T05:05:19.981+0100] {processor.py:914} INFO - Processing file /Users/francisayanbadejo/venvs_projects/my_proj/lib/python3.9/site-packages/airflow/example_dags/example_bash_operator.py for tasks to queue
[2025-04-23T05:05:19.981+0100] {logging_mixin.py:190} INFO - [2025-04-23T05:05:19.981+0100] {dagbag.py:588} INFO - Filling up the DagBag from /Users/francisayanbadejo/venvs_projects/my_proj/lib/python3.9/site-packages/airflow/example_dags/example_bash_operator.py
[2025-04-23T05:05:19.985+0100] {processor.py:925} INFO - DAG(s) 'example_bash_operator' retrieved from /Users/francisayanbadejo/venvs_projects/my_proj/lib/python3.9/site-packages/airflow/example_dags/example_bash_operator.py
[2025-04-23T05:05:20.018+0100] {logging_mixin.py:190} INFO - [2025-04-23T05:05:20.018+0100] {dag.py:3239} INFO - Sync 1 DAGs
[2025-04-23T05:05:20.024+0100] {logging_mixin.py:190} INFO - [2025-04-23T05:05:20.024+0100] {dag.py:4180} INFO - Setting next_dagrun for example_bash_operator to 2025-04-22 00:00:00+00:00, run_after=2025-04-23 00:00:00+00:00
[2025-04-23T05:05:20.029+0100] {processor.py:208} INFO - Processing /Users/francisayanbadejo/venvs_projects/my_proj/lib/python3.9/site-packages/airflow/example_dags/example_bash_operator.py took 0.051 seconds
[2025-04-23T05:07:07.447+0100] {processor.py:186} INFO - Started process (PID=75885) to work on /Users/francisayanbadejo/venvs_projects/my_proj/lib/python3.9/site-packages/airflow/example_dags/example_bash_operator.py
[2025-04-23T05:07:07.448+0100] {processor.py:914} INFO - Processing file /Users/francisayanbadejo/venvs_projects/my_proj/lib/python3.9/site-packages/airflow/example_dags/example_bash_operator.py for tasks to queue
[2025-04-23T05:07:07.449+0100] {logging_mixin.py:190} INFO - [2025-04-23T05:07:07.449+0100] {dagbag.py:588} INFO - Filling up the DagBag from /Users/francisayanbadejo/venvs_projects/my_proj/lib/python3.9/site-packages/airflow/example_dags/example_bash_operator.py
[2025-04-23T05:07:07.453+0100] {processor.py:925} INFO - DAG(s) 'example_bash_operator' retrieved from /Users/francisayanbadejo/venvs_projects/my_proj/lib/python3.9/site-packages/airflow/example_dags/example_bash_operator.py
[2025-04-23T05:07:07.492+0100] {logging_mixin.py:190} INFO - [2025-04-23T05:07:07.492+0100] {dag.py:3239} INFO - Sync 1 DAGs
[2025-04-23T05:07:07.498+0100] {logging_mixin.py:190} INFO - [2025-04-23T05:07:07.498+0100] {dag.py:4180} INFO - Setting next_dagrun for example_bash_operator to 2025-04-22 00:00:00+00:00, run_after=2025-04-23 00:00:00+00:00
[2025-04-23T05:07:07.503+0100] {processor.py:208} INFO - Processing /Users/francisayanbadejo/venvs_projects/my_proj/lib/python3.9/site-packages/airflow/example_dags/example_bash_operator.py took 0.058 seconds
[2025-04-23T05:09:03.110+0100] {processor.py:186} INFO - Started process (PID=76341) to work on /Users/francisayanbadejo/venvs_projects/my_proj/lib/python3.9/site-packages/airflow/example_dags/example_bash_operator.py
[2025-04-23T05:09:03.111+0100] {processor.py:914} INFO - Processing file /Users/francisayanbadejo/venvs_projects/my_proj/lib/python3.9/site-packages/airflow/example_dags/example_bash_operator.py for tasks to queue
[2025-04-23T05:09:03.112+0100] {logging_mixin.py:190} INFO - [2025-04-23T05:09:03.112+0100] {dagbag.py:588} INFO - Filling up the DagBag from /Users/francisayanbadejo/venvs_projects/my_proj/lib/python3.9/site-packages/airflow/example_dags/example_bash_operator.py
[2025-04-23T05:09:03.116+0100] {processor.py:925} INFO - DAG(s) 'example_bash_operator' retrieved from /Users/francisayanbadejo/venvs_projects/my_proj/lib/python3.9/site-packages/airflow/example_dags/example_bash_operator.py
[2025-04-23T05:09:03.150+0100] {logging_mixin.py:190} INFO - [2025-04-23T05:09:03.150+0100] {dag.py:3239} INFO - Sync 1 DAGs
[2025-04-23T05:09:03.156+0100] {logging_mixin.py:190} INFO - [2025-04-23T05:09:03.156+0100] {dag.py:4180} INFO - Setting next_dagrun for example_bash_operator to 2025-04-22 00:00:00+00:00, run_after=2025-04-23 00:00:00+00:00
[2025-04-23T05:09:03.161+0100] {processor.py:208} INFO - Processing /Users/francisayanbadejo/venvs_projects/my_proj/lib/python3.9/site-packages/airflow/example_dags/example_bash_operator.py took 0.053 seconds
[2025-04-23T05:19:40.413+0100] {processor.py:186} INFO - Started process (PID=77427) to work on /Users/francisayanbadejo/venvs_projects/my_proj/lib/python3.9/site-packages/airflow/example_dags/example_bash_operator.py
[2025-04-23T05:19:40.415+0100] {processor.py:914} INFO - Processing file /Users/francisayanbadejo/venvs_projects/my_proj/lib/python3.9/site-packages/airflow/example_dags/example_bash_operator.py for tasks to queue
[2025-04-23T05:19:40.416+0100] {logging_mixin.py:190} INFO - [2025-04-23T05:19:40.416+0100] {dagbag.py:588} INFO - Filling up the DagBag from /Users/francisayanbadejo/venvs_projects/my_proj/lib/python3.9/site-packages/airflow/example_dags/example_bash_operator.py
[2025-04-23T05:19:40.421+0100] {processor.py:925} INFO - DAG(s) 'example_bash_operator' retrieved from /Users/francisayanbadejo/venvs_projects/my_proj/lib/python3.9/site-packages/airflow/example_dags/example_bash_operator.py
[2025-04-23T05:19:40.457+0100] {logging_mixin.py:190} INFO - [2025-04-23T05:19:40.457+0100] {dag.py:3239} INFO - Sync 1 DAGs
[2025-04-23T05:19:40.464+0100] {logging_mixin.py:190} INFO - [2025-04-23T05:19:40.464+0100] {dag.py:4180} INFO - Setting next_dagrun for example_bash_operator to 2025-04-22 00:00:00+00:00, run_after=2025-04-23 00:00:00+00:00
[2025-04-23T05:19:40.470+0100] {processor.py:208} INFO - Processing /Users/francisayanbadejo/venvs_projects/my_proj/lib/python3.9/site-packages/airflow/example_dags/example_bash_operator.py took 0.058 seconds
