[2025-04-23T03:41:33.269+0100] {processor.py:186} INFO - Started process (PID=63418) to work on /Users/francisayanbadejo/venvs_projects/my_proj/lib/python3.9/site-packages/airflow/example_dags/example_params_trigger_ui.py
[2025-04-23T03:41:33.270+0100] {processor.py:914} INFO - Processing file /Users/francisayanbadejo/venvs_projects/my_proj/lib/python3.9/site-packages/airflow/example_dags/example_params_trigger_ui.py for tasks to queue
[2025-04-23T03:41:33.271+0100] {logging_mixin.py:190} INFO - [2025-04-23T03:41:33.271+0100] {dagbag.py:588} INFO - Filling up the DagBag from /Users/francisayanbadejo/venvs_projects/my_proj/lib/python3.9/site-packages/airflow/example_dags/example_params_trigger_ui.py
[2025-04-23T03:41:33.281+0100] {processor.py:925} INFO - DAG(s) 'example_params_trigger_ui' retrieved from /Users/francisayanbadejo/venvs_projects/my_proj/lib/python3.9/site-packages/airflow/example_dags/example_params_trigger_ui.py
[2025-04-23T03:41:33.343+0100] {logging_mixin.py:190} INFO - [2025-04-23T03:41:33.343+0100] {override.py:1930} INFO - Created Permission View: can edit on DAG:example_params_trigger_ui
[2025-04-23T03:41:33.345+0100] {logging_mixin.py:190} INFO - [2025-04-23T03:41:33.345+0100] {override.py:1930} INFO - Created Permission View: can delete on DAG:example_params_trigger_ui
[2025-04-23T03:41:33.346+0100] {logging_mixin.py:190} INFO - [2025-04-23T03:41:33.346+0100] {override.py:1930} INFO - Created Permission View: can read on DAG:example_params_trigger_ui
[2025-04-23T03:41:33.348+0100] {logging_mixin.py:190} INFO - [2025-04-23T03:41:33.348+0100] {override.py:1930} INFO - Created Permission View: can delete on DAG Run:example_params_trigger_ui
[2025-04-23T03:41:33.349+0100] {logging_mixin.py:190} INFO - [2025-04-23T03:41:33.349+0100] {override.py:1930} INFO - Created Permission View: can read on DAG Run:example_params_trigger_ui
[2025-04-23T03:41:33.351+0100] {logging_mixin.py:190} INFO - [2025-04-23T03:41:33.351+0100] {override.py:1930} INFO - Created Permission View: can create on DAG Run:example_params_trigger_ui
[2025-04-23T03:41:33.353+0100] {logging_mixin.py:190} INFO - [2025-04-23T03:41:33.353+0100] {override.py:1930} INFO - Created Permission View: menu access on DAG Run:example_params_trigger_ui
[2025-04-23T03:41:33.353+0100] {logging_mixin.py:190} INFO - [2025-04-23T03:41:33.353+0100] {dag.py:3239} INFO - Sync 1 DAGs
[2025-04-23T03:41:33.357+0100] {logging_mixin.py:190} INFO - [2025-04-23T03:41:33.357+0100] {dag.py:3262} INFO - Creating ORM DAG for example_params_trigger_ui
[2025-04-23T03:41:33.357+0100] {logging_mixin.py:190} INFO - [2025-04-23T03:41:33.357+0100] {dag.py:4180} INFO - Setting next_dagrun for example_params_trigger_ui to None, run_after=None
[2025-04-23T03:41:33.363+0100] {processor.py:208} INFO - Processing /Users/francisayanbadejo/venvs_projects/my_proj/lib/python3.9/site-packages/airflow/example_dags/example_params_trigger_ui.py took 0.095 seconds
[2025-04-23T03:44:57.091+0100] {processor.py:186} INFO - Started process (PID=64337) to work on /Users/francisayanbadejo/venvs_projects/my_proj/lib/python3.9/site-packages/airflow/example_dags/example_params_trigger_ui.py
[2025-04-23T03:44:57.092+0100] {processor.py:914} INFO - Processing file /Users/francisayanbadejo/venvs_projects/my_proj/lib/python3.9/site-packages/airflow/example_dags/example_params_trigger_ui.py for tasks to queue
[2025-04-23T03:44:57.093+0100] {logging_mixin.py:190} INFO - [2025-04-23T03:44:57.093+0100] {dagbag.py:588} INFO - Filling up the DagBag from /Users/francisayanbadejo/venvs_projects/my_proj/lib/python3.9/site-packages/airflow/example_dags/example_params_trigger_ui.py
[2025-04-23T03:44:57.103+0100] {processor.py:925} INFO - DAG(s) 'example_params_trigger_ui' retrieved from /Users/francisayanbadejo/venvs_projects/my_proj/lib/python3.9/site-packages/airflow/example_dags/example_params_trigger_ui.py
[2025-04-23T03:44:57.143+0100] {logging_mixin.py:190} INFO - [2025-04-23T03:44:57.142+0100] {dag.py:3239} INFO - Sync 1 DAGs
[2025-04-23T03:44:57.146+0100] {logging_mixin.py:190} INFO - [2025-04-23T03:44:57.146+0100] {dag.py:4180} INFO - Setting next_dagrun for example_params_trigger_ui to None, run_after=None
[2025-04-23T03:44:57.151+0100] {processor.py:208} INFO - Processing /Users/francisayanbadejo/venvs_projects/my_proj/lib/python3.9/site-packages/airflow/example_dags/example_params_trigger_ui.py took 0.061 seconds
[2025-04-23T03:46:24.164+0100] {processor.py:186} INFO - Started process (PID=64530) to work on /Users/francisayanbadejo/venvs_projects/my_proj/lib/python3.9/site-packages/airflow/example_dags/example_params_trigger_ui.py
[2025-04-23T03:46:24.165+0100] {processor.py:914} INFO - Processing file /Users/francisayanbadejo/venvs_projects/my_proj/lib/python3.9/site-packages/airflow/example_dags/example_params_trigger_ui.py for tasks to queue
[2025-04-23T03:46:24.166+0100] {logging_mixin.py:190} INFO - [2025-04-23T03:46:24.166+0100] {dagbag.py:588} INFO - Filling up the DagBag from /Users/francisayanbadejo/venvs_projects/my_proj/lib/python3.9/site-packages/airflow/example_dags/example_params_trigger_ui.py
[2025-04-23T03:46:24.176+0100] {processor.py:925} INFO - DAG(s) 'example_params_trigger_ui' retrieved from /Users/francisayanbadejo/venvs_projects/my_proj/lib/python3.9/site-packages/airflow/example_dags/example_params_trigger_ui.py
[2025-04-23T03:46:24.217+0100] {logging_mixin.py:190} INFO - [2025-04-23T03:46:24.216+0100] {dag.py:3239} INFO - Sync 1 DAGs
[2025-04-23T03:46:24.220+0100] {logging_mixin.py:190} INFO - [2025-04-23T03:46:24.220+0100] {dag.py:4180} INFO - Setting next_dagrun for example_params_trigger_ui to None, run_after=None
[2025-04-23T03:46:24.226+0100] {processor.py:208} INFO - Processing /Users/francisayanbadejo/venvs_projects/my_proj/lib/python3.9/site-packages/airflow/example_dags/example_params_trigger_ui.py took 0.063 seconds
[2025-04-23T03:48:13.204+0100] {processor.py:186} INFO - Started process (PID=64771) to work on /Users/francisayanbadejo/venvs_projects/my_proj/lib/python3.9/site-packages/airflow/example_dags/example_params_trigger_ui.py
[2025-04-23T03:48:13.205+0100] {processor.py:914} INFO - Processing file /Users/francisayanbadejo/venvs_projects/my_proj/lib/python3.9/site-packages/airflow/example_dags/example_params_trigger_ui.py for tasks to queue
[2025-04-23T03:48:13.206+0100] {logging_mixin.py:190} INFO - [2025-04-23T03:48:13.206+0100] {dagbag.py:588} INFO - Filling up the DagBag from /Users/francisayanbadejo/venvs_projects/my_proj/lib/python3.9/site-packages/airflow/example_dags/example_params_trigger_ui.py
[2025-04-23T03:48:13.216+0100] {processor.py:925} INFO - DAG(s) 'example_params_trigger_ui' retrieved from /Users/francisayanbadejo/venvs_projects/my_proj/lib/python3.9/site-packages/airflow/example_dags/example_params_trigger_ui.py
[2025-04-23T03:48:13.255+0100] {logging_mixin.py:190} INFO - [2025-04-23T03:48:13.255+0100] {dag.py:3239} INFO - Sync 1 DAGs
[2025-04-23T03:48:13.259+0100] {logging_mixin.py:190} INFO - [2025-04-23T03:48:13.259+0100] {dag.py:4180} INFO - Setting next_dagrun for example_params_trigger_ui to None, run_after=None
[2025-04-23T03:48:13.264+0100] {processor.py:208} INFO - Processing /Users/francisayanbadejo/venvs_projects/my_proj/lib/python3.9/site-packages/airflow/example_dags/example_params_trigger_ui.py took 0.061 seconds
[2025-04-23T03:50:05.217+0100] {processor.py:186} INFO - Started process (PID=65019) to work on /Users/francisayanbadejo/venvs_projects/my_proj/lib/python3.9/site-packages/airflow/example_dags/example_params_trigger_ui.py
[2025-04-23T03:50:05.218+0100] {processor.py:914} INFO - Processing file /Users/francisayanbadejo/venvs_projects/my_proj/lib/python3.9/site-packages/airflow/example_dags/example_params_trigger_ui.py for tasks to queue
[2025-04-23T03:50:05.218+0100] {logging_mixin.py:190} INFO - [2025-04-23T03:50:05.218+0100] {dagbag.py:588} INFO - Filling up the DagBag from /Users/francisayanbadejo/venvs_projects/my_proj/lib/python3.9/site-packages/airflow/example_dags/example_params_trigger_ui.py
[2025-04-23T03:50:05.229+0100] {processor.py:925} INFO - DAG(s) 'example_params_trigger_ui' retrieved from /Users/francisayanbadejo/venvs_projects/my_proj/lib/python3.9/site-packages/airflow/example_dags/example_params_trigger_ui.py
[2025-04-23T03:50:05.268+0100] {logging_mixin.py:190} INFO - [2025-04-23T03:50:05.267+0100] {dag.py:3239} INFO - Sync 1 DAGs
[2025-04-23T03:50:05.271+0100] {logging_mixin.py:190} INFO - [2025-04-23T03:50:05.271+0100] {dag.py:4180} INFO - Setting next_dagrun for example_params_trigger_ui to None, run_after=None
[2025-04-23T03:50:05.276+0100] {processor.py:208} INFO - Processing /Users/francisayanbadejo/venvs_projects/my_proj/lib/python3.9/site-packages/airflow/example_dags/example_params_trigger_ui.py took 0.061 seconds
[2025-04-23T03:51:57.059+0100] {processor.py:186} INFO - Started process (PID=65264) to work on /Users/francisayanbadejo/venvs_projects/my_proj/lib/python3.9/site-packages/airflow/example_dags/example_params_trigger_ui.py
[2025-04-23T03:51:57.060+0100] {processor.py:914} INFO - Processing file /Users/francisayanbadejo/venvs_projects/my_proj/lib/python3.9/site-packages/airflow/example_dags/example_params_trigger_ui.py for tasks to queue
[2025-04-23T03:51:57.061+0100] {logging_mixin.py:190} INFO - [2025-04-23T03:51:57.061+0100] {dagbag.py:588} INFO - Filling up the DagBag from /Users/francisayanbadejo/venvs_projects/my_proj/lib/python3.9/site-packages/airflow/example_dags/example_params_trigger_ui.py
[2025-04-23T03:51:57.071+0100] {processor.py:925} INFO - DAG(s) 'example_params_trigger_ui' retrieved from /Users/francisayanbadejo/venvs_projects/my_proj/lib/python3.9/site-packages/airflow/example_dags/example_params_trigger_ui.py
[2025-04-23T03:51:57.110+0100] {logging_mixin.py:190} INFO - [2025-04-23T03:51:57.110+0100] {dag.py:3239} INFO - Sync 1 DAGs
[2025-04-23T03:51:57.114+0100] {logging_mixin.py:190} INFO - [2025-04-23T03:51:57.114+0100] {dag.py:4180} INFO - Setting next_dagrun for example_params_trigger_ui to None, run_after=None
[2025-04-23T03:51:57.119+0100] {processor.py:208} INFO - Processing /Users/francisayanbadejo/venvs_projects/my_proj/lib/python3.9/site-packages/airflow/example_dags/example_params_trigger_ui.py took 0.062 seconds
[2025-04-23T03:53:54.428+0100] {processor.py:186} INFO - Started process (PID=65523) to work on /Users/francisayanbadejo/venvs_projects/my_proj/lib/python3.9/site-packages/airflow/example_dags/example_params_trigger_ui.py
[2025-04-23T03:53:54.430+0100] {processor.py:914} INFO - Processing file /Users/francisayanbadejo/venvs_projects/my_proj/lib/python3.9/site-packages/airflow/example_dags/example_params_trigger_ui.py for tasks to queue
[2025-04-23T03:53:54.430+0100] {logging_mixin.py:190} INFO - [2025-04-23T03:53:54.430+0100] {dagbag.py:588} INFO - Filling up the DagBag from /Users/francisayanbadejo/venvs_projects/my_proj/lib/python3.9/site-packages/airflow/example_dags/example_params_trigger_ui.py
[2025-04-23T03:53:54.441+0100] {processor.py:925} INFO - DAG(s) 'example_params_trigger_ui' retrieved from /Users/francisayanbadejo/venvs_projects/my_proj/lib/python3.9/site-packages/airflow/example_dags/example_params_trigger_ui.py
[2025-04-23T03:53:54.479+0100] {logging_mixin.py:190} INFO - [2025-04-23T03:53:54.479+0100] {dag.py:3239} INFO - Sync 1 DAGs
[2025-04-23T03:53:54.482+0100] {logging_mixin.py:190} INFO - [2025-04-23T03:53:54.482+0100] {dag.py:4180} INFO - Setting next_dagrun for example_params_trigger_ui to None, run_after=None
[2025-04-23T03:53:54.487+0100] {processor.py:208} INFO - Processing /Users/francisayanbadejo/venvs_projects/my_proj/lib/python3.9/site-packages/airflow/example_dags/example_params_trigger_ui.py took 0.060 seconds
[2025-04-23T03:55:52.897+0100] {processor.py:186} INFO - Started process (PID=65780) to work on /Users/francisayanbadejo/venvs_projects/my_proj/lib/python3.9/site-packages/airflow/example_dags/example_params_trigger_ui.py
[2025-04-23T03:55:52.899+0100] {processor.py:914} INFO - Processing file /Users/francisayanbadejo/venvs_projects/my_proj/lib/python3.9/site-packages/airflow/example_dags/example_params_trigger_ui.py for tasks to queue
[2025-04-23T03:55:52.900+0100] {logging_mixin.py:190} INFO - [2025-04-23T03:55:52.900+0100] {dagbag.py:588} INFO - Filling up the DagBag from /Users/francisayanbadejo/venvs_projects/my_proj/lib/python3.9/site-packages/airflow/example_dags/example_params_trigger_ui.py
[2025-04-23T03:55:52.911+0100] {processor.py:925} INFO - DAG(s) 'example_params_trigger_ui' retrieved from /Users/francisayanbadejo/venvs_projects/my_proj/lib/python3.9/site-packages/airflow/example_dags/example_params_trigger_ui.py
[2025-04-23T03:55:52.950+0100] {logging_mixin.py:190} INFO - [2025-04-23T03:55:52.950+0100] {dag.py:3239} INFO - Sync 1 DAGs
[2025-04-23T03:55:52.954+0100] {logging_mixin.py:190} INFO - [2025-04-23T03:55:52.954+0100] {dag.py:4180} INFO - Setting next_dagrun for example_params_trigger_ui to None, run_after=None
[2025-04-23T03:55:52.960+0100] {processor.py:208} INFO - Processing /Users/francisayanbadejo/venvs_projects/my_proj/lib/python3.9/site-packages/airflow/example_dags/example_params_trigger_ui.py took 0.063 seconds
[2025-04-23T03:57:48.694+0100] {processor.py:186} INFO - Started process (PID=66036) to work on /Users/francisayanbadejo/venvs_projects/my_proj/lib/python3.9/site-packages/airflow/example_dags/example_params_trigger_ui.py
[2025-04-23T03:57:48.695+0100] {processor.py:914} INFO - Processing file /Users/francisayanbadejo/venvs_projects/my_proj/lib/python3.9/site-packages/airflow/example_dags/example_params_trigger_ui.py for tasks to queue
[2025-04-23T03:57:48.695+0100] {logging_mixin.py:190} INFO - [2025-04-23T03:57:48.695+0100] {dagbag.py:588} INFO - Filling up the DagBag from /Users/francisayanbadejo/venvs_projects/my_proj/lib/python3.9/site-packages/airflow/example_dags/example_params_trigger_ui.py
[2025-04-23T03:57:48.706+0100] {processor.py:925} INFO - DAG(s) 'example_params_trigger_ui' retrieved from /Users/francisayanbadejo/venvs_projects/my_proj/lib/python3.9/site-packages/airflow/example_dags/example_params_trigger_ui.py
[2025-04-23T03:57:48.744+0100] {logging_mixin.py:190} INFO - [2025-04-23T03:57:48.744+0100] {dag.py:3239} INFO - Sync 1 DAGs
[2025-04-23T03:57:48.747+0100] {logging_mixin.py:190} INFO - [2025-04-23T03:57:48.747+0100] {dag.py:4180} INFO - Setting next_dagrun for example_params_trigger_ui to None, run_after=None
[2025-04-23T03:57:48.756+0100] {processor.py:208} INFO - Processing /Users/francisayanbadejo/venvs_projects/my_proj/lib/python3.9/site-packages/airflow/example_dags/example_params_trigger_ui.py took 0.063 seconds
[2025-04-23T03:59:57.286+0100] {processor.py:186} INFO - Started process (PID=66249) to work on /Users/francisayanbadejo/venvs_projects/my_proj/lib/python3.9/site-packages/airflow/example_dags/example_params_trigger_ui.py
[2025-04-23T03:59:57.287+0100] {processor.py:914} INFO - Processing file /Users/francisayanbadejo/venvs_projects/my_proj/lib/python3.9/site-packages/airflow/example_dags/example_params_trigger_ui.py for tasks to queue
[2025-04-23T03:59:57.287+0100] {logging_mixin.py:190} INFO - [2025-04-23T03:59:57.287+0100] {dagbag.py:588} INFO - Filling up the DagBag from /Users/francisayanbadejo/venvs_projects/my_proj/lib/python3.9/site-packages/airflow/example_dags/example_params_trigger_ui.py
[2025-04-23T03:59:57.299+0100] {processor.py:925} INFO - DAG(s) 'example_params_trigger_ui' retrieved from /Users/francisayanbadejo/venvs_projects/my_proj/lib/python3.9/site-packages/airflow/example_dags/example_params_trigger_ui.py
[2025-04-23T03:59:57.342+0100] {logging_mixin.py:190} INFO - [2025-04-23T03:59:57.341+0100] {dag.py:3239} INFO - Sync 1 DAGs
[2025-04-23T03:59:57.346+0100] {logging_mixin.py:190} INFO - [2025-04-23T03:59:57.346+0100] {dag.py:4180} INFO - Setting next_dagrun for example_params_trigger_ui to None, run_after=None
[2025-04-23T03:59:57.351+0100] {processor.py:208} INFO - Processing /Users/francisayanbadejo/venvs_projects/my_proj/lib/python3.9/site-packages/airflow/example_dags/example_params_trigger_ui.py took 0.067 seconds
[2025-04-23T04:01:56.991+0100] {processor.py:186} INFO - Started process (PID=66460) to work on /Users/francisayanbadejo/venvs_projects/my_proj/lib/python3.9/site-packages/airflow/example_dags/example_params_trigger_ui.py
[2025-04-23T04:01:56.991+0100] {processor.py:914} INFO - Processing file /Users/francisayanbadejo/venvs_projects/my_proj/lib/python3.9/site-packages/airflow/example_dags/example_params_trigger_ui.py for tasks to queue
[2025-04-23T04:01:56.992+0100] {logging_mixin.py:190} INFO - [2025-04-23T04:01:56.992+0100] {dagbag.py:588} INFO - Filling up the DagBag from /Users/francisayanbadejo/venvs_projects/my_proj/lib/python3.9/site-packages/airflow/example_dags/example_params_trigger_ui.py
[2025-04-23T04:01:57.003+0100] {processor.py:925} INFO - DAG(s) 'example_params_trigger_ui' retrieved from /Users/francisayanbadejo/venvs_projects/my_proj/lib/python3.9/site-packages/airflow/example_dags/example_params_trigger_ui.py
[2025-04-23T04:01:57.041+0100] {logging_mixin.py:190} INFO - [2025-04-23T04:01:57.041+0100] {dag.py:3239} INFO - Sync 1 DAGs
[2025-04-23T04:01:57.044+0100] {logging_mixin.py:190} INFO - [2025-04-23T04:01:57.044+0100] {dag.py:4180} INFO - Setting next_dagrun for example_params_trigger_ui to None, run_after=None
[2025-04-23T04:01:57.050+0100] {processor.py:208} INFO - Processing /Users/francisayanbadejo/venvs_projects/my_proj/lib/python3.9/site-packages/airflow/example_dags/example_params_trigger_ui.py took 0.060 seconds
[2025-04-23T04:03:47.874+0100] {processor.py:186} INFO - Started process (PID=66690) to work on /Users/francisayanbadejo/venvs_projects/my_proj/lib/python3.9/site-packages/airflow/example_dags/example_params_trigger_ui.py
[2025-04-23T04:03:47.875+0100] {processor.py:914} INFO - Processing file /Users/francisayanbadejo/venvs_projects/my_proj/lib/python3.9/site-packages/airflow/example_dags/example_params_trigger_ui.py for tasks to queue
[2025-04-23T04:03:47.875+0100] {logging_mixin.py:190} INFO - [2025-04-23T04:03:47.875+0100] {dagbag.py:588} INFO - Filling up the DagBag from /Users/francisayanbadejo/venvs_projects/my_proj/lib/python3.9/site-packages/airflow/example_dags/example_params_trigger_ui.py
[2025-04-23T04:03:47.886+0100] {processor.py:925} INFO - DAG(s) 'example_params_trigger_ui' retrieved from /Users/francisayanbadejo/venvs_projects/my_proj/lib/python3.9/site-packages/airflow/example_dags/example_params_trigger_ui.py
[2025-04-23T04:03:47.924+0100] {logging_mixin.py:190} INFO - [2025-04-23T04:03:47.924+0100] {dag.py:3239} INFO - Sync 1 DAGs
[2025-04-23T04:03:47.927+0100] {logging_mixin.py:190} INFO - [2025-04-23T04:03:47.927+0100] {dag.py:4180} INFO - Setting next_dagrun for example_params_trigger_ui to None, run_after=None
[2025-04-23T04:03:47.932+0100] {processor.py:208} INFO - Processing /Users/francisayanbadejo/venvs_projects/my_proj/lib/python3.9/site-packages/airflow/example_dags/example_params_trigger_ui.py took 0.059 seconds
[2025-04-23T04:05:50.791+0100] {processor.py:186} INFO - Started process (PID=66922) to work on /Users/francisayanbadejo/venvs_projects/my_proj/lib/python3.9/site-packages/airflow/example_dags/example_params_trigger_ui.py
[2025-04-23T04:05:50.792+0100] {processor.py:914} INFO - Processing file /Users/francisayanbadejo/venvs_projects/my_proj/lib/python3.9/site-packages/airflow/example_dags/example_params_trigger_ui.py for tasks to queue
[2025-04-23T04:05:50.792+0100] {logging_mixin.py:190} INFO - [2025-04-23T04:05:50.792+0100] {dagbag.py:588} INFO - Filling up the DagBag from /Users/francisayanbadejo/venvs_projects/my_proj/lib/python3.9/site-packages/airflow/example_dags/example_params_trigger_ui.py
[2025-04-23T04:05:50.802+0100] {processor.py:925} INFO - DAG(s) 'example_params_trigger_ui' retrieved from /Users/francisayanbadejo/venvs_projects/my_proj/lib/python3.9/site-packages/airflow/example_dags/example_params_trigger_ui.py
[2025-04-23T04:05:50.842+0100] {logging_mixin.py:190} INFO - [2025-04-23T04:05:50.842+0100] {dag.py:3239} INFO - Sync 1 DAGs
[2025-04-23T04:05:50.845+0100] {logging_mixin.py:190} INFO - [2025-04-23T04:05:50.845+0100] {dag.py:4180} INFO - Setting next_dagrun for example_params_trigger_ui to None, run_after=None
[2025-04-23T04:05:50.851+0100] {processor.py:208} INFO - Processing /Users/francisayanbadejo/venvs_projects/my_proj/lib/python3.9/site-packages/airflow/example_dags/example_params_trigger_ui.py took 0.061 seconds
[2025-04-23T04:19:03.677+0100] {processor.py:186} INFO - Started process (PID=68980) to work on /Users/francisayanbadejo/venvs_projects/my_proj/lib/python3.9/site-packages/airflow/example_dags/example_params_trigger_ui.py
[2025-04-23T04:19:03.678+0100] {processor.py:914} INFO - Processing file /Users/francisayanbadejo/venvs_projects/my_proj/lib/python3.9/site-packages/airflow/example_dags/example_params_trigger_ui.py for tasks to queue
[2025-04-23T04:19:03.679+0100] {logging_mixin.py:190} INFO - [2025-04-23T04:19:03.679+0100] {dagbag.py:588} INFO - Filling up the DagBag from /Users/francisayanbadejo/venvs_projects/my_proj/lib/python3.9/site-packages/airflow/example_dags/example_params_trigger_ui.py
[2025-04-23T04:19:03.689+0100] {processor.py:925} INFO - DAG(s) 'example_params_trigger_ui' retrieved from /Users/francisayanbadejo/venvs_projects/my_proj/lib/python3.9/site-packages/airflow/example_dags/example_params_trigger_ui.py
[2025-04-23T04:19:03.729+0100] {logging_mixin.py:190} INFO - [2025-04-23T04:19:03.729+0100] {dag.py:3239} INFO - Sync 1 DAGs
[2025-04-23T04:19:03.733+0100] {logging_mixin.py:190} INFO - [2025-04-23T04:19:03.732+0100] {dag.py:4180} INFO - Setting next_dagrun for example_params_trigger_ui to None, run_after=None
[2025-04-23T04:19:03.738+0100] {processor.py:208} INFO - Processing /Users/francisayanbadejo/venvs_projects/my_proj/lib/python3.9/site-packages/airflow/example_dags/example_params_trigger_ui.py took 0.063 seconds
[2025-04-23T04:21:45.377+0100] {processor.py:186} INFO - Started process (PID=69543) to work on /Users/francisayanbadejo/venvs_projects/my_proj/lib/python3.9/site-packages/airflow/example_dags/example_params_trigger_ui.py
[2025-04-23T04:21:45.378+0100] {processor.py:914} INFO - Processing file /Users/francisayanbadejo/venvs_projects/my_proj/lib/python3.9/site-packages/airflow/example_dags/example_params_trigger_ui.py for tasks to queue
[2025-04-23T04:21:45.379+0100] {logging_mixin.py:190} INFO - [2025-04-23T04:21:45.379+0100] {dagbag.py:588} INFO - Filling up the DagBag from /Users/francisayanbadejo/venvs_projects/my_proj/lib/python3.9/site-packages/airflow/example_dags/example_params_trigger_ui.py
[2025-04-23T04:21:45.390+0100] {processor.py:925} INFO - DAG(s) 'example_params_trigger_ui' retrieved from /Users/francisayanbadejo/venvs_projects/my_proj/lib/python3.9/site-packages/airflow/example_dags/example_params_trigger_ui.py
[2025-04-23T04:21:45.430+0100] {logging_mixin.py:190} INFO - [2025-04-23T04:21:45.430+0100] {dag.py:3239} INFO - Sync 1 DAGs
[2025-04-23T04:21:45.433+0100] {logging_mixin.py:190} INFO - [2025-04-23T04:21:45.433+0100] {dag.py:4180} INFO - Setting next_dagrun for example_params_trigger_ui to None, run_after=None
[2025-04-23T04:21:45.439+0100] {processor.py:208} INFO - Processing /Users/francisayanbadejo/venvs_projects/my_proj/lib/python3.9/site-packages/airflow/example_dags/example_params_trigger_ui.py took 0.062 seconds
[2025-04-23T04:23:12.855+0100] {processor.py:186} INFO - Started process (PID=69750) to work on /Users/francisayanbadejo/venvs_projects/my_proj/lib/python3.9/site-packages/airflow/example_dags/example_params_trigger_ui.py
[2025-04-23T04:23:12.856+0100] {processor.py:914} INFO - Processing file /Users/francisayanbadejo/venvs_projects/my_proj/lib/python3.9/site-packages/airflow/example_dags/example_params_trigger_ui.py for tasks to queue
[2025-04-23T04:23:12.857+0100] {logging_mixin.py:190} INFO - [2025-04-23T04:23:12.857+0100] {dagbag.py:588} INFO - Filling up the DagBag from /Users/francisayanbadejo/venvs_projects/my_proj/lib/python3.9/site-packages/airflow/example_dags/example_params_trigger_ui.py
[2025-04-23T04:23:12.868+0100] {processor.py:925} INFO - DAG(s) 'example_params_trigger_ui' retrieved from /Users/francisayanbadejo/venvs_projects/my_proj/lib/python3.9/site-packages/airflow/example_dags/example_params_trigger_ui.py
[2025-04-23T04:23:12.907+0100] {logging_mixin.py:190} INFO - [2025-04-23T04:23:12.907+0100] {dag.py:3239} INFO - Sync 1 DAGs
[2025-04-23T04:23:12.911+0100] {logging_mixin.py:190} INFO - [2025-04-23T04:23:12.911+0100] {dag.py:4180} INFO - Setting next_dagrun for example_params_trigger_ui to None, run_after=None
[2025-04-23T04:23:12.916+0100] {processor.py:208} INFO - Processing /Users/francisayanbadejo/venvs_projects/my_proj/lib/python3.9/site-packages/airflow/example_dags/example_params_trigger_ui.py took 0.062 seconds
[2025-04-23T04:26:11.188+0100] {processor.py:186} INFO - Started process (PID=70550) to work on /Users/francisayanbadejo/venvs_projects/my_proj/lib/python3.9/site-packages/airflow/example_dags/example_params_trigger_ui.py
[2025-04-23T04:26:11.189+0100] {processor.py:914} INFO - Processing file /Users/francisayanbadejo/venvs_projects/my_proj/lib/python3.9/site-packages/airflow/example_dags/example_params_trigger_ui.py for tasks to queue
[2025-04-23T04:26:11.190+0100] {logging_mixin.py:190} INFO - [2025-04-23T04:26:11.190+0100] {dagbag.py:588} INFO - Filling up the DagBag from /Users/francisayanbadejo/venvs_projects/my_proj/lib/python3.9/site-packages/airflow/example_dags/example_params_trigger_ui.py
[2025-04-23T04:26:11.200+0100] {processor.py:925} INFO - DAG(s) 'example_params_trigger_ui' retrieved from /Users/francisayanbadejo/venvs_projects/my_proj/lib/python3.9/site-packages/airflow/example_dags/example_params_trigger_ui.py
[2025-04-23T04:26:11.239+0100] {logging_mixin.py:190} INFO - [2025-04-23T04:26:11.239+0100] {dag.py:3239} INFO - Sync 1 DAGs
[2025-04-23T04:26:11.243+0100] {logging_mixin.py:190} INFO - [2025-04-23T04:26:11.243+0100] {dag.py:4180} INFO - Setting next_dagrun for example_params_trigger_ui to None, run_after=None
[2025-04-23T04:26:11.248+0100] {processor.py:208} INFO - Processing /Users/francisayanbadejo/venvs_projects/my_proj/lib/python3.9/site-packages/airflow/example_dags/example_params_trigger_ui.py took 0.061 seconds
[2025-04-23T04:28:36.259+0100] {processor.py:186} INFO - Started process (PID=71311) to work on /Users/francisayanbadejo/venvs_projects/my_proj/lib/python3.9/site-packages/airflow/example_dags/example_params_trigger_ui.py
[2025-04-23T04:28:36.260+0100] {processor.py:914} INFO - Processing file /Users/francisayanbadejo/venvs_projects/my_proj/lib/python3.9/site-packages/airflow/example_dags/example_params_trigger_ui.py for tasks to queue
[2025-04-23T04:28:36.260+0100] {logging_mixin.py:190} INFO - [2025-04-23T04:28:36.260+0100] {dagbag.py:588} INFO - Filling up the DagBag from /Users/francisayanbadejo/venvs_projects/my_proj/lib/python3.9/site-packages/airflow/example_dags/example_params_trigger_ui.py
[2025-04-23T04:28:36.272+0100] {processor.py:925} INFO - DAG(s) 'example_params_trigger_ui' retrieved from /Users/francisayanbadejo/venvs_projects/my_proj/lib/python3.9/site-packages/airflow/example_dags/example_params_trigger_ui.py
[2025-04-23T04:28:36.311+0100] {logging_mixin.py:190} INFO - [2025-04-23T04:28:36.311+0100] {dag.py:3239} INFO - Sync 1 DAGs
[2025-04-23T04:28:36.315+0100] {logging_mixin.py:190} INFO - [2025-04-23T04:28:36.315+0100] {dag.py:4180} INFO - Setting next_dagrun for example_params_trigger_ui to None, run_after=None
[2025-04-23T04:28:36.320+0100] {processor.py:208} INFO - Processing /Users/francisayanbadejo/venvs_projects/my_proj/lib/python3.9/site-packages/airflow/example_dags/example_params_trigger_ui.py took 0.062 seconds
[2025-04-23T04:30:04.660+0100] {processor.py:186} INFO - Started process (PID=71537) to work on /Users/francisayanbadejo/venvs_projects/my_proj/lib/python3.9/site-packages/airflow/example_dags/example_params_trigger_ui.py
[2025-04-23T04:30:04.662+0100] {processor.py:914} INFO - Processing file /Users/francisayanbadejo/venvs_projects/my_proj/lib/python3.9/site-packages/airflow/example_dags/example_params_trigger_ui.py for tasks to queue
[2025-04-23T04:30:04.663+0100] {logging_mixin.py:190} INFO - [2025-04-23T04:30:04.663+0100] {dagbag.py:588} INFO - Filling up the DagBag from /Users/francisayanbadejo/venvs_projects/my_proj/lib/python3.9/site-packages/airflow/example_dags/example_params_trigger_ui.py
[2025-04-23T04:30:04.674+0100] {processor.py:925} INFO - DAG(s) 'example_params_trigger_ui' retrieved from /Users/francisayanbadejo/venvs_projects/my_proj/lib/python3.9/site-packages/airflow/example_dags/example_params_trigger_ui.py
[2025-04-23T04:30:04.712+0100] {logging_mixin.py:190} INFO - [2025-04-23T04:30:04.712+0100] {dag.py:3239} INFO - Sync 1 DAGs
[2025-04-23T04:30:04.715+0100] {logging_mixin.py:190} INFO - [2025-04-23T04:30:04.715+0100] {dag.py:4180} INFO - Setting next_dagrun for example_params_trigger_ui to None, run_after=None
[2025-04-23T04:30:04.720+0100] {processor.py:208} INFO - Processing /Users/francisayanbadejo/venvs_projects/my_proj/lib/python3.9/site-packages/airflow/example_dags/example_params_trigger_ui.py took 0.061 seconds
[2025-04-23T04:31:56.155+0100] {processor.py:186} INFO - Started process (PID=71788) to work on /Users/francisayanbadejo/venvs_projects/my_proj/lib/python3.9/site-packages/airflow/example_dags/example_params_trigger_ui.py
[2025-04-23T04:31:56.156+0100] {processor.py:914} INFO - Processing file /Users/francisayanbadejo/venvs_projects/my_proj/lib/python3.9/site-packages/airflow/example_dags/example_params_trigger_ui.py for tasks to queue
[2025-04-23T04:31:56.156+0100] {logging_mixin.py:190} INFO - [2025-04-23T04:31:56.156+0100] {dagbag.py:588} INFO - Filling up the DagBag from /Users/francisayanbadejo/venvs_projects/my_proj/lib/python3.9/site-packages/airflow/example_dags/example_params_trigger_ui.py
[2025-04-23T04:31:56.167+0100] {processor.py:925} INFO - DAG(s) 'example_params_trigger_ui' retrieved from /Users/francisayanbadejo/venvs_projects/my_proj/lib/python3.9/site-packages/airflow/example_dags/example_params_trigger_ui.py
[2025-04-23T04:31:56.206+0100] {logging_mixin.py:190} INFO - [2025-04-23T04:31:56.206+0100] {dag.py:3239} INFO - Sync 1 DAGs
[2025-04-23T04:31:56.209+0100] {logging_mixin.py:190} INFO - [2025-04-23T04:31:56.209+0100] {dag.py:4180} INFO - Setting next_dagrun for example_params_trigger_ui to None, run_after=None
[2025-04-23T04:31:56.214+0100] {processor.py:208} INFO - Processing /Users/francisayanbadejo/venvs_projects/my_proj/lib/python3.9/site-packages/airflow/example_dags/example_params_trigger_ui.py took 0.061 seconds
[2025-04-23T04:34:42.677+0100] {processor.py:186} INFO - Started process (PID=72062) to work on /Users/francisayanbadejo/venvs_projects/my_proj/lib/python3.9/site-packages/airflow/example_dags/example_params_trigger_ui.py
[2025-04-23T04:34:42.679+0100] {processor.py:914} INFO - Processing file /Users/francisayanbadejo/venvs_projects/my_proj/lib/python3.9/site-packages/airflow/example_dags/example_params_trigger_ui.py for tasks to queue
[2025-04-23T04:34:42.679+0100] {logging_mixin.py:190} INFO - [2025-04-23T04:34:42.679+0100] {dagbag.py:588} INFO - Filling up the DagBag from /Users/francisayanbadejo/venvs_projects/my_proj/lib/python3.9/site-packages/airflow/example_dags/example_params_trigger_ui.py
[2025-04-23T04:34:42.690+0100] {processor.py:925} INFO - DAG(s) 'example_params_trigger_ui' retrieved from /Users/francisayanbadejo/venvs_projects/my_proj/lib/python3.9/site-packages/airflow/example_dags/example_params_trigger_ui.py
[2025-04-23T04:34:42.730+0100] {logging_mixin.py:190} INFO - [2025-04-23T04:34:42.729+0100] {dag.py:3239} INFO - Sync 1 DAGs
[2025-04-23T04:34:42.733+0100] {logging_mixin.py:190} INFO - [2025-04-23T04:34:42.733+0100] {dag.py:4180} INFO - Setting next_dagrun for example_params_trigger_ui to None, run_after=None
[2025-04-23T04:34:42.738+0100] {processor.py:208} INFO - Processing /Users/francisayanbadejo/venvs_projects/my_proj/lib/python3.9/site-packages/airflow/example_dags/example_params_trigger_ui.py took 0.062 seconds
[2025-04-23T04:36:34.728+0100] {processor.py:186} INFO - Started process (PID=72310) to work on /Users/francisayanbadejo/venvs_projects/my_proj/lib/python3.9/site-packages/airflow/example_dags/example_params_trigger_ui.py
[2025-04-23T04:36:34.730+0100] {processor.py:914} INFO - Processing file /Users/francisayanbadejo/venvs_projects/my_proj/lib/python3.9/site-packages/airflow/example_dags/example_params_trigger_ui.py for tasks to queue
[2025-04-23T04:36:34.730+0100] {logging_mixin.py:190} INFO - [2025-04-23T04:36:34.730+0100] {dagbag.py:588} INFO - Filling up the DagBag from /Users/francisayanbadejo/venvs_projects/my_proj/lib/python3.9/site-packages/airflow/example_dags/example_params_trigger_ui.py
[2025-04-23T04:36:34.741+0100] {processor.py:925} INFO - DAG(s) 'example_params_trigger_ui' retrieved from /Users/francisayanbadejo/venvs_projects/my_proj/lib/python3.9/site-packages/airflow/example_dags/example_params_trigger_ui.py
[2025-04-23T04:36:34.778+0100] {logging_mixin.py:190} INFO - [2025-04-23T04:36:34.778+0100] {dag.py:3239} INFO - Sync 1 DAGs
[2025-04-23T04:36:34.782+0100] {logging_mixin.py:190} INFO - [2025-04-23T04:36:34.782+0100] {dag.py:4180} INFO - Setting next_dagrun for example_params_trigger_ui to None, run_after=None
[2025-04-23T04:36:34.787+0100] {processor.py:208} INFO - Processing /Users/francisayanbadejo/venvs_projects/my_proj/lib/python3.9/site-packages/airflow/example_dags/example_params_trigger_ui.py took 0.060 seconds
[2025-04-23T04:38:27.419+0100] {processor.py:186} INFO - Started process (PID=72548) to work on /Users/francisayanbadejo/venvs_projects/my_proj/lib/python3.9/site-packages/airflow/example_dags/example_params_trigger_ui.py
[2025-04-23T04:38:27.420+0100] {processor.py:914} INFO - Processing file /Users/francisayanbadejo/venvs_projects/my_proj/lib/python3.9/site-packages/airflow/example_dags/example_params_trigger_ui.py for tasks to queue
[2025-04-23T04:38:27.421+0100] {logging_mixin.py:190} INFO - [2025-04-23T04:38:27.421+0100] {dagbag.py:588} INFO - Filling up the DagBag from /Users/francisayanbadejo/venvs_projects/my_proj/lib/python3.9/site-packages/airflow/example_dags/example_params_trigger_ui.py
[2025-04-23T04:38:27.431+0100] {processor.py:925} INFO - DAG(s) 'example_params_trigger_ui' retrieved from /Users/francisayanbadejo/venvs_projects/my_proj/lib/python3.9/site-packages/airflow/example_dags/example_params_trigger_ui.py
[2025-04-23T04:38:27.469+0100] {logging_mixin.py:190} INFO - [2025-04-23T04:38:27.469+0100] {dag.py:3239} INFO - Sync 1 DAGs
[2025-04-23T04:38:27.472+0100] {logging_mixin.py:190} INFO - [2025-04-23T04:38:27.472+0100] {dag.py:4180} INFO - Setting next_dagrun for example_params_trigger_ui to None, run_after=None
[2025-04-23T04:38:27.477+0100] {processor.py:208} INFO - Processing /Users/francisayanbadejo/venvs_projects/my_proj/lib/python3.9/site-packages/airflow/example_dags/example_params_trigger_ui.py took 0.059 seconds
[2025-04-23T04:40:15.736+0100] {processor.py:186} INFO - Started process (PID=72706) to work on /Users/francisayanbadejo/venvs_projects/my_proj/lib/python3.9/site-packages/airflow/example_dags/example_params_trigger_ui.py
[2025-04-23T04:40:15.738+0100] {processor.py:914} INFO - Processing file /Users/francisayanbadejo/venvs_projects/my_proj/lib/python3.9/site-packages/airflow/example_dags/example_params_trigger_ui.py for tasks to queue
[2025-04-23T04:40:15.739+0100] {logging_mixin.py:190} INFO - [2025-04-23T04:40:15.739+0100] {dagbag.py:588} INFO - Filling up the DagBag from /Users/francisayanbadejo/venvs_projects/my_proj/lib/python3.9/site-packages/airflow/example_dags/example_params_trigger_ui.py
[2025-04-23T04:40:15.749+0100] {processor.py:925} INFO - DAG(s) 'example_params_trigger_ui' retrieved from /Users/francisayanbadejo/venvs_projects/my_proj/lib/python3.9/site-packages/airflow/example_dags/example_params_trigger_ui.py
[2025-04-23T04:40:15.787+0100] {logging_mixin.py:190} INFO - [2025-04-23T04:40:15.787+0100] {dag.py:3239} INFO - Sync 1 DAGs
[2025-04-23T04:40:15.790+0100] {logging_mixin.py:190} INFO - [2025-04-23T04:40:15.790+0100] {dag.py:4180} INFO - Setting next_dagrun for example_params_trigger_ui to None, run_after=None
[2025-04-23T04:40:15.795+0100] {processor.py:208} INFO - Processing /Users/francisayanbadejo/venvs_projects/my_proj/lib/python3.9/site-packages/airflow/example_dags/example_params_trigger_ui.py took 0.060 seconds
[2025-04-23T04:42:02.307+0100] {processor.py:186} INFO - Started process (PID=72863) to work on /Users/francisayanbadejo/venvs_projects/my_proj/lib/python3.9/site-packages/airflow/example_dags/example_params_trigger_ui.py
[2025-04-23T04:42:02.309+0100] {processor.py:914} INFO - Processing file /Users/francisayanbadejo/venvs_projects/my_proj/lib/python3.9/site-packages/airflow/example_dags/example_params_trigger_ui.py for tasks to queue
[2025-04-23T04:42:02.310+0100] {logging_mixin.py:190} INFO - [2025-04-23T04:42:02.309+0100] {dagbag.py:588} INFO - Filling up the DagBag from /Users/francisayanbadejo/venvs_projects/my_proj/lib/python3.9/site-packages/airflow/example_dags/example_params_trigger_ui.py
[2025-04-23T04:42:02.320+0100] {processor.py:925} INFO - DAG(s) 'example_params_trigger_ui' retrieved from /Users/francisayanbadejo/venvs_projects/my_proj/lib/python3.9/site-packages/airflow/example_dags/example_params_trigger_ui.py
[2025-04-23T04:42:02.358+0100] {logging_mixin.py:190} INFO - [2025-04-23T04:42:02.358+0100] {dag.py:3239} INFO - Sync 1 DAGs
[2025-04-23T04:42:02.361+0100] {logging_mixin.py:190} INFO - [2025-04-23T04:42:02.361+0100] {dag.py:4180} INFO - Setting next_dagrun for example_params_trigger_ui to None, run_after=None
[2025-04-23T04:42:02.366+0100] {processor.py:208} INFO - Processing /Users/francisayanbadejo/venvs_projects/my_proj/lib/python3.9/site-packages/airflow/example_dags/example_params_trigger_ui.py took 0.060 seconds
[2025-04-23T04:43:47.802+0100] {processor.py:186} INFO - Started process (PID=73028) to work on /Users/francisayanbadejo/venvs_projects/my_proj/lib/python3.9/site-packages/airflow/example_dags/example_params_trigger_ui.py
[2025-04-23T04:43:47.803+0100] {processor.py:914} INFO - Processing file /Users/francisayanbadejo/venvs_projects/my_proj/lib/python3.9/site-packages/airflow/example_dags/example_params_trigger_ui.py for tasks to queue
[2025-04-23T04:43:47.804+0100] {logging_mixin.py:190} INFO - [2025-04-23T04:43:47.804+0100] {dagbag.py:588} INFO - Filling up the DagBag from /Users/francisayanbadejo/venvs_projects/my_proj/lib/python3.9/site-packages/airflow/example_dags/example_params_trigger_ui.py
[2025-04-23T04:43:47.814+0100] {processor.py:925} INFO - DAG(s) 'example_params_trigger_ui' retrieved from /Users/francisayanbadejo/venvs_projects/my_proj/lib/python3.9/site-packages/airflow/example_dags/example_params_trigger_ui.py
[2025-04-23T04:43:47.852+0100] {logging_mixin.py:190} INFO - [2025-04-23T04:43:47.852+0100] {dag.py:3239} INFO - Sync 1 DAGs
[2025-04-23T04:43:47.855+0100] {logging_mixin.py:190} INFO - [2025-04-23T04:43:47.855+0100] {dag.py:4180} INFO - Setting next_dagrun for example_params_trigger_ui to None, run_after=None
[2025-04-23T04:43:47.860+0100] {processor.py:208} INFO - Processing /Users/francisayanbadejo/venvs_projects/my_proj/lib/python3.9/site-packages/airflow/example_dags/example_params_trigger_ui.py took 0.059 seconds
[2025-04-23T04:45:33.116+0100] {processor.py:186} INFO - Started process (PID=73216) to work on /Users/francisayanbadejo/venvs_projects/my_proj/lib/python3.9/site-packages/airflow/example_dags/example_params_trigger_ui.py
[2025-04-23T04:45:33.118+0100] {processor.py:914} INFO - Processing file /Users/francisayanbadejo/venvs_projects/my_proj/lib/python3.9/site-packages/airflow/example_dags/example_params_trigger_ui.py for tasks to queue
[2025-04-23T04:45:33.118+0100] {logging_mixin.py:190} INFO - [2025-04-23T04:45:33.118+0100] {dagbag.py:588} INFO - Filling up the DagBag from /Users/francisayanbadejo/venvs_projects/my_proj/lib/python3.9/site-packages/airflow/example_dags/example_params_trigger_ui.py
[2025-04-23T04:45:33.129+0100] {processor.py:925} INFO - DAG(s) 'example_params_trigger_ui' retrieved from /Users/francisayanbadejo/venvs_projects/my_proj/lib/python3.9/site-packages/airflow/example_dags/example_params_trigger_ui.py
[2025-04-23T04:45:33.168+0100] {logging_mixin.py:190} INFO - [2025-04-23T04:45:33.168+0100] {dag.py:3239} INFO - Sync 1 DAGs
[2025-04-23T04:45:33.172+0100] {logging_mixin.py:190} INFO - [2025-04-23T04:45:33.171+0100] {dag.py:4180} INFO - Setting next_dagrun for example_params_trigger_ui to None, run_after=None
[2025-04-23T04:45:33.177+0100] {processor.py:208} INFO - Processing /Users/francisayanbadejo/venvs_projects/my_proj/lib/python3.9/site-packages/airflow/example_dags/example_params_trigger_ui.py took 0.062 seconds
[2025-04-23T04:47:20.977+0100] {processor.py:186} INFO - Started process (PID=73370) to work on /Users/francisayanbadejo/venvs_projects/my_proj/lib/python3.9/site-packages/airflow/example_dags/example_params_trigger_ui.py
[2025-04-23T04:47:20.978+0100] {processor.py:914} INFO - Processing file /Users/francisayanbadejo/venvs_projects/my_proj/lib/python3.9/site-packages/airflow/example_dags/example_params_trigger_ui.py for tasks to queue
[2025-04-23T04:47:20.979+0100] {logging_mixin.py:190} INFO - [2025-04-23T04:47:20.979+0100] {dagbag.py:588} INFO - Filling up the DagBag from /Users/francisayanbadejo/venvs_projects/my_proj/lib/python3.9/site-packages/airflow/example_dags/example_params_trigger_ui.py
[2025-04-23T04:47:20.989+0100] {processor.py:925} INFO - DAG(s) 'example_params_trigger_ui' retrieved from /Users/francisayanbadejo/venvs_projects/my_proj/lib/python3.9/site-packages/airflow/example_dags/example_params_trigger_ui.py
[2025-04-23T04:47:21.027+0100] {logging_mixin.py:190} INFO - [2025-04-23T04:47:21.027+0100] {dag.py:3239} INFO - Sync 1 DAGs
[2025-04-23T04:47:21.031+0100] {logging_mixin.py:190} INFO - [2025-04-23T04:47:21.031+0100] {dag.py:4180} INFO - Setting next_dagrun for example_params_trigger_ui to None, run_after=None
[2025-04-23T04:47:21.036+0100] {processor.py:208} INFO - Processing /Users/francisayanbadejo/venvs_projects/my_proj/lib/python3.9/site-packages/airflow/example_dags/example_params_trigger_ui.py took 0.060 seconds
[2025-04-23T04:49:12.587+0100] {processor.py:186} INFO - Started process (PID=73529) to work on /Users/francisayanbadejo/venvs_projects/my_proj/lib/python3.9/site-packages/airflow/example_dags/example_params_trigger_ui.py
[2025-04-23T04:49:12.588+0100] {processor.py:914} INFO - Processing file /Users/francisayanbadejo/venvs_projects/my_proj/lib/python3.9/site-packages/airflow/example_dags/example_params_trigger_ui.py for tasks to queue
[2025-04-23T04:49:12.588+0100] {logging_mixin.py:190} INFO - [2025-04-23T04:49:12.588+0100] {dagbag.py:588} INFO - Filling up the DagBag from /Users/francisayanbadejo/venvs_projects/my_proj/lib/python3.9/site-packages/airflow/example_dags/example_params_trigger_ui.py
[2025-04-23T04:49:12.598+0100] {processor.py:925} INFO - DAG(s) 'example_params_trigger_ui' retrieved from /Users/francisayanbadejo/venvs_projects/my_proj/lib/python3.9/site-packages/airflow/example_dags/example_params_trigger_ui.py
[2025-04-23T04:49:12.637+0100] {logging_mixin.py:190} INFO - [2025-04-23T04:49:12.637+0100] {dag.py:3239} INFO - Sync 1 DAGs
[2025-04-23T04:49:12.641+0100] {logging_mixin.py:190} INFO - [2025-04-23T04:49:12.641+0100] {dag.py:4180} INFO - Setting next_dagrun for example_params_trigger_ui to None, run_after=None
[2025-04-23T04:49:12.646+0100] {processor.py:208} INFO - Processing /Users/francisayanbadejo/venvs_projects/my_proj/lib/python3.9/site-packages/airflow/example_dags/example_params_trigger_ui.py took 0.060 seconds
[2025-04-23T04:50:59.387+0100] {processor.py:186} INFO - Started process (PID=73693) to work on /Users/francisayanbadejo/venvs_projects/my_proj/lib/python3.9/site-packages/airflow/example_dags/example_params_trigger_ui.py
[2025-04-23T04:50:59.389+0100] {processor.py:914} INFO - Processing file /Users/francisayanbadejo/venvs_projects/my_proj/lib/python3.9/site-packages/airflow/example_dags/example_params_trigger_ui.py for tasks to queue
[2025-04-23T04:50:59.389+0100] {logging_mixin.py:190} INFO - [2025-04-23T04:50:59.389+0100] {dagbag.py:588} INFO - Filling up the DagBag from /Users/francisayanbadejo/venvs_projects/my_proj/lib/python3.9/site-packages/airflow/example_dags/example_params_trigger_ui.py
[2025-04-23T04:50:59.400+0100] {processor.py:925} INFO - DAG(s) 'example_params_trigger_ui' retrieved from /Users/francisayanbadejo/venvs_projects/my_proj/lib/python3.9/site-packages/airflow/example_dags/example_params_trigger_ui.py
[2025-04-23T04:50:59.439+0100] {logging_mixin.py:190} INFO - [2025-04-23T04:50:59.439+0100] {dag.py:3239} INFO - Sync 1 DAGs
[2025-04-23T04:50:59.442+0100] {logging_mixin.py:190} INFO - [2025-04-23T04:50:59.442+0100] {dag.py:4180} INFO - Setting next_dagrun for example_params_trigger_ui to None, run_after=None
[2025-04-23T04:50:59.447+0100] {processor.py:208} INFO - Processing /Users/francisayanbadejo/venvs_projects/my_proj/lib/python3.9/site-packages/airflow/example_dags/example_params_trigger_ui.py took 0.062 seconds
[2025-04-23T04:52:54.495+0100] {processor.py:186} INFO - Started process (PID=73900) to work on /Users/francisayanbadejo/venvs_projects/my_proj/lib/python3.9/site-packages/airflow/example_dags/example_params_trigger_ui.py
[2025-04-23T04:52:54.498+0100] {processor.py:914} INFO - Processing file /Users/francisayanbadejo/venvs_projects/my_proj/lib/python3.9/site-packages/airflow/example_dags/example_params_trigger_ui.py for tasks to queue
[2025-04-23T04:52:54.498+0100] {logging_mixin.py:190} INFO - [2025-04-23T04:52:54.498+0100] {dagbag.py:588} INFO - Filling up the DagBag from /Users/francisayanbadejo/venvs_projects/my_proj/lib/python3.9/site-packages/airflow/example_dags/example_params_trigger_ui.py
[2025-04-23T04:52:54.509+0100] {processor.py:925} INFO - DAG(s) 'example_params_trigger_ui' retrieved from /Users/francisayanbadejo/venvs_projects/my_proj/lib/python3.9/site-packages/airflow/example_dags/example_params_trigger_ui.py
[2025-04-23T04:52:54.547+0100] {logging_mixin.py:190} INFO - [2025-04-23T04:52:54.547+0100] {dag.py:3239} INFO - Sync 1 DAGs
[2025-04-23T04:52:54.550+0100] {logging_mixin.py:190} INFO - [2025-04-23T04:52:54.550+0100] {dag.py:4180} INFO - Setting next_dagrun for example_params_trigger_ui to None, run_after=None
[2025-04-23T04:52:54.555+0100] {processor.py:208} INFO - Processing /Users/francisayanbadejo/venvs_projects/my_proj/lib/python3.9/site-packages/airflow/example_dags/example_params_trigger_ui.py took 0.061 seconds
[2025-04-23T04:54:53.234+0100] {processor.py:186} INFO - Started process (PID=74192) to work on /Users/francisayanbadejo/venvs_projects/my_proj/lib/python3.9/site-packages/airflow/example_dags/example_params_trigger_ui.py
[2025-04-23T04:54:53.236+0100] {processor.py:914} INFO - Processing file /Users/francisayanbadejo/venvs_projects/my_proj/lib/python3.9/site-packages/airflow/example_dags/example_params_trigger_ui.py for tasks to queue
[2025-04-23T04:54:53.237+0100] {logging_mixin.py:190} INFO - [2025-04-23T04:54:53.237+0100] {dagbag.py:588} INFO - Filling up the DagBag from /Users/francisayanbadejo/venvs_projects/my_proj/lib/python3.9/site-packages/airflow/example_dags/example_params_trigger_ui.py
[2025-04-23T04:54:53.247+0100] {processor.py:925} INFO - DAG(s) 'example_params_trigger_ui' retrieved from /Users/francisayanbadejo/venvs_projects/my_proj/lib/python3.9/site-packages/airflow/example_dags/example_params_trigger_ui.py
[2025-04-23T04:54:53.286+0100] {logging_mixin.py:190} INFO - [2025-04-23T04:54:53.286+0100] {dag.py:3239} INFO - Sync 1 DAGs
[2025-04-23T04:54:53.289+0100] {logging_mixin.py:190} INFO - [2025-04-23T04:54:53.289+0100] {dag.py:4180} INFO - Setting next_dagrun for example_params_trigger_ui to None, run_after=None
[2025-04-23T04:54:53.294+0100] {processor.py:208} INFO - Processing /Users/francisayanbadejo/venvs_projects/my_proj/lib/python3.9/site-packages/airflow/example_dags/example_params_trigger_ui.py took 0.061 seconds
[2025-04-23T04:56:46.333+0100] {processor.py:186} INFO - Started process (PID=74436) to work on /Users/francisayanbadejo/venvs_projects/my_proj/lib/python3.9/site-packages/airflow/example_dags/example_params_trigger_ui.py
[2025-04-23T04:56:46.334+0100] {processor.py:914} INFO - Processing file /Users/francisayanbadejo/venvs_projects/my_proj/lib/python3.9/site-packages/airflow/example_dags/example_params_trigger_ui.py for tasks to queue
[2025-04-23T04:56:46.334+0100] {logging_mixin.py:190} INFO - [2025-04-23T04:56:46.334+0100] {dagbag.py:588} INFO - Filling up the DagBag from /Users/francisayanbadejo/venvs_projects/my_proj/lib/python3.9/site-packages/airflow/example_dags/example_params_trigger_ui.py
[2025-04-23T04:56:46.345+0100] {processor.py:925} INFO - DAG(s) 'example_params_trigger_ui' retrieved from /Users/francisayanbadejo/venvs_projects/my_proj/lib/python3.9/site-packages/airflow/example_dags/example_params_trigger_ui.py
[2025-04-23T04:56:46.383+0100] {logging_mixin.py:190} INFO - [2025-04-23T04:56:46.383+0100] {dag.py:3239} INFO - Sync 1 DAGs
[2025-04-23T04:56:46.387+0100] {logging_mixin.py:190} INFO - [2025-04-23T04:56:46.387+0100] {dag.py:4180} INFO - Setting next_dagrun for example_params_trigger_ui to None, run_after=None
[2025-04-23T04:56:46.392+0100] {processor.py:208} INFO - Processing /Users/francisayanbadejo/venvs_projects/my_proj/lib/python3.9/site-packages/airflow/example_dags/example_params_trigger_ui.py took 0.060 seconds
[2025-04-23T04:58:36.555+0100] {processor.py:186} INFO - Started process (PID=74756) to work on /Users/francisayanbadejo/venvs_projects/my_proj/lib/python3.9/site-packages/airflow/example_dags/example_params_trigger_ui.py
[2025-04-23T04:58:36.556+0100] {processor.py:914} INFO - Processing file /Users/francisayanbadejo/venvs_projects/my_proj/lib/python3.9/site-packages/airflow/example_dags/example_params_trigger_ui.py for tasks to queue
[2025-04-23T04:58:36.557+0100] {logging_mixin.py:190} INFO - [2025-04-23T04:58:36.557+0100] {dagbag.py:588} INFO - Filling up the DagBag from /Users/francisayanbadejo/venvs_projects/my_proj/lib/python3.9/site-packages/airflow/example_dags/example_params_trigger_ui.py
[2025-04-23T04:58:36.567+0100] {processor.py:925} INFO - DAG(s) 'example_params_trigger_ui' retrieved from /Users/francisayanbadejo/venvs_projects/my_proj/lib/python3.9/site-packages/airflow/example_dags/example_params_trigger_ui.py
[2025-04-23T04:58:36.607+0100] {logging_mixin.py:190} INFO - [2025-04-23T04:58:36.607+0100] {dag.py:3239} INFO - Sync 1 DAGs
[2025-04-23T04:58:36.611+0100] {logging_mixin.py:190} INFO - [2025-04-23T04:58:36.611+0100] {dag.py:4180} INFO - Setting next_dagrun for example_params_trigger_ui to None, run_after=None
[2025-04-23T04:58:36.616+0100] {processor.py:208} INFO - Processing /Users/francisayanbadejo/venvs_projects/my_proj/lib/python3.9/site-packages/airflow/example_dags/example_params_trigger_ui.py took 0.062 seconds
[2025-04-23T05:00:24.061+0100] {processor.py:186} INFO - Started process (PID=74992) to work on /Users/francisayanbadejo/venvs_projects/my_proj/lib/python3.9/site-packages/airflow/example_dags/example_params_trigger_ui.py
[2025-04-23T05:00:24.062+0100] {processor.py:914} INFO - Processing file /Users/francisayanbadejo/venvs_projects/my_proj/lib/python3.9/site-packages/airflow/example_dags/example_params_trigger_ui.py for tasks to queue
[2025-04-23T05:00:24.063+0100] {logging_mixin.py:190} INFO - [2025-04-23T05:00:24.063+0100] {dagbag.py:588} INFO - Filling up the DagBag from /Users/francisayanbadejo/venvs_projects/my_proj/lib/python3.9/site-packages/airflow/example_dags/example_params_trigger_ui.py
[2025-04-23T05:00:24.074+0100] {processor.py:925} INFO - DAG(s) 'example_params_trigger_ui' retrieved from /Users/francisayanbadejo/venvs_projects/my_proj/lib/python3.9/site-packages/airflow/example_dags/example_params_trigger_ui.py
[2025-04-23T05:00:24.113+0100] {logging_mixin.py:190} INFO - [2025-04-23T05:00:24.112+0100] {dag.py:3239} INFO - Sync 1 DAGs
[2025-04-23T05:00:24.116+0100] {logging_mixin.py:190} INFO - [2025-04-23T05:00:24.116+0100] {dag.py:4180} INFO - Setting next_dagrun for example_params_trigger_ui to None, run_after=None
[2025-04-23T05:00:24.121+0100] {processor.py:208} INFO - Processing /Users/francisayanbadejo/venvs_projects/my_proj/lib/python3.9/site-packages/airflow/example_dags/example_params_trigger_ui.py took 0.061 seconds
[2025-04-23T05:02:13.382+0100] {processor.py:186} INFO - Started process (PID=75232) to work on /Users/francisayanbadejo/venvs_projects/my_proj/lib/python3.9/site-packages/airflow/example_dags/example_params_trigger_ui.py
[2025-04-23T05:02:13.383+0100] {processor.py:914} INFO - Processing file /Users/francisayanbadejo/venvs_projects/my_proj/lib/python3.9/site-packages/airflow/example_dags/example_params_trigger_ui.py for tasks to queue
[2025-04-23T05:02:13.384+0100] {logging_mixin.py:190} INFO - [2025-04-23T05:02:13.383+0100] {dagbag.py:588} INFO - Filling up the DagBag from /Users/francisayanbadejo/venvs_projects/my_proj/lib/python3.9/site-packages/airflow/example_dags/example_params_trigger_ui.py
[2025-04-23T05:02:13.394+0100] {processor.py:925} INFO - DAG(s) 'example_params_trigger_ui' retrieved from /Users/francisayanbadejo/venvs_projects/my_proj/lib/python3.9/site-packages/airflow/example_dags/example_params_trigger_ui.py
[2025-04-23T05:02:13.433+0100] {logging_mixin.py:190} INFO - [2025-04-23T05:02:13.433+0100] {dag.py:3239} INFO - Sync 1 DAGs
[2025-04-23T05:02:13.437+0100] {logging_mixin.py:190} INFO - [2025-04-23T05:02:13.437+0100] {dag.py:4180} INFO - Setting next_dagrun for example_params_trigger_ui to None, run_after=None
[2025-04-23T05:02:13.442+0100] {processor.py:208} INFO - Processing /Users/francisayanbadejo/venvs_projects/my_proj/lib/python3.9/site-packages/airflow/example_dags/example_params_trigger_ui.py took 0.061 seconds
[2025-04-23T05:04:08.211+0100] {processor.py:186} INFO - Started process (PID=75479) to work on /Users/francisayanbadejo/venvs_projects/my_proj/lib/python3.9/site-packages/airflow/example_dags/example_params_trigger_ui.py
[2025-04-23T05:04:08.212+0100] {processor.py:914} INFO - Processing file /Users/francisayanbadejo/venvs_projects/my_proj/lib/python3.9/site-packages/airflow/example_dags/example_params_trigger_ui.py for tasks to queue
[2025-04-23T05:04:08.213+0100] {logging_mixin.py:190} INFO - [2025-04-23T05:04:08.213+0100] {dagbag.py:588} INFO - Filling up the DagBag from /Users/francisayanbadejo/venvs_projects/my_proj/lib/python3.9/site-packages/airflow/example_dags/example_params_trigger_ui.py
[2025-04-23T05:04:08.224+0100] {processor.py:925} INFO - DAG(s) 'example_params_trigger_ui' retrieved from /Users/francisayanbadejo/venvs_projects/my_proj/lib/python3.9/site-packages/airflow/example_dags/example_params_trigger_ui.py
[2025-04-23T05:04:08.263+0100] {logging_mixin.py:190} INFO - [2025-04-23T05:04:08.263+0100] {dag.py:3239} INFO - Sync 1 DAGs
[2025-04-23T05:04:08.266+0100] {logging_mixin.py:190} INFO - [2025-04-23T05:04:08.266+0100] {dag.py:4180} INFO - Setting next_dagrun for example_params_trigger_ui to None, run_after=None
[2025-04-23T05:04:08.271+0100] {processor.py:208} INFO - Processing /Users/francisayanbadejo/venvs_projects/my_proj/lib/python3.9/site-packages/airflow/example_dags/example_params_trigger_ui.py took 0.062 seconds
[2025-04-23T05:05:55.809+0100] {processor.py:186} INFO - Started process (PID=75731) to work on /Users/francisayanbadejo/venvs_projects/my_proj/lib/python3.9/site-packages/airflow/example_dags/example_params_trigger_ui.py
[2025-04-23T05:05:55.811+0100] {processor.py:914} INFO - Processing file /Users/francisayanbadejo/venvs_projects/my_proj/lib/python3.9/site-packages/airflow/example_dags/example_params_trigger_ui.py for tasks to queue
[2025-04-23T05:05:55.812+0100] {logging_mixin.py:190} INFO - [2025-04-23T05:05:55.812+0100] {dagbag.py:588} INFO - Filling up the DagBag from /Users/francisayanbadejo/venvs_projects/my_proj/lib/python3.9/site-packages/airflow/example_dags/example_params_trigger_ui.py
[2025-04-23T05:05:55.822+0100] {processor.py:925} INFO - DAG(s) 'example_params_trigger_ui' retrieved from /Users/francisayanbadejo/venvs_projects/my_proj/lib/python3.9/site-packages/airflow/example_dags/example_params_trigger_ui.py
[2025-04-23T05:05:55.862+0100] {logging_mixin.py:190} INFO - [2025-04-23T05:05:55.861+0100] {dag.py:3239} INFO - Sync 1 DAGs
[2025-04-23T05:05:55.865+0100] {logging_mixin.py:190} INFO - [2025-04-23T05:05:55.865+0100] {dag.py:4180} INFO - Setting next_dagrun for example_params_trigger_ui to None, run_after=None
[2025-04-23T05:05:55.870+0100] {processor.py:208} INFO - Processing /Users/francisayanbadejo/venvs_projects/my_proj/lib/python3.9/site-packages/airflow/example_dags/example_params_trigger_ui.py took 0.062 seconds
[2025-04-23T05:07:48.579+0100] {processor.py:186} INFO - Started process (PID=75947) to work on /Users/francisayanbadejo/venvs_projects/my_proj/lib/python3.9/site-packages/airflow/example_dags/example_params_trigger_ui.py
[2025-04-23T05:07:48.581+0100] {processor.py:914} INFO - Processing file /Users/francisayanbadejo/venvs_projects/my_proj/lib/python3.9/site-packages/airflow/example_dags/example_params_trigger_ui.py for tasks to queue
[2025-04-23T05:07:48.582+0100] {logging_mixin.py:190} INFO - [2025-04-23T05:07:48.581+0100] {dagbag.py:588} INFO - Filling up the DagBag from /Users/francisayanbadejo/venvs_projects/my_proj/lib/python3.9/site-packages/airflow/example_dags/example_params_trigger_ui.py
[2025-04-23T05:07:48.592+0100] {processor.py:925} INFO - DAG(s) 'example_params_trigger_ui' retrieved from /Users/francisayanbadejo/venvs_projects/my_proj/lib/python3.9/site-packages/airflow/example_dags/example_params_trigger_ui.py
[2025-04-23T05:07:48.631+0100] {logging_mixin.py:190} INFO - [2025-04-23T05:07:48.631+0100] {dag.py:3239} INFO - Sync 1 DAGs
[2025-04-23T05:07:48.634+0100] {logging_mixin.py:190} INFO - [2025-04-23T05:07:48.634+0100] {dag.py:4180} INFO - Setting next_dagrun for example_params_trigger_ui to None, run_after=None
[2025-04-23T05:07:48.639+0100] {processor.py:208} INFO - Processing /Users/francisayanbadejo/venvs_projects/my_proj/lib/python3.9/site-packages/airflow/example_dags/example_params_trigger_ui.py took 0.061 seconds
[2025-04-23T05:09:39.097+0100] {processor.py:186} INFO - Started process (PID=76481) to work on /Users/francisayanbadejo/venvs_projects/my_proj/lib/python3.9/site-packages/airflow/example_dags/example_params_trigger_ui.py
[2025-04-23T05:09:39.098+0100] {processor.py:914} INFO - Processing file /Users/francisayanbadejo/venvs_projects/my_proj/lib/python3.9/site-packages/airflow/example_dags/example_params_trigger_ui.py for tasks to queue
[2025-04-23T05:09:39.099+0100] {logging_mixin.py:190} INFO - [2025-04-23T05:09:39.099+0100] {dagbag.py:588} INFO - Filling up the DagBag from /Users/francisayanbadejo/venvs_projects/my_proj/lib/python3.9/site-packages/airflow/example_dags/example_params_trigger_ui.py
[2025-04-23T05:09:39.109+0100] {processor.py:925} INFO - DAG(s) 'example_params_trigger_ui' retrieved from /Users/francisayanbadejo/venvs_projects/my_proj/lib/python3.9/site-packages/airflow/example_dags/example_params_trigger_ui.py
[2025-04-23T05:09:39.148+0100] {logging_mixin.py:190} INFO - [2025-04-23T05:09:39.148+0100] {dag.py:3239} INFO - Sync 1 DAGs
[2025-04-23T05:09:39.151+0100] {logging_mixin.py:190} INFO - [2025-04-23T05:09:39.151+0100] {dag.py:4180} INFO - Setting next_dagrun for example_params_trigger_ui to None, run_after=None
[2025-04-23T05:09:39.156+0100] {processor.py:208} INFO - Processing /Users/francisayanbadejo/venvs_projects/my_proj/lib/python3.9/site-packages/airflow/example_dags/example_params_trigger_ui.py took 0.061 seconds
[2025-04-23T05:19:04.418+0100] {processor.py:186} INFO - Started process (PID=77373) to work on /Users/francisayanbadejo/venvs_projects/my_proj/lib/python3.9/site-packages/airflow/example_dags/example_params_trigger_ui.py
[2025-04-23T05:19:04.419+0100] {processor.py:914} INFO - Processing file /Users/francisayanbadejo/venvs_projects/my_proj/lib/python3.9/site-packages/airflow/example_dags/example_params_trigger_ui.py for tasks to queue
[2025-04-23T05:19:04.420+0100] {logging_mixin.py:190} INFO - [2025-04-23T05:19:04.420+0100] {dagbag.py:588} INFO - Filling up the DagBag from /Users/francisayanbadejo/venvs_projects/my_proj/lib/python3.9/site-packages/airflow/example_dags/example_params_trigger_ui.py
[2025-04-23T05:19:04.430+0100] {processor.py:925} INFO - DAG(s) 'example_params_trigger_ui' retrieved from /Users/francisayanbadejo/venvs_projects/my_proj/lib/python3.9/site-packages/airflow/example_dags/example_params_trigger_ui.py
[2025-04-23T05:19:04.469+0100] {logging_mixin.py:190} INFO - [2025-04-23T05:19:04.468+0100] {dag.py:3239} INFO - Sync 1 DAGs
[2025-04-23T05:19:04.472+0100] {logging_mixin.py:190} INFO - [2025-04-23T05:19:04.472+0100] {dag.py:4180} INFO - Setting next_dagrun for example_params_trigger_ui to None, run_after=None
[2025-04-23T05:19:04.477+0100] {processor.py:208} INFO - Processing /Users/francisayanbadejo/venvs_projects/my_proj/lib/python3.9/site-packages/airflow/example_dags/example_params_trigger_ui.py took 0.060 seconds
[2025-04-23T05:20:33.569+0100] {processor.py:186} INFO - Started process (PID=77518) to work on /Users/francisayanbadejo/venvs_projects/my_proj/lib/python3.9/site-packages/airflow/example_dags/example_params_trigger_ui.py
[2025-04-23T05:20:33.571+0100] {processor.py:914} INFO - Processing file /Users/francisayanbadejo/venvs_projects/my_proj/lib/python3.9/site-packages/airflow/example_dags/example_params_trigger_ui.py for tasks to queue
[2025-04-23T05:20:33.571+0100] {logging_mixin.py:190} INFO - [2025-04-23T05:20:33.571+0100] {dagbag.py:588} INFO - Filling up the DagBag from /Users/francisayanbadejo/venvs_projects/my_proj/lib/python3.9/site-packages/airflow/example_dags/example_params_trigger_ui.py
[2025-04-23T05:20:33.582+0100] {processor.py:925} INFO - DAG(s) 'example_params_trigger_ui' retrieved from /Users/francisayanbadejo/venvs_projects/my_proj/lib/python3.9/site-packages/airflow/example_dags/example_params_trigger_ui.py
[2025-04-23T05:20:33.620+0100] {logging_mixin.py:190} INFO - [2025-04-23T05:20:33.620+0100] {dag.py:3239} INFO - Sync 1 DAGs
[2025-04-23T05:20:33.623+0100] {logging_mixin.py:190} INFO - [2025-04-23T05:20:33.623+0100] {dag.py:4180} INFO - Setting next_dagrun for example_params_trigger_ui to None, run_after=None
[2025-04-23T05:20:33.628+0100] {processor.py:208} INFO - Processing /Users/francisayanbadejo/venvs_projects/my_proj/lib/python3.9/site-packages/airflow/example_dags/example_params_trigger_ui.py took 0.060 seconds
[2025-04-23T12:30:35.792+0100] {processor.py:186} INFO - Started process (PID=86422) to work on /Users/francisayanbadejo/venvs_projects/my_proj/lib/python3.9/site-packages/airflow/example_dags/example_params_trigger_ui.py
[2025-04-23T12:30:35.793+0100] {processor.py:914} INFO - Processing file /Users/francisayanbadejo/venvs_projects/my_proj/lib/python3.9/site-packages/airflow/example_dags/example_params_trigger_ui.py for tasks to queue
[2025-04-23T12:30:35.794+0100] {logging_mixin.py:190} INFO - [2025-04-23T12:30:35.794+0100] {dagbag.py:588} INFO - Filling up the DagBag from /Users/francisayanbadejo/venvs_projects/my_proj/lib/python3.9/site-packages/airflow/example_dags/example_params_trigger_ui.py
[2025-04-23T12:30:35.806+0100] {processor.py:925} INFO - DAG(s) 'example_params_trigger_ui' retrieved from /Users/francisayanbadejo/venvs_projects/my_proj/lib/python3.9/site-packages/airflow/example_dags/example_params_trigger_ui.py
[2025-04-23T12:30:35.847+0100] {logging_mixin.py:190} INFO - [2025-04-23T12:30:35.847+0100] {dag.py:3239} INFO - Sync 1 DAGs
[2025-04-23T12:30:35.851+0100] {logging_mixin.py:190} INFO - [2025-04-23T12:30:35.851+0100] {dag.py:4180} INFO - Setting next_dagrun for example_params_trigger_ui to None, run_after=None
[2025-04-23T12:30:35.856+0100] {processor.py:208} INFO - Processing /Users/francisayanbadejo/venvs_projects/my_proj/lib/python3.9/site-packages/airflow/example_dags/example_params_trigger_ui.py took 0.066 seconds
