[2025-04-23T02:28:26.138+0100] {processor.py:186} INFO - Started process (PID=57640) to work on /Users/francisayanbadejo/venvs_projects/my_proj/lib/python3.9/site-packages/airflow/example_dags/example_trigger_controller_dag.py
[2025-04-23T02:28:26.139+0100] {processor.py:914} INFO - Processing file /Users/francisayanbadejo/venvs_projects/my_proj/lib/python3.9/site-packages/airflow/example_dags/example_trigger_controller_dag.py for tasks to queue
[2025-04-23T02:28:26.140+0100] {logging_mixin.py:190} INFO - [2025-04-23T02:28:26.140+0100] {dagbag.py:588} INFO - Filling up the DagBag from /Users/francisayanbadejo/venvs_projects/my_proj/lib/python3.9/site-packages/airflow/example_dags/example_trigger_controller_dag.py
[2025-04-23T02:28:26.143+0100] {processor.py:925} INFO - DAG(s) 'example_trigger_controller_dag' retrieved from /Users/francisayanbadejo/venvs_projects/my_proj/lib/python3.9/site-packages/airflow/example_dags/example_trigger_controller_dag.py
[2025-04-23T02:28:26.195+0100] {logging_mixin.py:190} INFO - [2025-04-23T02:28:26.195+0100] {override.py:1930} INFO - Created Permission View: can edit on DAG:example_trigger_controller_dag
[2025-04-23T02:28:26.197+0100] {logging_mixin.py:190} INFO - [2025-04-23T02:28:26.197+0100] {override.py:1930} INFO - Created Permission View: can delete on DAG:example_trigger_controller_dag
[2025-04-23T02:28:26.199+0100] {logging_mixin.py:190} INFO - [2025-04-23T02:28:26.199+0100] {override.py:1930} INFO - Created Permission View: can read on DAG:example_trigger_controller_dag
[2025-04-23T02:28:26.201+0100] {logging_mixin.py:190} INFO - [2025-04-23T02:28:26.201+0100] {override.py:1930} INFO - Created Permission View: can create on DAG Run:example_trigger_controller_dag
[2025-04-23T02:28:26.203+0100] {logging_mixin.py:190} INFO - [2025-04-23T02:28:26.202+0100] {override.py:1930} INFO - Created Permission View: can delete on DAG Run:example_trigger_controller_dag
[2025-04-23T02:28:26.204+0100] {logging_mixin.py:190} INFO - [2025-04-23T02:28:26.204+0100] {override.py:1930} INFO - Created Permission View: menu access on DAG Run:example_trigger_controller_dag
[2025-04-23T02:28:26.205+0100] {logging_mixin.py:190} INFO - [2025-04-23T02:28:26.205+0100] {override.py:1930} INFO - Created Permission View: can read on DAG Run:example_trigger_controller_dag
[2025-04-23T02:28:26.205+0100] {logging_mixin.py:190} INFO - [2025-04-23T02:28:26.205+0100] {dag.py:3239} INFO - Sync 1 DAGs
[2025-04-23T02:28:26.209+0100] {logging_mixin.py:190} INFO - [2025-04-23T02:28:26.209+0100] {dag.py:3262} INFO - Creating ORM DAG for example_trigger_controller_dag
[2025-04-23T02:28:26.211+0100] {logging_mixin.py:190} INFO - [2025-04-23T02:28:26.211+0100] {dag.py:4180} INFO - Setting next_dagrun for example_trigger_controller_dag to 2021-01-01 00:00:00+00:00, run_after=2021-01-01 00:00:00+00:00
[2025-04-23T02:28:26.215+0100] {processor.py:208} INFO - Processing /Users/francisayanbadejo/venvs_projects/my_proj/lib/python3.9/site-packages/airflow/example_dags/example_trigger_controller_dag.py took 0.078 seconds
[2025-04-23T02:29:53.589+0100] {processor.py:186} INFO - Started process (PID=57827) to work on /Users/francisayanbadejo/venvs_projects/my_proj/lib/python3.9/site-packages/airflow/example_dags/example_trigger_controller_dag.py
[2025-04-23T02:29:53.590+0100] {processor.py:914} INFO - Processing file /Users/francisayanbadejo/venvs_projects/my_proj/lib/python3.9/site-packages/airflow/example_dags/example_trigger_controller_dag.py for tasks to queue
[2025-04-23T02:29:53.590+0100] {logging_mixin.py:190} INFO - [2025-04-23T02:29:53.590+0100] {dagbag.py:588} INFO - Filling up the DagBag from /Users/francisayanbadejo/venvs_projects/my_proj/lib/python3.9/site-packages/airflow/example_dags/example_trigger_controller_dag.py
[2025-04-23T02:29:53.594+0100] {processor.py:925} INFO - DAG(s) 'example_trigger_controller_dag' retrieved from /Users/francisayanbadejo/venvs_projects/my_proj/lib/python3.9/site-packages/airflow/example_dags/example_trigger_controller_dag.py
[2025-04-23T02:29:53.625+0100] {logging_mixin.py:190} INFO - [2025-04-23T02:29:53.624+0100] {dag.py:3239} INFO - Sync 1 DAGs
[2025-04-23T02:29:53.630+0100] {logging_mixin.py:190} INFO - [2025-04-23T02:29:53.630+0100] {dag.py:4180} INFO - Setting next_dagrun for example_trigger_controller_dag to 2021-01-01 00:00:00+00:00, run_after=2021-01-01 00:00:00+00:00
[2025-04-23T02:29:53.635+0100] {processor.py:208} INFO - Processing /Users/francisayanbadejo/venvs_projects/my_proj/lib/python3.9/site-packages/airflow/example_dags/example_trigger_controller_dag.py took 0.047 seconds
[2025-04-23T02:30:51.071+0100] {processor.py:186} INFO - Started process (PID=57914) to work on /Users/francisayanbadejo/venvs_projects/my_proj/lib/python3.9/site-packages/airflow/example_dags/example_trigger_controller_dag.py
[2025-04-23T02:30:51.072+0100] {processor.py:914} INFO - Processing file /Users/francisayanbadejo/venvs_projects/my_proj/lib/python3.9/site-packages/airflow/example_dags/example_trigger_controller_dag.py for tasks to queue
[2025-04-23T02:30:51.073+0100] {logging_mixin.py:190} INFO - [2025-04-23T02:30:51.073+0100] {dagbag.py:588} INFO - Filling up the DagBag from /Users/francisayanbadejo/venvs_projects/my_proj/lib/python3.9/site-packages/airflow/example_dags/example_trigger_controller_dag.py
[2025-04-23T02:30:51.077+0100] {processor.py:925} INFO - DAG(s) 'example_trigger_controller_dag' retrieved from /Users/francisayanbadejo/venvs_projects/my_proj/lib/python3.9/site-packages/airflow/example_dags/example_trigger_controller_dag.py
[2025-04-23T02:30:51.106+0100] {logging_mixin.py:190} INFO - [2025-04-23T02:30:51.106+0100] {dag.py:3239} INFO - Sync 1 DAGs
[2025-04-23T02:30:51.111+0100] {logging_mixin.py:190} INFO - [2025-04-23T02:30:51.111+0100] {dag.py:4180} INFO - Setting next_dagrun for example_trigger_controller_dag to 2021-01-01 00:00:00+00:00, run_after=2021-01-01 00:00:00+00:00
[2025-04-23T02:30:51.116+0100] {processor.py:208} INFO - Processing /Users/francisayanbadejo/venvs_projects/my_proj/lib/python3.9/site-packages/airflow/example_dags/example_trigger_controller_dag.py took 0.046 seconds
[2025-04-23T02:31:44.221+0100] {processor.py:186} INFO - Started process (PID=58030) to work on /Users/francisayanbadejo/venvs_projects/my_proj/lib/python3.9/site-packages/airflow/example_dags/example_trigger_controller_dag.py
[2025-04-23T02:31:44.223+0100] {processor.py:914} INFO - Processing file /Users/francisayanbadejo/venvs_projects/my_proj/lib/python3.9/site-packages/airflow/example_dags/example_trigger_controller_dag.py for tasks to queue
[2025-04-23T02:31:44.223+0100] {logging_mixin.py:190} INFO - [2025-04-23T02:31:44.223+0100] {dagbag.py:588} INFO - Filling up the DagBag from /Users/francisayanbadejo/venvs_projects/my_proj/lib/python3.9/site-packages/airflow/example_dags/example_trigger_controller_dag.py
[2025-04-23T02:31:44.227+0100] {processor.py:925} INFO - DAG(s) 'example_trigger_controller_dag' retrieved from /Users/francisayanbadejo/venvs_projects/my_proj/lib/python3.9/site-packages/airflow/example_dags/example_trigger_controller_dag.py
[2025-04-23T02:31:44.257+0100] {logging_mixin.py:190} INFO - [2025-04-23T02:31:44.257+0100] {dag.py:3239} INFO - Sync 1 DAGs
[2025-04-23T02:31:44.262+0100] {logging_mixin.py:190} INFO - [2025-04-23T02:31:44.262+0100] {dag.py:4180} INFO - Setting next_dagrun for example_trigger_controller_dag to 2021-01-01 00:00:00+00:00, run_after=2021-01-01 00:00:00+00:00
[2025-04-23T02:31:44.266+0100] {processor.py:208} INFO - Processing /Users/francisayanbadejo/venvs_projects/my_proj/lib/python3.9/site-packages/airflow/example_dags/example_trigger_controller_dag.py took 0.046 seconds
[2025-04-23T02:32:38.332+0100] {processor.py:186} INFO - Started process (PID=58165) to work on /Users/francisayanbadejo/venvs_projects/my_proj/lib/python3.9/site-packages/airflow/example_dags/example_trigger_controller_dag.py
[2025-04-23T02:32:38.333+0100] {processor.py:914} INFO - Processing file /Users/francisayanbadejo/venvs_projects/my_proj/lib/python3.9/site-packages/airflow/example_dags/example_trigger_controller_dag.py for tasks to queue
[2025-04-23T02:32:38.334+0100] {logging_mixin.py:190} INFO - [2025-04-23T02:32:38.333+0100] {dagbag.py:588} INFO - Filling up the DagBag from /Users/francisayanbadejo/venvs_projects/my_proj/lib/python3.9/site-packages/airflow/example_dags/example_trigger_controller_dag.py
[2025-04-23T02:32:38.337+0100] {processor.py:925} INFO - DAG(s) 'example_trigger_controller_dag' retrieved from /Users/francisayanbadejo/venvs_projects/my_proj/lib/python3.9/site-packages/airflow/example_dags/example_trigger_controller_dag.py
[2025-04-23T02:32:38.367+0100] {logging_mixin.py:190} INFO - [2025-04-23T02:32:38.367+0100] {dag.py:3239} INFO - Sync 1 DAGs
[2025-04-23T02:32:38.372+0100] {logging_mixin.py:190} INFO - [2025-04-23T02:32:38.372+0100] {dag.py:4180} INFO - Setting next_dagrun for example_trigger_controller_dag to 2021-01-01 00:00:00+00:00, run_after=2021-01-01 00:00:00+00:00
[2025-04-23T02:32:38.377+0100] {processor.py:208} INFO - Processing /Users/francisayanbadejo/venvs_projects/my_proj/lib/python3.9/site-packages/airflow/example_dags/example_trigger_controller_dag.py took 0.046 seconds
[2025-04-23T02:33:32.854+0100] {processor.py:186} INFO - Started process (PID=58271) to work on /Users/francisayanbadejo/venvs_projects/my_proj/lib/python3.9/site-packages/airflow/example_dags/example_trigger_controller_dag.py
[2025-04-23T02:33:32.855+0100] {processor.py:914} INFO - Processing file /Users/francisayanbadejo/venvs_projects/my_proj/lib/python3.9/site-packages/airflow/example_dags/example_trigger_controller_dag.py for tasks to queue
[2025-04-23T02:33:32.856+0100] {logging_mixin.py:190} INFO - [2025-04-23T02:33:32.856+0100] {dagbag.py:588} INFO - Filling up the DagBag from /Users/francisayanbadejo/venvs_projects/my_proj/lib/python3.9/site-packages/airflow/example_dags/example_trigger_controller_dag.py
[2025-04-23T02:33:32.859+0100] {processor.py:925} INFO - DAG(s) 'example_trigger_controller_dag' retrieved from /Users/francisayanbadejo/venvs_projects/my_proj/lib/python3.9/site-packages/airflow/example_dags/example_trigger_controller_dag.py
[2025-04-23T02:33:32.889+0100] {logging_mixin.py:190} INFO - [2025-04-23T02:33:32.889+0100] {dag.py:3239} INFO - Sync 1 DAGs
[2025-04-23T02:33:32.894+0100] {logging_mixin.py:190} INFO - [2025-04-23T02:33:32.894+0100] {dag.py:4180} INFO - Setting next_dagrun for example_trigger_controller_dag to 2021-01-01 00:00:00+00:00, run_after=2021-01-01 00:00:00+00:00
[2025-04-23T02:33:32.899+0100] {processor.py:208} INFO - Processing /Users/francisayanbadejo/venvs_projects/my_proj/lib/python3.9/site-packages/airflow/example_dags/example_trigger_controller_dag.py took 0.047 seconds
[2025-04-23T02:34:17.472+0100] {processor.py:186} INFO - Started process (PID=58460) to work on /Users/francisayanbadejo/venvs_projects/my_proj/lib/python3.9/site-packages/airflow/example_dags/example_trigger_controller_dag.py
[2025-04-23T02:34:17.474+0100] {processor.py:914} INFO - Processing file /Users/francisayanbadejo/venvs_projects/my_proj/lib/python3.9/site-packages/airflow/example_dags/example_trigger_controller_dag.py for tasks to queue
[2025-04-23T02:34:17.474+0100] {logging_mixin.py:190} INFO - [2025-04-23T02:34:17.474+0100] {dagbag.py:588} INFO - Filling up the DagBag from /Users/francisayanbadejo/venvs_projects/my_proj/lib/python3.9/site-packages/airflow/example_dags/example_trigger_controller_dag.py
[2025-04-23T02:34:17.477+0100] {processor.py:925} INFO - DAG(s) 'example_trigger_controller_dag' retrieved from /Users/francisayanbadejo/venvs_projects/my_proj/lib/python3.9/site-packages/airflow/example_dags/example_trigger_controller_dag.py
[2025-04-23T02:34:17.508+0100] {logging_mixin.py:190} INFO - [2025-04-23T02:34:17.508+0100] {dag.py:3239} INFO - Sync 1 DAGs
[2025-04-23T02:34:17.513+0100] {logging_mixin.py:190} INFO - [2025-04-23T02:34:17.513+0100] {dag.py:4180} INFO - Setting next_dagrun for example_trigger_controller_dag to 2021-01-01 00:00:00+00:00, run_after=2021-01-01 00:00:00+00:00
[2025-04-23T02:34:17.518+0100] {processor.py:208} INFO - Processing /Users/francisayanbadejo/venvs_projects/my_proj/lib/python3.9/site-packages/airflow/example_dags/example_trigger_controller_dag.py took 0.047 seconds
[2025-04-23T02:35:40.606+0100] {processor.py:186} INFO - Started process (PID=58580) to work on /Users/francisayanbadejo/venvs_projects/my_proj/lib/python3.9/site-packages/airflow/example_dags/example_trigger_controller_dag.py
[2025-04-23T02:35:40.607+0100] {processor.py:914} INFO - Processing file /Users/francisayanbadejo/venvs_projects/my_proj/lib/python3.9/site-packages/airflow/example_dags/example_trigger_controller_dag.py for tasks to queue
[2025-04-23T02:35:40.608+0100] {logging_mixin.py:190} INFO - [2025-04-23T02:35:40.608+0100] {dagbag.py:588} INFO - Filling up the DagBag from /Users/francisayanbadejo/venvs_projects/my_proj/lib/python3.9/site-packages/airflow/example_dags/example_trigger_controller_dag.py
[2025-04-23T02:35:40.611+0100] {processor.py:925} INFO - DAG(s) 'example_trigger_controller_dag' retrieved from /Users/francisayanbadejo/venvs_projects/my_proj/lib/python3.9/site-packages/airflow/example_dags/example_trigger_controller_dag.py
[2025-04-23T02:35:40.641+0100] {logging_mixin.py:190} INFO - [2025-04-23T02:35:40.641+0100] {dag.py:3239} INFO - Sync 1 DAGs
[2025-04-23T02:35:40.646+0100] {logging_mixin.py:190} INFO - [2025-04-23T02:35:40.646+0100] {dag.py:4180} INFO - Setting next_dagrun for example_trigger_controller_dag to 2021-01-01 00:00:00+00:00, run_after=2021-01-01 00:00:00+00:00
[2025-04-23T02:35:40.651+0100] {processor.py:208} INFO - Processing /Users/francisayanbadejo/venvs_projects/my_proj/lib/python3.9/site-packages/airflow/example_dags/example_trigger_controller_dag.py took 0.046 seconds
[2025-04-23T02:36:34.394+0100] {processor.py:186} INFO - Started process (PID=58667) to work on /Users/francisayanbadejo/venvs_projects/my_proj/lib/python3.9/site-packages/airflow/example_dags/example_trigger_controller_dag.py
[2025-04-23T02:36:34.396+0100] {processor.py:914} INFO - Processing file /Users/francisayanbadejo/venvs_projects/my_proj/lib/python3.9/site-packages/airflow/example_dags/example_trigger_controller_dag.py for tasks to queue
[2025-04-23T02:36:34.396+0100] {logging_mixin.py:190} INFO - [2025-04-23T02:36:34.396+0100] {dagbag.py:588} INFO - Filling up the DagBag from /Users/francisayanbadejo/venvs_projects/my_proj/lib/python3.9/site-packages/airflow/example_dags/example_trigger_controller_dag.py
[2025-04-23T02:36:34.400+0100] {processor.py:925} INFO - DAG(s) 'example_trigger_controller_dag' retrieved from /Users/francisayanbadejo/venvs_projects/my_proj/lib/python3.9/site-packages/airflow/example_dags/example_trigger_controller_dag.py
[2025-04-23T02:36:34.428+0100] {logging_mixin.py:190} INFO - [2025-04-23T02:36:34.428+0100] {dag.py:3239} INFO - Sync 1 DAGs
[2025-04-23T02:36:34.433+0100] {logging_mixin.py:190} INFO - [2025-04-23T02:36:34.433+0100] {dag.py:4180} INFO - Setting next_dagrun for example_trigger_controller_dag to 2021-01-01 00:00:00+00:00, run_after=2021-01-01 00:00:00+00:00
[2025-04-23T02:36:34.438+0100] {processor.py:208} INFO - Processing /Users/francisayanbadejo/venvs_projects/my_proj/lib/python3.9/site-packages/airflow/example_dags/example_trigger_controller_dag.py took 0.045 seconds
[2025-04-23T02:37:29.067+0100] {processor.py:186} INFO - Started process (PID=58752) to work on /Users/francisayanbadejo/venvs_projects/my_proj/lib/python3.9/site-packages/airflow/example_dags/example_trigger_controller_dag.py
[2025-04-23T02:37:29.069+0100] {processor.py:914} INFO - Processing file /Users/francisayanbadejo/venvs_projects/my_proj/lib/python3.9/site-packages/airflow/example_dags/example_trigger_controller_dag.py for tasks to queue
[2025-04-23T02:37:29.069+0100] {logging_mixin.py:190} INFO - [2025-04-23T02:37:29.069+0100] {dagbag.py:588} INFO - Filling up the DagBag from /Users/francisayanbadejo/venvs_projects/my_proj/lib/python3.9/site-packages/airflow/example_dags/example_trigger_controller_dag.py
[2025-04-23T02:37:29.073+0100] {processor.py:925} INFO - DAG(s) 'example_trigger_controller_dag' retrieved from /Users/francisayanbadejo/venvs_projects/my_proj/lib/python3.9/site-packages/airflow/example_dags/example_trigger_controller_dag.py
[2025-04-23T02:37:29.104+0100] {logging_mixin.py:190} INFO - [2025-04-23T02:37:29.104+0100] {dag.py:3239} INFO - Sync 1 DAGs
[2025-04-23T02:37:29.109+0100] {logging_mixin.py:190} INFO - [2025-04-23T02:37:29.109+0100] {dag.py:4180} INFO - Setting next_dagrun for example_trigger_controller_dag to 2021-01-01 00:00:00+00:00, run_after=2021-01-01 00:00:00+00:00
[2025-04-23T02:37:29.114+0100] {processor.py:208} INFO - Processing /Users/francisayanbadejo/venvs_projects/my_proj/lib/python3.9/site-packages/airflow/example_dags/example_trigger_controller_dag.py took 0.048 seconds
[2025-04-23T02:38:24.038+0100] {processor.py:186} INFO - Started process (PID=58887) to work on /Users/francisayanbadejo/venvs_projects/my_proj/lib/python3.9/site-packages/airflow/example_dags/example_trigger_controller_dag.py
[2025-04-23T02:38:24.039+0100] {processor.py:914} INFO - Processing file /Users/francisayanbadejo/venvs_projects/my_proj/lib/python3.9/site-packages/airflow/example_dags/example_trigger_controller_dag.py for tasks to queue
[2025-04-23T02:38:24.040+0100] {logging_mixin.py:190} INFO - [2025-04-23T02:38:24.040+0100] {dagbag.py:588} INFO - Filling up the DagBag from /Users/francisayanbadejo/venvs_projects/my_proj/lib/python3.9/site-packages/airflow/example_dags/example_trigger_controller_dag.py
[2025-04-23T02:38:24.043+0100] {processor.py:925} INFO - DAG(s) 'example_trigger_controller_dag' retrieved from /Users/francisayanbadejo/venvs_projects/my_proj/lib/python3.9/site-packages/airflow/example_dags/example_trigger_controller_dag.py
[2025-04-23T02:38:24.073+0100] {logging_mixin.py:190} INFO - [2025-04-23T02:38:24.073+0100] {dag.py:3239} INFO - Sync 1 DAGs
[2025-04-23T02:38:24.079+0100] {logging_mixin.py:190} INFO - [2025-04-23T02:38:24.079+0100] {dag.py:4180} INFO - Setting next_dagrun for example_trigger_controller_dag to 2021-01-01 00:00:00+00:00, run_after=2021-01-01 00:00:00+00:00
[2025-04-23T02:38:24.084+0100] {processor.py:208} INFO - Processing /Users/francisayanbadejo/venvs_projects/my_proj/lib/python3.9/site-packages/airflow/example_dags/example_trigger_controller_dag.py took 0.047 seconds
