[2025-04-23T02:29:25.716+0100] {processor.py:186} INFO - Started process (PID=57763) to work on /Users/francisayanbadejo/venvs_projects/my_proj/lib/python3.9/site-packages/airflow/example_dags/example_branch_day_of_week_operator.py
[2025-04-23T02:29:25.717+0100] {processor.py:914} INFO - Processing file /Users/francisayanbadejo/venvs_projects/my_proj/lib/python3.9/site-packages/airflow/example_dags/example_branch_day_of_week_operator.py for tasks to queue
[2025-04-23T02:29:25.717+0100] {logging_mixin.py:190} INFO - [2025-04-23T02:29:25.717+0100] {dagbag.py:588} INFO - Filling up the DagBag from /Users/francisayanbadejo/venvs_projects/my_proj/lib/python3.9/site-packages/airflow/example_dags/example_branch_day_of_week_operator.py
[2025-04-23T02:29:25.721+0100] {processor.py:925} INFO - DAG(s) 'example_weekday_branch_operator' retrieved from /Users/francisayanbadejo/venvs_projects/my_proj/lib/python3.9/site-packages/airflow/example_dags/example_branch_day_of_week_operator.py
[2025-04-23T02:29:25.776+0100] {logging_mixin.py:190} INFO - [2025-04-23T02:29:25.776+0100] {override.py:1930} INFO - Created Permission View: can delete on DAG:example_weekday_branch_operator
[2025-04-23T02:29:25.779+0100] {logging_mixin.py:190} INFO - [2025-04-23T02:29:25.779+0100] {override.py:1930} INFO - Created Permission View: can read on DAG:example_weekday_branch_operator
[2025-04-23T02:29:25.780+0100] {logging_mixin.py:190} INFO - [2025-04-23T02:29:25.780+0100] {override.py:1930} INFO - Created Permission View: can edit on DAG:example_weekday_branch_operator
[2025-04-23T02:29:25.782+0100] {logging_mixin.py:190} INFO - [2025-04-23T02:29:25.782+0100] {override.py:1930} INFO - Created Permission View: can delete on DAG Run:example_weekday_branch_operator
[2025-04-23T02:29:25.784+0100] {logging_mixin.py:190} INFO - [2025-04-23T02:29:25.784+0100] {override.py:1930} INFO - Created Permission View: can create on DAG Run:example_weekday_branch_operator
[2025-04-23T02:29:25.785+0100] {logging_mixin.py:190} INFO - [2025-04-23T02:29:25.785+0100] {override.py:1930} INFO - Created Permission View: can read on DAG Run:example_weekday_branch_operator
[2025-04-23T02:29:25.787+0100] {logging_mixin.py:190} INFO - [2025-04-23T02:29:25.787+0100] {override.py:1930} INFO - Created Permission View: menu access on DAG Run:example_weekday_branch_operator
[2025-04-23T02:29:25.787+0100] {logging_mixin.py:190} INFO - [2025-04-23T02:29:25.787+0100] {dag.py:3239} INFO - Sync 1 DAGs
[2025-04-23T02:29:25.790+0100] {logging_mixin.py:190} INFO - [2025-04-23T02:29:25.790+0100] {dag.py:3262} INFO - Creating ORM DAG for example_weekday_branch_operator
[2025-04-23T02:29:25.793+0100] {logging_mixin.py:190} INFO - [2025-04-23T02:29:25.793+0100] {dag.py:4180} INFO - Setting next_dagrun for example_weekday_branch_operator to 2025-04-22 00:00:00+00:00, run_after=2025-04-23 00:00:00+00:00
[2025-04-23T02:29:25.797+0100] {processor.py:208} INFO - Processing /Users/francisayanbadejo/venvs_projects/my_proj/lib/python3.9/site-packages/airflow/example_dags/example_branch_day_of_week_operator.py took 0.083 seconds
[2025-04-23T02:31:15.630+0100] {processor.py:186} INFO - Started process (PID=57964) to work on /Users/francisayanbadejo/venvs_projects/my_proj/lib/python3.9/site-packages/airflow/example_dags/example_branch_day_of_week_operator.py
[2025-04-23T02:31:15.632+0100] {processor.py:914} INFO - Processing file /Users/francisayanbadejo/venvs_projects/my_proj/lib/python3.9/site-packages/airflow/example_dags/example_branch_day_of_week_operator.py for tasks to queue
[2025-04-23T02:31:15.633+0100] {logging_mixin.py:190} INFO - [2025-04-23T02:31:15.632+0100] {dagbag.py:588} INFO - Filling up the DagBag from /Users/francisayanbadejo/venvs_projects/my_proj/lib/python3.9/site-packages/airflow/example_dags/example_branch_day_of_week_operator.py
[2025-04-23T02:31:15.636+0100] {processor.py:925} INFO - DAG(s) 'example_weekday_branch_operator' retrieved from /Users/francisayanbadejo/venvs_projects/my_proj/lib/python3.9/site-packages/airflow/example_dags/example_branch_day_of_week_operator.py
[2025-04-23T02:31:15.667+0100] {logging_mixin.py:190} INFO - [2025-04-23T02:31:15.667+0100] {dag.py:3239} INFO - Sync 1 DAGs
[2025-04-23T02:31:15.673+0100] {logging_mixin.py:190} INFO - [2025-04-23T02:31:15.673+0100] {dag.py:4180} INFO - Setting next_dagrun for example_weekday_branch_operator to 2025-04-22 00:00:00+00:00, run_after=2025-04-23 00:00:00+00:00
[2025-04-23T02:31:15.678+0100] {processor.py:208} INFO - Processing /Users/francisayanbadejo/venvs_projects/my_proj/lib/python3.9/site-packages/airflow/example_dags/example_branch_day_of_week_operator.py took 0.048 seconds
[2025-04-23T02:33:05.169+0100] {processor.py:186} INFO - Started process (PID=58213) to work on /Users/francisayanbadejo/venvs_projects/my_proj/lib/python3.9/site-packages/airflow/example_dags/example_branch_day_of_week_operator.py
[2025-04-23T02:33:05.171+0100] {processor.py:914} INFO - Processing file /Users/francisayanbadejo/venvs_projects/my_proj/lib/python3.9/site-packages/airflow/example_dags/example_branch_day_of_week_operator.py for tasks to queue
[2025-04-23T02:33:05.172+0100] {logging_mixin.py:190} INFO - [2025-04-23T02:33:05.172+0100] {dagbag.py:588} INFO - Filling up the DagBag from /Users/francisayanbadejo/venvs_projects/my_proj/lib/python3.9/site-packages/airflow/example_dags/example_branch_day_of_week_operator.py
[2025-04-23T02:33:05.176+0100] {processor.py:925} INFO - DAG(s) 'example_weekday_branch_operator' retrieved from /Users/francisayanbadejo/venvs_projects/my_proj/lib/python3.9/site-packages/airflow/example_dags/example_branch_day_of_week_operator.py
[2025-04-23T02:33:05.207+0100] {logging_mixin.py:190} INFO - [2025-04-23T02:33:05.207+0100] {dag.py:3239} INFO - Sync 1 DAGs
[2025-04-23T02:33:05.212+0100] {logging_mixin.py:190} INFO - [2025-04-23T02:33:05.212+0100] {dag.py:4180} INFO - Setting next_dagrun for example_weekday_branch_operator to 2025-04-22 00:00:00+00:00, run_after=2025-04-23 00:00:00+00:00
[2025-04-23T02:33:05.217+0100] {processor.py:208} INFO - Processing /Users/francisayanbadejo/venvs_projects/my_proj/lib/python3.9/site-packages/airflow/example_dags/example_branch_day_of_week_operator.py took 0.049 seconds
[2025-04-23T02:35:13.871+0100] {processor.py:186} INFO - Started process (PID=58541) to work on /Users/francisayanbadejo/venvs_projects/my_proj/lib/python3.9/site-packages/airflow/example_dags/example_branch_day_of_week_operator.py
[2025-04-23T02:35:13.873+0100] {processor.py:914} INFO - Processing file /Users/francisayanbadejo/venvs_projects/my_proj/lib/python3.9/site-packages/airflow/example_dags/example_branch_day_of_week_operator.py for tasks to queue
[2025-04-23T02:35:13.874+0100] {logging_mixin.py:190} INFO - [2025-04-23T02:35:13.874+0100] {dagbag.py:588} INFO - Filling up the DagBag from /Users/francisayanbadejo/venvs_projects/my_proj/lib/python3.9/site-packages/airflow/example_dags/example_branch_day_of_week_operator.py
[2025-04-23T02:35:13.877+0100] {processor.py:925} INFO - DAG(s) 'example_weekday_branch_operator' retrieved from /Users/francisayanbadejo/venvs_projects/my_proj/lib/python3.9/site-packages/airflow/example_dags/example_branch_day_of_week_operator.py
[2025-04-23T02:35:13.909+0100] {logging_mixin.py:190} INFO - [2025-04-23T02:35:13.909+0100] {dag.py:3239} INFO - Sync 1 DAGs
[2025-04-23T02:35:13.915+0100] {logging_mixin.py:190} INFO - [2025-04-23T02:35:13.915+0100] {dag.py:4180} INFO - Setting next_dagrun for example_weekday_branch_operator to 2025-04-22 00:00:00+00:00, run_after=2025-04-23 00:00:00+00:00
[2025-04-23T02:35:13.919+0100] {processor.py:208} INFO - Processing /Users/francisayanbadejo/venvs_projects/my_proj/lib/python3.9/site-packages/airflow/example_dags/example_branch_day_of_week_operator.py took 0.049 seconds
[2025-04-23T02:37:01.405+0100] {processor.py:186} INFO - Started process (PID=58709) to work on /Users/francisayanbadejo/venvs_projects/my_proj/lib/python3.9/site-packages/airflow/example_dags/example_branch_day_of_week_operator.py
[2025-04-23T02:37:01.407+0100] {processor.py:914} INFO - Processing file /Users/francisayanbadejo/venvs_projects/my_proj/lib/python3.9/site-packages/airflow/example_dags/example_branch_day_of_week_operator.py for tasks to queue
[2025-04-23T02:37:01.408+0100] {logging_mixin.py:190} INFO - [2025-04-23T02:37:01.408+0100] {dagbag.py:588} INFO - Filling up the DagBag from /Users/francisayanbadejo/venvs_projects/my_proj/lib/python3.9/site-packages/airflow/example_dags/example_branch_day_of_week_operator.py
[2025-04-23T02:37:01.412+0100] {processor.py:925} INFO - DAG(s) 'example_weekday_branch_operator' retrieved from /Users/francisayanbadejo/venvs_projects/my_proj/lib/python3.9/site-packages/airflow/example_dags/example_branch_day_of_week_operator.py
[2025-04-23T02:37:01.442+0100] {logging_mixin.py:190} INFO - [2025-04-23T02:37:01.442+0100] {dag.py:3239} INFO - Sync 1 DAGs
[2025-04-23T02:37:01.448+0100] {logging_mixin.py:190} INFO - [2025-04-23T02:37:01.448+0100] {dag.py:4180} INFO - Setting next_dagrun for example_weekday_branch_operator to 2025-04-22 00:00:00+00:00, run_after=2025-04-23 00:00:00+00:00
[2025-04-23T02:37:01.453+0100] {processor.py:208} INFO - Processing /Users/francisayanbadejo/venvs_projects/my_proj/lib/python3.9/site-packages/airflow/example_dags/example_branch_day_of_week_operator.py took 0.048 seconds
