[2025-04-23T02:29:27.365+0100] {processor.py:186} INFO - Started process (PID=57765) to work on /Users/francisayanbadejo/venvs_projects/my_proj/lib/python3.9/site-packages/airflow/example_dags/example_branch_datetime_operator.py
[2025-04-23T02:29:27.366+0100] {processor.py:914} INFO - Processing file /Users/francisayanbadejo/venvs_projects/my_proj/lib/python3.9/site-packages/airflow/example_dags/example_branch_datetime_operator.py for tasks to queue
[2025-04-23T02:29:27.367+0100] {logging_mixin.py:190} INFO - [2025-04-23T02:29:27.367+0100] {dagbag.py:588} INFO - Filling up the DagBag from /Users/francisayanbadejo/venvs_projects/my_proj/lib/python3.9/site-packages/airflow/example_dags/example_branch_datetime_operator.py
[2025-04-23T02:29:27.371+0100] {processor.py:925} INFO - DAG(s) 'example_branch_datetime_operator', 'example_branch_datetime_operator_3', 'example_branch_datetime_operator_2' retrieved from /Users/francisayanbadejo/venvs_projects/my_proj/lib/python3.9/site-packages/airflow/example_dags/example_branch_datetime_operator.py
[2025-04-23T02:29:27.426+0100] {logging_mixin.py:190} INFO - [2025-04-23T02:29:27.426+0100] {override.py:1930} INFO - Created Permission View: can edit on DAG:example_branch_datetime_operator
[2025-04-23T02:29:27.428+0100] {logging_mixin.py:190} INFO - [2025-04-23T02:29:27.428+0100] {override.py:1930} INFO - Created Permission View: can delete on DAG:example_branch_datetime_operator
[2025-04-23T02:29:27.430+0100] {logging_mixin.py:190} INFO - [2025-04-23T02:29:27.430+0100] {override.py:1930} INFO - Created Permission View: can read on DAG:example_branch_datetime_operator
[2025-04-23T02:29:27.432+0100] {logging_mixin.py:190} INFO - [2025-04-23T02:29:27.431+0100] {override.py:1930} INFO - Created Permission View: can create on DAG Run:example_branch_datetime_operator
[2025-04-23T02:29:27.433+0100] {logging_mixin.py:190} INFO - [2025-04-23T02:29:27.433+0100] {override.py:1930} INFO - Created Permission View: can delete on DAG Run:example_branch_datetime_operator
[2025-04-23T02:29:27.434+0100] {logging_mixin.py:190} INFO - [2025-04-23T02:29:27.434+0100] {override.py:1930} INFO - Created Permission View: can read on DAG Run:example_branch_datetime_operator
[2025-04-23T02:29:27.436+0100] {logging_mixin.py:190} INFO - [2025-04-23T02:29:27.436+0100] {override.py:1930} INFO - Created Permission View: menu access on DAG Run:example_branch_datetime_operator
[2025-04-23T02:29:27.439+0100] {logging_mixin.py:190} INFO - [2025-04-23T02:29:27.439+0100] {override.py:1930} INFO - Created Permission View: can edit on DAG:example_branch_datetime_operator_3
[2025-04-23T02:29:27.441+0100] {logging_mixin.py:190} INFO - [2025-04-23T02:29:27.441+0100] {override.py:1930} INFO - Created Permission View: can delete on DAG:example_branch_datetime_operator_3
[2025-04-23T02:29:27.442+0100] {logging_mixin.py:190} INFO - [2025-04-23T02:29:27.442+0100] {override.py:1930} INFO - Created Permission View: can read on DAG:example_branch_datetime_operator_3
[2025-04-23T02:29:27.444+0100] {logging_mixin.py:190} INFO - [2025-04-23T02:29:27.444+0100] {override.py:1930} INFO - Created Permission View: can create on DAG Run:example_branch_datetime_operator_3
[2025-04-23T02:29:27.445+0100] {logging_mixin.py:190} INFO - [2025-04-23T02:29:27.445+0100] {override.py:1930} INFO - Created Permission View: can delete on DAG Run:example_branch_datetime_operator_3
[2025-04-23T02:29:27.447+0100] {logging_mixin.py:190} INFO - [2025-04-23T02:29:27.447+0100] {override.py:1930} INFO - Created Permission View: can read on DAG Run:example_branch_datetime_operator_3
[2025-04-23T02:29:27.448+0100] {logging_mixin.py:190} INFO - [2025-04-23T02:29:27.448+0100] {override.py:1930} INFO - Created Permission View: menu access on DAG Run:example_branch_datetime_operator_3
[2025-04-23T02:29:27.451+0100] {logging_mixin.py:190} INFO - [2025-04-23T02:29:27.451+0100] {override.py:1930} INFO - Created Permission View: can edit on DAG:example_branch_datetime_operator_2
[2025-04-23T02:29:27.452+0100] {logging_mixin.py:190} INFO - [2025-04-23T02:29:27.452+0100] {override.py:1930} INFO - Created Permission View: can delete on DAG:example_branch_datetime_operator_2
[2025-04-23T02:29:27.454+0100] {logging_mixin.py:190} INFO - [2025-04-23T02:29:27.454+0100] {override.py:1930} INFO - Created Permission View: can read on DAG:example_branch_datetime_operator_2
[2025-04-23T02:29:27.455+0100] {logging_mixin.py:190} INFO - [2025-04-23T02:29:27.455+0100] {override.py:1930} INFO - Created Permission View: can create on DAG Run:example_branch_datetime_operator_2
[2025-04-23T02:29:27.457+0100] {logging_mixin.py:190} INFO - [2025-04-23T02:29:27.457+0100] {override.py:1930} INFO - Created Permission View: can delete on DAG Run:example_branch_datetime_operator_2
[2025-04-23T02:29:27.458+0100] {logging_mixin.py:190} INFO - [2025-04-23T02:29:27.458+0100] {override.py:1930} INFO - Created Permission View: can read on DAG Run:example_branch_datetime_operator_2
[2025-04-23T02:29:27.459+0100] {logging_mixin.py:190} INFO - [2025-04-23T02:29:27.459+0100] {override.py:1930} INFO - Created Permission View: menu access on DAG Run:example_branch_datetime_operator_2
[2025-04-23T02:29:27.460+0100] {logging_mixin.py:190} INFO - [2025-04-23T02:29:27.459+0100] {dag.py:3239} INFO - Sync 3 DAGs
[2025-04-23T02:29:27.463+0100] {logging_mixin.py:190} INFO - [2025-04-23T02:29:27.463+0100] {dag.py:3262} INFO - Creating ORM DAG for example_branch_datetime_operator_3
[2025-04-23T02:29:27.463+0100] {logging_mixin.py:190} INFO - [2025-04-23T02:29:27.463+0100] {dag.py:3262} INFO - Creating ORM DAG for example_branch_datetime_operator
[2025-04-23T02:29:27.463+0100] {logging_mixin.py:190} INFO - [2025-04-23T02:29:27.463+0100] {dag.py:3262} INFO - Creating ORM DAG for example_branch_datetime_operator_2
[2025-04-23T02:29:27.466+0100] {logging_mixin.py:190} INFO - [2025-04-23T02:29:27.465+0100] {dag.py:4180} INFO - Setting next_dagrun for example_branch_datetime_operator to 2025-04-22 00:00:00+00:00, run_after=2025-04-23 00:00:00+00:00
[2025-04-23T02:29:27.466+0100] {logging_mixin.py:190} INFO - [2025-04-23T02:29:27.466+0100] {dag.py:4180} INFO - Setting next_dagrun for example_branch_datetime_operator_2 to 2025-04-22 00:00:00+00:00, run_after=2025-04-23 00:00:00+00:00
[2025-04-23T02:29:27.467+0100] {logging_mixin.py:190} INFO - [2025-04-23T02:29:27.467+0100] {dag.py:4180} INFO - Setting next_dagrun for example_branch_datetime_operator_3 to 2025-04-22 00:00:00+00:00, run_after=2025-04-23 00:00:00+00:00
[2025-04-23T02:29:27.471+0100] {processor.py:208} INFO - Processing /Users/francisayanbadejo/venvs_projects/my_proj/lib/python3.9/site-packages/airflow/example_dags/example_branch_datetime_operator.py took 0.107 seconds
[2025-04-23T02:31:17.271+0100] {processor.py:186} INFO - Started process (PID=57966) to work on /Users/francisayanbadejo/venvs_projects/my_proj/lib/python3.9/site-packages/airflow/example_dags/example_branch_datetime_operator.py
[2025-04-23T02:31:17.272+0100] {processor.py:914} INFO - Processing file /Users/francisayanbadejo/venvs_projects/my_proj/lib/python3.9/site-packages/airflow/example_dags/example_branch_datetime_operator.py for tasks to queue
[2025-04-23T02:31:17.273+0100] {logging_mixin.py:190} INFO - [2025-04-23T02:31:17.273+0100] {dagbag.py:588} INFO - Filling up the DagBag from /Users/francisayanbadejo/venvs_projects/my_proj/lib/python3.9/site-packages/airflow/example_dags/example_branch_datetime_operator.py
[2025-04-23T02:31:17.277+0100] {processor.py:925} INFO - DAG(s) 'example_branch_datetime_operator_3', 'example_branch_datetime_operator_2', 'example_branch_datetime_operator' retrieved from /Users/francisayanbadejo/venvs_projects/my_proj/lib/python3.9/site-packages/airflow/example_dags/example_branch_datetime_operator.py
[2025-04-23T02:31:17.311+0100] {logging_mixin.py:190} INFO - [2025-04-23T02:31:17.311+0100] {dag.py:3239} INFO - Sync 3 DAGs
[2025-04-23T02:31:17.316+0100] {logging_mixin.py:190} INFO - [2025-04-23T02:31:17.316+0100] {dag.py:4180} INFO - Setting next_dagrun for example_branch_datetime_operator to 2025-04-22 00:00:00+00:00, run_after=2025-04-23 00:00:00+00:00
[2025-04-23T02:31:17.317+0100] {logging_mixin.py:190} INFO - [2025-04-23T02:31:17.317+0100] {dag.py:4180} INFO - Setting next_dagrun for example_branch_datetime_operator_2 to 2025-04-22 00:00:00+00:00, run_after=2025-04-23 00:00:00+00:00
[2025-04-23T02:31:17.318+0100] {logging_mixin.py:190} INFO - [2025-04-23T02:31:17.318+0100] {dag.py:4180} INFO - Setting next_dagrun for example_branch_datetime_operator_3 to 2025-04-22 00:00:00+00:00, run_after=2025-04-23 00:00:00+00:00
[2025-04-23T02:31:17.323+0100] {processor.py:208} INFO - Processing /Users/francisayanbadejo/venvs_projects/my_proj/lib/python3.9/site-packages/airflow/example_dags/example_branch_datetime_operator.py took 0.053 seconds
[2025-04-23T02:33:06.845+0100] {processor.py:186} INFO - Started process (PID=58215) to work on /Users/francisayanbadejo/venvs_projects/my_proj/lib/python3.9/site-packages/airflow/example_dags/example_branch_datetime_operator.py
[2025-04-23T02:33:06.847+0100] {processor.py:914} INFO - Processing file /Users/francisayanbadejo/venvs_projects/my_proj/lib/python3.9/site-packages/airflow/example_dags/example_branch_datetime_operator.py for tasks to queue
[2025-04-23T02:33:06.847+0100] {logging_mixin.py:190} INFO - [2025-04-23T02:33:06.847+0100] {dagbag.py:588} INFO - Filling up the DagBag from /Users/francisayanbadejo/venvs_projects/my_proj/lib/python3.9/site-packages/airflow/example_dags/example_branch_datetime_operator.py
[2025-04-23T02:33:06.852+0100] {processor.py:925} INFO - DAG(s) 'example_branch_datetime_operator_3', 'example_branch_datetime_operator', 'example_branch_datetime_operator_2' retrieved from /Users/francisayanbadejo/venvs_projects/my_proj/lib/python3.9/site-packages/airflow/example_dags/example_branch_datetime_operator.py
[2025-04-23T02:33:06.885+0100] {logging_mixin.py:190} INFO - [2025-04-23T02:33:06.885+0100] {dag.py:3239} INFO - Sync 3 DAGs
[2025-04-23T02:33:06.891+0100] {logging_mixin.py:190} INFO - [2025-04-23T02:33:06.891+0100] {dag.py:4180} INFO - Setting next_dagrun for example_branch_datetime_operator to 2025-04-22 00:00:00+00:00, run_after=2025-04-23 00:00:00+00:00
[2025-04-23T02:33:06.892+0100] {logging_mixin.py:190} INFO - [2025-04-23T02:33:06.892+0100] {dag.py:4180} INFO - Setting next_dagrun for example_branch_datetime_operator_2 to 2025-04-22 00:00:00+00:00, run_after=2025-04-23 00:00:00+00:00
[2025-04-23T02:33:06.893+0100] {logging_mixin.py:190} INFO - [2025-04-23T02:33:06.893+0100] {dag.py:4180} INFO - Setting next_dagrun for example_branch_datetime_operator_3 to 2025-04-22 00:00:00+00:00, run_after=2025-04-23 00:00:00+00:00
[2025-04-23T02:33:06.898+0100] {processor.py:208} INFO - Processing /Users/francisayanbadejo/venvs_projects/my_proj/lib/python3.9/site-packages/airflow/example_dags/example_branch_datetime_operator.py took 0.054 seconds
[2025-04-23T02:35:14.529+0100] {processor.py:186} INFO - Started process (PID=58543) to work on /Users/francisayanbadejo/venvs_projects/my_proj/lib/python3.9/site-packages/airflow/example_dags/example_branch_datetime_operator.py
[2025-04-23T02:35:14.530+0100] {processor.py:914} INFO - Processing file /Users/francisayanbadejo/venvs_projects/my_proj/lib/python3.9/site-packages/airflow/example_dags/example_branch_datetime_operator.py for tasks to queue
[2025-04-23T02:35:14.531+0100] {logging_mixin.py:190} INFO - [2025-04-23T02:35:14.531+0100] {dagbag.py:588} INFO - Filling up the DagBag from /Users/francisayanbadejo/venvs_projects/my_proj/lib/python3.9/site-packages/airflow/example_dags/example_branch_datetime_operator.py
[2025-04-23T02:35:14.535+0100] {processor.py:925} INFO - DAG(s) 'example_branch_datetime_operator_2', 'example_branch_datetime_operator_3', 'example_branch_datetime_operator' retrieved from /Users/francisayanbadejo/venvs_projects/my_proj/lib/python3.9/site-packages/airflow/example_dags/example_branch_datetime_operator.py
[2025-04-23T02:35:14.571+0100] {logging_mixin.py:190} INFO - [2025-04-23T02:35:14.571+0100] {dag.py:3239} INFO - Sync 3 DAGs
[2025-04-23T02:35:14.576+0100] {logging_mixin.py:190} INFO - [2025-04-23T02:35:14.576+0100] {dag.py:4180} INFO - Setting next_dagrun for example_branch_datetime_operator to 2025-04-22 00:00:00+00:00, run_after=2025-04-23 00:00:00+00:00
[2025-04-23T02:35:14.578+0100] {logging_mixin.py:190} INFO - [2025-04-23T02:35:14.578+0100] {dag.py:4180} INFO - Setting next_dagrun for example_branch_datetime_operator_2 to 2025-04-22 00:00:00+00:00, run_after=2025-04-23 00:00:00+00:00
[2025-04-23T02:35:14.578+0100] {logging_mixin.py:190} INFO - [2025-04-23T02:35:14.578+0100] {dag.py:4180} INFO - Setting next_dagrun for example_branch_datetime_operator_3 to 2025-04-22 00:00:00+00:00, run_after=2025-04-23 00:00:00+00:00
[2025-04-23T02:35:14.583+0100] {processor.py:208} INFO - Processing /Users/francisayanbadejo/venvs_projects/my_proj/lib/python3.9/site-packages/airflow/example_dags/example_branch_datetime_operator.py took 0.056 seconds
[2025-04-23T02:37:03.036+0100] {processor.py:186} INFO - Started process (PID=58711) to work on /Users/francisayanbadejo/venvs_projects/my_proj/lib/python3.9/site-packages/airflow/example_dags/example_branch_datetime_operator.py
[2025-04-23T02:37:03.037+0100] {processor.py:914} INFO - Processing file /Users/francisayanbadejo/venvs_projects/my_proj/lib/python3.9/site-packages/airflow/example_dags/example_branch_datetime_operator.py for tasks to queue
[2025-04-23T02:37:03.038+0100] {logging_mixin.py:190} INFO - [2025-04-23T02:37:03.038+0100] {dagbag.py:588} INFO - Filling up the DagBag from /Users/francisayanbadejo/venvs_projects/my_proj/lib/python3.9/site-packages/airflow/example_dags/example_branch_datetime_operator.py
[2025-04-23T02:37:03.042+0100] {processor.py:925} INFO - DAG(s) 'example_branch_datetime_operator', 'example_branch_datetime_operator_3', 'example_branch_datetime_operator_2' retrieved from /Users/francisayanbadejo/venvs_projects/my_proj/lib/python3.9/site-packages/airflow/example_dags/example_branch_datetime_operator.py
[2025-04-23T02:37:03.075+0100] {logging_mixin.py:190} INFO - [2025-04-23T02:37:03.075+0100] {dag.py:3239} INFO - Sync 3 DAGs
[2025-04-23T02:37:03.081+0100] {logging_mixin.py:190} INFO - [2025-04-23T02:37:03.081+0100] {dag.py:4180} INFO - Setting next_dagrun for example_branch_datetime_operator to 2025-04-22 00:00:00+00:00, run_after=2025-04-23 00:00:00+00:00
[2025-04-23T02:37:03.082+0100] {logging_mixin.py:190} INFO - [2025-04-23T02:37:03.082+0100] {dag.py:4180} INFO - Setting next_dagrun for example_branch_datetime_operator_2 to 2025-04-22 00:00:00+00:00, run_after=2025-04-23 00:00:00+00:00
[2025-04-23T02:37:03.082+0100] {logging_mixin.py:190} INFO - [2025-04-23T02:37:03.082+0100] {dag.py:4180} INFO - Setting next_dagrun for example_branch_datetime_operator_3 to 2025-04-22 00:00:00+00:00, run_after=2025-04-23 00:00:00+00:00
[2025-04-23T02:37:03.087+0100] {processor.py:208} INFO - Processing /Users/francisayanbadejo/venvs_projects/my_proj/lib/python3.9/site-packages/airflow/example_dags/example_branch_datetime_operator.py took 0.052 seconds
