[2025-04-23T03:41:29.271+0100] {processor.py:186} INFO - Started process (PID=63410) to work on /Users/francisayanbadejo/venvs_projects/my_proj/lib/python3.9/site-packages/airflow/example_dags/example_python_decorator.py
[2025-04-23T03:41:29.272+0100] {processor.py:914} INFO - Processing file /Users/francisayanbadejo/venvs_projects/my_proj/lib/python3.9/site-packages/airflow/example_dags/example_python_decorator.py for tasks to queue
[2025-04-23T03:41:29.272+0100] {logging_mixin.py:190} INFO - [2025-04-23T03:41:29.272+0100] {dagbag.py:588} INFO - Filling up the DagBag from /Users/francisayanbadejo/venvs_projects/my_proj/lib/python3.9/site-packages/airflow/example_dags/example_python_decorator.py
[2025-04-23T03:41:29.283+0100] {logging_mixin.py:190} INFO - [2025-04-23T03:41:29.283+0100] {example_python_decorator.py:80} WARNING - The virtalenv_python example task requires virtualenv, please install it.
[2025-04-23T03:41:29.283+0100] {processor.py:925} INFO - DAG(s) 'example_python_decorator' retrieved from /Users/francisayanbadejo/venvs_projects/my_proj/lib/python3.9/site-packages/airflow/example_dags/example_python_decorator.py
[2025-04-23T03:41:29.338+0100] {logging_mixin.py:190} INFO - [2025-04-23T03:41:29.338+0100] {override.py:1930} INFO - Created Permission View: can read on DAG:example_python_decorator
[2025-04-23T03:41:29.341+0100] {logging_mixin.py:190} INFO - [2025-04-23T03:41:29.341+0100] {override.py:1930} INFO - Created Permission View: can edit on DAG:example_python_decorator
[2025-04-23T03:41:29.342+0100] {logging_mixin.py:190} INFO - [2025-04-23T03:41:29.342+0100] {override.py:1930} INFO - Created Permission View: can delete on DAG:example_python_decorator
[2025-04-23T03:41:29.344+0100] {logging_mixin.py:190} INFO - [2025-04-23T03:41:29.344+0100] {override.py:1930} INFO - Created Permission View: can read on DAG Run:example_python_decorator
[2025-04-23T03:41:29.345+0100] {logging_mixin.py:190} INFO - [2025-04-23T03:41:29.345+0100] {override.py:1930} INFO - Created Permission View: can delete on DAG Run:example_python_decorator
[2025-04-23T03:41:29.347+0100] {logging_mixin.py:190} INFO - [2025-04-23T03:41:29.347+0100] {override.py:1930} INFO - Created Permission View: menu access on DAG Run:example_python_decorator
[2025-04-23T03:41:29.348+0100] {logging_mixin.py:190} INFO - [2025-04-23T03:41:29.348+0100] {override.py:1930} INFO - Created Permission View: can create on DAG Run:example_python_decorator
[2025-04-23T03:41:29.348+0100] {logging_mixin.py:190} INFO - [2025-04-23T03:41:29.348+0100] {dag.py:3239} INFO - Sync 1 DAGs
[2025-04-23T03:41:29.352+0100] {logging_mixin.py:190} INFO - [2025-04-23T03:41:29.352+0100] {dag.py:3262} INFO - Creating ORM DAG for example_python_decorator
[2025-04-23T03:41:29.352+0100] {logging_mixin.py:190} INFO - [2025-04-23T03:41:29.352+0100] {dag.py:4180} INFO - Setting next_dagrun for example_python_decorator to None, run_after=None
[2025-04-23T03:41:29.357+0100] {processor.py:208} INFO - Processing /Users/francisayanbadejo/venvs_projects/my_proj/lib/python3.9/site-packages/airflow/example_dags/example_python_decorator.py took 0.087 seconds
[2025-04-23T03:44:53.092+0100] {processor.py:186} INFO - Started process (PID=64331) to work on /Users/francisayanbadejo/venvs_projects/my_proj/lib/python3.9/site-packages/airflow/example_dags/example_python_decorator.py
[2025-04-23T03:44:53.094+0100] {processor.py:914} INFO - Processing file /Users/francisayanbadejo/venvs_projects/my_proj/lib/python3.9/site-packages/airflow/example_dags/example_python_decorator.py for tasks to queue
[2025-04-23T03:44:53.095+0100] {logging_mixin.py:190} INFO - [2025-04-23T03:44:53.095+0100] {dagbag.py:588} INFO - Filling up the DagBag from /Users/francisayanbadejo/venvs_projects/my_proj/lib/python3.9/site-packages/airflow/example_dags/example_python_decorator.py
[2025-04-23T03:44:53.105+0100] {logging_mixin.py:190} INFO - [2025-04-23T03:44:53.104+0100] {example_python_decorator.py:80} WARNING - The virtalenv_python example task requires virtualenv, please install it.
[2025-04-23T03:44:53.105+0100] {processor.py:925} INFO - DAG(s) 'example_python_decorator' retrieved from /Users/francisayanbadejo/venvs_projects/my_proj/lib/python3.9/site-packages/airflow/example_dags/example_python_decorator.py
[2025-04-23T03:44:53.136+0100] {logging_mixin.py:190} INFO - [2025-04-23T03:44:53.136+0100] {dag.py:3239} INFO - Sync 1 DAGs
[2025-04-23T03:44:53.139+0100] {logging_mixin.py:190} INFO - [2025-04-23T03:44:53.139+0100] {dag.py:4180} INFO - Setting next_dagrun for example_python_decorator to None, run_after=None
[2025-04-23T03:44:53.145+0100] {processor.py:208} INFO - Processing /Users/francisayanbadejo/venvs_projects/my_proj/lib/python3.9/site-packages/airflow/example_dags/example_python_decorator.py took 0.054 seconds
[2025-04-23T03:46:20.183+0100] {processor.py:186} INFO - Started process (PID=64520) to work on /Users/francisayanbadejo/venvs_projects/my_proj/lib/python3.9/site-packages/airflow/example_dags/example_python_decorator.py
[2025-04-23T03:46:20.185+0100] {processor.py:914} INFO - Processing file /Users/francisayanbadejo/venvs_projects/my_proj/lib/python3.9/site-packages/airflow/example_dags/example_python_decorator.py for tasks to queue
[2025-04-23T03:46:20.185+0100] {logging_mixin.py:190} INFO - [2025-04-23T03:46:20.185+0100] {dagbag.py:588} INFO - Filling up the DagBag from /Users/francisayanbadejo/venvs_projects/my_proj/lib/python3.9/site-packages/airflow/example_dags/example_python_decorator.py
[2025-04-23T03:46:20.196+0100] {logging_mixin.py:190} INFO - [2025-04-23T03:46:20.196+0100] {example_python_decorator.py:80} WARNING - The virtalenv_python example task requires virtualenv, please install it.
[2025-04-23T03:46:20.197+0100] {processor.py:925} INFO - DAG(s) 'example_python_decorator' retrieved from /Users/francisayanbadejo/venvs_projects/my_proj/lib/python3.9/site-packages/airflow/example_dags/example_python_decorator.py
[2025-04-23T03:46:20.229+0100] {logging_mixin.py:190} INFO - [2025-04-23T03:46:20.229+0100] {dag.py:3239} INFO - Sync 1 DAGs
[2025-04-23T03:46:20.233+0100] {logging_mixin.py:190} INFO - [2025-04-23T03:46:20.233+0100] {dag.py:4180} INFO - Setting next_dagrun for example_python_decorator to None, run_after=None
[2025-04-23T03:46:20.239+0100] {processor.py:208} INFO - Processing /Users/francisayanbadejo/venvs_projects/my_proj/lib/python3.9/site-packages/airflow/example_dags/example_python_decorator.py took 0.057 seconds
[2025-04-23T03:48:08.520+0100] {processor.py:186} INFO - Started process (PID=64761) to work on /Users/francisayanbadejo/venvs_projects/my_proj/lib/python3.9/site-packages/airflow/example_dags/example_python_decorator.py
[2025-04-23T03:48:08.521+0100] {processor.py:914} INFO - Processing file /Users/francisayanbadejo/venvs_projects/my_proj/lib/python3.9/site-packages/airflow/example_dags/example_python_decorator.py for tasks to queue
[2025-04-23T03:48:08.522+0100] {logging_mixin.py:190} INFO - [2025-04-23T03:48:08.522+0100] {dagbag.py:588} INFO - Filling up the DagBag from /Users/francisayanbadejo/venvs_projects/my_proj/lib/python3.9/site-packages/airflow/example_dags/example_python_decorator.py
[2025-04-23T03:48:08.533+0100] {logging_mixin.py:190} INFO - [2025-04-23T03:48:08.533+0100] {example_python_decorator.py:80} WARNING - The virtalenv_python example task requires virtualenv, please install it.
[2025-04-23T03:48:08.534+0100] {processor.py:925} INFO - DAG(s) 'example_python_decorator' retrieved from /Users/francisayanbadejo/venvs_projects/my_proj/lib/python3.9/site-packages/airflow/example_dags/example_python_decorator.py
[2025-04-23T03:48:08.566+0100] {logging_mixin.py:190} INFO - [2025-04-23T03:48:08.565+0100] {dag.py:3239} INFO - Sync 1 DAGs
[2025-04-23T03:48:08.569+0100] {logging_mixin.py:190} INFO - [2025-04-23T03:48:08.569+0100] {dag.py:4180} INFO - Setting next_dagrun for example_python_decorator to None, run_after=None
[2025-04-23T03:48:08.574+0100] {processor.py:208} INFO - Processing /Users/francisayanbadejo/venvs_projects/my_proj/lib/python3.9/site-packages/airflow/example_dags/example_python_decorator.py took 0.056 seconds
[2025-04-23T03:50:00.162+0100] {processor.py:186} INFO - Started process (PID=65009) to work on /Users/francisayanbadejo/venvs_projects/my_proj/lib/python3.9/site-packages/airflow/example_dags/example_python_decorator.py
[2025-04-23T03:50:00.164+0100] {processor.py:914} INFO - Processing file /Users/francisayanbadejo/venvs_projects/my_proj/lib/python3.9/site-packages/airflow/example_dags/example_python_decorator.py for tasks to queue
[2025-04-23T03:50:00.165+0100] {logging_mixin.py:190} INFO - [2025-04-23T03:50:00.165+0100] {dagbag.py:588} INFO - Filling up the DagBag from /Users/francisayanbadejo/venvs_projects/my_proj/lib/python3.9/site-packages/airflow/example_dags/example_python_decorator.py
[2025-04-23T03:50:00.175+0100] {logging_mixin.py:190} INFO - [2025-04-23T03:50:00.174+0100] {example_python_decorator.py:80} WARNING - The virtalenv_python example task requires virtualenv, please install it.
[2025-04-23T03:50:00.175+0100] {processor.py:925} INFO - DAG(s) 'example_python_decorator' retrieved from /Users/francisayanbadejo/venvs_projects/my_proj/lib/python3.9/site-packages/airflow/example_dags/example_python_decorator.py
[2025-04-23T03:50:00.206+0100] {logging_mixin.py:190} INFO - [2025-04-23T03:50:00.206+0100] {dag.py:3239} INFO - Sync 1 DAGs
[2025-04-23T03:50:00.210+0100] {logging_mixin.py:190} INFO - [2025-04-23T03:50:00.210+0100] {dag.py:4180} INFO - Setting next_dagrun for example_python_decorator to None, run_after=None
[2025-04-23T03:50:00.215+0100] {processor.py:208} INFO - Processing /Users/francisayanbadejo/venvs_projects/my_proj/lib/python3.9/site-packages/airflow/example_dags/example_python_decorator.py took 0.053 seconds
[2025-04-23T03:51:52.767+0100] {processor.py:186} INFO - Started process (PID=65254) to work on /Users/francisayanbadejo/venvs_projects/my_proj/lib/python3.9/site-packages/airflow/example_dags/example_python_decorator.py
[2025-04-23T03:51:52.768+0100] {processor.py:914} INFO - Processing file /Users/francisayanbadejo/venvs_projects/my_proj/lib/python3.9/site-packages/airflow/example_dags/example_python_decorator.py for tasks to queue
[2025-04-23T03:51:52.769+0100] {logging_mixin.py:190} INFO - [2025-04-23T03:51:52.769+0100] {dagbag.py:588} INFO - Filling up the DagBag from /Users/francisayanbadejo/venvs_projects/my_proj/lib/python3.9/site-packages/airflow/example_dags/example_python_decorator.py
[2025-04-23T03:51:52.779+0100] {logging_mixin.py:190} INFO - [2025-04-23T03:51:52.779+0100] {example_python_decorator.py:80} WARNING - The virtalenv_python example task requires virtualenv, please install it.
[2025-04-23T03:51:52.779+0100] {processor.py:925} INFO - DAG(s) 'example_python_decorator' retrieved from /Users/francisayanbadejo/venvs_projects/my_proj/lib/python3.9/site-packages/airflow/example_dags/example_python_decorator.py
[2025-04-23T03:51:52.810+0100] {logging_mixin.py:190} INFO - [2025-04-23T03:51:52.810+0100] {dag.py:3239} INFO - Sync 1 DAGs
[2025-04-23T03:51:52.814+0100] {logging_mixin.py:190} INFO - [2025-04-23T03:51:52.814+0100] {dag.py:4180} INFO - Setting next_dagrun for example_python_decorator to None, run_after=None
[2025-04-23T03:51:52.819+0100] {processor.py:208} INFO - Processing /Users/francisayanbadejo/venvs_projects/my_proj/lib/python3.9/site-packages/airflow/example_dags/example_python_decorator.py took 0.053 seconds
[2025-04-23T03:53:49.472+0100] {processor.py:186} INFO - Started process (PID=65512) to work on /Users/francisayanbadejo/venvs_projects/my_proj/lib/python3.9/site-packages/airflow/example_dags/example_python_decorator.py
[2025-04-23T03:53:49.473+0100] {processor.py:914} INFO - Processing file /Users/francisayanbadejo/venvs_projects/my_proj/lib/python3.9/site-packages/airflow/example_dags/example_python_decorator.py for tasks to queue
[2025-04-23T03:53:49.473+0100] {logging_mixin.py:190} INFO - [2025-04-23T03:53:49.473+0100] {dagbag.py:588} INFO - Filling up the DagBag from /Users/francisayanbadejo/venvs_projects/my_proj/lib/python3.9/site-packages/airflow/example_dags/example_python_decorator.py
[2025-04-23T03:53:49.484+0100] {logging_mixin.py:190} INFO - [2025-04-23T03:53:49.484+0100] {example_python_decorator.py:80} WARNING - The virtalenv_python example task requires virtualenv, please install it.
[2025-04-23T03:53:49.485+0100] {processor.py:925} INFO - DAG(s) 'example_python_decorator' retrieved from /Users/francisayanbadejo/venvs_projects/my_proj/lib/python3.9/site-packages/airflow/example_dags/example_python_decorator.py
[2025-04-23T03:53:49.516+0100] {logging_mixin.py:190} INFO - [2025-04-23T03:53:49.516+0100] {dag.py:3239} INFO - Sync 1 DAGs
[2025-04-23T03:53:49.520+0100] {logging_mixin.py:190} INFO - [2025-04-23T03:53:49.520+0100] {dag.py:4180} INFO - Setting next_dagrun for example_python_decorator to None, run_after=None
[2025-04-23T03:53:49.525+0100] {processor.py:208} INFO - Processing /Users/francisayanbadejo/venvs_projects/my_proj/lib/python3.9/site-packages/airflow/example_dags/example_python_decorator.py took 0.055 seconds
[2025-04-23T03:55:47.872+0100] {processor.py:186} INFO - Started process (PID=65770) to work on /Users/francisayanbadejo/venvs_projects/my_proj/lib/python3.9/site-packages/airflow/example_dags/example_python_decorator.py
[2025-04-23T03:55:47.874+0100] {processor.py:914} INFO - Processing file /Users/francisayanbadejo/venvs_projects/my_proj/lib/python3.9/site-packages/airflow/example_dags/example_python_decorator.py for tasks to queue
[2025-04-23T03:55:47.875+0100] {logging_mixin.py:190} INFO - [2025-04-23T03:55:47.875+0100] {dagbag.py:588} INFO - Filling up the DagBag from /Users/francisayanbadejo/venvs_projects/my_proj/lib/python3.9/site-packages/airflow/example_dags/example_python_decorator.py
[2025-04-23T03:55:47.886+0100] {logging_mixin.py:190} INFO - [2025-04-23T03:55:47.886+0100] {example_python_decorator.py:80} WARNING - The virtalenv_python example task requires virtualenv, please install it.
[2025-04-23T03:55:47.887+0100] {processor.py:925} INFO - DAG(s) 'example_python_decorator' retrieved from /Users/francisayanbadejo/venvs_projects/my_proj/lib/python3.9/site-packages/airflow/example_dags/example_python_decorator.py
[2025-04-23T03:55:47.921+0100] {logging_mixin.py:190} INFO - [2025-04-23T03:55:47.921+0100] {dag.py:3239} INFO - Sync 1 DAGs
[2025-04-23T03:55:47.924+0100] {logging_mixin.py:190} INFO - [2025-04-23T03:55:47.924+0100] {dag.py:4180} INFO - Setting next_dagrun for example_python_decorator to None, run_after=None
[2025-04-23T03:55:47.930+0100] {processor.py:208} INFO - Processing /Users/francisayanbadejo/venvs_projects/my_proj/lib/python3.9/site-packages/airflow/example_dags/example_python_decorator.py took 0.059 seconds
[2025-04-23T03:57:44.013+0100] {processor.py:186} INFO - Started process (PID=66028) to work on /Users/francisayanbadejo/venvs_projects/my_proj/lib/python3.9/site-packages/airflow/example_dags/example_python_decorator.py
[2025-04-23T03:57:44.014+0100] {processor.py:914} INFO - Processing file /Users/francisayanbadejo/venvs_projects/my_proj/lib/python3.9/site-packages/airflow/example_dags/example_python_decorator.py for tasks to queue
[2025-04-23T03:57:44.014+0100] {logging_mixin.py:190} INFO - [2025-04-23T03:57:44.014+0100] {dagbag.py:588} INFO - Filling up the DagBag from /Users/francisayanbadejo/venvs_projects/my_proj/lib/python3.9/site-packages/airflow/example_dags/example_python_decorator.py
[2025-04-23T03:57:44.025+0100] {logging_mixin.py:190} INFO - [2025-04-23T03:57:44.025+0100] {example_python_decorator.py:80} WARNING - The virtalenv_python example task requires virtualenv, please install it.
[2025-04-23T03:57:44.028+0100] {processor.py:925} INFO - DAG(s) 'example_python_decorator' retrieved from /Users/francisayanbadejo/venvs_projects/my_proj/lib/python3.9/site-packages/airflow/example_dags/example_python_decorator.py
[2025-04-23T03:57:44.060+0100] {logging_mixin.py:190} INFO - [2025-04-23T03:57:44.060+0100] {dag.py:3239} INFO - Sync 1 DAGs
[2025-04-23T03:57:44.063+0100] {logging_mixin.py:190} INFO - [2025-04-23T03:57:44.063+0100] {dag.py:4180} INFO - Setting next_dagrun for example_python_decorator to None, run_after=None
[2025-04-23T03:57:44.069+0100] {processor.py:208} INFO - Processing /Users/francisayanbadejo/venvs_projects/my_proj/lib/python3.9/site-packages/airflow/example_dags/example_python_decorator.py took 0.056 seconds
[2025-04-23T03:59:53.327+0100] {processor.py:186} INFO - Started process (PID=66241) to work on /Users/francisayanbadejo/venvs_projects/my_proj/lib/python3.9/site-packages/airflow/example_dags/example_python_decorator.py
[2025-04-23T03:59:53.327+0100] {processor.py:914} INFO - Processing file /Users/francisayanbadejo/venvs_projects/my_proj/lib/python3.9/site-packages/airflow/example_dags/example_python_decorator.py for tasks to queue
[2025-04-23T03:59:53.328+0100] {logging_mixin.py:190} INFO - [2025-04-23T03:59:53.328+0100] {dagbag.py:588} INFO - Filling up the DagBag from /Users/francisayanbadejo/venvs_projects/my_proj/lib/python3.9/site-packages/airflow/example_dags/example_python_decorator.py
[2025-04-23T03:59:53.341+0100] {logging_mixin.py:190} INFO - [2025-04-23T03:59:53.341+0100] {example_python_decorator.py:80} WARNING - The virtalenv_python example task requires virtualenv, please install it.
[2025-04-23T03:59:53.342+0100] {processor.py:925} INFO - DAG(s) 'example_python_decorator' retrieved from /Users/francisayanbadejo/venvs_projects/my_proj/lib/python3.9/site-packages/airflow/example_dags/example_python_decorator.py
[2025-04-23T03:59:53.380+0100] {logging_mixin.py:190} INFO - [2025-04-23T03:59:53.379+0100] {dag.py:3239} INFO - Sync 1 DAGs
[2025-04-23T03:59:53.383+0100] {logging_mixin.py:190} INFO - [2025-04-23T03:59:53.383+0100] {dag.py:4180} INFO - Setting next_dagrun for example_python_decorator to None, run_after=None
[2025-04-23T03:59:53.390+0100] {processor.py:208} INFO - Processing /Users/francisayanbadejo/venvs_projects/my_proj/lib/python3.9/site-packages/airflow/example_dags/example_python_decorator.py took 0.064 seconds
[2025-04-23T04:01:52.038+0100] {processor.py:186} INFO - Started process (PID=66452) to work on /Users/francisayanbadejo/venvs_projects/my_proj/lib/python3.9/site-packages/airflow/example_dags/example_python_decorator.py
[2025-04-23T04:01:52.038+0100] {processor.py:914} INFO - Processing file /Users/francisayanbadejo/venvs_projects/my_proj/lib/python3.9/site-packages/airflow/example_dags/example_python_decorator.py for tasks to queue
[2025-04-23T04:01:52.039+0100] {logging_mixin.py:190} INFO - [2025-04-23T04:01:52.038+0100] {dagbag.py:588} INFO - Filling up the DagBag from /Users/francisayanbadejo/venvs_projects/my_proj/lib/python3.9/site-packages/airflow/example_dags/example_python_decorator.py
[2025-04-23T04:01:52.049+0100] {logging_mixin.py:190} INFO - [2025-04-23T04:01:52.049+0100] {example_python_decorator.py:80} WARNING - The virtalenv_python example task requires virtualenv, please install it.
[2025-04-23T04:01:52.050+0100] {processor.py:925} INFO - DAG(s) 'example_python_decorator' retrieved from /Users/francisayanbadejo/venvs_projects/my_proj/lib/python3.9/site-packages/airflow/example_dags/example_python_decorator.py
[2025-04-23T04:01:52.081+0100] {logging_mixin.py:190} INFO - [2025-04-23T04:01:52.081+0100] {dag.py:3239} INFO - Sync 1 DAGs
[2025-04-23T04:01:52.084+0100] {logging_mixin.py:190} INFO - [2025-04-23T04:01:52.084+0100] {dag.py:4180} INFO - Setting next_dagrun for example_python_decorator to None, run_after=None
[2025-04-23T04:01:52.089+0100] {processor.py:208} INFO - Processing /Users/francisayanbadejo/venvs_projects/my_proj/lib/python3.9/site-packages/airflow/example_dags/example_python_decorator.py took 0.053 seconds
[2025-04-23T04:03:43.855+0100] {processor.py:186} INFO - Started process (PID=66678) to work on /Users/francisayanbadejo/venvs_projects/my_proj/lib/python3.9/site-packages/airflow/example_dags/example_python_decorator.py
[2025-04-23T04:03:43.856+0100] {processor.py:914} INFO - Processing file /Users/francisayanbadejo/venvs_projects/my_proj/lib/python3.9/site-packages/airflow/example_dags/example_python_decorator.py for tasks to queue
[2025-04-23T04:03:43.856+0100] {logging_mixin.py:190} INFO - [2025-04-23T04:03:43.856+0100] {dagbag.py:588} INFO - Filling up the DagBag from /Users/francisayanbadejo/venvs_projects/my_proj/lib/python3.9/site-packages/airflow/example_dags/example_python_decorator.py
[2025-04-23T04:03:43.866+0100] {logging_mixin.py:190} INFO - [2025-04-23T04:03:43.866+0100] {example_python_decorator.py:80} WARNING - The virtalenv_python example task requires virtualenv, please install it.
[2025-04-23T04:03:43.867+0100] {processor.py:925} INFO - DAG(s) 'example_python_decorator' retrieved from /Users/francisayanbadejo/venvs_projects/my_proj/lib/python3.9/site-packages/airflow/example_dags/example_python_decorator.py
[2025-04-23T04:03:43.897+0100] {logging_mixin.py:190} INFO - [2025-04-23T04:03:43.897+0100] {dag.py:3239} INFO - Sync 1 DAGs
[2025-04-23T04:03:43.901+0100] {logging_mixin.py:190} INFO - [2025-04-23T04:03:43.901+0100] {dag.py:4180} INFO - Setting next_dagrun for example_python_decorator to None, run_after=None
[2025-04-23T04:03:43.906+0100] {processor.py:208} INFO - Processing /Users/francisayanbadejo/venvs_projects/my_proj/lib/python3.9/site-packages/airflow/example_dags/example_python_decorator.py took 0.053 seconds
[2025-04-23T04:05:45.717+0100] {processor.py:186} INFO - Started process (PID=66913) to work on /Users/francisayanbadejo/venvs_projects/my_proj/lib/python3.9/site-packages/airflow/example_dags/example_python_decorator.py
[2025-04-23T04:05:45.718+0100] {processor.py:914} INFO - Processing file /Users/francisayanbadejo/venvs_projects/my_proj/lib/python3.9/site-packages/airflow/example_dags/example_python_decorator.py for tasks to queue
[2025-04-23T04:05:45.719+0100] {logging_mixin.py:190} INFO - [2025-04-23T04:05:45.719+0100] {dagbag.py:588} INFO - Filling up the DagBag from /Users/francisayanbadejo/venvs_projects/my_proj/lib/python3.9/site-packages/airflow/example_dags/example_python_decorator.py
[2025-04-23T04:05:45.729+0100] {logging_mixin.py:190} INFO - [2025-04-23T04:05:45.729+0100] {example_python_decorator.py:80} WARNING - The virtalenv_python example task requires virtualenv, please install it.
[2025-04-23T04:05:45.729+0100] {processor.py:925} INFO - DAG(s) 'example_python_decorator' retrieved from /Users/francisayanbadejo/venvs_projects/my_proj/lib/python3.9/site-packages/airflow/example_dags/example_python_decorator.py
[2025-04-23T04:05:45.762+0100] {logging_mixin.py:190} INFO - [2025-04-23T04:05:45.762+0100] {dag.py:3239} INFO - Sync 1 DAGs
[2025-04-23T04:05:45.766+0100] {logging_mixin.py:190} INFO - [2025-04-23T04:05:45.765+0100] {dag.py:4180} INFO - Setting next_dagrun for example_python_decorator to None, run_after=None
[2025-04-23T04:05:45.771+0100] {processor.py:208} INFO - Processing /Users/francisayanbadejo/venvs_projects/my_proj/lib/python3.9/site-packages/airflow/example_dags/example_python_decorator.py took 0.054 seconds
[2025-04-23T04:18:59.674+0100] {processor.py:186} INFO - Started process (PID=68972) to work on /Users/francisayanbadejo/venvs_projects/my_proj/lib/python3.9/site-packages/airflow/example_dags/example_python_decorator.py
[2025-04-23T04:18:59.675+0100] {processor.py:914} INFO - Processing file /Users/francisayanbadejo/venvs_projects/my_proj/lib/python3.9/site-packages/airflow/example_dags/example_python_decorator.py for tasks to queue
[2025-04-23T04:18:59.676+0100] {logging_mixin.py:190} INFO - [2025-04-23T04:18:59.676+0100] {dagbag.py:588} INFO - Filling up the DagBag from /Users/francisayanbadejo/venvs_projects/my_proj/lib/python3.9/site-packages/airflow/example_dags/example_python_decorator.py
[2025-04-23T04:18:59.686+0100] {logging_mixin.py:190} INFO - [2025-04-23T04:18:59.686+0100] {example_python_decorator.py:80} WARNING - The virtalenv_python example task requires virtualenv, please install it.
[2025-04-23T04:18:59.687+0100] {processor.py:925} INFO - DAG(s) 'example_python_decorator' retrieved from /Users/francisayanbadejo/venvs_projects/my_proj/lib/python3.9/site-packages/airflow/example_dags/example_python_decorator.py
[2025-04-23T04:18:59.718+0100] {logging_mixin.py:190} INFO - [2025-04-23T04:18:59.718+0100] {dag.py:3239} INFO - Sync 1 DAGs
[2025-04-23T04:18:59.721+0100] {logging_mixin.py:190} INFO - [2025-04-23T04:18:59.721+0100] {dag.py:4180} INFO - Setting next_dagrun for example_python_decorator to None, run_after=None
[2025-04-23T04:18:59.727+0100] {processor.py:208} INFO - Processing /Users/francisayanbadejo/venvs_projects/my_proj/lib/python3.9/site-packages/airflow/example_dags/example_python_decorator.py took 0.054 seconds
[2025-04-23T04:20:24.597+0100] {processor.py:186} INFO - Started process (PID=69188) to work on /Users/francisayanbadejo/venvs_projects/my_proj/lib/python3.9/site-packages/airflow/example_dags/example_python_decorator.py
[2025-04-23T04:20:24.599+0100] {processor.py:914} INFO - Processing file /Users/francisayanbadejo/venvs_projects/my_proj/lib/python3.9/site-packages/airflow/example_dags/example_python_decorator.py for tasks to queue
[2025-04-23T04:20:24.600+0100] {logging_mixin.py:190} INFO - [2025-04-23T04:20:24.600+0100] {dagbag.py:588} INFO - Filling up the DagBag from /Users/francisayanbadejo/venvs_projects/my_proj/lib/python3.9/site-packages/airflow/example_dags/example_python_decorator.py
[2025-04-23T04:20:24.610+0100] {logging_mixin.py:190} INFO - [2025-04-23T04:20:24.610+0100] {example_python_decorator.py:80} WARNING - The virtalenv_python example task requires virtualenv, please install it.
[2025-04-23T04:20:24.610+0100] {processor.py:925} INFO - DAG(s) 'example_python_decorator' retrieved from /Users/francisayanbadejo/venvs_projects/my_proj/lib/python3.9/site-packages/airflow/example_dags/example_python_decorator.py
[2025-04-23T04:20:24.640+0100] {logging_mixin.py:190} INFO - [2025-04-23T04:20:24.640+0100] {dag.py:3239} INFO - Sync 1 DAGs
[2025-04-23T04:20:24.644+0100] {logging_mixin.py:190} INFO - [2025-04-23T04:20:24.644+0100] {dag.py:4180} INFO - Setting next_dagrun for example_python_decorator to None, run_after=None
[2025-04-23T04:20:24.649+0100] {processor.py:208} INFO - Processing /Users/francisayanbadejo/venvs_projects/my_proj/lib/python3.9/site-packages/airflow/example_dags/example_python_decorator.py took 0.052 seconds
[2025-04-23T04:21:41.392+0100] {processor.py:186} INFO - Started process (PID=69530) to work on /Users/francisayanbadejo/venvs_projects/my_proj/lib/python3.9/site-packages/airflow/example_dags/example_python_decorator.py
[2025-04-23T04:21:41.393+0100] {processor.py:914} INFO - Processing file /Users/francisayanbadejo/venvs_projects/my_proj/lib/python3.9/site-packages/airflow/example_dags/example_python_decorator.py for tasks to queue
[2025-04-23T04:21:41.394+0100] {logging_mixin.py:190} INFO - [2025-04-23T04:21:41.394+0100] {dagbag.py:588} INFO - Filling up the DagBag from /Users/francisayanbadejo/venvs_projects/my_proj/lib/python3.9/site-packages/airflow/example_dags/example_python_decorator.py
[2025-04-23T04:21:41.404+0100] {logging_mixin.py:190} INFO - [2025-04-23T04:21:41.404+0100] {example_python_decorator.py:80} WARNING - The virtalenv_python example task requires virtualenv, please install it.
[2025-04-23T04:21:41.404+0100] {processor.py:925} INFO - DAG(s) 'example_python_decorator' retrieved from /Users/francisayanbadejo/venvs_projects/my_proj/lib/python3.9/site-packages/airflow/example_dags/example_python_decorator.py
[2025-04-23T04:21:41.435+0100] {logging_mixin.py:190} INFO - [2025-04-23T04:21:41.435+0100] {dag.py:3239} INFO - Sync 1 DAGs
[2025-04-23T04:21:41.438+0100] {logging_mixin.py:190} INFO - [2025-04-23T04:21:41.438+0100] {dag.py:4180} INFO - Setting next_dagrun for example_python_decorator to None, run_after=None
[2025-04-23T04:21:41.443+0100] {processor.py:208} INFO - Processing /Users/francisayanbadejo/venvs_projects/my_proj/lib/python3.9/site-packages/airflow/example_dags/example_python_decorator.py took 0.053 seconds
[2025-04-23T04:23:07.640+0100] {processor.py:186} INFO - Started process (PID=69742) to work on /Users/francisayanbadejo/venvs_projects/my_proj/lib/python3.9/site-packages/airflow/example_dags/example_python_decorator.py
[2025-04-23T04:23:07.641+0100] {processor.py:914} INFO - Processing file /Users/francisayanbadejo/venvs_projects/my_proj/lib/python3.9/site-packages/airflow/example_dags/example_python_decorator.py for tasks to queue
[2025-04-23T04:23:07.642+0100] {logging_mixin.py:190} INFO - [2025-04-23T04:23:07.642+0100] {dagbag.py:588} INFO - Filling up the DagBag from /Users/francisayanbadejo/venvs_projects/my_proj/lib/python3.9/site-packages/airflow/example_dags/example_python_decorator.py
[2025-04-23T04:23:07.655+0100] {logging_mixin.py:190} INFO - [2025-04-23T04:23:07.655+0100] {example_python_decorator.py:80} WARNING - The virtalenv_python example task requires virtualenv, please install it.
[2025-04-23T04:23:07.656+0100] {processor.py:925} INFO - DAG(s) 'example_python_decorator' retrieved from /Users/francisayanbadejo/venvs_projects/my_proj/lib/python3.9/site-packages/airflow/example_dags/example_python_decorator.py
[2025-04-23T04:23:07.691+0100] {logging_mixin.py:190} INFO - [2025-04-23T04:23:07.690+0100] {dag.py:3239} INFO - Sync 1 DAGs
[2025-04-23T04:23:07.694+0100] {logging_mixin.py:190} INFO - [2025-04-23T04:23:07.694+0100] {dag.py:4180} INFO - Setting next_dagrun for example_python_decorator to None, run_after=None
[2025-04-23T04:23:07.699+0100] {processor.py:208} INFO - Processing /Users/francisayanbadejo/venvs_projects/my_proj/lib/python3.9/site-packages/airflow/example_dags/example_python_decorator.py took 0.061 seconds
[2025-04-23T04:26:07.207+0100] {processor.py:186} INFO - Started process (PID=70544) to work on /Users/francisayanbadejo/venvs_projects/my_proj/lib/python3.9/site-packages/airflow/example_dags/example_python_decorator.py
[2025-04-23T04:26:07.209+0100] {processor.py:914} INFO - Processing file /Users/francisayanbadejo/venvs_projects/my_proj/lib/python3.9/site-packages/airflow/example_dags/example_python_decorator.py for tasks to queue
[2025-04-23T04:26:07.210+0100] {logging_mixin.py:190} INFO - [2025-04-23T04:26:07.209+0100] {dagbag.py:588} INFO - Filling up the DagBag from /Users/francisayanbadejo/venvs_projects/my_proj/lib/python3.9/site-packages/airflow/example_dags/example_python_decorator.py
[2025-04-23T04:26:07.220+0100] {logging_mixin.py:190} INFO - [2025-04-23T04:26:07.219+0100] {example_python_decorator.py:80} WARNING - The virtalenv_python example task requires virtualenv, please install it.
[2025-04-23T04:26:07.220+0100] {processor.py:925} INFO - DAG(s) 'example_python_decorator' retrieved from /Users/francisayanbadejo/venvs_projects/my_proj/lib/python3.9/site-packages/airflow/example_dags/example_python_decorator.py
[2025-04-23T04:26:07.252+0100] {logging_mixin.py:190} INFO - [2025-04-23T04:26:07.251+0100] {dag.py:3239} INFO - Sync 1 DAGs
[2025-04-23T04:26:07.255+0100] {logging_mixin.py:190} INFO - [2025-04-23T04:26:07.255+0100] {dag.py:4180} INFO - Setting next_dagrun for example_python_decorator to None, run_after=None
[2025-04-23T04:26:07.260+0100] {processor.py:208} INFO - Processing /Users/francisayanbadejo/venvs_projects/my_proj/lib/python3.9/site-packages/airflow/example_dags/example_python_decorator.py took 0.054 seconds
[2025-04-23T04:28:32.268+0100] {processor.py:186} INFO - Started process (PID=71305) to work on /Users/francisayanbadejo/venvs_projects/my_proj/lib/python3.9/site-packages/airflow/example_dags/example_python_decorator.py
[2025-04-23T04:28:32.270+0100] {processor.py:914} INFO - Processing file /Users/francisayanbadejo/venvs_projects/my_proj/lib/python3.9/site-packages/airflow/example_dags/example_python_decorator.py for tasks to queue
[2025-04-23T04:28:32.270+0100] {logging_mixin.py:190} INFO - [2025-04-23T04:28:32.270+0100] {dagbag.py:588} INFO - Filling up the DagBag from /Users/francisayanbadejo/venvs_projects/my_proj/lib/python3.9/site-packages/airflow/example_dags/example_python_decorator.py
[2025-04-23T04:28:32.280+0100] {logging_mixin.py:190} INFO - [2025-04-23T04:28:32.280+0100] {example_python_decorator.py:80} WARNING - The virtalenv_python example task requires virtualenv, please install it.
[2025-04-23T04:28:32.281+0100] {processor.py:925} INFO - DAG(s) 'example_python_decorator' retrieved from /Users/francisayanbadejo/venvs_projects/my_proj/lib/python3.9/site-packages/airflow/example_dags/example_python_decorator.py
[2025-04-23T04:28:32.312+0100] {logging_mixin.py:190} INFO - [2025-04-23T04:28:32.312+0100] {dag.py:3239} INFO - Sync 1 DAGs
[2025-04-23T04:28:32.315+0100] {logging_mixin.py:190} INFO - [2025-04-23T04:28:32.315+0100] {dag.py:4180} INFO - Setting next_dagrun for example_python_decorator to None, run_after=None
[2025-04-23T04:28:32.320+0100] {processor.py:208} INFO - Processing /Users/francisayanbadejo/venvs_projects/my_proj/lib/python3.9/site-packages/airflow/example_dags/example_python_decorator.py took 0.053 seconds
[2025-04-23T04:29:59.656+0100] {processor.py:186} INFO - Started process (PID=71443) to work on /Users/francisayanbadejo/venvs_projects/my_proj/lib/python3.9/site-packages/airflow/example_dags/example_python_decorator.py
[2025-04-23T04:29:59.657+0100] {processor.py:914} INFO - Processing file /Users/francisayanbadejo/venvs_projects/my_proj/lib/python3.9/site-packages/airflow/example_dags/example_python_decorator.py for tasks to queue
[2025-04-23T04:29:59.658+0100] {logging_mixin.py:190} INFO - [2025-04-23T04:29:59.658+0100] {dagbag.py:588} INFO - Filling up the DagBag from /Users/francisayanbadejo/venvs_projects/my_proj/lib/python3.9/site-packages/airflow/example_dags/example_python_decorator.py
[2025-04-23T04:29:59.668+0100] {logging_mixin.py:190} INFO - [2025-04-23T04:29:59.668+0100] {example_python_decorator.py:80} WARNING - The virtalenv_python example task requires virtualenv, please install it.
[2025-04-23T04:29:59.669+0100] {processor.py:925} INFO - DAG(s) 'example_python_decorator' retrieved from /Users/francisayanbadejo/venvs_projects/my_proj/lib/python3.9/site-packages/airflow/example_dags/example_python_decorator.py
[2025-04-23T04:29:59.700+0100] {logging_mixin.py:190} INFO - [2025-04-23T04:29:59.700+0100] {dag.py:3239} INFO - Sync 1 DAGs
[2025-04-23T04:29:59.704+0100] {logging_mixin.py:190} INFO - [2025-04-23T04:29:59.704+0100] {dag.py:4180} INFO - Setting next_dagrun for example_python_decorator to None, run_after=None
[2025-04-23T04:29:59.708+0100] {processor.py:208} INFO - Processing /Users/francisayanbadejo/venvs_projects/my_proj/lib/python3.9/site-packages/airflow/example_dags/example_python_decorator.py took 0.054 seconds
[2025-04-23T04:31:51.820+0100] {processor.py:186} INFO - Started process (PID=71777) to work on /Users/francisayanbadejo/venvs_projects/my_proj/lib/python3.9/site-packages/airflow/example_dags/example_python_decorator.py
[2025-04-23T04:31:51.822+0100] {processor.py:914} INFO - Processing file /Users/francisayanbadejo/venvs_projects/my_proj/lib/python3.9/site-packages/airflow/example_dags/example_python_decorator.py for tasks to queue
[2025-04-23T04:31:51.823+0100] {logging_mixin.py:190} INFO - [2025-04-23T04:31:51.823+0100] {dagbag.py:588} INFO - Filling up the DagBag from /Users/francisayanbadejo/venvs_projects/my_proj/lib/python3.9/site-packages/airflow/example_dags/example_python_decorator.py
[2025-04-23T04:31:51.832+0100] {logging_mixin.py:190} INFO - [2025-04-23T04:31:51.832+0100] {example_python_decorator.py:80} WARNING - The virtalenv_python example task requires virtualenv, please install it.
[2025-04-23T04:31:51.833+0100] {processor.py:925} INFO - DAG(s) 'example_python_decorator' retrieved from /Users/francisayanbadejo/venvs_projects/my_proj/lib/python3.9/site-packages/airflow/example_dags/example_python_decorator.py
[2025-04-23T04:31:51.863+0100] {logging_mixin.py:190} INFO - [2025-04-23T04:31:51.863+0100] {dag.py:3239} INFO - Sync 1 DAGs
[2025-04-23T04:31:51.867+0100] {logging_mixin.py:190} INFO - [2025-04-23T04:31:51.867+0100] {dag.py:4180} INFO - Setting next_dagrun for example_python_decorator to None, run_after=None
[2025-04-23T04:31:51.872+0100] {processor.py:208} INFO - Processing /Users/francisayanbadejo/venvs_projects/my_proj/lib/python3.9/site-packages/airflow/example_dags/example_python_decorator.py took 0.053 seconds
[2025-04-23T04:34:39.443+0100] {processor.py:186} INFO - Started process (PID=72052) to work on /Users/francisayanbadejo/venvs_projects/my_proj/lib/python3.9/site-packages/airflow/example_dags/example_python_decorator.py
[2025-04-23T04:34:39.445+0100] {processor.py:914} INFO - Processing file /Users/francisayanbadejo/venvs_projects/my_proj/lib/python3.9/site-packages/airflow/example_dags/example_python_decorator.py for tasks to queue
[2025-04-23T04:34:39.446+0100] {logging_mixin.py:190} INFO - [2025-04-23T04:34:39.446+0100] {dagbag.py:588} INFO - Filling up the DagBag from /Users/francisayanbadejo/venvs_projects/my_proj/lib/python3.9/site-packages/airflow/example_dags/example_python_decorator.py
[2025-04-23T04:34:39.456+0100] {logging_mixin.py:190} INFO - [2025-04-23T04:34:39.456+0100] {example_python_decorator.py:80} WARNING - The virtalenv_python example task requires virtualenv, please install it.
[2025-04-23T04:34:39.456+0100] {processor.py:925} INFO - DAG(s) 'example_python_decorator' retrieved from /Users/francisayanbadejo/venvs_projects/my_proj/lib/python3.9/site-packages/airflow/example_dags/example_python_decorator.py
[2025-04-23T04:34:39.487+0100] {logging_mixin.py:190} INFO - [2025-04-23T04:34:39.487+0100] {dag.py:3239} INFO - Sync 1 DAGs
[2025-04-23T04:34:39.490+0100] {logging_mixin.py:190} INFO - [2025-04-23T04:34:39.490+0100] {dag.py:4180} INFO - Setting next_dagrun for example_python_decorator to None, run_after=None
[2025-04-23T04:34:39.503+0100] {processor.py:208} INFO - Processing /Users/francisayanbadejo/venvs_projects/my_proj/lib/python3.9/site-packages/airflow/example_dags/example_python_decorator.py took 0.061 seconds
[2025-04-23T04:36:29.802+0100] {processor.py:186} INFO - Started process (PID=72300) to work on /Users/francisayanbadejo/venvs_projects/my_proj/lib/python3.9/site-packages/airflow/example_dags/example_python_decorator.py
[2025-04-23T04:36:29.803+0100] {processor.py:914} INFO - Processing file /Users/francisayanbadejo/venvs_projects/my_proj/lib/python3.9/site-packages/airflow/example_dags/example_python_decorator.py for tasks to queue
[2025-04-23T04:36:29.804+0100] {logging_mixin.py:190} INFO - [2025-04-23T04:36:29.804+0100] {dagbag.py:588} INFO - Filling up the DagBag from /Users/francisayanbadejo/venvs_projects/my_proj/lib/python3.9/site-packages/airflow/example_dags/example_python_decorator.py
[2025-04-23T04:36:29.813+0100] {logging_mixin.py:190} INFO - [2025-04-23T04:36:29.813+0100] {example_python_decorator.py:80} WARNING - The virtalenv_python example task requires virtualenv, please install it.
[2025-04-23T04:36:29.814+0100] {processor.py:925} INFO - DAG(s) 'example_python_decorator' retrieved from /Users/francisayanbadejo/venvs_projects/my_proj/lib/python3.9/site-packages/airflow/example_dags/example_python_decorator.py
[2025-04-23T04:36:29.845+0100] {logging_mixin.py:190} INFO - [2025-04-23T04:36:29.845+0100] {dag.py:3239} INFO - Sync 1 DAGs
[2025-04-23T04:36:29.849+0100] {logging_mixin.py:190} INFO - [2025-04-23T04:36:29.849+0100] {dag.py:4180} INFO - Setting next_dagrun for example_python_decorator to None, run_after=None
[2025-04-23T04:36:29.854+0100] {processor.py:208} INFO - Processing /Users/francisayanbadejo/venvs_projects/my_proj/lib/python3.9/site-packages/airflow/example_dags/example_python_decorator.py took 0.053 seconds
[2025-04-23T04:38:23.446+0100] {processor.py:186} INFO - Started process (PID=72542) to work on /Users/francisayanbadejo/venvs_projects/my_proj/lib/python3.9/site-packages/airflow/example_dags/example_python_decorator.py
[2025-04-23T04:38:23.448+0100] {processor.py:914} INFO - Processing file /Users/francisayanbadejo/venvs_projects/my_proj/lib/python3.9/site-packages/airflow/example_dags/example_python_decorator.py for tasks to queue
[2025-04-23T04:38:23.449+0100] {logging_mixin.py:190} INFO - [2025-04-23T04:38:23.449+0100] {dagbag.py:588} INFO - Filling up the DagBag from /Users/francisayanbadejo/venvs_projects/my_proj/lib/python3.9/site-packages/airflow/example_dags/example_python_decorator.py
[2025-04-23T04:38:23.459+0100] {logging_mixin.py:190} INFO - [2025-04-23T04:38:23.459+0100] {example_python_decorator.py:80} WARNING - The virtalenv_python example task requires virtualenv, please install it.
[2025-04-23T04:38:23.460+0100] {processor.py:925} INFO - DAG(s) 'example_python_decorator' retrieved from /Users/francisayanbadejo/venvs_projects/my_proj/lib/python3.9/site-packages/airflow/example_dags/example_python_decorator.py
[2025-04-23T04:38:23.491+0100] {logging_mixin.py:190} INFO - [2025-04-23T04:38:23.491+0100] {dag.py:3239} INFO - Sync 1 DAGs
[2025-04-23T04:38:23.494+0100] {logging_mixin.py:190} INFO - [2025-04-23T04:38:23.494+0100] {dag.py:4180} INFO - Setting next_dagrun for example_python_decorator to None, run_after=None
[2025-04-23T04:38:23.499+0100] {processor.py:208} INFO - Processing /Users/francisayanbadejo/venvs_projects/my_proj/lib/python3.9/site-packages/airflow/example_dags/example_python_decorator.py took 0.054 seconds
[2025-04-23T04:40:11.775+0100] {processor.py:186} INFO - Started process (PID=72700) to work on /Users/francisayanbadejo/venvs_projects/my_proj/lib/python3.9/site-packages/airflow/example_dags/example_python_decorator.py
[2025-04-23T04:40:11.776+0100] {processor.py:914} INFO - Processing file /Users/francisayanbadejo/venvs_projects/my_proj/lib/python3.9/site-packages/airflow/example_dags/example_python_decorator.py for tasks to queue
[2025-04-23T04:40:11.777+0100] {logging_mixin.py:190} INFO - [2025-04-23T04:40:11.777+0100] {dagbag.py:588} INFO - Filling up the DagBag from /Users/francisayanbadejo/venvs_projects/my_proj/lib/python3.9/site-packages/airflow/example_dags/example_python_decorator.py
[2025-04-23T04:40:11.786+0100] {logging_mixin.py:190} INFO - [2025-04-23T04:40:11.786+0100] {example_python_decorator.py:80} WARNING - The virtalenv_python example task requires virtualenv, please install it.
[2025-04-23T04:40:11.787+0100] {processor.py:925} INFO - DAG(s) 'example_python_decorator' retrieved from /Users/francisayanbadejo/venvs_projects/my_proj/lib/python3.9/site-packages/airflow/example_dags/example_python_decorator.py
[2025-04-23T04:40:11.817+0100] {logging_mixin.py:190} INFO - [2025-04-23T04:40:11.817+0100] {dag.py:3239} INFO - Sync 1 DAGs
[2025-04-23T04:40:11.820+0100] {logging_mixin.py:190} INFO - [2025-04-23T04:40:11.820+0100] {dag.py:4180} INFO - Setting next_dagrun for example_python_decorator to None, run_after=None
[2025-04-23T04:40:11.825+0100] {processor.py:208} INFO - Processing /Users/francisayanbadejo/venvs_projects/my_proj/lib/python3.9/site-packages/airflow/example_dags/example_python_decorator.py took 0.052 seconds
[2025-04-23T04:41:58.301+0100] {processor.py:186} INFO - Started process (PID=72857) to work on /Users/francisayanbadejo/venvs_projects/my_proj/lib/python3.9/site-packages/airflow/example_dags/example_python_decorator.py
[2025-04-23T04:41:58.303+0100] {processor.py:914} INFO - Processing file /Users/francisayanbadejo/venvs_projects/my_proj/lib/python3.9/site-packages/airflow/example_dags/example_python_decorator.py for tasks to queue
[2025-04-23T04:41:58.303+0100] {logging_mixin.py:190} INFO - [2025-04-23T04:41:58.303+0100] {dagbag.py:588} INFO - Filling up the DagBag from /Users/francisayanbadejo/venvs_projects/my_proj/lib/python3.9/site-packages/airflow/example_dags/example_python_decorator.py
[2025-04-23T04:41:58.313+0100] {logging_mixin.py:190} INFO - [2025-04-23T04:41:58.313+0100] {example_python_decorator.py:80} WARNING - The virtalenv_python example task requires virtualenv, please install it.
[2025-04-23T04:41:58.314+0100] {processor.py:925} INFO - DAG(s) 'example_python_decorator' retrieved from /Users/francisayanbadejo/venvs_projects/my_proj/lib/python3.9/site-packages/airflow/example_dags/example_python_decorator.py
[2025-04-23T04:41:58.344+0100] {logging_mixin.py:190} INFO - [2025-04-23T04:41:58.344+0100] {dag.py:3239} INFO - Sync 1 DAGs
[2025-04-23T04:41:58.348+0100] {logging_mixin.py:190} INFO - [2025-04-23T04:41:58.348+0100] {dag.py:4180} INFO - Setting next_dagrun for example_python_decorator to None, run_after=None
[2025-04-23T04:41:58.353+0100] {processor.py:208} INFO - Processing /Users/francisayanbadejo/venvs_projects/my_proj/lib/python3.9/site-packages/airflow/example_dags/example_python_decorator.py took 0.053 seconds
[2025-04-23T04:43:44.443+0100] {processor.py:186} INFO - Started process (PID=73020) to work on /Users/francisayanbadejo/venvs_projects/my_proj/lib/python3.9/site-packages/airflow/example_dags/example_python_decorator.py
[2025-04-23T04:43:44.445+0100] {processor.py:914} INFO - Processing file /Users/francisayanbadejo/venvs_projects/my_proj/lib/python3.9/site-packages/airflow/example_dags/example_python_decorator.py for tasks to queue
[2025-04-23T04:43:44.445+0100] {logging_mixin.py:190} INFO - [2025-04-23T04:43:44.445+0100] {dagbag.py:588} INFO - Filling up the DagBag from /Users/francisayanbadejo/venvs_projects/my_proj/lib/python3.9/site-packages/airflow/example_dags/example_python_decorator.py
[2025-04-23T04:43:44.455+0100] {logging_mixin.py:190} INFO - [2025-04-23T04:43:44.455+0100] {example_python_decorator.py:80} WARNING - The virtalenv_python example task requires virtualenv, please install it.
[2025-04-23T04:43:44.456+0100] {processor.py:925} INFO - DAG(s) 'example_python_decorator' retrieved from /Users/francisayanbadejo/venvs_projects/my_proj/lib/python3.9/site-packages/airflow/example_dags/example_python_decorator.py
[2025-04-23T04:43:44.486+0100] {logging_mixin.py:190} INFO - [2025-04-23T04:43:44.486+0100] {dag.py:3239} INFO - Sync 1 DAGs
[2025-04-23T04:43:44.490+0100] {logging_mixin.py:190} INFO - [2025-04-23T04:43:44.489+0100] {dag.py:4180} INFO - Setting next_dagrun for example_python_decorator to None, run_after=None
[2025-04-23T04:43:44.494+0100] {processor.py:208} INFO - Processing /Users/francisayanbadejo/venvs_projects/my_proj/lib/python3.9/site-packages/airflow/example_dags/example_python_decorator.py took 0.052 seconds
[2025-04-23T04:45:29.119+0100] {processor.py:186} INFO - Started process (PID=73210) to work on /Users/francisayanbadejo/venvs_projects/my_proj/lib/python3.9/site-packages/airflow/example_dags/example_python_decorator.py
[2025-04-23T04:45:29.121+0100] {processor.py:914} INFO - Processing file /Users/francisayanbadejo/venvs_projects/my_proj/lib/python3.9/site-packages/airflow/example_dags/example_python_decorator.py for tasks to queue
[2025-04-23T04:45:29.122+0100] {logging_mixin.py:190} INFO - [2025-04-23T04:45:29.122+0100] {dagbag.py:588} INFO - Filling up the DagBag from /Users/francisayanbadejo/venvs_projects/my_proj/lib/python3.9/site-packages/airflow/example_dags/example_python_decorator.py
[2025-04-23T04:45:29.131+0100] {logging_mixin.py:190} INFO - [2025-04-23T04:45:29.131+0100] {example_python_decorator.py:80} WARNING - The virtalenv_python example task requires virtualenv, please install it.
[2025-04-23T04:45:29.132+0100] {processor.py:925} INFO - DAG(s) 'example_python_decorator' retrieved from /Users/francisayanbadejo/venvs_projects/my_proj/lib/python3.9/site-packages/airflow/example_dags/example_python_decorator.py
[2025-04-23T04:45:29.163+0100] {logging_mixin.py:190} INFO - [2025-04-23T04:45:29.163+0100] {dag.py:3239} INFO - Sync 1 DAGs
[2025-04-23T04:45:29.166+0100] {logging_mixin.py:190} INFO - [2025-04-23T04:45:29.166+0100] {dag.py:4180} INFO - Setting next_dagrun for example_python_decorator to None, run_after=None
[2025-04-23T04:45:29.171+0100] {processor.py:208} INFO - Processing /Users/francisayanbadejo/venvs_projects/my_proj/lib/python3.9/site-packages/airflow/example_dags/example_python_decorator.py took 0.053 seconds
[2025-04-23T04:47:16.045+0100] {processor.py:186} INFO - Started process (PID=73364) to work on /Users/francisayanbadejo/venvs_projects/my_proj/lib/python3.9/site-packages/airflow/example_dags/example_python_decorator.py
[2025-04-23T04:47:16.047+0100] {processor.py:914} INFO - Processing file /Users/francisayanbadejo/venvs_projects/my_proj/lib/python3.9/site-packages/airflow/example_dags/example_python_decorator.py for tasks to queue
[2025-04-23T04:47:16.047+0100] {logging_mixin.py:190} INFO - [2025-04-23T04:47:16.047+0100] {dagbag.py:588} INFO - Filling up the DagBag from /Users/francisayanbadejo/venvs_projects/my_proj/lib/python3.9/site-packages/airflow/example_dags/example_python_decorator.py
[2025-04-23T04:47:16.057+0100] {logging_mixin.py:190} INFO - [2025-04-23T04:47:16.057+0100] {example_python_decorator.py:80} WARNING - The virtalenv_python example task requires virtualenv, please install it.
[2025-04-23T04:47:16.058+0100] {processor.py:925} INFO - DAG(s) 'example_python_decorator' retrieved from /Users/francisayanbadejo/venvs_projects/my_proj/lib/python3.9/site-packages/airflow/example_dags/example_python_decorator.py
[2025-04-23T04:47:16.089+0100] {logging_mixin.py:190} INFO - [2025-04-23T04:47:16.089+0100] {dag.py:3239} INFO - Sync 1 DAGs
[2025-04-23T04:47:16.092+0100] {logging_mixin.py:190} INFO - [2025-04-23T04:47:16.092+0100] {dag.py:4180} INFO - Setting next_dagrun for example_python_decorator to None, run_after=None
[2025-04-23T04:47:16.097+0100] {processor.py:208} INFO - Processing /Users/francisayanbadejo/venvs_projects/my_proj/lib/python3.9/site-packages/airflow/example_dags/example_python_decorator.py took 0.053 seconds
[2025-04-23T04:49:07.948+0100] {processor.py:186} INFO - Started process (PID=73523) to work on /Users/francisayanbadejo/venvs_projects/my_proj/lib/python3.9/site-packages/airflow/example_dags/example_python_decorator.py
[2025-04-23T04:49:07.950+0100] {processor.py:914} INFO - Processing file /Users/francisayanbadejo/venvs_projects/my_proj/lib/python3.9/site-packages/airflow/example_dags/example_python_decorator.py for tasks to queue
[2025-04-23T04:49:07.950+0100] {logging_mixin.py:190} INFO - [2025-04-23T04:49:07.950+0100] {dagbag.py:588} INFO - Filling up the DagBag from /Users/francisayanbadejo/venvs_projects/my_proj/lib/python3.9/site-packages/airflow/example_dags/example_python_decorator.py
[2025-04-23T04:49:07.961+0100] {logging_mixin.py:190} INFO - [2025-04-23T04:49:07.961+0100] {example_python_decorator.py:80} WARNING - The virtalenv_python example task requires virtualenv, please install it.
[2025-04-23T04:49:07.961+0100] {processor.py:925} INFO - DAG(s) 'example_python_decorator' retrieved from /Users/francisayanbadejo/venvs_projects/my_proj/lib/python3.9/site-packages/airflow/example_dags/example_python_decorator.py
[2025-04-23T04:49:07.992+0100] {logging_mixin.py:190} INFO - [2025-04-23T04:49:07.992+0100] {dag.py:3239} INFO - Sync 1 DAGs
[2025-04-23T04:49:07.995+0100] {logging_mixin.py:190} INFO - [2025-04-23T04:49:07.995+0100] {dag.py:4180} INFO - Setting next_dagrun for example_python_decorator to None, run_after=None
[2025-04-23T04:49:08.000+0100] {processor.py:208} INFO - Processing /Users/francisayanbadejo/venvs_projects/my_proj/lib/python3.9/site-packages/airflow/example_dags/example_python_decorator.py took 0.053 seconds
[2025-04-23T04:50:54.885+0100] {processor.py:186} INFO - Started process (PID=73687) to work on /Users/francisayanbadejo/venvs_projects/my_proj/lib/python3.9/site-packages/airflow/example_dags/example_python_decorator.py
[2025-04-23T04:50:54.886+0100] {processor.py:914} INFO - Processing file /Users/francisayanbadejo/venvs_projects/my_proj/lib/python3.9/site-packages/airflow/example_dags/example_python_decorator.py for tasks to queue
[2025-04-23T04:50:54.887+0100] {logging_mixin.py:190} INFO - [2025-04-23T04:50:54.887+0100] {dagbag.py:588} INFO - Filling up the DagBag from /Users/francisayanbadejo/venvs_projects/my_proj/lib/python3.9/site-packages/airflow/example_dags/example_python_decorator.py
[2025-04-23T04:50:54.897+0100] {logging_mixin.py:190} INFO - [2025-04-23T04:50:54.897+0100] {example_python_decorator.py:80} WARNING - The virtalenv_python example task requires virtualenv, please install it.
[2025-04-23T04:50:54.898+0100] {processor.py:925} INFO - DAG(s) 'example_python_decorator' retrieved from /Users/francisayanbadejo/venvs_projects/my_proj/lib/python3.9/site-packages/airflow/example_dags/example_python_decorator.py
[2025-04-23T04:50:54.930+0100] {logging_mixin.py:190} INFO - [2025-04-23T04:50:54.930+0100] {dag.py:3239} INFO - Sync 1 DAGs
[2025-04-23T04:50:54.934+0100] {logging_mixin.py:190} INFO - [2025-04-23T04:50:54.934+0100] {dag.py:4180} INFO - Setting next_dagrun for example_python_decorator to None, run_after=None
[2025-04-23T04:50:54.939+0100] {processor.py:208} INFO - Processing /Users/francisayanbadejo/venvs_projects/my_proj/lib/python3.9/site-packages/airflow/example_dags/example_python_decorator.py took 0.055 seconds
[2025-04-23T04:52:50.692+0100] {processor.py:186} INFO - Started process (PID=73894) to work on /Users/francisayanbadejo/venvs_projects/my_proj/lib/python3.9/site-packages/airflow/example_dags/example_python_decorator.py
[2025-04-23T04:52:50.693+0100] {processor.py:914} INFO - Processing file /Users/francisayanbadejo/venvs_projects/my_proj/lib/python3.9/site-packages/airflow/example_dags/example_python_decorator.py for tasks to queue
[2025-04-23T04:52:50.694+0100] {logging_mixin.py:190} INFO - [2025-04-23T04:52:50.694+0100] {dagbag.py:588} INFO - Filling up the DagBag from /Users/francisayanbadejo/venvs_projects/my_proj/lib/python3.9/site-packages/airflow/example_dags/example_python_decorator.py
[2025-04-23T04:52:50.704+0100] {logging_mixin.py:190} INFO - [2025-04-23T04:52:50.704+0100] {example_python_decorator.py:80} WARNING - The virtalenv_python example task requires virtualenv, please install it.
[2025-04-23T04:52:50.705+0100] {processor.py:925} INFO - DAG(s) 'example_python_decorator' retrieved from /Users/francisayanbadejo/venvs_projects/my_proj/lib/python3.9/site-packages/airflow/example_dags/example_python_decorator.py
[2025-04-23T04:52:50.737+0100] {logging_mixin.py:190} INFO - [2025-04-23T04:52:50.737+0100] {dag.py:3239} INFO - Sync 1 DAGs
[2025-04-23T04:52:50.741+0100] {logging_mixin.py:190} INFO - [2025-04-23T04:52:50.741+0100] {dag.py:4180} INFO - Setting next_dagrun for example_python_decorator to None, run_after=None
[2025-04-23T04:52:50.746+0100] {processor.py:208} INFO - Processing /Users/francisayanbadejo/venvs_projects/my_proj/lib/python3.9/site-packages/airflow/example_dags/example_python_decorator.py took 0.055 seconds
[2025-04-23T04:54:49.244+0100] {processor.py:186} INFO - Started process (PID=74182) to work on /Users/francisayanbadejo/venvs_projects/my_proj/lib/python3.9/site-packages/airflow/example_dags/example_python_decorator.py
[2025-04-23T04:54:49.246+0100] {processor.py:914} INFO - Processing file /Users/francisayanbadejo/venvs_projects/my_proj/lib/python3.9/site-packages/airflow/example_dags/example_python_decorator.py for tasks to queue
[2025-04-23T04:54:49.247+0100] {logging_mixin.py:190} INFO - [2025-04-23T04:54:49.247+0100] {dagbag.py:588} INFO - Filling up the DagBag from /Users/francisayanbadejo/venvs_projects/my_proj/lib/python3.9/site-packages/airflow/example_dags/example_python_decorator.py
[2025-04-23T04:54:49.257+0100] {logging_mixin.py:190} INFO - [2025-04-23T04:54:49.257+0100] {example_python_decorator.py:80} WARNING - The virtalenv_python example task requires virtualenv, please install it.
[2025-04-23T04:54:49.258+0100] {processor.py:925} INFO - DAG(s) 'example_python_decorator' retrieved from /Users/francisayanbadejo/venvs_projects/my_proj/lib/python3.9/site-packages/airflow/example_dags/example_python_decorator.py
[2025-04-23T04:54:49.289+0100] {logging_mixin.py:190} INFO - [2025-04-23T04:54:49.289+0100] {dag.py:3239} INFO - Sync 1 DAGs
[2025-04-23T04:54:49.293+0100] {logging_mixin.py:190} INFO - [2025-04-23T04:54:49.293+0100] {dag.py:4180} INFO - Setting next_dagrun for example_python_decorator to None, run_after=None
[2025-04-23T04:54:49.298+0100] {processor.py:208} INFO - Processing /Users/francisayanbadejo/venvs_projects/my_proj/lib/python3.9/site-packages/airflow/example_dags/example_python_decorator.py took 0.055 seconds
[2025-04-23T04:56:42.324+0100] {processor.py:186} INFO - Started process (PID=74426) to work on /Users/francisayanbadejo/venvs_projects/my_proj/lib/python3.9/site-packages/airflow/example_dags/example_python_decorator.py
[2025-04-23T04:56:42.325+0100] {processor.py:914} INFO - Processing file /Users/francisayanbadejo/venvs_projects/my_proj/lib/python3.9/site-packages/airflow/example_dags/example_python_decorator.py for tasks to queue
[2025-04-23T04:56:42.326+0100] {logging_mixin.py:190} INFO - [2025-04-23T04:56:42.326+0100] {dagbag.py:588} INFO - Filling up the DagBag from /Users/francisayanbadejo/venvs_projects/my_proj/lib/python3.9/site-packages/airflow/example_dags/example_python_decorator.py
[2025-04-23T04:56:42.335+0100] {logging_mixin.py:190} INFO - [2025-04-23T04:56:42.335+0100] {example_python_decorator.py:80} WARNING - The virtalenv_python example task requires virtualenv, please install it.
[2025-04-23T04:56:42.336+0100] {processor.py:925} INFO - DAG(s) 'example_python_decorator' retrieved from /Users/francisayanbadejo/venvs_projects/my_proj/lib/python3.9/site-packages/airflow/example_dags/example_python_decorator.py
[2025-04-23T04:56:42.367+0100] {logging_mixin.py:190} INFO - [2025-04-23T04:56:42.367+0100] {dag.py:3239} INFO - Sync 1 DAGs
[2025-04-23T04:56:42.371+0100] {logging_mixin.py:190} INFO - [2025-04-23T04:56:42.371+0100] {dag.py:4180} INFO - Setting next_dagrun for example_python_decorator to None, run_after=None
[2025-04-23T04:56:42.376+0100] {processor.py:208} INFO - Processing /Users/francisayanbadejo/venvs_projects/my_proj/lib/python3.9/site-packages/airflow/example_dags/example_python_decorator.py took 0.053 seconds
[2025-04-23T04:58:32.031+0100] {processor.py:186} INFO - Started process (PID=74739) to work on /Users/francisayanbadejo/venvs_projects/my_proj/lib/python3.9/site-packages/airflow/example_dags/example_python_decorator.py
[2025-04-23T04:58:32.032+0100] {processor.py:914} INFO - Processing file /Users/francisayanbadejo/venvs_projects/my_proj/lib/python3.9/site-packages/airflow/example_dags/example_python_decorator.py for tasks to queue
[2025-04-23T04:58:32.033+0100] {logging_mixin.py:190} INFO - [2025-04-23T04:58:32.033+0100] {dagbag.py:588} INFO - Filling up the DagBag from /Users/francisayanbadejo/venvs_projects/my_proj/lib/python3.9/site-packages/airflow/example_dags/example_python_decorator.py
[2025-04-23T04:58:32.048+0100] {logging_mixin.py:190} INFO - [2025-04-23T04:58:32.047+0100] {example_python_decorator.py:80} WARNING - The virtalenv_python example task requires virtualenv, please install it.
[2025-04-23T04:58:32.049+0100] {processor.py:925} INFO - DAG(s) 'example_python_decorator' retrieved from /Users/francisayanbadejo/venvs_projects/my_proj/lib/python3.9/site-packages/airflow/example_dags/example_python_decorator.py
[2025-04-23T04:58:32.091+0100] {logging_mixin.py:190} INFO - [2025-04-23T04:58:32.091+0100] {dag.py:3239} INFO - Sync 1 DAGs
[2025-04-23T04:58:32.098+0100] {logging_mixin.py:190} INFO - [2025-04-23T04:58:32.097+0100] {dag.py:4180} INFO - Setting next_dagrun for example_python_decorator to None, run_after=None
[2025-04-23T04:58:32.105+0100] {processor.py:208} INFO - Processing /Users/francisayanbadejo/venvs_projects/my_proj/lib/python3.9/site-packages/airflow/example_dags/example_python_decorator.py took 0.075 seconds
[2025-04-23T05:00:20.088+0100] {processor.py:186} INFO - Started process (PID=74981) to work on /Users/francisayanbadejo/venvs_projects/my_proj/lib/python3.9/site-packages/airflow/example_dags/example_python_decorator.py
[2025-04-23T05:00:20.089+0100] {processor.py:914} INFO - Processing file /Users/francisayanbadejo/venvs_projects/my_proj/lib/python3.9/site-packages/airflow/example_dags/example_python_decorator.py for tasks to queue
[2025-04-23T05:00:20.090+0100] {logging_mixin.py:190} INFO - [2025-04-23T05:00:20.090+0100] {dagbag.py:588} INFO - Filling up the DagBag from /Users/francisayanbadejo/venvs_projects/my_proj/lib/python3.9/site-packages/airflow/example_dags/example_python_decorator.py
[2025-04-23T05:00:20.100+0100] {logging_mixin.py:190} INFO - [2025-04-23T05:00:20.100+0100] {example_python_decorator.py:80} WARNING - The virtalenv_python example task requires virtualenv, please install it.
[2025-04-23T05:00:20.101+0100] {processor.py:925} INFO - DAG(s) 'example_python_decorator' retrieved from /Users/francisayanbadejo/venvs_projects/my_proj/lib/python3.9/site-packages/airflow/example_dags/example_python_decorator.py
[2025-04-23T05:00:20.131+0100] {logging_mixin.py:190} INFO - [2025-04-23T05:00:20.131+0100] {dag.py:3239} INFO - Sync 1 DAGs
[2025-04-23T05:00:20.135+0100] {logging_mixin.py:190} INFO - [2025-04-23T05:00:20.135+0100] {dag.py:4180} INFO - Setting next_dagrun for example_python_decorator to None, run_after=None
[2025-04-23T05:00:20.140+0100] {processor.py:208} INFO - Processing /Users/francisayanbadejo/venvs_projects/my_proj/lib/python3.9/site-packages/airflow/example_dags/example_python_decorator.py took 0.053 seconds
[2025-04-23T05:02:09.230+0100] {processor.py:186} INFO - Started process (PID=75222) to work on /Users/francisayanbadejo/venvs_projects/my_proj/lib/python3.9/site-packages/airflow/example_dags/example_python_decorator.py
[2025-04-23T05:02:09.231+0100] {processor.py:914} INFO - Processing file /Users/francisayanbadejo/venvs_projects/my_proj/lib/python3.9/site-packages/airflow/example_dags/example_python_decorator.py for tasks to queue
[2025-04-23T05:02:09.232+0100] {logging_mixin.py:190} INFO - [2025-04-23T05:02:09.232+0100] {dagbag.py:588} INFO - Filling up the DagBag from /Users/francisayanbadejo/venvs_projects/my_proj/lib/python3.9/site-packages/airflow/example_dags/example_python_decorator.py
[2025-04-23T05:02:09.243+0100] {logging_mixin.py:190} INFO - [2025-04-23T05:02:09.243+0100] {example_python_decorator.py:80} WARNING - The virtalenv_python example task requires virtualenv, please install it.
[2025-04-23T05:02:09.243+0100] {processor.py:925} INFO - DAG(s) 'example_python_decorator' retrieved from /Users/francisayanbadejo/venvs_projects/my_proj/lib/python3.9/site-packages/airflow/example_dags/example_python_decorator.py
[2025-04-23T05:02:09.275+0100] {logging_mixin.py:190} INFO - [2025-04-23T05:02:09.275+0100] {dag.py:3239} INFO - Sync 1 DAGs
[2025-04-23T05:02:09.279+0100] {logging_mixin.py:190} INFO - [2025-04-23T05:02:09.279+0100] {dag.py:4180} INFO - Setting next_dagrun for example_python_decorator to None, run_after=None
[2025-04-23T05:02:09.284+0100] {processor.py:208} INFO - Processing /Users/francisayanbadejo/venvs_projects/my_proj/lib/python3.9/site-packages/airflow/example_dags/example_python_decorator.py took 0.055 seconds
[2025-04-23T05:04:03.282+0100] {processor.py:186} INFO - Started process (PID=75469) to work on /Users/francisayanbadejo/venvs_projects/my_proj/lib/python3.9/site-packages/airflow/example_dags/example_python_decorator.py
[2025-04-23T05:04:03.284+0100] {processor.py:914} INFO - Processing file /Users/francisayanbadejo/venvs_projects/my_proj/lib/python3.9/site-packages/airflow/example_dags/example_python_decorator.py for tasks to queue
[2025-04-23T05:04:03.285+0100] {logging_mixin.py:190} INFO - [2025-04-23T05:04:03.285+0100] {dagbag.py:588} INFO - Filling up the DagBag from /Users/francisayanbadejo/venvs_projects/my_proj/lib/python3.9/site-packages/airflow/example_dags/example_python_decorator.py
[2025-04-23T05:04:03.294+0100] {logging_mixin.py:190} INFO - [2025-04-23T05:04:03.294+0100] {example_python_decorator.py:80} WARNING - The virtalenv_python example task requires virtualenv, please install it.
[2025-04-23T05:04:03.295+0100] {processor.py:925} INFO - DAG(s) 'example_python_decorator' retrieved from /Users/francisayanbadejo/venvs_projects/my_proj/lib/python3.9/site-packages/airflow/example_dags/example_python_decorator.py
[2025-04-23T05:04:03.326+0100] {logging_mixin.py:190} INFO - [2025-04-23T05:04:03.326+0100] {dag.py:3239} INFO - Sync 1 DAGs
[2025-04-23T05:04:03.329+0100] {logging_mixin.py:190} INFO - [2025-04-23T05:04:03.329+0100] {dag.py:4180} INFO - Setting next_dagrun for example_python_decorator to None, run_after=None
[2025-04-23T05:04:03.334+0100] {processor.py:208} INFO - Processing /Users/francisayanbadejo/venvs_projects/my_proj/lib/python3.9/site-packages/airflow/example_dags/example_python_decorator.py took 0.053 seconds
[2025-04-23T05:05:52.161+0100] {processor.py:186} INFO - Started process (PID=75721) to work on /Users/francisayanbadejo/venvs_projects/my_proj/lib/python3.9/site-packages/airflow/example_dags/example_python_decorator.py
[2025-04-23T05:05:52.163+0100] {processor.py:914} INFO - Processing file /Users/francisayanbadejo/venvs_projects/my_proj/lib/python3.9/site-packages/airflow/example_dags/example_python_decorator.py for tasks to queue
[2025-04-23T05:05:52.163+0100] {logging_mixin.py:190} INFO - [2025-04-23T05:05:52.163+0100] {dagbag.py:588} INFO - Filling up the DagBag from /Users/francisayanbadejo/venvs_projects/my_proj/lib/python3.9/site-packages/airflow/example_dags/example_python_decorator.py
[2025-04-23T05:05:52.173+0100] {logging_mixin.py:190} INFO - [2025-04-23T05:05:52.173+0100] {example_python_decorator.py:80} WARNING - The virtalenv_python example task requires virtualenv, please install it.
[2025-04-23T05:05:52.174+0100] {processor.py:925} INFO - DAG(s) 'example_python_decorator' retrieved from /Users/francisayanbadejo/venvs_projects/my_proj/lib/python3.9/site-packages/airflow/example_dags/example_python_decorator.py
[2025-04-23T05:05:52.205+0100] {logging_mixin.py:190} INFO - [2025-04-23T05:05:52.205+0100] {dag.py:3239} INFO - Sync 1 DAGs
[2025-04-23T05:05:52.209+0100] {logging_mixin.py:190} INFO - [2025-04-23T05:05:52.209+0100] {dag.py:4180} INFO - Setting next_dagrun for example_python_decorator to None, run_after=None
[2025-04-23T05:05:52.214+0100] {processor.py:208} INFO - Processing /Users/francisayanbadejo/venvs_projects/my_proj/lib/python3.9/site-packages/airflow/example_dags/example_python_decorator.py took 0.054 seconds
[2025-04-23T05:07:43.549+0100] {processor.py:186} INFO - Started process (PID=75941) to work on /Users/francisayanbadejo/venvs_projects/my_proj/lib/python3.9/site-packages/airflow/example_dags/example_python_decorator.py
[2025-04-23T05:07:43.550+0100] {processor.py:914} INFO - Processing file /Users/francisayanbadejo/venvs_projects/my_proj/lib/python3.9/site-packages/airflow/example_dags/example_python_decorator.py for tasks to queue
[2025-04-23T05:07:43.551+0100] {logging_mixin.py:190} INFO - [2025-04-23T05:07:43.551+0100] {dagbag.py:588} INFO - Filling up the DagBag from /Users/francisayanbadejo/venvs_projects/my_proj/lib/python3.9/site-packages/airflow/example_dags/example_python_decorator.py
[2025-04-23T05:07:43.562+0100] {logging_mixin.py:190} INFO - [2025-04-23T05:07:43.562+0100] {example_python_decorator.py:80} WARNING - The virtalenv_python example task requires virtualenv, please install it.
[2025-04-23T05:07:43.562+0100] {processor.py:925} INFO - DAG(s) 'example_python_decorator' retrieved from /Users/francisayanbadejo/venvs_projects/my_proj/lib/python3.9/site-packages/airflow/example_dags/example_python_decorator.py
[2025-04-23T05:07:43.596+0100] {logging_mixin.py:190} INFO - [2025-04-23T05:07:43.596+0100] {dag.py:3239} INFO - Sync 1 DAGs
[2025-04-23T05:07:43.600+0100] {logging_mixin.py:190} INFO - [2025-04-23T05:07:43.600+0100] {dag.py:4180} INFO - Setting next_dagrun for example_python_decorator to None, run_after=None
[2025-04-23T05:07:43.606+0100] {processor.py:208} INFO - Processing /Users/francisayanbadejo/venvs_projects/my_proj/lib/python3.9/site-packages/airflow/example_dags/example_python_decorator.py took 0.058 seconds
[2025-04-23T05:09:34.087+0100] {processor.py:186} INFO - Started process (PID=76411) to work on /Users/francisayanbadejo/venvs_projects/my_proj/lib/python3.9/site-packages/airflow/example_dags/example_python_decorator.py
[2025-04-23T05:09:34.089+0100] {processor.py:914} INFO - Processing file /Users/francisayanbadejo/venvs_projects/my_proj/lib/python3.9/site-packages/airflow/example_dags/example_python_decorator.py for tasks to queue
[2025-04-23T05:09:34.090+0100] {logging_mixin.py:190} INFO - [2025-04-23T05:09:34.090+0100] {dagbag.py:588} INFO - Filling up the DagBag from /Users/francisayanbadejo/venvs_projects/my_proj/lib/python3.9/site-packages/airflow/example_dags/example_python_decorator.py
[2025-04-23T05:09:34.101+0100] {logging_mixin.py:190} INFO - [2025-04-23T05:09:34.101+0100] {example_python_decorator.py:80} WARNING - The virtalenv_python example task requires virtualenv, please install it.
[2025-04-23T05:09:34.102+0100] {processor.py:925} INFO - DAG(s) 'example_python_decorator' retrieved from /Users/francisayanbadejo/venvs_projects/my_proj/lib/python3.9/site-packages/airflow/example_dags/example_python_decorator.py
[2025-04-23T05:09:34.136+0100] {logging_mixin.py:190} INFO - [2025-04-23T05:09:34.136+0100] {dag.py:3239} INFO - Sync 1 DAGs
[2025-04-23T05:09:34.140+0100] {logging_mixin.py:190} INFO - [2025-04-23T05:09:34.140+0100] {dag.py:4180} INFO - Setting next_dagrun for example_python_decorator to None, run_after=None
[2025-04-23T05:09:34.145+0100] {processor.py:208} INFO - Processing /Users/francisayanbadejo/venvs_projects/my_proj/lib/python3.9/site-packages/airflow/example_dags/example_python_decorator.py took 0.059 seconds
[2025-04-23T05:19:00.417+0100] {processor.py:186} INFO - Started process (PID=77359) to work on /Users/francisayanbadejo/venvs_projects/my_proj/lib/python3.9/site-packages/airflow/example_dags/example_python_decorator.py
[2025-04-23T05:19:00.418+0100] {processor.py:914} INFO - Processing file /Users/francisayanbadejo/venvs_projects/my_proj/lib/python3.9/site-packages/airflow/example_dags/example_python_decorator.py for tasks to queue
[2025-04-23T05:19:00.419+0100] {logging_mixin.py:190} INFO - [2025-04-23T05:19:00.419+0100] {dagbag.py:588} INFO - Filling up the DagBag from /Users/francisayanbadejo/venvs_projects/my_proj/lib/python3.9/site-packages/airflow/example_dags/example_python_decorator.py
[2025-04-23T05:19:00.429+0100] {logging_mixin.py:190} INFO - [2025-04-23T05:19:00.429+0100] {example_python_decorator.py:80} WARNING - The virtalenv_python example task requires virtualenv, please install it.
[2025-04-23T05:19:00.430+0100] {processor.py:925} INFO - DAG(s) 'example_python_decorator' retrieved from /Users/francisayanbadejo/venvs_projects/my_proj/lib/python3.9/site-packages/airflow/example_dags/example_python_decorator.py
[2025-04-23T05:19:00.461+0100] {logging_mixin.py:190} INFO - [2025-04-23T05:19:00.461+0100] {dag.py:3239} INFO - Sync 1 DAGs
[2025-04-23T05:19:00.464+0100] {logging_mixin.py:190} INFO - [2025-04-23T05:19:00.464+0100] {dag.py:4180} INFO - Setting next_dagrun for example_python_decorator to None, run_after=None
[2025-04-23T05:19:00.469+0100] {processor.py:208} INFO - Processing /Users/francisayanbadejo/venvs_projects/my_proj/lib/python3.9/site-packages/airflow/example_dags/example_python_decorator.py took 0.053 seconds
[2025-04-23T05:20:29.536+0100] {processor.py:186} INFO - Started process (PID=77512) to work on /Users/francisayanbadejo/venvs_projects/my_proj/lib/python3.9/site-packages/airflow/example_dags/example_python_decorator.py
[2025-04-23T05:20:29.538+0100] {processor.py:914} INFO - Processing file /Users/francisayanbadejo/venvs_projects/my_proj/lib/python3.9/site-packages/airflow/example_dags/example_python_decorator.py for tasks to queue
[2025-04-23T05:20:29.539+0100] {logging_mixin.py:190} INFO - [2025-04-23T05:20:29.539+0100] {dagbag.py:588} INFO - Filling up the DagBag from /Users/francisayanbadejo/venvs_projects/my_proj/lib/python3.9/site-packages/airflow/example_dags/example_python_decorator.py
[2025-04-23T05:20:29.549+0100] {logging_mixin.py:190} INFO - [2025-04-23T05:20:29.549+0100] {example_python_decorator.py:80} WARNING - The virtalenv_python example task requires virtualenv, please install it.
[2025-04-23T05:20:29.550+0100] {processor.py:925} INFO - DAG(s) 'example_python_decorator' retrieved from /Users/francisayanbadejo/venvs_projects/my_proj/lib/python3.9/site-packages/airflow/example_dags/example_python_decorator.py
[2025-04-23T05:20:29.581+0100] {logging_mixin.py:190} INFO - [2025-04-23T05:20:29.581+0100] {dag.py:3239} INFO - Sync 1 DAGs
[2025-04-23T05:20:29.584+0100] {logging_mixin.py:190} INFO - [2025-04-23T05:20:29.584+0100] {dag.py:4180} INFO - Setting next_dagrun for example_python_decorator to None, run_after=None
[2025-04-23T05:20:29.589+0100] {processor.py:208} INFO - Processing /Users/francisayanbadejo/venvs_projects/my_proj/lib/python3.9/site-packages/airflow/example_dags/example_python_decorator.py took 0.054 seconds
[2025-04-23T12:30:31.750+0100] {processor.py:186} INFO - Started process (PID=86414) to work on /Users/francisayanbadejo/venvs_projects/my_proj/lib/python3.9/site-packages/airflow/example_dags/example_python_decorator.py
[2025-04-23T12:30:31.752+0100] {processor.py:914} INFO - Processing file /Users/francisayanbadejo/venvs_projects/my_proj/lib/python3.9/site-packages/airflow/example_dags/example_python_decorator.py for tasks to queue
[2025-04-23T12:30:31.752+0100] {logging_mixin.py:190} INFO - [2025-04-23T12:30:31.752+0100] {dagbag.py:588} INFO - Filling up the DagBag from /Users/francisayanbadejo/venvs_projects/my_proj/lib/python3.9/site-packages/airflow/example_dags/example_python_decorator.py
[2025-04-23T12:30:31.763+0100] {logging_mixin.py:190} INFO - [2025-04-23T12:30:31.763+0100] {example_python_decorator.py:80} WARNING - The virtalenv_python example task requires virtualenv, please install it.
[2025-04-23T12:30:31.763+0100] {processor.py:925} INFO - DAG(s) 'example_python_decorator' retrieved from /Users/francisayanbadejo/venvs_projects/my_proj/lib/python3.9/site-packages/airflow/example_dags/example_python_decorator.py
[2025-04-23T12:30:31.797+0100] {logging_mixin.py:190} INFO - [2025-04-23T12:30:31.797+0100] {dag.py:3239} INFO - Sync 1 DAGs
[2025-04-23T12:30:31.801+0100] {logging_mixin.py:190} INFO - [2025-04-23T12:30:31.800+0100] {dag.py:4180} INFO - Setting next_dagrun for example_python_decorator to None, run_after=None
[2025-04-23T12:30:31.806+0100] {processor.py:208} INFO - Processing /Users/francisayanbadejo/venvs_projects/my_proj/lib/python3.9/site-packages/airflow/example_dags/example_python_decorator.py took 0.056 seconds
