[2025-04-23T03:41:10.963+0100] {processor.py:186} INFO - Started process (PID=63378) to work on /Users/francisayanbadejo/venvs_projects/my_proj/lib/python3.9/site-packages/airflow/example_dags/example_task_group_decorator.py
[2025-04-23T03:41:10.964+0100] {processor.py:914} INFO - Processing file /Users/francisayanbadejo/venvs_projects/my_proj/lib/python3.9/site-packages/airflow/example_dags/example_task_group_decorator.py for tasks to queue
[2025-04-23T03:41:10.965+0100] {logging_mixin.py:190} INFO - [2025-04-23T03:41:10.965+0100] {dagbag.py:588} INFO - Filling up the DagBag from /Users/francisayanbadejo/venvs_projects/my_proj/lib/python3.9/site-packages/airflow/example_dags/example_task_group_decorator.py
[2025-04-23T03:41:10.978+0100] {processor.py:925} INFO - DAG(s) 'example_task_group_decorator' retrieved from /Users/francisayanbadejo/venvs_projects/my_proj/lib/python3.9/site-packages/airflow/example_dags/example_task_group_decorator.py
[2025-04-23T03:41:11.034+0100] {logging_mixin.py:190} INFO - [2025-04-23T03:41:11.034+0100] {override.py:1930} INFO - Created Permission View: can delete on DAG:example_task_group_decorator
[2025-04-23T03:41:11.036+0100] {logging_mixin.py:190} INFO - [2025-04-23T03:41:11.036+0100] {override.py:1930} INFO - Created Permission View: can edit on DAG:example_task_group_decorator
[2025-04-23T03:41:11.038+0100] {logging_mixin.py:190} INFO - [2025-04-23T03:41:11.038+0100] {override.py:1930} INFO - Created Permission View: can read on DAG:example_task_group_decorator
[2025-04-23T03:41:11.039+0100] {logging_mixin.py:190} INFO - [2025-04-23T03:41:11.039+0100] {override.py:1930} INFO - Created Permission View: can delete on DAG Run:example_task_group_decorator
[2025-04-23T03:41:11.041+0100] {logging_mixin.py:190} INFO - [2025-04-23T03:41:11.041+0100] {override.py:1930} INFO - Created Permission View: can create on DAG Run:example_task_group_decorator
[2025-04-23T03:41:11.042+0100] {logging_mixin.py:190} INFO - [2025-04-23T03:41:11.042+0100] {override.py:1930} INFO - Created Permission View: can read on DAG Run:example_task_group_decorator
[2025-04-23T03:41:11.043+0100] {logging_mixin.py:190} INFO - [2025-04-23T03:41:11.043+0100] {override.py:1930} INFO - Created Permission View: menu access on DAG Run:example_task_group_decorator
[2025-04-23T03:41:11.043+0100] {logging_mixin.py:190} INFO - [2025-04-23T03:41:11.043+0100] {dag.py:3239} INFO - Sync 1 DAGs
[2025-04-23T03:41:11.047+0100] {logging_mixin.py:190} INFO - [2025-04-23T03:41:11.047+0100] {dag.py:3262} INFO - Creating ORM DAG for example_task_group_decorator
[2025-04-23T03:41:11.047+0100] {logging_mixin.py:190} INFO - [2025-04-23T03:41:11.047+0100] {dag.py:4180} INFO - Setting next_dagrun for example_task_group_decorator to None, run_after=None
[2025-04-23T03:41:11.052+0100] {processor.py:208} INFO - Processing /Users/francisayanbadejo/venvs_projects/my_proj/lib/python3.9/site-packages/airflow/example_dags/example_task_group_decorator.py took 0.090 seconds
[2025-04-23T03:44:35.173+0100] {processor.py:186} INFO - Started process (PID=64282) to work on /Users/francisayanbadejo/venvs_projects/my_proj/lib/python3.9/site-packages/airflow/example_dags/example_task_group_decorator.py
[2025-04-23T03:44:35.174+0100] {processor.py:914} INFO - Processing file /Users/francisayanbadejo/venvs_projects/my_proj/lib/python3.9/site-packages/airflow/example_dags/example_task_group_decorator.py for tasks to queue
[2025-04-23T03:44:35.175+0100] {logging_mixin.py:190} INFO - [2025-04-23T03:44:35.175+0100] {dagbag.py:588} INFO - Filling up the DagBag from /Users/francisayanbadejo/venvs_projects/my_proj/lib/python3.9/site-packages/airflow/example_dags/example_task_group_decorator.py
[2025-04-23T03:44:35.188+0100] {processor.py:925} INFO - DAG(s) 'example_task_group_decorator' retrieved from /Users/francisayanbadejo/venvs_projects/my_proj/lib/python3.9/site-packages/airflow/example_dags/example_task_group_decorator.py
[2025-04-23T03:44:35.220+0100] {logging_mixin.py:190} INFO - [2025-04-23T03:44:35.220+0100] {dag.py:3239} INFO - Sync 1 DAGs
[2025-04-23T03:44:35.223+0100] {logging_mixin.py:190} INFO - [2025-04-23T03:44:35.223+0100] {dag.py:4180} INFO - Setting next_dagrun for example_task_group_decorator to None, run_after=None
[2025-04-23T03:44:35.229+0100] {processor.py:208} INFO - Processing /Users/francisayanbadejo/venvs_projects/my_proj/lib/python3.9/site-packages/airflow/example_dags/example_task_group_decorator.py took 0.057 seconds
[2025-04-23T03:46:02.163+0100] {processor.py:186} INFO - Started process (PID=64480) to work on /Users/francisayanbadejo/venvs_projects/my_proj/lib/python3.9/site-packages/airflow/example_dags/example_task_group_decorator.py
[2025-04-23T03:46:02.165+0100] {processor.py:914} INFO - Processing file /Users/francisayanbadejo/venvs_projects/my_proj/lib/python3.9/site-packages/airflow/example_dags/example_task_group_decorator.py for tasks to queue
[2025-04-23T03:46:02.166+0100] {logging_mixin.py:190} INFO - [2025-04-23T03:46:02.166+0100] {dagbag.py:588} INFO - Filling up the DagBag from /Users/francisayanbadejo/venvs_projects/my_proj/lib/python3.9/site-packages/airflow/example_dags/example_task_group_decorator.py
[2025-04-23T03:46:02.179+0100] {processor.py:925} INFO - DAG(s) 'example_task_group_decorator' retrieved from /Users/francisayanbadejo/venvs_projects/my_proj/lib/python3.9/site-packages/airflow/example_dags/example_task_group_decorator.py
[2025-04-23T03:46:02.213+0100] {logging_mixin.py:190} INFO - [2025-04-23T03:46:02.213+0100] {dag.py:3239} INFO - Sync 1 DAGs
[2025-04-23T03:46:02.217+0100] {logging_mixin.py:190} INFO - [2025-04-23T03:46:02.217+0100] {dag.py:4180} INFO - Setting next_dagrun for example_task_group_decorator to None, run_after=None
[2025-04-23T03:46:02.222+0100] {processor.py:208} INFO - Processing /Users/francisayanbadejo/venvs_projects/my_proj/lib/python3.9/site-packages/airflow/example_dags/example_task_group_decorator.py took 0.061 seconds
[2025-04-23T03:46:59.056+0100] {processor.py:186} INFO - Started process (PID=64608) to work on /Users/francisayanbadejo/venvs_projects/my_proj/lib/python3.9/site-packages/airflow/example_dags/example_task_group_decorator.py
[2025-04-23T03:46:59.058+0100] {processor.py:914} INFO - Processing file /Users/francisayanbadejo/venvs_projects/my_proj/lib/python3.9/site-packages/airflow/example_dags/example_task_group_decorator.py for tasks to queue
[2025-04-23T03:46:59.059+0100] {logging_mixin.py:190} INFO - [2025-04-23T03:46:59.059+0100] {dagbag.py:588} INFO - Filling up the DagBag from /Users/francisayanbadejo/venvs_projects/my_proj/lib/python3.9/site-packages/airflow/example_dags/example_task_group_decorator.py
[2025-04-23T03:46:59.070+0100] {processor.py:925} INFO - DAG(s) 'example_task_group_decorator' retrieved from /Users/francisayanbadejo/venvs_projects/my_proj/lib/python3.9/site-packages/airflow/example_dags/example_task_group_decorator.py
[2025-04-23T03:46:59.102+0100] {logging_mixin.py:190} INFO - [2025-04-23T03:46:59.102+0100] {dag.py:3239} INFO - Sync 1 DAGs
[2025-04-23T03:46:59.105+0100] {logging_mixin.py:190} INFO - [2025-04-23T03:46:59.105+0100] {dag.py:4180} INFO - Setting next_dagrun for example_task_group_decorator to None, run_after=None
[2025-04-23T03:46:59.110+0100] {processor.py:208} INFO - Processing /Users/francisayanbadejo/venvs_projects/my_proj/lib/python3.9/site-packages/airflow/example_dags/example_task_group_decorator.py took 0.055 seconds
[2025-04-23T03:48:49.550+0100] {processor.py:186} INFO - Started process (PID=64853) to work on /Users/francisayanbadejo/venvs_projects/my_proj/lib/python3.9/site-packages/airflow/example_dags/example_task_group_decorator.py
[2025-04-23T03:48:49.552+0100] {processor.py:914} INFO - Processing file /Users/francisayanbadejo/venvs_projects/my_proj/lib/python3.9/site-packages/airflow/example_dags/example_task_group_decorator.py for tasks to queue
[2025-04-23T03:48:49.552+0100] {logging_mixin.py:190} INFO - [2025-04-23T03:48:49.552+0100] {dagbag.py:588} INFO - Filling up the DagBag from /Users/francisayanbadejo/venvs_projects/my_proj/lib/python3.9/site-packages/airflow/example_dags/example_task_group_decorator.py
[2025-04-23T03:48:49.564+0100] {processor.py:925} INFO - DAG(s) 'example_task_group_decorator' retrieved from /Users/francisayanbadejo/venvs_projects/my_proj/lib/python3.9/site-packages/airflow/example_dags/example_task_group_decorator.py
[2025-04-23T03:48:49.596+0100] {logging_mixin.py:190} INFO - [2025-04-23T03:48:49.596+0100] {dag.py:3239} INFO - Sync 1 DAGs
[2025-04-23T03:48:49.599+0100] {logging_mixin.py:190} INFO - [2025-04-23T03:48:49.599+0100] {dag.py:4180} INFO - Setting next_dagrun for example_task_group_decorator to None, run_after=None
[2025-04-23T03:48:49.604+0100] {processor.py:208} INFO - Processing /Users/francisayanbadejo/venvs_projects/my_proj/lib/python3.9/site-packages/airflow/example_dags/example_task_group_decorator.py took 0.055 seconds
[2025-04-23T03:50:38.775+0100] {processor.py:186} INFO - Started process (PID=65092) to work on /Users/francisayanbadejo/venvs_projects/my_proj/lib/python3.9/site-packages/airflow/example_dags/example_task_group_decorator.py
[2025-04-23T03:50:38.777+0100] {processor.py:914} INFO - Processing file /Users/francisayanbadejo/venvs_projects/my_proj/lib/python3.9/site-packages/airflow/example_dags/example_task_group_decorator.py for tasks to queue
[2025-04-23T03:50:38.778+0100] {logging_mixin.py:190} INFO - [2025-04-23T03:50:38.778+0100] {dagbag.py:588} INFO - Filling up the DagBag from /Users/francisayanbadejo/venvs_projects/my_proj/lib/python3.9/site-packages/airflow/example_dags/example_task_group_decorator.py
[2025-04-23T03:50:38.790+0100] {processor.py:925} INFO - DAG(s) 'example_task_group_decorator' retrieved from /Users/francisayanbadejo/venvs_projects/my_proj/lib/python3.9/site-packages/airflow/example_dags/example_task_group_decorator.py
[2025-04-23T03:50:38.824+0100] {logging_mixin.py:190} INFO - [2025-04-23T03:50:38.824+0100] {dag.py:3239} INFO - Sync 1 DAGs
[2025-04-23T03:50:38.828+0100] {logging_mixin.py:190} INFO - [2025-04-23T03:50:38.828+0100] {dag.py:4180} INFO - Setting next_dagrun for example_task_group_decorator to None, run_after=None
[2025-04-23T03:50:38.833+0100] {processor.py:208} INFO - Processing /Users/francisayanbadejo/venvs_projects/my_proj/lib/python3.9/site-packages/airflow/example_dags/example_task_group_decorator.py took 0.059 seconds
[2025-04-23T03:52:33.111+0100] {processor.py:186} INFO - Started process (PID=65345) to work on /Users/francisayanbadejo/venvs_projects/my_proj/lib/python3.9/site-packages/airflow/example_dags/example_task_group_decorator.py
[2025-04-23T03:52:33.112+0100] {processor.py:914} INFO - Processing file /Users/francisayanbadejo/venvs_projects/my_proj/lib/python3.9/site-packages/airflow/example_dags/example_task_group_decorator.py for tasks to queue
[2025-04-23T03:52:33.113+0100] {logging_mixin.py:190} INFO - [2025-04-23T03:52:33.113+0100] {dagbag.py:588} INFO - Filling up the DagBag from /Users/francisayanbadejo/venvs_projects/my_proj/lib/python3.9/site-packages/airflow/example_dags/example_task_group_decorator.py
[2025-04-23T03:52:33.124+0100] {processor.py:925} INFO - DAG(s) 'example_task_group_decorator' retrieved from /Users/francisayanbadejo/venvs_projects/my_proj/lib/python3.9/site-packages/airflow/example_dags/example_task_group_decorator.py
[2025-04-23T03:52:33.157+0100] {logging_mixin.py:190} INFO - [2025-04-23T03:52:33.157+0100] {dag.py:3239} INFO - Sync 1 DAGs
[2025-04-23T03:52:33.161+0100] {logging_mixin.py:190} INFO - [2025-04-23T03:52:33.161+0100] {dag.py:4180} INFO - Setting next_dagrun for example_task_group_decorator to None, run_after=None
[2025-04-23T03:52:33.166+0100] {processor.py:208} INFO - Processing /Users/francisayanbadejo/venvs_projects/my_proj/lib/python3.9/site-packages/airflow/example_dags/example_task_group_decorator.py took 0.056 seconds
[2025-04-23T03:53:31.574+0100] {processor.py:186} INFO - Started process (PID=65475) to work on /Users/francisayanbadejo/venvs_projects/my_proj/lib/python3.9/site-packages/airflow/example_dags/example_task_group_decorator.py
[2025-04-23T03:53:31.575+0100] {processor.py:914} INFO - Processing file /Users/francisayanbadejo/venvs_projects/my_proj/lib/python3.9/site-packages/airflow/example_dags/example_task_group_decorator.py for tasks to queue
[2025-04-23T03:53:31.575+0100] {logging_mixin.py:190} INFO - [2025-04-23T03:53:31.575+0100] {dagbag.py:588} INFO - Filling up the DagBag from /Users/francisayanbadejo/venvs_projects/my_proj/lib/python3.9/site-packages/airflow/example_dags/example_task_group_decorator.py
[2025-04-23T03:53:31.588+0100] {processor.py:925} INFO - DAG(s) 'example_task_group_decorator' retrieved from /Users/francisayanbadejo/venvs_projects/my_proj/lib/python3.9/site-packages/airflow/example_dags/example_task_group_decorator.py
[2025-04-23T03:53:31.622+0100] {logging_mixin.py:190} INFO - [2025-04-23T03:53:31.622+0100] {dag.py:3239} INFO - Sync 1 DAGs
[2025-04-23T03:53:31.626+0100] {logging_mixin.py:190} INFO - [2025-04-23T03:53:31.626+0100] {dag.py:4180} INFO - Setting next_dagrun for example_task_group_decorator to None, run_after=None
[2025-04-23T03:53:31.631+0100] {processor.py:208} INFO - Processing /Users/francisayanbadejo/venvs_projects/my_proj/lib/python3.9/site-packages/airflow/example_dags/example_task_group_decorator.py took 0.059 seconds
[2025-04-23T03:54:28.788+0100] {processor.py:186} INFO - Started process (PID=65602) to work on /Users/francisayanbadejo/venvs_projects/my_proj/lib/python3.9/site-packages/airflow/example_dags/example_task_group_decorator.py
[2025-04-23T03:54:28.789+0100] {processor.py:914} INFO - Processing file /Users/francisayanbadejo/venvs_projects/my_proj/lib/python3.9/site-packages/airflow/example_dags/example_task_group_decorator.py for tasks to queue
[2025-04-23T03:54:28.790+0100] {logging_mixin.py:190} INFO - [2025-04-23T03:54:28.790+0100] {dagbag.py:588} INFO - Filling up the DagBag from /Users/francisayanbadejo/venvs_projects/my_proj/lib/python3.9/site-packages/airflow/example_dags/example_task_group_decorator.py
[2025-04-23T03:54:28.803+0100] {processor.py:925} INFO - DAG(s) 'example_task_group_decorator' retrieved from /Users/francisayanbadejo/venvs_projects/my_proj/lib/python3.9/site-packages/airflow/example_dags/example_task_group_decorator.py
[2025-04-23T03:54:28.837+0100] {logging_mixin.py:190} INFO - [2025-04-23T03:54:28.837+0100] {dag.py:3239} INFO - Sync 1 DAGs
[2025-04-23T03:54:28.841+0100] {logging_mixin.py:190} INFO - [2025-04-23T03:54:28.841+0100] {dag.py:4180} INFO - Setting next_dagrun for example_task_group_decorator to None, run_after=None
[2025-04-23T03:54:28.847+0100] {processor.py:208} INFO - Processing /Users/francisayanbadejo/venvs_projects/my_proj/lib/python3.9/site-packages/airflow/example_dags/example_task_group_decorator.py took 0.060 seconds
[2025-04-23T03:55:29.434+0100] {processor.py:186} INFO - Started process (PID=65730) to work on /Users/francisayanbadejo/venvs_projects/my_proj/lib/python3.9/site-packages/airflow/example_dags/example_task_group_decorator.py
[2025-04-23T03:55:29.436+0100] {processor.py:914} INFO - Processing file /Users/francisayanbadejo/venvs_projects/my_proj/lib/python3.9/site-packages/airflow/example_dags/example_task_group_decorator.py for tasks to queue
[2025-04-23T03:55:29.436+0100] {logging_mixin.py:190} INFO - [2025-04-23T03:55:29.436+0100] {dagbag.py:588} INFO - Filling up the DagBag from /Users/francisayanbadejo/venvs_projects/my_proj/lib/python3.9/site-packages/airflow/example_dags/example_task_group_decorator.py
[2025-04-23T03:55:29.449+0100] {processor.py:925} INFO - DAG(s) 'example_task_group_decorator' retrieved from /Users/francisayanbadejo/venvs_projects/my_proj/lib/python3.9/site-packages/airflow/example_dags/example_task_group_decorator.py
[2025-04-23T03:55:29.483+0100] {logging_mixin.py:190} INFO - [2025-04-23T03:55:29.483+0100] {dag.py:3239} INFO - Sync 1 DAGs
[2025-04-23T03:55:29.487+0100] {logging_mixin.py:190} INFO - [2025-04-23T03:55:29.487+0100] {dag.py:4180} INFO - Setting next_dagrun for example_task_group_decorator to None, run_after=None
[2025-04-23T03:55:29.492+0100] {processor.py:208} INFO - Processing /Users/francisayanbadejo/venvs_projects/my_proj/lib/python3.9/site-packages/airflow/example_dags/example_task_group_decorator.py took 0.059 seconds
[2025-04-23T03:56:28.177+0100] {processor.py:186} INFO - Started process (PID=65858) to work on /Users/francisayanbadejo/venvs_projects/my_proj/lib/python3.9/site-packages/airflow/example_dags/example_task_group_decorator.py
[2025-04-23T03:56:28.178+0100] {processor.py:914} INFO - Processing file /Users/francisayanbadejo/venvs_projects/my_proj/lib/python3.9/site-packages/airflow/example_dags/example_task_group_decorator.py for tasks to queue
[2025-04-23T03:56:28.179+0100] {logging_mixin.py:190} INFO - [2025-04-23T03:56:28.179+0100] {dagbag.py:588} INFO - Filling up the DagBag from /Users/francisayanbadejo/venvs_projects/my_proj/lib/python3.9/site-packages/airflow/example_dags/example_task_group_decorator.py
[2025-04-23T03:56:28.192+0100] {processor.py:925} INFO - DAG(s) 'example_task_group_decorator' retrieved from /Users/francisayanbadejo/venvs_projects/my_proj/lib/python3.9/site-packages/airflow/example_dags/example_task_group_decorator.py
[2025-04-23T03:56:28.224+0100] {logging_mixin.py:190} INFO - [2025-04-23T03:56:28.224+0100] {dag.py:3239} INFO - Sync 1 DAGs
[2025-04-23T03:56:28.228+0100] {logging_mixin.py:190} INFO - [2025-04-23T03:56:28.227+0100] {dag.py:4180} INFO - Setting next_dagrun for example_task_group_decorator to None, run_after=None
[2025-04-23T03:56:28.233+0100] {processor.py:208} INFO - Processing /Users/francisayanbadejo/venvs_projects/my_proj/lib/python3.9/site-packages/airflow/example_dags/example_task_group_decorator.py took 0.057 seconds
[2025-04-23T03:57:26.666+0100] {processor.py:186} INFO - Started process (PID=65982) to work on /Users/francisayanbadejo/venvs_projects/my_proj/lib/python3.9/site-packages/airflow/example_dags/example_task_group_decorator.py
[2025-04-23T03:57:26.666+0100] {processor.py:914} INFO - Processing file /Users/francisayanbadejo/venvs_projects/my_proj/lib/python3.9/site-packages/airflow/example_dags/example_task_group_decorator.py for tasks to queue
[2025-04-23T03:57:26.667+0100] {logging_mixin.py:190} INFO - [2025-04-23T03:57:26.667+0100] {dagbag.py:588} INFO - Filling up the DagBag from /Users/francisayanbadejo/venvs_projects/my_proj/lib/python3.9/site-packages/airflow/example_dags/example_task_group_decorator.py
[2025-04-23T03:57:26.679+0100] {processor.py:925} INFO - DAG(s) 'example_task_group_decorator' retrieved from /Users/francisayanbadejo/venvs_projects/my_proj/lib/python3.9/site-packages/airflow/example_dags/example_task_group_decorator.py
[2025-04-23T03:57:26.712+0100] {logging_mixin.py:190} INFO - [2025-04-23T03:57:26.712+0100] {dag.py:3239} INFO - Sync 1 DAGs
[2025-04-23T03:57:26.716+0100] {logging_mixin.py:190} INFO - [2025-04-23T03:57:26.716+0100] {dag.py:4180} INFO - Setting next_dagrun for example_task_group_decorator to None, run_after=None
[2025-04-23T03:57:26.721+0100] {processor.py:208} INFO - Processing /Users/francisayanbadejo/venvs_projects/my_proj/lib/python3.9/site-packages/airflow/example_dags/example_task_group_decorator.py took 0.056 seconds
[2025-04-23T03:58:26.736+0100] {processor.py:186} INFO - Started process (PID=66099) to work on /Users/francisayanbadejo/venvs_projects/my_proj/lib/python3.9/site-packages/airflow/example_dags/example_task_group_decorator.py
[2025-04-23T03:58:26.736+0100] {processor.py:914} INFO - Processing file /Users/francisayanbadejo/venvs_projects/my_proj/lib/python3.9/site-packages/airflow/example_dags/example_task_group_decorator.py for tasks to queue
[2025-04-23T03:58:26.736+0100] {logging_mixin.py:190} INFO - [2025-04-23T03:58:26.736+0100] {dagbag.py:588} INFO - Filling up the DagBag from /Users/francisayanbadejo/venvs_projects/my_proj/lib/python3.9/site-packages/airflow/example_dags/example_task_group_decorator.py
[2025-04-23T03:58:26.749+0100] {processor.py:925} INFO - DAG(s) 'example_task_group_decorator' retrieved from /Users/francisayanbadejo/venvs_projects/my_proj/lib/python3.9/site-packages/airflow/example_dags/example_task_group_decorator.py
[2025-04-23T03:58:26.782+0100] {logging_mixin.py:190} INFO - [2025-04-23T03:58:26.782+0100] {dag.py:3239} INFO - Sync 1 DAGs
[2025-04-23T03:58:26.785+0100] {logging_mixin.py:190} INFO - [2025-04-23T03:58:26.785+0100] {dag.py:4180} INFO - Setting next_dagrun for example_task_group_decorator to None, run_after=None
[2025-04-23T03:58:26.790+0100] {processor.py:208} INFO - Processing /Users/francisayanbadejo/venvs_projects/my_proj/lib/python3.9/site-packages/airflow/example_dags/example_task_group_decorator.py took 0.056 seconds
[2025-04-23T03:59:33.427+0100] {processor.py:186} INFO - Started process (PID=66208) to work on /Users/francisayanbadejo/venvs_projects/my_proj/lib/python3.9/site-packages/airflow/example_dags/example_task_group_decorator.py
[2025-04-23T03:59:33.427+0100] {processor.py:914} INFO - Processing file /Users/francisayanbadejo/venvs_projects/my_proj/lib/python3.9/site-packages/airflow/example_dags/example_task_group_decorator.py for tasks to queue
[2025-04-23T03:59:33.427+0100] {logging_mixin.py:190} INFO - [2025-04-23T03:59:33.427+0100] {dagbag.py:588} INFO - Filling up the DagBag from /Users/francisayanbadejo/venvs_projects/my_proj/lib/python3.9/site-packages/airflow/example_dags/example_task_group_decorator.py
[2025-04-23T03:59:33.442+0100] {processor.py:925} INFO - DAG(s) 'example_task_group_decorator' retrieved from /Users/francisayanbadejo/venvs_projects/my_proj/lib/python3.9/site-packages/airflow/example_dags/example_task_group_decorator.py
[2025-04-23T03:59:33.479+0100] {logging_mixin.py:190} INFO - [2025-04-23T03:59:33.478+0100] {dag.py:3239} INFO - Sync 1 DAGs
[2025-04-23T03:59:33.483+0100] {logging_mixin.py:190} INFO - [2025-04-23T03:59:33.483+0100] {dag.py:4180} INFO - Setting next_dagrun for example_task_group_decorator to None, run_after=None
[2025-04-23T03:59:33.489+0100] {processor.py:208} INFO - Processing /Users/francisayanbadejo/venvs_projects/my_proj/lib/python3.9/site-packages/airflow/example_dags/example_task_group_decorator.py took 0.064 seconds
[2025-04-23T04:00:39.110+0100] {processor.py:186} INFO - Started process (PID=66319) to work on /Users/francisayanbadejo/venvs_projects/my_proj/lib/python3.9/site-packages/airflow/example_dags/example_task_group_decorator.py
[2025-04-23T04:00:39.111+0100] {processor.py:914} INFO - Processing file /Users/francisayanbadejo/venvs_projects/my_proj/lib/python3.9/site-packages/airflow/example_dags/example_task_group_decorator.py for tasks to queue
[2025-04-23T04:00:39.111+0100] {logging_mixin.py:190} INFO - [2025-04-23T04:00:39.111+0100] {dagbag.py:588} INFO - Filling up the DagBag from /Users/francisayanbadejo/venvs_projects/my_proj/lib/python3.9/site-packages/airflow/example_dags/example_task_group_decorator.py
[2025-04-23T04:00:39.123+0100] {processor.py:925} INFO - DAG(s) 'example_task_group_decorator' retrieved from /Users/francisayanbadejo/venvs_projects/my_proj/lib/python3.9/site-packages/airflow/example_dags/example_task_group_decorator.py
[2025-04-23T04:00:39.156+0100] {logging_mixin.py:190} INFO - [2025-04-23T04:00:39.156+0100] {dag.py:3239} INFO - Sync 1 DAGs
[2025-04-23T04:00:39.160+0100] {logging_mixin.py:190} INFO - [2025-04-23T04:00:39.160+0100] {dag.py:4180} INFO - Setting next_dagrun for example_task_group_decorator to None, run_after=None
[2025-04-23T04:00:39.165+0100] {processor.py:208} INFO - Processing /Users/francisayanbadejo/venvs_projects/my_proj/lib/python3.9/site-packages/airflow/example_dags/example_task_group_decorator.py took 0.056 seconds
[2025-04-23T04:01:38.405+0100] {processor.py:186} INFO - Started process (PID=66430) to work on /Users/francisayanbadejo/venvs_projects/my_proj/lib/python3.9/site-packages/airflow/example_dags/example_task_group_decorator.py
[2025-04-23T04:01:38.405+0100] {processor.py:914} INFO - Processing file /Users/francisayanbadejo/venvs_projects/my_proj/lib/python3.9/site-packages/airflow/example_dags/example_task_group_decorator.py for tasks to queue
[2025-04-23T04:01:38.406+0100] {logging_mixin.py:190} INFO - [2025-04-23T04:01:38.405+0100] {dagbag.py:588} INFO - Filling up the DagBag from /Users/francisayanbadejo/venvs_projects/my_proj/lib/python3.9/site-packages/airflow/example_dags/example_task_group_decorator.py
[2025-04-23T04:01:38.418+0100] {processor.py:925} INFO - DAG(s) 'example_task_group_decorator' retrieved from /Users/francisayanbadejo/venvs_projects/my_proj/lib/python3.9/site-packages/airflow/example_dags/example_task_group_decorator.py
[2025-04-23T04:01:38.451+0100] {logging_mixin.py:190} INFO - [2025-04-23T04:01:38.451+0100] {dag.py:3239} INFO - Sync 1 DAGs
[2025-04-23T04:01:38.455+0100] {logging_mixin.py:190} INFO - [2025-04-23T04:01:38.455+0100] {dag.py:4180} INFO - Setting next_dagrun for example_task_group_decorator to None, run_after=None
[2025-04-23T04:01:38.460+0100] {processor.py:208} INFO - Processing /Users/francisayanbadejo/venvs_projects/my_proj/lib/python3.9/site-packages/airflow/example_dags/example_task_group_decorator.py took 0.056 seconds
[2025-04-23T04:03:27.995+0100] {processor.py:186} INFO - Started process (PID=66640) to work on /Users/francisayanbadejo/venvs_projects/my_proj/lib/python3.9/site-packages/airflow/example_dags/example_task_group_decorator.py
[2025-04-23T04:03:27.996+0100] {processor.py:914} INFO - Processing file /Users/francisayanbadejo/venvs_projects/my_proj/lib/python3.9/site-packages/airflow/example_dags/example_task_group_decorator.py for tasks to queue
[2025-04-23T04:03:27.997+0100] {logging_mixin.py:190} INFO - [2025-04-23T04:03:27.997+0100] {dagbag.py:588} INFO - Filling up the DagBag from /Users/francisayanbadejo/venvs_projects/my_proj/lib/python3.9/site-packages/airflow/example_dags/example_task_group_decorator.py
[2025-04-23T04:03:28.009+0100] {processor.py:925} INFO - DAG(s) 'example_task_group_decorator' retrieved from /Users/francisayanbadejo/venvs_projects/my_proj/lib/python3.9/site-packages/airflow/example_dags/example_task_group_decorator.py
[2025-04-23T04:03:28.043+0100] {logging_mixin.py:190} INFO - [2025-04-23T04:03:28.043+0100] {dag.py:3239} INFO - Sync 1 DAGs
[2025-04-23T04:03:28.046+0100] {logging_mixin.py:190} INFO - [2025-04-23T04:03:28.046+0100] {dag.py:4180} INFO - Setting next_dagrun for example_task_group_decorator to None, run_after=None
[2025-04-23T04:03:28.051+0100] {processor.py:208} INFO - Processing /Users/francisayanbadejo/venvs_projects/my_proj/lib/python3.9/site-packages/airflow/example_dags/example_task_group_decorator.py took 0.057 seconds
[2025-04-23T04:04:26.167+0100] {processor.py:186} INFO - Started process (PID=66781) to work on /Users/francisayanbadejo/venvs_projects/my_proj/lib/python3.9/site-packages/airflow/example_dags/example_task_group_decorator.py
[2025-04-23T04:04:26.167+0100] {processor.py:914} INFO - Processing file /Users/francisayanbadejo/venvs_projects/my_proj/lib/python3.9/site-packages/airflow/example_dags/example_task_group_decorator.py for tasks to queue
[2025-04-23T04:04:26.168+0100] {logging_mixin.py:190} INFO - [2025-04-23T04:04:26.168+0100] {dagbag.py:588} INFO - Filling up the DagBag from /Users/francisayanbadejo/venvs_projects/my_proj/lib/python3.9/site-packages/airflow/example_dags/example_task_group_decorator.py
[2025-04-23T04:04:26.180+0100] {processor.py:925} INFO - DAG(s) 'example_task_group_decorator' retrieved from /Users/francisayanbadejo/venvs_projects/my_proj/lib/python3.9/site-packages/airflow/example_dags/example_task_group_decorator.py
[2025-04-23T04:04:26.212+0100] {logging_mixin.py:190} INFO - [2025-04-23T04:04:26.212+0100] {dag.py:3239} INFO - Sync 1 DAGs
[2025-04-23T04:04:26.216+0100] {logging_mixin.py:190} INFO - [2025-04-23T04:04:26.216+0100] {dag.py:4180} INFO - Setting next_dagrun for example_task_group_decorator to None, run_after=None
[2025-04-23T04:04:26.221+0100] {processor.py:208} INFO - Processing /Users/francisayanbadejo/venvs_projects/my_proj/lib/python3.9/site-packages/airflow/example_dags/example_task_group_decorator.py took 0.056 seconds
[2025-04-23T04:05:29.842+0100] {processor.py:186} INFO - Started process (PID=66886) to work on /Users/francisayanbadejo/venvs_projects/my_proj/lib/python3.9/site-packages/airflow/example_dags/example_task_group_decorator.py
[2025-04-23T04:05:29.842+0100] {processor.py:914} INFO - Processing file /Users/francisayanbadejo/venvs_projects/my_proj/lib/python3.9/site-packages/airflow/example_dags/example_task_group_decorator.py for tasks to queue
[2025-04-23T04:05:29.843+0100] {logging_mixin.py:190} INFO - [2025-04-23T04:05:29.843+0100] {dagbag.py:588} INFO - Filling up the DagBag from /Users/francisayanbadejo/venvs_projects/my_proj/lib/python3.9/site-packages/airflow/example_dags/example_task_group_decorator.py
[2025-04-23T04:05:29.856+0100] {processor.py:925} INFO - DAG(s) 'example_task_group_decorator' retrieved from /Users/francisayanbadejo/venvs_projects/my_proj/lib/python3.9/site-packages/airflow/example_dags/example_task_group_decorator.py
[2025-04-23T04:05:29.890+0100] {logging_mixin.py:190} INFO - [2025-04-23T04:05:29.890+0100] {dag.py:3239} INFO - Sync 1 DAGs
[2025-04-23T04:05:29.894+0100] {logging_mixin.py:190} INFO - [2025-04-23T04:05:29.894+0100] {dag.py:4180} INFO - Setting next_dagrun for example_task_group_decorator to None, run_after=None
[2025-04-23T04:05:29.900+0100] {processor.py:208} INFO - Processing /Users/francisayanbadejo/venvs_projects/my_proj/lib/python3.9/site-packages/airflow/example_dags/example_task_group_decorator.py took 0.059 seconds
[2025-04-23T04:06:25.986+0100] {processor.py:186} INFO - Started process (PID=66988) to work on /Users/francisayanbadejo/venvs_projects/my_proj/lib/python3.9/site-packages/airflow/example_dags/example_task_group_decorator.py
[2025-04-23T04:06:25.987+0100] {processor.py:914} INFO - Processing file /Users/francisayanbadejo/venvs_projects/my_proj/lib/python3.9/site-packages/airflow/example_dags/example_task_group_decorator.py for tasks to queue
[2025-04-23T04:06:25.988+0100] {logging_mixin.py:190} INFO - [2025-04-23T04:06:25.987+0100] {dagbag.py:588} INFO - Filling up the DagBag from /Users/francisayanbadejo/venvs_projects/my_proj/lib/python3.9/site-packages/airflow/example_dags/example_task_group_decorator.py
[2025-04-23T04:06:25.999+0100] {processor.py:925} INFO - DAG(s) 'example_task_group_decorator' retrieved from /Users/francisayanbadejo/venvs_projects/my_proj/lib/python3.9/site-packages/airflow/example_dags/example_task_group_decorator.py
[2025-04-23T04:06:26.032+0100] {logging_mixin.py:190} INFO - [2025-04-23T04:06:26.032+0100] {dag.py:3239} INFO - Sync 1 DAGs
[2025-04-23T04:06:26.037+0100] {logging_mixin.py:190} INFO - [2025-04-23T04:06:26.037+0100] {dag.py:4180} INFO - Setting next_dagrun for example_task_group_decorator to None, run_after=None
[2025-04-23T04:06:26.042+0100] {processor.py:208} INFO - Processing /Users/francisayanbadejo/venvs_projects/my_proj/lib/python3.9/site-packages/airflow/example_dags/example_task_group_decorator.py took 0.057 seconds
[2025-04-23T04:18:41.512+0100] {processor.py:186} INFO - Started process (PID=68941) to work on /Users/francisayanbadejo/venvs_projects/my_proj/lib/python3.9/site-packages/airflow/example_dags/example_task_group_decorator.py
[2025-04-23T04:18:41.514+0100] {processor.py:914} INFO - Processing file /Users/francisayanbadejo/venvs_projects/my_proj/lib/python3.9/site-packages/airflow/example_dags/example_task_group_decorator.py for tasks to queue
[2025-04-23T04:18:41.515+0100] {logging_mixin.py:190} INFO - [2025-04-23T04:18:41.515+0100] {dagbag.py:588} INFO - Filling up the DagBag from /Users/francisayanbadejo/venvs_projects/my_proj/lib/python3.9/site-packages/airflow/example_dags/example_task_group_decorator.py
[2025-04-23T04:18:41.527+0100] {processor.py:925} INFO - DAG(s) 'example_task_group_decorator' retrieved from /Users/francisayanbadejo/venvs_projects/my_proj/lib/python3.9/site-packages/airflow/example_dags/example_task_group_decorator.py
[2025-04-23T04:18:41.559+0100] {logging_mixin.py:190} INFO - [2025-04-23T04:18:41.559+0100] {dag.py:3239} INFO - Sync 1 DAGs
[2025-04-23T04:18:41.562+0100] {logging_mixin.py:190} INFO - [2025-04-23T04:18:41.562+0100] {dag.py:4180} INFO - Setting next_dagrun for example_task_group_decorator to None, run_after=None
[2025-04-23T04:18:41.568+0100] {processor.py:208} INFO - Processing /Users/francisayanbadejo/venvs_projects/my_proj/lib/python3.9/site-packages/airflow/example_dags/example_task_group_decorator.py took 0.056 seconds
[2025-04-23T04:20:05.557+0100] {processor.py:186} INFO - Started process (PID=69086) to work on /Users/francisayanbadejo/venvs_projects/my_proj/lib/python3.9/site-packages/airflow/example_dags/example_task_group_decorator.py
[2025-04-23T04:20:05.559+0100] {processor.py:914} INFO - Processing file /Users/francisayanbadejo/venvs_projects/my_proj/lib/python3.9/site-packages/airflow/example_dags/example_task_group_decorator.py for tasks to queue
[2025-04-23T04:20:05.560+0100] {logging_mixin.py:190} INFO - [2025-04-23T04:20:05.560+0100] {dagbag.py:588} INFO - Filling up the DagBag from /Users/francisayanbadejo/venvs_projects/my_proj/lib/python3.9/site-packages/airflow/example_dags/example_task_group_decorator.py
[2025-04-23T04:20:05.571+0100] {processor.py:925} INFO - DAG(s) 'example_task_group_decorator' retrieved from /Users/francisayanbadejo/venvs_projects/my_proj/lib/python3.9/site-packages/airflow/example_dags/example_task_group_decorator.py
[2025-04-23T04:20:05.604+0100] {logging_mixin.py:190} INFO - [2025-04-23T04:20:05.604+0100] {dag.py:3239} INFO - Sync 1 DAGs
[2025-04-23T04:20:05.607+0100] {logging_mixin.py:190} INFO - [2025-04-23T04:20:05.607+0100] {dag.py:4180} INFO - Setting next_dagrun for example_task_group_decorator to None, run_after=None
[2025-04-23T04:20:05.612+0100] {processor.py:208} INFO - Processing /Users/francisayanbadejo/venvs_projects/my_proj/lib/python3.9/site-packages/airflow/example_dags/example_task_group_decorator.py took 0.056 seconds
[2025-04-23T04:21:23.130+0100] {processor.py:186} INFO - Started process (PID=69492) to work on /Users/francisayanbadejo/venvs_projects/my_proj/lib/python3.9/site-packages/airflow/example_dags/example_task_group_decorator.py
[2025-04-23T04:21:23.131+0100] {processor.py:914} INFO - Processing file /Users/francisayanbadejo/venvs_projects/my_proj/lib/python3.9/site-packages/airflow/example_dags/example_task_group_decorator.py for tasks to queue
[2025-04-23T04:21:23.132+0100] {logging_mixin.py:190} INFO - [2025-04-23T04:21:23.132+0100] {dagbag.py:588} INFO - Filling up the DagBag from /Users/francisayanbadejo/venvs_projects/my_proj/lib/python3.9/site-packages/airflow/example_dags/example_task_group_decorator.py
[2025-04-23T04:21:23.147+0100] {processor.py:925} INFO - DAG(s) 'example_task_group_decorator' retrieved from /Users/francisayanbadejo/venvs_projects/my_proj/lib/python3.9/site-packages/airflow/example_dags/example_task_group_decorator.py
[2025-04-23T04:21:23.182+0100] {logging_mixin.py:190} INFO - [2025-04-23T04:21:23.182+0100] {dag.py:3239} INFO - Sync 1 DAGs
[2025-04-23T04:21:23.185+0100] {logging_mixin.py:190} INFO - [2025-04-23T04:21:23.185+0100] {dag.py:4180} INFO - Setting next_dagrun for example_task_group_decorator to None, run_after=None
[2025-04-23T04:21:23.191+0100] {processor.py:208} INFO - Processing /Users/francisayanbadejo/venvs_projects/my_proj/lib/python3.9/site-packages/airflow/example_dags/example_task_group_decorator.py took 0.063 seconds
[2025-04-23T04:22:49.222+0100] {processor.py:186} INFO - Started process (PID=69702) to work on /Users/francisayanbadejo/venvs_projects/my_proj/lib/python3.9/site-packages/airflow/example_dags/example_task_group_decorator.py
[2025-04-23T04:22:49.223+0100] {processor.py:914} INFO - Processing file /Users/francisayanbadejo/venvs_projects/my_proj/lib/python3.9/site-packages/airflow/example_dags/example_task_group_decorator.py for tasks to queue
[2025-04-23T04:22:49.224+0100] {logging_mixin.py:190} INFO - [2025-04-23T04:22:49.224+0100] {dagbag.py:588} INFO - Filling up the DagBag from /Users/francisayanbadejo/venvs_projects/my_proj/lib/python3.9/site-packages/airflow/example_dags/example_task_group_decorator.py
[2025-04-23T04:22:49.236+0100] {processor.py:925} INFO - DAG(s) 'example_task_group_decorator' retrieved from /Users/francisayanbadejo/venvs_projects/my_proj/lib/python3.9/site-packages/airflow/example_dags/example_task_group_decorator.py
[2025-04-23T04:22:49.269+0100] {logging_mixin.py:190} INFO - [2025-04-23T04:22:49.269+0100] {dag.py:3239} INFO - Sync 1 DAGs
[2025-04-23T04:22:49.272+0100] {logging_mixin.py:190} INFO - [2025-04-23T04:22:49.272+0100] {dag.py:4180} INFO - Setting next_dagrun for example_task_group_decorator to None, run_after=None
[2025-04-23T04:22:49.277+0100] {processor.py:208} INFO - Processing /Users/francisayanbadejo/venvs_projects/my_proj/lib/python3.9/site-packages/airflow/example_dags/example_task_group_decorator.py took 0.057 seconds
[2025-04-23T04:23:49.383+0100] {processor.py:186} INFO - Started process (PID=69804) to work on /Users/francisayanbadejo/venvs_projects/my_proj/lib/python3.9/site-packages/airflow/example_dags/example_task_group_decorator.py
[2025-04-23T04:23:49.384+0100] {processor.py:914} INFO - Processing file /Users/francisayanbadejo/venvs_projects/my_proj/lib/python3.9/site-packages/airflow/example_dags/example_task_group_decorator.py for tasks to queue
[2025-04-23T04:23:49.385+0100] {logging_mixin.py:190} INFO - [2025-04-23T04:23:49.385+0100] {dagbag.py:588} INFO - Filling up the DagBag from /Users/francisayanbadejo/venvs_projects/my_proj/lib/python3.9/site-packages/airflow/example_dags/example_task_group_decorator.py
[2025-04-23T04:23:49.397+0100] {processor.py:925} INFO - DAG(s) 'example_task_group_decorator' retrieved from /Users/francisayanbadejo/venvs_projects/my_proj/lib/python3.9/site-packages/airflow/example_dags/example_task_group_decorator.py
[2025-04-23T04:23:49.430+0100] {logging_mixin.py:190} INFO - [2025-04-23T04:23:49.430+0100] {dag.py:3239} INFO - Sync 1 DAGs
[2025-04-23T04:23:49.433+0100] {logging_mixin.py:190} INFO - [2025-04-23T04:23:49.433+0100] {dag.py:4180} INFO - Setting next_dagrun for example_task_group_decorator to None, run_after=None
[2025-04-23T04:23:49.438+0100] {processor.py:208} INFO - Processing /Users/francisayanbadejo/venvs_projects/my_proj/lib/python3.9/site-packages/airflow/example_dags/example_task_group_decorator.py took 0.057 seconds
[2025-04-23T04:25:49.088+0100] {processor.py:186} INFO - Started process (PID=70512) to work on /Users/francisayanbadejo/venvs_projects/my_proj/lib/python3.9/site-packages/airflow/example_dags/example_task_group_decorator.py
[2025-04-23T04:25:49.089+0100] {processor.py:914} INFO - Processing file /Users/francisayanbadejo/venvs_projects/my_proj/lib/python3.9/site-packages/airflow/example_dags/example_task_group_decorator.py for tasks to queue
[2025-04-23T04:25:49.090+0100] {logging_mixin.py:190} INFO - [2025-04-23T04:25:49.090+0100] {dagbag.py:588} INFO - Filling up the DagBag from /Users/francisayanbadejo/venvs_projects/my_proj/lib/python3.9/site-packages/airflow/example_dags/example_task_group_decorator.py
[2025-04-23T04:25:49.102+0100] {processor.py:925} INFO - DAG(s) 'example_task_group_decorator' retrieved from /Users/francisayanbadejo/venvs_projects/my_proj/lib/python3.9/site-packages/airflow/example_dags/example_task_group_decorator.py
[2025-04-23T04:25:49.134+0100] {logging_mixin.py:190} INFO - [2025-04-23T04:25:49.134+0100] {dag.py:3239} INFO - Sync 1 DAGs
[2025-04-23T04:25:49.137+0100] {logging_mixin.py:190} INFO - [2025-04-23T04:25:49.137+0100] {dag.py:4180} INFO - Setting next_dagrun for example_task_group_decorator to None, run_after=None
[2025-04-23T04:25:49.142+0100] {processor.py:208} INFO - Processing /Users/francisayanbadejo/venvs_projects/my_proj/lib/python3.9/site-packages/airflow/example_dags/example_task_group_decorator.py took 0.055 seconds
[2025-04-23T04:28:14.177+0100] {processor.py:186} INFO - Started process (PID=71273) to work on /Users/francisayanbadejo/venvs_projects/my_proj/lib/python3.9/site-packages/airflow/example_dags/example_task_group_decorator.py
[2025-04-23T04:28:14.178+0100] {processor.py:914} INFO - Processing file /Users/francisayanbadejo/venvs_projects/my_proj/lib/python3.9/site-packages/airflow/example_dags/example_task_group_decorator.py for tasks to queue
[2025-04-23T04:28:14.179+0100] {logging_mixin.py:190} INFO - [2025-04-23T04:28:14.179+0100] {dagbag.py:588} INFO - Filling up the DagBag from /Users/francisayanbadejo/venvs_projects/my_proj/lib/python3.9/site-packages/airflow/example_dags/example_task_group_decorator.py
[2025-04-23T04:28:14.191+0100] {processor.py:925} INFO - DAG(s) 'example_task_group_decorator' retrieved from /Users/francisayanbadejo/venvs_projects/my_proj/lib/python3.9/site-packages/airflow/example_dags/example_task_group_decorator.py
[2025-04-23T04:28:14.223+0100] {logging_mixin.py:190} INFO - [2025-04-23T04:28:14.223+0100] {dag.py:3239} INFO - Sync 1 DAGs
[2025-04-23T04:28:14.227+0100] {logging_mixin.py:190} INFO - [2025-04-23T04:28:14.227+0100] {dag.py:4180} INFO - Setting next_dagrun for example_task_group_decorator to None, run_after=None
[2025-04-23T04:28:14.232+0100] {processor.py:208} INFO - Processing /Users/francisayanbadejo/venvs_projects/my_proj/lib/python3.9/site-packages/airflow/example_dags/example_task_group_decorator.py took 0.056 seconds
[2025-04-23T04:29:41.328+0100] {processor.py:186} INFO - Started process (PID=71410) to work on /Users/francisayanbadejo/venvs_projects/my_proj/lib/python3.9/site-packages/airflow/example_dags/example_task_group_decorator.py
[2025-04-23T04:29:41.329+0100] {processor.py:914} INFO - Processing file /Users/francisayanbadejo/venvs_projects/my_proj/lib/python3.9/site-packages/airflow/example_dags/example_task_group_decorator.py for tasks to queue
[2025-04-23T04:29:41.330+0100] {logging_mixin.py:190} INFO - [2025-04-23T04:29:41.330+0100] {dagbag.py:588} INFO - Filling up the DagBag from /Users/francisayanbadejo/venvs_projects/my_proj/lib/python3.9/site-packages/airflow/example_dags/example_task_group_decorator.py
[2025-04-23T04:29:41.343+0100] {processor.py:925} INFO - DAG(s) 'example_task_group_decorator' retrieved from /Users/francisayanbadejo/venvs_projects/my_proj/lib/python3.9/site-packages/airflow/example_dags/example_task_group_decorator.py
[2025-04-23T04:29:41.376+0100] {logging_mixin.py:190} INFO - [2025-04-23T04:29:41.376+0100] {dag.py:3239} INFO - Sync 1 DAGs
[2025-04-23T04:29:41.380+0100] {logging_mixin.py:190} INFO - [2025-04-23T04:29:41.380+0100] {dag.py:4180} INFO - Setting next_dagrun for example_task_group_decorator to None, run_after=None
[2025-04-23T04:29:41.385+0100] {processor.py:208} INFO - Processing /Users/francisayanbadejo/venvs_projects/my_proj/lib/python3.9/site-packages/airflow/example_dags/example_task_group_decorator.py took 0.058 seconds
[2025-04-23T04:31:35.595+0100] {processor.py:186} INFO - Started process (PID=71741) to work on /Users/francisayanbadejo/venvs_projects/my_proj/lib/python3.9/site-packages/airflow/example_dags/example_task_group_decorator.py
[2025-04-23T04:31:35.596+0100] {processor.py:914} INFO - Processing file /Users/francisayanbadejo/venvs_projects/my_proj/lib/python3.9/site-packages/airflow/example_dags/example_task_group_decorator.py for tasks to queue
[2025-04-23T04:31:35.597+0100] {logging_mixin.py:190} INFO - [2025-04-23T04:31:35.597+0100] {dagbag.py:588} INFO - Filling up the DagBag from /Users/francisayanbadejo/venvs_projects/my_proj/lib/python3.9/site-packages/airflow/example_dags/example_task_group_decorator.py
[2025-04-23T04:31:35.609+0100] {processor.py:925} INFO - DAG(s) 'example_task_group_decorator' retrieved from /Users/francisayanbadejo/venvs_projects/my_proj/lib/python3.9/site-packages/airflow/example_dags/example_task_group_decorator.py
[2025-04-23T04:31:35.641+0100] {logging_mixin.py:190} INFO - [2025-04-23T04:31:35.641+0100] {dag.py:3239} INFO - Sync 1 DAGs
[2025-04-23T04:31:35.645+0100] {logging_mixin.py:190} INFO - [2025-04-23T04:31:35.645+0100] {dag.py:4180} INFO - Setting next_dagrun for example_task_group_decorator to None, run_after=None
[2025-04-23T04:31:35.650+0100] {processor.py:208} INFO - Processing /Users/francisayanbadejo/venvs_projects/my_proj/lib/python3.9/site-packages/airflow/example_dags/example_task_group_decorator.py took 0.056 seconds
[2025-04-23T04:34:22.244+0100] {processor.py:186} INFO - Started process (PID=72015) to work on /Users/francisayanbadejo/venvs_projects/my_proj/lib/python3.9/site-packages/airflow/example_dags/example_task_group_decorator.py
[2025-04-23T04:34:22.245+0100] {processor.py:914} INFO - Processing file /Users/francisayanbadejo/venvs_projects/my_proj/lib/python3.9/site-packages/airflow/example_dags/example_task_group_decorator.py for tasks to queue
[2025-04-23T04:34:22.246+0100] {logging_mixin.py:190} INFO - [2025-04-23T04:34:22.246+0100] {dagbag.py:588} INFO - Filling up the DagBag from /Users/francisayanbadejo/venvs_projects/my_proj/lib/python3.9/site-packages/airflow/example_dags/example_task_group_decorator.py
[2025-04-23T04:34:22.259+0100] {processor.py:925} INFO - DAG(s) 'example_task_group_decorator' retrieved from /Users/francisayanbadejo/venvs_projects/my_proj/lib/python3.9/site-packages/airflow/example_dags/example_task_group_decorator.py
[2025-04-23T04:34:22.293+0100] {logging_mixin.py:190} INFO - [2025-04-23T04:34:22.293+0100] {dag.py:3239} INFO - Sync 1 DAGs
[2025-04-23T04:34:22.296+0100] {logging_mixin.py:190} INFO - [2025-04-23T04:34:22.296+0100] {dag.py:4180} INFO - Setting next_dagrun for example_task_group_decorator to None, run_after=None
[2025-04-23T04:34:22.301+0100] {processor.py:208} INFO - Processing /Users/francisayanbadejo/venvs_projects/my_proj/lib/python3.9/site-packages/airflow/example_dags/example_task_group_decorator.py took 0.058 seconds
[2025-04-23T04:35:31.163+0100] {processor.py:186} INFO - Started process (PID=72170) to work on /Users/francisayanbadejo/venvs_projects/my_proj/lib/python3.9/site-packages/airflow/example_dags/example_task_group_decorator.py
[2025-04-23T04:35:31.165+0100] {processor.py:914} INFO - Processing file /Users/francisayanbadejo/venvs_projects/my_proj/lib/python3.9/site-packages/airflow/example_dags/example_task_group_decorator.py for tasks to queue
[2025-04-23T04:35:31.165+0100] {logging_mixin.py:190} INFO - [2025-04-23T04:35:31.165+0100] {dagbag.py:588} INFO - Filling up the DagBag from /Users/francisayanbadejo/venvs_projects/my_proj/lib/python3.9/site-packages/airflow/example_dags/example_task_group_decorator.py
[2025-04-23T04:35:31.177+0100] {processor.py:925} INFO - DAG(s) 'example_task_group_decorator' retrieved from /Users/francisayanbadejo/venvs_projects/my_proj/lib/python3.9/site-packages/airflow/example_dags/example_task_group_decorator.py
[2025-04-23T04:35:31.209+0100] {logging_mixin.py:190} INFO - [2025-04-23T04:35:31.209+0100] {dag.py:3239} INFO - Sync 1 DAGs
[2025-04-23T04:35:31.213+0100] {logging_mixin.py:190} INFO - [2025-04-23T04:35:31.213+0100] {dag.py:4180} INFO - Setting next_dagrun for example_task_group_decorator to None, run_after=None
[2025-04-23T04:35:31.218+0100] {processor.py:208} INFO - Processing /Users/francisayanbadejo/venvs_projects/my_proj/lib/python3.9/site-packages/airflow/example_dags/example_task_group_decorator.py took 0.056 seconds
[2025-04-23T04:37:21.232+0100] {processor.py:186} INFO - Started process (PID=72417) to work on /Users/francisayanbadejo/venvs_projects/my_proj/lib/python3.9/site-packages/airflow/example_dags/example_task_group_decorator.py
[2025-04-23T04:37:21.233+0100] {processor.py:914} INFO - Processing file /Users/francisayanbadejo/venvs_projects/my_proj/lib/python3.9/site-packages/airflow/example_dags/example_task_group_decorator.py for tasks to queue
[2025-04-23T04:37:21.234+0100] {logging_mixin.py:190} INFO - [2025-04-23T04:37:21.234+0100] {dagbag.py:588} INFO - Filling up the DagBag from /Users/francisayanbadejo/venvs_projects/my_proj/lib/python3.9/site-packages/airflow/example_dags/example_task_group_decorator.py
[2025-04-23T04:37:21.247+0100] {processor.py:925} INFO - DAG(s) 'example_task_group_decorator' retrieved from /Users/francisayanbadejo/venvs_projects/my_proj/lib/python3.9/site-packages/airflow/example_dags/example_task_group_decorator.py
[2025-04-23T04:37:21.282+0100] {logging_mixin.py:190} INFO - [2025-04-23T04:37:21.282+0100] {dag.py:3239} INFO - Sync 1 DAGs
[2025-04-23T04:37:21.286+0100] {logging_mixin.py:190} INFO - [2025-04-23T04:37:21.285+0100] {dag.py:4180} INFO - Setting next_dagrun for example_task_group_decorator to None, run_after=None
[2025-04-23T04:37:21.291+0100] {processor.py:208} INFO - Processing /Users/francisayanbadejo/venvs_projects/my_proj/lib/python3.9/site-packages/airflow/example_dags/example_task_group_decorator.py took 0.061 seconds
[2025-04-23T04:39:13.904+0100] {processor.py:186} INFO - Started process (PID=72616) to work on /Users/francisayanbadejo/venvs_projects/my_proj/lib/python3.9/site-packages/airflow/example_dags/example_task_group_decorator.py
[2025-04-23T04:39:13.905+0100] {processor.py:914} INFO - Processing file /Users/francisayanbadejo/venvs_projects/my_proj/lib/python3.9/site-packages/airflow/example_dags/example_task_group_decorator.py for tasks to queue
[2025-04-23T04:39:13.906+0100] {logging_mixin.py:190} INFO - [2025-04-23T04:39:13.906+0100] {dagbag.py:588} INFO - Filling up the DagBag from /Users/francisayanbadejo/venvs_projects/my_proj/lib/python3.9/site-packages/airflow/example_dags/example_task_group_decorator.py
[2025-04-23T04:39:13.918+0100] {processor.py:925} INFO - DAG(s) 'example_task_group_decorator' retrieved from /Users/francisayanbadejo/venvs_projects/my_proj/lib/python3.9/site-packages/airflow/example_dags/example_task_group_decorator.py
[2025-04-23T04:39:13.951+0100] {logging_mixin.py:190} INFO - [2025-04-23T04:39:13.951+0100] {dag.py:3239} INFO - Sync 1 DAGs
[2025-04-23T04:39:13.955+0100] {logging_mixin.py:190} INFO - [2025-04-23T04:39:13.955+0100] {dag.py:4180} INFO - Setting next_dagrun for example_task_group_decorator to None, run_after=None
[2025-04-23T04:39:13.960+0100] {processor.py:208} INFO - Processing /Users/francisayanbadejo/venvs_projects/my_proj/lib/python3.9/site-packages/airflow/example_dags/example_task_group_decorator.py took 0.057 seconds
[2025-04-23T04:41:01.356+0100] {processor.py:186} INFO - Started process (PID=72774) to work on /Users/francisayanbadejo/venvs_projects/my_proj/lib/python3.9/site-packages/airflow/example_dags/example_task_group_decorator.py
[2025-04-23T04:41:01.358+0100] {processor.py:914} INFO - Processing file /Users/francisayanbadejo/venvs_projects/my_proj/lib/python3.9/site-packages/airflow/example_dags/example_task_group_decorator.py for tasks to queue
[2025-04-23T04:41:01.358+0100] {logging_mixin.py:190} INFO - [2025-04-23T04:41:01.358+0100] {dagbag.py:588} INFO - Filling up the DagBag from /Users/francisayanbadejo/venvs_projects/my_proj/lib/python3.9/site-packages/airflow/example_dags/example_task_group_decorator.py
[2025-04-23T04:41:01.370+0100] {processor.py:925} INFO - DAG(s) 'example_task_group_decorator' retrieved from /Users/francisayanbadejo/venvs_projects/my_proj/lib/python3.9/site-packages/airflow/example_dags/example_task_group_decorator.py
[2025-04-23T04:41:01.402+0100] {logging_mixin.py:190} INFO - [2025-04-23T04:41:01.402+0100] {dag.py:3239} INFO - Sync 1 DAGs
[2025-04-23T04:41:01.405+0100] {logging_mixin.py:190} INFO - [2025-04-23T04:41:01.405+0100] {dag.py:4180} INFO - Setting next_dagrun for example_task_group_decorator to None, run_after=None
[2025-04-23T04:41:01.410+0100] {processor.py:208} INFO - Processing /Users/francisayanbadejo/venvs_projects/my_proj/lib/python3.9/site-packages/airflow/example_dags/example_task_group_decorator.py took 0.055 seconds
[2025-04-23T04:42:47.172+0100] {processor.py:186} INFO - Started process (PID=72926) to work on /Users/francisayanbadejo/venvs_projects/my_proj/lib/python3.9/site-packages/airflow/example_dags/example_task_group_decorator.py
[2025-04-23T04:42:47.174+0100] {processor.py:914} INFO - Processing file /Users/francisayanbadejo/venvs_projects/my_proj/lib/python3.9/site-packages/airflow/example_dags/example_task_group_decorator.py for tasks to queue
[2025-04-23T04:42:47.175+0100] {logging_mixin.py:190} INFO - [2025-04-23T04:42:47.175+0100] {dagbag.py:588} INFO - Filling up the DagBag from /Users/francisayanbadejo/venvs_projects/my_proj/lib/python3.9/site-packages/airflow/example_dags/example_task_group_decorator.py
[2025-04-23T04:42:47.187+0100] {processor.py:925} INFO - DAG(s) 'example_task_group_decorator' retrieved from /Users/francisayanbadejo/venvs_projects/my_proj/lib/python3.9/site-packages/airflow/example_dags/example_task_group_decorator.py
[2025-04-23T04:42:47.218+0100] {logging_mixin.py:190} INFO - [2025-04-23T04:42:47.218+0100] {dag.py:3239} INFO - Sync 1 DAGs
[2025-04-23T04:42:47.221+0100] {logging_mixin.py:190} INFO - [2025-04-23T04:42:47.221+0100] {dag.py:4180} INFO - Setting next_dagrun for example_task_group_decorator to None, run_after=None
[2025-04-23T04:42:47.226+0100] {processor.py:208} INFO - Processing /Users/francisayanbadejo/venvs_projects/my_proj/lib/python3.9/site-packages/airflow/example_dags/example_task_group_decorator.py took 0.055 seconds
[2025-04-23T04:44:32.795+0100] {processor.py:186} INFO - Started process (PID=73105) to work on /Users/francisayanbadejo/venvs_projects/my_proj/lib/python3.9/site-packages/airflow/example_dags/example_task_group_decorator.py
[2025-04-23T04:44:32.797+0100] {processor.py:914} INFO - Processing file /Users/francisayanbadejo/venvs_projects/my_proj/lib/python3.9/site-packages/airflow/example_dags/example_task_group_decorator.py for tasks to queue
[2025-04-23T04:44:32.798+0100] {logging_mixin.py:190} INFO - [2025-04-23T04:44:32.798+0100] {dagbag.py:588} INFO - Filling up the DagBag from /Users/francisayanbadejo/venvs_projects/my_proj/lib/python3.9/site-packages/airflow/example_dags/example_task_group_decorator.py
[2025-04-23T04:44:32.809+0100] {processor.py:925} INFO - DAG(s) 'example_task_group_decorator' retrieved from /Users/francisayanbadejo/venvs_projects/my_proj/lib/python3.9/site-packages/airflow/example_dags/example_task_group_decorator.py
[2025-04-23T04:44:32.842+0100] {logging_mixin.py:190} INFO - [2025-04-23T04:44:32.842+0100] {dag.py:3239} INFO - Sync 1 DAGs
[2025-04-23T04:44:32.845+0100] {logging_mixin.py:190} INFO - [2025-04-23T04:44:32.845+0100] {dag.py:4180} INFO - Setting next_dagrun for example_task_group_decorator to None, run_after=None
[2025-04-23T04:44:32.850+0100] {processor.py:208} INFO - Processing /Users/francisayanbadejo/venvs_projects/my_proj/lib/python3.9/site-packages/airflow/example_dags/example_task_group_decorator.py took 0.056 seconds
[2025-04-23T04:46:17.044+0100] {processor.py:186} INFO - Started process (PID=73280) to work on /Users/francisayanbadejo/venvs_projects/my_proj/lib/python3.9/site-packages/airflow/example_dags/example_task_group_decorator.py
[2025-04-23T04:46:17.045+0100] {processor.py:914} INFO - Processing file /Users/francisayanbadejo/venvs_projects/my_proj/lib/python3.9/site-packages/airflow/example_dags/example_task_group_decorator.py for tasks to queue
[2025-04-23T04:46:17.046+0100] {logging_mixin.py:190} INFO - [2025-04-23T04:46:17.046+0100] {dagbag.py:588} INFO - Filling up the DagBag from /Users/francisayanbadejo/venvs_projects/my_proj/lib/python3.9/site-packages/airflow/example_dags/example_task_group_decorator.py
[2025-04-23T04:46:17.058+0100] {processor.py:925} INFO - DAG(s) 'example_task_group_decorator' retrieved from /Users/francisayanbadejo/venvs_projects/my_proj/lib/python3.9/site-packages/airflow/example_dags/example_task_group_decorator.py
[2025-04-23T04:46:17.090+0100] {logging_mixin.py:190} INFO - [2025-04-23T04:46:17.090+0100] {dag.py:3239} INFO - Sync 1 DAGs
[2025-04-23T04:46:17.093+0100] {logging_mixin.py:190} INFO - [2025-04-23T04:46:17.093+0100] {dag.py:4180} INFO - Setting next_dagrun for example_task_group_decorator to None, run_after=None
[2025-04-23T04:46:17.099+0100] {processor.py:208} INFO - Processing /Users/francisayanbadejo/venvs_projects/my_proj/lib/python3.9/site-packages/airflow/example_dags/example_task_group_decorator.py took 0.056 seconds
[2025-04-23T04:48:07.400+0100] {processor.py:186} INFO - Started process (PID=73436) to work on /Users/francisayanbadejo/venvs_projects/my_proj/lib/python3.9/site-packages/airflow/example_dags/example_task_group_decorator.py
[2025-04-23T04:48:07.401+0100] {processor.py:914} INFO - Processing file /Users/francisayanbadejo/venvs_projects/my_proj/lib/python3.9/site-packages/airflow/example_dags/example_task_group_decorator.py for tasks to queue
[2025-04-23T04:48:07.402+0100] {logging_mixin.py:190} INFO - [2025-04-23T04:48:07.402+0100] {dagbag.py:588} INFO - Filling up the DagBag from /Users/francisayanbadejo/venvs_projects/my_proj/lib/python3.9/site-packages/airflow/example_dags/example_task_group_decorator.py
[2025-04-23T04:48:07.414+0100] {processor.py:925} INFO - DAG(s) 'example_task_group_decorator' retrieved from /Users/francisayanbadejo/venvs_projects/my_proj/lib/python3.9/site-packages/airflow/example_dags/example_task_group_decorator.py
[2025-04-23T04:48:07.447+0100] {logging_mixin.py:190} INFO - [2025-04-23T04:48:07.446+0100] {dag.py:3239} INFO - Sync 1 DAGs
[2025-04-23T04:48:07.450+0100] {logging_mixin.py:190} INFO - [2025-04-23T04:48:07.450+0100] {dag.py:4180} INFO - Setting next_dagrun for example_task_group_decorator to None, run_after=None
[2025-04-23T04:48:07.455+0100] {processor.py:208} INFO - Processing /Users/francisayanbadejo/venvs_projects/my_proj/lib/python3.9/site-packages/airflow/example_dags/example_task_group_decorator.py took 0.056 seconds
[2025-04-23T04:49:58.073+0100] {processor.py:186} INFO - Started process (PID=73595) to work on /Users/francisayanbadejo/venvs_projects/my_proj/lib/python3.9/site-packages/airflow/example_dags/example_task_group_decorator.py
[2025-04-23T04:49:58.074+0100] {processor.py:914} INFO - Processing file /Users/francisayanbadejo/venvs_projects/my_proj/lib/python3.9/site-packages/airflow/example_dags/example_task_group_decorator.py for tasks to queue
[2025-04-23T04:49:58.075+0100] {logging_mixin.py:190} INFO - [2025-04-23T04:49:58.075+0100] {dagbag.py:588} INFO - Filling up the DagBag from /Users/francisayanbadejo/venvs_projects/my_proj/lib/python3.9/site-packages/airflow/example_dags/example_task_group_decorator.py
[2025-04-23T04:49:58.086+0100] {processor.py:925} INFO - DAG(s) 'example_task_group_decorator' retrieved from /Users/francisayanbadejo/venvs_projects/my_proj/lib/python3.9/site-packages/airflow/example_dags/example_task_group_decorator.py
[2025-04-23T04:49:58.118+0100] {logging_mixin.py:190} INFO - [2025-04-23T04:49:58.118+0100] {dag.py:3239} INFO - Sync 1 DAGs
[2025-04-23T04:49:58.122+0100] {logging_mixin.py:190} INFO - [2025-04-23T04:49:58.122+0100] {dag.py:4180} INFO - Setting next_dagrun for example_task_group_decorator to None, run_after=None
[2025-04-23T04:49:58.127+0100] {processor.py:208} INFO - Processing /Users/francisayanbadejo/venvs_projects/my_proj/lib/python3.9/site-packages/airflow/example_dags/example_task_group_decorator.py took 0.055 seconds
[2025-04-23T04:51:48.023+0100] {processor.py:186} INFO - Started process (PID=73760) to work on /Users/francisayanbadejo/venvs_projects/my_proj/lib/python3.9/site-packages/airflow/example_dags/example_task_group_decorator.py
[2025-04-23T04:51:48.024+0100] {processor.py:914} INFO - Processing file /Users/francisayanbadejo/venvs_projects/my_proj/lib/python3.9/site-packages/airflow/example_dags/example_task_group_decorator.py for tasks to queue
[2025-04-23T04:51:48.025+0100] {logging_mixin.py:190} INFO - [2025-04-23T04:51:48.025+0100] {dagbag.py:588} INFO - Filling up the DagBag from /Users/francisayanbadejo/venvs_projects/my_proj/lib/python3.9/site-packages/airflow/example_dags/example_task_group_decorator.py
[2025-04-23T04:51:48.038+0100] {processor.py:925} INFO - DAG(s) 'example_task_group_decorator' retrieved from /Users/francisayanbadejo/venvs_projects/my_proj/lib/python3.9/site-packages/airflow/example_dags/example_task_group_decorator.py
[2025-04-23T04:51:48.072+0100] {logging_mixin.py:190} INFO - [2025-04-23T04:51:48.072+0100] {dag.py:3239} INFO - Sync 1 DAGs
[2025-04-23T04:51:48.076+0100] {logging_mixin.py:190} INFO - [2025-04-23T04:51:48.076+0100] {dag.py:4180} INFO - Setting next_dagrun for example_task_group_decorator to None, run_after=None
[2025-04-23T04:51:48.081+0100] {processor.py:208} INFO - Processing /Users/francisayanbadejo/venvs_projects/my_proj/lib/python3.9/site-packages/airflow/example_dags/example_task_group_decorator.py took 0.059 seconds
[2025-04-23T04:53:45.811+0100] {processor.py:186} INFO - Started process (PID=74035) to work on /Users/francisayanbadejo/venvs_projects/my_proj/lib/python3.9/site-packages/airflow/example_dags/example_task_group_decorator.py
[2025-04-23T04:53:45.812+0100] {processor.py:914} INFO - Processing file /Users/francisayanbadejo/venvs_projects/my_proj/lib/python3.9/site-packages/airflow/example_dags/example_task_group_decorator.py for tasks to queue
[2025-04-23T04:53:45.813+0100] {logging_mixin.py:190} INFO - [2025-04-23T04:53:45.813+0100] {dagbag.py:588} INFO - Filling up the DagBag from /Users/francisayanbadejo/venvs_projects/my_proj/lib/python3.9/site-packages/airflow/example_dags/example_task_group_decorator.py
[2025-04-23T04:53:45.825+0100] {processor.py:925} INFO - DAG(s) 'example_task_group_decorator' retrieved from /Users/francisayanbadejo/venvs_projects/my_proj/lib/python3.9/site-packages/airflow/example_dags/example_task_group_decorator.py
[2025-04-23T04:53:45.858+0100] {logging_mixin.py:190} INFO - [2025-04-23T04:53:45.858+0100] {dag.py:3239} INFO - Sync 1 DAGs
[2025-04-23T04:53:45.862+0100] {logging_mixin.py:190} INFO - [2025-04-23T04:53:45.862+0100] {dag.py:4180} INFO - Setting next_dagrun for example_task_group_decorator to None, run_after=None
[2025-04-23T04:53:45.867+0100] {processor.py:208} INFO - Processing /Users/francisayanbadejo/venvs_projects/my_proj/lib/python3.9/site-packages/airflow/example_dags/example_task_group_decorator.py took 0.057 seconds
[2025-04-23T04:54:44.372+0100] {processor.py:186} INFO - Started process (PID=74172) to work on /Users/francisayanbadejo/venvs_projects/my_proj/lib/python3.9/site-packages/airflow/example_dags/example_task_group_decorator.py
[2025-04-23T04:54:44.373+0100] {processor.py:914} INFO - Processing file /Users/francisayanbadejo/venvs_projects/my_proj/lib/python3.9/site-packages/airflow/example_dags/example_task_group_decorator.py for tasks to queue
[2025-04-23T04:54:44.374+0100] {logging_mixin.py:190} INFO - [2025-04-23T04:54:44.374+0100] {dagbag.py:588} INFO - Filling up the DagBag from /Users/francisayanbadejo/venvs_projects/my_proj/lib/python3.9/site-packages/airflow/example_dags/example_task_group_decorator.py
[2025-04-23T04:54:44.386+0100] {processor.py:925} INFO - DAG(s) 'example_task_group_decorator' retrieved from /Users/francisayanbadejo/venvs_projects/my_proj/lib/python3.9/site-packages/airflow/example_dags/example_task_group_decorator.py
[2025-04-23T04:54:44.419+0100] {logging_mixin.py:190} INFO - [2025-04-23T04:54:44.418+0100] {dag.py:3239} INFO - Sync 1 DAGs
[2025-04-23T04:54:44.422+0100] {logging_mixin.py:190} INFO - [2025-04-23T04:54:44.422+0100] {dag.py:4180} INFO - Setting next_dagrun for example_task_group_decorator to None, run_after=None
[2025-04-23T04:54:44.427+0100] {processor.py:208} INFO - Processing /Users/francisayanbadejo/venvs_projects/my_proj/lib/python3.9/site-packages/airflow/example_dags/example_task_group_decorator.py took 0.056 seconds
[2025-04-23T04:56:37.454+0100] {processor.py:186} INFO - Started process (PID=74416) to work on /Users/francisayanbadejo/venvs_projects/my_proj/lib/python3.9/site-packages/airflow/example_dags/example_task_group_decorator.py
[2025-04-23T04:56:37.455+0100] {processor.py:914} INFO - Processing file /Users/francisayanbadejo/venvs_projects/my_proj/lib/python3.9/site-packages/airflow/example_dags/example_task_group_decorator.py for tasks to queue
[2025-04-23T04:56:37.456+0100] {logging_mixin.py:190} INFO - [2025-04-23T04:56:37.456+0100] {dagbag.py:588} INFO - Filling up the DagBag from /Users/francisayanbadejo/venvs_projects/my_proj/lib/python3.9/site-packages/airflow/example_dags/example_task_group_decorator.py
[2025-04-23T04:56:37.468+0100] {processor.py:925} INFO - DAG(s) 'example_task_group_decorator' retrieved from /Users/francisayanbadejo/venvs_projects/my_proj/lib/python3.9/site-packages/airflow/example_dags/example_task_group_decorator.py
[2025-04-23T04:56:37.501+0100] {logging_mixin.py:190} INFO - [2025-04-23T04:56:37.501+0100] {dag.py:3239} INFO - Sync 1 DAGs
[2025-04-23T04:56:37.505+0100] {logging_mixin.py:190} INFO - [2025-04-23T04:56:37.505+0100] {dag.py:4180} INFO - Setting next_dagrun for example_task_group_decorator to None, run_after=None
[2025-04-23T04:56:37.510+0100] {processor.py:208} INFO - Processing /Users/francisayanbadejo/venvs_projects/my_proj/lib/python3.9/site-packages/airflow/example_dags/example_task_group_decorator.py took 0.057 seconds
[2025-04-23T04:58:27.591+0100] {processor.py:186} INFO - Started process (PID=74729) to work on /Users/francisayanbadejo/venvs_projects/my_proj/lib/python3.9/site-packages/airflow/example_dags/example_task_group_decorator.py
[2025-04-23T04:58:27.593+0100] {processor.py:914} INFO - Processing file /Users/francisayanbadejo/venvs_projects/my_proj/lib/python3.9/site-packages/airflow/example_dags/example_task_group_decorator.py for tasks to queue
[2025-04-23T04:58:27.594+0100] {logging_mixin.py:190} INFO - [2025-04-23T04:58:27.594+0100] {dagbag.py:588} INFO - Filling up the DagBag from /Users/francisayanbadejo/venvs_projects/my_proj/lib/python3.9/site-packages/airflow/example_dags/example_task_group_decorator.py
[2025-04-23T04:58:27.606+0100] {processor.py:925} INFO - DAG(s) 'example_task_group_decorator' retrieved from /Users/francisayanbadejo/venvs_projects/my_proj/lib/python3.9/site-packages/airflow/example_dags/example_task_group_decorator.py
[2025-04-23T04:58:27.638+0100] {logging_mixin.py:190} INFO - [2025-04-23T04:58:27.638+0100] {dag.py:3239} INFO - Sync 1 DAGs
[2025-04-23T04:58:27.642+0100] {logging_mixin.py:190} INFO - [2025-04-23T04:58:27.642+0100] {dag.py:4180} INFO - Setting next_dagrun for example_task_group_decorator to None, run_after=None
[2025-04-23T04:58:27.647+0100] {processor.py:208} INFO - Processing /Users/francisayanbadejo/venvs_projects/my_proj/lib/python3.9/site-packages/airflow/example_dags/example_task_group_decorator.py took 0.057 seconds
[2025-04-23T05:00:15.319+0100] {processor.py:186} INFO - Started process (PID=74971) to work on /Users/francisayanbadejo/venvs_projects/my_proj/lib/python3.9/site-packages/airflow/example_dags/example_task_group_decorator.py
[2025-04-23T05:00:15.321+0100] {processor.py:914} INFO - Processing file /Users/francisayanbadejo/venvs_projects/my_proj/lib/python3.9/site-packages/airflow/example_dags/example_task_group_decorator.py for tasks to queue
[2025-04-23T05:00:15.321+0100] {logging_mixin.py:190} INFO - [2025-04-23T05:00:15.321+0100] {dagbag.py:588} INFO - Filling up the DagBag from /Users/francisayanbadejo/venvs_projects/my_proj/lib/python3.9/site-packages/airflow/example_dags/example_task_group_decorator.py
[2025-04-23T05:00:15.333+0100] {processor.py:925} INFO - DAG(s) 'example_task_group_decorator' retrieved from /Users/francisayanbadejo/venvs_projects/my_proj/lib/python3.9/site-packages/airflow/example_dags/example_task_group_decorator.py
[2025-04-23T05:00:15.365+0100] {logging_mixin.py:190} INFO - [2025-04-23T05:00:15.365+0100] {dag.py:3239} INFO - Sync 1 DAGs
[2025-04-23T05:00:15.369+0100] {logging_mixin.py:190} INFO - [2025-04-23T05:00:15.369+0100] {dag.py:4180} INFO - Setting next_dagrun for example_task_group_decorator to None, run_after=None
[2025-04-23T05:00:15.374+0100] {processor.py:208} INFO - Processing /Users/francisayanbadejo/venvs_projects/my_proj/lib/python3.9/site-packages/airflow/example_dags/example_task_group_decorator.py took 0.056 seconds
[2025-04-23T05:02:04.139+0100] {processor.py:186} INFO - Started process (PID=75209) to work on /Users/francisayanbadejo/venvs_projects/my_proj/lib/python3.9/site-packages/airflow/example_dags/example_task_group_decorator.py
[2025-04-23T05:02:04.141+0100] {processor.py:914} INFO - Processing file /Users/francisayanbadejo/venvs_projects/my_proj/lib/python3.9/site-packages/airflow/example_dags/example_task_group_decorator.py for tasks to queue
[2025-04-23T05:02:04.142+0100] {logging_mixin.py:190} INFO - [2025-04-23T05:02:04.142+0100] {dagbag.py:588} INFO - Filling up the DagBag from /Users/francisayanbadejo/venvs_projects/my_proj/lib/python3.9/site-packages/airflow/example_dags/example_task_group_decorator.py
[2025-04-23T05:02:04.154+0100] {processor.py:925} INFO - DAG(s) 'example_task_group_decorator' retrieved from /Users/francisayanbadejo/venvs_projects/my_proj/lib/python3.9/site-packages/airflow/example_dags/example_task_group_decorator.py
[2025-04-23T05:02:04.188+0100] {logging_mixin.py:190} INFO - [2025-04-23T05:02:04.188+0100] {dag.py:3239} INFO - Sync 1 DAGs
[2025-04-23T05:02:04.191+0100] {logging_mixin.py:190} INFO - [2025-04-23T05:02:04.191+0100] {dag.py:4180} INFO - Setting next_dagrun for example_task_group_decorator to None, run_after=None
[2025-04-23T05:02:04.197+0100] {processor.py:208} INFO - Processing /Users/francisayanbadejo/venvs_projects/my_proj/lib/python3.9/site-packages/airflow/example_dags/example_task_group_decorator.py took 0.058 seconds
[2025-04-23T05:03:59.046+0100] {processor.py:186} INFO - Started process (PID=75463) to work on /Users/francisayanbadejo/venvs_projects/my_proj/lib/python3.9/site-packages/airflow/example_dags/example_task_group_decorator.py
[2025-04-23T05:03:59.047+0100] {processor.py:914} INFO - Processing file /Users/francisayanbadejo/venvs_projects/my_proj/lib/python3.9/site-packages/airflow/example_dags/example_task_group_decorator.py for tasks to queue
[2025-04-23T05:03:59.048+0100] {logging_mixin.py:190} INFO - [2025-04-23T05:03:59.048+0100] {dagbag.py:588} INFO - Filling up the DagBag from /Users/francisayanbadejo/venvs_projects/my_proj/lib/python3.9/site-packages/airflow/example_dags/example_task_group_decorator.py
[2025-04-23T05:03:59.060+0100] {processor.py:925} INFO - DAG(s) 'example_task_group_decorator' retrieved from /Users/francisayanbadejo/venvs_projects/my_proj/lib/python3.9/site-packages/airflow/example_dags/example_task_group_decorator.py
[2025-04-23T05:03:59.092+0100] {logging_mixin.py:190} INFO - [2025-04-23T05:03:59.092+0100] {dag.py:3239} INFO - Sync 1 DAGs
[2025-04-23T05:03:59.095+0100] {logging_mixin.py:190} INFO - [2025-04-23T05:03:59.095+0100] {dag.py:4180} INFO - Setting next_dagrun for example_task_group_decorator to None, run_after=None
[2025-04-23T05:03:59.100+0100] {processor.py:208} INFO - Processing /Users/francisayanbadejo/venvs_projects/my_proj/lib/python3.9/site-packages/airflow/example_dags/example_task_group_decorator.py took 0.055 seconds
[2025-04-23T05:05:47.507+0100] {processor.py:186} INFO - Started process (PID=75711) to work on /Users/francisayanbadejo/venvs_projects/my_proj/lib/python3.9/site-packages/airflow/example_dags/example_task_group_decorator.py
[2025-04-23T05:05:47.508+0100] {processor.py:914} INFO - Processing file /Users/francisayanbadejo/venvs_projects/my_proj/lib/python3.9/site-packages/airflow/example_dags/example_task_group_decorator.py for tasks to queue
[2025-04-23T05:05:47.508+0100] {logging_mixin.py:190} INFO - [2025-04-23T05:05:47.508+0100] {dagbag.py:588} INFO - Filling up the DagBag from /Users/francisayanbadejo/venvs_projects/my_proj/lib/python3.9/site-packages/airflow/example_dags/example_task_group_decorator.py
[2025-04-23T05:05:47.520+0100] {processor.py:925} INFO - DAG(s) 'example_task_group_decorator' retrieved from /Users/francisayanbadejo/venvs_projects/my_proj/lib/python3.9/site-packages/airflow/example_dags/example_task_group_decorator.py
[2025-04-23T05:05:47.553+0100] {logging_mixin.py:190} INFO - [2025-04-23T05:05:47.553+0100] {dag.py:3239} INFO - Sync 1 DAGs
[2025-04-23T05:05:47.557+0100] {logging_mixin.py:190} INFO - [2025-04-23T05:05:47.557+0100] {dag.py:4180} INFO - Setting next_dagrun for example_task_group_decorator to None, run_after=None
[2025-04-23T05:05:47.562+0100] {processor.py:208} INFO - Processing /Users/francisayanbadejo/venvs_projects/my_proj/lib/python3.9/site-packages/airflow/example_dags/example_task_group_decorator.py took 0.056 seconds
[2025-04-23T05:07:38.396+0100] {processor.py:186} INFO - Started process (PID=75933) to work on /Users/francisayanbadejo/venvs_projects/my_proj/lib/python3.9/site-packages/airflow/example_dags/example_task_group_decorator.py
[2025-04-23T05:07:38.398+0100] {processor.py:914} INFO - Processing file /Users/francisayanbadejo/venvs_projects/my_proj/lib/python3.9/site-packages/airflow/example_dags/example_task_group_decorator.py for tasks to queue
[2025-04-23T05:07:38.398+0100] {logging_mixin.py:190} INFO - [2025-04-23T05:07:38.398+0100] {dagbag.py:588} INFO - Filling up the DagBag from /Users/francisayanbadejo/venvs_projects/my_proj/lib/python3.9/site-packages/airflow/example_dags/example_task_group_decorator.py
[2025-04-23T05:07:38.410+0100] {processor.py:925} INFO - DAG(s) 'example_task_group_decorator' retrieved from /Users/francisayanbadejo/venvs_projects/my_proj/lib/python3.9/site-packages/airflow/example_dags/example_task_group_decorator.py
[2025-04-23T05:07:38.444+0100] {logging_mixin.py:190} INFO - [2025-04-23T05:07:38.443+0100] {dag.py:3239} INFO - Sync 1 DAGs
[2025-04-23T05:07:38.450+0100] {logging_mixin.py:190} INFO - [2025-04-23T05:07:38.450+0100] {dag.py:4180} INFO - Setting next_dagrun for example_task_group_decorator to None, run_after=None
[2025-04-23T05:07:38.456+0100] {processor.py:208} INFO - Processing /Users/francisayanbadejo/venvs_projects/my_proj/lib/python3.9/site-packages/airflow/example_dags/example_task_group_decorator.py took 0.061 seconds
[2025-04-23T05:08:35.108+0100] {processor.py:186} INFO - Started process (PID=76127) to work on /Users/francisayanbadejo/venvs_projects/my_proj/lib/python3.9/site-packages/airflow/example_dags/example_task_group_decorator.py
[2025-04-23T05:08:35.109+0100] {processor.py:914} INFO - Processing file /Users/francisayanbadejo/venvs_projects/my_proj/lib/python3.9/site-packages/airflow/example_dags/example_task_group_decorator.py for tasks to queue
[2025-04-23T05:08:35.110+0100] {logging_mixin.py:190} INFO - [2025-04-23T05:08:35.110+0100] {dagbag.py:588} INFO - Filling up the DagBag from /Users/francisayanbadejo/venvs_projects/my_proj/lib/python3.9/site-packages/airflow/example_dags/example_task_group_decorator.py
[2025-04-23T05:08:35.122+0100] {processor.py:925} INFO - DAG(s) 'example_task_group_decorator' retrieved from /Users/francisayanbadejo/venvs_projects/my_proj/lib/python3.9/site-packages/airflow/example_dags/example_task_group_decorator.py
[2025-04-23T05:08:35.155+0100] {logging_mixin.py:190} INFO - [2025-04-23T05:08:35.155+0100] {dag.py:3239} INFO - Sync 1 DAGs
[2025-04-23T05:08:35.158+0100] {logging_mixin.py:190} INFO - [2025-04-23T05:08:35.158+0100] {dag.py:4180} INFO - Setting next_dagrun for example_task_group_decorator to None, run_after=None
[2025-04-23T05:08:35.163+0100] {processor.py:208} INFO - Processing /Users/francisayanbadejo/venvs_projects/my_proj/lib/python3.9/site-packages/airflow/example_dags/example_task_group_decorator.py took 0.056 seconds
[2025-04-23T05:18:42.198+0100] {processor.py:186} INFO - Started process (PID=77328) to work on /Users/francisayanbadejo/venvs_projects/my_proj/lib/python3.9/site-packages/airflow/example_dags/example_task_group_decorator.py
[2025-04-23T05:18:42.199+0100] {processor.py:914} INFO - Processing file /Users/francisayanbadejo/venvs_projects/my_proj/lib/python3.9/site-packages/airflow/example_dags/example_task_group_decorator.py for tasks to queue
[2025-04-23T05:18:42.200+0100] {logging_mixin.py:190} INFO - [2025-04-23T05:18:42.200+0100] {dagbag.py:588} INFO - Filling up the DagBag from /Users/francisayanbadejo/venvs_projects/my_proj/lib/python3.9/site-packages/airflow/example_dags/example_task_group_decorator.py
[2025-04-23T05:18:42.213+0100] {processor.py:925} INFO - DAG(s) 'example_task_group_decorator' retrieved from /Users/francisayanbadejo/venvs_projects/my_proj/lib/python3.9/site-packages/airflow/example_dags/example_task_group_decorator.py
[2025-04-23T05:18:42.245+0100] {logging_mixin.py:190} INFO - [2025-04-23T05:18:42.244+0100] {dag.py:3239} INFO - Sync 1 DAGs
[2025-04-23T05:18:42.248+0100] {logging_mixin.py:190} INFO - [2025-04-23T05:18:42.248+0100] {dag.py:4180} INFO - Setting next_dagrun for example_task_group_decorator to None, run_after=None
[2025-04-23T05:18:42.254+0100] {processor.py:208} INFO - Processing /Users/francisayanbadejo/venvs_projects/my_proj/lib/python3.9/site-packages/airflow/example_dags/example_task_group_decorator.py took 0.057 seconds
[2025-04-23T05:20:12.313+0100] {processor.py:186} INFO - Started process (PID=77469) to work on /Users/francisayanbadejo/venvs_projects/my_proj/lib/python3.9/site-packages/airflow/example_dags/example_task_group_decorator.py
[2025-04-23T05:20:12.314+0100] {processor.py:914} INFO - Processing file /Users/francisayanbadejo/venvs_projects/my_proj/lib/python3.9/site-packages/airflow/example_dags/example_task_group_decorator.py for tasks to queue
[2025-04-23T05:20:12.315+0100] {logging_mixin.py:190} INFO - [2025-04-23T05:20:12.315+0100] {dagbag.py:588} INFO - Filling up the DagBag from /Users/francisayanbadejo/venvs_projects/my_proj/lib/python3.9/site-packages/airflow/example_dags/example_task_group_decorator.py
[2025-04-23T05:20:12.327+0100] {processor.py:925} INFO - DAG(s) 'example_task_group_decorator' retrieved from /Users/francisayanbadejo/venvs_projects/my_proj/lib/python3.9/site-packages/airflow/example_dags/example_task_group_decorator.py
[2025-04-23T05:20:12.360+0100] {logging_mixin.py:190} INFO - [2025-04-23T05:20:12.360+0100] {dag.py:3239} INFO - Sync 1 DAGs
[2025-04-23T05:20:12.363+0100] {logging_mixin.py:190} INFO - [2025-04-23T05:20:12.363+0100] {dag.py:4180} INFO - Setting next_dagrun for example_task_group_decorator to None, run_after=None
[2025-04-23T05:20:12.368+0100] {processor.py:208} INFO - Processing /Users/francisayanbadejo/venvs_projects/my_proj/lib/python3.9/site-packages/airflow/example_dags/example_task_group_decorator.py took 0.056 seconds
[2025-04-23T12:30:13.355+0100] {processor.py:186} INFO - Started process (PID=86385) to work on /Users/francisayanbadejo/venvs_projects/my_proj/lib/python3.9/site-packages/airflow/example_dags/example_task_group_decorator.py
[2025-04-23T12:30:13.357+0100] {processor.py:914} INFO - Processing file /Users/francisayanbadejo/venvs_projects/my_proj/lib/python3.9/site-packages/airflow/example_dags/example_task_group_decorator.py for tasks to queue
[2025-04-23T12:30:13.358+0100] {logging_mixin.py:190} INFO - [2025-04-23T12:30:13.358+0100] {dagbag.py:588} INFO - Filling up the DagBag from /Users/francisayanbadejo/venvs_projects/my_proj/lib/python3.9/site-packages/airflow/example_dags/example_task_group_decorator.py
[2025-04-23T12:30:13.371+0100] {processor.py:925} INFO - DAG(s) 'example_task_group_decorator' retrieved from /Users/francisayanbadejo/venvs_projects/my_proj/lib/python3.9/site-packages/airflow/example_dags/example_task_group_decorator.py
[2025-04-23T12:30:13.406+0100] {logging_mixin.py:190} INFO - [2025-04-23T12:30:13.406+0100] {dag.py:3239} INFO - Sync 1 DAGs
[2025-04-23T12:30:13.410+0100] {logging_mixin.py:190} INFO - [2025-04-23T12:30:13.410+0100] {dag.py:4180} INFO - Setting next_dagrun for example_task_group_decorator to None, run_after=None
[2025-04-23T12:30:13.415+0100] {processor.py:208} INFO - Processing /Users/francisayanbadejo/venvs_projects/my_proj/lib/python3.9/site-packages/airflow/example_dags/example_task_group_decorator.py took 0.061 seconds
