[2025-04-23T03:41:16.639+0100] {processor.py:186} INFO - Started process (PID=63389) to work on /Users/francisayanbadejo/venvs_projects/my_proj/lib/python3.9/site-packages/airflow/example_dags/example_skip_dag.py
[2025-04-23T03:41:16.639+0100] {processor.py:914} INFO - Processing file /Users/francisayanbadejo/venvs_projects/my_proj/lib/python3.9/site-packages/airflow/example_dags/example_skip_dag.py for tasks to queue
[2025-04-23T03:41:16.640+0100] {logging_mixin.py:190} INFO - [2025-04-23T03:41:16.640+0100] {dagbag.py:588} INFO - Filling up the DagBag from /Users/francisayanbadejo/venvs_projects/my_proj/lib/python3.9/site-packages/airflow/example_dags/example_skip_dag.py
[2025-04-23T03:41:16.643+0100] {processor.py:925} INFO - DAG(s) 'example_skip_dag' retrieved from /Users/francisayanbadejo/venvs_projects/my_proj/lib/python3.9/site-packages/airflow/example_dags/example_skip_dag.py
[2025-04-23T03:41:16.700+0100] {logging_mixin.py:190} INFO - [2025-04-23T03:41:16.700+0100] {override.py:1930} INFO - Created Permission View: can read on DAG:example_skip_dag
[2025-04-23T03:41:16.702+0100] {logging_mixin.py:190} INFO - [2025-04-23T03:41:16.702+0100] {override.py:1930} INFO - Created Permission View: can delete on DAG:example_skip_dag
[2025-04-23T03:41:16.704+0100] {logging_mixin.py:190} INFO - [2025-04-23T03:41:16.704+0100] {override.py:1930} INFO - Created Permission View: can edit on DAG:example_skip_dag
[2025-04-23T03:41:16.706+0100] {logging_mixin.py:190} INFO - [2025-04-23T03:41:16.706+0100] {override.py:1930} INFO - Created Permission View: menu access on DAG Run:example_skip_dag
[2025-04-23T03:41:16.707+0100] {logging_mixin.py:190} INFO - [2025-04-23T03:41:16.707+0100] {override.py:1930} INFO - Created Permission View: can create on DAG Run:example_skip_dag
[2025-04-23T03:41:16.708+0100] {logging_mixin.py:190} INFO - [2025-04-23T03:41:16.708+0100] {override.py:1930} INFO - Created Permission View: can read on DAG Run:example_skip_dag
[2025-04-23T03:41:16.710+0100] {logging_mixin.py:190} INFO - [2025-04-23T03:41:16.710+0100] {override.py:1930} INFO - Created Permission View: can delete on DAG Run:example_skip_dag
[2025-04-23T03:41:16.710+0100] {logging_mixin.py:190} INFO - [2025-04-23T03:41:16.710+0100] {dag.py:3239} INFO - Sync 1 DAGs
[2025-04-23T03:41:16.713+0100] {logging_mixin.py:190} INFO - [2025-04-23T03:41:16.713+0100] {dag.py:3262} INFO - Creating ORM DAG for example_skip_dag
[2025-04-23T03:41:16.718+0100] {logging_mixin.py:190} INFO - [2025-04-23T03:41:16.718+0100] {dag.py:4180} INFO - Setting next_dagrun for example_skip_dag to 2025-04-22 00:00:00+00:00, run_after=2025-04-23 00:00:00+00:00
[2025-04-23T03:41:16.723+0100] {processor.py:208} INFO - Processing /Users/francisayanbadejo/venvs_projects/my_proj/lib/python3.9/site-packages/airflow/example_dags/example_skip_dag.py took 0.085 seconds
[2025-04-23T03:44:40.816+0100] {processor.py:186} INFO - Started process (PID=64303) to work on /Users/francisayanbadejo/venvs_projects/my_proj/lib/python3.9/site-packages/airflow/example_dags/example_skip_dag.py
[2025-04-23T03:44:40.817+0100] {processor.py:914} INFO - Processing file /Users/francisayanbadejo/venvs_projects/my_proj/lib/python3.9/site-packages/airflow/example_dags/example_skip_dag.py for tasks to queue
[2025-04-23T03:44:40.817+0100] {logging_mixin.py:190} INFO - [2025-04-23T03:44:40.817+0100] {dagbag.py:588} INFO - Filling up the DagBag from /Users/francisayanbadejo/venvs_projects/my_proj/lib/python3.9/site-packages/airflow/example_dags/example_skip_dag.py
[2025-04-23T03:44:40.820+0100] {processor.py:925} INFO - DAG(s) 'example_skip_dag' retrieved from /Users/francisayanbadejo/venvs_projects/my_proj/lib/python3.9/site-packages/airflow/example_dags/example_skip_dag.py
[2025-04-23T03:44:40.851+0100] {logging_mixin.py:190} INFO - [2025-04-23T03:44:40.851+0100] {dag.py:3239} INFO - Sync 1 DAGs
[2025-04-23T03:44:40.858+0100] {logging_mixin.py:190} INFO - [2025-04-23T03:44:40.858+0100] {dag.py:4180} INFO - Setting next_dagrun for example_skip_dag to 2025-04-22 00:00:00+00:00, run_after=2025-04-23 00:00:00+00:00
[2025-04-23T03:44:40.863+0100] {processor.py:208} INFO - Processing /Users/francisayanbadejo/venvs_projects/my_proj/lib/python3.9/site-packages/airflow/example_dags/example_skip_dag.py took 0.049 seconds
[2025-04-23T03:46:07.848+0100] {processor.py:186} INFO - Started process (PID=64492) to work on /Users/francisayanbadejo/venvs_projects/my_proj/lib/python3.9/site-packages/airflow/example_dags/example_skip_dag.py
[2025-04-23T03:46:07.850+0100] {processor.py:914} INFO - Processing file /Users/francisayanbadejo/venvs_projects/my_proj/lib/python3.9/site-packages/airflow/example_dags/example_skip_dag.py for tasks to queue
[2025-04-23T03:46:07.851+0100] {logging_mixin.py:190} INFO - [2025-04-23T03:46:07.851+0100] {dagbag.py:588} INFO - Filling up the DagBag from /Users/francisayanbadejo/venvs_projects/my_proj/lib/python3.9/site-packages/airflow/example_dags/example_skip_dag.py
[2025-04-23T03:46:07.853+0100] {processor.py:925} INFO - DAG(s) 'example_skip_dag' retrieved from /Users/francisayanbadejo/venvs_projects/my_proj/lib/python3.9/site-packages/airflow/example_dags/example_skip_dag.py
[2025-04-23T03:46:07.889+0100] {logging_mixin.py:190} INFO - [2025-04-23T03:46:07.888+0100] {dag.py:3239} INFO - Sync 1 DAGs
[2025-04-23T03:46:07.896+0100] {logging_mixin.py:190} INFO - [2025-04-23T03:46:07.896+0100] {dag.py:4180} INFO - Setting next_dagrun for example_skip_dag to 2025-04-22 00:00:00+00:00, run_after=2025-04-23 00:00:00+00:00
[2025-04-23T03:46:07.901+0100] {processor.py:208} INFO - Processing /Users/francisayanbadejo/venvs_projects/my_proj/lib/python3.9/site-packages/airflow/example_dags/example_skip_dag.py took 0.054 seconds
[2025-04-23T03:47:56.934+0100] {processor.py:186} INFO - Started process (PID=64735) to work on /Users/francisayanbadejo/venvs_projects/my_proj/lib/python3.9/site-packages/airflow/example_dags/example_skip_dag.py
[2025-04-23T03:47:56.936+0100] {processor.py:914} INFO - Processing file /Users/francisayanbadejo/venvs_projects/my_proj/lib/python3.9/site-packages/airflow/example_dags/example_skip_dag.py for tasks to queue
[2025-04-23T03:47:56.936+0100] {logging_mixin.py:190} INFO - [2025-04-23T03:47:56.936+0100] {dagbag.py:588} INFO - Filling up the DagBag from /Users/francisayanbadejo/venvs_projects/my_proj/lib/python3.9/site-packages/airflow/example_dags/example_skip_dag.py
[2025-04-23T03:47:56.939+0100] {processor.py:925} INFO - DAG(s) 'example_skip_dag' retrieved from /Users/francisayanbadejo/venvs_projects/my_proj/lib/python3.9/site-packages/airflow/example_dags/example_skip_dag.py
[2025-04-23T03:47:56.972+0100] {logging_mixin.py:190} INFO - [2025-04-23T03:47:56.971+0100] {dag.py:3239} INFO - Sync 1 DAGs
[2025-04-23T03:47:56.979+0100] {logging_mixin.py:190} INFO - [2025-04-23T03:47:56.979+0100] {dag.py:4180} INFO - Setting next_dagrun for example_skip_dag to 2025-04-22 00:00:00+00:00, run_after=2025-04-23 00:00:00+00:00
[2025-04-23T03:47:56.984+0100] {processor.py:208} INFO - Processing /Users/francisayanbadejo/venvs_projects/my_proj/lib/python3.9/site-packages/airflow/example_dags/example_skip_dag.py took 0.051 seconds
[2025-04-23T03:49:47.630+0100] {processor.py:186} INFO - Started process (PID=64981) to work on /Users/francisayanbadejo/venvs_projects/my_proj/lib/python3.9/site-packages/airflow/example_dags/example_skip_dag.py
[2025-04-23T03:49:47.632+0100] {processor.py:914} INFO - Processing file /Users/francisayanbadejo/venvs_projects/my_proj/lib/python3.9/site-packages/airflow/example_dags/example_skip_dag.py for tasks to queue
[2025-04-23T03:49:47.632+0100] {logging_mixin.py:190} INFO - [2025-04-23T03:49:47.632+0100] {dagbag.py:588} INFO - Filling up the DagBag from /Users/francisayanbadejo/venvs_projects/my_proj/lib/python3.9/site-packages/airflow/example_dags/example_skip_dag.py
[2025-04-23T03:49:47.635+0100] {processor.py:925} INFO - DAG(s) 'example_skip_dag' retrieved from /Users/francisayanbadejo/venvs_projects/my_proj/lib/python3.9/site-packages/airflow/example_dags/example_skip_dag.py
[2025-04-23T03:49:47.668+0100] {logging_mixin.py:190} INFO - [2025-04-23T03:49:47.668+0100] {dag.py:3239} INFO - Sync 1 DAGs
[2025-04-23T03:49:47.676+0100] {logging_mixin.py:190} INFO - [2025-04-23T03:49:47.675+0100] {dag.py:4180} INFO - Setting next_dagrun for example_skip_dag to 2025-04-22 00:00:00+00:00, run_after=2025-04-23 00:00:00+00:00
[2025-04-23T03:49:47.681+0100] {processor.py:208} INFO - Processing /Users/francisayanbadejo/venvs_projects/my_proj/lib/python3.9/site-packages/airflow/example_dags/example_skip_dag.py took 0.052 seconds
[2025-04-23T03:51:40.487+0100] {processor.py:186} INFO - Started process (PID=65230) to work on /Users/francisayanbadejo/venvs_projects/my_proj/lib/python3.9/site-packages/airflow/example_dags/example_skip_dag.py
[2025-04-23T03:51:40.489+0100] {processor.py:914} INFO - Processing file /Users/francisayanbadejo/venvs_projects/my_proj/lib/python3.9/site-packages/airflow/example_dags/example_skip_dag.py for tasks to queue
[2025-04-23T03:51:40.490+0100] {logging_mixin.py:190} INFO - [2025-04-23T03:51:40.490+0100] {dagbag.py:588} INFO - Filling up the DagBag from /Users/francisayanbadejo/venvs_projects/my_proj/lib/python3.9/site-packages/airflow/example_dags/example_skip_dag.py
[2025-04-23T03:51:40.492+0100] {processor.py:925} INFO - DAG(s) 'example_skip_dag' retrieved from /Users/francisayanbadejo/venvs_projects/my_proj/lib/python3.9/site-packages/airflow/example_dags/example_skip_dag.py
[2025-04-23T03:51:40.525+0100] {logging_mixin.py:190} INFO - [2025-04-23T03:51:40.525+0100] {dag.py:3239} INFO - Sync 1 DAGs
[2025-04-23T03:51:40.532+0100] {logging_mixin.py:190} INFO - [2025-04-23T03:51:40.532+0100] {dag.py:4180} INFO - Setting next_dagrun for example_skip_dag to 2025-04-22 00:00:00+00:00, run_after=2025-04-23 00:00:00+00:00
[2025-04-23T03:51:40.537+0100] {processor.py:208} INFO - Processing /Users/francisayanbadejo/venvs_projects/my_proj/lib/python3.9/site-packages/airflow/example_dags/example_skip_dag.py took 0.051 seconds
[2025-04-23T03:53:35.982+0100] {processor.py:186} INFO - Started process (PID=65483) to work on /Users/francisayanbadejo/venvs_projects/my_proj/lib/python3.9/site-packages/airflow/example_dags/example_skip_dag.py
[2025-04-23T03:53:35.983+0100] {processor.py:914} INFO - Processing file /Users/francisayanbadejo/venvs_projects/my_proj/lib/python3.9/site-packages/airflow/example_dags/example_skip_dag.py for tasks to queue
[2025-04-23T03:53:35.984+0100] {logging_mixin.py:190} INFO - [2025-04-23T03:53:35.984+0100] {dagbag.py:588} INFO - Filling up the DagBag from /Users/francisayanbadejo/venvs_projects/my_proj/lib/python3.9/site-packages/airflow/example_dags/example_skip_dag.py
[2025-04-23T03:53:35.986+0100] {processor.py:925} INFO - DAG(s) 'example_skip_dag' retrieved from /Users/francisayanbadejo/venvs_projects/my_proj/lib/python3.9/site-packages/airflow/example_dags/example_skip_dag.py
[2025-04-23T03:53:36.020+0100] {logging_mixin.py:190} INFO - [2025-04-23T03:53:36.020+0100] {dag.py:3239} INFO - Sync 1 DAGs
[2025-04-23T03:53:36.027+0100] {logging_mixin.py:190} INFO - [2025-04-23T03:53:36.027+0100] {dag.py:4180} INFO - Setting next_dagrun for example_skip_dag to 2025-04-22 00:00:00+00:00, run_after=2025-04-23 00:00:00+00:00
[2025-04-23T03:53:36.032+0100] {processor.py:208} INFO - Processing /Users/francisayanbadejo/venvs_projects/my_proj/lib/python3.9/site-packages/airflow/example_dags/example_skip_dag.py took 0.051 seconds
[2025-04-23T03:55:35.347+0100] {processor.py:186} INFO - Started process (PID=65742) to work on /Users/francisayanbadejo/venvs_projects/my_proj/lib/python3.9/site-packages/airflow/example_dags/example_skip_dag.py
[2025-04-23T03:55:35.349+0100] {processor.py:914} INFO - Processing file /Users/francisayanbadejo/venvs_projects/my_proj/lib/python3.9/site-packages/airflow/example_dags/example_skip_dag.py for tasks to queue
[2025-04-23T03:55:35.350+0100] {logging_mixin.py:190} INFO - [2025-04-23T03:55:35.350+0100] {dagbag.py:588} INFO - Filling up the DagBag from /Users/francisayanbadejo/venvs_projects/my_proj/lib/python3.9/site-packages/airflow/example_dags/example_skip_dag.py
[2025-04-23T03:55:35.352+0100] {processor.py:925} INFO - DAG(s) 'example_skip_dag' retrieved from /Users/francisayanbadejo/venvs_projects/my_proj/lib/python3.9/site-packages/airflow/example_dags/example_skip_dag.py
[2025-04-23T03:55:35.387+0100] {logging_mixin.py:190} INFO - [2025-04-23T03:55:35.387+0100] {dag.py:3239} INFO - Sync 1 DAGs
[2025-04-23T03:55:35.394+0100] {logging_mixin.py:190} INFO - [2025-04-23T03:55:35.394+0100] {dag.py:4180} INFO - Setting next_dagrun for example_skip_dag to 2025-04-22 00:00:00+00:00, run_after=2025-04-23 00:00:00+00:00
[2025-04-23T03:55:35.400+0100] {processor.py:208} INFO - Processing /Users/francisayanbadejo/venvs_projects/my_proj/lib/python3.9/site-packages/airflow/example_dags/example_skip_dag.py took 0.054 seconds
[2025-04-23T03:57:31.394+0100] {processor.py:186} INFO - Started process (PID=65994) to work on /Users/francisayanbadejo/venvs_projects/my_proj/lib/python3.9/site-packages/airflow/example_dags/example_skip_dag.py
[2025-04-23T03:57:31.395+0100] {processor.py:914} INFO - Processing file /Users/francisayanbadejo/venvs_projects/my_proj/lib/python3.9/site-packages/airflow/example_dags/example_skip_dag.py for tasks to queue
[2025-04-23T03:57:31.396+0100] {logging_mixin.py:190} INFO - [2025-04-23T03:57:31.396+0100] {dagbag.py:588} INFO - Filling up the DagBag from /Users/francisayanbadejo/venvs_projects/my_proj/lib/python3.9/site-packages/airflow/example_dags/example_skip_dag.py
[2025-04-23T03:57:31.398+0100] {processor.py:925} INFO - DAG(s) 'example_skip_dag' retrieved from /Users/francisayanbadejo/venvs_projects/my_proj/lib/python3.9/site-packages/airflow/example_dags/example_skip_dag.py
[2025-04-23T03:57:31.432+0100] {logging_mixin.py:190} INFO - [2025-04-23T03:57:31.432+0100] {dag.py:3239} INFO - Sync 1 DAGs
[2025-04-23T03:57:31.439+0100] {logging_mixin.py:190} INFO - [2025-04-23T03:57:31.439+0100] {dag.py:4180} INFO - Setting next_dagrun for example_skip_dag to 2025-04-22 00:00:00+00:00, run_after=2025-04-23 00:00:00+00:00
[2025-04-23T03:57:31.445+0100] {processor.py:208} INFO - Processing /Users/francisayanbadejo/venvs_projects/my_proj/lib/python3.9/site-packages/airflow/example_dags/example_skip_dag.py took 0.051 seconds
[2025-04-23T03:59:40.206+0100] {processor.py:186} INFO - Started process (PID=66218) to work on /Users/francisayanbadejo/venvs_projects/my_proj/lib/python3.9/site-packages/airflow/example_dags/example_skip_dag.py
[2025-04-23T03:59:40.207+0100] {processor.py:914} INFO - Processing file /Users/francisayanbadejo/venvs_projects/my_proj/lib/python3.9/site-packages/airflow/example_dags/example_skip_dag.py for tasks to queue
[2025-04-23T03:59:40.208+0100] {logging_mixin.py:190} INFO - [2025-04-23T03:59:40.207+0100] {dagbag.py:588} INFO - Filling up the DagBag from /Users/francisayanbadejo/venvs_projects/my_proj/lib/python3.9/site-packages/airflow/example_dags/example_skip_dag.py
[2025-04-23T03:59:40.211+0100] {processor.py:925} INFO - DAG(s) 'example_skip_dag' retrieved from /Users/francisayanbadejo/venvs_projects/my_proj/lib/python3.9/site-packages/airflow/example_dags/example_skip_dag.py
[2025-04-23T03:59:40.246+0100] {logging_mixin.py:190} INFO - [2025-04-23T03:59:40.246+0100] {dag.py:3239} INFO - Sync 1 DAGs
[2025-04-23T03:59:40.254+0100] {logging_mixin.py:190} INFO - [2025-04-23T03:59:40.254+0100] {dag.py:4180} INFO - Setting next_dagrun for example_skip_dag to 2025-04-22 00:00:00+00:00, run_after=2025-04-23 00:00:00+00:00
[2025-04-23T03:59:40.261+0100] {processor.py:208} INFO - Processing /Users/francisayanbadejo/venvs_projects/my_proj/lib/python3.9/site-packages/airflow/example_dags/example_skip_dag.py took 0.056 seconds
[2025-04-23T04:00:44.261+0100] {processor.py:186} INFO - Started process (PID=66329) to work on /Users/francisayanbadejo/venvs_projects/my_proj/lib/python3.9/site-packages/airflow/example_dags/example_skip_dag.py
[2025-04-23T04:00:44.262+0100] {processor.py:914} INFO - Processing file /Users/francisayanbadejo/venvs_projects/my_proj/lib/python3.9/site-packages/airflow/example_dags/example_skip_dag.py for tasks to queue
[2025-04-23T04:00:44.263+0100] {logging_mixin.py:190} INFO - [2025-04-23T04:00:44.263+0100] {dagbag.py:588} INFO - Filling up the DagBag from /Users/francisayanbadejo/venvs_projects/my_proj/lib/python3.9/site-packages/airflow/example_dags/example_skip_dag.py
[2025-04-23T04:00:44.266+0100] {processor.py:925} INFO - DAG(s) 'example_skip_dag' retrieved from /Users/francisayanbadejo/venvs_projects/my_proj/lib/python3.9/site-packages/airflow/example_dags/example_skip_dag.py
[2025-04-23T04:00:44.300+0100] {logging_mixin.py:190} INFO - [2025-04-23T04:00:44.300+0100] {dag.py:3239} INFO - Sync 1 DAGs
[2025-04-23T04:00:44.308+0100] {logging_mixin.py:190} INFO - [2025-04-23T04:00:44.308+0100] {dag.py:4180} INFO - Setting next_dagrun for example_skip_dag to 2025-04-22 00:00:00+00:00, run_after=2025-04-23 00:00:00+00:00
[2025-04-23T04:00:44.313+0100] {processor.py:208} INFO - Processing /Users/francisayanbadejo/venvs_projects/my_proj/lib/python3.9/site-packages/airflow/example_dags/example_skip_dag.py took 0.053 seconds
[2025-04-23T04:02:32.782+0100] {processor.py:186} INFO - Started process (PID=66531) to work on /Users/francisayanbadejo/venvs_projects/my_proj/lib/python3.9/site-packages/airflow/example_dags/example_skip_dag.py
[2025-04-23T04:02:32.783+0100] {processor.py:914} INFO - Processing file /Users/francisayanbadejo/venvs_projects/my_proj/lib/python3.9/site-packages/airflow/example_dags/example_skip_dag.py for tasks to queue
[2025-04-23T04:02:32.783+0100] {logging_mixin.py:190} INFO - [2025-04-23T04:02:32.783+0100] {dagbag.py:588} INFO - Filling up the DagBag from /Users/francisayanbadejo/venvs_projects/my_proj/lib/python3.9/site-packages/airflow/example_dags/example_skip_dag.py
[2025-04-23T04:02:32.785+0100] {processor.py:925} INFO - DAG(s) 'example_skip_dag' retrieved from /Users/francisayanbadejo/venvs_projects/my_proj/lib/python3.9/site-packages/airflow/example_dags/example_skip_dag.py
[2025-04-23T04:02:32.817+0100] {logging_mixin.py:190} INFO - [2025-04-23T04:02:32.817+0100] {dag.py:3239} INFO - Sync 1 DAGs
[2025-04-23T04:02:32.824+0100] {logging_mixin.py:190} INFO - [2025-04-23T04:02:32.824+0100] {dag.py:4180} INFO - Setting next_dagrun for example_skip_dag to 2025-04-22 00:00:00+00:00, run_after=2025-04-23 00:00:00+00:00
[2025-04-23T04:02:32.829+0100] {processor.py:208} INFO - Processing /Users/francisayanbadejo/venvs_projects/my_proj/lib/python3.9/site-packages/airflow/example_dags/example_skip_dag.py took 0.049 seconds
[2025-04-23T04:04:29.650+0100] {processor.py:186} INFO - Started process (PID=66788) to work on /Users/francisayanbadejo/venvs_projects/my_proj/lib/python3.9/site-packages/airflow/example_dags/example_skip_dag.py
[2025-04-23T04:04:29.651+0100] {processor.py:914} INFO - Processing file /Users/francisayanbadejo/venvs_projects/my_proj/lib/python3.9/site-packages/airflow/example_dags/example_skip_dag.py for tasks to queue
[2025-04-23T04:04:29.651+0100] {logging_mixin.py:190} INFO - [2025-04-23T04:04:29.651+0100] {dagbag.py:588} INFO - Filling up the DagBag from /Users/francisayanbadejo/venvs_projects/my_proj/lib/python3.9/site-packages/airflow/example_dags/example_skip_dag.py
[2025-04-23T04:04:29.655+0100] {processor.py:925} INFO - DAG(s) 'example_skip_dag' retrieved from /Users/francisayanbadejo/venvs_projects/my_proj/lib/python3.9/site-packages/airflow/example_dags/example_skip_dag.py
[2025-04-23T04:04:29.690+0100] {logging_mixin.py:190} INFO - [2025-04-23T04:04:29.690+0100] {dag.py:3239} INFO - Sync 1 DAGs
[2025-04-23T04:04:29.698+0100] {logging_mixin.py:190} INFO - [2025-04-23T04:04:29.698+0100] {dag.py:4180} INFO - Setting next_dagrun for example_skip_dag to 2025-04-22 00:00:00+00:00, run_after=2025-04-23 00:00:00+00:00
[2025-04-23T04:04:29.705+0100] {processor.py:208} INFO - Processing /Users/francisayanbadejo/venvs_projects/my_proj/lib/python3.9/site-packages/airflow/example_dags/example_skip_dag.py took 0.056 seconds
[2025-04-23T04:06:29.274+0100] {processor.py:186} INFO - Started process (PID=66995) to work on /Users/francisayanbadejo/venvs_projects/my_proj/lib/python3.9/site-packages/airflow/example_dags/example_skip_dag.py
[2025-04-23T04:06:29.275+0100] {processor.py:914} INFO - Processing file /Users/francisayanbadejo/venvs_projects/my_proj/lib/python3.9/site-packages/airflow/example_dags/example_skip_dag.py for tasks to queue
[2025-04-23T04:06:29.275+0100] {logging_mixin.py:190} INFO - [2025-04-23T04:06:29.275+0100] {dagbag.py:588} INFO - Filling up the DagBag from /Users/francisayanbadejo/venvs_projects/my_proj/lib/python3.9/site-packages/airflow/example_dags/example_skip_dag.py
[2025-04-23T04:06:29.278+0100] {processor.py:925} INFO - DAG(s) 'example_skip_dag' retrieved from /Users/francisayanbadejo/venvs_projects/my_proj/lib/python3.9/site-packages/airflow/example_dags/example_skip_dag.py
[2025-04-23T04:06:29.310+0100] {logging_mixin.py:190} INFO - [2025-04-23T04:06:29.310+0100] {dag.py:3239} INFO - Sync 1 DAGs
[2025-04-23T04:06:29.316+0100] {logging_mixin.py:190} INFO - [2025-04-23T04:06:29.316+0100] {dag.py:4180} INFO - Setting next_dagrun for example_skip_dag to 2025-04-22 00:00:00+00:00, run_after=2025-04-23 00:00:00+00:00
[2025-04-23T04:06:29.321+0100] {processor.py:208} INFO - Processing /Users/francisayanbadejo/venvs_projects/my_proj/lib/python3.9/site-packages/airflow/example_dags/example_skip_dag.py took 0.049 seconds
[2025-04-23T04:18:47.159+0100] {processor.py:186} INFO - Started process (PID=68952) to work on /Users/francisayanbadejo/venvs_projects/my_proj/lib/python3.9/site-packages/airflow/example_dags/example_skip_dag.py
[2025-04-23T04:18:47.161+0100] {processor.py:914} INFO - Processing file /Users/francisayanbadejo/venvs_projects/my_proj/lib/python3.9/site-packages/airflow/example_dags/example_skip_dag.py for tasks to queue
[2025-04-23T04:18:47.162+0100] {logging_mixin.py:190} INFO - [2025-04-23T04:18:47.162+0100] {dagbag.py:588} INFO - Filling up the DagBag from /Users/francisayanbadejo/venvs_projects/my_proj/lib/python3.9/site-packages/airflow/example_dags/example_skip_dag.py
[2025-04-23T04:18:47.164+0100] {processor.py:925} INFO - DAG(s) 'example_skip_dag' retrieved from /Users/francisayanbadejo/venvs_projects/my_proj/lib/python3.9/site-packages/airflow/example_dags/example_skip_dag.py
[2025-04-23T04:18:47.196+0100] {logging_mixin.py:190} INFO - [2025-04-23T04:18:47.195+0100] {dag.py:3239} INFO - Sync 1 DAGs
[2025-04-23T04:18:47.202+0100] {logging_mixin.py:190} INFO - [2025-04-23T04:18:47.202+0100] {dag.py:4180} INFO - Setting next_dagrun for example_skip_dag to 2025-04-22 00:00:00+00:00, run_after=2025-04-23 00:00:00+00:00
[2025-04-23T04:18:47.208+0100] {processor.py:208} INFO - Processing /Users/francisayanbadejo/venvs_projects/my_proj/lib/python3.9/site-packages/airflow/example_dags/example_skip_dag.py took 0.049 seconds
[2025-04-23T04:20:12.224+0100] {processor.py:186} INFO - Started process (PID=69098) to work on /Users/francisayanbadejo/venvs_projects/my_proj/lib/python3.9/site-packages/airflow/example_dags/example_skip_dag.py
[2025-04-23T04:20:12.225+0100] {processor.py:914} INFO - Processing file /Users/francisayanbadejo/venvs_projects/my_proj/lib/python3.9/site-packages/airflow/example_dags/example_skip_dag.py for tasks to queue
[2025-04-23T04:20:12.226+0100] {logging_mixin.py:190} INFO - [2025-04-23T04:20:12.226+0100] {dagbag.py:588} INFO - Filling up the DagBag from /Users/francisayanbadejo/venvs_projects/my_proj/lib/python3.9/site-packages/airflow/example_dags/example_skip_dag.py
[2025-04-23T04:20:12.228+0100] {processor.py:925} INFO - DAG(s) 'example_skip_dag' retrieved from /Users/francisayanbadejo/venvs_projects/my_proj/lib/python3.9/site-packages/airflow/example_dags/example_skip_dag.py
[2025-04-23T04:20:12.261+0100] {logging_mixin.py:190} INFO - [2025-04-23T04:20:12.261+0100] {dag.py:3239} INFO - Sync 1 DAGs
[2025-04-23T04:20:12.268+0100] {logging_mixin.py:190} INFO - [2025-04-23T04:20:12.268+0100] {dag.py:4180} INFO - Setting next_dagrun for example_skip_dag to 2025-04-22 00:00:00+00:00, run_after=2025-04-23 00:00:00+00:00
[2025-04-23T04:20:12.273+0100] {processor.py:208} INFO - Processing /Users/francisayanbadejo/venvs_projects/my_proj/lib/python3.9/site-packages/airflow/example_dags/example_skip_dag.py took 0.050 seconds
[2025-04-23T04:21:28.819+0100] {processor.py:186} INFO - Started process (PID=69501) to work on /Users/francisayanbadejo/venvs_projects/my_proj/lib/python3.9/site-packages/airflow/example_dags/example_skip_dag.py
[2025-04-23T04:21:28.820+0100] {processor.py:914} INFO - Processing file /Users/francisayanbadejo/venvs_projects/my_proj/lib/python3.9/site-packages/airflow/example_dags/example_skip_dag.py for tasks to queue
[2025-04-23T04:21:28.821+0100] {logging_mixin.py:190} INFO - [2025-04-23T04:21:28.821+0100] {dagbag.py:588} INFO - Filling up the DagBag from /Users/francisayanbadejo/venvs_projects/my_proj/lib/python3.9/site-packages/airflow/example_dags/example_skip_dag.py
[2025-04-23T04:21:28.823+0100] {processor.py:925} INFO - DAG(s) 'example_skip_dag' retrieved from /Users/francisayanbadejo/venvs_projects/my_proj/lib/python3.9/site-packages/airflow/example_dags/example_skip_dag.py
[2025-04-23T04:21:28.855+0100] {logging_mixin.py:190} INFO - [2025-04-23T04:21:28.854+0100] {dag.py:3239} INFO - Sync 1 DAGs
[2025-04-23T04:21:28.861+0100] {logging_mixin.py:190} INFO - [2025-04-23T04:21:28.861+0100] {dag.py:4180} INFO - Setting next_dagrun for example_skip_dag to 2025-04-22 00:00:00+00:00, run_after=2025-04-23 00:00:00+00:00
[2025-04-23T04:21:28.866+0100] {processor.py:208} INFO - Processing /Users/francisayanbadejo/venvs_projects/my_proj/lib/python3.9/site-packages/airflow/example_dags/example_skip_dag.py took 0.048 seconds
[2025-04-23T04:22:54.919+0100] {processor.py:186} INFO - Started process (PID=69716) to work on /Users/francisayanbadejo/venvs_projects/my_proj/lib/python3.9/site-packages/airflow/example_dags/example_skip_dag.py
[2025-04-23T04:22:54.920+0100] {processor.py:914} INFO - Processing file /Users/francisayanbadejo/venvs_projects/my_proj/lib/python3.9/site-packages/airflow/example_dags/example_skip_dag.py for tasks to queue
[2025-04-23T04:22:54.921+0100] {logging_mixin.py:190} INFO - [2025-04-23T04:22:54.921+0100] {dagbag.py:588} INFO - Filling up the DagBag from /Users/francisayanbadejo/venvs_projects/my_proj/lib/python3.9/site-packages/airflow/example_dags/example_skip_dag.py
[2025-04-23T04:22:54.924+0100] {processor.py:925} INFO - DAG(s) 'example_skip_dag' retrieved from /Users/francisayanbadejo/venvs_projects/my_proj/lib/python3.9/site-packages/airflow/example_dags/example_skip_dag.py
[2025-04-23T04:22:54.956+0100] {logging_mixin.py:190} INFO - [2025-04-23T04:22:54.956+0100] {dag.py:3239} INFO - Sync 1 DAGs
[2025-04-23T04:22:54.963+0100] {logging_mixin.py:190} INFO - [2025-04-23T04:22:54.963+0100] {dag.py:4180} INFO - Setting next_dagrun for example_skip_dag to 2025-04-22 00:00:00+00:00, run_after=2025-04-23 00:00:00+00:00
[2025-04-23T04:22:54.968+0100] {processor.py:208} INFO - Processing /Users/francisayanbadejo/venvs_projects/my_proj/lib/python3.9/site-packages/airflow/example_dags/example_skip_dag.py took 0.050 seconds
[2025-04-23T04:25:54.751+0100] {processor.py:186} INFO - Started process (PID=70520) to work on /Users/francisayanbadejo/venvs_projects/my_proj/lib/python3.9/site-packages/airflow/example_dags/example_skip_dag.py
[2025-04-23T04:25:54.752+0100] {processor.py:914} INFO - Processing file /Users/francisayanbadejo/venvs_projects/my_proj/lib/python3.9/site-packages/airflow/example_dags/example_skip_dag.py for tasks to queue
[2025-04-23T04:25:54.753+0100] {logging_mixin.py:190} INFO - [2025-04-23T04:25:54.753+0100] {dagbag.py:588} INFO - Filling up the DagBag from /Users/francisayanbadejo/venvs_projects/my_proj/lib/python3.9/site-packages/airflow/example_dags/example_skip_dag.py
[2025-04-23T04:25:54.756+0100] {processor.py:925} INFO - DAG(s) 'example_skip_dag' retrieved from /Users/francisayanbadejo/venvs_projects/my_proj/lib/python3.9/site-packages/airflow/example_dags/example_skip_dag.py
[2025-04-23T04:25:54.788+0100] {logging_mixin.py:190} INFO - [2025-04-23T04:25:54.788+0100] {dag.py:3239} INFO - Sync 1 DAGs
[2025-04-23T04:25:54.795+0100] {logging_mixin.py:190} INFO - [2025-04-23T04:25:54.795+0100] {dag.py:4180} INFO - Setting next_dagrun for example_skip_dag to 2025-04-22 00:00:00+00:00, run_after=2025-04-23 00:00:00+00:00
[2025-04-23T04:25:54.800+0100] {processor.py:208} INFO - Processing /Users/francisayanbadejo/venvs_projects/my_proj/lib/python3.9/site-packages/airflow/example_dags/example_skip_dag.py took 0.050 seconds
[2025-04-23T04:28:19.809+0100] {processor.py:186} INFO - Started process (PID=71284) to work on /Users/francisayanbadejo/venvs_projects/my_proj/lib/python3.9/site-packages/airflow/example_dags/example_skip_dag.py
[2025-04-23T04:28:19.810+0100] {processor.py:914} INFO - Processing file /Users/francisayanbadejo/venvs_projects/my_proj/lib/python3.9/site-packages/airflow/example_dags/example_skip_dag.py for tasks to queue
[2025-04-23T04:28:19.811+0100] {logging_mixin.py:190} INFO - [2025-04-23T04:28:19.811+0100] {dagbag.py:588} INFO - Filling up the DagBag from /Users/francisayanbadejo/venvs_projects/my_proj/lib/python3.9/site-packages/airflow/example_dags/example_skip_dag.py
[2025-04-23T04:28:19.813+0100] {processor.py:925} INFO - DAG(s) 'example_skip_dag' retrieved from /Users/francisayanbadejo/venvs_projects/my_proj/lib/python3.9/site-packages/airflow/example_dags/example_skip_dag.py
[2025-04-23T04:28:19.847+0100] {logging_mixin.py:190} INFO - [2025-04-23T04:28:19.847+0100] {dag.py:3239} INFO - Sync 1 DAGs
[2025-04-23T04:28:19.854+0100] {logging_mixin.py:190} INFO - [2025-04-23T04:28:19.854+0100] {dag.py:4180} INFO - Setting next_dagrun for example_skip_dag to 2025-04-22 00:00:00+00:00, run_after=2025-04-23 00:00:00+00:00
[2025-04-23T04:28:19.859+0100] {processor.py:208} INFO - Processing /Users/francisayanbadejo/venvs_projects/my_proj/lib/python3.9/site-packages/airflow/example_dags/example_skip_dag.py took 0.051 seconds
[2025-04-23T04:29:46.968+0100] {processor.py:186} INFO - Started process (PID=71418) to work on /Users/francisayanbadejo/venvs_projects/my_proj/lib/python3.9/site-packages/airflow/example_dags/example_skip_dag.py
[2025-04-23T04:29:46.969+0100] {processor.py:914} INFO - Processing file /Users/francisayanbadejo/venvs_projects/my_proj/lib/python3.9/site-packages/airflow/example_dags/example_skip_dag.py for tasks to queue
[2025-04-23T04:29:46.970+0100] {logging_mixin.py:190} INFO - [2025-04-23T04:29:46.970+0100] {dagbag.py:588} INFO - Filling up the DagBag from /Users/francisayanbadejo/venvs_projects/my_proj/lib/python3.9/site-packages/airflow/example_dags/example_skip_dag.py
[2025-04-23T04:29:46.972+0100] {processor.py:925} INFO - DAG(s) 'example_skip_dag' retrieved from /Users/francisayanbadejo/venvs_projects/my_proj/lib/python3.9/site-packages/airflow/example_dags/example_skip_dag.py
[2025-04-23T04:29:47.005+0100] {logging_mixin.py:190} INFO - [2025-04-23T04:29:47.005+0100] {dag.py:3239} INFO - Sync 1 DAGs
[2025-04-23T04:29:47.012+0100] {logging_mixin.py:190} INFO - [2025-04-23T04:29:47.012+0100] {dag.py:4180} INFO - Setting next_dagrun for example_skip_dag to 2025-04-22 00:00:00+00:00, run_after=2025-04-23 00:00:00+00:00
[2025-04-23T04:29:47.017+0100] {processor.py:208} INFO - Processing /Users/francisayanbadejo/venvs_projects/my_proj/lib/python3.9/site-packages/airflow/example_dags/example_skip_dag.py took 0.049 seconds
[2025-04-23T04:31:41.178+0100] {processor.py:186} INFO - Started process (PID=71753) to work on /Users/francisayanbadejo/venvs_projects/my_proj/lib/python3.9/site-packages/airflow/example_dags/example_skip_dag.py
[2025-04-23T04:31:41.179+0100] {processor.py:914} INFO - Processing file /Users/francisayanbadejo/venvs_projects/my_proj/lib/python3.9/site-packages/airflow/example_dags/example_skip_dag.py for tasks to queue
[2025-04-23T04:31:41.180+0100] {logging_mixin.py:190} INFO - [2025-04-23T04:31:41.180+0100] {dagbag.py:588} INFO - Filling up the DagBag from /Users/francisayanbadejo/venvs_projects/my_proj/lib/python3.9/site-packages/airflow/example_dags/example_skip_dag.py
[2025-04-23T04:31:41.182+0100] {processor.py:925} INFO - DAG(s) 'example_skip_dag' retrieved from /Users/francisayanbadejo/venvs_projects/my_proj/lib/python3.9/site-packages/airflow/example_dags/example_skip_dag.py
[2025-04-23T04:31:41.212+0100] {logging_mixin.py:190} INFO - [2025-04-23T04:31:41.212+0100] {dag.py:3239} INFO - Sync 1 DAGs
[2025-04-23T04:31:41.218+0100] {logging_mixin.py:190} INFO - [2025-04-23T04:31:41.218+0100] {dag.py:4180} INFO - Setting next_dagrun for example_skip_dag to 2025-04-22 00:00:00+00:00, run_after=2025-04-23 00:00:00+00:00
[2025-04-23T04:31:41.223+0100] {processor.py:208} INFO - Processing /Users/francisayanbadejo/venvs_projects/my_proj/lib/python3.9/site-packages/airflow/example_dags/example_skip_dag.py took 0.046 seconds
[2025-04-23T04:34:27.900+0100] {processor.py:186} INFO - Started process (PID=72028) to work on /Users/francisayanbadejo/venvs_projects/my_proj/lib/python3.9/site-packages/airflow/example_dags/example_skip_dag.py
[2025-04-23T04:34:27.902+0100] {processor.py:914} INFO - Processing file /Users/francisayanbadejo/venvs_projects/my_proj/lib/python3.9/site-packages/airflow/example_dags/example_skip_dag.py for tasks to queue
[2025-04-23T04:34:27.903+0100] {logging_mixin.py:190} INFO - [2025-04-23T04:34:27.902+0100] {dagbag.py:588} INFO - Filling up the DagBag from /Users/francisayanbadejo/venvs_projects/my_proj/lib/python3.9/site-packages/airflow/example_dags/example_skip_dag.py
[2025-04-23T04:34:27.905+0100] {processor.py:925} INFO - DAG(s) 'example_skip_dag' retrieved from /Users/francisayanbadejo/venvs_projects/my_proj/lib/python3.9/site-packages/airflow/example_dags/example_skip_dag.py
[2025-04-23T04:34:27.938+0100] {logging_mixin.py:190} INFO - [2025-04-23T04:34:27.938+0100] {dag.py:3239} INFO - Sync 1 DAGs
[2025-04-23T04:34:27.945+0100] {logging_mixin.py:190} INFO - [2025-04-23T04:34:27.945+0100] {dag.py:4180} INFO - Setting next_dagrun for example_skip_dag to 2025-04-22 00:00:00+00:00, run_after=2025-04-23 00:00:00+00:00
[2025-04-23T04:34:27.950+0100] {processor.py:208} INFO - Processing /Users/francisayanbadejo/venvs_projects/my_proj/lib/python3.9/site-packages/airflow/example_dags/example_skip_dag.py took 0.051 seconds
[2025-04-23T04:35:37.856+0100] {processor.py:186} INFO - Started process (PID=72182) to work on /Users/francisayanbadejo/venvs_projects/my_proj/lib/python3.9/site-packages/airflow/example_dags/example_skip_dag.py
[2025-04-23T04:35:37.857+0100] {processor.py:914} INFO - Processing file /Users/francisayanbadejo/venvs_projects/my_proj/lib/python3.9/site-packages/airflow/example_dags/example_skip_dag.py for tasks to queue
[2025-04-23T04:35:37.858+0100] {logging_mixin.py:190} INFO - [2025-04-23T04:35:37.858+0100] {dagbag.py:588} INFO - Filling up the DagBag from /Users/francisayanbadejo/venvs_projects/my_proj/lib/python3.9/site-packages/airflow/example_dags/example_skip_dag.py
[2025-04-23T04:35:37.860+0100] {processor.py:925} INFO - DAG(s) 'example_skip_dag' retrieved from /Users/francisayanbadejo/venvs_projects/my_proj/lib/python3.9/site-packages/airflow/example_dags/example_skip_dag.py
[2025-04-23T04:35:37.892+0100] {logging_mixin.py:190} INFO - [2025-04-23T04:35:37.892+0100] {dag.py:3239} INFO - Sync 1 DAGs
[2025-04-23T04:35:37.898+0100] {logging_mixin.py:190} INFO - [2025-04-23T04:35:37.898+0100] {dag.py:4180} INFO - Setting next_dagrun for example_skip_dag to 2025-04-22 00:00:00+00:00, run_after=2025-04-23 00:00:00+00:00
[2025-04-23T04:35:37.903+0100] {processor.py:208} INFO - Processing /Users/francisayanbadejo/venvs_projects/my_proj/lib/python3.9/site-packages/airflow/example_dags/example_skip_dag.py took 0.048 seconds
[2025-04-23T04:37:28.093+0100] {processor.py:186} INFO - Started process (PID=72430) to work on /Users/francisayanbadejo/venvs_projects/my_proj/lib/python3.9/site-packages/airflow/example_dags/example_skip_dag.py
[2025-04-23T04:37:28.094+0100] {processor.py:914} INFO - Processing file /Users/francisayanbadejo/venvs_projects/my_proj/lib/python3.9/site-packages/airflow/example_dags/example_skip_dag.py for tasks to queue
[2025-04-23T04:37:28.095+0100] {logging_mixin.py:190} INFO - [2025-04-23T04:37:28.095+0100] {dagbag.py:588} INFO - Filling up the DagBag from /Users/francisayanbadejo/venvs_projects/my_proj/lib/python3.9/site-packages/airflow/example_dags/example_skip_dag.py
[2025-04-23T04:37:28.097+0100] {processor.py:925} INFO - DAG(s) 'example_skip_dag' retrieved from /Users/francisayanbadejo/venvs_projects/my_proj/lib/python3.9/site-packages/airflow/example_dags/example_skip_dag.py
[2025-04-23T04:37:28.129+0100] {logging_mixin.py:190} INFO - [2025-04-23T04:37:28.129+0100] {dag.py:3239} INFO - Sync 1 DAGs
[2025-04-23T04:37:28.136+0100] {logging_mixin.py:190} INFO - [2025-04-23T04:37:28.136+0100] {dag.py:4180} INFO - Setting next_dagrun for example_skip_dag to 2025-04-22 00:00:00+00:00, run_after=2025-04-23 00:00:00+00:00
[2025-04-23T04:37:28.141+0100] {processor.py:208} INFO - Processing /Users/francisayanbadejo/venvs_projects/my_proj/lib/python3.9/site-packages/airflow/example_dags/example_skip_dag.py took 0.049 seconds
[2025-04-23T04:39:18.900+0100] {processor.py:186} INFO - Started process (PID=72624) to work on /Users/francisayanbadejo/venvs_projects/my_proj/lib/python3.9/site-packages/airflow/example_dags/example_skip_dag.py
[2025-04-23T04:39:18.901+0100] {processor.py:914} INFO - Processing file /Users/francisayanbadejo/venvs_projects/my_proj/lib/python3.9/site-packages/airflow/example_dags/example_skip_dag.py for tasks to queue
[2025-04-23T04:39:18.902+0100] {logging_mixin.py:190} INFO - [2025-04-23T04:39:18.902+0100] {dagbag.py:588} INFO - Filling up the DagBag from /Users/francisayanbadejo/venvs_projects/my_proj/lib/python3.9/site-packages/airflow/example_dags/example_skip_dag.py
[2025-04-23T04:39:18.904+0100] {processor.py:925} INFO - DAG(s) 'example_skip_dag' retrieved from /Users/francisayanbadejo/venvs_projects/my_proj/lib/python3.9/site-packages/airflow/example_dags/example_skip_dag.py
[2025-04-23T04:39:18.935+0100] {logging_mixin.py:190} INFO - [2025-04-23T04:39:18.935+0100] {dag.py:3239} INFO - Sync 1 DAGs
[2025-04-23T04:39:18.942+0100] {logging_mixin.py:190} INFO - [2025-04-23T04:39:18.942+0100] {dag.py:4180} INFO - Setting next_dagrun for example_skip_dag to 2025-04-22 00:00:00+00:00, run_after=2025-04-23 00:00:00+00:00
[2025-04-23T04:39:18.947+0100] {processor.py:208} INFO - Processing /Users/francisayanbadejo/venvs_projects/my_proj/lib/python3.9/site-packages/airflow/example_dags/example_skip_dag.py took 0.048 seconds
[2025-04-23T04:41:07.281+0100] {processor.py:186} INFO - Started process (PID=72782) to work on /Users/francisayanbadejo/venvs_projects/my_proj/lib/python3.9/site-packages/airflow/example_dags/example_skip_dag.py
[2025-04-23T04:41:07.282+0100] {processor.py:914} INFO - Processing file /Users/francisayanbadejo/venvs_projects/my_proj/lib/python3.9/site-packages/airflow/example_dags/example_skip_dag.py for tasks to queue
[2025-04-23T04:41:07.282+0100] {logging_mixin.py:190} INFO - [2025-04-23T04:41:07.282+0100] {dagbag.py:588} INFO - Filling up the DagBag from /Users/francisayanbadejo/venvs_projects/my_proj/lib/python3.9/site-packages/airflow/example_dags/example_skip_dag.py
[2025-04-23T04:41:07.284+0100] {processor.py:925} INFO - DAG(s) 'example_skip_dag' retrieved from /Users/francisayanbadejo/venvs_projects/my_proj/lib/python3.9/site-packages/airflow/example_dags/example_skip_dag.py
[2025-04-23T04:41:07.316+0100] {logging_mixin.py:190} INFO - [2025-04-23T04:41:07.316+0100] {dag.py:3239} INFO - Sync 1 DAGs
[2025-04-23T04:41:07.323+0100] {logging_mixin.py:190} INFO - [2025-04-23T04:41:07.322+0100] {dag.py:4180} INFO - Setting next_dagrun for example_skip_dag to 2025-04-22 00:00:00+00:00, run_after=2025-04-23 00:00:00+00:00
[2025-04-23T04:41:07.327+0100] {processor.py:208} INFO - Processing /Users/francisayanbadejo/venvs_projects/my_proj/lib/python3.9/site-packages/airflow/example_dags/example_skip_dag.py took 0.048 seconds
[2025-04-23T04:42:53.589+0100] {processor.py:186} INFO - Started process (PID=72935) to work on /Users/francisayanbadejo/venvs_projects/my_proj/lib/python3.9/site-packages/airflow/example_dags/example_skip_dag.py
[2025-04-23T04:42:53.591+0100] {processor.py:914} INFO - Processing file /Users/francisayanbadejo/venvs_projects/my_proj/lib/python3.9/site-packages/airflow/example_dags/example_skip_dag.py for tasks to queue
[2025-04-23T04:42:53.592+0100] {logging_mixin.py:190} INFO - [2025-04-23T04:42:53.592+0100] {dagbag.py:588} INFO - Filling up the DagBag from /Users/francisayanbadejo/venvs_projects/my_proj/lib/python3.9/site-packages/airflow/example_dags/example_skip_dag.py
[2025-04-23T04:42:53.594+0100] {processor.py:925} INFO - DAG(s) 'example_skip_dag' retrieved from /Users/francisayanbadejo/venvs_projects/my_proj/lib/python3.9/site-packages/airflow/example_dags/example_skip_dag.py
[2025-04-23T04:42:53.625+0100] {logging_mixin.py:190} INFO - [2025-04-23T04:42:53.625+0100] {dag.py:3239} INFO - Sync 1 DAGs
[2025-04-23T04:42:53.631+0100] {logging_mixin.py:190} INFO - [2025-04-23T04:42:53.631+0100] {dag.py:4180} INFO - Setting next_dagrun for example_skip_dag to 2025-04-22 00:00:00+00:00, run_after=2025-04-23 00:00:00+00:00
[2025-04-23T04:42:53.636+0100] {processor.py:208} INFO - Processing /Users/francisayanbadejo/venvs_projects/my_proj/lib/python3.9/site-packages/airflow/example_dags/example_skip_dag.py took 0.048 seconds
[2025-04-23T04:44:39.425+0100] {processor.py:186} INFO - Started process (PID=73113) to work on /Users/francisayanbadejo/venvs_projects/my_proj/lib/python3.9/site-packages/airflow/example_dags/example_skip_dag.py
[2025-04-23T04:44:39.426+0100] {processor.py:914} INFO - Processing file /Users/francisayanbadejo/venvs_projects/my_proj/lib/python3.9/site-packages/airflow/example_dags/example_skip_dag.py for tasks to queue
[2025-04-23T04:44:39.427+0100] {logging_mixin.py:190} INFO - [2025-04-23T04:44:39.427+0100] {dagbag.py:588} INFO - Filling up the DagBag from /Users/francisayanbadejo/venvs_projects/my_proj/lib/python3.9/site-packages/airflow/example_dags/example_skip_dag.py
[2025-04-23T04:44:39.429+0100] {processor.py:925} INFO - DAG(s) 'example_skip_dag' retrieved from /Users/francisayanbadejo/venvs_projects/my_proj/lib/python3.9/site-packages/airflow/example_dags/example_skip_dag.py
[2025-04-23T04:44:39.460+0100] {logging_mixin.py:190} INFO - [2025-04-23T04:44:39.460+0100] {dag.py:3239} INFO - Sync 1 DAGs
[2025-04-23T04:44:39.467+0100] {logging_mixin.py:190} INFO - [2025-04-23T04:44:39.467+0100] {dag.py:4180} INFO - Setting next_dagrun for example_skip_dag to 2025-04-22 00:00:00+00:00, run_after=2025-04-23 00:00:00+00:00
[2025-04-23T04:44:39.472+0100] {processor.py:208} INFO - Processing /Users/francisayanbadejo/venvs_projects/my_proj/lib/python3.9/site-packages/airflow/example_dags/example_skip_dag.py took 0.048 seconds
[2025-04-23T04:46:23.394+0100] {processor.py:186} INFO - Started process (PID=73289) to work on /Users/francisayanbadejo/venvs_projects/my_proj/lib/python3.9/site-packages/airflow/example_dags/example_skip_dag.py
[2025-04-23T04:46:23.395+0100] {processor.py:914} INFO - Processing file /Users/francisayanbadejo/venvs_projects/my_proj/lib/python3.9/site-packages/airflow/example_dags/example_skip_dag.py for tasks to queue
[2025-04-23T04:46:23.396+0100] {logging_mixin.py:190} INFO - [2025-04-23T04:46:23.396+0100] {dagbag.py:588} INFO - Filling up the DagBag from /Users/francisayanbadejo/venvs_projects/my_proj/lib/python3.9/site-packages/airflow/example_dags/example_skip_dag.py
[2025-04-23T04:46:23.399+0100] {processor.py:925} INFO - DAG(s) 'example_skip_dag' retrieved from /Users/francisayanbadejo/venvs_projects/my_proj/lib/python3.9/site-packages/airflow/example_dags/example_skip_dag.py
[2025-04-23T04:46:23.430+0100] {logging_mixin.py:190} INFO - [2025-04-23T04:46:23.430+0100] {dag.py:3239} INFO - Sync 1 DAGs
[2025-04-23T04:46:23.436+0100] {logging_mixin.py:190} INFO - [2025-04-23T04:46:23.436+0100] {dag.py:4180} INFO - Setting next_dagrun for example_skip_dag to 2025-04-22 00:00:00+00:00, run_after=2025-04-23 00:00:00+00:00
[2025-04-23T04:46:23.441+0100] {processor.py:208} INFO - Processing /Users/francisayanbadejo/venvs_projects/my_proj/lib/python3.9/site-packages/airflow/example_dags/example_skip_dag.py took 0.048 seconds
[2025-04-23T04:48:14.103+0100] {processor.py:186} INFO - Started process (PID=73444) to work on /Users/francisayanbadejo/venvs_projects/my_proj/lib/python3.9/site-packages/airflow/example_dags/example_skip_dag.py
[2025-04-23T04:48:14.104+0100] {processor.py:914} INFO - Processing file /Users/francisayanbadejo/venvs_projects/my_proj/lib/python3.9/site-packages/airflow/example_dags/example_skip_dag.py for tasks to queue
[2025-04-23T04:48:14.105+0100] {logging_mixin.py:190} INFO - [2025-04-23T04:48:14.105+0100] {dagbag.py:588} INFO - Filling up the DagBag from /Users/francisayanbadejo/venvs_projects/my_proj/lib/python3.9/site-packages/airflow/example_dags/example_skip_dag.py
[2025-04-23T04:48:14.108+0100] {processor.py:925} INFO - DAG(s) 'example_skip_dag' retrieved from /Users/francisayanbadejo/venvs_projects/my_proj/lib/python3.9/site-packages/airflow/example_dags/example_skip_dag.py
[2025-04-23T04:48:14.138+0100] {logging_mixin.py:190} INFO - [2025-04-23T04:48:14.138+0100] {dag.py:3239} INFO - Sync 1 DAGs
[2025-04-23T04:48:14.145+0100] {logging_mixin.py:190} INFO - [2025-04-23T04:48:14.145+0100] {dag.py:4180} INFO - Setting next_dagrun for example_skip_dag to 2025-04-22 00:00:00+00:00, run_after=2025-04-23 00:00:00+00:00
[2025-04-23T04:48:14.149+0100] {processor.py:208} INFO - Processing /Users/francisayanbadejo/venvs_projects/my_proj/lib/python3.9/site-packages/airflow/example_dags/example_skip_dag.py took 0.048 seconds
[2025-04-23T04:50:04.352+0100] {processor.py:186} INFO - Started process (PID=73603) to work on /Users/francisayanbadejo/venvs_projects/my_proj/lib/python3.9/site-packages/airflow/example_dags/example_skip_dag.py
[2025-04-23T04:50:04.354+0100] {processor.py:914} INFO - Processing file /Users/francisayanbadejo/venvs_projects/my_proj/lib/python3.9/site-packages/airflow/example_dags/example_skip_dag.py for tasks to queue
[2025-04-23T04:50:04.354+0100] {logging_mixin.py:190} INFO - [2025-04-23T04:50:04.354+0100] {dagbag.py:588} INFO - Filling up the DagBag from /Users/francisayanbadejo/venvs_projects/my_proj/lib/python3.9/site-packages/airflow/example_dags/example_skip_dag.py
[2025-04-23T04:50:04.356+0100] {processor.py:925} INFO - DAG(s) 'example_skip_dag' retrieved from /Users/francisayanbadejo/venvs_projects/my_proj/lib/python3.9/site-packages/airflow/example_dags/example_skip_dag.py
[2025-04-23T04:50:04.388+0100] {logging_mixin.py:190} INFO - [2025-04-23T04:50:04.388+0100] {dag.py:3239} INFO - Sync 1 DAGs
[2025-04-23T04:50:04.394+0100] {logging_mixin.py:190} INFO - [2025-04-23T04:50:04.394+0100] {dag.py:4180} INFO - Setting next_dagrun for example_skip_dag to 2025-04-22 00:00:00+00:00, run_after=2025-04-23 00:00:00+00:00
[2025-04-23T04:50:04.399+0100] {processor.py:208} INFO - Processing /Users/francisayanbadejo/venvs_projects/my_proj/lib/python3.9/site-packages/airflow/example_dags/example_skip_dag.py took 0.048 seconds
[2025-04-23T04:51:54.363+0100] {processor.py:186} INFO - Started process (PID=73768) to work on /Users/francisayanbadejo/venvs_projects/my_proj/lib/python3.9/site-packages/airflow/example_dags/example_skip_dag.py
[2025-04-23T04:51:54.364+0100] {processor.py:914} INFO - Processing file /Users/francisayanbadejo/venvs_projects/my_proj/lib/python3.9/site-packages/airflow/example_dags/example_skip_dag.py for tasks to queue
[2025-04-23T04:51:54.365+0100] {logging_mixin.py:190} INFO - [2025-04-23T04:51:54.364+0100] {dagbag.py:588} INFO - Filling up the DagBag from /Users/francisayanbadejo/venvs_projects/my_proj/lib/python3.9/site-packages/airflow/example_dags/example_skip_dag.py
[2025-04-23T04:51:54.367+0100] {processor.py:925} INFO - DAG(s) 'example_skip_dag' retrieved from /Users/francisayanbadejo/venvs_projects/my_proj/lib/python3.9/site-packages/airflow/example_dags/example_skip_dag.py
[2025-04-23T04:51:54.399+0100] {logging_mixin.py:190} INFO - [2025-04-23T04:51:54.399+0100] {dag.py:3239} INFO - Sync 1 DAGs
[2025-04-23T04:51:54.406+0100] {logging_mixin.py:190} INFO - [2025-04-23T04:51:54.406+0100] {dag.py:4180} INFO - Setting next_dagrun for example_skip_dag to 2025-04-22 00:00:00+00:00, run_after=2025-04-23 00:00:00+00:00
[2025-04-23T04:51:54.411+0100] {processor.py:208} INFO - Processing /Users/francisayanbadejo/venvs_projects/my_proj/lib/python3.9/site-packages/airflow/example_dags/example_skip_dag.py took 0.049 seconds
[2025-04-23T04:53:51.996+0100] {processor.py:186} INFO - Started process (PID=74046) to work on /Users/francisayanbadejo/venvs_projects/my_proj/lib/python3.9/site-packages/airflow/example_dags/example_skip_dag.py
[2025-04-23T04:53:51.997+0100] {processor.py:914} INFO - Processing file /Users/francisayanbadejo/venvs_projects/my_proj/lib/python3.9/site-packages/airflow/example_dags/example_skip_dag.py for tasks to queue
[2025-04-23T04:53:51.999+0100] {logging_mixin.py:190} INFO - [2025-04-23T04:53:51.999+0100] {dagbag.py:588} INFO - Filling up the DagBag from /Users/francisayanbadejo/venvs_projects/my_proj/lib/python3.9/site-packages/airflow/example_dags/example_skip_dag.py
[2025-04-23T04:53:52.001+0100] {processor.py:925} INFO - DAG(s) 'example_skip_dag' retrieved from /Users/francisayanbadejo/venvs_projects/my_proj/lib/python3.9/site-packages/airflow/example_dags/example_skip_dag.py
[2025-04-23T04:53:52.035+0100] {logging_mixin.py:190} INFO - [2025-04-23T04:53:52.035+0100] {dag.py:3239} INFO - Sync 1 DAGs
[2025-04-23T04:53:52.044+0100] {logging_mixin.py:190} INFO - [2025-04-23T04:53:52.044+0100] {dag.py:4180} INFO - Setting next_dagrun for example_skip_dag to 2025-04-22 00:00:00+00:00, run_after=2025-04-23 00:00:00+00:00
[2025-04-23T04:53:52.050+0100] {processor.py:208} INFO - Processing /Users/francisayanbadejo/venvs_projects/my_proj/lib/python3.9/site-packages/airflow/example_dags/example_skip_dag.py took 0.055 seconds
[2025-04-23T04:55:45.884+0100] {processor.py:186} INFO - Started process (PID=74304) to work on /Users/francisayanbadejo/venvs_projects/my_proj/lib/python3.9/site-packages/airflow/example_dags/example_skip_dag.py
[2025-04-23T04:55:45.885+0100] {processor.py:914} INFO - Processing file /Users/francisayanbadejo/venvs_projects/my_proj/lib/python3.9/site-packages/airflow/example_dags/example_skip_dag.py for tasks to queue
[2025-04-23T04:55:45.886+0100] {logging_mixin.py:190} INFO - [2025-04-23T04:55:45.886+0100] {dagbag.py:588} INFO - Filling up the DagBag from /Users/francisayanbadejo/venvs_projects/my_proj/lib/python3.9/site-packages/airflow/example_dags/example_skip_dag.py
[2025-04-23T04:55:45.888+0100] {processor.py:925} INFO - DAG(s) 'example_skip_dag' retrieved from /Users/francisayanbadejo/venvs_projects/my_proj/lib/python3.9/site-packages/airflow/example_dags/example_skip_dag.py
[2025-04-23T04:55:45.920+0100] {logging_mixin.py:190} INFO - [2025-04-23T04:55:45.919+0100] {dag.py:3239} INFO - Sync 1 DAGs
[2025-04-23T04:55:45.926+0100] {logging_mixin.py:190} INFO - [2025-04-23T04:55:45.926+0100] {dag.py:4180} INFO - Setting next_dagrun for example_skip_dag to 2025-04-22 00:00:00+00:00, run_after=2025-04-23 00:00:00+00:00
[2025-04-23T04:55:45.931+0100] {processor.py:208} INFO - Processing /Users/francisayanbadejo/venvs_projects/my_proj/lib/python3.9/site-packages/airflow/example_dags/example_skip_dag.py took 0.048 seconds
[2025-04-23T04:57:38.623+0100] {processor.py:186} INFO - Started process (PID=74620) to work on /Users/francisayanbadejo/venvs_projects/my_proj/lib/python3.9/site-packages/airflow/example_dags/example_skip_dag.py
[2025-04-23T04:57:38.625+0100] {processor.py:914} INFO - Processing file /Users/francisayanbadejo/venvs_projects/my_proj/lib/python3.9/site-packages/airflow/example_dags/example_skip_dag.py for tasks to queue
[2025-04-23T04:57:38.626+0100] {logging_mixin.py:190} INFO - [2025-04-23T04:57:38.625+0100] {dagbag.py:588} INFO - Filling up the DagBag from /Users/francisayanbadejo/venvs_projects/my_proj/lib/python3.9/site-packages/airflow/example_dags/example_skip_dag.py
[2025-04-23T04:57:38.628+0100] {processor.py:925} INFO - DAG(s) 'example_skip_dag' retrieved from /Users/francisayanbadejo/venvs_projects/my_proj/lib/python3.9/site-packages/airflow/example_dags/example_skip_dag.py
[2025-04-23T04:57:38.660+0100] {logging_mixin.py:190} INFO - [2025-04-23T04:57:38.660+0100] {dag.py:3239} INFO - Sync 1 DAGs
[2025-04-23T04:57:38.667+0100] {logging_mixin.py:190} INFO - [2025-04-23T04:57:38.667+0100] {dag.py:4180} INFO - Setting next_dagrun for example_skip_dag to 2025-04-22 00:00:00+00:00, run_after=2025-04-23 00:00:00+00:00
[2025-04-23T04:57:38.672+0100] {processor.py:208} INFO - Processing /Users/francisayanbadejo/venvs_projects/my_proj/lib/python3.9/site-packages/airflow/example_dags/example_skip_dag.py took 0.050 seconds
[2025-04-23T04:59:27.211+0100] {processor.py:186} INFO - Started process (PID=74862) to work on /Users/francisayanbadejo/venvs_projects/my_proj/lib/python3.9/site-packages/airflow/example_dags/example_skip_dag.py
[2025-04-23T04:59:27.213+0100] {processor.py:914} INFO - Processing file /Users/francisayanbadejo/venvs_projects/my_proj/lib/python3.9/site-packages/airflow/example_dags/example_skip_dag.py for tasks to queue
[2025-04-23T04:59:27.214+0100] {logging_mixin.py:190} INFO - [2025-04-23T04:59:27.214+0100] {dagbag.py:588} INFO - Filling up the DagBag from /Users/francisayanbadejo/venvs_projects/my_proj/lib/python3.9/site-packages/airflow/example_dags/example_skip_dag.py
[2025-04-23T04:59:27.216+0100] {processor.py:925} INFO - DAG(s) 'example_skip_dag' retrieved from /Users/francisayanbadejo/venvs_projects/my_proj/lib/python3.9/site-packages/airflow/example_dags/example_skip_dag.py
[2025-04-23T04:59:27.248+0100] {logging_mixin.py:190} INFO - [2025-04-23T04:59:27.248+0100] {dag.py:3239} INFO - Sync 1 DAGs
[2025-04-23T04:59:27.255+0100] {logging_mixin.py:190} INFO - [2025-04-23T04:59:27.255+0100] {dag.py:4180} INFO - Setting next_dagrun for example_skip_dag to 2025-04-22 00:00:00+00:00, run_after=2025-04-23 00:00:00+00:00
[2025-04-23T04:59:27.260+0100] {processor.py:208} INFO - Processing /Users/francisayanbadejo/venvs_projects/my_proj/lib/python3.9/site-packages/airflow/example_dags/example_skip_dag.py took 0.050 seconds
[2025-04-23T05:01:15.602+0100] {processor.py:186} INFO - Started process (PID=75099) to work on /Users/francisayanbadejo/venvs_projects/my_proj/lib/python3.9/site-packages/airflow/example_dags/example_skip_dag.py
[2025-04-23T05:01:15.604+0100] {processor.py:914} INFO - Processing file /Users/francisayanbadejo/venvs_projects/my_proj/lib/python3.9/site-packages/airflow/example_dags/example_skip_dag.py for tasks to queue
[2025-04-23T05:01:15.605+0100] {logging_mixin.py:190} INFO - [2025-04-23T05:01:15.605+0100] {dagbag.py:588} INFO - Filling up the DagBag from /Users/francisayanbadejo/venvs_projects/my_proj/lib/python3.9/site-packages/airflow/example_dags/example_skip_dag.py
[2025-04-23T05:01:15.607+0100] {processor.py:925} INFO - DAG(s) 'example_skip_dag' retrieved from /Users/francisayanbadejo/venvs_projects/my_proj/lib/python3.9/site-packages/airflow/example_dags/example_skip_dag.py
[2025-04-23T05:01:15.639+0100] {logging_mixin.py:190} INFO - [2025-04-23T05:01:15.639+0100] {dag.py:3239} INFO - Sync 1 DAGs
[2025-04-23T05:01:15.646+0100] {logging_mixin.py:190} INFO - [2025-04-23T05:01:15.646+0100] {dag.py:4180} INFO - Setting next_dagrun for example_skip_dag to 2025-04-22 00:00:00+00:00, run_after=2025-04-23 00:00:00+00:00
[2025-04-23T05:01:15.651+0100] {processor.py:208} INFO - Processing /Users/francisayanbadejo/venvs_projects/my_proj/lib/python3.9/site-packages/airflow/example_dags/example_skip_dag.py took 0.050 seconds
[2025-04-23T05:03:07.665+0100] {processor.py:186} INFO - Started process (PID=75344) to work on /Users/francisayanbadejo/venvs_projects/my_proj/lib/python3.9/site-packages/airflow/example_dags/example_skip_dag.py
[2025-04-23T05:03:07.666+0100] {processor.py:914} INFO - Processing file /Users/francisayanbadejo/venvs_projects/my_proj/lib/python3.9/site-packages/airflow/example_dags/example_skip_dag.py for tasks to queue
[2025-04-23T05:03:07.667+0100] {logging_mixin.py:190} INFO - [2025-04-23T05:03:07.667+0100] {dagbag.py:588} INFO - Filling up the DagBag from /Users/francisayanbadejo/venvs_projects/my_proj/lib/python3.9/site-packages/airflow/example_dags/example_skip_dag.py
[2025-04-23T05:03:07.669+0100] {processor.py:925} INFO - DAG(s) 'example_skip_dag' retrieved from /Users/francisayanbadejo/venvs_projects/my_proj/lib/python3.9/site-packages/airflow/example_dags/example_skip_dag.py
[2025-04-23T05:03:07.702+0100] {logging_mixin.py:190} INFO - [2025-04-23T05:03:07.701+0100] {dag.py:3239} INFO - Sync 1 DAGs
[2025-04-23T05:03:07.708+0100] {logging_mixin.py:190} INFO - [2025-04-23T05:03:07.708+0100] {dag.py:4180} INFO - Setting next_dagrun for example_skip_dag to 2025-04-22 00:00:00+00:00, run_after=2025-04-23 00:00:00+00:00
[2025-04-23T05:03:07.713+0100] {processor.py:208} INFO - Processing /Users/francisayanbadejo/venvs_projects/my_proj/lib/python3.9/site-packages/airflow/example_dags/example_skip_dag.py took 0.049 seconds
[2025-04-23T05:04:58.093+0100] {processor.py:186} INFO - Started process (PID=75594) to work on /Users/francisayanbadejo/venvs_projects/my_proj/lib/python3.9/site-packages/airflow/example_dags/example_skip_dag.py
[2025-04-23T05:04:58.094+0100] {processor.py:914} INFO - Processing file /Users/francisayanbadejo/venvs_projects/my_proj/lib/python3.9/site-packages/airflow/example_dags/example_skip_dag.py for tasks to queue
[2025-04-23T05:04:58.094+0100] {logging_mixin.py:190} INFO - [2025-04-23T05:04:58.094+0100] {dagbag.py:588} INFO - Filling up the DagBag from /Users/francisayanbadejo/venvs_projects/my_proj/lib/python3.9/site-packages/airflow/example_dags/example_skip_dag.py
[2025-04-23T05:04:58.097+0100] {processor.py:925} INFO - DAG(s) 'example_skip_dag' retrieved from /Users/francisayanbadejo/venvs_projects/my_proj/lib/python3.9/site-packages/airflow/example_dags/example_skip_dag.py
[2025-04-23T05:04:58.132+0100] {logging_mixin.py:190} INFO - [2025-04-23T05:04:58.132+0100] {dag.py:3239} INFO - Sync 1 DAGs
[2025-04-23T05:04:58.139+0100] {logging_mixin.py:190} INFO - [2025-04-23T05:04:58.139+0100] {dag.py:4180} INFO - Setting next_dagrun for example_skip_dag to 2025-04-22 00:00:00+00:00, run_after=2025-04-23 00:00:00+00:00
[2025-04-23T05:04:58.144+0100] {processor.py:208} INFO - Processing /Users/francisayanbadejo/venvs_projects/my_proj/lib/python3.9/site-packages/airflow/example_dags/example_skip_dag.py took 0.053 seconds
[2025-04-23T05:06:46.868+0100] {processor.py:186} INFO - Started process (PID=75840) to work on /Users/francisayanbadejo/venvs_projects/my_proj/lib/python3.9/site-packages/airflow/example_dags/example_skip_dag.py
[2025-04-23T05:06:46.870+0100] {processor.py:914} INFO - Processing file /Users/francisayanbadejo/venvs_projects/my_proj/lib/python3.9/site-packages/airflow/example_dags/example_skip_dag.py for tasks to queue
[2025-04-23T05:06:46.871+0100] {logging_mixin.py:190} INFO - [2025-04-23T05:06:46.871+0100] {dagbag.py:588} INFO - Filling up the DagBag from /Users/francisayanbadejo/venvs_projects/my_proj/lib/python3.9/site-packages/airflow/example_dags/example_skip_dag.py
[2025-04-23T05:06:46.873+0100] {processor.py:925} INFO - DAG(s) 'example_skip_dag' retrieved from /Users/francisayanbadejo/venvs_projects/my_proj/lib/python3.9/site-packages/airflow/example_dags/example_skip_dag.py
[2025-04-23T05:06:46.906+0100] {logging_mixin.py:190} INFO - [2025-04-23T05:06:46.906+0100] {dag.py:3239} INFO - Sync 1 DAGs
[2025-04-23T05:06:46.913+0100] {logging_mixin.py:190} INFO - [2025-04-23T05:06:46.912+0100] {dag.py:4180} INFO - Setting next_dagrun for example_skip_dag to 2025-04-22 00:00:00+00:00, run_after=2025-04-23 00:00:00+00:00
[2025-04-23T05:06:46.918+0100] {processor.py:208} INFO - Processing /Users/francisayanbadejo/venvs_projects/my_proj/lib/python3.9/site-packages/airflow/example_dags/example_skip_dag.py took 0.051 seconds
[2025-04-23T05:08:41.883+0100] {processor.py:186} INFO - Started process (PID=76139) to work on /Users/francisayanbadejo/venvs_projects/my_proj/lib/python3.9/site-packages/airflow/example_dags/example_skip_dag.py
[2025-04-23T05:08:41.885+0100] {processor.py:914} INFO - Processing file /Users/francisayanbadejo/venvs_projects/my_proj/lib/python3.9/site-packages/airflow/example_dags/example_skip_dag.py for tasks to queue
[2025-04-23T05:08:41.886+0100] {logging_mixin.py:190} INFO - [2025-04-23T05:08:41.886+0100] {dagbag.py:588} INFO - Filling up the DagBag from /Users/francisayanbadejo/venvs_projects/my_proj/lib/python3.9/site-packages/airflow/example_dags/example_skip_dag.py
[2025-04-23T05:08:41.888+0100] {processor.py:925} INFO - DAG(s) 'example_skip_dag' retrieved from /Users/francisayanbadejo/venvs_projects/my_proj/lib/python3.9/site-packages/airflow/example_dags/example_skip_dag.py
[2025-04-23T05:08:41.920+0100] {logging_mixin.py:190} INFO - [2025-04-23T05:08:41.920+0100] {dag.py:3239} INFO - Sync 1 DAGs
[2025-04-23T05:08:41.927+0100] {logging_mixin.py:190} INFO - [2025-04-23T05:08:41.927+0100] {dag.py:4180} INFO - Setting next_dagrun for example_skip_dag to 2025-04-22 00:00:00+00:00, run_after=2025-04-23 00:00:00+00:00
[2025-04-23T05:08:41.932+0100] {processor.py:208} INFO - Processing /Users/francisayanbadejo/venvs_projects/my_proj/lib/python3.9/site-packages/airflow/example_dags/example_skip_dag.py took 0.051 seconds
[2025-04-23T05:18:47.857+0100] {processor.py:186} INFO - Started process (PID=77340) to work on /Users/francisayanbadejo/venvs_projects/my_proj/lib/python3.9/site-packages/airflow/example_dags/example_skip_dag.py
[2025-04-23T05:18:47.858+0100] {processor.py:914} INFO - Processing file /Users/francisayanbadejo/venvs_projects/my_proj/lib/python3.9/site-packages/airflow/example_dags/example_skip_dag.py for tasks to queue
[2025-04-23T05:18:47.859+0100] {logging_mixin.py:190} INFO - [2025-04-23T05:18:47.859+0100] {dagbag.py:588} INFO - Filling up the DagBag from /Users/francisayanbadejo/venvs_projects/my_proj/lib/python3.9/site-packages/airflow/example_dags/example_skip_dag.py
[2025-04-23T05:18:47.862+0100] {processor.py:925} INFO - DAG(s) 'example_skip_dag' retrieved from /Users/francisayanbadejo/venvs_projects/my_proj/lib/python3.9/site-packages/airflow/example_dags/example_skip_dag.py
[2025-04-23T05:18:47.892+0100] {logging_mixin.py:190} INFO - [2025-04-23T05:18:47.892+0100] {dag.py:3239} INFO - Sync 1 DAGs
[2025-04-23T05:18:47.899+0100] {logging_mixin.py:190} INFO - [2025-04-23T05:18:47.899+0100] {dag.py:4180} INFO - Setting next_dagrun for example_skip_dag to 2025-04-22 00:00:00+00:00, run_after=2025-04-23 00:00:00+00:00
[2025-04-23T05:18:47.904+0100] {processor.py:208} INFO - Processing /Users/francisayanbadejo/venvs_projects/my_proj/lib/python3.9/site-packages/airflow/example_dags/example_skip_dag.py took 0.047 seconds
[2025-04-23T05:20:17.280+0100] {processor.py:186} INFO - Started process (PID=77492) to work on /Users/francisayanbadejo/venvs_projects/my_proj/lib/python3.9/site-packages/airflow/example_dags/example_skip_dag.py
[2025-04-23T05:20:17.282+0100] {processor.py:914} INFO - Processing file /Users/francisayanbadejo/venvs_projects/my_proj/lib/python3.9/site-packages/airflow/example_dags/example_skip_dag.py for tasks to queue
[2025-04-23T05:20:17.283+0100] {logging_mixin.py:190} INFO - [2025-04-23T05:20:17.283+0100] {dagbag.py:588} INFO - Filling up the DagBag from /Users/francisayanbadejo/venvs_projects/my_proj/lib/python3.9/site-packages/airflow/example_dags/example_skip_dag.py
[2025-04-23T05:20:17.286+0100] {processor.py:925} INFO - DAG(s) 'example_skip_dag' retrieved from /Users/francisayanbadejo/venvs_projects/my_proj/lib/python3.9/site-packages/airflow/example_dags/example_skip_dag.py
[2025-04-23T05:20:17.318+0100] {logging_mixin.py:190} INFO - [2025-04-23T05:20:17.318+0100] {dag.py:3239} INFO - Sync 1 DAGs
[2025-04-23T05:20:17.325+0100] {logging_mixin.py:190} INFO - [2025-04-23T05:20:17.325+0100] {dag.py:4180} INFO - Setting next_dagrun for example_skip_dag to 2025-04-22 00:00:00+00:00, run_after=2025-04-23 00:00:00+00:00
[2025-04-23T05:20:17.329+0100] {processor.py:208} INFO - Processing /Users/francisayanbadejo/venvs_projects/my_proj/lib/python3.9/site-packages/airflow/example_dags/example_skip_dag.py took 0.050 seconds
[2025-04-23T12:30:19.162+0100] {processor.py:186} INFO - Started process (PID=86395) to work on /Users/francisayanbadejo/venvs_projects/my_proj/lib/python3.9/site-packages/airflow/example_dags/example_skip_dag.py
[2025-04-23T12:30:19.164+0100] {processor.py:914} INFO - Processing file /Users/francisayanbadejo/venvs_projects/my_proj/lib/python3.9/site-packages/airflow/example_dags/example_skip_dag.py for tasks to queue
[2025-04-23T12:30:19.164+0100] {logging_mixin.py:190} INFO - [2025-04-23T12:30:19.164+0100] {dagbag.py:588} INFO - Filling up the DagBag from /Users/francisayanbadejo/venvs_projects/my_proj/lib/python3.9/site-packages/airflow/example_dags/example_skip_dag.py
[2025-04-23T12:30:19.167+0100] {processor.py:925} INFO - DAG(s) 'example_skip_dag' retrieved from /Users/francisayanbadejo/venvs_projects/my_proj/lib/python3.9/site-packages/airflow/example_dags/example_skip_dag.py
[2025-04-23T12:30:19.206+0100] {logging_mixin.py:190} INFO - [2025-04-23T12:30:19.205+0100] {dag.py:3239} INFO - Sync 1 DAGs
[2025-04-23T12:30:19.215+0100] {logging_mixin.py:190} INFO - [2025-04-23T12:30:19.214+0100] {dag.py:4180} INFO - Setting next_dagrun for example_skip_dag to 2025-04-22 00:00:00+00:00, run_after=2025-04-23 00:00:00+00:00
[2025-04-23T12:30:19.221+0100] {processor.py:208} INFO - Processing /Users/francisayanbadejo/venvs_projects/my_proj/lib/python3.9/site-packages/airflow/example_dags/example_skip_dag.py took 0.060 seconds
