[2025-04-23T03:41:21.602+0100] {processor.py:186} INFO - Started process (PID=63397) to work on /Users/francisayanbadejo/venvs_projects/my_proj/lib/python3.9/site-packages/airflow/example_dags/example_setup_teardown_taskflow.py
[2025-04-23T03:41:21.602+0100] {processor.py:914} INFO - Processing file /Users/francisayanbadejo/venvs_projects/my_proj/lib/python3.9/site-packages/airflow/example_dags/example_setup_teardown_taskflow.py for tasks to queue
[2025-04-23T03:41:21.603+0100] {logging_mixin.py:190} INFO - [2025-04-23T03:41:21.603+0100] {dagbag.py:588} INFO - Filling up the DagBag from /Users/francisayanbadejo/venvs_projects/my_proj/lib/python3.9/site-packages/airflow/example_dags/example_setup_teardown_taskflow.py
[2025-04-23T03:41:21.614+0100] {processor.py:925} INFO - DAG(s) 'example_setup_teardown_taskflow' retrieved from /Users/francisayanbadejo/venvs_projects/my_proj/lib/python3.9/site-packages/airflow/example_dags/example_setup_teardown_taskflow.py
[2025-04-23T03:41:21.668+0100] {logging_mixin.py:190} INFO - [2025-04-23T03:41:21.668+0100] {override.py:1930} INFO - Created Permission View: can delete on DAG:example_setup_teardown_taskflow
[2025-04-23T03:41:21.670+0100] {logging_mixin.py:190} INFO - [2025-04-23T03:41:21.670+0100] {override.py:1930} INFO - Created Permission View: can edit on DAG:example_setup_teardown_taskflow
[2025-04-23T03:41:21.671+0100] {logging_mixin.py:190} INFO - [2025-04-23T03:41:21.671+0100] {override.py:1930} INFO - Created Permission View: can read on DAG:example_setup_teardown_taskflow
[2025-04-23T03:41:21.673+0100] {logging_mixin.py:190} INFO - [2025-04-23T03:41:21.673+0100] {override.py:1930} INFO - Created Permission View: can delete on DAG Run:example_setup_teardown_taskflow
[2025-04-23T03:41:21.674+0100] {logging_mixin.py:190} INFO - [2025-04-23T03:41:21.674+0100] {override.py:1930} INFO - Created Permission View: menu access on DAG Run:example_setup_teardown_taskflow
[2025-04-23T03:41:21.676+0100] {logging_mixin.py:190} INFO - [2025-04-23T03:41:21.676+0100] {override.py:1930} INFO - Created Permission View: can read on DAG Run:example_setup_teardown_taskflow
[2025-04-23T03:41:21.677+0100] {logging_mixin.py:190} INFO - [2025-04-23T03:41:21.677+0100] {override.py:1930} INFO - Created Permission View: can create on DAG Run:example_setup_teardown_taskflow
[2025-04-23T03:41:21.677+0100] {logging_mixin.py:190} INFO - [2025-04-23T03:41:21.677+0100] {dag.py:3239} INFO - Sync 1 DAGs
[2025-04-23T03:41:21.681+0100] {logging_mixin.py:190} INFO - [2025-04-23T03:41:21.681+0100] {dag.py:3262} INFO - Creating ORM DAG for example_setup_teardown_taskflow
[2025-04-23T03:41:21.681+0100] {logging_mixin.py:190} INFO - [2025-04-23T03:41:21.681+0100] {dag.py:4180} INFO - Setting next_dagrun for example_setup_teardown_taskflow to None, run_after=None
[2025-04-23T03:41:21.686+0100] {processor.py:208} INFO - Processing /Users/francisayanbadejo/venvs_projects/my_proj/lib/python3.9/site-packages/airflow/example_dags/example_setup_teardown_taskflow.py took 0.086 seconds
[2025-04-23T03:44:45.843+0100] {processor.py:186} INFO - Started process (PID=64313) to work on /Users/francisayanbadejo/venvs_projects/my_proj/lib/python3.9/site-packages/airflow/example_dags/example_setup_teardown_taskflow.py
[2025-04-23T03:44:45.844+0100] {processor.py:914} INFO - Processing file /Users/francisayanbadejo/venvs_projects/my_proj/lib/python3.9/site-packages/airflow/example_dags/example_setup_teardown_taskflow.py for tasks to queue
[2025-04-23T03:44:45.845+0100] {logging_mixin.py:190} INFO - [2025-04-23T03:44:45.845+0100] {dagbag.py:588} INFO - Filling up the DagBag from /Users/francisayanbadejo/venvs_projects/my_proj/lib/python3.9/site-packages/airflow/example_dags/example_setup_teardown_taskflow.py
[2025-04-23T03:44:45.855+0100] {processor.py:925} INFO - DAG(s) 'example_setup_teardown_taskflow' retrieved from /Users/francisayanbadejo/venvs_projects/my_proj/lib/python3.9/site-packages/airflow/example_dags/example_setup_teardown_taskflow.py
[2025-04-23T03:44:45.886+0100] {logging_mixin.py:190} INFO - [2025-04-23T03:44:45.886+0100] {dag.py:3239} INFO - Sync 1 DAGs
[2025-04-23T03:44:45.889+0100] {logging_mixin.py:190} INFO - [2025-04-23T03:44:45.889+0100] {dag.py:4180} INFO - Setting next_dagrun for example_setup_teardown_taskflow to None, run_after=None
[2025-04-23T03:44:45.895+0100] {processor.py:208} INFO - Processing /Users/francisayanbadejo/venvs_projects/my_proj/lib/python3.9/site-packages/airflow/example_dags/example_setup_teardown_taskflow.py took 0.053 seconds
[2025-04-23T03:46:12.869+0100] {processor.py:186} INFO - Started process (PID=64502) to work on /Users/francisayanbadejo/venvs_projects/my_proj/lib/python3.9/site-packages/airflow/example_dags/example_setup_teardown_taskflow.py
[2025-04-23T03:46:12.871+0100] {processor.py:914} INFO - Processing file /Users/francisayanbadejo/venvs_projects/my_proj/lib/python3.9/site-packages/airflow/example_dags/example_setup_teardown_taskflow.py for tasks to queue
[2025-04-23T03:46:12.872+0100] {logging_mixin.py:190} INFO - [2025-04-23T03:46:12.872+0100] {dagbag.py:588} INFO - Filling up the DagBag from /Users/francisayanbadejo/venvs_projects/my_proj/lib/python3.9/site-packages/airflow/example_dags/example_setup_teardown_taskflow.py
[2025-04-23T03:46:12.883+0100] {processor.py:925} INFO - DAG(s) 'example_setup_teardown_taskflow' retrieved from /Users/francisayanbadejo/venvs_projects/my_proj/lib/python3.9/site-packages/airflow/example_dags/example_setup_teardown_taskflow.py
[2025-04-23T03:46:12.916+0100] {logging_mixin.py:190} INFO - [2025-04-23T03:46:12.916+0100] {dag.py:3239} INFO - Sync 1 DAGs
[2025-04-23T03:46:12.920+0100] {logging_mixin.py:190} INFO - [2025-04-23T03:46:12.920+0100] {dag.py:4180} INFO - Setting next_dagrun for example_setup_teardown_taskflow to None, run_after=None
[2025-04-23T03:46:12.925+0100] {processor.py:208} INFO - Processing /Users/francisayanbadejo/venvs_projects/my_proj/lib/python3.9/site-packages/airflow/example_dags/example_setup_teardown_taskflow.py took 0.057 seconds
[2025-04-23T03:48:00.894+0100] {processor.py:186} INFO - Started process (PID=64745) to work on /Users/francisayanbadejo/venvs_projects/my_proj/lib/python3.9/site-packages/airflow/example_dags/example_setup_teardown_taskflow.py
[2025-04-23T03:48:00.895+0100] {processor.py:914} INFO - Processing file /Users/francisayanbadejo/venvs_projects/my_proj/lib/python3.9/site-packages/airflow/example_dags/example_setup_teardown_taskflow.py for tasks to queue
[2025-04-23T03:48:00.896+0100] {logging_mixin.py:190} INFO - [2025-04-23T03:48:00.896+0100] {dagbag.py:588} INFO - Filling up the DagBag from /Users/francisayanbadejo/venvs_projects/my_proj/lib/python3.9/site-packages/airflow/example_dags/example_setup_teardown_taskflow.py
[2025-04-23T03:48:00.908+0100] {processor.py:925} INFO - DAG(s) 'example_setup_teardown_taskflow' retrieved from /Users/francisayanbadejo/venvs_projects/my_proj/lib/python3.9/site-packages/airflow/example_dags/example_setup_teardown_taskflow.py
[2025-04-23T03:48:00.941+0100] {logging_mixin.py:190} INFO - [2025-04-23T03:48:00.941+0100] {dag.py:3239} INFO - Sync 1 DAGs
[2025-04-23T03:48:00.945+0100] {logging_mixin.py:190} INFO - [2025-04-23T03:48:00.945+0100] {dag.py:4180} INFO - Setting next_dagrun for example_setup_teardown_taskflow to None, run_after=None
[2025-04-23T03:48:00.950+0100] {processor.py:208} INFO - Processing /Users/francisayanbadejo/venvs_projects/my_proj/lib/python3.9/site-packages/airflow/example_dags/example_setup_teardown_taskflow.py took 0.057 seconds
[2025-04-23T03:49:51.592+0100] {processor.py:186} INFO - Started process (PID=64991) to work on /Users/francisayanbadejo/venvs_projects/my_proj/lib/python3.9/site-packages/airflow/example_dags/example_setup_teardown_taskflow.py
[2025-04-23T03:49:51.593+0100] {processor.py:914} INFO - Processing file /Users/francisayanbadejo/venvs_projects/my_proj/lib/python3.9/site-packages/airflow/example_dags/example_setup_teardown_taskflow.py for tasks to queue
[2025-04-23T03:49:51.594+0100] {logging_mixin.py:190} INFO - [2025-04-23T03:49:51.594+0100] {dagbag.py:588} INFO - Filling up the DagBag from /Users/francisayanbadejo/venvs_projects/my_proj/lib/python3.9/site-packages/airflow/example_dags/example_setup_teardown_taskflow.py
[2025-04-23T03:49:51.605+0100] {processor.py:925} INFO - DAG(s) 'example_setup_teardown_taskflow' retrieved from /Users/francisayanbadejo/venvs_projects/my_proj/lib/python3.9/site-packages/airflow/example_dags/example_setup_teardown_taskflow.py
[2025-04-23T03:49:51.637+0100] {logging_mixin.py:190} INFO - [2025-04-23T03:49:51.637+0100] {dag.py:3239} INFO - Sync 1 DAGs
[2025-04-23T03:49:51.641+0100] {logging_mixin.py:190} INFO - [2025-04-23T03:49:51.641+0100] {dag.py:4180} INFO - Setting next_dagrun for example_setup_teardown_taskflow to None, run_after=None
[2025-04-23T03:49:51.646+0100] {processor.py:208} INFO - Processing /Users/francisayanbadejo/venvs_projects/my_proj/lib/python3.9/site-packages/airflow/example_dags/example_setup_teardown_taskflow.py took 0.055 seconds
[2025-04-23T03:51:44.450+0100] {processor.py:186} INFO - Started process (PID=65236) to work on /Users/francisayanbadejo/venvs_projects/my_proj/lib/python3.9/site-packages/airflow/example_dags/example_setup_teardown_taskflow.py
[2025-04-23T03:51:44.452+0100] {processor.py:914} INFO - Processing file /Users/francisayanbadejo/venvs_projects/my_proj/lib/python3.9/site-packages/airflow/example_dags/example_setup_teardown_taskflow.py for tasks to queue
[2025-04-23T03:51:44.452+0100] {logging_mixin.py:190} INFO - [2025-04-23T03:51:44.452+0100] {dagbag.py:588} INFO - Filling up the DagBag from /Users/francisayanbadejo/venvs_projects/my_proj/lib/python3.9/site-packages/airflow/example_dags/example_setup_teardown_taskflow.py
[2025-04-23T03:51:44.463+0100] {processor.py:925} INFO - DAG(s) 'example_setup_teardown_taskflow' retrieved from /Users/francisayanbadejo/venvs_projects/my_proj/lib/python3.9/site-packages/airflow/example_dags/example_setup_teardown_taskflow.py
[2025-04-23T03:51:44.494+0100] {logging_mixin.py:190} INFO - [2025-04-23T03:51:44.494+0100] {dag.py:3239} INFO - Sync 1 DAGs
[2025-04-23T03:51:44.497+0100] {logging_mixin.py:190} INFO - [2025-04-23T03:51:44.497+0100] {dag.py:4180} INFO - Setting next_dagrun for example_setup_teardown_taskflow to None, run_after=None
[2025-04-23T03:51:44.502+0100] {processor.py:208} INFO - Processing /Users/francisayanbadejo/venvs_projects/my_proj/lib/python3.9/site-packages/airflow/example_dags/example_setup_teardown_taskflow.py took 0.053 seconds
[2025-04-23T03:53:40.845+0100] {processor.py:186} INFO - Started process (PID=65493) to work on /Users/francisayanbadejo/venvs_projects/my_proj/lib/python3.9/site-packages/airflow/example_dags/example_setup_teardown_taskflow.py
[2025-04-23T03:53:40.846+0100] {processor.py:914} INFO - Processing file /Users/francisayanbadejo/venvs_projects/my_proj/lib/python3.9/site-packages/airflow/example_dags/example_setup_teardown_taskflow.py for tasks to queue
[2025-04-23T03:53:40.847+0100] {logging_mixin.py:190} INFO - [2025-04-23T03:53:40.847+0100] {dagbag.py:588} INFO - Filling up the DagBag from /Users/francisayanbadejo/venvs_projects/my_proj/lib/python3.9/site-packages/airflow/example_dags/example_setup_teardown_taskflow.py
[2025-04-23T03:53:40.859+0100] {processor.py:925} INFO - DAG(s) 'example_setup_teardown_taskflow' retrieved from /Users/francisayanbadejo/venvs_projects/my_proj/lib/python3.9/site-packages/airflow/example_dags/example_setup_teardown_taskflow.py
[2025-04-23T03:53:40.893+0100] {logging_mixin.py:190} INFO - [2025-04-23T03:53:40.893+0100] {dag.py:3239} INFO - Sync 1 DAGs
[2025-04-23T03:53:40.897+0100] {logging_mixin.py:190} INFO - [2025-04-23T03:53:40.897+0100] {dag.py:4180} INFO - Setting next_dagrun for example_setup_teardown_taskflow to None, run_after=None
[2025-04-23T03:53:40.903+0100] {processor.py:208} INFO - Processing /Users/francisayanbadejo/venvs_projects/my_proj/lib/python3.9/site-packages/airflow/example_dags/example_setup_teardown_taskflow.py took 0.059 seconds
[2025-04-23T03:55:40.356+0100] {processor.py:186} INFO - Started process (PID=65752) to work on /Users/francisayanbadejo/venvs_projects/my_proj/lib/python3.9/site-packages/airflow/example_dags/example_setup_teardown_taskflow.py
[2025-04-23T03:55:40.358+0100] {processor.py:914} INFO - Processing file /Users/francisayanbadejo/venvs_projects/my_proj/lib/python3.9/site-packages/airflow/example_dags/example_setup_teardown_taskflow.py for tasks to queue
[2025-04-23T03:55:40.358+0100] {logging_mixin.py:190} INFO - [2025-04-23T03:55:40.358+0100] {dagbag.py:588} INFO - Filling up the DagBag from /Users/francisayanbadejo/venvs_projects/my_proj/lib/python3.9/site-packages/airflow/example_dags/example_setup_teardown_taskflow.py
[2025-04-23T03:55:40.369+0100] {processor.py:925} INFO - DAG(s) 'example_setup_teardown_taskflow' retrieved from /Users/francisayanbadejo/venvs_projects/my_proj/lib/python3.9/site-packages/airflow/example_dags/example_setup_teardown_taskflow.py
[2025-04-23T03:55:40.404+0100] {logging_mixin.py:190} INFO - [2025-04-23T03:55:40.403+0100] {dag.py:3239} INFO - Sync 1 DAGs
[2025-04-23T03:55:40.407+0100] {logging_mixin.py:190} INFO - [2025-04-23T03:55:40.407+0100] {dag.py:4180} INFO - Setting next_dagrun for example_setup_teardown_taskflow to None, run_after=None
[2025-04-23T03:55:40.413+0100] {processor.py:208} INFO - Processing /Users/francisayanbadejo/venvs_projects/my_proj/lib/python3.9/site-packages/airflow/example_dags/example_setup_teardown_taskflow.py took 0.059 seconds
[2025-04-23T03:57:35.384+0100] {processor.py:186} INFO - Started process (PID=66006) to work on /Users/francisayanbadejo/venvs_projects/my_proj/lib/python3.9/site-packages/airflow/example_dags/example_setup_teardown_taskflow.py
[2025-04-23T03:57:35.384+0100] {processor.py:914} INFO - Processing file /Users/francisayanbadejo/venvs_projects/my_proj/lib/python3.9/site-packages/airflow/example_dags/example_setup_teardown_taskflow.py for tasks to queue
[2025-04-23T03:57:35.384+0100] {logging_mixin.py:190} INFO - [2025-04-23T03:57:35.384+0100] {dagbag.py:588} INFO - Filling up the DagBag from /Users/francisayanbadejo/venvs_projects/my_proj/lib/python3.9/site-packages/airflow/example_dags/example_setup_teardown_taskflow.py
[2025-04-23T03:57:35.395+0100] {processor.py:925} INFO - DAG(s) 'example_setup_teardown_taskflow' retrieved from /Users/francisayanbadejo/venvs_projects/my_proj/lib/python3.9/site-packages/airflow/example_dags/example_setup_teardown_taskflow.py
[2025-04-23T03:57:35.427+0100] {logging_mixin.py:190} INFO - [2025-04-23T03:57:35.427+0100] {dag.py:3239} INFO - Sync 1 DAGs
[2025-04-23T03:57:35.431+0100] {logging_mixin.py:190} INFO - [2025-04-23T03:57:35.431+0100] {dag.py:4180} INFO - Setting next_dagrun for example_setup_teardown_taskflow to None, run_after=None
[2025-04-23T03:57:35.436+0100] {processor.py:208} INFO - Processing /Users/francisayanbadejo/venvs_projects/my_proj/lib/python3.9/site-packages/airflow/example_dags/example_setup_teardown_taskflow.py took 0.053 seconds
[2025-04-23T03:59:44.218+0100] {processor.py:186} INFO - Started process (PID=66226) to work on /Users/francisayanbadejo/venvs_projects/my_proj/lib/python3.9/site-packages/airflow/example_dags/example_setup_teardown_taskflow.py
[2025-04-23T03:59:44.219+0100] {processor.py:914} INFO - Processing file /Users/francisayanbadejo/venvs_projects/my_proj/lib/python3.9/site-packages/airflow/example_dags/example_setup_teardown_taskflow.py for tasks to queue
[2025-04-23T03:59:44.220+0100] {logging_mixin.py:190} INFO - [2025-04-23T03:59:44.220+0100] {dagbag.py:588} INFO - Filling up the DagBag from /Users/francisayanbadejo/venvs_projects/my_proj/lib/python3.9/site-packages/airflow/example_dags/example_setup_teardown_taskflow.py
[2025-04-23T03:59:44.233+0100] {processor.py:925} INFO - DAG(s) 'example_setup_teardown_taskflow' retrieved from /Users/francisayanbadejo/venvs_projects/my_proj/lib/python3.9/site-packages/airflow/example_dags/example_setup_teardown_taskflow.py
[2025-04-23T03:59:44.270+0100] {logging_mixin.py:190} INFO - [2025-04-23T03:59:44.270+0100] {dag.py:3239} INFO - Sync 1 DAGs
[2025-04-23T03:59:44.275+0100] {logging_mixin.py:190} INFO - [2025-04-23T03:59:44.275+0100] {dag.py:4180} INFO - Setting next_dagrun for example_setup_teardown_taskflow to None, run_after=None
[2025-04-23T03:59:44.282+0100] {processor.py:208} INFO - Processing /Users/francisayanbadejo/venvs_projects/my_proj/lib/python3.9/site-packages/airflow/example_dags/example_setup_teardown_taskflow.py took 0.065 seconds
[2025-04-23T04:01:44.451+0100] {processor.py:186} INFO - Started process (PID=66440) to work on /Users/francisayanbadejo/venvs_projects/my_proj/lib/python3.9/site-packages/airflow/example_dags/example_setup_teardown_taskflow.py
[2025-04-23T04:01:44.452+0100] {processor.py:914} INFO - Processing file /Users/francisayanbadejo/venvs_projects/my_proj/lib/python3.9/site-packages/airflow/example_dags/example_setup_teardown_taskflow.py for tasks to queue
[2025-04-23T04:01:44.453+0100] {logging_mixin.py:190} INFO - [2025-04-23T04:01:44.452+0100] {dagbag.py:588} INFO - Filling up the DagBag from /Users/francisayanbadejo/venvs_projects/my_proj/lib/python3.9/site-packages/airflow/example_dags/example_setup_teardown_taskflow.py
[2025-04-23T04:01:44.463+0100] {processor.py:925} INFO - DAG(s) 'example_setup_teardown_taskflow' retrieved from /Users/francisayanbadejo/venvs_projects/my_proj/lib/python3.9/site-packages/airflow/example_dags/example_setup_teardown_taskflow.py
[2025-04-23T04:01:44.494+0100] {logging_mixin.py:190} INFO - [2025-04-23T04:01:44.494+0100] {dag.py:3239} INFO - Sync 1 DAGs
[2025-04-23T04:01:44.498+0100] {logging_mixin.py:190} INFO - [2025-04-23T04:01:44.497+0100] {dag.py:4180} INFO - Setting next_dagrun for example_setup_teardown_taskflow to None, run_after=None
[2025-04-23T04:01:44.502+0100] {processor.py:208} INFO - Processing /Users/francisayanbadejo/venvs_projects/my_proj/lib/python3.9/site-packages/airflow/example_dags/example_setup_teardown_taskflow.py took 0.052 seconds
[2025-04-23T04:03:35.288+0100] {processor.py:186} INFO - Started process (PID=66656) to work on /Users/francisayanbadejo/venvs_projects/my_proj/lib/python3.9/site-packages/airflow/example_dags/example_setup_teardown_taskflow.py
[2025-04-23T04:03:35.288+0100] {processor.py:914} INFO - Processing file /Users/francisayanbadejo/venvs_projects/my_proj/lib/python3.9/site-packages/airflow/example_dags/example_setup_teardown_taskflow.py for tasks to queue
[2025-04-23T04:03:35.289+0100] {logging_mixin.py:190} INFO - [2025-04-23T04:03:35.289+0100] {dagbag.py:588} INFO - Filling up the DagBag from /Users/francisayanbadejo/venvs_projects/my_proj/lib/python3.9/site-packages/airflow/example_dags/example_setup_teardown_taskflow.py
[2025-04-23T04:03:35.299+0100] {processor.py:925} INFO - DAG(s) 'example_setup_teardown_taskflow' retrieved from /Users/francisayanbadejo/venvs_projects/my_proj/lib/python3.9/site-packages/airflow/example_dags/example_setup_teardown_taskflow.py
[2025-04-23T04:03:35.330+0100] {logging_mixin.py:190} INFO - [2025-04-23T04:03:35.330+0100] {dag.py:3239} INFO - Sync 1 DAGs
[2025-04-23T04:03:35.334+0100] {logging_mixin.py:190} INFO - [2025-04-23T04:03:35.334+0100] {dag.py:4180} INFO - Setting next_dagrun for example_setup_teardown_taskflow to None, run_after=None
[2025-04-23T04:03:35.339+0100] {processor.py:208} INFO - Processing /Users/francisayanbadejo/venvs_projects/my_proj/lib/python3.9/site-packages/airflow/example_dags/example_setup_teardown_taskflow.py took 0.052 seconds
[2025-04-23T04:05:38.171+0100] {processor.py:186} INFO - Started process (PID=66900) to work on /Users/francisayanbadejo/venvs_projects/my_proj/lib/python3.9/site-packages/airflow/example_dags/example_setup_teardown_taskflow.py
[2025-04-23T04:05:38.172+0100] {processor.py:914} INFO - Processing file /Users/francisayanbadejo/venvs_projects/my_proj/lib/python3.9/site-packages/airflow/example_dags/example_setup_teardown_taskflow.py for tasks to queue
[2025-04-23T04:05:38.172+0100] {logging_mixin.py:190} INFO - [2025-04-23T04:05:38.172+0100] {dagbag.py:588} INFO - Filling up the DagBag from /Users/francisayanbadejo/venvs_projects/my_proj/lib/python3.9/site-packages/airflow/example_dags/example_setup_teardown_taskflow.py
[2025-04-23T04:05:38.183+0100] {processor.py:925} INFO - DAG(s) 'example_setup_teardown_taskflow' retrieved from /Users/francisayanbadejo/venvs_projects/my_proj/lib/python3.9/site-packages/airflow/example_dags/example_setup_teardown_taskflow.py
[2025-04-23T04:05:38.214+0100] {logging_mixin.py:190} INFO - [2025-04-23T04:05:38.214+0100] {dag.py:3239} INFO - Sync 1 DAGs
[2025-04-23T04:05:38.217+0100] {logging_mixin.py:190} INFO - [2025-04-23T04:05:38.217+0100] {dag.py:4180} INFO - Setting next_dagrun for example_setup_teardown_taskflow to None, run_after=None
[2025-04-23T04:05:38.222+0100] {processor.py:208} INFO - Processing /Users/francisayanbadejo/venvs_projects/my_proj/lib/python3.9/site-packages/airflow/example_dags/example_setup_teardown_taskflow.py took 0.053 seconds
[2025-04-23T04:18:52.097+0100] {processor.py:186} INFO - Started process (PID=68961) to work on /Users/francisayanbadejo/venvs_projects/my_proj/lib/python3.9/site-packages/airflow/example_dags/example_setup_teardown_taskflow.py
[2025-04-23T04:18:52.098+0100] {processor.py:914} INFO - Processing file /Users/francisayanbadejo/venvs_projects/my_proj/lib/python3.9/site-packages/airflow/example_dags/example_setup_teardown_taskflow.py for tasks to queue
[2025-04-23T04:18:52.099+0100] {logging_mixin.py:190} INFO - [2025-04-23T04:18:52.099+0100] {dagbag.py:588} INFO - Filling up the DagBag from /Users/francisayanbadejo/venvs_projects/my_proj/lib/python3.9/site-packages/airflow/example_dags/example_setup_teardown_taskflow.py
[2025-04-23T04:18:52.110+0100] {processor.py:925} INFO - DAG(s) 'example_setup_teardown_taskflow' retrieved from /Users/francisayanbadejo/venvs_projects/my_proj/lib/python3.9/site-packages/airflow/example_dags/example_setup_teardown_taskflow.py
[2025-04-23T04:18:52.143+0100] {logging_mixin.py:190} INFO - [2025-04-23T04:18:52.143+0100] {dag.py:3239} INFO - Sync 1 DAGs
[2025-04-23T04:18:52.147+0100] {logging_mixin.py:190} INFO - [2025-04-23T04:18:52.146+0100] {dag.py:4180} INFO - Setting next_dagrun for example_setup_teardown_taskflow to None, run_after=None
[2025-04-23T04:18:52.152+0100] {processor.py:208} INFO - Processing /Users/francisayanbadejo/venvs_projects/my_proj/lib/python3.9/site-packages/airflow/example_dags/example_setup_teardown_taskflow.py took 0.056 seconds
[2025-04-23T04:20:16.097+0100] {processor.py:186} INFO - Started process (PID=69108) to work on /Users/francisayanbadejo/venvs_projects/my_proj/lib/python3.9/site-packages/airflow/example_dags/example_setup_teardown_taskflow.py
[2025-04-23T04:20:16.099+0100] {processor.py:914} INFO - Processing file /Users/francisayanbadejo/venvs_projects/my_proj/lib/python3.9/site-packages/airflow/example_dags/example_setup_teardown_taskflow.py for tasks to queue
[2025-04-23T04:20:16.100+0100] {logging_mixin.py:190} INFO - [2025-04-23T04:20:16.100+0100] {dagbag.py:588} INFO - Filling up the DagBag from /Users/francisayanbadejo/venvs_projects/my_proj/lib/python3.9/site-packages/airflow/example_dags/example_setup_teardown_taskflow.py
[2025-04-23T04:20:16.110+0100] {processor.py:925} INFO - DAG(s) 'example_setup_teardown_taskflow' retrieved from /Users/francisayanbadejo/venvs_projects/my_proj/lib/python3.9/site-packages/airflow/example_dags/example_setup_teardown_taskflow.py
[2025-04-23T04:20:16.140+0100] {logging_mixin.py:190} INFO - [2025-04-23T04:20:16.140+0100] {dag.py:3239} INFO - Sync 1 DAGs
[2025-04-23T04:20:16.143+0100] {logging_mixin.py:190} INFO - [2025-04-23T04:20:16.143+0100] {dag.py:4180} INFO - Setting next_dagrun for example_setup_teardown_taskflow to None, run_after=None
[2025-04-23T04:20:16.148+0100] {processor.py:208} INFO - Processing /Users/francisayanbadejo/venvs_projects/my_proj/lib/python3.9/site-packages/airflow/example_dags/example_setup_teardown_taskflow.py took 0.052 seconds
[2025-04-23T04:21:33.756+0100] {processor.py:186} INFO - Started process (PID=69507) to work on /Users/francisayanbadejo/venvs_projects/my_proj/lib/python3.9/site-packages/airflow/example_dags/example_setup_teardown_taskflow.py
[2025-04-23T04:21:33.758+0100] {processor.py:914} INFO - Processing file /Users/francisayanbadejo/venvs_projects/my_proj/lib/python3.9/site-packages/airflow/example_dags/example_setup_teardown_taskflow.py for tasks to queue
[2025-04-23T04:21:33.758+0100] {logging_mixin.py:190} INFO - [2025-04-23T04:21:33.758+0100] {dagbag.py:588} INFO - Filling up the DagBag from /Users/francisayanbadejo/venvs_projects/my_proj/lib/python3.9/site-packages/airflow/example_dags/example_setup_teardown_taskflow.py
[2025-04-23T04:21:33.769+0100] {processor.py:925} INFO - DAG(s) 'example_setup_teardown_taskflow' retrieved from /Users/francisayanbadejo/venvs_projects/my_proj/lib/python3.9/site-packages/airflow/example_dags/example_setup_teardown_taskflow.py
[2025-04-23T04:21:33.800+0100] {logging_mixin.py:190} INFO - [2025-04-23T04:21:33.800+0100] {dag.py:3239} INFO - Sync 1 DAGs
[2025-04-23T04:21:33.804+0100] {logging_mixin.py:190} INFO - [2025-04-23T04:21:33.804+0100] {dag.py:4180} INFO - Setting next_dagrun for example_setup_teardown_taskflow to None, run_after=None
[2025-04-23T04:21:33.812+0100] {processor.py:208} INFO - Processing /Users/francisayanbadejo/venvs_projects/my_proj/lib/python3.9/site-packages/airflow/example_dags/example_setup_teardown_taskflow.py took 0.057 seconds
[2025-04-23T04:22:59.340+0100] {processor.py:186} INFO - Started process (PID=69732) to work on /Users/francisayanbadejo/venvs_projects/my_proj/lib/python3.9/site-packages/airflow/example_dags/example_setup_teardown_taskflow.py
[2025-04-23T04:22:59.341+0100] {processor.py:914} INFO - Processing file /Users/francisayanbadejo/venvs_projects/my_proj/lib/python3.9/site-packages/airflow/example_dags/example_setup_teardown_taskflow.py for tasks to queue
[2025-04-23T04:22:59.342+0100] {logging_mixin.py:190} INFO - [2025-04-23T04:22:59.342+0100] {dagbag.py:588} INFO - Filling up the DagBag from /Users/francisayanbadejo/venvs_projects/my_proj/lib/python3.9/site-packages/airflow/example_dags/example_setup_teardown_taskflow.py
[2025-04-23T04:22:59.358+0100] {processor.py:925} INFO - DAG(s) 'example_setup_teardown_taskflow' retrieved from /Users/francisayanbadejo/venvs_projects/my_proj/lib/python3.9/site-packages/airflow/example_dags/example_setup_teardown_taskflow.py
[2025-04-23T04:22:59.394+0100] {logging_mixin.py:190} INFO - [2025-04-23T04:22:59.394+0100] {dag.py:3239} INFO - Sync 1 DAGs
[2025-04-23T04:22:59.398+0100] {logging_mixin.py:190} INFO - [2025-04-23T04:22:59.398+0100] {dag.py:4180} INFO - Setting next_dagrun for example_setup_teardown_taskflow to None, run_after=None
[2025-04-23T04:22:59.403+0100] {processor.py:208} INFO - Processing /Users/francisayanbadejo/venvs_projects/my_proj/lib/python3.9/site-packages/airflow/example_dags/example_setup_teardown_taskflow.py took 0.064 seconds
[2025-04-23T04:25:59.703+0100] {processor.py:186} INFO - Started process (PID=70531) to work on /Users/francisayanbadejo/venvs_projects/my_proj/lib/python3.9/site-packages/airflow/example_dags/example_setup_teardown_taskflow.py
[2025-04-23T04:25:59.705+0100] {processor.py:914} INFO - Processing file /Users/francisayanbadejo/venvs_projects/my_proj/lib/python3.9/site-packages/airflow/example_dags/example_setup_teardown_taskflow.py for tasks to queue
[2025-04-23T04:25:59.706+0100] {logging_mixin.py:190} INFO - [2025-04-23T04:25:59.706+0100] {dagbag.py:588} INFO - Filling up the DagBag from /Users/francisayanbadejo/venvs_projects/my_proj/lib/python3.9/site-packages/airflow/example_dags/example_setup_teardown_taskflow.py
[2025-04-23T04:25:59.716+0100] {processor.py:925} INFO - DAG(s) 'example_setup_teardown_taskflow' retrieved from /Users/francisayanbadejo/venvs_projects/my_proj/lib/python3.9/site-packages/airflow/example_dags/example_setup_teardown_taskflow.py
[2025-04-23T04:25:59.746+0100] {logging_mixin.py:190} INFO - [2025-04-23T04:25:59.746+0100] {dag.py:3239} INFO - Sync 1 DAGs
[2025-04-23T04:25:59.749+0100] {logging_mixin.py:190} INFO - [2025-04-23T04:25:59.749+0100] {dag.py:4180} INFO - Setting next_dagrun for example_setup_teardown_taskflow to None, run_after=None
[2025-04-23T04:25:59.754+0100] {processor.py:208} INFO - Processing /Users/francisayanbadejo/venvs_projects/my_proj/lib/python3.9/site-packages/airflow/example_dags/example_setup_teardown_taskflow.py took 0.052 seconds
[2025-04-23T04:28:24.752+0100] {processor.py:186} INFO - Started process (PID=71293) to work on /Users/francisayanbadejo/venvs_projects/my_proj/lib/python3.9/site-packages/airflow/example_dags/example_setup_teardown_taskflow.py
[2025-04-23T04:28:24.753+0100] {processor.py:914} INFO - Processing file /Users/francisayanbadejo/venvs_projects/my_proj/lib/python3.9/site-packages/airflow/example_dags/example_setup_teardown_taskflow.py for tasks to queue
[2025-04-23T04:28:24.754+0100] {logging_mixin.py:190} INFO - [2025-04-23T04:28:24.754+0100] {dagbag.py:588} INFO - Filling up the DagBag from /Users/francisayanbadejo/venvs_projects/my_proj/lib/python3.9/site-packages/airflow/example_dags/example_setup_teardown_taskflow.py
[2025-04-23T04:28:24.764+0100] {processor.py:925} INFO - DAG(s) 'example_setup_teardown_taskflow' retrieved from /Users/francisayanbadejo/venvs_projects/my_proj/lib/python3.9/site-packages/airflow/example_dags/example_setup_teardown_taskflow.py
[2025-04-23T04:28:24.795+0100] {logging_mixin.py:190} INFO - [2025-04-23T04:28:24.795+0100] {dag.py:3239} INFO - Sync 1 DAGs
[2025-04-23T04:28:24.798+0100] {logging_mixin.py:190} INFO - [2025-04-23T04:28:24.798+0100] {dag.py:4180} INFO - Setting next_dagrun for example_setup_teardown_taskflow to None, run_after=None
[2025-04-23T04:28:24.803+0100] {processor.py:208} INFO - Processing /Users/francisayanbadejo/venvs_projects/my_proj/lib/python3.9/site-packages/airflow/example_dags/example_setup_teardown_taskflow.py took 0.052 seconds
[2025-04-23T04:29:51.941+0100] {processor.py:186} INFO - Started process (PID=71424) to work on /Users/francisayanbadejo/venvs_projects/my_proj/lib/python3.9/site-packages/airflow/example_dags/example_setup_teardown_taskflow.py
[2025-04-23T04:29:51.942+0100] {processor.py:914} INFO - Processing file /Users/francisayanbadejo/venvs_projects/my_proj/lib/python3.9/site-packages/airflow/example_dags/example_setup_teardown_taskflow.py for tasks to queue
[2025-04-23T04:29:51.943+0100] {logging_mixin.py:190} INFO - [2025-04-23T04:29:51.943+0100] {dagbag.py:588} INFO - Filling up the DagBag from /Users/francisayanbadejo/venvs_projects/my_proj/lib/python3.9/site-packages/airflow/example_dags/example_setup_teardown_taskflow.py
[2025-04-23T04:29:51.953+0100] {processor.py:925} INFO - DAG(s) 'example_setup_teardown_taskflow' retrieved from /Users/francisayanbadejo/venvs_projects/my_proj/lib/python3.9/site-packages/airflow/example_dags/example_setup_teardown_taskflow.py
[2025-04-23T04:29:51.984+0100] {logging_mixin.py:190} INFO - [2025-04-23T04:29:51.984+0100] {dag.py:3239} INFO - Sync 1 DAGs
[2025-04-23T04:29:51.987+0100] {logging_mixin.py:190} INFO - [2025-04-23T04:29:51.987+0100] {dag.py:4180} INFO - Setting next_dagrun for example_setup_teardown_taskflow to None, run_after=None
[2025-04-23T04:29:51.992+0100] {processor.py:208} INFO - Processing /Users/francisayanbadejo/venvs_projects/my_proj/lib/python3.9/site-packages/airflow/example_dags/example_setup_teardown_taskflow.py took 0.052 seconds
[2025-04-23T04:31:46.100+0100] {processor.py:186} INFO - Started process (PID=71763) to work on /Users/francisayanbadejo/venvs_projects/my_proj/lib/python3.9/site-packages/airflow/example_dags/example_setup_teardown_taskflow.py
[2025-04-23T04:31:46.102+0100] {processor.py:914} INFO - Processing file /Users/francisayanbadejo/venvs_projects/my_proj/lib/python3.9/site-packages/airflow/example_dags/example_setup_teardown_taskflow.py for tasks to queue
[2025-04-23T04:31:46.103+0100] {logging_mixin.py:190} INFO - [2025-04-23T04:31:46.103+0100] {dagbag.py:588} INFO - Filling up the DagBag from /Users/francisayanbadejo/venvs_projects/my_proj/lib/python3.9/site-packages/airflow/example_dags/example_setup_teardown_taskflow.py
[2025-04-23T04:31:46.113+0100] {processor.py:925} INFO - DAG(s) 'example_setup_teardown_taskflow' retrieved from /Users/francisayanbadejo/venvs_projects/my_proj/lib/python3.9/site-packages/airflow/example_dags/example_setup_teardown_taskflow.py
[2025-04-23T04:31:46.143+0100] {logging_mixin.py:190} INFO - [2025-04-23T04:31:46.143+0100] {dag.py:3239} INFO - Sync 1 DAGs
[2025-04-23T04:31:46.147+0100] {logging_mixin.py:190} INFO - [2025-04-23T04:31:46.147+0100] {dag.py:4180} INFO - Setting next_dagrun for example_setup_teardown_taskflow to None, run_after=None
[2025-04-23T04:31:46.152+0100] {processor.py:208} INFO - Processing /Users/francisayanbadejo/venvs_projects/my_proj/lib/python3.9/site-packages/airflow/example_dags/example_setup_teardown_taskflow.py took 0.052 seconds
[2025-04-23T04:34:31.864+0100] {processor.py:186} INFO - Started process (PID=72038) to work on /Users/francisayanbadejo/venvs_projects/my_proj/lib/python3.9/site-packages/airflow/example_dags/example_setup_teardown_taskflow.py
[2025-04-23T04:34:31.865+0100] {processor.py:914} INFO - Processing file /Users/francisayanbadejo/venvs_projects/my_proj/lib/python3.9/site-packages/airflow/example_dags/example_setup_teardown_taskflow.py for tasks to queue
[2025-04-23T04:34:31.865+0100] {logging_mixin.py:190} INFO - [2025-04-23T04:34:31.865+0100] {dagbag.py:588} INFO - Filling up the DagBag from /Users/francisayanbadejo/venvs_projects/my_proj/lib/python3.9/site-packages/airflow/example_dags/example_setup_teardown_taskflow.py
[2025-04-23T04:34:31.876+0100] {processor.py:925} INFO - DAG(s) 'example_setup_teardown_taskflow' retrieved from /Users/francisayanbadejo/venvs_projects/my_proj/lib/python3.9/site-packages/airflow/example_dags/example_setup_teardown_taskflow.py
[2025-04-23T04:34:31.906+0100] {logging_mixin.py:190} INFO - [2025-04-23T04:34:31.906+0100] {dag.py:3239} INFO - Sync 1 DAGs
[2025-04-23T04:34:31.909+0100] {logging_mixin.py:190} INFO - [2025-04-23T04:34:31.909+0100] {dag.py:4180} INFO - Setting next_dagrun for example_setup_teardown_taskflow to None, run_after=None
[2025-04-23T04:34:31.914+0100] {processor.py:208} INFO - Processing /Users/francisayanbadejo/venvs_projects/my_proj/lib/python3.9/site-packages/airflow/example_dags/example_setup_teardown_taskflow.py took 0.051 seconds
[2025-04-23T04:35:41.858+0100] {processor.py:186} INFO - Started process (PID=72194) to work on /Users/francisayanbadejo/venvs_projects/my_proj/lib/python3.9/site-packages/airflow/example_dags/example_setup_teardown_taskflow.py
[2025-04-23T04:35:41.860+0100] {processor.py:914} INFO - Processing file /Users/francisayanbadejo/venvs_projects/my_proj/lib/python3.9/site-packages/airflow/example_dags/example_setup_teardown_taskflow.py for tasks to queue
[2025-04-23T04:35:41.860+0100] {logging_mixin.py:190} INFO - [2025-04-23T04:35:41.860+0100] {dagbag.py:588} INFO - Filling up the DagBag from /Users/francisayanbadejo/venvs_projects/my_proj/lib/python3.9/site-packages/airflow/example_dags/example_setup_teardown_taskflow.py
[2025-04-23T04:35:41.871+0100] {processor.py:925} INFO - DAG(s) 'example_setup_teardown_taskflow' retrieved from /Users/francisayanbadejo/venvs_projects/my_proj/lib/python3.9/site-packages/airflow/example_dags/example_setup_teardown_taskflow.py
[2025-04-23T04:35:41.901+0100] {logging_mixin.py:190} INFO - [2025-04-23T04:35:41.901+0100] {dag.py:3239} INFO - Sync 1 DAGs
[2025-04-23T04:35:41.904+0100] {logging_mixin.py:190} INFO - [2025-04-23T04:35:41.904+0100] {dag.py:4180} INFO - Setting next_dagrun for example_setup_teardown_taskflow to None, run_after=None
[2025-04-23T04:35:41.909+0100] {processor.py:208} INFO - Processing /Users/francisayanbadejo/venvs_projects/my_proj/lib/python3.9/site-packages/airflow/example_dags/example_setup_teardown_taskflow.py took 0.052 seconds
[2025-04-23T04:37:33.170+0100] {processor.py:186} INFO - Started process (PID=72440) to work on /Users/francisayanbadejo/venvs_projects/my_proj/lib/python3.9/site-packages/airflow/example_dags/example_setup_teardown_taskflow.py
[2025-04-23T04:37:33.172+0100] {processor.py:914} INFO - Processing file /Users/francisayanbadejo/venvs_projects/my_proj/lib/python3.9/site-packages/airflow/example_dags/example_setup_teardown_taskflow.py for tasks to queue
[2025-04-23T04:37:33.173+0100] {logging_mixin.py:190} INFO - [2025-04-23T04:37:33.173+0100] {dagbag.py:588} INFO - Filling up the DagBag from /Users/francisayanbadejo/venvs_projects/my_proj/lib/python3.9/site-packages/airflow/example_dags/example_setup_teardown_taskflow.py
[2025-04-23T04:37:33.185+0100] {processor.py:925} INFO - DAG(s) 'example_setup_teardown_taskflow' retrieved from /Users/francisayanbadejo/venvs_projects/my_proj/lib/python3.9/site-packages/airflow/example_dags/example_setup_teardown_taskflow.py
[2025-04-23T04:37:33.219+0100] {logging_mixin.py:190} INFO - [2025-04-23T04:37:33.218+0100] {dag.py:3239} INFO - Sync 1 DAGs
[2025-04-23T04:37:33.223+0100] {logging_mixin.py:190} INFO - [2025-04-23T04:37:33.222+0100] {dag.py:4180} INFO - Setting next_dagrun for example_setup_teardown_taskflow to None, run_after=None
[2025-04-23T04:37:33.229+0100] {processor.py:208} INFO - Processing /Users/francisayanbadejo/venvs_projects/my_proj/lib/python3.9/site-packages/airflow/example_dags/example_setup_teardown_taskflow.py took 0.060 seconds
[2025-04-23T04:39:23.791+0100] {processor.py:186} INFO - Started process (PID=72631) to work on /Users/francisayanbadejo/venvs_projects/my_proj/lib/python3.9/site-packages/airflow/example_dags/example_setup_teardown_taskflow.py
[2025-04-23T04:39:23.792+0100] {processor.py:914} INFO - Processing file /Users/francisayanbadejo/venvs_projects/my_proj/lib/python3.9/site-packages/airflow/example_dags/example_setup_teardown_taskflow.py for tasks to queue
[2025-04-23T04:39:23.793+0100] {logging_mixin.py:190} INFO - [2025-04-23T04:39:23.793+0100] {dagbag.py:588} INFO - Filling up the DagBag from /Users/francisayanbadejo/venvs_projects/my_proj/lib/python3.9/site-packages/airflow/example_dags/example_setup_teardown_taskflow.py
[2025-04-23T04:39:23.803+0100] {processor.py:925} INFO - DAG(s) 'example_setup_teardown_taskflow' retrieved from /Users/francisayanbadejo/venvs_projects/my_proj/lib/python3.9/site-packages/airflow/example_dags/example_setup_teardown_taskflow.py
[2025-04-23T04:39:23.834+0100] {logging_mixin.py:190} INFO - [2025-04-23T04:39:23.834+0100] {dag.py:3239} INFO - Sync 1 DAGs
[2025-04-23T04:39:23.838+0100] {logging_mixin.py:190} INFO - [2025-04-23T04:39:23.838+0100] {dag.py:4180} INFO - Setting next_dagrun for example_setup_teardown_taskflow to None, run_after=None
[2025-04-23T04:39:23.842+0100] {processor.py:208} INFO - Processing /Users/francisayanbadejo/venvs_projects/my_proj/lib/python3.9/site-packages/airflow/example_dags/example_setup_teardown_taskflow.py took 0.053 seconds
[2025-04-23T04:41:10.329+0100] {processor.py:186} INFO - Started process (PID=72788) to work on /Users/francisayanbadejo/venvs_projects/my_proj/lib/python3.9/site-packages/airflow/example_dags/example_setup_teardown_taskflow.py
[2025-04-23T04:41:10.330+0100] {processor.py:914} INFO - Processing file /Users/francisayanbadejo/venvs_projects/my_proj/lib/python3.9/site-packages/airflow/example_dags/example_setup_teardown_taskflow.py for tasks to queue
[2025-04-23T04:41:10.330+0100] {logging_mixin.py:190} INFO - [2025-04-23T04:41:10.330+0100] {dagbag.py:588} INFO - Filling up the DagBag from /Users/francisayanbadejo/venvs_projects/my_proj/lib/python3.9/site-packages/airflow/example_dags/example_setup_teardown_taskflow.py
[2025-04-23T04:41:10.341+0100] {processor.py:925} INFO - DAG(s) 'example_setup_teardown_taskflow' retrieved from /Users/francisayanbadejo/venvs_projects/my_proj/lib/python3.9/site-packages/airflow/example_dags/example_setup_teardown_taskflow.py
[2025-04-23T04:41:10.371+0100] {logging_mixin.py:190} INFO - [2025-04-23T04:41:10.371+0100] {dag.py:3239} INFO - Sync 1 DAGs
[2025-04-23T04:41:10.375+0100] {logging_mixin.py:190} INFO - [2025-04-23T04:41:10.375+0100] {dag.py:4180} INFO - Setting next_dagrun for example_setup_teardown_taskflow to None, run_after=None
[2025-04-23T04:41:10.379+0100] {processor.py:208} INFO - Processing /Users/francisayanbadejo/venvs_projects/my_proj/lib/python3.9/site-packages/airflow/example_dags/example_setup_teardown_taskflow.py took 0.052 seconds
[2025-04-23T04:42:57.601+0100] {processor.py:186} INFO - Started process (PID=72941) to work on /Users/francisayanbadejo/venvs_projects/my_proj/lib/python3.9/site-packages/airflow/example_dags/example_setup_teardown_taskflow.py
[2025-04-23T04:42:57.603+0100] {processor.py:914} INFO - Processing file /Users/francisayanbadejo/venvs_projects/my_proj/lib/python3.9/site-packages/airflow/example_dags/example_setup_teardown_taskflow.py for tasks to queue
[2025-04-23T04:42:57.604+0100] {logging_mixin.py:190} INFO - [2025-04-23T04:42:57.604+0100] {dagbag.py:588} INFO - Filling up the DagBag from /Users/francisayanbadejo/venvs_projects/my_proj/lib/python3.9/site-packages/airflow/example_dags/example_setup_teardown_taskflow.py
[2025-04-23T04:42:57.614+0100] {processor.py:925} INFO - DAG(s) 'example_setup_teardown_taskflow' retrieved from /Users/francisayanbadejo/venvs_projects/my_proj/lib/python3.9/site-packages/airflow/example_dags/example_setup_teardown_taskflow.py
[2025-04-23T04:42:57.644+0100] {logging_mixin.py:190} INFO - [2025-04-23T04:42:57.644+0100] {dag.py:3239} INFO - Sync 1 DAGs
[2025-04-23T04:42:57.647+0100] {logging_mixin.py:190} INFO - [2025-04-23T04:42:57.647+0100] {dag.py:4180} INFO - Setting next_dagrun for example_setup_teardown_taskflow to None, run_after=None
[2025-04-23T04:42:57.652+0100] {processor.py:208} INFO - Processing /Users/francisayanbadejo/venvs_projects/my_proj/lib/python3.9/site-packages/airflow/example_dags/example_setup_teardown_taskflow.py took 0.052 seconds
[2025-04-23T04:44:43.415+0100] {processor.py:186} INFO - Started process (PID=73119) to work on /Users/francisayanbadejo/venvs_projects/my_proj/lib/python3.9/site-packages/airflow/example_dags/example_setup_teardown_taskflow.py
[2025-04-23T04:44:43.416+0100] {processor.py:914} INFO - Processing file /Users/francisayanbadejo/venvs_projects/my_proj/lib/python3.9/site-packages/airflow/example_dags/example_setup_teardown_taskflow.py for tasks to queue
[2025-04-23T04:44:43.417+0100] {logging_mixin.py:190} INFO - [2025-04-23T04:44:43.417+0100] {dagbag.py:588} INFO - Filling up the DagBag from /Users/francisayanbadejo/venvs_projects/my_proj/lib/python3.9/site-packages/airflow/example_dags/example_setup_teardown_taskflow.py
[2025-04-23T04:44:43.427+0100] {processor.py:925} INFO - DAG(s) 'example_setup_teardown_taskflow' retrieved from /Users/francisayanbadejo/venvs_projects/my_proj/lib/python3.9/site-packages/airflow/example_dags/example_setup_teardown_taskflow.py
[2025-04-23T04:44:43.458+0100] {logging_mixin.py:190} INFO - [2025-04-23T04:44:43.458+0100] {dag.py:3239} INFO - Sync 1 DAGs
[2025-04-23T04:44:43.461+0100] {logging_mixin.py:190} INFO - [2025-04-23T04:44:43.461+0100] {dag.py:4180} INFO - Setting next_dagrun for example_setup_teardown_taskflow to None, run_after=None
[2025-04-23T04:44:43.466+0100] {processor.py:208} INFO - Processing /Users/francisayanbadejo/venvs_projects/my_proj/lib/python3.9/site-packages/airflow/example_dags/example_setup_teardown_taskflow.py took 0.053 seconds
[2025-04-23T04:46:27.373+0100] {processor.py:186} INFO - Started process (PID=73295) to work on /Users/francisayanbadejo/venvs_projects/my_proj/lib/python3.9/site-packages/airflow/example_dags/example_setup_teardown_taskflow.py
[2025-04-23T04:46:27.374+0100] {processor.py:914} INFO - Processing file /Users/francisayanbadejo/venvs_projects/my_proj/lib/python3.9/site-packages/airflow/example_dags/example_setup_teardown_taskflow.py for tasks to queue
[2025-04-23T04:46:27.375+0100] {logging_mixin.py:190} INFO - [2025-04-23T04:46:27.375+0100] {dagbag.py:588} INFO - Filling up the DagBag from /Users/francisayanbadejo/venvs_projects/my_proj/lib/python3.9/site-packages/airflow/example_dags/example_setup_teardown_taskflow.py
[2025-04-23T04:46:27.385+0100] {processor.py:925} INFO - DAG(s) 'example_setup_teardown_taskflow' retrieved from /Users/francisayanbadejo/venvs_projects/my_proj/lib/python3.9/site-packages/airflow/example_dags/example_setup_teardown_taskflow.py
[2025-04-23T04:46:27.417+0100] {logging_mixin.py:190} INFO - [2025-04-23T04:46:27.417+0100] {dag.py:3239} INFO - Sync 1 DAGs
[2025-04-23T04:46:27.420+0100] {logging_mixin.py:190} INFO - [2025-04-23T04:46:27.420+0100] {dag.py:4180} INFO - Setting next_dagrun for example_setup_teardown_taskflow to None, run_after=None
[2025-04-23T04:46:27.425+0100] {processor.py:208} INFO - Processing /Users/francisayanbadejo/venvs_projects/my_proj/lib/python3.9/site-packages/airflow/example_dags/example_setup_teardown_taskflow.py took 0.054 seconds
[2025-04-23T04:48:18.064+0100] {processor.py:186} INFO - Started process (PID=73450) to work on /Users/francisayanbadejo/venvs_projects/my_proj/lib/python3.9/site-packages/airflow/example_dags/example_setup_teardown_taskflow.py
[2025-04-23T04:48:18.065+0100] {processor.py:914} INFO - Processing file /Users/francisayanbadejo/venvs_projects/my_proj/lib/python3.9/site-packages/airflow/example_dags/example_setup_teardown_taskflow.py for tasks to queue
[2025-04-23T04:48:18.066+0100] {logging_mixin.py:190} INFO - [2025-04-23T04:48:18.066+0100] {dagbag.py:588} INFO - Filling up the DagBag from /Users/francisayanbadejo/venvs_projects/my_proj/lib/python3.9/site-packages/airflow/example_dags/example_setup_teardown_taskflow.py
[2025-04-23T04:48:18.076+0100] {processor.py:925} INFO - DAG(s) 'example_setup_teardown_taskflow' retrieved from /Users/francisayanbadejo/venvs_projects/my_proj/lib/python3.9/site-packages/airflow/example_dags/example_setup_teardown_taskflow.py
[2025-04-23T04:48:18.107+0100] {logging_mixin.py:190} INFO - [2025-04-23T04:48:18.107+0100] {dag.py:3239} INFO - Sync 1 DAGs
[2025-04-23T04:48:18.111+0100] {logging_mixin.py:190} INFO - [2025-04-23T04:48:18.111+0100] {dag.py:4180} INFO - Setting next_dagrun for example_setup_teardown_taskflow to None, run_after=None
[2025-04-23T04:48:18.115+0100] {processor.py:208} INFO - Processing /Users/francisayanbadejo/venvs_projects/my_proj/lib/python3.9/site-packages/airflow/example_dags/example_setup_teardown_taskflow.py took 0.053 seconds
[2025-04-23T04:50:08.344+0100] {processor.py:186} INFO - Started process (PID=73609) to work on /Users/francisayanbadejo/venvs_projects/my_proj/lib/python3.9/site-packages/airflow/example_dags/example_setup_teardown_taskflow.py
[2025-04-23T04:50:08.345+0100] {processor.py:914} INFO - Processing file /Users/francisayanbadejo/venvs_projects/my_proj/lib/python3.9/site-packages/airflow/example_dags/example_setup_teardown_taskflow.py for tasks to queue
[2025-04-23T04:50:08.346+0100] {logging_mixin.py:190} INFO - [2025-04-23T04:50:08.346+0100] {dagbag.py:588} INFO - Filling up the DagBag from /Users/francisayanbadejo/venvs_projects/my_proj/lib/python3.9/site-packages/airflow/example_dags/example_setup_teardown_taskflow.py
[2025-04-23T04:50:08.356+0100] {processor.py:925} INFO - DAG(s) 'example_setup_teardown_taskflow' retrieved from /Users/francisayanbadejo/venvs_projects/my_proj/lib/python3.9/site-packages/airflow/example_dags/example_setup_teardown_taskflow.py
[2025-04-23T04:50:08.387+0100] {logging_mixin.py:190} INFO - [2025-04-23T04:50:08.386+0100] {dag.py:3239} INFO - Sync 1 DAGs
[2025-04-23T04:50:08.390+0100] {logging_mixin.py:190} INFO - [2025-04-23T04:50:08.390+0100] {dag.py:4180} INFO - Setting next_dagrun for example_setup_teardown_taskflow to None, run_after=None
[2025-04-23T04:50:08.395+0100] {processor.py:208} INFO - Processing /Users/francisayanbadejo/venvs_projects/my_proj/lib/python3.9/site-packages/airflow/example_dags/example_setup_teardown_taskflow.py took 0.052 seconds
[2025-04-23T04:51:58.503+0100] {processor.py:186} INFO - Started process (PID=73774) to work on /Users/francisayanbadejo/venvs_projects/my_proj/lib/python3.9/site-packages/airflow/example_dags/example_setup_teardown_taskflow.py
[2025-04-23T04:51:58.504+0100] {processor.py:914} INFO - Processing file /Users/francisayanbadejo/venvs_projects/my_proj/lib/python3.9/site-packages/airflow/example_dags/example_setup_teardown_taskflow.py for tasks to queue
[2025-04-23T04:51:58.505+0100] {logging_mixin.py:190} INFO - [2025-04-23T04:51:58.505+0100] {dagbag.py:588} INFO - Filling up the DagBag from /Users/francisayanbadejo/venvs_projects/my_proj/lib/python3.9/site-packages/airflow/example_dags/example_setup_teardown_taskflow.py
[2025-04-23T04:51:58.515+0100] {processor.py:925} INFO - DAG(s) 'example_setup_teardown_taskflow' retrieved from /Users/francisayanbadejo/venvs_projects/my_proj/lib/python3.9/site-packages/airflow/example_dags/example_setup_teardown_taskflow.py
[2025-04-23T04:51:58.546+0100] {logging_mixin.py:190} INFO - [2025-04-23T04:51:58.546+0100] {dag.py:3239} INFO - Sync 1 DAGs
[2025-04-23T04:51:58.550+0100] {logging_mixin.py:190} INFO - [2025-04-23T04:51:58.550+0100] {dag.py:4180} INFO - Setting next_dagrun for example_setup_teardown_taskflow to None, run_after=None
[2025-04-23T04:51:58.555+0100] {processor.py:208} INFO - Processing /Users/francisayanbadejo/venvs_projects/my_proj/lib/python3.9/site-packages/airflow/example_dags/example_setup_teardown_taskflow.py took 0.053 seconds
[2025-04-23T04:53:57.016+0100] {processor.py:186} INFO - Started process (PID=74056) to work on /Users/francisayanbadejo/venvs_projects/my_proj/lib/python3.9/site-packages/airflow/example_dags/example_setup_teardown_taskflow.py
[2025-04-23T04:53:57.017+0100] {processor.py:914} INFO - Processing file /Users/francisayanbadejo/venvs_projects/my_proj/lib/python3.9/site-packages/airflow/example_dags/example_setup_teardown_taskflow.py for tasks to queue
[2025-04-23T04:53:57.018+0100] {logging_mixin.py:190} INFO - [2025-04-23T04:53:57.018+0100] {dagbag.py:588} INFO - Filling up the DagBag from /Users/francisayanbadejo/venvs_projects/my_proj/lib/python3.9/site-packages/airflow/example_dags/example_setup_teardown_taskflow.py
[2025-04-23T04:53:57.030+0100] {processor.py:925} INFO - DAG(s) 'example_setup_teardown_taskflow' retrieved from /Users/francisayanbadejo/venvs_projects/my_proj/lib/python3.9/site-packages/airflow/example_dags/example_setup_teardown_taskflow.py
[2025-04-23T04:53:57.063+0100] {logging_mixin.py:190} INFO - [2025-04-23T04:53:57.062+0100] {dag.py:3239} INFO - Sync 1 DAGs
[2025-04-23T04:53:57.066+0100] {logging_mixin.py:190} INFO - [2025-04-23T04:53:57.066+0100] {dag.py:4180} INFO - Setting next_dagrun for example_setup_teardown_taskflow to None, run_after=None
[2025-04-23T04:53:57.071+0100] {processor.py:208} INFO - Processing /Users/francisayanbadejo/venvs_projects/my_proj/lib/python3.9/site-packages/airflow/example_dags/example_setup_teardown_taskflow.py took 0.057 seconds
[2025-04-23T04:55:49.884+0100] {processor.py:186} INFO - Started process (PID=74314) to work on /Users/francisayanbadejo/venvs_projects/my_proj/lib/python3.9/site-packages/airflow/example_dags/example_setup_teardown_taskflow.py
[2025-04-23T04:55:49.885+0100] {processor.py:914} INFO - Processing file /Users/francisayanbadejo/venvs_projects/my_proj/lib/python3.9/site-packages/airflow/example_dags/example_setup_teardown_taskflow.py for tasks to queue
[2025-04-23T04:55:49.886+0100] {logging_mixin.py:190} INFO - [2025-04-23T04:55:49.886+0100] {dagbag.py:588} INFO - Filling up the DagBag from /Users/francisayanbadejo/venvs_projects/my_proj/lib/python3.9/site-packages/airflow/example_dags/example_setup_teardown_taskflow.py
[2025-04-23T04:55:49.896+0100] {processor.py:925} INFO - DAG(s) 'example_setup_teardown_taskflow' retrieved from /Users/francisayanbadejo/venvs_projects/my_proj/lib/python3.9/site-packages/airflow/example_dags/example_setup_teardown_taskflow.py
[2025-04-23T04:55:49.927+0100] {logging_mixin.py:190} INFO - [2025-04-23T04:55:49.927+0100] {dag.py:3239} INFO - Sync 1 DAGs
[2025-04-23T04:55:49.931+0100] {logging_mixin.py:190} INFO - [2025-04-23T04:55:49.931+0100] {dag.py:4180} INFO - Setting next_dagrun for example_setup_teardown_taskflow to None, run_after=None
[2025-04-23T04:55:49.936+0100] {processor.py:208} INFO - Processing /Users/francisayanbadejo/venvs_projects/my_proj/lib/python3.9/site-packages/airflow/example_dags/example_setup_teardown_taskflow.py took 0.053 seconds
[2025-04-23T04:57:43.607+0100] {processor.py:186} INFO - Started process (PID=74630) to work on /Users/francisayanbadejo/venvs_projects/my_proj/lib/python3.9/site-packages/airflow/example_dags/example_setup_teardown_taskflow.py
[2025-04-23T04:57:43.608+0100] {processor.py:914} INFO - Processing file /Users/francisayanbadejo/venvs_projects/my_proj/lib/python3.9/site-packages/airflow/example_dags/example_setup_teardown_taskflow.py for tasks to queue
[2025-04-23T04:57:43.609+0100] {logging_mixin.py:190} INFO - [2025-04-23T04:57:43.609+0100] {dagbag.py:588} INFO - Filling up the DagBag from /Users/francisayanbadejo/venvs_projects/my_proj/lib/python3.9/site-packages/airflow/example_dags/example_setup_teardown_taskflow.py
[2025-04-23T04:57:43.620+0100] {processor.py:925} INFO - DAG(s) 'example_setup_teardown_taskflow' retrieved from /Users/francisayanbadejo/venvs_projects/my_proj/lib/python3.9/site-packages/airflow/example_dags/example_setup_teardown_taskflow.py
[2025-04-23T04:57:43.652+0100] {logging_mixin.py:190} INFO - [2025-04-23T04:57:43.651+0100] {dag.py:3239} INFO - Sync 1 DAGs
[2025-04-23T04:57:43.655+0100] {logging_mixin.py:190} INFO - [2025-04-23T04:57:43.655+0100] {dag.py:4180} INFO - Setting next_dagrun for example_setup_teardown_taskflow to None, run_after=None
[2025-04-23T04:57:43.660+0100] {processor.py:208} INFO - Processing /Users/francisayanbadejo/venvs_projects/my_proj/lib/python3.9/site-packages/airflow/example_dags/example_setup_teardown_taskflow.py took 0.054 seconds
[2025-04-23T04:59:31.334+0100] {processor.py:186} INFO - Started process (PID=74872) to work on /Users/francisayanbadejo/venvs_projects/my_proj/lib/python3.9/site-packages/airflow/example_dags/example_setup_teardown_taskflow.py
[2025-04-23T04:59:31.336+0100] {processor.py:914} INFO - Processing file /Users/francisayanbadejo/venvs_projects/my_proj/lib/python3.9/site-packages/airflow/example_dags/example_setup_teardown_taskflow.py for tasks to queue
[2025-04-23T04:59:31.337+0100] {logging_mixin.py:190} INFO - [2025-04-23T04:59:31.337+0100] {dagbag.py:588} INFO - Filling up the DagBag from /Users/francisayanbadejo/venvs_projects/my_proj/lib/python3.9/site-packages/airflow/example_dags/example_setup_teardown_taskflow.py
[2025-04-23T04:59:31.347+0100] {processor.py:925} INFO - DAG(s) 'example_setup_teardown_taskflow' retrieved from /Users/francisayanbadejo/venvs_projects/my_proj/lib/python3.9/site-packages/airflow/example_dags/example_setup_teardown_taskflow.py
[2025-04-23T04:59:31.379+0100] {logging_mixin.py:190} INFO - [2025-04-23T04:59:31.379+0100] {dag.py:3239} INFO - Sync 1 DAGs
[2025-04-23T04:59:31.382+0100] {logging_mixin.py:190} INFO - [2025-04-23T04:59:31.382+0100] {dag.py:4180} INFO - Setting next_dagrun for example_setup_teardown_taskflow to None, run_after=None
[2025-04-23T04:59:31.387+0100] {processor.py:208} INFO - Processing /Users/francisayanbadejo/venvs_projects/my_proj/lib/python3.9/site-packages/airflow/example_dags/example_setup_teardown_taskflow.py took 0.054 seconds
[2025-04-23T05:01:19.575+0100] {processor.py:186} INFO - Started process (PID=75109) to work on /Users/francisayanbadejo/venvs_projects/my_proj/lib/python3.9/site-packages/airflow/example_dags/example_setup_teardown_taskflow.py
[2025-04-23T05:01:19.577+0100] {processor.py:914} INFO - Processing file /Users/francisayanbadejo/venvs_projects/my_proj/lib/python3.9/site-packages/airflow/example_dags/example_setup_teardown_taskflow.py for tasks to queue
[2025-04-23T05:01:19.578+0100] {logging_mixin.py:190} INFO - [2025-04-23T05:01:19.578+0100] {dagbag.py:588} INFO - Filling up the DagBag from /Users/francisayanbadejo/venvs_projects/my_proj/lib/python3.9/site-packages/airflow/example_dags/example_setup_teardown_taskflow.py
[2025-04-23T05:01:19.588+0100] {processor.py:925} INFO - DAG(s) 'example_setup_teardown_taskflow' retrieved from /Users/francisayanbadejo/venvs_projects/my_proj/lib/python3.9/site-packages/airflow/example_dags/example_setup_teardown_taskflow.py
[2025-04-23T05:01:19.620+0100] {logging_mixin.py:190} INFO - [2025-04-23T05:01:19.620+0100] {dag.py:3239} INFO - Sync 1 DAGs
[2025-04-23T05:01:19.623+0100] {logging_mixin.py:190} INFO - [2025-04-23T05:01:19.623+0100] {dag.py:4180} INFO - Setting next_dagrun for example_setup_teardown_taskflow to None, run_after=None
[2025-04-23T05:01:19.628+0100] {processor.py:208} INFO - Processing /Users/francisayanbadejo/venvs_projects/my_proj/lib/python3.9/site-packages/airflow/example_dags/example_setup_teardown_taskflow.py took 0.054 seconds
[2025-04-23T05:03:11.729+0100] {processor.py:186} INFO - Started process (PID=75354) to work on /Users/francisayanbadejo/venvs_projects/my_proj/lib/python3.9/site-packages/airflow/example_dags/example_setup_teardown_taskflow.py
[2025-04-23T05:03:11.731+0100] {processor.py:914} INFO - Processing file /Users/francisayanbadejo/venvs_projects/my_proj/lib/python3.9/site-packages/airflow/example_dags/example_setup_teardown_taskflow.py for tasks to queue
[2025-04-23T05:03:11.731+0100] {logging_mixin.py:190} INFO - [2025-04-23T05:03:11.731+0100] {dagbag.py:588} INFO - Filling up the DagBag from /Users/francisayanbadejo/venvs_projects/my_proj/lib/python3.9/site-packages/airflow/example_dags/example_setup_teardown_taskflow.py
[2025-04-23T05:03:11.743+0100] {processor.py:925} INFO - DAG(s) 'example_setup_teardown_taskflow' retrieved from /Users/francisayanbadejo/venvs_projects/my_proj/lib/python3.9/site-packages/airflow/example_dags/example_setup_teardown_taskflow.py
[2025-04-23T05:03:11.776+0100] {logging_mixin.py:190} INFO - [2025-04-23T05:03:11.776+0100] {dag.py:3239} INFO - Sync 1 DAGs
[2025-04-23T05:03:11.780+0100] {logging_mixin.py:190} INFO - [2025-04-23T05:03:11.780+0100] {dag.py:4180} INFO - Setting next_dagrun for example_setup_teardown_taskflow to None, run_after=None
[2025-04-23T05:03:11.785+0100] {processor.py:208} INFO - Processing /Users/francisayanbadejo/venvs_projects/my_proj/lib/python3.9/site-packages/airflow/example_dags/example_setup_teardown_taskflow.py took 0.057 seconds
[2025-04-23T05:05:02.319+0100] {processor.py:186} INFO - Started process (PID=75606) to work on /Users/francisayanbadejo/venvs_projects/my_proj/lib/python3.9/site-packages/airflow/example_dags/example_setup_teardown_taskflow.py
[2025-04-23T05:05:02.319+0100] {processor.py:914} INFO - Processing file /Users/francisayanbadejo/venvs_projects/my_proj/lib/python3.9/site-packages/airflow/example_dags/example_setup_teardown_taskflow.py for tasks to queue
[2025-04-23T05:05:02.320+0100] {logging_mixin.py:190} INFO - [2025-04-23T05:05:02.320+0100] {dagbag.py:588} INFO - Filling up the DagBag from /Users/francisayanbadejo/venvs_projects/my_proj/lib/python3.9/site-packages/airflow/example_dags/example_setup_teardown_taskflow.py
[2025-04-23T05:05:02.331+0100] {processor.py:925} INFO - DAG(s) 'example_setup_teardown_taskflow' retrieved from /Users/francisayanbadejo/venvs_projects/my_proj/lib/python3.9/site-packages/airflow/example_dags/example_setup_teardown_taskflow.py
[2025-04-23T05:05:02.364+0100] {logging_mixin.py:190} INFO - [2025-04-23T05:05:02.363+0100] {dag.py:3239} INFO - Sync 1 DAGs
[2025-04-23T05:05:02.367+0100] {logging_mixin.py:190} INFO - [2025-04-23T05:05:02.367+0100] {dag.py:4180} INFO - Setting next_dagrun for example_setup_teardown_taskflow to None, run_after=None
[2025-04-23T05:05:02.372+0100] {processor.py:208} INFO - Processing /Users/francisayanbadejo/venvs_projects/my_proj/lib/python3.9/site-packages/airflow/example_dags/example_setup_teardown_taskflow.py took 0.054 seconds
[2025-04-23T05:06:50.845+0100] {processor.py:186} INFO - Started process (PID=75850) to work on /Users/francisayanbadejo/venvs_projects/my_proj/lib/python3.9/site-packages/airflow/example_dags/example_setup_teardown_taskflow.py
[2025-04-23T05:06:50.846+0100] {processor.py:914} INFO - Processing file /Users/francisayanbadejo/venvs_projects/my_proj/lib/python3.9/site-packages/airflow/example_dags/example_setup_teardown_taskflow.py for tasks to queue
[2025-04-23T05:06:50.847+0100] {logging_mixin.py:190} INFO - [2025-04-23T05:06:50.847+0100] {dagbag.py:588} INFO - Filling up the DagBag from /Users/francisayanbadejo/venvs_projects/my_proj/lib/python3.9/site-packages/airflow/example_dags/example_setup_teardown_taskflow.py
[2025-04-23T05:06:50.857+0100] {processor.py:925} INFO - DAG(s) 'example_setup_teardown_taskflow' retrieved from /Users/francisayanbadejo/venvs_projects/my_proj/lib/python3.9/site-packages/airflow/example_dags/example_setup_teardown_taskflow.py
[2025-04-23T05:06:50.889+0100] {logging_mixin.py:190} INFO - [2025-04-23T05:06:50.888+0100] {dag.py:3239} INFO - Sync 1 DAGs
[2025-04-23T05:06:50.892+0100] {logging_mixin.py:190} INFO - [2025-04-23T05:06:50.892+0100] {dag.py:4180} INFO - Setting next_dagrun for example_setup_teardown_taskflow to None, run_after=None
[2025-04-23T05:06:50.897+0100] {processor.py:208} INFO - Processing /Users/francisayanbadejo/venvs_projects/my_proj/lib/python3.9/site-packages/airflow/example_dags/example_setup_teardown_taskflow.py took 0.054 seconds
[2025-04-23T05:08:45.850+0100] {processor.py:186} INFO - Started process (PID=76145) to work on /Users/francisayanbadejo/venvs_projects/my_proj/lib/python3.9/site-packages/airflow/example_dags/example_setup_teardown_taskflow.py
[2025-04-23T05:08:45.851+0100] {processor.py:914} INFO - Processing file /Users/francisayanbadejo/venvs_projects/my_proj/lib/python3.9/site-packages/airflow/example_dags/example_setup_teardown_taskflow.py for tasks to queue
[2025-04-23T05:08:45.852+0100] {logging_mixin.py:190} INFO - [2025-04-23T05:08:45.852+0100] {dagbag.py:588} INFO - Filling up the DagBag from /Users/francisayanbadejo/venvs_projects/my_proj/lib/python3.9/site-packages/airflow/example_dags/example_setup_teardown_taskflow.py
[2025-04-23T05:08:45.862+0100] {processor.py:925} INFO - DAG(s) 'example_setup_teardown_taskflow' retrieved from /Users/francisayanbadejo/venvs_projects/my_proj/lib/python3.9/site-packages/airflow/example_dags/example_setup_teardown_taskflow.py
[2025-04-23T05:08:45.893+0100] {logging_mixin.py:190} INFO - [2025-04-23T05:08:45.893+0100] {dag.py:3239} INFO - Sync 1 DAGs
[2025-04-23T05:08:45.897+0100] {logging_mixin.py:190} INFO - [2025-04-23T05:08:45.897+0100] {dag.py:4180} INFO - Setting next_dagrun for example_setup_teardown_taskflow to None, run_after=None
[2025-04-23T05:08:45.902+0100] {processor.py:208} INFO - Processing /Users/francisayanbadejo/venvs_projects/my_proj/lib/python3.9/site-packages/airflow/example_dags/example_setup_teardown_taskflow.py took 0.053 seconds
[2025-04-23T05:18:52.825+0100] {processor.py:186} INFO - Started process (PID=77346) to work on /Users/francisayanbadejo/venvs_projects/my_proj/lib/python3.9/site-packages/airflow/example_dags/example_setup_teardown_taskflow.py
[2025-04-23T05:18:52.830+0100] {processor.py:914} INFO - Processing file /Users/francisayanbadejo/venvs_projects/my_proj/lib/python3.9/site-packages/airflow/example_dags/example_setup_teardown_taskflow.py for tasks to queue
[2025-04-23T05:18:52.831+0100] {logging_mixin.py:190} INFO - [2025-04-23T05:18:52.831+0100] {dagbag.py:588} INFO - Filling up the DagBag from /Users/francisayanbadejo/venvs_projects/my_proj/lib/python3.9/site-packages/airflow/example_dags/example_setup_teardown_taskflow.py
[2025-04-23T05:18:52.843+0100] {processor.py:925} INFO - DAG(s) 'example_setup_teardown_taskflow' retrieved from /Users/francisayanbadejo/venvs_projects/my_proj/lib/python3.9/site-packages/airflow/example_dags/example_setup_teardown_taskflow.py
[2025-04-23T05:18:52.876+0100] {logging_mixin.py:190} INFO - [2025-04-23T05:18:52.876+0100] {dag.py:3239} INFO - Sync 1 DAGs
[2025-04-23T05:18:52.879+0100] {logging_mixin.py:190} INFO - [2025-04-23T05:18:52.879+0100] {dag.py:4180} INFO - Setting next_dagrun for example_setup_teardown_taskflow to None, run_after=None
[2025-04-23T05:18:52.884+0100] {processor.py:208} INFO - Processing /Users/francisayanbadejo/venvs_projects/my_proj/lib/python3.9/site-packages/airflow/example_dags/example_setup_teardown_taskflow.py took 0.061 seconds
[2025-04-23T05:20:21.299+0100] {processor.py:186} INFO - Started process (PID=77501) to work on /Users/francisayanbadejo/venvs_projects/my_proj/lib/python3.9/site-packages/airflow/example_dags/example_setup_teardown_taskflow.py
[2025-04-23T05:20:21.300+0100] {processor.py:914} INFO - Processing file /Users/francisayanbadejo/venvs_projects/my_proj/lib/python3.9/site-packages/airflow/example_dags/example_setup_teardown_taskflow.py for tasks to queue
[2025-04-23T05:20:21.301+0100] {logging_mixin.py:190} INFO - [2025-04-23T05:20:21.301+0100] {dagbag.py:588} INFO - Filling up the DagBag from /Users/francisayanbadejo/venvs_projects/my_proj/lib/python3.9/site-packages/airflow/example_dags/example_setup_teardown_taskflow.py
[2025-04-23T05:20:21.311+0100] {processor.py:925} INFO - DAG(s) 'example_setup_teardown_taskflow' retrieved from /Users/francisayanbadejo/venvs_projects/my_proj/lib/python3.9/site-packages/airflow/example_dags/example_setup_teardown_taskflow.py
[2025-04-23T05:20:21.342+0100] {logging_mixin.py:190} INFO - [2025-04-23T05:20:21.342+0100] {dag.py:3239} INFO - Sync 1 DAGs
[2025-04-23T05:20:21.346+0100] {logging_mixin.py:190} INFO - [2025-04-23T05:20:21.346+0100] {dag.py:4180} INFO - Setting next_dagrun for example_setup_teardown_taskflow to None, run_after=None
[2025-04-23T05:20:21.350+0100] {processor.py:208} INFO - Processing /Users/francisayanbadejo/venvs_projects/my_proj/lib/python3.9/site-packages/airflow/example_dags/example_setup_teardown_taskflow.py took 0.052 seconds
[2025-04-23T12:30:24.344+0100] {processor.py:186} INFO - Started process (PID=86401) to work on /Users/francisayanbadejo/venvs_projects/my_proj/lib/python3.9/site-packages/airflow/example_dags/example_setup_teardown_taskflow.py
[2025-04-23T12:30:24.346+0100] {processor.py:914} INFO - Processing file /Users/francisayanbadejo/venvs_projects/my_proj/lib/python3.9/site-packages/airflow/example_dags/example_setup_teardown_taskflow.py for tasks to queue
[2025-04-23T12:30:24.347+0100] {logging_mixin.py:190} INFO - [2025-04-23T12:30:24.346+0100] {dagbag.py:588} INFO - Filling up the DagBag from /Users/francisayanbadejo/venvs_projects/my_proj/lib/python3.9/site-packages/airflow/example_dags/example_setup_teardown_taskflow.py
[2025-04-23T12:30:24.359+0100] {processor.py:925} INFO - DAG(s) 'example_setup_teardown_taskflow' retrieved from /Users/francisayanbadejo/venvs_projects/my_proj/lib/python3.9/site-packages/airflow/example_dags/example_setup_teardown_taskflow.py
[2025-04-23T12:30:24.396+0100] {logging_mixin.py:190} INFO - [2025-04-23T12:30:24.396+0100] {dag.py:3239} INFO - Sync 1 DAGs
[2025-04-23T12:30:24.400+0100] {logging_mixin.py:190} INFO - [2025-04-23T12:30:24.400+0100] {dag.py:4180} INFO - Setting next_dagrun for example_setup_teardown_taskflow to None, run_after=None
[2025-04-23T12:30:24.406+0100] {processor.py:208} INFO - Processing /Users/francisayanbadejo/venvs_projects/my_proj/lib/python3.9/site-packages/airflow/example_dags/example_setup_teardown_taskflow.py took 0.063 seconds
