[2025-04-23T03:45:25.001+0100] {processor.py:186} INFO - Started process (PID=64401) to work on /Users/francisayanbadejo/venvs_projects/my_proj/lib/python3.9/site-packages/airflow/example_dags/example_branch_operator.py
[2025-04-23T03:45:25.002+0100] {processor.py:914} INFO - Processing file /Users/francisayanbadejo/venvs_projects/my_proj/lib/python3.9/site-packages/airflow/example_dags/example_branch_operator.py for tasks to queue
[2025-04-23T03:45:25.003+0100] {logging_mixin.py:190} INFO - [2025-04-23T03:45:25.003+0100] {dagbag.py:588} INFO - Filling up the DagBag from /Users/francisayanbadejo/venvs_projects/my_proj/lib/python3.9/site-packages/airflow/example_dags/example_branch_operator.py
[2025-04-23T03:45:25.009+0100] {processor.py:927} WARNING - No viable dags retrieved from /Users/francisayanbadejo/venvs_projects/my_proj/lib/python3.9/site-packages/airflow/example_dags/example_branch_operator.py
[2025-04-23T03:45:25.036+0100] {processor.py:208} INFO - Processing /Users/francisayanbadejo/venvs_projects/my_proj/lib/python3.9/site-packages/airflow/example_dags/example_branch_operator.py took 0.037 seconds
[2025-04-23T03:47:18.717+0100] {processor.py:186} INFO - Started process (PID=64652) to work on /Users/francisayanbadejo/venvs_projects/my_proj/lib/python3.9/site-packages/airflow/example_dags/example_branch_operator.py
[2025-04-23T03:47:18.718+0100] {processor.py:914} INFO - Processing file /Users/francisayanbadejo/venvs_projects/my_proj/lib/python3.9/site-packages/airflow/example_dags/example_branch_operator.py for tasks to queue
[2025-04-23T03:47:18.719+0100] {logging_mixin.py:190} INFO - [2025-04-23T03:47:18.719+0100] {dagbag.py:588} INFO - Filling up the DagBag from /Users/francisayanbadejo/venvs_projects/my_proj/lib/python3.9/site-packages/airflow/example_dags/example_branch_operator.py
[2025-04-23T03:47:18.725+0100] {processor.py:927} WARNING - No viable dags retrieved from /Users/francisayanbadejo/venvs_projects/my_proj/lib/python3.9/site-packages/airflow/example_dags/example_branch_operator.py
[2025-04-23T03:47:18.752+0100] {processor.py:208} INFO - Processing /Users/francisayanbadejo/venvs_projects/my_proj/lib/python3.9/site-packages/airflow/example_dags/example_branch_operator.py took 0.036 seconds
[2025-04-23T03:49:09.202+0100] {processor.py:186} INFO - Started process (PID=64893) to work on /Users/francisayanbadejo/venvs_projects/my_proj/lib/python3.9/site-packages/airflow/example_dags/example_branch_operator.py
[2025-04-23T03:49:09.203+0100] {processor.py:914} INFO - Processing file /Users/francisayanbadejo/venvs_projects/my_proj/lib/python3.9/site-packages/airflow/example_dags/example_branch_operator.py for tasks to queue
[2025-04-23T03:49:09.203+0100] {logging_mixin.py:190} INFO - [2025-04-23T03:49:09.203+0100] {dagbag.py:588} INFO - Filling up the DagBag from /Users/francisayanbadejo/venvs_projects/my_proj/lib/python3.9/site-packages/airflow/example_dags/example_branch_operator.py
[2025-04-23T03:49:09.210+0100] {processor.py:927} WARNING - No viable dags retrieved from /Users/francisayanbadejo/venvs_projects/my_proj/lib/python3.9/site-packages/airflow/example_dags/example_branch_operator.py
[2025-04-23T03:49:09.239+0100] {processor.py:208} INFO - Processing /Users/francisayanbadejo/venvs_projects/my_proj/lib/python3.9/site-packages/airflow/example_dags/example_branch_operator.py took 0.039 seconds
[2025-04-23T03:51:00.156+0100] {processor.py:186} INFO - Started process (PID=65141) to work on /Users/francisayanbadejo/venvs_projects/my_proj/lib/python3.9/site-packages/airflow/example_dags/example_branch_operator.py
[2025-04-23T03:51:00.157+0100] {processor.py:914} INFO - Processing file /Users/francisayanbadejo/venvs_projects/my_proj/lib/python3.9/site-packages/airflow/example_dags/example_branch_operator.py for tasks to queue
[2025-04-23T03:51:00.158+0100] {logging_mixin.py:190} INFO - [2025-04-23T03:51:00.158+0100] {dagbag.py:588} INFO - Filling up the DagBag from /Users/francisayanbadejo/venvs_projects/my_proj/lib/python3.9/site-packages/airflow/example_dags/example_branch_operator.py
[2025-04-23T03:51:00.163+0100] {processor.py:927} WARNING - No viable dags retrieved from /Users/francisayanbadejo/venvs_projects/my_proj/lib/python3.9/site-packages/airflow/example_dags/example_branch_operator.py
[2025-04-23T03:51:00.191+0100] {processor.py:208} INFO - Processing /Users/francisayanbadejo/venvs_projects/my_proj/lib/python3.9/site-packages/airflow/example_dags/example_branch_operator.py took 0.037 seconds
[2025-04-23T03:52:55.344+0100] {processor.py:186} INFO - Started process (PID=65394) to work on /Users/francisayanbadejo/venvs_projects/my_proj/lib/python3.9/site-packages/airflow/example_dags/example_branch_operator.py
[2025-04-23T03:52:55.345+0100] {processor.py:914} INFO - Processing file /Users/francisayanbadejo/venvs_projects/my_proj/lib/python3.9/site-packages/airflow/example_dags/example_branch_operator.py for tasks to queue
[2025-04-23T03:52:55.345+0100] {logging_mixin.py:190} INFO - [2025-04-23T03:52:55.345+0100] {dagbag.py:588} INFO - Filling up the DagBag from /Users/francisayanbadejo/venvs_projects/my_proj/lib/python3.9/site-packages/airflow/example_dags/example_branch_operator.py
[2025-04-23T03:52:55.351+0100] {processor.py:927} WARNING - No viable dags retrieved from /Users/francisayanbadejo/venvs_projects/my_proj/lib/python3.9/site-packages/airflow/example_dags/example_branch_operator.py
[2025-04-23T03:52:55.378+0100] {processor.py:208} INFO - Processing /Users/francisayanbadejo/venvs_projects/my_proj/lib/python3.9/site-packages/airflow/example_dags/example_branch_operator.py took 0.036 seconds
[2025-04-23T03:54:53.123+0100] {processor.py:186} INFO - Started process (PID=65652) to work on /Users/francisayanbadejo/venvs_projects/my_proj/lib/python3.9/site-packages/airflow/example_dags/example_branch_operator.py
[2025-04-23T03:54:53.124+0100] {processor.py:914} INFO - Processing file /Users/francisayanbadejo/venvs_projects/my_proj/lib/python3.9/site-packages/airflow/example_dags/example_branch_operator.py for tasks to queue
[2025-04-23T03:54:53.125+0100] {logging_mixin.py:190} INFO - [2025-04-23T03:54:53.125+0100] {dagbag.py:588} INFO - Filling up the DagBag from /Users/francisayanbadejo/venvs_projects/my_proj/lib/python3.9/site-packages/airflow/example_dags/example_branch_operator.py
[2025-04-23T03:54:53.130+0100] {processor.py:927} WARNING - No viable dags retrieved from /Users/francisayanbadejo/venvs_projects/my_proj/lib/python3.9/site-packages/airflow/example_dags/example_branch_operator.py
[2025-04-23T03:54:53.158+0100] {processor.py:208} INFO - Processing /Users/francisayanbadejo/venvs_projects/my_proj/lib/python3.9/site-packages/airflow/example_dags/example_branch_operator.py took 0.036 seconds
[2025-04-23T03:56:50.264+0100] {processor.py:186} INFO - Started process (PID=65904) to work on /Users/francisayanbadejo/venvs_projects/my_proj/lib/python3.9/site-packages/airflow/example_dags/example_branch_operator.py
[2025-04-23T03:56:50.265+0100] {processor.py:914} INFO - Processing file /Users/francisayanbadejo/venvs_projects/my_proj/lib/python3.9/site-packages/airflow/example_dags/example_branch_operator.py for tasks to queue
[2025-04-23T03:56:50.266+0100] {logging_mixin.py:190} INFO - [2025-04-23T03:56:50.266+0100] {dagbag.py:588} INFO - Filling up the DagBag from /Users/francisayanbadejo/venvs_projects/my_proj/lib/python3.9/site-packages/airflow/example_dags/example_branch_operator.py
[2025-04-23T03:56:50.271+0100] {processor.py:927} WARNING - No viable dags retrieved from /Users/francisayanbadejo/venvs_projects/my_proj/lib/python3.9/site-packages/airflow/example_dags/example_branch_operator.py
[2025-04-23T03:56:50.299+0100] {processor.py:208} INFO - Processing /Users/francisayanbadejo/venvs_projects/my_proj/lib/python3.9/site-packages/airflow/example_dags/example_branch_operator.py took 0.037 seconds
[2025-04-23T03:58:52.833+0100] {processor.py:186} INFO - Started process (PID=66141) to work on /Users/francisayanbadejo/venvs_projects/my_proj/lib/python3.9/site-packages/airflow/example_dags/example_branch_operator.py
[2025-04-23T03:58:52.834+0100] {processor.py:914} INFO - Processing file /Users/francisayanbadejo/venvs_projects/my_proj/lib/python3.9/site-packages/airflow/example_dags/example_branch_operator.py for tasks to queue
[2025-04-23T03:58:52.834+0100] {logging_mixin.py:190} INFO - [2025-04-23T03:58:52.834+0100] {dagbag.py:588} INFO - Filling up the DagBag from /Users/francisayanbadejo/venvs_projects/my_proj/lib/python3.9/site-packages/airflow/example_dags/example_branch_operator.py
[2025-04-23T03:58:52.841+0100] {processor.py:927} WARNING - No viable dags retrieved from /Users/francisayanbadejo/venvs_projects/my_proj/lib/python3.9/site-packages/airflow/example_dags/example_branch_operator.py
[2025-04-23T03:58:52.872+0100] {processor.py:208} INFO - Processing /Users/francisayanbadejo/venvs_projects/my_proj/lib/python3.9/site-packages/airflow/example_dags/example_branch_operator.py took 0.040 seconds
[2025-04-23T04:01:02.169+0100] {processor.py:186} INFO - Started process (PID=66364) to work on /Users/francisayanbadejo/venvs_projects/my_proj/lib/python3.9/site-packages/airflow/example_dags/example_branch_operator.py
[2025-04-23T04:01:02.170+0100] {processor.py:914} INFO - Processing file /Users/francisayanbadejo/venvs_projects/my_proj/lib/python3.9/site-packages/airflow/example_dags/example_branch_operator.py for tasks to queue
[2025-04-23T04:01:02.170+0100] {logging_mixin.py:190} INFO - [2025-04-23T04:01:02.170+0100] {dagbag.py:588} INFO - Filling up the DagBag from /Users/francisayanbadejo/venvs_projects/my_proj/lib/python3.9/site-packages/airflow/example_dags/example_branch_operator.py
[2025-04-23T04:01:02.182+0100] {processor.py:927} WARNING - No viable dags retrieved from /Users/francisayanbadejo/venvs_projects/my_proj/lib/python3.9/site-packages/airflow/example_dags/example_branch_operator.py
[2025-04-23T04:01:02.216+0100] {processor.py:208} INFO - Processing /Users/francisayanbadejo/venvs_projects/my_proj/lib/python3.9/site-packages/airflow/example_dags/example_branch_operator.py took 0.048 seconds
[2025-04-23T04:02:51.692+0100] {processor.py:186} INFO - Started process (PID=66563) to work on /Users/francisayanbadejo/venvs_projects/my_proj/lib/python3.9/site-packages/airflow/example_dags/example_branch_operator.py
[2025-04-23T04:02:51.693+0100] {processor.py:914} INFO - Processing file /Users/francisayanbadejo/venvs_projects/my_proj/lib/python3.9/site-packages/airflow/example_dags/example_branch_operator.py for tasks to queue
[2025-04-23T04:02:51.694+0100] {logging_mixin.py:190} INFO - [2025-04-23T04:02:51.694+0100] {dagbag.py:588} INFO - Filling up the DagBag from /Users/francisayanbadejo/venvs_projects/my_proj/lib/python3.9/site-packages/airflow/example_dags/example_branch_operator.py
[2025-04-23T04:02:51.699+0100] {processor.py:927} WARNING - No viable dags retrieved from /Users/francisayanbadejo/venvs_projects/my_proj/lib/python3.9/site-packages/airflow/example_dags/example_branch_operator.py
[2025-04-23T04:02:51.727+0100] {processor.py:208} INFO - Processing /Users/francisayanbadejo/venvs_projects/my_proj/lib/python3.9/site-packages/airflow/example_dags/example_branch_operator.py took 0.036 seconds
[2025-04-23T04:04:48.894+0100] {processor.py:186} INFO - Started process (PID=66820) to work on /Users/francisayanbadejo/venvs_projects/my_proj/lib/python3.9/site-packages/airflow/example_dags/example_branch_operator.py
[2025-04-23T04:04:48.895+0100] {processor.py:914} INFO - Processing file /Users/francisayanbadejo/venvs_projects/my_proj/lib/python3.9/site-packages/airflow/example_dags/example_branch_operator.py for tasks to queue
[2025-04-23T04:04:48.895+0100] {logging_mixin.py:190} INFO - [2025-04-23T04:04:48.895+0100] {dagbag.py:588} INFO - Filling up the DagBag from /Users/francisayanbadejo/venvs_projects/my_proj/lib/python3.9/site-packages/airflow/example_dags/example_branch_operator.py
[2025-04-23T04:04:48.901+0100] {processor.py:927} WARNING - No viable dags retrieved from /Users/francisayanbadejo/venvs_projects/my_proj/lib/python3.9/site-packages/airflow/example_dags/example_branch_operator.py
[2025-04-23T04:04:48.929+0100] {processor.py:208} INFO - Processing /Users/francisayanbadejo/venvs_projects/my_proj/lib/python3.9/site-packages/airflow/example_dags/example_branch_operator.py took 0.036 seconds
[2025-04-23T04:06:45.623+0100] {processor.py:186} INFO - Started process (PID=67037) to work on /Users/francisayanbadejo/venvs_projects/my_proj/lib/python3.9/site-packages/airflow/example_dags/example_branch_operator.py
[2025-04-23T04:06:45.623+0100] {processor.py:914} INFO - Processing file /Users/francisayanbadejo/venvs_projects/my_proj/lib/python3.9/site-packages/airflow/example_dags/example_branch_operator.py for tasks to queue
[2025-04-23T04:06:45.623+0100] {logging_mixin.py:190} INFO - [2025-04-23T04:06:45.623+0100] {dagbag.py:588} INFO - Filling up the DagBag from /Users/francisayanbadejo/venvs_projects/my_proj/lib/python3.9/site-packages/airflow/example_dags/example_branch_operator.py
[2025-04-23T04:06:45.629+0100] {processor.py:927} WARNING - No viable dags retrieved from /Users/francisayanbadejo/venvs_projects/my_proj/lib/python3.9/site-packages/airflow/example_dags/example_branch_operator.py
[2025-04-23T04:06:45.658+0100] {processor.py:208} INFO - Processing /Users/francisayanbadejo/venvs_projects/my_proj/lib/python3.9/site-packages/airflow/example_dags/example_branch_operator.py took 0.037 seconds
[2025-04-23T04:19:31.375+0100] {processor.py:186} INFO - Started process (PID=69021) to work on /Users/francisayanbadejo/venvs_projects/my_proj/lib/python3.9/site-packages/airflow/example_dags/example_branch_operator.py
[2025-04-23T04:19:31.376+0100] {processor.py:914} INFO - Processing file /Users/francisayanbadejo/venvs_projects/my_proj/lib/python3.9/site-packages/airflow/example_dags/example_branch_operator.py for tasks to queue
[2025-04-23T04:19:31.377+0100] {logging_mixin.py:190} INFO - [2025-04-23T04:19:31.377+0100] {dagbag.py:588} INFO - Filling up the DagBag from /Users/francisayanbadejo/venvs_projects/my_proj/lib/python3.9/site-packages/airflow/example_dags/example_branch_operator.py
[2025-04-23T04:19:31.383+0100] {processor.py:927} WARNING - No viable dags retrieved from /Users/francisayanbadejo/venvs_projects/my_proj/lib/python3.9/site-packages/airflow/example_dags/example_branch_operator.py
[2025-04-23T04:19:31.410+0100] {processor.py:208} INFO - Processing /Users/francisayanbadejo/venvs_projects/my_proj/lib/python3.9/site-packages/airflow/example_dags/example_branch_operator.py took 0.035 seconds
[2025-04-23T04:22:16.180+0100] {processor.py:186} INFO - Started process (PID=69610) to work on /Users/francisayanbadejo/venvs_projects/my_proj/lib/python3.9/site-packages/airflow/example_dags/example_branch_operator.py
[2025-04-23T04:22:16.181+0100] {processor.py:914} INFO - Processing file /Users/francisayanbadejo/venvs_projects/my_proj/lib/python3.9/site-packages/airflow/example_dags/example_branch_operator.py for tasks to queue
[2025-04-23T04:22:16.182+0100] {logging_mixin.py:190} INFO - [2025-04-23T04:22:16.182+0100] {dagbag.py:588} INFO - Filling up the DagBag from /Users/francisayanbadejo/venvs_projects/my_proj/lib/python3.9/site-packages/airflow/example_dags/example_branch_operator.py
[2025-04-23T04:22:16.187+0100] {processor.py:927} WARNING - No viable dags retrieved from /Users/francisayanbadejo/venvs_projects/my_proj/lib/python3.9/site-packages/airflow/example_dags/example_branch_operator.py
[2025-04-23T04:22:16.216+0100] {processor.py:208} INFO - Processing /Users/francisayanbadejo/venvs_projects/my_proj/lib/python3.9/site-packages/airflow/example_dags/example_branch_operator.py took 0.037 seconds
[2025-04-23T04:24:11.410+0100] {processor.py:186} INFO - Started process (PID=69921) to work on /Users/francisayanbadejo/venvs_projects/my_proj/lib/python3.9/site-packages/airflow/example_dags/example_branch_operator.py
[2025-04-23T04:24:11.411+0100] {processor.py:914} INFO - Processing file /Users/francisayanbadejo/venvs_projects/my_proj/lib/python3.9/site-packages/airflow/example_dags/example_branch_operator.py for tasks to queue
[2025-04-23T04:24:11.412+0100] {logging_mixin.py:190} INFO - [2025-04-23T04:24:11.412+0100] {dagbag.py:588} INFO - Filling up the DagBag from /Users/francisayanbadejo/venvs_projects/my_proj/lib/python3.9/site-packages/airflow/example_dags/example_branch_operator.py
[2025-04-23T04:24:11.417+0100] {processor.py:927} WARNING - No viable dags retrieved from /Users/francisayanbadejo/venvs_projects/my_proj/lib/python3.9/site-packages/airflow/example_dags/example_branch_operator.py
[2025-04-23T04:24:11.446+0100] {processor.py:208} INFO - Processing /Users/francisayanbadejo/venvs_projects/my_proj/lib/python3.9/site-packages/airflow/example_dags/example_branch_operator.py took 0.037 seconds
[2025-04-23T04:26:39.057+0100] {processor.py:186} INFO - Started process (PID=70667) to work on /Users/francisayanbadejo/venvs_projects/my_proj/lib/python3.9/site-packages/airflow/example_dags/example_branch_operator.py
[2025-04-23T04:26:39.058+0100] {processor.py:914} INFO - Processing file /Users/francisayanbadejo/venvs_projects/my_proj/lib/python3.9/site-packages/airflow/example_dags/example_branch_operator.py for tasks to queue
[2025-04-23T04:26:39.058+0100] {logging_mixin.py:190} INFO - [2025-04-23T04:26:39.058+0100] {dagbag.py:588} INFO - Filling up the DagBag from /Users/francisayanbadejo/venvs_projects/my_proj/lib/python3.9/site-packages/airflow/example_dags/example_branch_operator.py
[2025-04-23T04:26:39.064+0100] {processor.py:927} WARNING - No viable dags retrieved from /Users/francisayanbadejo/venvs_projects/my_proj/lib/python3.9/site-packages/airflow/example_dags/example_branch_operator.py
[2025-04-23T04:26:39.092+0100] {processor.py:208} INFO - Processing /Users/francisayanbadejo/venvs_projects/my_proj/lib/python3.9/site-packages/airflow/example_dags/example_branch_operator.py took 0.036 seconds
[2025-04-23T04:29:04.426+0100] {processor.py:186} INFO - Started process (PID=71350) to work on /Users/francisayanbadejo/venvs_projects/my_proj/lib/python3.9/site-packages/airflow/example_dags/example_branch_operator.py
[2025-04-23T04:29:04.427+0100] {processor.py:914} INFO - Processing file /Users/francisayanbadejo/venvs_projects/my_proj/lib/python3.9/site-packages/airflow/example_dags/example_branch_operator.py for tasks to queue
[2025-04-23T04:29:04.427+0100] {logging_mixin.py:190} INFO - [2025-04-23T04:29:04.427+0100] {dagbag.py:588} INFO - Filling up the DagBag from /Users/francisayanbadejo/venvs_projects/my_proj/lib/python3.9/site-packages/airflow/example_dags/example_branch_operator.py
[2025-04-23T04:29:04.433+0100] {processor.py:927} WARNING - No viable dags retrieved from /Users/francisayanbadejo/venvs_projects/my_proj/lib/python3.9/site-packages/airflow/example_dags/example_branch_operator.py
[2025-04-23T04:29:04.463+0100] {processor.py:208} INFO - Processing /Users/francisayanbadejo/venvs_projects/my_proj/lib/python3.9/site-packages/airflow/example_dags/example_branch_operator.py took 0.039 seconds
[2025-04-23T04:30:58.591+0100] {processor.py:186} INFO - Started process (PID=71657) to work on /Users/francisayanbadejo/venvs_projects/my_proj/lib/python3.9/site-packages/airflow/example_dags/example_branch_operator.py
[2025-04-23T04:30:58.592+0100] {processor.py:914} INFO - Processing file /Users/francisayanbadejo/venvs_projects/my_proj/lib/python3.9/site-packages/airflow/example_dags/example_branch_operator.py for tasks to queue
[2025-04-23T04:30:58.593+0100] {logging_mixin.py:190} INFO - [2025-04-23T04:30:58.593+0100] {dagbag.py:588} INFO - Filling up the DagBag from /Users/francisayanbadejo/venvs_projects/my_proj/lib/python3.9/site-packages/airflow/example_dags/example_branch_operator.py
[2025-04-23T04:30:58.598+0100] {processor.py:927} WARNING - No viable dags retrieved from /Users/francisayanbadejo/venvs_projects/my_proj/lib/python3.9/site-packages/airflow/example_dags/example_branch_operator.py
[2025-04-23T04:30:58.627+0100] {processor.py:208} INFO - Processing /Users/francisayanbadejo/venvs_projects/my_proj/lib/python3.9/site-packages/airflow/example_dags/example_branch_operator.py took 0.036 seconds
[2025-04-23T04:33:45.980+0100] {processor.py:186} INFO - Started process (PID=71936) to work on /Users/francisayanbadejo/venvs_projects/my_proj/lib/python3.9/site-packages/airflow/example_dags/example_branch_operator.py
[2025-04-23T04:33:45.981+0100] {processor.py:914} INFO - Processing file /Users/francisayanbadejo/venvs_projects/my_proj/lib/python3.9/site-packages/airflow/example_dags/example_branch_operator.py for tasks to queue
[2025-04-23T04:33:45.982+0100] {logging_mixin.py:190} INFO - [2025-04-23T04:33:45.982+0100] {dagbag.py:588} INFO - Filling up the DagBag from /Users/francisayanbadejo/venvs_projects/my_proj/lib/python3.9/site-packages/airflow/example_dags/example_branch_operator.py
[2025-04-23T04:33:45.987+0100] {processor.py:927} WARNING - No viable dags retrieved from /Users/francisayanbadejo/venvs_projects/my_proj/lib/python3.9/site-packages/airflow/example_dags/example_branch_operator.py
[2025-04-23T04:33:46.015+0100] {processor.py:208} INFO - Processing /Users/francisayanbadejo/venvs_projects/my_proj/lib/python3.9/site-packages/airflow/example_dags/example_branch_operator.py took 0.036 seconds
[2025-04-23T04:35:50.852+0100] {processor.py:186} INFO - Started process (PID=72215) to work on /Users/francisayanbadejo/venvs_projects/my_proj/lib/python3.9/site-packages/airflow/example_dags/example_branch_operator.py
[2025-04-23T04:35:50.854+0100] {processor.py:914} INFO - Processing file /Users/francisayanbadejo/venvs_projects/my_proj/lib/python3.9/site-packages/airflow/example_dags/example_branch_operator.py for tasks to queue
[2025-04-23T04:35:50.854+0100] {logging_mixin.py:190} INFO - [2025-04-23T04:35:50.854+0100] {dagbag.py:588} INFO - Filling up the DagBag from /Users/francisayanbadejo/venvs_projects/my_proj/lib/python3.9/site-packages/airflow/example_dags/example_branch_operator.py
[2025-04-23T04:35:50.860+0100] {processor.py:927} WARNING - No viable dags retrieved from /Users/francisayanbadejo/venvs_projects/my_proj/lib/python3.9/site-packages/airflow/example_dags/example_branch_operator.py
[2025-04-23T04:35:50.888+0100] {processor.py:208} INFO - Processing /Users/francisayanbadejo/venvs_projects/my_proj/lib/python3.9/site-packages/airflow/example_dags/example_branch_operator.py took 0.037 seconds
[2025-04-23T04:37:42.186+0100] {processor.py:186} INFO - Started process (PID=72460) to work on /Users/francisayanbadejo/venvs_projects/my_proj/lib/python3.9/site-packages/airflow/example_dags/example_branch_operator.py
[2025-04-23T04:37:42.187+0100] {processor.py:914} INFO - Processing file /Users/francisayanbadejo/venvs_projects/my_proj/lib/python3.9/site-packages/airflow/example_dags/example_branch_operator.py for tasks to queue
[2025-04-23T04:37:42.188+0100] {logging_mixin.py:190} INFO - [2025-04-23T04:37:42.188+0100] {dagbag.py:588} INFO - Filling up the DagBag from /Users/francisayanbadejo/venvs_projects/my_proj/lib/python3.9/site-packages/airflow/example_dags/example_branch_operator.py
[2025-04-23T04:37:42.194+0100] {processor.py:927} WARNING - No viable dags retrieved from /Users/francisayanbadejo/venvs_projects/my_proj/lib/python3.9/site-packages/airflow/example_dags/example_branch_operator.py
[2025-04-23T04:37:42.221+0100] {processor.py:208} INFO - Processing /Users/francisayanbadejo/venvs_projects/my_proj/lib/python3.9/site-packages/airflow/example_dags/example_branch_operator.py took 0.036 seconds
[2025-04-23T04:39:34.340+0100] {processor.py:186} INFO - Started process (PID=72645) to work on /Users/francisayanbadejo/venvs_projects/my_proj/lib/python3.9/site-packages/airflow/example_dags/example_branch_operator.py
[2025-04-23T04:39:34.341+0100] {processor.py:914} INFO - Processing file /Users/francisayanbadejo/venvs_projects/my_proj/lib/python3.9/site-packages/airflow/example_dags/example_branch_operator.py for tasks to queue
[2025-04-23T04:39:34.342+0100] {logging_mixin.py:190} INFO - [2025-04-23T04:39:34.342+0100] {dagbag.py:588} INFO - Filling up the DagBag from /Users/francisayanbadejo/venvs_projects/my_proj/lib/python3.9/site-packages/airflow/example_dags/example_branch_operator.py
[2025-04-23T04:39:34.347+0100] {processor.py:927} WARNING - No viable dags retrieved from /Users/francisayanbadejo/venvs_projects/my_proj/lib/python3.9/site-packages/airflow/example_dags/example_branch_operator.py
[2025-04-23T04:39:34.375+0100] {processor.py:208} INFO - Processing /Users/francisayanbadejo/venvs_projects/my_proj/lib/python3.9/site-packages/airflow/example_dags/example_branch_operator.py took 0.036 seconds
[2025-04-23T04:41:20.889+0100] {processor.py:186} INFO - Started process (PID=72802) to work on /Users/francisayanbadejo/venvs_projects/my_proj/lib/python3.9/site-packages/airflow/example_dags/example_branch_operator.py
[2025-04-23T04:41:20.890+0100] {processor.py:914} INFO - Processing file /Users/francisayanbadejo/venvs_projects/my_proj/lib/python3.9/site-packages/airflow/example_dags/example_branch_operator.py for tasks to queue
[2025-04-23T04:41:20.890+0100] {logging_mixin.py:190} INFO - [2025-04-23T04:41:20.890+0100] {dagbag.py:588} INFO - Filling up the DagBag from /Users/francisayanbadejo/venvs_projects/my_proj/lib/python3.9/site-packages/airflow/example_dags/example_branch_operator.py
[2025-04-23T04:41:20.896+0100] {processor.py:927} WARNING - No viable dags retrieved from /Users/francisayanbadejo/venvs_projects/my_proj/lib/python3.9/site-packages/airflow/example_dags/example_branch_operator.py
[2025-04-23T04:41:20.923+0100] {processor.py:208} INFO - Processing /Users/francisayanbadejo/venvs_projects/my_proj/lib/python3.9/site-packages/airflow/example_dags/example_branch_operator.py took 0.035 seconds
[2025-04-23T04:43:07.259+0100] {processor.py:186} INFO - Started process (PID=72955) to work on /Users/francisayanbadejo/venvs_projects/my_proj/lib/python3.9/site-packages/airflow/example_dags/example_branch_operator.py
[2025-04-23T04:43:07.260+0100] {processor.py:914} INFO - Processing file /Users/francisayanbadejo/venvs_projects/my_proj/lib/python3.9/site-packages/airflow/example_dags/example_branch_operator.py for tasks to queue
[2025-04-23T04:43:07.261+0100] {logging_mixin.py:190} INFO - [2025-04-23T04:43:07.261+0100] {dagbag.py:588} INFO - Filling up the DagBag from /Users/francisayanbadejo/venvs_projects/my_proj/lib/python3.9/site-packages/airflow/example_dags/example_branch_operator.py
[2025-04-23T04:43:07.267+0100] {processor.py:927} WARNING - No viable dags retrieved from /Users/francisayanbadejo/venvs_projects/my_proj/lib/python3.9/site-packages/airflow/example_dags/example_branch_operator.py
[2025-04-23T04:43:07.294+0100] {processor.py:208} INFO - Processing /Users/francisayanbadejo/venvs_projects/my_proj/lib/python3.9/site-packages/airflow/example_dags/example_branch_operator.py took 0.037 seconds
[2025-04-23T04:44:52.422+0100] {processor.py:186} INFO - Started process (PID=73133) to work on /Users/francisayanbadejo/venvs_projects/my_proj/lib/python3.9/site-packages/airflow/example_dags/example_branch_operator.py
[2025-04-23T04:44:52.423+0100] {processor.py:914} INFO - Processing file /Users/francisayanbadejo/venvs_projects/my_proj/lib/python3.9/site-packages/airflow/example_dags/example_branch_operator.py for tasks to queue
[2025-04-23T04:44:52.424+0100] {logging_mixin.py:190} INFO - [2025-04-23T04:44:52.424+0100] {dagbag.py:588} INFO - Filling up the DagBag from /Users/francisayanbadejo/venvs_projects/my_proj/lib/python3.9/site-packages/airflow/example_dags/example_branch_operator.py
[2025-04-23T04:44:52.429+0100] {processor.py:927} WARNING - No viable dags retrieved from /Users/francisayanbadejo/venvs_projects/my_proj/lib/python3.9/site-packages/airflow/example_dags/example_branch_operator.py
[2025-04-23T04:44:52.456+0100] {processor.py:208} INFO - Processing /Users/francisayanbadejo/venvs_projects/my_proj/lib/python3.9/site-packages/airflow/example_dags/example_branch_operator.py took 0.036 seconds
[2025-04-23T04:46:37.926+0100] {processor.py:186} INFO - Started process (PID=73309) to work on /Users/francisayanbadejo/venvs_projects/my_proj/lib/python3.9/site-packages/airflow/example_dags/example_branch_operator.py
[2025-04-23T04:46:37.927+0100] {processor.py:914} INFO - Processing file /Users/francisayanbadejo/venvs_projects/my_proj/lib/python3.9/site-packages/airflow/example_dags/example_branch_operator.py for tasks to queue
[2025-04-23T04:46:37.928+0100] {logging_mixin.py:190} INFO - [2025-04-23T04:46:37.928+0100] {dagbag.py:588} INFO - Filling up the DagBag from /Users/francisayanbadejo/venvs_projects/my_proj/lib/python3.9/site-packages/airflow/example_dags/example_branch_operator.py
[2025-04-23T04:46:37.933+0100] {processor.py:927} WARNING - No viable dags retrieved from /Users/francisayanbadejo/venvs_projects/my_proj/lib/python3.9/site-packages/airflow/example_dags/example_branch_operator.py
[2025-04-23T04:46:37.961+0100] {processor.py:208} INFO - Processing /Users/francisayanbadejo/venvs_projects/my_proj/lib/python3.9/site-packages/airflow/example_dags/example_branch_operator.py took 0.036 seconds
[2025-04-23T04:48:27.757+0100] {processor.py:186} INFO - Started process (PID=73465) to work on /Users/francisayanbadejo/venvs_projects/my_proj/lib/python3.9/site-packages/airflow/example_dags/example_branch_operator.py
[2025-04-23T04:48:27.758+0100] {processor.py:914} INFO - Processing file /Users/francisayanbadejo/venvs_projects/my_proj/lib/python3.9/site-packages/airflow/example_dags/example_branch_operator.py for tasks to queue
[2025-04-23T04:48:27.759+0100] {logging_mixin.py:190} INFO - [2025-04-23T04:48:27.759+0100] {dagbag.py:588} INFO - Filling up the DagBag from /Users/francisayanbadejo/venvs_projects/my_proj/lib/python3.9/site-packages/airflow/example_dags/example_branch_operator.py
[2025-04-23T04:48:27.765+0100] {processor.py:927} WARNING - No viable dags retrieved from /Users/francisayanbadejo/venvs_projects/my_proj/lib/python3.9/site-packages/airflow/example_dags/example_branch_operator.py
[2025-04-23T04:48:27.792+0100] {processor.py:208} INFO - Processing /Users/francisayanbadejo/venvs_projects/my_proj/lib/python3.9/site-packages/airflow/example_dags/example_branch_operator.py took 0.036 seconds
[2025-04-23T04:50:18.021+0100] {processor.py:186} INFO - Started process (PID=73623) to work on /Users/francisayanbadejo/venvs_projects/my_proj/lib/python3.9/site-packages/airflow/example_dags/example_branch_operator.py
[2025-04-23T04:50:18.022+0100] {processor.py:914} INFO - Processing file /Users/francisayanbadejo/venvs_projects/my_proj/lib/python3.9/site-packages/airflow/example_dags/example_branch_operator.py for tasks to queue
[2025-04-23T04:50:18.023+0100] {logging_mixin.py:190} INFO - [2025-04-23T04:50:18.023+0100] {dagbag.py:588} INFO - Filling up the DagBag from /Users/francisayanbadejo/venvs_projects/my_proj/lib/python3.9/site-packages/airflow/example_dags/example_branch_operator.py
[2025-04-23T04:50:18.028+0100] {processor.py:927} WARNING - No viable dags retrieved from /Users/francisayanbadejo/venvs_projects/my_proj/lib/python3.9/site-packages/airflow/example_dags/example_branch_operator.py
[2025-04-23T04:50:18.056+0100] {processor.py:208} INFO - Processing /Users/francisayanbadejo/venvs_projects/my_proj/lib/python3.9/site-packages/airflow/example_dags/example_branch_operator.py took 0.036 seconds
[2025-04-23T04:52:09.229+0100] {processor.py:186} INFO - Started process (PID=73792) to work on /Users/francisayanbadejo/venvs_projects/my_proj/lib/python3.9/site-packages/airflow/example_dags/example_branch_operator.py
[2025-04-23T04:52:09.230+0100] {processor.py:914} INFO - Processing file /Users/francisayanbadejo/venvs_projects/my_proj/lib/python3.9/site-packages/airflow/example_dags/example_branch_operator.py for tasks to queue
[2025-04-23T04:52:09.231+0100] {logging_mixin.py:190} INFO - [2025-04-23T04:52:09.231+0100] {dagbag.py:588} INFO - Filling up the DagBag from /Users/francisayanbadejo/venvs_projects/my_proj/lib/python3.9/site-packages/airflow/example_dags/example_branch_operator.py
[2025-04-23T04:52:09.236+0100] {processor.py:927} WARNING - No viable dags retrieved from /Users/francisayanbadejo/venvs_projects/my_proj/lib/python3.9/site-packages/airflow/example_dags/example_branch_operator.py
[2025-04-23T04:52:09.263+0100] {processor.py:208} INFO - Processing /Users/francisayanbadejo/venvs_projects/my_proj/lib/python3.9/site-packages/airflow/example_dags/example_branch_operator.py took 0.035 seconds
[2025-04-23T04:54:09.319+0100] {processor.py:186} INFO - Started process (PID=74095) to work on /Users/francisayanbadejo/venvs_projects/my_proj/lib/python3.9/site-packages/airflow/example_dags/example_branch_operator.py
[2025-04-23T04:54:09.320+0100] {processor.py:914} INFO - Processing file /Users/francisayanbadejo/venvs_projects/my_proj/lib/python3.9/site-packages/airflow/example_dags/example_branch_operator.py for tasks to queue
[2025-04-23T04:54:09.320+0100] {logging_mixin.py:190} INFO - [2025-04-23T04:54:09.320+0100] {dagbag.py:588} INFO - Filling up the DagBag from /Users/francisayanbadejo/venvs_projects/my_proj/lib/python3.9/site-packages/airflow/example_dags/example_branch_operator.py
[2025-04-23T04:54:09.326+0100] {processor.py:927} WARNING - No viable dags retrieved from /Users/francisayanbadejo/venvs_projects/my_proj/lib/python3.9/site-packages/airflow/example_dags/example_branch_operator.py
[2025-04-23T04:54:09.354+0100] {processor.py:208} INFO - Processing /Users/francisayanbadejo/venvs_projects/my_proj/lib/python3.9/site-packages/airflow/example_dags/example_branch_operator.py took 0.037 seconds
[2025-04-23T04:56:02.173+0100] {processor.py:186} INFO - Started process (PID=74339) to work on /Users/francisayanbadejo/venvs_projects/my_proj/lib/python3.9/site-packages/airflow/example_dags/example_branch_operator.py
[2025-04-23T04:56:02.174+0100] {processor.py:914} INFO - Processing file /Users/francisayanbadejo/venvs_projects/my_proj/lib/python3.9/site-packages/airflow/example_dags/example_branch_operator.py for tasks to queue
[2025-04-23T04:56:02.175+0100] {logging_mixin.py:190} INFO - [2025-04-23T04:56:02.175+0100] {dagbag.py:588} INFO - Filling up the DagBag from /Users/francisayanbadejo/venvs_projects/my_proj/lib/python3.9/site-packages/airflow/example_dags/example_branch_operator.py
[2025-04-23T04:56:02.180+0100] {processor.py:927} WARNING - No viable dags retrieved from /Users/francisayanbadejo/venvs_projects/my_proj/lib/python3.9/site-packages/airflow/example_dags/example_branch_operator.py
[2025-04-23T04:56:02.209+0100] {processor.py:208} INFO - Processing /Users/francisayanbadejo/venvs_projects/my_proj/lib/python3.9/site-packages/airflow/example_dags/example_branch_operator.py took 0.037 seconds
[2025-04-23T04:57:55.016+0100] {processor.py:186} INFO - Started process (PID=74658) to work on /Users/francisayanbadejo/venvs_projects/my_proj/lib/python3.9/site-packages/airflow/example_dags/example_branch_operator.py
[2025-04-23T04:57:55.018+0100] {processor.py:914} INFO - Processing file /Users/francisayanbadejo/venvs_projects/my_proj/lib/python3.9/site-packages/airflow/example_dags/example_branch_operator.py for tasks to queue
[2025-04-23T04:57:55.019+0100] {logging_mixin.py:190} INFO - [2025-04-23T04:57:55.019+0100] {dagbag.py:588} INFO - Filling up the DagBag from /Users/francisayanbadejo/venvs_projects/my_proj/lib/python3.9/site-packages/airflow/example_dags/example_branch_operator.py
[2025-04-23T04:57:55.024+0100] {processor.py:927} WARNING - No viable dags retrieved from /Users/francisayanbadejo/venvs_projects/my_proj/lib/python3.9/site-packages/airflow/example_dags/example_branch_operator.py
[2025-04-23T04:57:55.053+0100] {processor.py:208} INFO - Processing /Users/francisayanbadejo/venvs_projects/my_proj/lib/python3.9/site-packages/airflow/example_dags/example_branch_operator.py took 0.038 seconds
[2025-04-23T04:59:42.779+0100] {processor.py:186} INFO - Started process (PID=74896) to work on /Users/francisayanbadejo/venvs_projects/my_proj/lib/python3.9/site-packages/airflow/example_dags/example_branch_operator.py
[2025-04-23T04:59:42.780+0100] {processor.py:914} INFO - Processing file /Users/francisayanbadejo/venvs_projects/my_proj/lib/python3.9/site-packages/airflow/example_dags/example_branch_operator.py for tasks to queue
[2025-04-23T04:59:42.781+0100] {logging_mixin.py:190} INFO - [2025-04-23T04:59:42.781+0100] {dagbag.py:588} INFO - Filling up the DagBag from /Users/francisayanbadejo/venvs_projects/my_proj/lib/python3.9/site-packages/airflow/example_dags/example_branch_operator.py
[2025-04-23T04:59:42.787+0100] {processor.py:927} WARNING - No viable dags retrieved from /Users/francisayanbadejo/venvs_projects/my_proj/lib/python3.9/site-packages/airflow/example_dags/example_branch_operator.py
[2025-04-23T04:59:42.814+0100] {processor.py:208} INFO - Processing /Users/francisayanbadejo/venvs_projects/my_proj/lib/python3.9/site-packages/airflow/example_dags/example_branch_operator.py took 0.036 seconds
[2025-04-23T05:01:30.922+0100] {processor.py:186} INFO - Started process (PID=75135) to work on /Users/francisayanbadejo/venvs_projects/my_proj/lib/python3.9/site-packages/airflow/example_dags/example_branch_operator.py
[2025-04-23T05:01:30.923+0100] {processor.py:914} INFO - Processing file /Users/francisayanbadejo/venvs_projects/my_proj/lib/python3.9/site-packages/airflow/example_dags/example_branch_operator.py for tasks to queue
[2025-04-23T05:01:30.924+0100] {logging_mixin.py:190} INFO - [2025-04-23T05:01:30.924+0100] {dagbag.py:588} INFO - Filling up the DagBag from /Users/francisayanbadejo/venvs_projects/my_proj/lib/python3.9/site-packages/airflow/example_dags/example_branch_operator.py
[2025-04-23T05:01:30.930+0100] {processor.py:927} WARNING - No viable dags retrieved from /Users/francisayanbadejo/venvs_projects/my_proj/lib/python3.9/site-packages/airflow/example_dags/example_branch_operator.py
[2025-04-23T05:01:30.958+0100] {processor.py:208} INFO - Processing /Users/francisayanbadejo/venvs_projects/my_proj/lib/python3.9/site-packages/airflow/example_dags/example_branch_operator.py took 0.037 seconds
[2025-04-23T05:03:23.288+0100] {processor.py:186} INFO - Started process (PID=75385) to work on /Users/francisayanbadejo/venvs_projects/my_proj/lib/python3.9/site-packages/airflow/example_dags/example_branch_operator.py
[2025-04-23T05:03:23.290+0100] {processor.py:914} INFO - Processing file /Users/francisayanbadejo/venvs_projects/my_proj/lib/python3.9/site-packages/airflow/example_dags/example_branch_operator.py for tasks to queue
[2025-04-23T05:03:23.290+0100] {logging_mixin.py:190} INFO - [2025-04-23T05:03:23.290+0100] {dagbag.py:588} INFO - Filling up the DagBag from /Users/francisayanbadejo/venvs_projects/my_proj/lib/python3.9/site-packages/airflow/example_dags/example_branch_operator.py
[2025-04-23T05:03:23.296+0100] {processor.py:927} WARNING - No viable dags retrieved from /Users/francisayanbadejo/venvs_projects/my_proj/lib/python3.9/site-packages/airflow/example_dags/example_branch_operator.py
[2025-04-23T05:03:23.324+0100] {processor.py:208} INFO - Processing /Users/francisayanbadejo/venvs_projects/my_proj/lib/python3.9/site-packages/airflow/example_dags/example_branch_operator.py took 0.038 seconds
[2025-04-23T05:05:14.270+0100] {processor.py:186} INFO - Started process (PID=75635) to work on /Users/francisayanbadejo/venvs_projects/my_proj/lib/python3.9/site-packages/airflow/example_dags/example_branch_operator.py
[2025-04-23T05:05:14.271+0100] {processor.py:914} INFO - Processing file /Users/francisayanbadejo/venvs_projects/my_proj/lib/python3.9/site-packages/airflow/example_dags/example_branch_operator.py for tasks to queue
[2025-04-23T05:05:14.271+0100] {logging_mixin.py:190} INFO - [2025-04-23T05:05:14.271+0100] {dagbag.py:588} INFO - Filling up the DagBag from /Users/francisayanbadejo/venvs_projects/my_proj/lib/python3.9/site-packages/airflow/example_dags/example_branch_operator.py
[2025-04-23T05:05:14.277+0100] {processor.py:927} WARNING - No viable dags retrieved from /Users/francisayanbadejo/venvs_projects/my_proj/lib/python3.9/site-packages/airflow/example_dags/example_branch_operator.py
[2025-04-23T05:05:14.305+0100] {processor.py:208} INFO - Processing /Users/francisayanbadejo/venvs_projects/my_proj/lib/python3.9/site-packages/airflow/example_dags/example_branch_operator.py took 0.037 seconds
[2025-04-23T05:07:00.536+0100] {processor.py:186} INFO - Started process (PID=75871) to work on /Users/francisayanbadejo/venvs_projects/my_proj/lib/python3.9/site-packages/airflow/example_dags/example_branch_operator.py
[2025-04-23T05:07:00.537+0100] {processor.py:914} INFO - Processing file /Users/francisayanbadejo/venvs_projects/my_proj/lib/python3.9/site-packages/airflow/example_dags/example_branch_operator.py for tasks to queue
[2025-04-23T05:07:00.537+0100] {logging_mixin.py:190} INFO - [2025-04-23T05:07:00.537+0100] {dagbag.py:588} INFO - Filling up the DagBag from /Users/francisayanbadejo/venvs_projects/my_proj/lib/python3.9/site-packages/airflow/example_dags/example_branch_operator.py
[2025-04-23T05:07:00.543+0100] {processor.py:927} WARNING - No viable dags retrieved from /Users/francisayanbadejo/venvs_projects/my_proj/lib/python3.9/site-packages/airflow/example_dags/example_branch_operator.py
[2025-04-23T05:07:00.573+0100] {processor.py:208} INFO - Processing /Users/francisayanbadejo/venvs_projects/my_proj/lib/python3.9/site-packages/airflow/example_dags/example_branch_operator.py took 0.038 seconds
[2025-04-23T05:08:58.187+0100] {processor.py:186} INFO - Started process (PID=76244) to work on /Users/francisayanbadejo/venvs_projects/my_proj/lib/python3.9/site-packages/airflow/example_dags/example_branch_operator.py
[2025-04-23T05:08:58.189+0100] {processor.py:914} INFO - Processing file /Users/francisayanbadejo/venvs_projects/my_proj/lib/python3.9/site-packages/airflow/example_dags/example_branch_operator.py for tasks to queue
[2025-04-23T05:08:58.189+0100] {logging_mixin.py:190} INFO - [2025-04-23T05:08:58.189+0100] {dagbag.py:588} INFO - Filling up the DagBag from /Users/francisayanbadejo/venvs_projects/my_proj/lib/python3.9/site-packages/airflow/example_dags/example_branch_operator.py
[2025-04-23T05:08:58.195+0100] {processor.py:927} WARNING - No viable dags retrieved from /Users/francisayanbadejo/venvs_projects/my_proj/lib/python3.9/site-packages/airflow/example_dags/example_branch_operator.py
[2025-04-23T05:08:58.225+0100] {processor.py:208} INFO - Processing /Users/francisayanbadejo/venvs_projects/my_proj/lib/python3.9/site-packages/airflow/example_dags/example_branch_operator.py took 0.038 seconds
[2025-04-23T05:19:33.675+0100] {processor.py:186} INFO - Started process (PID=77419) to work on /Users/francisayanbadejo/venvs_projects/my_proj/lib/python3.9/site-packages/airflow/example_dags/example_branch_operator.py
[2025-04-23T05:19:33.676+0100] {processor.py:914} INFO - Processing file /Users/francisayanbadejo/venvs_projects/my_proj/lib/python3.9/site-packages/airflow/example_dags/example_branch_operator.py for tasks to queue
[2025-04-23T05:19:33.676+0100] {logging_mixin.py:190} INFO - [2025-04-23T05:19:33.676+0100] {dagbag.py:588} INFO - Filling up the DagBag from /Users/francisayanbadejo/venvs_projects/my_proj/lib/python3.9/site-packages/airflow/example_dags/example_branch_operator.py
[2025-04-23T05:19:33.683+0100] {processor.py:927} WARNING - No viable dags retrieved from /Users/francisayanbadejo/venvs_projects/my_proj/lib/python3.9/site-packages/airflow/example_dags/example_branch_operator.py
[2025-04-23T05:19:33.714+0100] {processor.py:208} INFO - Processing /Users/francisayanbadejo/venvs_projects/my_proj/lib/python3.9/site-packages/airflow/example_dags/example_branch_operator.py took 0.041 seconds
