[2025-04-23T03:41:25.764+0100] {processor.py:186} INFO - Started process (PID=63404) to work on /Users/francisayanbadejo/venvs_projects/my_proj/lib/python3.9/site-packages/airflow/example_dags/example_sensor_decorator.py
[2025-04-23T03:41:25.765+0100] {processor.py:914} INFO - Processing file /Users/francisayanbadejo/venvs_projects/my_proj/lib/python3.9/site-packages/airflow/example_dags/example_sensor_decorator.py for tasks to queue
[2025-04-23T03:41:25.766+0100] {logging_mixin.py:190} INFO - [2025-04-23T03:41:25.766+0100] {dagbag.py:588} INFO - Filling up the DagBag from /Users/francisayanbadejo/venvs_projects/my_proj/lib/python3.9/site-packages/airflow/example_dags/example_sensor_decorator.py
[2025-04-23T03:41:25.776+0100] {processor.py:925} INFO - DAG(s) 'example_sensor_decorator' retrieved from /Users/francisayanbadejo/venvs_projects/my_proj/lib/python3.9/site-packages/airflow/example_dags/example_sensor_decorator.py
[2025-04-23T03:41:25.958+0100] {logging_mixin.py:190} INFO - [2025-04-23T03:41:25.958+0100] {override.py:1930} INFO - Created Permission View: can read on DAG:example_sensor_decorator
[2025-04-23T03:41:25.960+0100] {logging_mixin.py:190} INFO - [2025-04-23T03:41:25.960+0100] {override.py:1930} INFO - Created Permission View: can edit on DAG:example_sensor_decorator
[2025-04-23T03:41:25.962+0100] {logging_mixin.py:190} INFO - [2025-04-23T03:41:25.962+0100] {override.py:1930} INFO - Created Permission View: can delete on DAG:example_sensor_decorator
[2025-04-23T03:41:25.964+0100] {logging_mixin.py:190} INFO - [2025-04-23T03:41:25.964+0100] {override.py:1930} INFO - Created Permission View: can read on DAG Run:example_sensor_decorator
[2025-04-23T03:41:25.965+0100] {logging_mixin.py:190} INFO - [2025-04-23T03:41:25.965+0100] {override.py:1930} INFO - Created Permission View: can create on DAG Run:example_sensor_decorator
[2025-04-23T03:41:25.966+0100] {logging_mixin.py:190} INFO - [2025-04-23T03:41:25.966+0100] {override.py:1930} INFO - Created Permission View: menu access on DAG Run:example_sensor_decorator
[2025-04-23T03:41:25.968+0100] {logging_mixin.py:190} INFO - [2025-04-23T03:41:25.968+0100] {override.py:1930} INFO - Created Permission View: can delete on DAG Run:example_sensor_decorator
[2025-04-23T03:41:25.968+0100] {logging_mixin.py:190} INFO - [2025-04-23T03:41:25.968+0100] {dag.py:3239} INFO - Sync 1 DAGs
[2025-04-23T03:41:25.971+0100] {logging_mixin.py:190} INFO - [2025-04-23T03:41:25.971+0100] {dag.py:3262} INFO - Creating ORM DAG for example_sensor_decorator
[2025-04-23T03:41:25.971+0100] {logging_mixin.py:190} INFO - [2025-04-23T03:41:25.971+0100] {dag.py:4180} INFO - Setting next_dagrun for example_sensor_decorator to None, run_after=None
[2025-04-23T03:41:25.976+0100] {processor.py:208} INFO - Processing /Users/francisayanbadejo/venvs_projects/my_proj/lib/python3.9/site-packages/airflow/example_dags/example_sensor_decorator.py took 0.214 seconds
[2025-04-23T03:44:50.223+0100] {processor.py:186} INFO - Started process (PID=64323) to work on /Users/francisayanbadejo/venvs_projects/my_proj/lib/python3.9/site-packages/airflow/example_dags/example_sensor_decorator.py
[2025-04-23T03:44:50.224+0100] {processor.py:914} INFO - Processing file /Users/francisayanbadejo/venvs_projects/my_proj/lib/python3.9/site-packages/airflow/example_dags/example_sensor_decorator.py for tasks to queue
[2025-04-23T03:44:50.225+0100] {logging_mixin.py:190} INFO - [2025-04-23T03:44:50.225+0100] {dagbag.py:588} INFO - Filling up the DagBag from /Users/francisayanbadejo/venvs_projects/my_proj/lib/python3.9/site-packages/airflow/example_dags/example_sensor_decorator.py
[2025-04-23T03:44:50.234+0100] {processor.py:925} INFO - DAG(s) 'example_sensor_decorator' retrieved from /Users/francisayanbadejo/venvs_projects/my_proj/lib/python3.9/site-packages/airflow/example_dags/example_sensor_decorator.py
[2025-04-23T03:44:50.380+0100] {logging_mixin.py:190} INFO - [2025-04-23T03:44:50.380+0100] {dag.py:3239} INFO - Sync 1 DAGs
[2025-04-23T03:44:50.383+0100] {logging_mixin.py:190} INFO - [2025-04-23T03:44:50.383+0100] {dag.py:4180} INFO - Setting next_dagrun for example_sensor_decorator to None, run_after=None
[2025-04-23T03:44:50.389+0100] {processor.py:208} INFO - Processing /Users/francisayanbadejo/venvs_projects/my_proj/lib/python3.9/site-packages/airflow/example_dags/example_sensor_decorator.py took 0.168 seconds
[2025-04-23T03:46:17.344+0100] {processor.py:186} INFO - Started process (PID=64512) to work on /Users/francisayanbadejo/venvs_projects/my_proj/lib/python3.9/site-packages/airflow/example_dags/example_sensor_decorator.py
[2025-04-23T03:46:17.345+0100] {processor.py:914} INFO - Processing file /Users/francisayanbadejo/venvs_projects/my_proj/lib/python3.9/site-packages/airflow/example_dags/example_sensor_decorator.py for tasks to queue
[2025-04-23T03:46:17.346+0100] {logging_mixin.py:190} INFO - [2025-04-23T03:46:17.346+0100] {dagbag.py:588} INFO - Filling up the DagBag from /Users/francisayanbadejo/venvs_projects/my_proj/lib/python3.9/site-packages/airflow/example_dags/example_sensor_decorator.py
[2025-04-23T03:46:17.356+0100] {processor.py:925} INFO - DAG(s) 'example_sensor_decorator' retrieved from /Users/francisayanbadejo/venvs_projects/my_proj/lib/python3.9/site-packages/airflow/example_dags/example_sensor_decorator.py
[2025-04-23T03:46:17.517+0100] {logging_mixin.py:190} INFO - [2025-04-23T03:46:17.517+0100] {dag.py:3239} INFO - Sync 1 DAGs
[2025-04-23T03:46:17.521+0100] {logging_mixin.py:190} INFO - [2025-04-23T03:46:17.521+0100] {dag.py:4180} INFO - Setting next_dagrun for example_sensor_decorator to None, run_after=None
[2025-04-23T03:46:17.527+0100] {processor.py:208} INFO - Processing /Users/francisayanbadejo/venvs_projects/my_proj/lib/python3.9/site-packages/airflow/example_dags/example_sensor_decorator.py took 0.185 seconds
[2025-04-23T03:48:05.952+0100] {processor.py:186} INFO - Started process (PID=64755) to work on /Users/francisayanbadejo/venvs_projects/my_proj/lib/python3.9/site-packages/airflow/example_dags/example_sensor_decorator.py
[2025-04-23T03:48:05.953+0100] {processor.py:914} INFO - Processing file /Users/francisayanbadejo/venvs_projects/my_proj/lib/python3.9/site-packages/airflow/example_dags/example_sensor_decorator.py for tasks to queue
[2025-04-23T03:48:05.954+0100] {logging_mixin.py:190} INFO - [2025-04-23T03:48:05.954+0100] {dagbag.py:588} INFO - Filling up the DagBag from /Users/francisayanbadejo/venvs_projects/my_proj/lib/python3.9/site-packages/airflow/example_dags/example_sensor_decorator.py
[2025-04-23T03:48:05.963+0100] {processor.py:925} INFO - DAG(s) 'example_sensor_decorator' retrieved from /Users/francisayanbadejo/venvs_projects/my_proj/lib/python3.9/site-packages/airflow/example_dags/example_sensor_decorator.py
[2025-04-23T03:48:06.109+0100] {logging_mixin.py:190} INFO - [2025-04-23T03:48:06.109+0100] {dag.py:3239} INFO - Sync 1 DAGs
[2025-04-23T03:48:06.112+0100] {logging_mixin.py:190} INFO - [2025-04-23T03:48:06.112+0100] {dag.py:4180} INFO - Setting next_dagrun for example_sensor_decorator to None, run_after=None
[2025-04-23T03:48:06.118+0100] {processor.py:208} INFO - Processing /Users/francisayanbadejo/venvs_projects/my_proj/lib/python3.9/site-packages/airflow/example_dags/example_sensor_decorator.py took 0.167 seconds
[2025-04-23T03:49:56.708+0100] {processor.py:186} INFO - Started process (PID=65001) to work on /Users/francisayanbadejo/venvs_projects/my_proj/lib/python3.9/site-packages/airflow/example_dags/example_sensor_decorator.py
[2025-04-23T03:49:56.709+0100] {processor.py:914} INFO - Processing file /Users/francisayanbadejo/venvs_projects/my_proj/lib/python3.9/site-packages/airflow/example_dags/example_sensor_decorator.py for tasks to queue
[2025-04-23T03:49:56.709+0100] {logging_mixin.py:190} INFO - [2025-04-23T03:49:56.709+0100] {dagbag.py:588} INFO - Filling up the DagBag from /Users/francisayanbadejo/venvs_projects/my_proj/lib/python3.9/site-packages/airflow/example_dags/example_sensor_decorator.py
[2025-04-23T03:49:56.719+0100] {processor.py:925} INFO - DAG(s) 'example_sensor_decorator' retrieved from /Users/francisayanbadejo/venvs_projects/my_proj/lib/python3.9/site-packages/airflow/example_dags/example_sensor_decorator.py
[2025-04-23T03:49:56.869+0100] {logging_mixin.py:190} INFO - [2025-04-23T03:49:56.869+0100] {dag.py:3239} INFO - Sync 1 DAGs
[2025-04-23T03:49:56.873+0100] {logging_mixin.py:190} INFO - [2025-04-23T03:49:56.873+0100] {dag.py:4180} INFO - Setting next_dagrun for example_sensor_decorator to None, run_after=None
[2025-04-23T03:49:56.879+0100] {processor.py:208} INFO - Processing /Users/francisayanbadejo/venvs_projects/my_proj/lib/python3.9/site-packages/airflow/example_dags/example_sensor_decorator.py took 0.172 seconds
[2025-04-23T03:51:49.534+0100] {processor.py:186} INFO - Started process (PID=65246) to work on /Users/francisayanbadejo/venvs_projects/my_proj/lib/python3.9/site-packages/airflow/example_dags/example_sensor_decorator.py
[2025-04-23T03:51:49.535+0100] {processor.py:914} INFO - Processing file /Users/francisayanbadejo/venvs_projects/my_proj/lib/python3.9/site-packages/airflow/example_dags/example_sensor_decorator.py for tasks to queue
[2025-04-23T03:51:49.536+0100] {logging_mixin.py:190} INFO - [2025-04-23T03:51:49.536+0100] {dagbag.py:588} INFO - Filling up the DagBag from /Users/francisayanbadejo/venvs_projects/my_proj/lib/python3.9/site-packages/airflow/example_dags/example_sensor_decorator.py
[2025-04-23T03:51:49.546+0100] {processor.py:925} INFO - DAG(s) 'example_sensor_decorator' retrieved from /Users/francisayanbadejo/venvs_projects/my_proj/lib/python3.9/site-packages/airflow/example_dags/example_sensor_decorator.py
[2025-04-23T03:51:49.698+0100] {logging_mixin.py:190} INFO - [2025-04-23T03:51:49.698+0100] {dag.py:3239} INFO - Sync 1 DAGs
[2025-04-23T03:51:49.701+0100] {logging_mixin.py:190} INFO - [2025-04-23T03:51:49.701+0100] {dag.py:4180} INFO - Setting next_dagrun for example_sensor_decorator to None, run_after=None
[2025-04-23T03:51:49.708+0100] {processor.py:208} INFO - Processing /Users/francisayanbadejo/venvs_projects/my_proj/lib/python3.9/site-packages/airflow/example_dags/example_sensor_decorator.py took 0.175 seconds
[2025-04-23T03:53:45.970+0100] {processor.py:186} INFO - Started process (PID=65503) to work on /Users/francisayanbadejo/venvs_projects/my_proj/lib/python3.9/site-packages/airflow/example_dags/example_sensor_decorator.py
[2025-04-23T03:53:45.971+0100] {processor.py:914} INFO - Processing file /Users/francisayanbadejo/venvs_projects/my_proj/lib/python3.9/site-packages/airflow/example_dags/example_sensor_decorator.py for tasks to queue
[2025-04-23T03:53:45.972+0100] {logging_mixin.py:190} INFO - [2025-04-23T03:53:45.972+0100] {dagbag.py:588} INFO - Filling up the DagBag from /Users/francisayanbadejo/venvs_projects/my_proj/lib/python3.9/site-packages/airflow/example_dags/example_sensor_decorator.py
[2025-04-23T03:53:45.984+0100] {processor.py:925} INFO - DAG(s) 'example_sensor_decorator' retrieved from /Users/francisayanbadejo/venvs_projects/my_proj/lib/python3.9/site-packages/airflow/example_dags/example_sensor_decorator.py
[2025-04-23T03:53:46.155+0100] {logging_mixin.py:190} INFO - [2025-04-23T03:53:46.155+0100] {dag.py:3239} INFO - Sync 1 DAGs
[2025-04-23T03:53:46.158+0100] {logging_mixin.py:190} INFO - [2025-04-23T03:53:46.158+0100] {dag.py:4180} INFO - Setting next_dagrun for example_sensor_decorator to None, run_after=None
[2025-04-23T03:53:46.165+0100] {processor.py:208} INFO - Processing /Users/francisayanbadejo/venvs_projects/my_proj/lib/python3.9/site-packages/airflow/example_dags/example_sensor_decorator.py took 0.196 seconds
[2025-04-23T03:55:44.359+0100] {processor.py:186} INFO - Started process (PID=65762) to work on /Users/francisayanbadejo/venvs_projects/my_proj/lib/python3.9/site-packages/airflow/example_dags/example_sensor_decorator.py
[2025-04-23T03:55:44.360+0100] {processor.py:914} INFO - Processing file /Users/francisayanbadejo/venvs_projects/my_proj/lib/python3.9/site-packages/airflow/example_dags/example_sensor_decorator.py for tasks to queue
[2025-04-23T03:55:44.361+0100] {logging_mixin.py:190} INFO - [2025-04-23T03:55:44.361+0100] {dagbag.py:588} INFO - Filling up the DagBag from /Users/francisayanbadejo/venvs_projects/my_proj/lib/python3.9/site-packages/airflow/example_dags/example_sensor_decorator.py
[2025-04-23T03:55:44.371+0100] {processor.py:925} INFO - DAG(s) 'example_sensor_decorator' retrieved from /Users/francisayanbadejo/venvs_projects/my_proj/lib/python3.9/site-packages/airflow/example_dags/example_sensor_decorator.py
[2025-04-23T03:55:44.542+0100] {logging_mixin.py:190} INFO - [2025-04-23T03:55:44.542+0100] {dag.py:3239} INFO - Sync 1 DAGs
[2025-04-23T03:55:44.545+0100] {logging_mixin.py:190} INFO - [2025-04-23T03:55:44.545+0100] {dag.py:4180} INFO - Setting next_dagrun for example_sensor_decorator to None, run_after=None
[2025-04-23T03:55:44.551+0100] {processor.py:208} INFO - Processing /Users/francisayanbadejo/venvs_projects/my_proj/lib/python3.9/site-packages/airflow/example_dags/example_sensor_decorator.py took 0.193 seconds
[2025-04-23T03:57:40.537+0100] {processor.py:186} INFO - Started process (PID=66018) to work on /Users/francisayanbadejo/venvs_projects/my_proj/lib/python3.9/site-packages/airflow/example_dags/example_sensor_decorator.py
[2025-04-23T03:57:40.537+0100] {processor.py:914} INFO - Processing file /Users/francisayanbadejo/venvs_projects/my_proj/lib/python3.9/site-packages/airflow/example_dags/example_sensor_decorator.py for tasks to queue
[2025-04-23T03:57:40.537+0100] {logging_mixin.py:190} INFO - [2025-04-23T03:57:40.537+0100] {dagbag.py:588} INFO - Filling up the DagBag from /Users/francisayanbadejo/venvs_projects/my_proj/lib/python3.9/site-packages/airflow/example_dags/example_sensor_decorator.py
[2025-04-23T03:57:40.547+0100] {processor.py:925} INFO - DAG(s) 'example_sensor_decorator' retrieved from /Users/francisayanbadejo/venvs_projects/my_proj/lib/python3.9/site-packages/airflow/example_dags/example_sensor_decorator.py
[2025-04-23T03:57:40.697+0100] {logging_mixin.py:190} INFO - [2025-04-23T03:57:40.696+0100] {dag.py:3239} INFO - Sync 1 DAGs
[2025-04-23T03:57:40.700+0100] {logging_mixin.py:190} INFO - [2025-04-23T03:57:40.700+0100] {dag.py:4180} INFO - Setting next_dagrun for example_sensor_decorator to None, run_after=None
[2025-04-23T03:57:40.706+0100] {processor.py:208} INFO - Processing /Users/francisayanbadejo/venvs_projects/my_proj/lib/python3.9/site-packages/airflow/example_dags/example_sensor_decorator.py took 0.171 seconds
[2025-04-23T03:59:49.646+0100] {processor.py:186} INFO - Started process (PID=66235) to work on /Users/francisayanbadejo/venvs_projects/my_proj/lib/python3.9/site-packages/airflow/example_dags/example_sensor_decorator.py
[2025-04-23T03:59:49.647+0100] {processor.py:914} INFO - Processing file /Users/francisayanbadejo/venvs_projects/my_proj/lib/python3.9/site-packages/airflow/example_dags/example_sensor_decorator.py for tasks to queue
[2025-04-23T03:59:49.648+0100] {logging_mixin.py:190} INFO - [2025-04-23T03:59:49.648+0100] {dagbag.py:588} INFO - Filling up the DagBag from /Users/francisayanbadejo/venvs_projects/my_proj/lib/python3.9/site-packages/airflow/example_dags/example_sensor_decorator.py
[2025-04-23T03:59:49.661+0100] {processor.py:925} INFO - DAG(s) 'example_sensor_decorator' retrieved from /Users/francisayanbadejo/venvs_projects/my_proj/lib/python3.9/site-packages/airflow/example_dags/example_sensor_decorator.py
[2025-04-23T03:59:49.847+0100] {logging_mixin.py:190} INFO - [2025-04-23T03:59:49.847+0100] {dag.py:3239} INFO - Sync 1 DAGs
[2025-04-23T03:59:49.851+0100] {logging_mixin.py:190} INFO - [2025-04-23T03:59:49.851+0100] {dag.py:4180} INFO - Setting next_dagrun for example_sensor_decorator to None, run_after=None
[2025-04-23T03:59:49.858+0100] {processor.py:208} INFO - Processing /Users/francisayanbadejo/venvs_projects/my_proj/lib/python3.9/site-packages/airflow/example_dags/example_sensor_decorator.py took 0.213 seconds
[2025-04-23T04:01:48.620+0100] {processor.py:186} INFO - Started process (PID=66448) to work on /Users/francisayanbadejo/venvs_projects/my_proj/lib/python3.9/site-packages/airflow/example_dags/example_sensor_decorator.py
[2025-04-23T04:01:48.621+0100] {processor.py:914} INFO - Processing file /Users/francisayanbadejo/venvs_projects/my_proj/lib/python3.9/site-packages/airflow/example_dags/example_sensor_decorator.py for tasks to queue
[2025-04-23T04:01:48.622+0100] {logging_mixin.py:190} INFO - [2025-04-23T04:01:48.622+0100] {dagbag.py:588} INFO - Filling up the DagBag from /Users/francisayanbadejo/venvs_projects/my_proj/lib/python3.9/site-packages/airflow/example_dags/example_sensor_decorator.py
[2025-04-23T04:01:48.632+0100] {processor.py:925} INFO - DAG(s) 'example_sensor_decorator' retrieved from /Users/francisayanbadejo/venvs_projects/my_proj/lib/python3.9/site-packages/airflow/example_dags/example_sensor_decorator.py
[2025-04-23T04:01:48.787+0100] {logging_mixin.py:190} INFO - [2025-04-23T04:01:48.787+0100] {dag.py:3239} INFO - Sync 1 DAGs
[2025-04-23T04:01:48.790+0100] {logging_mixin.py:190} INFO - [2025-04-23T04:01:48.790+0100] {dag.py:4180} INFO - Setting next_dagrun for example_sensor_decorator to None, run_after=None
[2025-04-23T04:01:48.796+0100] {processor.py:208} INFO - Processing /Users/francisayanbadejo/venvs_projects/my_proj/lib/python3.9/site-packages/airflow/example_dags/example_sensor_decorator.py took 0.177 seconds
[2025-04-23T04:03:40.439+0100] {processor.py:186} INFO - Started process (PID=66668) to work on /Users/francisayanbadejo/venvs_projects/my_proj/lib/python3.9/site-packages/airflow/example_dags/example_sensor_decorator.py
[2025-04-23T04:03:40.439+0100] {processor.py:914} INFO - Processing file /Users/francisayanbadejo/venvs_projects/my_proj/lib/python3.9/site-packages/airflow/example_dags/example_sensor_decorator.py for tasks to queue
[2025-04-23T04:03:40.440+0100] {logging_mixin.py:190} INFO - [2025-04-23T04:03:40.440+0100] {dagbag.py:588} INFO - Filling up the DagBag from /Users/francisayanbadejo/venvs_projects/my_proj/lib/python3.9/site-packages/airflow/example_dags/example_sensor_decorator.py
[2025-04-23T04:03:40.451+0100] {processor.py:925} INFO - DAG(s) 'example_sensor_decorator' retrieved from /Users/francisayanbadejo/venvs_projects/my_proj/lib/python3.9/site-packages/airflow/example_dags/example_sensor_decorator.py
[2025-04-23T04:03:40.618+0100] {logging_mixin.py:190} INFO - [2025-04-23T04:03:40.617+0100] {dag.py:3239} INFO - Sync 1 DAGs
[2025-04-23T04:03:40.621+0100] {logging_mixin.py:190} INFO - [2025-04-23T04:03:40.621+0100] {dag.py:4180} INFO - Setting next_dagrun for example_sensor_decorator to None, run_after=None
[2025-04-23T04:03:40.626+0100] {processor.py:208} INFO - Processing /Users/francisayanbadejo/venvs_projects/my_proj/lib/python3.9/site-packages/airflow/example_dags/example_sensor_decorator.py took 0.189 seconds
[2025-04-23T04:05:42.285+0100] {processor.py:186} INFO - Started process (PID=66908) to work on /Users/francisayanbadejo/venvs_projects/my_proj/lib/python3.9/site-packages/airflow/example_dags/example_sensor_decorator.py
[2025-04-23T04:05:42.286+0100] {processor.py:914} INFO - Processing file /Users/francisayanbadejo/venvs_projects/my_proj/lib/python3.9/site-packages/airflow/example_dags/example_sensor_decorator.py for tasks to queue
[2025-04-23T04:05:42.286+0100] {logging_mixin.py:190} INFO - [2025-04-23T04:05:42.286+0100] {dagbag.py:588} INFO - Filling up the DagBag from /Users/francisayanbadejo/venvs_projects/my_proj/lib/python3.9/site-packages/airflow/example_dags/example_sensor_decorator.py
[2025-04-23T04:05:42.296+0100] {processor.py:925} INFO - DAG(s) 'example_sensor_decorator' retrieved from /Users/francisayanbadejo/venvs_projects/my_proj/lib/python3.9/site-packages/airflow/example_dags/example_sensor_decorator.py
[2025-04-23T04:05:42.448+0100] {logging_mixin.py:190} INFO - [2025-04-23T04:05:42.448+0100] {dag.py:3239} INFO - Sync 1 DAGs
[2025-04-23T04:05:42.451+0100] {logging_mixin.py:190} INFO - [2025-04-23T04:05:42.451+0100] {dag.py:4180} INFO - Setting next_dagrun for example_sensor_decorator to None, run_after=None
[2025-04-23T04:05:42.458+0100] {processor.py:208} INFO - Processing /Users/francisayanbadejo/venvs_projects/my_proj/lib/python3.9/site-packages/airflow/example_dags/example_sensor_decorator.py took 0.174 seconds
[2025-04-23T04:18:56.281+0100] {processor.py:186} INFO - Started process (PID=68968) to work on /Users/francisayanbadejo/venvs_projects/my_proj/lib/python3.9/site-packages/airflow/example_dags/example_sensor_decorator.py
[2025-04-23T04:18:56.283+0100] {processor.py:914} INFO - Processing file /Users/francisayanbadejo/venvs_projects/my_proj/lib/python3.9/site-packages/airflow/example_dags/example_sensor_decorator.py for tasks to queue
[2025-04-23T04:18:56.283+0100] {logging_mixin.py:190} INFO - [2025-04-23T04:18:56.283+0100] {dagbag.py:588} INFO - Filling up the DagBag from /Users/francisayanbadejo/venvs_projects/my_proj/lib/python3.9/site-packages/airflow/example_dags/example_sensor_decorator.py
[2025-04-23T04:18:56.293+0100] {processor.py:925} INFO - DAG(s) 'example_sensor_decorator' retrieved from /Users/francisayanbadejo/venvs_projects/my_proj/lib/python3.9/site-packages/airflow/example_dags/example_sensor_decorator.py
[2025-04-23T04:18:56.438+0100] {logging_mixin.py:190} INFO - [2025-04-23T04:18:56.438+0100] {dag.py:3239} INFO - Sync 1 DAGs
[2025-04-23T04:18:56.442+0100] {logging_mixin.py:190} INFO - [2025-04-23T04:18:56.441+0100] {dag.py:4180} INFO - Setting next_dagrun for example_sensor_decorator to None, run_after=None
[2025-04-23T04:18:56.448+0100] {processor.py:208} INFO - Processing /Users/francisayanbadejo/venvs_projects/my_proj/lib/python3.9/site-packages/airflow/example_dags/example_sensor_decorator.py took 0.168 seconds
[2025-04-23T04:20:21.175+0100] {processor.py:186} INFO - Started process (PID=69178) to work on /Users/francisayanbadejo/venvs_projects/my_proj/lib/python3.9/site-packages/airflow/example_dags/example_sensor_decorator.py
[2025-04-23T04:20:21.177+0100] {processor.py:914} INFO - Processing file /Users/francisayanbadejo/venvs_projects/my_proj/lib/python3.9/site-packages/airflow/example_dags/example_sensor_decorator.py for tasks to queue
[2025-04-23T04:20:21.178+0100] {logging_mixin.py:190} INFO - [2025-04-23T04:20:21.177+0100] {dagbag.py:588} INFO - Filling up the DagBag from /Users/francisayanbadejo/venvs_projects/my_proj/lib/python3.9/site-packages/airflow/example_dags/example_sensor_decorator.py
[2025-04-23T04:20:21.187+0100] {processor.py:925} INFO - DAG(s) 'example_sensor_decorator' retrieved from /Users/francisayanbadejo/venvs_projects/my_proj/lib/python3.9/site-packages/airflow/example_dags/example_sensor_decorator.py
[2025-04-23T04:20:21.331+0100] {logging_mixin.py:190} INFO - [2025-04-23T04:20:21.331+0100] {dag.py:3239} INFO - Sync 1 DAGs
[2025-04-23T04:20:21.334+0100] {logging_mixin.py:190} INFO - [2025-04-23T04:20:21.334+0100] {dag.py:4180} INFO - Setting next_dagrun for example_sensor_decorator to None, run_after=None
[2025-04-23T04:20:21.339+0100] {processor.py:208} INFO - Processing /Users/francisayanbadejo/venvs_projects/my_proj/lib/python3.9/site-packages/airflow/example_dags/example_sensor_decorator.py took 0.165 seconds
[2025-04-23T04:21:37.975+0100] {processor.py:186} INFO - Started process (PID=69520) to work on /Users/francisayanbadejo/venvs_projects/my_proj/lib/python3.9/site-packages/airflow/example_dags/example_sensor_decorator.py
[2025-04-23T04:21:37.976+0100] {processor.py:914} INFO - Processing file /Users/francisayanbadejo/venvs_projects/my_proj/lib/python3.9/site-packages/airflow/example_dags/example_sensor_decorator.py for tasks to queue
[2025-04-23T04:21:37.977+0100] {logging_mixin.py:190} INFO - [2025-04-23T04:21:37.977+0100] {dagbag.py:588} INFO - Filling up the DagBag from /Users/francisayanbadejo/venvs_projects/my_proj/lib/python3.9/site-packages/airflow/example_dags/example_sensor_decorator.py
[2025-04-23T04:21:37.987+0100] {processor.py:925} INFO - DAG(s) 'example_sensor_decorator' retrieved from /Users/francisayanbadejo/venvs_projects/my_proj/lib/python3.9/site-packages/airflow/example_dags/example_sensor_decorator.py
[2025-04-23T04:21:38.132+0100] {logging_mixin.py:190} INFO - [2025-04-23T04:21:38.132+0100] {dag.py:3239} INFO - Sync 1 DAGs
[2025-04-23T04:21:38.136+0100] {logging_mixin.py:190} INFO - [2025-04-23T04:21:38.136+0100] {dag.py:4180} INFO - Setting next_dagrun for example_sensor_decorator to None, run_after=None
[2025-04-23T04:21:38.142+0100] {processor.py:208} INFO - Processing /Users/francisayanbadejo/venvs_projects/my_proj/lib/python3.9/site-packages/airflow/example_dags/example_sensor_decorator.py took 0.168 seconds
[2025-04-23T04:23:04.145+0100] {processor.py:186} INFO - Started process (PID=69738) to work on /Users/francisayanbadejo/venvs_projects/my_proj/lib/python3.9/site-packages/airflow/example_dags/example_sensor_decorator.py
[2025-04-23T04:23:04.147+0100] {processor.py:914} INFO - Processing file /Users/francisayanbadejo/venvs_projects/my_proj/lib/python3.9/site-packages/airflow/example_dags/example_sensor_decorator.py for tasks to queue
[2025-04-23T04:23:04.147+0100] {logging_mixin.py:190} INFO - [2025-04-23T04:23:04.147+0100] {dagbag.py:588} INFO - Filling up the DagBag from /Users/francisayanbadejo/venvs_projects/my_proj/lib/python3.9/site-packages/airflow/example_dags/example_sensor_decorator.py
[2025-04-23T04:23:04.157+0100] {processor.py:925} INFO - DAG(s) 'example_sensor_decorator' retrieved from /Users/francisayanbadejo/venvs_projects/my_proj/lib/python3.9/site-packages/airflow/example_dags/example_sensor_decorator.py
[2025-04-23T04:23:04.311+0100] {logging_mixin.py:190} INFO - [2025-04-23T04:23:04.311+0100] {dag.py:3239} INFO - Sync 1 DAGs
[2025-04-23T04:23:04.315+0100] {logging_mixin.py:190} INFO - [2025-04-23T04:23:04.314+0100] {dag.py:4180} INFO - Setting next_dagrun for example_sensor_decorator to None, run_after=None
[2025-04-23T04:23:04.320+0100] {processor.py:208} INFO - Processing /Users/francisayanbadejo/venvs_projects/my_proj/lib/python3.9/site-packages/airflow/example_dags/example_sensor_decorator.py took 0.177 seconds
[2025-04-23T04:26:03.780+0100] {processor.py:186} INFO - Started process (PID=70540) to work on /Users/francisayanbadejo/venvs_projects/my_proj/lib/python3.9/site-packages/airflow/example_dags/example_sensor_decorator.py
[2025-04-23T04:26:03.782+0100] {processor.py:914} INFO - Processing file /Users/francisayanbadejo/venvs_projects/my_proj/lib/python3.9/site-packages/airflow/example_dags/example_sensor_decorator.py for tasks to queue
[2025-04-23T04:26:03.782+0100] {logging_mixin.py:190} INFO - [2025-04-23T04:26:03.782+0100] {dagbag.py:588} INFO - Filling up the DagBag from /Users/francisayanbadejo/venvs_projects/my_proj/lib/python3.9/site-packages/airflow/example_dags/example_sensor_decorator.py
[2025-04-23T04:26:03.792+0100] {processor.py:925} INFO - DAG(s) 'example_sensor_decorator' retrieved from /Users/francisayanbadejo/venvs_projects/my_proj/lib/python3.9/site-packages/airflow/example_dags/example_sensor_decorator.py
[2025-04-23T04:26:03.949+0100] {logging_mixin.py:190} INFO - [2025-04-23T04:26:03.949+0100] {dag.py:3239} INFO - Sync 1 DAGs
[2025-04-23T04:26:03.952+0100] {logging_mixin.py:190} INFO - [2025-04-23T04:26:03.952+0100] {dag.py:4180} INFO - Setting next_dagrun for example_sensor_decorator to None, run_after=None
[2025-04-23T04:26:03.958+0100] {processor.py:208} INFO - Processing /Users/francisayanbadejo/venvs_projects/my_proj/lib/python3.9/site-packages/airflow/example_dags/example_sensor_decorator.py took 0.179 seconds
[2025-04-23T04:28:28.820+0100] {processor.py:186} INFO - Started process (PID=71301) to work on /Users/francisayanbadejo/venvs_projects/my_proj/lib/python3.9/site-packages/airflow/example_dags/example_sensor_decorator.py
[2025-04-23T04:28:28.822+0100] {processor.py:914} INFO - Processing file /Users/francisayanbadejo/venvs_projects/my_proj/lib/python3.9/site-packages/airflow/example_dags/example_sensor_decorator.py for tasks to queue
[2025-04-23T04:28:28.823+0100] {logging_mixin.py:190} INFO - [2025-04-23T04:28:28.823+0100] {dagbag.py:588} INFO - Filling up the DagBag from /Users/francisayanbadejo/venvs_projects/my_proj/lib/python3.9/site-packages/airflow/example_dags/example_sensor_decorator.py
[2025-04-23T04:28:28.833+0100] {processor.py:925} INFO - DAG(s) 'example_sensor_decorator' retrieved from /Users/francisayanbadejo/venvs_projects/my_proj/lib/python3.9/site-packages/airflow/example_dags/example_sensor_decorator.py
[2025-04-23T04:28:29.004+0100] {logging_mixin.py:190} INFO - [2025-04-23T04:28:29.004+0100] {dag.py:3239} INFO - Sync 1 DAGs
[2025-04-23T04:28:29.007+0100] {logging_mixin.py:190} INFO - [2025-04-23T04:28:29.007+0100] {dag.py:4180} INFO - Setting next_dagrun for example_sensor_decorator to None, run_after=None
[2025-04-23T04:28:29.013+0100] {processor.py:208} INFO - Processing /Users/francisayanbadejo/venvs_projects/my_proj/lib/python3.9/site-packages/airflow/example_dags/example_sensor_decorator.py took 0.194 seconds
[2025-04-23T04:29:56.203+0100] {processor.py:186} INFO - Started process (PID=71434) to work on /Users/francisayanbadejo/venvs_projects/my_proj/lib/python3.9/site-packages/airflow/example_dags/example_sensor_decorator.py
[2025-04-23T04:29:56.204+0100] {processor.py:914} INFO - Processing file /Users/francisayanbadejo/venvs_projects/my_proj/lib/python3.9/site-packages/airflow/example_dags/example_sensor_decorator.py for tasks to queue
[2025-04-23T04:29:56.205+0100] {logging_mixin.py:190} INFO - [2025-04-23T04:29:56.205+0100] {dagbag.py:588} INFO - Filling up the DagBag from /Users/francisayanbadejo/venvs_projects/my_proj/lib/python3.9/site-packages/airflow/example_dags/example_sensor_decorator.py
[2025-04-23T04:29:56.216+0100] {processor.py:925} INFO - DAG(s) 'example_sensor_decorator' retrieved from /Users/francisayanbadejo/venvs_projects/my_proj/lib/python3.9/site-packages/airflow/example_dags/example_sensor_decorator.py
[2025-04-23T04:29:56.372+0100] {logging_mixin.py:190} INFO - [2025-04-23T04:29:56.371+0100] {dag.py:3239} INFO - Sync 1 DAGs
[2025-04-23T04:29:56.375+0100] {logging_mixin.py:190} INFO - [2025-04-23T04:29:56.375+0100] {dag.py:4180} INFO - Setting next_dagrun for example_sensor_decorator to None, run_after=None
[2025-04-23T04:29:56.382+0100] {processor.py:208} INFO - Processing /Users/francisayanbadejo/venvs_projects/my_proj/lib/python3.9/site-packages/airflow/example_dags/example_sensor_decorator.py took 0.180 seconds
[2025-04-23T04:31:49.374+0100] {processor.py:186} INFO - Started process (PID=71769) to work on /Users/francisayanbadejo/venvs_projects/my_proj/lib/python3.9/site-packages/airflow/example_dags/example_sensor_decorator.py
[2025-04-23T04:31:49.376+0100] {processor.py:914} INFO - Processing file /Users/francisayanbadejo/venvs_projects/my_proj/lib/python3.9/site-packages/airflow/example_dags/example_sensor_decorator.py for tasks to queue
[2025-04-23T04:31:49.377+0100] {logging_mixin.py:190} INFO - [2025-04-23T04:31:49.377+0100] {dagbag.py:588} INFO - Filling up the DagBag from /Users/francisayanbadejo/venvs_projects/my_proj/lib/python3.9/site-packages/airflow/example_dags/example_sensor_decorator.py
[2025-04-23T04:31:49.386+0100] {processor.py:925} INFO - DAG(s) 'example_sensor_decorator' retrieved from /Users/francisayanbadejo/venvs_projects/my_proj/lib/python3.9/site-packages/airflow/example_dags/example_sensor_decorator.py
[2025-04-23T04:31:49.539+0100] {logging_mixin.py:190} INFO - [2025-04-23T04:31:49.539+0100] {dag.py:3239} INFO - Sync 1 DAGs
[2025-04-23T04:31:49.542+0100] {logging_mixin.py:190} INFO - [2025-04-23T04:31:49.542+0100] {dag.py:4180} INFO - Setting next_dagrun for example_sensor_decorator to None, run_after=None
[2025-04-23T04:31:49.548+0100] {processor.py:208} INFO - Processing /Users/francisayanbadejo/venvs_projects/my_proj/lib/python3.9/site-packages/airflow/example_dags/example_sensor_decorator.py took 0.175 seconds
[2025-04-23T04:34:36.902+0100] {processor.py:186} INFO - Started process (PID=72048) to work on /Users/francisayanbadejo/venvs_projects/my_proj/lib/python3.9/site-packages/airflow/example_dags/example_sensor_decorator.py
[2025-04-23T04:34:36.903+0100] {processor.py:914} INFO - Processing file /Users/francisayanbadejo/venvs_projects/my_proj/lib/python3.9/site-packages/airflow/example_dags/example_sensor_decorator.py for tasks to queue
[2025-04-23T04:34:36.903+0100] {logging_mixin.py:190} INFO - [2025-04-23T04:34:36.903+0100] {dagbag.py:588} INFO - Filling up the DagBag from /Users/francisayanbadejo/venvs_projects/my_proj/lib/python3.9/site-packages/airflow/example_dags/example_sensor_decorator.py
[2025-04-23T04:34:36.913+0100] {processor.py:925} INFO - DAG(s) 'example_sensor_decorator' retrieved from /Users/francisayanbadejo/venvs_projects/my_proj/lib/python3.9/site-packages/airflow/example_dags/example_sensor_decorator.py
[2025-04-23T04:34:37.063+0100] {logging_mixin.py:190} INFO - [2025-04-23T04:34:37.063+0100] {dag.py:3239} INFO - Sync 1 DAGs
[2025-04-23T04:34:37.067+0100] {logging_mixin.py:190} INFO - [2025-04-23T04:34:37.067+0100] {dag.py:4180} INFO - Setting next_dagrun for example_sensor_decorator to None, run_after=None
[2025-04-23T04:34:37.072+0100] {processor.py:208} INFO - Processing /Users/francisayanbadejo/venvs_projects/my_proj/lib/python3.9/site-packages/airflow/example_dags/example_sensor_decorator.py took 0.172 seconds
[2025-04-23T04:36:27.250+0100] {processor.py:186} INFO - Started process (PID=72296) to work on /Users/francisayanbadejo/venvs_projects/my_proj/lib/python3.9/site-packages/airflow/example_dags/example_sensor_decorator.py
[2025-04-23T04:36:27.251+0100] {processor.py:914} INFO - Processing file /Users/francisayanbadejo/venvs_projects/my_proj/lib/python3.9/site-packages/airflow/example_dags/example_sensor_decorator.py for tasks to queue
[2025-04-23T04:36:27.251+0100] {logging_mixin.py:190} INFO - [2025-04-23T04:36:27.251+0100] {dagbag.py:588} INFO - Filling up the DagBag from /Users/francisayanbadejo/venvs_projects/my_proj/lib/python3.9/site-packages/airflow/example_dags/example_sensor_decorator.py
[2025-04-23T04:36:27.261+0100] {processor.py:925} INFO - DAG(s) 'example_sensor_decorator' retrieved from /Users/francisayanbadejo/venvs_projects/my_proj/lib/python3.9/site-packages/airflow/example_dags/example_sensor_decorator.py
[2025-04-23T04:36:27.414+0100] {logging_mixin.py:190} INFO - [2025-04-23T04:36:27.414+0100] {dag.py:3239} INFO - Sync 1 DAGs
[2025-04-23T04:36:27.417+0100] {logging_mixin.py:190} INFO - [2025-04-23T04:36:27.417+0100] {dag.py:4180} INFO - Setting next_dagrun for example_sensor_decorator to None, run_after=None
[2025-04-23T04:36:27.423+0100] {processor.py:208} INFO - Processing /Users/francisayanbadejo/venvs_projects/my_proj/lib/python3.9/site-packages/airflow/example_dags/example_sensor_decorator.py took 0.175 seconds
[2025-04-23T04:38:19.959+0100] {processor.py:186} INFO - Started process (PID=72537) to work on /Users/francisayanbadejo/venvs_projects/my_proj/lib/python3.9/site-packages/airflow/example_dags/example_sensor_decorator.py
[2025-04-23T04:38:19.960+0100] {processor.py:914} INFO - Processing file /Users/francisayanbadejo/venvs_projects/my_proj/lib/python3.9/site-packages/airflow/example_dags/example_sensor_decorator.py for tasks to queue
[2025-04-23T04:38:19.961+0100] {logging_mixin.py:190} INFO - [2025-04-23T04:38:19.961+0100] {dagbag.py:588} INFO - Filling up the DagBag from /Users/francisayanbadejo/venvs_projects/my_proj/lib/python3.9/site-packages/airflow/example_dags/example_sensor_decorator.py
[2025-04-23T04:38:19.973+0100] {processor.py:925} INFO - DAG(s) 'example_sensor_decorator' retrieved from /Users/francisayanbadejo/venvs_projects/my_proj/lib/python3.9/site-packages/airflow/example_dags/example_sensor_decorator.py
[2025-04-23T04:38:20.153+0100] {logging_mixin.py:190} INFO - [2025-04-23T04:38:20.153+0100] {dag.py:3239} INFO - Sync 1 DAGs
[2025-04-23T04:38:20.157+0100] {logging_mixin.py:190} INFO - [2025-04-23T04:38:20.157+0100] {dag.py:4180} INFO - Setting next_dagrun for example_sensor_decorator to None, run_after=None
[2025-04-23T04:38:20.164+0100] {processor.py:208} INFO - Processing /Users/francisayanbadejo/venvs_projects/my_proj/lib/python3.9/site-packages/airflow/example_dags/example_sensor_decorator.py took 0.207 seconds
[2025-04-23T04:40:08.370+0100] {processor.py:186} INFO - Started process (PID=72696) to work on /Users/francisayanbadejo/venvs_projects/my_proj/lib/python3.9/site-packages/airflow/example_dags/example_sensor_decorator.py
[2025-04-23T04:40:08.372+0100] {processor.py:914} INFO - Processing file /Users/francisayanbadejo/venvs_projects/my_proj/lib/python3.9/site-packages/airflow/example_dags/example_sensor_decorator.py for tasks to queue
[2025-04-23T04:40:08.373+0100] {logging_mixin.py:190} INFO - [2025-04-23T04:40:08.373+0100] {dagbag.py:588} INFO - Filling up the DagBag from /Users/francisayanbadejo/venvs_projects/my_proj/lib/python3.9/site-packages/airflow/example_dags/example_sensor_decorator.py
[2025-04-23T04:40:08.382+0100] {processor.py:925} INFO - DAG(s) 'example_sensor_decorator' retrieved from /Users/francisayanbadejo/venvs_projects/my_proj/lib/python3.9/site-packages/airflow/example_dags/example_sensor_decorator.py
[2025-04-23T04:40:08.527+0100] {logging_mixin.py:190} INFO - [2025-04-23T04:40:08.527+0100] {dag.py:3239} INFO - Sync 1 DAGs
[2025-04-23T04:40:08.530+0100] {logging_mixin.py:190} INFO - [2025-04-23T04:40:08.530+0100] {dag.py:4180} INFO - Setting next_dagrun for example_sensor_decorator to None, run_after=None
[2025-04-23T04:40:08.536+0100] {processor.py:208} INFO - Processing /Users/francisayanbadejo/venvs_projects/my_proj/lib/python3.9/site-packages/airflow/example_dags/example_sensor_decorator.py took 0.167 seconds
[2025-04-23T04:41:54.907+0100] {processor.py:186} INFO - Started process (PID=72853) to work on /Users/francisayanbadejo/venvs_projects/my_proj/lib/python3.9/site-packages/airflow/example_dags/example_sensor_decorator.py
[2025-04-23T04:41:54.909+0100] {processor.py:914} INFO - Processing file /Users/francisayanbadejo/venvs_projects/my_proj/lib/python3.9/site-packages/airflow/example_dags/example_sensor_decorator.py for tasks to queue
[2025-04-23T04:41:54.909+0100] {logging_mixin.py:190} INFO - [2025-04-23T04:41:54.909+0100] {dagbag.py:588} INFO - Filling up the DagBag from /Users/francisayanbadejo/venvs_projects/my_proj/lib/python3.9/site-packages/airflow/example_dags/example_sensor_decorator.py
[2025-04-23T04:41:54.919+0100] {processor.py:925} INFO - DAG(s) 'example_sensor_decorator' retrieved from /Users/francisayanbadejo/venvs_projects/my_proj/lib/python3.9/site-packages/airflow/example_dags/example_sensor_decorator.py
[2025-04-23T04:41:55.067+0100] {logging_mixin.py:190} INFO - [2025-04-23T04:41:55.067+0100] {dag.py:3239} INFO - Sync 1 DAGs
[2025-04-23T04:41:55.070+0100] {logging_mixin.py:190} INFO - [2025-04-23T04:41:55.070+0100] {dag.py:4180} INFO - Setting next_dagrun for example_sensor_decorator to None, run_after=None
[2025-04-23T04:41:55.076+0100] {processor.py:208} INFO - Processing /Users/francisayanbadejo/venvs_projects/my_proj/lib/python3.9/site-packages/airflow/example_dags/example_sensor_decorator.py took 0.170 seconds
[2025-04-23T04:43:41.291+0100] {processor.py:186} INFO - Started process (PID=73016) to work on /Users/francisayanbadejo/venvs_projects/my_proj/lib/python3.9/site-packages/airflow/example_dags/example_sensor_decorator.py
[2025-04-23T04:43:41.292+0100] {processor.py:914} INFO - Processing file /Users/francisayanbadejo/venvs_projects/my_proj/lib/python3.9/site-packages/airflow/example_dags/example_sensor_decorator.py for tasks to queue
[2025-04-23T04:43:41.293+0100] {logging_mixin.py:190} INFO - [2025-04-23T04:43:41.293+0100] {dagbag.py:588} INFO - Filling up the DagBag from /Users/francisayanbadejo/venvs_projects/my_proj/lib/python3.9/site-packages/airflow/example_dags/example_sensor_decorator.py
[2025-04-23T04:43:41.303+0100] {processor.py:925} INFO - DAG(s) 'example_sensor_decorator' retrieved from /Users/francisayanbadejo/venvs_projects/my_proj/lib/python3.9/site-packages/airflow/example_dags/example_sensor_decorator.py
[2025-04-23T04:43:41.454+0100] {logging_mixin.py:190} INFO - [2025-04-23T04:43:41.454+0100] {dag.py:3239} INFO - Sync 1 DAGs
[2025-04-23T04:43:41.457+0100] {logging_mixin.py:190} INFO - [2025-04-23T04:43:41.457+0100] {dag.py:4180} INFO - Setting next_dagrun for example_sensor_decorator to None, run_after=None
[2025-04-23T04:43:41.463+0100] {processor.py:208} INFO - Processing /Users/francisayanbadejo/venvs_projects/my_proj/lib/python3.9/site-packages/airflow/example_dags/example_sensor_decorator.py took 0.173 seconds
[2025-04-23T04:45:25.700+0100] {processor.py:186} INFO - Started process (PID=73206) to work on /Users/francisayanbadejo/venvs_projects/my_proj/lib/python3.9/site-packages/airflow/example_dags/example_sensor_decorator.py
[2025-04-23T04:45:25.702+0100] {processor.py:914} INFO - Processing file /Users/francisayanbadejo/venvs_projects/my_proj/lib/python3.9/site-packages/airflow/example_dags/example_sensor_decorator.py for tasks to queue
[2025-04-23T04:45:25.703+0100] {logging_mixin.py:190} INFO - [2025-04-23T04:45:25.703+0100] {dagbag.py:588} INFO - Filling up the DagBag from /Users/francisayanbadejo/venvs_projects/my_proj/lib/python3.9/site-packages/airflow/example_dags/example_sensor_decorator.py
[2025-04-23T04:45:25.712+0100] {processor.py:925} INFO - DAG(s) 'example_sensor_decorator' retrieved from /Users/francisayanbadejo/venvs_projects/my_proj/lib/python3.9/site-packages/airflow/example_dags/example_sensor_decorator.py
[2025-04-23T04:45:25.870+0100] {logging_mixin.py:190} INFO - [2025-04-23T04:45:25.869+0100] {dag.py:3239} INFO - Sync 1 DAGs
[2025-04-23T04:45:25.873+0100] {logging_mixin.py:190} INFO - [2025-04-23T04:45:25.873+0100] {dag.py:4180} INFO - Setting next_dagrun for example_sensor_decorator to None, run_after=None
[2025-04-23T04:45:25.879+0100] {processor.py:208} INFO - Processing /Users/francisayanbadejo/venvs_projects/my_proj/lib/python3.9/site-packages/airflow/example_dags/example_sensor_decorator.py took 0.180 seconds
[2025-04-23T04:47:12.646+0100] {processor.py:186} INFO - Started process (PID=73360) to work on /Users/francisayanbadejo/venvs_projects/my_proj/lib/python3.9/site-packages/airflow/example_dags/example_sensor_decorator.py
[2025-04-23T04:47:12.647+0100] {processor.py:914} INFO - Processing file /Users/francisayanbadejo/venvs_projects/my_proj/lib/python3.9/site-packages/airflow/example_dags/example_sensor_decorator.py for tasks to queue
[2025-04-23T04:47:12.648+0100] {logging_mixin.py:190} INFO - [2025-04-23T04:47:12.648+0100] {dagbag.py:588} INFO - Filling up the DagBag from /Users/francisayanbadejo/venvs_projects/my_proj/lib/python3.9/site-packages/airflow/example_dags/example_sensor_decorator.py
[2025-04-23T04:47:12.658+0100] {processor.py:925} INFO - DAG(s) 'example_sensor_decorator' retrieved from /Users/francisayanbadejo/venvs_projects/my_proj/lib/python3.9/site-packages/airflow/example_dags/example_sensor_decorator.py
[2025-04-23T04:47:12.813+0100] {logging_mixin.py:190} INFO - [2025-04-23T04:47:12.813+0100] {dag.py:3239} INFO - Sync 1 DAGs
[2025-04-23T04:47:12.817+0100] {logging_mixin.py:190} INFO - [2025-04-23T04:47:12.816+0100] {dag.py:4180} INFO - Setting next_dagrun for example_sensor_decorator to None, run_after=None
[2025-04-23T04:47:12.822+0100] {processor.py:208} INFO - Processing /Users/francisayanbadejo/venvs_projects/my_proj/lib/python3.9/site-packages/airflow/example_dags/example_sensor_decorator.py took 0.178 seconds
[2025-04-23T04:49:05.140+0100] {processor.py:186} INFO - Started process (PID=73519) to work on /Users/francisayanbadejo/venvs_projects/my_proj/lib/python3.9/site-packages/airflow/example_dags/example_sensor_decorator.py
[2025-04-23T04:49:05.142+0100] {processor.py:914} INFO - Processing file /Users/francisayanbadejo/venvs_projects/my_proj/lib/python3.9/site-packages/airflow/example_dags/example_sensor_decorator.py for tasks to queue
[2025-04-23T04:49:05.142+0100] {logging_mixin.py:190} INFO - [2025-04-23T04:49:05.142+0100] {dagbag.py:588} INFO - Filling up the DagBag from /Users/francisayanbadejo/venvs_projects/my_proj/lib/python3.9/site-packages/airflow/example_dags/example_sensor_decorator.py
[2025-04-23T04:49:05.152+0100] {processor.py:925} INFO - DAG(s) 'example_sensor_decorator' retrieved from /Users/francisayanbadejo/venvs_projects/my_proj/lib/python3.9/site-packages/airflow/example_dags/example_sensor_decorator.py
[2025-04-23T04:49:05.298+0100] {logging_mixin.py:190} INFO - [2025-04-23T04:49:05.298+0100] {dag.py:3239} INFO - Sync 1 DAGs
[2025-04-23T04:49:05.301+0100] {logging_mixin.py:190} INFO - [2025-04-23T04:49:05.301+0100] {dag.py:4180} INFO - Setting next_dagrun for example_sensor_decorator to None, run_after=None
[2025-04-23T04:49:05.306+0100] {processor.py:208} INFO - Processing /Users/francisayanbadejo/venvs_projects/my_proj/lib/python3.9/site-packages/airflow/example_dags/example_sensor_decorator.py took 0.167 seconds
[2025-04-23T04:50:51.923+0100] {processor.py:186} INFO - Started process (PID=73683) to work on /Users/francisayanbadejo/venvs_projects/my_proj/lib/python3.9/site-packages/airflow/example_dags/example_sensor_decorator.py
[2025-04-23T04:50:51.925+0100] {processor.py:914} INFO - Processing file /Users/francisayanbadejo/venvs_projects/my_proj/lib/python3.9/site-packages/airflow/example_dags/example_sensor_decorator.py for tasks to queue
[2025-04-23T04:50:51.925+0100] {logging_mixin.py:190} INFO - [2025-04-23T04:50:51.925+0100] {dagbag.py:588} INFO - Filling up the DagBag from /Users/francisayanbadejo/venvs_projects/my_proj/lib/python3.9/site-packages/airflow/example_dags/example_sensor_decorator.py
[2025-04-23T04:50:51.936+0100] {processor.py:925} INFO - DAG(s) 'example_sensor_decorator' retrieved from /Users/francisayanbadejo/venvs_projects/my_proj/lib/python3.9/site-packages/airflow/example_dags/example_sensor_decorator.py
[2025-04-23T04:50:52.085+0100] {logging_mixin.py:190} INFO - [2025-04-23T04:50:52.084+0100] {dag.py:3239} INFO - Sync 1 DAGs
[2025-04-23T04:50:52.088+0100] {logging_mixin.py:190} INFO - [2025-04-23T04:50:52.088+0100] {dag.py:4180} INFO - Setting next_dagrun for example_sensor_decorator to None, run_after=None
[2025-04-23T04:50:52.094+0100] {processor.py:208} INFO - Processing /Users/francisayanbadejo/venvs_projects/my_proj/lib/python3.9/site-packages/airflow/example_dags/example_sensor_decorator.py took 0.172 seconds
[2025-04-23T04:52:47.265+0100] {processor.py:186} INFO - Started process (PID=73886) to work on /Users/francisayanbadejo/venvs_projects/my_proj/lib/python3.9/site-packages/airflow/example_dags/example_sensor_decorator.py
[2025-04-23T04:52:47.267+0100] {processor.py:914} INFO - Processing file /Users/francisayanbadejo/venvs_projects/my_proj/lib/python3.9/site-packages/airflow/example_dags/example_sensor_decorator.py for tasks to queue
[2025-04-23T04:52:47.268+0100] {logging_mixin.py:190} INFO - [2025-04-23T04:52:47.268+0100] {dagbag.py:588} INFO - Filling up the DagBag from /Users/francisayanbadejo/venvs_projects/my_proj/lib/python3.9/site-packages/airflow/example_dags/example_sensor_decorator.py
[2025-04-23T04:52:47.277+0100] {processor.py:925} INFO - DAG(s) 'example_sensor_decorator' retrieved from /Users/francisayanbadejo/venvs_projects/my_proj/lib/python3.9/site-packages/airflow/example_dags/example_sensor_decorator.py
[2025-04-23T04:52:47.426+0100] {logging_mixin.py:190} INFO - [2025-04-23T04:52:47.426+0100] {dag.py:3239} INFO - Sync 1 DAGs
[2025-04-23T04:52:47.429+0100] {logging_mixin.py:190} INFO - [2025-04-23T04:52:47.429+0100] {dag.py:4180} INFO - Setting next_dagrun for example_sensor_decorator to None, run_after=None
[2025-04-23T04:52:47.435+0100] {processor.py:208} INFO - Processing /Users/francisayanbadejo/venvs_projects/my_proj/lib/python3.9/site-packages/airflow/example_dags/example_sensor_decorator.py took 0.171 seconds
[2025-04-23T04:54:46.011+0100] {processor.py:186} INFO - Started process (PID=74174) to work on /Users/francisayanbadejo/venvs_projects/my_proj/lib/python3.9/site-packages/airflow/example_dags/example_sensor_decorator.py
[2025-04-23T04:54:46.013+0100] {processor.py:914} INFO - Processing file /Users/francisayanbadejo/venvs_projects/my_proj/lib/python3.9/site-packages/airflow/example_dags/example_sensor_decorator.py for tasks to queue
[2025-04-23T04:54:46.014+0100] {logging_mixin.py:190} INFO - [2025-04-23T04:54:46.014+0100] {dagbag.py:588} INFO - Filling up the DagBag from /Users/francisayanbadejo/venvs_projects/my_proj/lib/python3.9/site-packages/airflow/example_dags/example_sensor_decorator.py
[2025-04-23T04:54:46.024+0100] {processor.py:925} INFO - DAG(s) 'example_sensor_decorator' retrieved from /Users/francisayanbadejo/venvs_projects/my_proj/lib/python3.9/site-packages/airflow/example_dags/example_sensor_decorator.py
[2025-04-23T04:54:46.178+0100] {logging_mixin.py:190} INFO - [2025-04-23T04:54:46.178+0100] {dag.py:3239} INFO - Sync 1 DAGs
[2025-04-23T04:54:46.182+0100] {logging_mixin.py:190} INFO - [2025-04-23T04:54:46.182+0100] {dag.py:4180} INFO - Setting next_dagrun for example_sensor_decorator to None, run_after=None
[2025-04-23T04:54:46.187+0100] {processor.py:208} INFO - Processing /Users/francisayanbadejo/venvs_projects/my_proj/lib/python3.9/site-packages/airflow/example_dags/example_sensor_decorator.py took 0.178 seconds
[2025-04-23T04:56:38.908+0100] {processor.py:186} INFO - Started process (PID=74422) to work on /Users/francisayanbadejo/venvs_projects/my_proj/lib/python3.9/site-packages/airflow/example_dags/example_sensor_decorator.py
[2025-04-23T04:56:38.909+0100] {processor.py:914} INFO - Processing file /Users/francisayanbadejo/venvs_projects/my_proj/lib/python3.9/site-packages/airflow/example_dags/example_sensor_decorator.py for tasks to queue
[2025-04-23T04:56:38.910+0100] {logging_mixin.py:190} INFO - [2025-04-23T04:56:38.910+0100] {dagbag.py:588} INFO - Filling up the DagBag from /Users/francisayanbadejo/venvs_projects/my_proj/lib/python3.9/site-packages/airflow/example_dags/example_sensor_decorator.py
[2025-04-23T04:56:38.919+0100] {processor.py:925} INFO - DAG(s) 'example_sensor_decorator' retrieved from /Users/francisayanbadejo/venvs_projects/my_proj/lib/python3.9/site-packages/airflow/example_dags/example_sensor_decorator.py
[2025-04-23T04:56:39.075+0100] {logging_mixin.py:190} INFO - [2025-04-23T04:56:39.074+0100] {dag.py:3239} INFO - Sync 1 DAGs
[2025-04-23T04:56:39.078+0100] {logging_mixin.py:190} INFO - [2025-04-23T04:56:39.078+0100] {dag.py:4180} INFO - Setting next_dagrun for example_sensor_decorator to None, run_after=None
[2025-04-23T04:56:39.083+0100] {processor.py:208} INFO - Processing /Users/francisayanbadejo/venvs_projects/my_proj/lib/python3.9/site-packages/airflow/example_dags/example_sensor_decorator.py took 0.176 seconds
[2025-04-23T04:58:29.242+0100] {processor.py:186} INFO - Started process (PID=74731) to work on /Users/francisayanbadejo/venvs_projects/my_proj/lib/python3.9/site-packages/airflow/example_dags/example_sensor_decorator.py
[2025-04-23T04:58:29.243+0100] {processor.py:914} INFO - Processing file /Users/francisayanbadejo/venvs_projects/my_proj/lib/python3.9/site-packages/airflow/example_dags/example_sensor_decorator.py for tasks to queue
[2025-04-23T04:58:29.244+0100] {logging_mixin.py:190} INFO - [2025-04-23T04:58:29.244+0100] {dagbag.py:588} INFO - Filling up the DagBag from /Users/francisayanbadejo/venvs_projects/my_proj/lib/python3.9/site-packages/airflow/example_dags/example_sensor_decorator.py
[2025-04-23T04:58:29.253+0100] {processor.py:925} INFO - DAG(s) 'example_sensor_decorator' retrieved from /Users/francisayanbadejo/venvs_projects/my_proj/lib/python3.9/site-packages/airflow/example_dags/example_sensor_decorator.py
[2025-04-23T04:58:29.414+0100] {logging_mixin.py:190} INFO - [2025-04-23T04:58:29.414+0100] {dag.py:3239} INFO - Sync 1 DAGs
[2025-04-23T04:58:29.417+0100] {logging_mixin.py:190} INFO - [2025-04-23T04:58:29.417+0100] {dag.py:4180} INFO - Setting next_dagrun for example_sensor_decorator to None, run_after=None
[2025-04-23T04:58:29.422+0100] {processor.py:208} INFO - Processing /Users/francisayanbadejo/venvs_projects/my_proj/lib/python3.9/site-packages/airflow/example_dags/example_sensor_decorator.py took 0.182 seconds
[2025-04-23T05:00:16.963+0100] {processor.py:186} INFO - Started process (PID=74973) to work on /Users/francisayanbadejo/venvs_projects/my_proj/lib/python3.9/site-packages/airflow/example_dags/example_sensor_decorator.py
[2025-04-23T05:00:16.964+0100] {processor.py:914} INFO - Processing file /Users/francisayanbadejo/venvs_projects/my_proj/lib/python3.9/site-packages/airflow/example_dags/example_sensor_decorator.py for tasks to queue
[2025-04-23T05:00:16.965+0100] {logging_mixin.py:190} INFO - [2025-04-23T05:00:16.965+0100] {dagbag.py:588} INFO - Filling up the DagBag from /Users/francisayanbadejo/venvs_projects/my_proj/lib/python3.9/site-packages/airflow/example_dags/example_sensor_decorator.py
[2025-04-23T05:00:16.974+0100] {processor.py:925} INFO - DAG(s) 'example_sensor_decorator' retrieved from /Users/francisayanbadejo/venvs_projects/my_proj/lib/python3.9/site-packages/airflow/example_dags/example_sensor_decorator.py
[2025-04-23T05:00:17.124+0100] {logging_mixin.py:190} INFO - [2025-04-23T05:00:17.124+0100] {dag.py:3239} INFO - Sync 1 DAGs
[2025-04-23T05:00:17.128+0100] {logging_mixin.py:190} INFO - [2025-04-23T05:00:17.128+0100] {dag.py:4180} INFO - Setting next_dagrun for example_sensor_decorator to None, run_after=None
[2025-04-23T05:00:17.134+0100] {processor.py:208} INFO - Processing /Users/francisayanbadejo/venvs_projects/my_proj/lib/python3.9/site-packages/airflow/example_dags/example_sensor_decorator.py took 0.172 seconds
[2025-04-23T05:02:05.790+0100] {processor.py:186} INFO - Started process (PID=75212) to work on /Users/francisayanbadejo/venvs_projects/my_proj/lib/python3.9/site-packages/airflow/example_dags/example_sensor_decorator.py
[2025-04-23T05:02:05.792+0100] {processor.py:914} INFO - Processing file /Users/francisayanbadejo/venvs_projects/my_proj/lib/python3.9/site-packages/airflow/example_dags/example_sensor_decorator.py for tasks to queue
[2025-04-23T05:02:05.792+0100] {logging_mixin.py:190} INFO - [2025-04-23T05:02:05.792+0100] {dagbag.py:588} INFO - Filling up the DagBag from /Users/francisayanbadejo/venvs_projects/my_proj/lib/python3.9/site-packages/airflow/example_dags/example_sensor_decorator.py
[2025-04-23T05:02:05.803+0100] {processor.py:925} INFO - DAG(s) 'example_sensor_decorator' retrieved from /Users/francisayanbadejo/venvs_projects/my_proj/lib/python3.9/site-packages/airflow/example_dags/example_sensor_decorator.py
[2025-04-23T05:02:05.955+0100] {logging_mixin.py:190} INFO - [2025-04-23T05:02:05.955+0100] {dag.py:3239} INFO - Sync 1 DAGs
[2025-04-23T05:02:05.958+0100] {logging_mixin.py:190} INFO - [2025-04-23T05:02:05.958+0100] {dag.py:4180} INFO - Setting next_dagrun for example_sensor_decorator to None, run_after=None
[2025-04-23T05:02:05.964+0100] {processor.py:208} INFO - Processing /Users/francisayanbadejo/venvs_projects/my_proj/lib/python3.9/site-packages/airflow/example_dags/example_sensor_decorator.py took 0.175 seconds
[2025-04-23T05:04:00.694+0100] {processor.py:186} INFO - Started process (PID=75465) to work on /Users/francisayanbadejo/venvs_projects/my_proj/lib/python3.9/site-packages/airflow/example_dags/example_sensor_decorator.py
[2025-04-23T05:04:00.696+0100] {processor.py:914} INFO - Processing file /Users/francisayanbadejo/venvs_projects/my_proj/lib/python3.9/site-packages/airflow/example_dags/example_sensor_decorator.py for tasks to queue
[2025-04-23T05:04:00.696+0100] {logging_mixin.py:190} INFO - [2025-04-23T05:04:00.696+0100] {dagbag.py:588} INFO - Filling up the DagBag from /Users/francisayanbadejo/venvs_projects/my_proj/lib/python3.9/site-packages/airflow/example_dags/example_sensor_decorator.py
[2025-04-23T05:04:00.706+0100] {processor.py:925} INFO - DAG(s) 'example_sensor_decorator' retrieved from /Users/francisayanbadejo/venvs_projects/my_proj/lib/python3.9/site-packages/airflow/example_dags/example_sensor_decorator.py
[2025-04-23T05:04:00.861+0100] {logging_mixin.py:190} INFO - [2025-04-23T05:04:00.861+0100] {dag.py:3239} INFO - Sync 1 DAGs
[2025-04-23T05:04:00.865+0100] {logging_mixin.py:190} INFO - [2025-04-23T05:04:00.865+0100] {dag.py:4180} INFO - Setting next_dagrun for example_sensor_decorator to None, run_after=None
[2025-04-23T05:04:00.870+0100] {processor.py:208} INFO - Processing /Users/francisayanbadejo/venvs_projects/my_proj/lib/python3.9/site-packages/airflow/example_dags/example_sensor_decorator.py took 0.177 seconds
[2025-04-23T05:05:48.712+0100] {processor.py:186} INFO - Started process (PID=75713) to work on /Users/francisayanbadejo/venvs_projects/my_proj/lib/python3.9/site-packages/airflow/example_dags/example_sensor_decorator.py
[2025-04-23T05:05:48.713+0100] {processor.py:914} INFO - Processing file /Users/francisayanbadejo/venvs_projects/my_proj/lib/python3.9/site-packages/airflow/example_dags/example_sensor_decorator.py for tasks to queue
[2025-04-23T05:05:48.714+0100] {logging_mixin.py:190} INFO - [2025-04-23T05:05:48.714+0100] {dagbag.py:588} INFO - Filling up the DagBag from /Users/francisayanbadejo/venvs_projects/my_proj/lib/python3.9/site-packages/airflow/example_dags/example_sensor_decorator.py
[2025-04-23T05:05:48.724+0100] {processor.py:925} INFO - DAG(s) 'example_sensor_decorator' retrieved from /Users/francisayanbadejo/venvs_projects/my_proj/lib/python3.9/site-packages/airflow/example_dags/example_sensor_decorator.py
[2025-04-23T05:05:48.887+0100] {logging_mixin.py:190} INFO - [2025-04-23T05:05:48.887+0100] {dag.py:3239} INFO - Sync 1 DAGs
[2025-04-23T05:05:48.891+0100] {logging_mixin.py:190} INFO - [2025-04-23T05:05:48.891+0100] {dag.py:4180} INFO - Setting next_dagrun for example_sensor_decorator to None, run_after=None
[2025-04-23T05:05:48.896+0100] {processor.py:208} INFO - Processing /Users/francisayanbadejo/venvs_projects/my_proj/lib/python3.9/site-packages/airflow/example_dags/example_sensor_decorator.py took 0.186 seconds
[2025-04-23T05:07:40.103+0100] {processor.py:186} INFO - Started process (PID=75937) to work on /Users/francisayanbadejo/venvs_projects/my_proj/lib/python3.9/site-packages/airflow/example_dags/example_sensor_decorator.py
[2025-04-23T05:07:40.104+0100] {processor.py:914} INFO - Processing file /Users/francisayanbadejo/venvs_projects/my_proj/lib/python3.9/site-packages/airflow/example_dags/example_sensor_decorator.py for tasks to queue
[2025-04-23T05:07:40.105+0100] {logging_mixin.py:190} INFO - [2025-04-23T05:07:40.105+0100] {dagbag.py:588} INFO - Filling up the DagBag from /Users/francisayanbadejo/venvs_projects/my_proj/lib/python3.9/site-packages/airflow/example_dags/example_sensor_decorator.py
[2025-04-23T05:07:40.116+0100] {processor.py:925} INFO - DAG(s) 'example_sensor_decorator' retrieved from /Users/francisayanbadejo/venvs_projects/my_proj/lib/python3.9/site-packages/airflow/example_dags/example_sensor_decorator.py
[2025-04-23T05:07:40.271+0100] {logging_mixin.py:190} INFO - [2025-04-23T05:07:40.271+0100] {dag.py:3239} INFO - Sync 1 DAGs
[2025-04-23T05:07:40.275+0100] {logging_mixin.py:190} INFO - [2025-04-23T05:07:40.275+0100] {dag.py:4180} INFO - Setting next_dagrun for example_sensor_decorator to None, run_after=None
[2025-04-23T05:07:40.280+0100] {processor.py:208} INFO - Processing /Users/francisayanbadejo/venvs_projects/my_proj/lib/python3.9/site-packages/airflow/example_dags/example_sensor_decorator.py took 0.178 seconds
[2025-04-23T05:09:31.705+0100] {processor.py:186} INFO - Started process (PID=76403) to work on /Users/francisayanbadejo/venvs_projects/my_proj/lib/python3.9/site-packages/airflow/example_dags/example_sensor_decorator.py
[2025-04-23T05:09:31.706+0100] {processor.py:914} INFO - Processing file /Users/francisayanbadejo/venvs_projects/my_proj/lib/python3.9/site-packages/airflow/example_dags/example_sensor_decorator.py for tasks to queue
[2025-04-23T05:09:31.706+0100] {logging_mixin.py:190} INFO - [2025-04-23T05:09:31.706+0100] {dagbag.py:588} INFO - Filling up the DagBag from /Users/francisayanbadejo/venvs_projects/my_proj/lib/python3.9/site-packages/airflow/example_dags/example_sensor_decorator.py
[2025-04-23T05:09:31.716+0100] {processor.py:925} INFO - DAG(s) 'example_sensor_decorator' retrieved from /Users/francisayanbadejo/venvs_projects/my_proj/lib/python3.9/site-packages/airflow/example_dags/example_sensor_decorator.py
[2025-04-23T05:09:31.878+0100] {logging_mixin.py:190} INFO - [2025-04-23T05:09:31.878+0100] {dag.py:3239} INFO - Sync 1 DAGs
[2025-04-23T05:09:31.881+0100] {logging_mixin.py:190} INFO - [2025-04-23T05:09:31.881+0100] {dag.py:4180} INFO - Setting next_dagrun for example_sensor_decorator to None, run_after=None
[2025-04-23T05:09:31.887+0100] {processor.py:208} INFO - Processing /Users/francisayanbadejo/venvs_projects/my_proj/lib/python3.9/site-packages/airflow/example_dags/example_sensor_decorator.py took 0.183 seconds
[2025-04-23T05:18:56.944+0100] {processor.py:186} INFO - Started process (PID=77352) to work on /Users/francisayanbadejo/venvs_projects/my_proj/lib/python3.9/site-packages/airflow/example_dags/example_sensor_decorator.py
[2025-04-23T05:18:56.945+0100] {processor.py:914} INFO - Processing file /Users/francisayanbadejo/venvs_projects/my_proj/lib/python3.9/site-packages/airflow/example_dags/example_sensor_decorator.py for tasks to queue
[2025-04-23T05:18:56.946+0100] {logging_mixin.py:190} INFO - [2025-04-23T05:18:56.946+0100] {dagbag.py:588} INFO - Filling up the DagBag from /Users/francisayanbadejo/venvs_projects/my_proj/lib/python3.9/site-packages/airflow/example_dags/example_sensor_decorator.py
[2025-04-23T05:18:56.957+0100] {processor.py:925} INFO - DAG(s) 'example_sensor_decorator' retrieved from /Users/francisayanbadejo/venvs_projects/my_proj/lib/python3.9/site-packages/airflow/example_dags/example_sensor_decorator.py
[2025-04-23T05:18:57.117+0100] {logging_mixin.py:190} INFO - [2025-04-23T05:18:57.116+0100] {dag.py:3239} INFO - Sync 1 DAGs
[2025-04-23T05:18:57.121+0100] {logging_mixin.py:190} INFO - [2025-04-23T05:18:57.121+0100] {dag.py:4180} INFO - Setting next_dagrun for example_sensor_decorator to None, run_after=None
[2025-04-23T05:18:57.126+0100] {processor.py:208} INFO - Processing /Users/francisayanbadejo/venvs_projects/my_proj/lib/python3.9/site-packages/airflow/example_dags/example_sensor_decorator.py took 0.184 seconds
[2025-04-23T05:20:26.129+0100] {processor.py:186} INFO - Started process (PID=77508) to work on /Users/francisayanbadejo/venvs_projects/my_proj/lib/python3.9/site-packages/airflow/example_dags/example_sensor_decorator.py
[2025-04-23T05:20:26.131+0100] {processor.py:914} INFO - Processing file /Users/francisayanbadejo/venvs_projects/my_proj/lib/python3.9/site-packages/airflow/example_dags/example_sensor_decorator.py for tasks to queue
[2025-04-23T05:20:26.132+0100] {logging_mixin.py:190} INFO - [2025-04-23T05:20:26.132+0100] {dagbag.py:588} INFO - Filling up the DagBag from /Users/francisayanbadejo/venvs_projects/my_proj/lib/python3.9/site-packages/airflow/example_dags/example_sensor_decorator.py
[2025-04-23T05:20:26.142+0100] {processor.py:925} INFO - DAG(s) 'example_sensor_decorator' retrieved from /Users/francisayanbadejo/venvs_projects/my_proj/lib/python3.9/site-packages/airflow/example_dags/example_sensor_decorator.py
[2025-04-23T05:20:26.295+0100] {logging_mixin.py:190} INFO - [2025-04-23T05:20:26.295+0100] {dag.py:3239} INFO - Sync 1 DAGs
[2025-04-23T05:20:26.298+0100] {logging_mixin.py:190} INFO - [2025-04-23T05:20:26.298+0100] {dag.py:4180} INFO - Setting next_dagrun for example_sensor_decorator to None, run_after=None
[2025-04-23T05:20:26.304+0100] {processor.py:208} INFO - Processing /Users/francisayanbadejo/venvs_projects/my_proj/lib/python3.9/site-packages/airflow/example_dags/example_sensor_decorator.py took 0.176 seconds
[2025-04-23T12:30:28.331+0100] {processor.py:186} INFO - Started process (PID=86407) to work on /Users/francisayanbadejo/venvs_projects/my_proj/lib/python3.9/site-packages/airflow/example_dags/example_sensor_decorator.py
[2025-04-23T12:30:28.333+0100] {processor.py:914} INFO - Processing file /Users/francisayanbadejo/venvs_projects/my_proj/lib/python3.9/site-packages/airflow/example_dags/example_sensor_decorator.py for tasks to queue
[2025-04-23T12:30:28.334+0100] {logging_mixin.py:190} INFO - [2025-04-23T12:30:28.334+0100] {dagbag.py:588} INFO - Filling up the DagBag from /Users/francisayanbadejo/venvs_projects/my_proj/lib/python3.9/site-packages/airflow/example_dags/example_sensor_decorator.py
[2025-04-23T12:30:28.345+0100] {processor.py:925} INFO - DAG(s) 'example_sensor_decorator' retrieved from /Users/francisayanbadejo/venvs_projects/my_proj/lib/python3.9/site-packages/airflow/example_dags/example_sensor_decorator.py
[2025-04-23T12:30:28.506+0100] {logging_mixin.py:190} INFO - [2025-04-23T12:30:28.506+0100] {dag.py:3239} INFO - Sync 1 DAGs
[2025-04-23T12:30:28.510+0100] {logging_mixin.py:190} INFO - [2025-04-23T12:30:28.509+0100] {dag.py:4180} INFO - Setting next_dagrun for example_sensor_decorator to None, run_after=None
[2025-04-23T12:30:28.515+0100] {processor.py:208} INFO - Processing /Users/francisayanbadejo/venvs_projects/my_proj/lib/python3.9/site-packages/airflow/example_dags/example_sensor_decorator.py took 0.185 seconds
