[2025-04-23T02:29:30.691+0100] {processor.py:186} INFO - Started process (PID=57773) to work on /Users/francisayanbadejo/venvs_projects/my_proj/lib/python3.9/site-packages/airflow/example_dags/example_bash_decorator.py
[2025-04-23T02:29:30.692+0100] {processor.py:914} INFO - Processing file /Users/francisayanbadejo/venvs_projects/my_proj/lib/python3.9/site-packages/airflow/example_dags/example_bash_decorator.py for tasks to queue
[2025-04-23T02:29:30.693+0100] {logging_mixin.py:190} INFO - [2025-04-23T02:29:30.693+0100] {dagbag.py:588} INFO - Filling up the DagBag from /Users/francisayanbadejo/venvs_projects/my_proj/lib/python3.9/site-packages/airflow/example_dags/example_bash_decorator.py
[2025-04-23T02:29:30.705+0100] {processor.py:925} INFO - DAG(s) 'example_bash_decorator' retrieved from /Users/francisayanbadejo/venvs_projects/my_proj/lib/python3.9/site-packages/airflow/example_dags/example_bash_decorator.py
[2025-04-23T02:29:30.760+0100] {logging_mixin.py:190} INFO - [2025-04-23T02:29:30.760+0100] {override.py:1930} INFO - Created Permission View: can delete on DAG:example_bash_decorator
[2025-04-23T02:29:30.762+0100] {logging_mixin.py:190} INFO - [2025-04-23T02:29:30.762+0100] {override.py:1930} INFO - Created Permission View: can edit on DAG:example_bash_decorator
[2025-04-23T02:29:30.764+0100] {logging_mixin.py:190} INFO - [2025-04-23T02:29:30.763+0100] {override.py:1930} INFO - Created Permission View: can read on DAG:example_bash_decorator
[2025-04-23T02:29:30.765+0100] {logging_mixin.py:190} INFO - [2025-04-23T02:29:30.765+0100] {override.py:1930} INFO - Created Permission View: can delete on DAG Run:example_bash_decorator
[2025-04-23T02:29:30.767+0100] {logging_mixin.py:190} INFO - [2025-04-23T02:29:30.767+0100] {override.py:1930} INFO - Created Permission View: menu access on DAG Run:example_bash_decorator
[2025-04-23T02:29:30.768+0100] {logging_mixin.py:190} INFO - [2025-04-23T02:29:30.768+0100] {override.py:1930} INFO - Created Permission View: can create on DAG Run:example_bash_decorator
[2025-04-23T02:29:30.770+0100] {logging_mixin.py:190} INFO - [2025-04-23T02:29:30.770+0100] {override.py:1930} INFO - Created Permission View: can read on DAG Run:example_bash_decorator
[2025-04-23T02:29:30.770+0100] {logging_mixin.py:190} INFO - [2025-04-23T02:29:30.770+0100] {dag.py:3239} INFO - Sync 1 DAGs
[2025-04-23T02:29:30.773+0100] {logging_mixin.py:190} INFO - [2025-04-23T02:29:30.773+0100] {dag.py:3262} INFO - Creating ORM DAG for example_bash_decorator
[2025-04-23T02:29:30.773+0100] {logging_mixin.py:190} INFO - [2025-04-23T02:29:30.773+0100] {dag.py:4180} INFO - Setting next_dagrun for example_bash_decorator to None, run_after=None
[2025-04-23T02:29:30.777+0100] {processor.py:208} INFO - Processing /Users/francisayanbadejo/venvs_projects/my_proj/lib/python3.9/site-packages/airflow/example_dags/example_bash_decorator.py took 0.087 seconds
[2025-04-23T02:31:20.555+0100] {processor.py:186} INFO - Started process (PID=57970) to work on /Users/francisayanbadejo/venvs_projects/my_proj/lib/python3.9/site-packages/airflow/example_dags/example_bash_decorator.py
[2025-04-23T02:31:20.557+0100] {processor.py:914} INFO - Processing file /Users/francisayanbadejo/venvs_projects/my_proj/lib/python3.9/site-packages/airflow/example_dags/example_bash_decorator.py for tasks to queue
[2025-04-23T02:31:20.558+0100] {logging_mixin.py:190} INFO - [2025-04-23T02:31:20.558+0100] {dagbag.py:588} INFO - Filling up the DagBag from /Users/francisayanbadejo/venvs_projects/my_proj/lib/python3.9/site-packages/airflow/example_dags/example_bash_decorator.py
[2025-04-23T02:31:20.569+0100] {processor.py:925} INFO - DAG(s) 'example_bash_decorator' retrieved from /Users/francisayanbadejo/venvs_projects/my_proj/lib/python3.9/site-packages/airflow/example_dags/example_bash_decorator.py
[2025-04-23T02:31:20.629+0100] {logging_mixin.py:190} INFO - [2025-04-23T02:31:20.629+0100] {dag.py:3239} INFO - Sync 1 DAGs
[2025-04-23T02:31:20.632+0100] {logging_mixin.py:190} INFO - [2025-04-23T02:31:20.632+0100] {dag.py:4180} INFO - Setting next_dagrun for example_bash_decorator to None, run_after=None
[2025-04-23T02:31:20.638+0100] {processor.py:208} INFO - Processing /Users/francisayanbadejo/venvs_projects/my_proj/lib/python3.9/site-packages/airflow/example_dags/example_bash_decorator.py took 0.084 seconds
[2025-04-23T02:33:09.187+0100] {processor.py:186} INFO - Started process (PID=58223) to work on /Users/francisayanbadejo/venvs_projects/my_proj/lib/python3.9/site-packages/airflow/example_dags/example_bash_decorator.py
[2025-04-23T02:33:09.189+0100] {processor.py:914} INFO - Processing file /Users/francisayanbadejo/venvs_projects/my_proj/lib/python3.9/site-packages/airflow/example_dags/example_bash_decorator.py for tasks to queue
[2025-04-23T02:33:09.190+0100] {logging_mixin.py:190} INFO - [2025-04-23T02:33:09.190+0100] {dagbag.py:588} INFO - Filling up the DagBag from /Users/francisayanbadejo/venvs_projects/my_proj/lib/python3.9/site-packages/airflow/example_dags/example_bash_decorator.py
[2025-04-23T02:33:09.201+0100] {processor.py:925} INFO - DAG(s) 'example_bash_decorator' retrieved from /Users/francisayanbadejo/venvs_projects/my_proj/lib/python3.9/site-packages/airflow/example_dags/example_bash_decorator.py
[2025-04-23T02:33:09.260+0100] {logging_mixin.py:190} INFO - [2025-04-23T02:33:09.260+0100] {dag.py:3239} INFO - Sync 1 DAGs
[2025-04-23T02:33:09.263+0100] {logging_mixin.py:190} INFO - [2025-04-23T02:33:09.263+0100] {dag.py:4180} INFO - Setting next_dagrun for example_bash_decorator to None, run_after=None
[2025-04-23T02:33:09.269+0100] {processor.py:208} INFO - Processing /Users/francisayanbadejo/venvs_projects/my_proj/lib/python3.9/site-packages/airflow/example_dags/example_bash_decorator.py took 0.083 seconds
[2025-04-23T02:35:17.808+0100] {processor.py:186} INFO - Started process (PID=58547) to work on /Users/francisayanbadejo/venvs_projects/my_proj/lib/python3.9/site-packages/airflow/example_dags/example_bash_decorator.py
[2025-04-23T02:35:17.809+0100] {processor.py:914} INFO - Processing file /Users/francisayanbadejo/venvs_projects/my_proj/lib/python3.9/site-packages/airflow/example_dags/example_bash_decorator.py for tasks to queue
[2025-04-23T02:35:17.810+0100] {logging_mixin.py:190} INFO - [2025-04-23T02:35:17.810+0100] {dagbag.py:588} INFO - Filling up the DagBag from /Users/francisayanbadejo/venvs_projects/my_proj/lib/python3.9/site-packages/airflow/example_dags/example_bash_decorator.py
[2025-04-23T02:35:17.822+0100] {processor.py:925} INFO - DAG(s) 'example_bash_decorator' retrieved from /Users/francisayanbadejo/venvs_projects/my_proj/lib/python3.9/site-packages/airflow/example_dags/example_bash_decorator.py
[2025-04-23T02:35:17.886+0100] {logging_mixin.py:190} INFO - [2025-04-23T02:35:17.886+0100] {dag.py:3239} INFO - Sync 1 DAGs
[2025-04-23T02:35:17.890+0100] {logging_mixin.py:190} INFO - [2025-04-23T02:35:17.890+0100] {dag.py:4180} INFO - Setting next_dagrun for example_bash_decorator to None, run_after=None
[2025-04-23T02:35:17.895+0100] {processor.py:208} INFO - Processing /Users/francisayanbadejo/venvs_projects/my_proj/lib/python3.9/site-packages/airflow/example_dags/example_bash_decorator.py took 0.089 seconds
[2025-04-23T02:37:05.409+0100] {processor.py:186} INFO - Started process (PID=58715) to work on /Users/francisayanbadejo/venvs_projects/my_proj/lib/python3.9/site-packages/airflow/example_dags/example_bash_decorator.py
[2025-04-23T02:37:05.411+0100] {processor.py:914} INFO - Processing file /Users/francisayanbadejo/venvs_projects/my_proj/lib/python3.9/site-packages/airflow/example_dags/example_bash_decorator.py for tasks to queue
[2025-04-23T02:37:05.412+0100] {logging_mixin.py:190} INFO - [2025-04-23T02:37:05.412+0100] {dagbag.py:588} INFO - Filling up the DagBag from /Users/francisayanbadejo/venvs_projects/my_proj/lib/python3.9/site-packages/airflow/example_dags/example_bash_decorator.py
[2025-04-23T02:37:05.424+0100] {processor.py:925} INFO - DAG(s) 'example_bash_decorator' retrieved from /Users/francisayanbadejo/venvs_projects/my_proj/lib/python3.9/site-packages/airflow/example_dags/example_bash_decorator.py
[2025-04-23T02:37:05.492+0100] {logging_mixin.py:190} INFO - [2025-04-23T02:37:05.492+0100] {dag.py:3239} INFO - Sync 1 DAGs
[2025-04-23T02:37:05.495+0100] {logging_mixin.py:190} INFO - [2025-04-23T02:37:05.495+0100] {dag.py:4180} INFO - Setting next_dagrun for example_bash_decorator to None, run_after=None
[2025-04-23T02:37:05.501+0100] {processor.py:208} INFO - Processing /Users/francisayanbadejo/venvs_projects/my_proj/lib/python3.9/site-packages/airflow/example_dags/example_bash_decorator.py took 0.092 seconds
