[2025-04-23T03:41:23.939+0100] {processor.py:186} INFO - Started process (PID=63401) to work on /Users/francisayanbadejo/venvs_projects/my_proj/lib/python3.9/site-packages/airflow/example_dags/example_sensors.py
[2025-04-23T03:41:23.941+0100] {processor.py:914} INFO - Processing file /Users/francisayanbadejo/venvs_projects/my_proj/lib/python3.9/site-packages/airflow/example_dags/example_sensors.py for tasks to queue
[2025-04-23T03:41:23.941+0100] {logging_mixin.py:190} INFO - [2025-04-23T03:41:23.941+0100] {dagbag.py:588} INFO - Filling up the DagBag from /Users/francisayanbadejo/venvs_projects/my_proj/lib/python3.9/site-packages/airflow/example_dags/example_sensors.py
[2025-04-23T03:41:23.945+0100] {processor.py:925} INFO - DAG(s) 'example_sensors' retrieved from /Users/francisayanbadejo/venvs_projects/my_proj/lib/python3.9/site-packages/airflow/example_dags/example_sensors.py
[2025-04-23T03:41:24.129+0100] {logging_mixin.py:190} INFO - [2025-04-23T03:41:24.129+0100] {override.py:1930} INFO - Created Permission View: can read on DAG:example_sensors
[2025-04-23T03:41:24.131+0100] {logging_mixin.py:190} INFO - [2025-04-23T03:41:24.131+0100] {override.py:1930} INFO - Created Permission View: can delete on DAG:example_sensors
[2025-04-23T03:41:24.134+0100] {logging_mixin.py:190} INFO - [2025-04-23T03:41:24.134+0100] {override.py:1930} INFO - Created Permission View: can edit on DAG:example_sensors
[2025-04-23T03:41:24.136+0100] {logging_mixin.py:190} INFO - [2025-04-23T03:41:24.136+0100] {override.py:1930} INFO - Created Permission View: can read on DAG Run:example_sensors
[2025-04-23T03:41:24.137+0100] {logging_mixin.py:190} INFO - [2025-04-23T03:41:24.137+0100] {override.py:1930} INFO - Created Permission View: can delete on DAG Run:example_sensors
[2025-04-23T03:41:24.138+0100] {logging_mixin.py:190} INFO - [2025-04-23T03:41:24.138+0100] {override.py:1930} INFO - Created Permission View: can create on DAG Run:example_sensors
[2025-04-23T03:41:24.140+0100] {logging_mixin.py:190} INFO - [2025-04-23T03:41:24.140+0100] {override.py:1930} INFO - Created Permission View: menu access on DAG Run:example_sensors
[2025-04-23T03:41:24.140+0100] {logging_mixin.py:190} INFO - [2025-04-23T03:41:24.140+0100] {dag.py:3239} INFO - Sync 1 DAGs
[2025-04-23T03:41:24.144+0100] {logging_mixin.py:190} INFO - [2025-04-23T03:41:24.144+0100] {dag.py:3262} INFO - Creating ORM DAG for example_sensors
[2025-04-23T03:41:24.144+0100] {logging_mixin.py:190} INFO - [2025-04-23T03:41:24.144+0100] {dag.py:4180} INFO - Setting next_dagrun for example_sensors to None, run_after=None
[2025-04-23T03:41:24.149+0100] {processor.py:208} INFO - Processing /Users/francisayanbadejo/venvs_projects/my_proj/lib/python3.9/site-packages/airflow/example_dags/example_sensors.py took 0.211 seconds
[2025-04-23T03:44:49.109+0100] {processor.py:186} INFO - Started process (PID=64321) to work on /Users/francisayanbadejo/venvs_projects/my_proj/lib/python3.9/site-packages/airflow/example_dags/example_sensors.py
[2025-04-23T03:44:49.110+0100] {processor.py:914} INFO - Processing file /Users/francisayanbadejo/venvs_projects/my_proj/lib/python3.9/site-packages/airflow/example_dags/example_sensors.py for tasks to queue
[2025-04-23T03:44:49.111+0100] {logging_mixin.py:190} INFO - [2025-04-23T03:44:49.111+0100] {dagbag.py:588} INFO - Filling up the DagBag from /Users/francisayanbadejo/venvs_projects/my_proj/lib/python3.9/site-packages/airflow/example_dags/example_sensors.py
[2025-04-23T03:44:49.116+0100] {processor.py:925} INFO - DAG(s) 'example_sensors' retrieved from /Users/francisayanbadejo/venvs_projects/my_proj/lib/python3.9/site-packages/airflow/example_dags/example_sensors.py
[2025-04-23T03:44:49.277+0100] {logging_mixin.py:190} INFO - [2025-04-23T03:44:49.277+0100] {dag.py:3239} INFO - Sync 1 DAGs
[2025-04-23T03:44:49.281+0100] {logging_mixin.py:190} INFO - [2025-04-23T03:44:49.280+0100] {dag.py:4180} INFO - Setting next_dagrun for example_sensors to None, run_after=None
[2025-04-23T03:44:49.286+0100] {processor.py:208} INFO - Processing /Users/francisayanbadejo/venvs_projects/my_proj/lib/python3.9/site-packages/airflow/example_dags/example_sensors.py took 0.178 seconds
[2025-04-23T03:46:15.481+0100] {processor.py:186} INFO - Started process (PID=64510) to work on /Users/francisayanbadejo/venvs_projects/my_proj/lib/python3.9/site-packages/airflow/example_dags/example_sensors.py
[2025-04-23T03:46:15.482+0100] {processor.py:914} INFO - Processing file /Users/francisayanbadejo/venvs_projects/my_proj/lib/python3.9/site-packages/airflow/example_dags/example_sensors.py for tasks to queue
[2025-04-23T03:46:15.483+0100] {logging_mixin.py:190} INFO - [2025-04-23T03:46:15.483+0100] {dagbag.py:588} INFO - Filling up the DagBag from /Users/francisayanbadejo/venvs_projects/my_proj/lib/python3.9/site-packages/airflow/example_dags/example_sensors.py
[2025-04-23T03:46:15.489+0100] {processor.py:925} INFO - DAG(s) 'example_sensors' retrieved from /Users/francisayanbadejo/venvs_projects/my_proj/lib/python3.9/site-packages/airflow/example_dags/example_sensors.py
[2025-04-23T03:46:15.663+0100] {logging_mixin.py:190} INFO - [2025-04-23T03:46:15.663+0100] {dag.py:3239} INFO - Sync 1 DAGs
[2025-04-23T03:46:15.667+0100] {logging_mixin.py:190} INFO - [2025-04-23T03:46:15.666+0100] {dag.py:4180} INFO - Setting next_dagrun for example_sensors to None, run_after=None
[2025-04-23T03:46:15.673+0100] {processor.py:208} INFO - Processing /Users/francisayanbadejo/venvs_projects/my_proj/lib/python3.9/site-packages/airflow/example_dags/example_sensors.py took 0.193 seconds
[2025-04-23T03:48:04.178+0100] {processor.py:186} INFO - Started process (PID=64753) to work on /Users/francisayanbadejo/venvs_projects/my_proj/lib/python3.9/site-packages/airflow/example_dags/example_sensors.py
[2025-04-23T03:48:04.179+0100] {processor.py:914} INFO - Processing file /Users/francisayanbadejo/venvs_projects/my_proj/lib/python3.9/site-packages/airflow/example_dags/example_sensors.py for tasks to queue
[2025-04-23T03:48:04.180+0100] {logging_mixin.py:190} INFO - [2025-04-23T03:48:04.180+0100] {dagbag.py:588} INFO - Filling up the DagBag from /Users/francisayanbadejo/venvs_projects/my_proj/lib/python3.9/site-packages/airflow/example_dags/example_sensors.py
[2025-04-23T03:48:04.186+0100] {processor.py:925} INFO - DAG(s) 'example_sensors' retrieved from /Users/francisayanbadejo/venvs_projects/my_proj/lib/python3.9/site-packages/airflow/example_dags/example_sensors.py
[2025-04-23T03:48:04.338+0100] {logging_mixin.py:190} INFO - [2025-04-23T03:48:04.337+0100] {dag.py:3239} INFO - Sync 1 DAGs
[2025-04-23T03:48:04.341+0100] {logging_mixin.py:190} INFO - [2025-04-23T03:48:04.341+0100] {dag.py:4180} INFO - Setting next_dagrun for example_sensors to None, run_after=None
[2025-04-23T03:48:04.346+0100] {processor.py:208} INFO - Processing /Users/francisayanbadejo/venvs_projects/my_proj/lib/python3.9/site-packages/airflow/example_dags/example_sensors.py took 0.170 seconds
[2025-04-23T03:49:54.876+0100] {processor.py:186} INFO - Started process (PID=64999) to work on /Users/francisayanbadejo/venvs_projects/my_proj/lib/python3.9/site-packages/airflow/example_dags/example_sensors.py
[2025-04-23T03:49:54.877+0100] {processor.py:914} INFO - Processing file /Users/francisayanbadejo/venvs_projects/my_proj/lib/python3.9/site-packages/airflow/example_dags/example_sensors.py for tasks to queue
[2025-04-23T03:49:54.881+0100] {logging_mixin.py:190} INFO - [2025-04-23T03:49:54.881+0100] {dagbag.py:588} INFO - Filling up the DagBag from /Users/francisayanbadejo/venvs_projects/my_proj/lib/python3.9/site-packages/airflow/example_dags/example_sensors.py
[2025-04-23T03:49:54.887+0100] {processor.py:925} INFO - DAG(s) 'example_sensors' retrieved from /Users/francisayanbadejo/venvs_projects/my_proj/lib/python3.9/site-packages/airflow/example_dags/example_sensors.py
[2025-04-23T03:49:55.078+0100] {logging_mixin.py:190} INFO - [2025-04-23T03:49:55.078+0100] {dag.py:3239} INFO - Sync 1 DAGs
[2025-04-23T03:49:55.081+0100] {logging_mixin.py:190} INFO - [2025-04-23T03:49:55.081+0100] {dag.py:4180} INFO - Setting next_dagrun for example_sensors to None, run_after=None
[2025-04-23T03:49:55.087+0100] {processor.py:208} INFO - Processing /Users/francisayanbadejo/venvs_projects/my_proj/lib/python3.9/site-packages/airflow/example_dags/example_sensors.py took 0.212 seconds
[2025-04-23T03:51:47.750+0100] {processor.py:186} INFO - Started process (PID=65244) to work on /Users/francisayanbadejo/venvs_projects/my_proj/lib/python3.9/site-packages/airflow/example_dags/example_sensors.py
[2025-04-23T03:51:47.751+0100] {processor.py:914} INFO - Processing file /Users/francisayanbadejo/venvs_projects/my_proj/lib/python3.9/site-packages/airflow/example_dags/example_sensors.py for tasks to queue
[2025-04-23T03:51:47.752+0100] {logging_mixin.py:190} INFO - [2025-04-23T03:51:47.752+0100] {dagbag.py:588} INFO - Filling up the DagBag from /Users/francisayanbadejo/venvs_projects/my_proj/lib/python3.9/site-packages/airflow/example_dags/example_sensors.py
[2025-04-23T03:51:47.757+0100] {processor.py:925} INFO - DAG(s) 'example_sensors' retrieved from /Users/francisayanbadejo/venvs_projects/my_proj/lib/python3.9/site-packages/airflow/example_dags/example_sensors.py
[2025-04-23T03:51:47.915+0100] {logging_mixin.py:190} INFO - [2025-04-23T03:51:47.915+0100] {dag.py:3239} INFO - Sync 1 DAGs
[2025-04-23T03:51:47.918+0100] {logging_mixin.py:190} INFO - [2025-04-23T03:51:47.918+0100] {dag.py:4180} INFO - Setting next_dagrun for example_sensors to None, run_after=None
[2025-04-23T03:51:47.924+0100] {processor.py:208} INFO - Processing /Users/francisayanbadejo/venvs_projects/my_proj/lib/python3.9/site-packages/airflow/example_dags/example_sensors.py took 0.175 seconds
[2025-04-23T03:53:44.129+0100] {processor.py:186} INFO - Started process (PID=65501) to work on /Users/francisayanbadejo/venvs_projects/my_proj/lib/python3.9/site-packages/airflow/example_dags/example_sensors.py
[2025-04-23T03:53:44.130+0100] {processor.py:914} INFO - Processing file /Users/francisayanbadejo/venvs_projects/my_proj/lib/python3.9/site-packages/airflow/example_dags/example_sensors.py for tasks to queue
[2025-04-23T03:53:44.131+0100] {logging_mixin.py:190} INFO - [2025-04-23T03:53:44.131+0100] {dagbag.py:588} INFO - Filling up the DagBag from /Users/francisayanbadejo/venvs_projects/my_proj/lib/python3.9/site-packages/airflow/example_dags/example_sensors.py
[2025-04-23T03:53:44.136+0100] {processor.py:925} INFO - DAG(s) 'example_sensors' retrieved from /Users/francisayanbadejo/venvs_projects/my_proj/lib/python3.9/site-packages/airflow/example_dags/example_sensors.py
[2025-04-23T03:53:44.293+0100] {logging_mixin.py:190} INFO - [2025-04-23T03:53:44.293+0100] {dag.py:3239} INFO - Sync 1 DAGs
[2025-04-23T03:53:44.296+0100] {logging_mixin.py:190} INFO - [2025-04-23T03:53:44.296+0100] {dag.py:4180} INFO - Setting next_dagrun for example_sensors to None, run_after=None
[2025-04-23T03:53:44.302+0100] {processor.py:208} INFO - Processing /Users/francisayanbadejo/venvs_projects/my_proj/lib/python3.9/site-packages/airflow/example_dags/example_sensors.py took 0.174 seconds
[2025-04-23T03:55:42.684+0100] {processor.py:186} INFO - Started process (PID=65760) to work on /Users/francisayanbadejo/venvs_projects/my_proj/lib/python3.9/site-packages/airflow/example_dags/example_sensors.py
[2025-04-23T03:55:42.686+0100] {processor.py:914} INFO - Processing file /Users/francisayanbadejo/venvs_projects/my_proj/lib/python3.9/site-packages/airflow/example_dags/example_sensors.py for tasks to queue
[2025-04-23T03:55:42.686+0100] {logging_mixin.py:190} INFO - [2025-04-23T03:55:42.686+0100] {dagbag.py:588} INFO - Filling up the DagBag from /Users/francisayanbadejo/venvs_projects/my_proj/lib/python3.9/site-packages/airflow/example_dags/example_sensors.py
[2025-04-23T03:55:42.692+0100] {processor.py:925} INFO - DAG(s) 'example_sensors' retrieved from /Users/francisayanbadejo/venvs_projects/my_proj/lib/python3.9/site-packages/airflow/example_dags/example_sensors.py
[2025-04-23T03:55:42.849+0100] {logging_mixin.py:190} INFO - [2025-04-23T03:55:42.849+0100] {dag.py:3239} INFO - Sync 1 DAGs
[2025-04-23T03:55:42.853+0100] {logging_mixin.py:190} INFO - [2025-04-23T03:55:42.853+0100] {dag.py:4180} INFO - Setting next_dagrun for example_sensors to None, run_after=None
[2025-04-23T03:55:42.859+0100] {processor.py:208} INFO - Processing /Users/francisayanbadejo/venvs_projects/my_proj/lib/python3.9/site-packages/airflow/example_dags/example_sensors.py took 0.177 seconds
[2025-04-23T03:57:38.720+0100] {processor.py:186} INFO - Started process (PID=66016) to work on /Users/francisayanbadejo/venvs_projects/my_proj/lib/python3.9/site-packages/airflow/example_dags/example_sensors.py
[2025-04-23T03:57:38.721+0100] {processor.py:914} INFO - Processing file /Users/francisayanbadejo/venvs_projects/my_proj/lib/python3.9/site-packages/airflow/example_dags/example_sensors.py for tasks to queue
[2025-04-23T03:57:38.721+0100] {logging_mixin.py:190} INFO - [2025-04-23T03:57:38.721+0100] {dagbag.py:588} INFO - Filling up the DagBag from /Users/francisayanbadejo/venvs_projects/my_proj/lib/python3.9/site-packages/airflow/example_dags/example_sensors.py
[2025-04-23T03:57:38.727+0100] {processor.py:925} INFO - DAG(s) 'example_sensors' retrieved from /Users/francisayanbadejo/venvs_projects/my_proj/lib/python3.9/site-packages/airflow/example_dags/example_sensors.py
[2025-04-23T03:57:38.903+0100] {logging_mixin.py:190} INFO - [2025-04-23T03:57:38.903+0100] {dag.py:3239} INFO - Sync 1 DAGs
[2025-04-23T03:57:38.907+0100] {logging_mixin.py:190} INFO - [2025-04-23T03:57:38.907+0100] {dag.py:4180} INFO - Setting next_dagrun for example_sensors to None, run_after=None
[2025-04-23T03:57:38.912+0100] {processor.py:208} INFO - Processing /Users/francisayanbadejo/venvs_projects/my_proj/lib/python3.9/site-packages/airflow/example_dags/example_sensors.py took 0.194 seconds
[2025-04-23T03:59:47.760+0100] {processor.py:186} INFO - Started process (PID=66232) to work on /Users/francisayanbadejo/venvs_projects/my_proj/lib/python3.9/site-packages/airflow/example_dags/example_sensors.py
[2025-04-23T03:59:47.760+0100] {processor.py:914} INFO - Processing file /Users/francisayanbadejo/venvs_projects/my_proj/lib/python3.9/site-packages/airflow/example_dags/example_sensors.py for tasks to queue
[2025-04-23T03:59:47.760+0100] {logging_mixin.py:190} INFO - [2025-04-23T03:59:47.760+0100] {dagbag.py:588} INFO - Filling up the DagBag from /Users/francisayanbadejo/venvs_projects/my_proj/lib/python3.9/site-packages/airflow/example_dags/example_sensors.py
[2025-04-23T03:59:47.767+0100] {processor.py:925} INFO - DAG(s) 'example_sensors' retrieved from /Users/francisayanbadejo/venvs_projects/my_proj/lib/python3.9/site-packages/airflow/example_dags/example_sensors.py
[2025-04-23T03:59:47.939+0100] {logging_mixin.py:190} INFO - [2025-04-23T03:59:47.939+0100] {dag.py:3239} INFO - Sync 1 DAGs
[2025-04-23T03:59:47.942+0100] {logging_mixin.py:190} INFO - [2025-04-23T03:59:47.942+0100] {dag.py:4180} INFO - Setting next_dagrun for example_sensors to None, run_after=None
[2025-04-23T03:59:47.948+0100] {processor.py:208} INFO - Processing /Users/francisayanbadejo/venvs_projects/my_proj/lib/python3.9/site-packages/airflow/example_dags/example_sensors.py took 0.190 seconds
[2025-04-23T04:01:46.836+0100] {processor.py:186} INFO - Started process (PID=66444) to work on /Users/francisayanbadejo/venvs_projects/my_proj/lib/python3.9/site-packages/airflow/example_dags/example_sensors.py
[2025-04-23T04:01:46.837+0100] {processor.py:914} INFO - Processing file /Users/francisayanbadejo/venvs_projects/my_proj/lib/python3.9/site-packages/airflow/example_dags/example_sensors.py for tasks to queue
[2025-04-23T04:01:46.837+0100] {logging_mixin.py:190} INFO - [2025-04-23T04:01:46.837+0100] {dagbag.py:588} INFO - Filling up the DagBag from /Users/francisayanbadejo/venvs_projects/my_proj/lib/python3.9/site-packages/airflow/example_dags/example_sensors.py
[2025-04-23T04:01:46.843+0100] {processor.py:925} INFO - DAG(s) 'example_sensors' retrieved from /Users/francisayanbadejo/venvs_projects/my_proj/lib/python3.9/site-packages/airflow/example_dags/example_sensors.py
[2025-04-23T04:01:46.997+0100] {logging_mixin.py:190} INFO - [2025-04-23T04:01:46.996+0100] {dag.py:3239} INFO - Sync 1 DAGs
[2025-04-23T04:01:47.000+0100] {logging_mixin.py:190} INFO - [2025-04-23T04:01:47.000+0100] {dag.py:4180} INFO - Setting next_dagrun for example_sensors to None, run_after=None
[2025-04-23T04:01:47.006+0100] {processor.py:208} INFO - Processing /Users/francisayanbadejo/venvs_projects/my_proj/lib/python3.9/site-packages/airflow/example_dags/example_sensors.py took 0.171 seconds
[2025-04-23T04:03:38.616+0100] {processor.py:186} INFO - Started process (PID=66666) to work on /Users/francisayanbadejo/venvs_projects/my_proj/lib/python3.9/site-packages/airflow/example_dags/example_sensors.py
[2025-04-23T04:03:38.616+0100] {processor.py:914} INFO - Processing file /Users/francisayanbadejo/venvs_projects/my_proj/lib/python3.9/site-packages/airflow/example_dags/example_sensors.py for tasks to queue
[2025-04-23T04:03:38.616+0100] {logging_mixin.py:190} INFO - [2025-04-23T04:03:38.616+0100] {dagbag.py:588} INFO - Filling up the DagBag from /Users/francisayanbadejo/venvs_projects/my_proj/lib/python3.9/site-packages/airflow/example_dags/example_sensors.py
[2025-04-23T04:03:38.622+0100] {processor.py:925} INFO - DAG(s) 'example_sensors' retrieved from /Users/francisayanbadejo/venvs_projects/my_proj/lib/python3.9/site-packages/airflow/example_dags/example_sensors.py
[2025-04-23T04:03:38.794+0100] {logging_mixin.py:190} INFO - [2025-04-23T04:03:38.794+0100] {dag.py:3239} INFO - Sync 1 DAGs
[2025-04-23T04:03:38.797+0100] {logging_mixin.py:190} INFO - [2025-04-23T04:03:38.797+0100] {dag.py:4180} INFO - Setting next_dagrun for example_sensors to None, run_after=None
[2025-04-23T04:03:38.803+0100] {processor.py:208} INFO - Processing /Users/francisayanbadejo/venvs_projects/my_proj/lib/python3.9/site-packages/airflow/example_dags/example_sensors.py took 0.188 seconds
[2025-04-23T04:05:40.512+0100] {processor.py:186} INFO - Started process (PID=66904) to work on /Users/francisayanbadejo/venvs_projects/my_proj/lib/python3.9/site-packages/airflow/example_dags/example_sensors.py
[2025-04-23T04:05:40.513+0100] {processor.py:914} INFO - Processing file /Users/francisayanbadejo/venvs_projects/my_proj/lib/python3.9/site-packages/airflow/example_dags/example_sensors.py for tasks to queue
[2025-04-23T04:05:40.513+0100] {logging_mixin.py:190} INFO - [2025-04-23T04:05:40.513+0100] {dagbag.py:588} INFO - Filling up the DagBag from /Users/francisayanbadejo/venvs_projects/my_proj/lib/python3.9/site-packages/airflow/example_dags/example_sensors.py
[2025-04-23T04:05:40.520+0100] {processor.py:925} INFO - DAG(s) 'example_sensors' retrieved from /Users/francisayanbadejo/venvs_projects/my_proj/lib/python3.9/site-packages/airflow/example_dags/example_sensors.py
[2025-04-23T04:05:40.684+0100] {logging_mixin.py:190} INFO - [2025-04-23T04:05:40.684+0100] {dag.py:3239} INFO - Sync 1 DAGs
[2025-04-23T04:05:40.688+0100] {logging_mixin.py:190} INFO - [2025-04-23T04:05:40.687+0100] {dag.py:4180} INFO - Setting next_dagrun for example_sensors to None, run_after=None
[2025-04-23T04:05:40.693+0100] {processor.py:208} INFO - Processing /Users/francisayanbadejo/venvs_projects/my_proj/lib/python3.9/site-packages/airflow/example_dags/example_sensors.py took 0.183 seconds
[2025-04-23T04:18:54.457+0100] {processor.py:186} INFO - Started process (PID=68965) to work on /Users/francisayanbadejo/venvs_projects/my_proj/lib/python3.9/site-packages/airflow/example_dags/example_sensors.py
[2025-04-23T04:18:54.458+0100] {processor.py:914} INFO - Processing file /Users/francisayanbadejo/venvs_projects/my_proj/lib/python3.9/site-packages/airflow/example_dags/example_sensors.py for tasks to queue
[2025-04-23T04:18:54.459+0100] {logging_mixin.py:190} INFO - [2025-04-23T04:18:54.459+0100] {dagbag.py:588} INFO - Filling up the DagBag from /Users/francisayanbadejo/venvs_projects/my_proj/lib/python3.9/site-packages/airflow/example_dags/example_sensors.py
[2025-04-23T04:18:54.464+0100] {processor.py:925} INFO - DAG(s) 'example_sensors' retrieved from /Users/francisayanbadejo/venvs_projects/my_proj/lib/python3.9/site-packages/airflow/example_dags/example_sensors.py
[2025-04-23T04:18:54.663+0100] {logging_mixin.py:190} INFO - [2025-04-23T04:18:54.662+0100] {dag.py:3239} INFO - Sync 1 DAGs
[2025-04-23T04:18:54.666+0100] {logging_mixin.py:190} INFO - [2025-04-23T04:18:54.666+0100] {dag.py:4180} INFO - Setting next_dagrun for example_sensors to None, run_after=None
[2025-04-23T04:18:54.672+0100] {processor.py:208} INFO - Processing /Users/francisayanbadejo/venvs_projects/my_proj/lib/python3.9/site-packages/airflow/example_dags/example_sensors.py took 0.216 seconds
[2025-04-23T04:20:19.393+0100] {processor.py:186} INFO - Started process (PID=69176) to work on /Users/francisayanbadejo/venvs_projects/my_proj/lib/python3.9/site-packages/airflow/example_dags/example_sensors.py
[2025-04-23T04:20:19.394+0100] {processor.py:914} INFO - Processing file /Users/francisayanbadejo/venvs_projects/my_proj/lib/python3.9/site-packages/airflow/example_dags/example_sensors.py for tasks to queue
[2025-04-23T04:20:19.395+0100] {logging_mixin.py:190} INFO - [2025-04-23T04:20:19.395+0100] {dagbag.py:588} INFO - Filling up the DagBag from /Users/francisayanbadejo/venvs_projects/my_proj/lib/python3.9/site-packages/airflow/example_dags/example_sensors.py
[2025-04-23T04:20:19.400+0100] {processor.py:925} INFO - DAG(s) 'example_sensors' retrieved from /Users/francisayanbadejo/venvs_projects/my_proj/lib/python3.9/site-packages/airflow/example_dags/example_sensors.py
[2025-04-23T04:20:19.561+0100] {logging_mixin.py:190} INFO - [2025-04-23T04:20:19.561+0100] {dag.py:3239} INFO - Sync 1 DAGs
[2025-04-23T04:20:19.565+0100] {logging_mixin.py:190} INFO - [2025-04-23T04:20:19.565+0100] {dag.py:4180} INFO - Setting next_dagrun for example_sensors to None, run_after=None
[2025-04-23T04:20:19.570+0100] {processor.py:208} INFO - Processing /Users/francisayanbadejo/venvs_projects/my_proj/lib/python3.9/site-packages/airflow/example_dags/example_sensors.py took 0.178 seconds
[2025-04-23T04:21:36.132+0100] {processor.py:186} INFO - Started process (PID=69517) to work on /Users/francisayanbadejo/venvs_projects/my_proj/lib/python3.9/site-packages/airflow/example_dags/example_sensors.py
[2025-04-23T04:21:36.133+0100] {processor.py:914} INFO - Processing file /Users/francisayanbadejo/venvs_projects/my_proj/lib/python3.9/site-packages/airflow/example_dags/example_sensors.py for tasks to queue
[2025-04-23T04:21:36.134+0100] {logging_mixin.py:190} INFO - [2025-04-23T04:21:36.134+0100] {dagbag.py:588} INFO - Filling up the DagBag from /Users/francisayanbadejo/venvs_projects/my_proj/lib/python3.9/site-packages/airflow/example_dags/example_sensors.py
[2025-04-23T04:21:36.139+0100] {processor.py:925} INFO - DAG(s) 'example_sensors' retrieved from /Users/francisayanbadejo/venvs_projects/my_proj/lib/python3.9/site-packages/airflow/example_dags/example_sensors.py
[2025-04-23T04:21:36.353+0100] {logging_mixin.py:190} INFO - [2025-04-23T04:21:36.353+0100] {dag.py:3239} INFO - Sync 1 DAGs
[2025-04-23T04:21:36.356+0100] {logging_mixin.py:190} INFO - [2025-04-23T04:21:36.356+0100] {dag.py:4180} INFO - Setting next_dagrun for example_sensors to None, run_after=None
[2025-04-23T04:21:36.361+0100] {processor.py:208} INFO - Processing /Users/francisayanbadejo/venvs_projects/my_proj/lib/python3.9/site-packages/airflow/example_dags/example_sensors.py took 0.230 seconds
[2025-04-23T04:23:02.276+0100] {processor.py:186} INFO - Started process (PID=69736) to work on /Users/francisayanbadejo/venvs_projects/my_proj/lib/python3.9/site-packages/airflow/example_dags/example_sensors.py
[2025-04-23T04:23:02.277+0100] {processor.py:914} INFO - Processing file /Users/francisayanbadejo/venvs_projects/my_proj/lib/python3.9/site-packages/airflow/example_dags/example_sensors.py for tasks to queue
[2025-04-23T04:23:02.277+0100] {logging_mixin.py:190} INFO - [2025-04-23T04:23:02.277+0100] {dagbag.py:588} INFO - Filling up the DagBag from /Users/francisayanbadejo/venvs_projects/my_proj/lib/python3.9/site-packages/airflow/example_dags/example_sensors.py
[2025-04-23T04:23:02.283+0100] {processor.py:925} INFO - DAG(s) 'example_sensors' retrieved from /Users/francisayanbadejo/venvs_projects/my_proj/lib/python3.9/site-packages/airflow/example_dags/example_sensors.py
[2025-04-23T04:23:02.498+0100] {logging_mixin.py:190} INFO - [2025-04-23T04:23:02.497+0100] {dag.py:3239} INFO - Sync 1 DAGs
[2025-04-23T04:23:02.501+0100] {logging_mixin.py:190} INFO - [2025-04-23T04:23:02.501+0100] {dag.py:4180} INFO - Setting next_dagrun for example_sensors to None, run_after=None
[2025-04-23T04:23:02.506+0100] {processor.py:208} INFO - Processing /Users/francisayanbadejo/venvs_projects/my_proj/lib/python3.9/site-packages/airflow/example_dags/example_sensors.py took 0.231 seconds
[2025-04-23T04:26:01.986+0100] {processor.py:186} INFO - Started process (PID=70537) to work on /Users/francisayanbadejo/venvs_projects/my_proj/lib/python3.9/site-packages/airflow/example_dags/example_sensors.py
[2025-04-23T04:26:01.987+0100] {processor.py:914} INFO - Processing file /Users/francisayanbadejo/venvs_projects/my_proj/lib/python3.9/site-packages/airflow/example_dags/example_sensors.py for tasks to queue
[2025-04-23T04:26:01.988+0100] {logging_mixin.py:190} INFO - [2025-04-23T04:26:01.988+0100] {dagbag.py:588} INFO - Filling up the DagBag from /Users/francisayanbadejo/venvs_projects/my_proj/lib/python3.9/site-packages/airflow/example_dags/example_sensors.py
[2025-04-23T04:26:01.992+0100] {processor.py:925} INFO - DAG(s) 'example_sensors' retrieved from /Users/francisayanbadejo/venvs_projects/my_proj/lib/python3.9/site-packages/airflow/example_dags/example_sensors.py
[2025-04-23T04:26:02.158+0100] {logging_mixin.py:190} INFO - [2025-04-23T04:26:02.158+0100] {dag.py:3239} INFO - Sync 1 DAGs
[2025-04-23T04:26:02.161+0100] {logging_mixin.py:190} INFO - [2025-04-23T04:26:02.161+0100] {dag.py:4180} INFO - Setting next_dagrun for example_sensors to None, run_after=None
[2025-04-23T04:26:02.166+0100] {processor.py:208} INFO - Processing /Users/francisayanbadejo/venvs_projects/my_proj/lib/python3.9/site-packages/airflow/example_dags/example_sensors.py took 0.182 seconds
[2025-04-23T04:28:27.056+0100] {processor.py:186} INFO - Started process (PID=71298) to work on /Users/francisayanbadejo/venvs_projects/my_proj/lib/python3.9/site-packages/airflow/example_dags/example_sensors.py
[2025-04-23T04:28:27.057+0100] {processor.py:914} INFO - Processing file /Users/francisayanbadejo/venvs_projects/my_proj/lib/python3.9/site-packages/airflow/example_dags/example_sensors.py for tasks to queue
[2025-04-23T04:28:27.058+0100] {logging_mixin.py:190} INFO - [2025-04-23T04:28:27.058+0100] {dagbag.py:588} INFO - Filling up the DagBag from /Users/francisayanbadejo/venvs_projects/my_proj/lib/python3.9/site-packages/airflow/example_dags/example_sensors.py
[2025-04-23T04:28:27.062+0100] {processor.py:925} INFO - DAG(s) 'example_sensors' retrieved from /Users/francisayanbadejo/venvs_projects/my_proj/lib/python3.9/site-packages/airflow/example_dags/example_sensors.py
[2025-04-23T04:28:27.219+0100] {logging_mixin.py:190} INFO - [2025-04-23T04:28:27.218+0100] {dag.py:3239} INFO - Sync 1 DAGs
[2025-04-23T04:28:27.222+0100] {logging_mixin.py:190} INFO - [2025-04-23T04:28:27.222+0100] {dag.py:4180} INFO - Setting next_dagrun for example_sensors to None, run_after=None
[2025-04-23T04:28:27.227+0100] {processor.py:208} INFO - Processing /Users/francisayanbadejo/venvs_projects/my_proj/lib/python3.9/site-packages/airflow/example_dags/example_sensors.py took 0.172 seconds
[2025-04-23T04:29:54.285+0100] {processor.py:186} INFO - Started process (PID=71432) to work on /Users/francisayanbadejo/venvs_projects/my_proj/lib/python3.9/site-packages/airflow/example_dags/example_sensors.py
[2025-04-23T04:29:54.286+0100] {processor.py:914} INFO - Processing file /Users/francisayanbadejo/venvs_projects/my_proj/lib/python3.9/site-packages/airflow/example_dags/example_sensors.py for tasks to queue
[2025-04-23T04:29:54.287+0100] {logging_mixin.py:190} INFO - [2025-04-23T04:29:54.287+0100] {dagbag.py:588} INFO - Filling up the DagBag from /Users/francisayanbadejo/venvs_projects/my_proj/lib/python3.9/site-packages/airflow/example_dags/example_sensors.py
[2025-04-23T04:29:54.293+0100] {processor.py:925} INFO - DAG(s) 'example_sensors' retrieved from /Users/francisayanbadejo/venvs_projects/my_proj/lib/python3.9/site-packages/airflow/example_dags/example_sensors.py
[2025-04-23T04:29:54.502+0100] {logging_mixin.py:190} INFO - [2025-04-23T04:29:54.502+0100] {dag.py:3239} INFO - Sync 1 DAGs
[2025-04-23T04:29:54.506+0100] {logging_mixin.py:190} INFO - [2025-04-23T04:29:54.506+0100] {dag.py:4180} INFO - Setting next_dagrun for example_sensors to None, run_after=None
[2025-04-23T04:29:54.511+0100] {processor.py:208} INFO - Processing /Users/francisayanbadejo/venvs_projects/my_proj/lib/python3.9/site-packages/airflow/example_dags/example_sensors.py took 0.227 seconds
[2025-04-23T04:31:47.613+0100] {processor.py:186} INFO - Started process (PID=71767) to work on /Users/francisayanbadejo/venvs_projects/my_proj/lib/python3.9/site-packages/airflow/example_dags/example_sensors.py
[2025-04-23T04:31:47.614+0100] {processor.py:914} INFO - Processing file /Users/francisayanbadejo/venvs_projects/my_proj/lib/python3.9/site-packages/airflow/example_dags/example_sensors.py for tasks to queue
[2025-04-23T04:31:47.615+0100] {logging_mixin.py:190} INFO - [2025-04-23T04:31:47.615+0100] {dagbag.py:588} INFO - Filling up the DagBag from /Users/francisayanbadejo/venvs_projects/my_proj/lib/python3.9/site-packages/airflow/example_dags/example_sensors.py
[2025-04-23T04:31:47.620+0100] {processor.py:925} INFO - DAG(s) 'example_sensors' retrieved from /Users/francisayanbadejo/venvs_projects/my_proj/lib/python3.9/site-packages/airflow/example_dags/example_sensors.py
[2025-04-23T04:31:47.767+0100] {logging_mixin.py:190} INFO - [2025-04-23T04:31:47.767+0100] {dag.py:3239} INFO - Sync 1 DAGs
[2025-04-23T04:31:47.771+0100] {logging_mixin.py:190} INFO - [2025-04-23T04:31:47.771+0100] {dag.py:4180} INFO - Setting next_dagrun for example_sensors to None, run_after=None
[2025-04-23T04:31:47.776+0100] {processor.py:208} INFO - Processing /Users/francisayanbadejo/venvs_projects/my_proj/lib/python3.9/site-packages/airflow/example_dags/example_sensors.py took 0.164 seconds
[2025-04-23T04:34:35.116+0100] {processor.py:186} INFO - Started process (PID=72046) to work on /Users/francisayanbadejo/venvs_projects/my_proj/lib/python3.9/site-packages/airflow/example_dags/example_sensors.py
[2025-04-23T04:34:35.118+0100] {processor.py:914} INFO - Processing file /Users/francisayanbadejo/venvs_projects/my_proj/lib/python3.9/site-packages/airflow/example_dags/example_sensors.py for tasks to queue
[2025-04-23T04:34:35.118+0100] {logging_mixin.py:190} INFO - [2025-04-23T04:34:35.118+0100] {dagbag.py:588} INFO - Filling up the DagBag from /Users/francisayanbadejo/venvs_projects/my_proj/lib/python3.9/site-packages/airflow/example_dags/example_sensors.py
[2025-04-23T04:34:35.123+0100] {processor.py:925} INFO - DAG(s) 'example_sensors' retrieved from /Users/francisayanbadejo/venvs_projects/my_proj/lib/python3.9/site-packages/airflow/example_dags/example_sensors.py
[2025-04-23T04:34:35.290+0100] {logging_mixin.py:190} INFO - [2025-04-23T04:34:35.290+0100] {dag.py:3239} INFO - Sync 1 DAGs
[2025-04-23T04:34:35.293+0100] {logging_mixin.py:190} INFO - [2025-04-23T04:34:35.293+0100] {dag.py:4180} INFO - Setting next_dagrun for example_sensors to None, run_after=None
[2025-04-23T04:34:35.298+0100] {processor.py:208} INFO - Processing /Users/francisayanbadejo/venvs_projects/my_proj/lib/python3.9/site-packages/airflow/example_dags/example_sensors.py took 0.183 seconds
[2025-04-23T04:36:25.707+0100] {processor.py:186} INFO - Started process (PID=72290) to work on /Users/francisayanbadejo/venvs_projects/my_proj/lib/python3.9/site-packages/airflow/example_dags/example_sensors.py
[2025-04-23T04:36:25.709+0100] {processor.py:914} INFO - Processing file /Users/francisayanbadejo/venvs_projects/my_proj/lib/python3.9/site-packages/airflow/example_dags/example_sensors.py for tasks to queue
[2025-04-23T04:36:25.709+0100] {logging_mixin.py:190} INFO - [2025-04-23T04:36:25.709+0100] {dagbag.py:588} INFO - Filling up the DagBag from /Users/francisayanbadejo/venvs_projects/my_proj/lib/python3.9/site-packages/airflow/example_dags/example_sensors.py
[2025-04-23T04:36:25.715+0100] {processor.py:925} INFO - DAG(s) 'example_sensors' retrieved from /Users/francisayanbadejo/venvs_projects/my_proj/lib/python3.9/site-packages/airflow/example_dags/example_sensors.py
[2025-04-23T04:36:25.868+0100] {logging_mixin.py:190} INFO - [2025-04-23T04:36:25.868+0100] {dag.py:3239} INFO - Sync 1 DAGs
[2025-04-23T04:36:25.871+0100] {logging_mixin.py:190} INFO - [2025-04-23T04:36:25.871+0100] {dag.py:4180} INFO - Setting next_dagrun for example_sensors to None, run_after=None
[2025-04-23T04:36:25.877+0100] {processor.py:208} INFO - Processing /Users/francisayanbadejo/venvs_projects/my_proj/lib/python3.9/site-packages/airflow/example_dags/example_sensors.py took 0.171 seconds
[2025-04-23T04:38:18.106+0100] {processor.py:186} INFO - Started process (PID=72535) to work on /Users/francisayanbadejo/venvs_projects/my_proj/lib/python3.9/site-packages/airflow/example_dags/example_sensors.py
[2025-04-23T04:38:18.108+0100] {processor.py:914} INFO - Processing file /Users/francisayanbadejo/venvs_projects/my_proj/lib/python3.9/site-packages/airflow/example_dags/example_sensors.py for tasks to queue
[2025-04-23T04:38:18.108+0100] {logging_mixin.py:190} INFO - [2025-04-23T04:38:18.108+0100] {dagbag.py:588} INFO - Filling up the DagBag from /Users/francisayanbadejo/venvs_projects/my_proj/lib/python3.9/site-packages/airflow/example_dags/example_sensors.py
[2025-04-23T04:38:18.114+0100] {processor.py:925} INFO - DAG(s) 'example_sensors' retrieved from /Users/francisayanbadejo/venvs_projects/my_proj/lib/python3.9/site-packages/airflow/example_dags/example_sensors.py
[2025-04-23T04:38:18.269+0100] {logging_mixin.py:190} INFO - [2025-04-23T04:38:18.269+0100] {dag.py:3239} INFO - Sync 1 DAGs
[2025-04-23T04:38:18.273+0100] {logging_mixin.py:190} INFO - [2025-04-23T04:38:18.273+0100] {dag.py:4180} INFO - Setting next_dagrun for example_sensors to None, run_after=None
[2025-04-23T04:38:18.278+0100] {processor.py:208} INFO - Processing /Users/francisayanbadejo/venvs_projects/my_proj/lib/python3.9/site-packages/airflow/example_dags/example_sensors.py took 0.172 seconds
[2025-04-23T04:40:06.820+0100] {processor.py:186} INFO - Started process (PID=72694) to work on /Users/francisayanbadejo/venvs_projects/my_proj/lib/python3.9/site-packages/airflow/example_dags/example_sensors.py
[2025-04-23T04:40:06.821+0100] {processor.py:914} INFO - Processing file /Users/francisayanbadejo/venvs_projects/my_proj/lib/python3.9/site-packages/airflow/example_dags/example_sensors.py for tasks to queue
[2025-04-23T04:40:06.822+0100] {logging_mixin.py:190} INFO - [2025-04-23T04:40:06.822+0100] {dagbag.py:588} INFO - Filling up the DagBag from /Users/francisayanbadejo/venvs_projects/my_proj/lib/python3.9/site-packages/airflow/example_dags/example_sensors.py
[2025-04-23T04:40:06.827+0100] {processor.py:925} INFO - DAG(s) 'example_sensors' retrieved from /Users/francisayanbadejo/venvs_projects/my_proj/lib/python3.9/site-packages/airflow/example_dags/example_sensors.py
[2025-04-23T04:40:06.977+0100] {logging_mixin.py:190} INFO - [2025-04-23T04:40:06.976+0100] {dag.py:3239} INFO - Sync 1 DAGs
[2025-04-23T04:40:06.980+0100] {logging_mixin.py:190} INFO - [2025-04-23T04:40:06.980+0100] {dag.py:4180} INFO - Setting next_dagrun for example_sensors to None, run_after=None
[2025-04-23T04:40:06.985+0100] {processor.py:208} INFO - Processing /Users/francisayanbadejo/venvs_projects/my_proj/lib/python3.9/site-packages/airflow/example_dags/example_sensors.py took 0.166 seconds
[2025-04-23T04:41:53.500+0100] {processor.py:186} INFO - Started process (PID=72851) to work on /Users/francisayanbadejo/venvs_projects/my_proj/lib/python3.9/site-packages/airflow/example_dags/example_sensors.py
[2025-04-23T04:41:53.501+0100] {processor.py:914} INFO - Processing file /Users/francisayanbadejo/venvs_projects/my_proj/lib/python3.9/site-packages/airflow/example_dags/example_sensors.py for tasks to queue
[2025-04-23T04:41:53.502+0100] {logging_mixin.py:190} INFO - [2025-04-23T04:41:53.502+0100] {dagbag.py:588} INFO - Filling up the DagBag from /Users/francisayanbadejo/venvs_projects/my_proj/lib/python3.9/site-packages/airflow/example_dags/example_sensors.py
[2025-04-23T04:41:53.507+0100] {processor.py:925} INFO - DAG(s) 'example_sensors' retrieved from /Users/francisayanbadejo/venvs_projects/my_proj/lib/python3.9/site-packages/airflow/example_dags/example_sensors.py
[2025-04-23T04:41:53.657+0100] {logging_mixin.py:190} INFO - [2025-04-23T04:41:53.657+0100] {dag.py:3239} INFO - Sync 1 DAGs
[2025-04-23T04:41:53.661+0100] {logging_mixin.py:190} INFO - [2025-04-23T04:41:53.661+0100] {dag.py:4180} INFO - Setting next_dagrun for example_sensors to None, run_after=None
[2025-04-23T04:41:53.666+0100] {processor.py:208} INFO - Processing /Users/francisayanbadejo/venvs_projects/my_proj/lib/python3.9/site-packages/airflow/example_dags/example_sensors.py took 0.167 seconds
[2025-04-23T04:43:39.800+0100] {processor.py:186} INFO - Started process (PID=73014) to work on /Users/francisayanbadejo/venvs_projects/my_proj/lib/python3.9/site-packages/airflow/example_dags/example_sensors.py
[2025-04-23T04:43:39.801+0100] {processor.py:914} INFO - Processing file /Users/francisayanbadejo/venvs_projects/my_proj/lib/python3.9/site-packages/airflow/example_dags/example_sensors.py for tasks to queue
[2025-04-23T04:43:39.802+0100] {logging_mixin.py:190} INFO - [2025-04-23T04:43:39.802+0100] {dagbag.py:588} INFO - Filling up the DagBag from /Users/francisayanbadejo/venvs_projects/my_proj/lib/python3.9/site-packages/airflow/example_dags/example_sensors.py
[2025-04-23T04:43:39.807+0100] {processor.py:925} INFO - DAG(s) 'example_sensors' retrieved from /Users/francisayanbadejo/venvs_projects/my_proj/lib/python3.9/site-packages/airflow/example_dags/example_sensors.py
[2025-04-23T04:43:39.961+0100] {logging_mixin.py:190} INFO - [2025-04-23T04:43:39.961+0100] {dag.py:3239} INFO - Sync 1 DAGs
[2025-04-23T04:43:39.965+0100] {logging_mixin.py:190} INFO - [2025-04-23T04:43:39.965+0100] {dag.py:4180} INFO - Setting next_dagrun for example_sensors to None, run_after=None
[2025-04-23T04:43:39.970+0100] {processor.py:208} INFO - Processing /Users/francisayanbadejo/venvs_projects/my_proj/lib/python3.9/site-packages/airflow/example_dags/example_sensors.py took 0.171 seconds
[2025-04-23T04:45:23.938+0100] {processor.py:186} INFO - Started process (PID=73204) to work on /Users/francisayanbadejo/venvs_projects/my_proj/lib/python3.9/site-packages/airflow/example_dags/example_sensors.py
[2025-04-23T04:45:23.939+0100] {processor.py:914} INFO - Processing file /Users/francisayanbadejo/venvs_projects/my_proj/lib/python3.9/site-packages/airflow/example_dags/example_sensors.py for tasks to queue
[2025-04-23T04:45:23.940+0100] {logging_mixin.py:190} INFO - [2025-04-23T04:45:23.940+0100] {dagbag.py:588} INFO - Filling up the DagBag from /Users/francisayanbadejo/venvs_projects/my_proj/lib/python3.9/site-packages/airflow/example_dags/example_sensors.py
[2025-04-23T04:45:23.945+0100] {processor.py:925} INFO - DAG(s) 'example_sensors' retrieved from /Users/francisayanbadejo/venvs_projects/my_proj/lib/python3.9/site-packages/airflow/example_dags/example_sensors.py
[2025-04-23T04:45:24.098+0100] {logging_mixin.py:190} INFO - [2025-04-23T04:45:24.098+0100] {dag.py:3239} INFO - Sync 1 DAGs
[2025-04-23T04:45:24.102+0100] {logging_mixin.py:190} INFO - [2025-04-23T04:45:24.102+0100] {dag.py:4180} INFO - Setting next_dagrun for example_sensors to None, run_after=None
[2025-04-23T04:45:24.107+0100] {processor.py:208} INFO - Processing /Users/francisayanbadejo/venvs_projects/my_proj/lib/python3.9/site-packages/airflow/example_dags/example_sensors.py took 0.170 seconds
[2025-04-23T04:47:10.884+0100] {processor.py:186} INFO - Started process (PID=73358) to work on /Users/francisayanbadejo/venvs_projects/my_proj/lib/python3.9/site-packages/airflow/example_dags/example_sensors.py
[2025-04-23T04:47:10.885+0100] {processor.py:914} INFO - Processing file /Users/francisayanbadejo/venvs_projects/my_proj/lib/python3.9/site-packages/airflow/example_dags/example_sensors.py for tasks to queue
[2025-04-23T04:47:10.886+0100] {logging_mixin.py:190} INFO - [2025-04-23T04:47:10.886+0100] {dagbag.py:588} INFO - Filling up the DagBag from /Users/francisayanbadejo/venvs_projects/my_proj/lib/python3.9/site-packages/airflow/example_dags/example_sensors.py
[2025-04-23T04:47:10.891+0100] {processor.py:925} INFO - DAG(s) 'example_sensors' retrieved from /Users/francisayanbadejo/venvs_projects/my_proj/lib/python3.9/site-packages/airflow/example_dags/example_sensors.py
[2025-04-23T04:47:11.046+0100] {logging_mixin.py:190} INFO - [2025-04-23T04:47:11.046+0100] {dag.py:3239} INFO - Sync 1 DAGs
[2025-04-23T04:47:11.049+0100] {logging_mixin.py:190} INFO - [2025-04-23T04:47:11.049+0100] {dag.py:4180} INFO - Setting next_dagrun for example_sensors to None, run_after=None
[2025-04-23T04:47:11.055+0100] {processor.py:208} INFO - Processing /Users/francisayanbadejo/venvs_projects/my_proj/lib/python3.9/site-packages/airflow/example_dags/example_sensors.py took 0.171 seconds
[2025-04-23T04:49:03.388+0100] {processor.py:186} INFO - Started process (PID=73517) to work on /Users/francisayanbadejo/venvs_projects/my_proj/lib/python3.9/site-packages/airflow/example_dags/example_sensors.py
[2025-04-23T04:49:03.389+0100] {processor.py:914} INFO - Processing file /Users/francisayanbadejo/venvs_projects/my_proj/lib/python3.9/site-packages/airflow/example_dags/example_sensors.py for tasks to queue
[2025-04-23T04:49:03.390+0100] {logging_mixin.py:190} INFO - [2025-04-23T04:49:03.390+0100] {dagbag.py:588} INFO - Filling up the DagBag from /Users/francisayanbadejo/venvs_projects/my_proj/lib/python3.9/site-packages/airflow/example_dags/example_sensors.py
[2025-04-23T04:49:03.395+0100] {processor.py:925} INFO - DAG(s) 'example_sensors' retrieved from /Users/francisayanbadejo/venvs_projects/my_proj/lib/python3.9/site-packages/airflow/example_dags/example_sensors.py
[2025-04-23T04:49:03.556+0100] {logging_mixin.py:190} INFO - [2025-04-23T04:49:03.556+0100] {dag.py:3239} INFO - Sync 1 DAGs
[2025-04-23T04:49:03.559+0100] {logging_mixin.py:190} INFO - [2025-04-23T04:49:03.559+0100] {dag.py:4180} INFO - Setting next_dagrun for example_sensors to None, run_after=None
[2025-04-23T04:49:03.564+0100] {processor.py:208} INFO - Processing /Users/francisayanbadejo/venvs_projects/my_proj/lib/python3.9/site-packages/airflow/example_dags/example_sensors.py took 0.177 seconds
[2025-04-23T04:50:50.540+0100] {processor.py:186} INFO - Started process (PID=73681) to work on /Users/francisayanbadejo/venvs_projects/my_proj/lib/python3.9/site-packages/airflow/example_dags/example_sensors.py
[2025-04-23T04:50:50.542+0100] {processor.py:914} INFO - Processing file /Users/francisayanbadejo/venvs_projects/my_proj/lib/python3.9/site-packages/airflow/example_dags/example_sensors.py for tasks to queue
[2025-04-23T04:50:50.543+0100] {logging_mixin.py:190} INFO - [2025-04-23T04:50:50.543+0100] {dagbag.py:588} INFO - Filling up the DagBag from /Users/francisayanbadejo/venvs_projects/my_proj/lib/python3.9/site-packages/airflow/example_dags/example_sensors.py
[2025-04-23T04:50:50.548+0100] {processor.py:925} INFO - DAG(s) 'example_sensors' retrieved from /Users/francisayanbadejo/venvs_projects/my_proj/lib/python3.9/site-packages/airflow/example_dags/example_sensors.py
[2025-04-23T04:50:50.704+0100] {logging_mixin.py:190} INFO - [2025-04-23T04:50:50.704+0100] {dag.py:3239} INFO - Sync 1 DAGs
[2025-04-23T04:50:50.707+0100] {logging_mixin.py:190} INFO - [2025-04-23T04:50:50.707+0100] {dag.py:4180} INFO - Setting next_dagrun for example_sensors to None, run_after=None
[2025-04-23T04:50:50.712+0100] {processor.py:208} INFO - Processing /Users/francisayanbadejo/venvs_projects/my_proj/lib/python3.9/site-packages/airflow/example_dags/example_sensors.py took 0.173 seconds
[2025-04-23T04:52:45.491+0100] {processor.py:186} INFO - Started process (PID=73884) to work on /Users/francisayanbadejo/venvs_projects/my_proj/lib/python3.9/site-packages/airflow/example_dags/example_sensors.py
[2025-04-23T04:52:45.493+0100] {processor.py:914} INFO - Processing file /Users/francisayanbadejo/venvs_projects/my_proj/lib/python3.9/site-packages/airflow/example_dags/example_sensors.py for tasks to queue
[2025-04-23T04:52:45.493+0100] {logging_mixin.py:190} INFO - [2025-04-23T04:52:45.493+0100] {dagbag.py:588} INFO - Filling up the DagBag from /Users/francisayanbadejo/venvs_projects/my_proj/lib/python3.9/site-packages/airflow/example_dags/example_sensors.py
[2025-04-23T04:52:45.499+0100] {processor.py:925} INFO - DAG(s) 'example_sensors' retrieved from /Users/francisayanbadejo/venvs_projects/my_proj/lib/python3.9/site-packages/airflow/example_dags/example_sensors.py
[2025-04-23T04:52:45.651+0100] {logging_mixin.py:190} INFO - [2025-04-23T04:52:45.650+0100] {dag.py:3239} INFO - Sync 1 DAGs
[2025-04-23T04:52:45.654+0100] {logging_mixin.py:190} INFO - [2025-04-23T04:52:45.654+0100] {dag.py:4180} INFO - Setting next_dagrun for example_sensors to None, run_after=None
[2025-04-23T04:52:45.659+0100] {processor.py:208} INFO - Processing /Users/francisayanbadejo/venvs_projects/my_proj/lib/python3.9/site-packages/airflow/example_dags/example_sensors.py took 0.169 seconds
[2025-04-23T04:54:00.330+0100] {processor.py:186} INFO - Started process (PID=74064) to work on /Users/francisayanbadejo/venvs_projects/my_proj/lib/python3.9/site-packages/airflow/example_dags/example_sensors.py
[2025-04-23T04:54:00.333+0100] {processor.py:914} INFO - Processing file /Users/francisayanbadejo/venvs_projects/my_proj/lib/python3.9/site-packages/airflow/example_dags/example_sensors.py for tasks to queue
[2025-04-23T04:54:00.334+0100] {logging_mixin.py:190} INFO - [2025-04-23T04:54:00.333+0100] {dagbag.py:588} INFO - Filling up the DagBag from /Users/francisayanbadejo/venvs_projects/my_proj/lib/python3.9/site-packages/airflow/example_dags/example_sensors.py
[2025-04-23T04:54:00.339+0100] {processor.py:925} INFO - DAG(s) 'example_sensors' retrieved from /Users/francisayanbadejo/venvs_projects/my_proj/lib/python3.9/site-packages/airflow/example_dags/example_sensors.py
[2025-04-23T04:54:00.498+0100] {logging_mixin.py:190} INFO - [2025-04-23T04:54:00.497+0100] {dag.py:3239} INFO - Sync 1 DAGs
[2025-04-23T04:54:00.501+0100] {logging_mixin.py:190} INFO - [2025-04-23T04:54:00.501+0100] {dag.py:4180} INFO - Setting next_dagrun for example_sensors to None, run_after=None
[2025-04-23T04:54:00.506+0100] {processor.py:208} INFO - Processing /Users/francisayanbadejo/venvs_projects/my_proj/lib/python3.9/site-packages/airflow/example_dags/example_sensors.py took 0.177 seconds
[2025-04-23T04:55:53.145+0100] {processor.py:186} INFO - Started process (PID=74322) to work on /Users/francisayanbadejo/venvs_projects/my_proj/lib/python3.9/site-packages/airflow/example_dags/example_sensors.py
[2025-04-23T04:55:53.146+0100] {processor.py:914} INFO - Processing file /Users/francisayanbadejo/venvs_projects/my_proj/lib/python3.9/site-packages/airflow/example_dags/example_sensors.py for tasks to queue
[2025-04-23T04:55:53.147+0100] {logging_mixin.py:190} INFO - [2025-04-23T04:55:53.147+0100] {dagbag.py:588} INFO - Filling up the DagBag from /Users/francisayanbadejo/venvs_projects/my_proj/lib/python3.9/site-packages/airflow/example_dags/example_sensors.py
[2025-04-23T04:55:53.151+0100] {processor.py:925} INFO - DAG(s) 'example_sensors' retrieved from /Users/francisayanbadejo/venvs_projects/my_proj/lib/python3.9/site-packages/airflow/example_dags/example_sensors.py
[2025-04-23T04:55:53.305+0100] {logging_mixin.py:190} INFO - [2025-04-23T04:55:53.304+0100] {dag.py:3239} INFO - Sync 1 DAGs
[2025-04-23T04:55:53.308+0100] {logging_mixin.py:190} INFO - [2025-04-23T04:55:53.308+0100] {dag.py:4180} INFO - Setting next_dagrun for example_sensors to None, run_after=None
[2025-04-23T04:55:53.313+0100] {processor.py:208} INFO - Processing /Users/francisayanbadejo/venvs_projects/my_proj/lib/python3.9/site-packages/airflow/example_dags/example_sensors.py took 0.169 seconds
[2025-04-23T04:57:45.872+0100] {processor.py:186} INFO - Started process (PID=74638) to work on /Users/francisayanbadejo/venvs_projects/my_proj/lib/python3.9/site-packages/airflow/example_dags/example_sensors.py
[2025-04-23T04:57:45.875+0100] {processor.py:914} INFO - Processing file /Users/francisayanbadejo/venvs_projects/my_proj/lib/python3.9/site-packages/airflow/example_dags/example_sensors.py for tasks to queue
[2025-04-23T04:57:45.875+0100] {logging_mixin.py:190} INFO - [2025-04-23T04:57:45.875+0100] {dagbag.py:588} INFO - Filling up the DagBag from /Users/francisayanbadejo/venvs_projects/my_proj/lib/python3.9/site-packages/airflow/example_dags/example_sensors.py
[2025-04-23T04:57:45.881+0100] {processor.py:925} INFO - DAG(s) 'example_sensors' retrieved from /Users/francisayanbadejo/venvs_projects/my_proj/lib/python3.9/site-packages/airflow/example_dags/example_sensors.py
[2025-04-23T04:57:46.045+0100] {logging_mixin.py:190} INFO - [2025-04-23T04:57:46.045+0100] {dag.py:3239} INFO - Sync 1 DAGs
[2025-04-23T04:57:46.048+0100] {logging_mixin.py:190} INFO - [2025-04-23T04:57:46.048+0100] {dag.py:4180} INFO - Setting next_dagrun for example_sensors to None, run_after=None
[2025-04-23T04:57:46.053+0100] {processor.py:208} INFO - Processing /Users/francisayanbadejo/venvs_projects/my_proj/lib/python3.9/site-packages/airflow/example_dags/example_sensors.py took 0.182 seconds
[2025-04-23T04:59:33.693+0100] {processor.py:186} INFO - Started process (PID=74880) to work on /Users/francisayanbadejo/venvs_projects/my_proj/lib/python3.9/site-packages/airflow/example_dags/example_sensors.py
[2025-04-23T04:59:33.694+0100] {processor.py:914} INFO - Processing file /Users/francisayanbadejo/venvs_projects/my_proj/lib/python3.9/site-packages/airflow/example_dags/example_sensors.py for tasks to queue
[2025-04-23T04:59:33.695+0100] {logging_mixin.py:190} INFO - [2025-04-23T04:59:33.695+0100] {dagbag.py:588} INFO - Filling up the DagBag from /Users/francisayanbadejo/venvs_projects/my_proj/lib/python3.9/site-packages/airflow/example_dags/example_sensors.py
[2025-04-23T04:59:33.701+0100] {processor.py:925} INFO - DAG(s) 'example_sensors' retrieved from /Users/francisayanbadejo/venvs_projects/my_proj/lib/python3.9/site-packages/airflow/example_dags/example_sensors.py
[2025-04-23T04:59:33.871+0100] {logging_mixin.py:190} INFO - [2025-04-23T04:59:33.871+0100] {dag.py:3239} INFO - Sync 1 DAGs
[2025-04-23T04:59:33.874+0100] {logging_mixin.py:190} INFO - [2025-04-23T04:59:33.874+0100] {dag.py:4180} INFO - Setting next_dagrun for example_sensors to None, run_after=None
[2025-04-23T04:59:33.879+0100] {processor.py:208} INFO - Processing /Users/francisayanbadejo/venvs_projects/my_proj/lib/python3.9/site-packages/airflow/example_dags/example_sensors.py took 0.187 seconds
[2025-04-23T05:01:22.165+0100] {processor.py:186} INFO - Started process (PID=75113) to work on /Users/francisayanbadejo/venvs_projects/my_proj/lib/python3.9/site-packages/airflow/example_dags/example_sensors.py
[2025-04-23T05:01:22.167+0100] {processor.py:914} INFO - Processing file /Users/francisayanbadejo/venvs_projects/my_proj/lib/python3.9/site-packages/airflow/example_dags/example_sensors.py for tasks to queue
[2025-04-23T05:01:22.167+0100] {logging_mixin.py:190} INFO - [2025-04-23T05:01:22.167+0100] {dagbag.py:588} INFO - Filling up the DagBag from /Users/francisayanbadejo/venvs_projects/my_proj/lib/python3.9/site-packages/airflow/example_dags/example_sensors.py
[2025-04-23T05:01:22.173+0100] {processor.py:925} INFO - DAG(s) 'example_sensors' retrieved from /Users/francisayanbadejo/venvs_projects/my_proj/lib/python3.9/site-packages/airflow/example_dags/example_sensors.py
[2025-04-23T05:01:22.323+0100] {logging_mixin.py:190} INFO - [2025-04-23T05:01:22.323+0100] {dag.py:3239} INFO - Sync 1 DAGs
[2025-04-23T05:01:22.327+0100] {logging_mixin.py:190} INFO - [2025-04-23T05:01:22.327+0100] {dag.py:4180} INFO - Setting next_dagrun for example_sensors to None, run_after=None
[2025-04-23T05:01:22.332+0100] {processor.py:208} INFO - Processing /Users/francisayanbadejo/venvs_projects/my_proj/lib/python3.9/site-packages/airflow/example_dags/example_sensors.py took 0.168 seconds
[2025-04-23T05:03:15.120+0100] {processor.py:186} INFO - Started process (PID=75362) to work on /Users/francisayanbadejo/venvs_projects/my_proj/lib/python3.9/site-packages/airflow/example_dags/example_sensors.py
[2025-04-23T05:03:15.122+0100] {processor.py:914} INFO - Processing file /Users/francisayanbadejo/venvs_projects/my_proj/lib/python3.9/site-packages/airflow/example_dags/example_sensors.py for tasks to queue
[2025-04-23T05:03:15.122+0100] {logging_mixin.py:190} INFO - [2025-04-23T05:03:15.122+0100] {dagbag.py:588} INFO - Filling up the DagBag from /Users/francisayanbadejo/venvs_projects/my_proj/lib/python3.9/site-packages/airflow/example_dags/example_sensors.py
[2025-04-23T05:03:15.128+0100] {processor.py:925} INFO - DAG(s) 'example_sensors' retrieved from /Users/francisayanbadejo/venvs_projects/my_proj/lib/python3.9/site-packages/airflow/example_dags/example_sensors.py
[2025-04-23T05:03:15.294+0100] {logging_mixin.py:190} INFO - [2025-04-23T05:03:15.294+0100] {dag.py:3239} INFO - Sync 1 DAGs
[2025-04-23T05:03:15.297+0100] {logging_mixin.py:190} INFO - [2025-04-23T05:03:15.297+0100] {dag.py:4180} INFO - Setting next_dagrun for example_sensors to None, run_after=None
[2025-04-23T05:03:15.303+0100] {processor.py:208} INFO - Processing /Users/francisayanbadejo/venvs_projects/my_proj/lib/python3.9/site-packages/airflow/example_dags/example_sensors.py took 0.183 seconds
[2025-04-23T05:05:05.373+0100] {processor.py:186} INFO - Started process (PID=75615) to work on /Users/francisayanbadejo/venvs_projects/my_proj/lib/python3.9/site-packages/airflow/example_dags/example_sensors.py
[2025-04-23T05:05:05.374+0100] {processor.py:914} INFO - Processing file /Users/francisayanbadejo/venvs_projects/my_proj/lib/python3.9/site-packages/airflow/example_dags/example_sensors.py for tasks to queue
[2025-04-23T05:05:05.375+0100] {logging_mixin.py:190} INFO - [2025-04-23T05:05:05.375+0100] {dagbag.py:588} INFO - Filling up the DagBag from /Users/francisayanbadejo/venvs_projects/my_proj/lib/python3.9/site-packages/airflow/example_dags/example_sensors.py
[2025-04-23T05:05:05.379+0100] {processor.py:925} INFO - DAG(s) 'example_sensors' retrieved from /Users/francisayanbadejo/venvs_projects/my_proj/lib/python3.9/site-packages/airflow/example_dags/example_sensors.py
[2025-04-23T05:05:05.535+0100] {logging_mixin.py:190} INFO - [2025-04-23T05:05:05.535+0100] {dag.py:3239} INFO - Sync 1 DAGs
[2025-04-23T05:05:05.538+0100] {logging_mixin.py:190} INFO - [2025-04-23T05:05:05.538+0100] {dag.py:4180} INFO - Setting next_dagrun for example_sensors to None, run_after=None
[2025-04-23T05:05:05.544+0100] {processor.py:208} INFO - Processing /Users/francisayanbadejo/venvs_projects/my_proj/lib/python3.9/site-packages/airflow/example_dags/example_sensors.py took 0.172 seconds
[2025-04-23T05:06:53.945+0100] {processor.py:186} INFO - Started process (PID=75854) to work on /Users/francisayanbadejo/venvs_projects/my_proj/lib/python3.9/site-packages/airflow/example_dags/example_sensors.py
[2025-04-23T05:06:53.947+0100] {processor.py:914} INFO - Processing file /Users/francisayanbadejo/venvs_projects/my_proj/lib/python3.9/site-packages/airflow/example_dags/example_sensors.py for tasks to queue
[2025-04-23T05:06:53.947+0100] {logging_mixin.py:190} INFO - [2025-04-23T05:06:53.947+0100] {dagbag.py:588} INFO - Filling up the DagBag from /Users/francisayanbadejo/venvs_projects/my_proj/lib/python3.9/site-packages/airflow/example_dags/example_sensors.py
[2025-04-23T05:06:53.953+0100] {processor.py:925} INFO - DAG(s) 'example_sensors' retrieved from /Users/francisayanbadejo/venvs_projects/my_proj/lib/python3.9/site-packages/airflow/example_dags/example_sensors.py
[2025-04-23T05:06:54.107+0100] {logging_mixin.py:190} INFO - [2025-04-23T05:06:54.107+0100] {dag.py:3239} INFO - Sync 1 DAGs
[2025-04-23T05:06:54.110+0100] {logging_mixin.py:190} INFO - [2025-04-23T05:06:54.110+0100] {dag.py:4180} INFO - Setting next_dagrun for example_sensors to None, run_after=None
[2025-04-23T05:06:54.115+0100] {processor.py:208} INFO - Processing /Users/francisayanbadejo/venvs_projects/my_proj/lib/python3.9/site-packages/airflow/example_dags/example_sensors.py took 0.171 seconds
[2025-04-23T05:08:49.090+0100] {processor.py:186} INFO - Started process (PID=76154) to work on /Users/francisayanbadejo/venvs_projects/my_proj/lib/python3.9/site-packages/airflow/example_dags/example_sensors.py
[2025-04-23T05:08:49.092+0100] {processor.py:914} INFO - Processing file /Users/francisayanbadejo/venvs_projects/my_proj/lib/python3.9/site-packages/airflow/example_dags/example_sensors.py for tasks to queue
[2025-04-23T05:08:49.093+0100] {logging_mixin.py:190} INFO - [2025-04-23T05:08:49.093+0100] {dagbag.py:588} INFO - Filling up the DagBag from /Users/francisayanbadejo/venvs_projects/my_proj/lib/python3.9/site-packages/airflow/example_dags/example_sensors.py
[2025-04-23T05:08:49.098+0100] {processor.py:925} INFO - DAG(s) 'example_sensors' retrieved from /Users/francisayanbadejo/venvs_projects/my_proj/lib/python3.9/site-packages/airflow/example_dags/example_sensors.py
[2025-04-23T05:08:49.273+0100] {logging_mixin.py:190} INFO - [2025-04-23T05:08:49.273+0100] {dag.py:3239} INFO - Sync 1 DAGs
[2025-04-23T05:08:49.277+0100] {logging_mixin.py:190} INFO - [2025-04-23T05:08:49.277+0100] {dag.py:4180} INFO - Setting next_dagrun for example_sensors to None, run_after=None
[2025-04-23T05:08:49.282+0100] {processor.py:208} INFO - Processing /Users/francisayanbadejo/venvs_projects/my_proj/lib/python3.9/site-packages/airflow/example_dags/example_sensors.py took 0.193 seconds
[2025-04-23T05:18:55.092+0100] {processor.py:186} INFO - Started process (PID=77350) to work on /Users/francisayanbadejo/venvs_projects/my_proj/lib/python3.9/site-packages/airflow/example_dags/example_sensors.py
[2025-04-23T05:18:55.093+0100] {processor.py:914} INFO - Processing file /Users/francisayanbadejo/venvs_projects/my_proj/lib/python3.9/site-packages/airflow/example_dags/example_sensors.py for tasks to queue
[2025-04-23T05:18:55.094+0100] {logging_mixin.py:190} INFO - [2025-04-23T05:18:55.094+0100] {dagbag.py:588} INFO - Filling up the DagBag from /Users/francisayanbadejo/venvs_projects/my_proj/lib/python3.9/site-packages/airflow/example_dags/example_sensors.py
[2025-04-23T05:18:55.098+0100] {processor.py:925} INFO - DAG(s) 'example_sensors' retrieved from /Users/francisayanbadejo/venvs_projects/my_proj/lib/python3.9/site-packages/airflow/example_dags/example_sensors.py
[2025-04-23T05:18:55.307+0100] {logging_mixin.py:190} INFO - [2025-04-23T05:18:55.307+0100] {dag.py:3239} INFO - Sync 1 DAGs
[2025-04-23T05:18:55.313+0100] {logging_mixin.py:190} INFO - [2025-04-23T05:18:55.313+0100] {dag.py:4180} INFO - Setting next_dagrun for example_sensors to None, run_after=None
[2025-04-23T05:18:55.318+0100] {processor.py:208} INFO - Processing /Users/francisayanbadejo/venvs_projects/my_proj/lib/python3.9/site-packages/airflow/example_dags/example_sensors.py took 0.228 seconds
[2025-04-23T05:20:24.637+0100] {processor.py:186} INFO - Started process (PID=77506) to work on /Users/francisayanbadejo/venvs_projects/my_proj/lib/python3.9/site-packages/airflow/example_dags/example_sensors.py
[2025-04-23T05:20:24.639+0100] {processor.py:914} INFO - Processing file /Users/francisayanbadejo/venvs_projects/my_proj/lib/python3.9/site-packages/airflow/example_dags/example_sensors.py for tasks to queue
[2025-04-23T05:20:24.640+0100] {logging_mixin.py:190} INFO - [2025-04-23T05:20:24.640+0100] {dagbag.py:588} INFO - Filling up the DagBag from /Users/francisayanbadejo/venvs_projects/my_proj/lib/python3.9/site-packages/airflow/example_dags/example_sensors.py
[2025-04-23T05:20:24.645+0100] {processor.py:925} INFO - DAG(s) 'example_sensors' retrieved from /Users/francisayanbadejo/venvs_projects/my_proj/lib/python3.9/site-packages/airflow/example_dags/example_sensors.py
[2025-04-23T05:20:24.833+0100] {logging_mixin.py:190} INFO - [2025-04-23T05:20:24.833+0100] {dag.py:3239} INFO - Sync 1 DAGs
[2025-04-23T05:20:24.836+0100] {logging_mixin.py:190} INFO - [2025-04-23T05:20:24.836+0100] {dag.py:4180} INFO - Setting next_dagrun for example_sensors to None, run_after=None
[2025-04-23T05:20:24.841+0100] {processor.py:208} INFO - Processing /Users/francisayanbadejo/venvs_projects/my_proj/lib/python3.9/site-packages/airflow/example_dags/example_sensors.py took 0.205 seconds
[2025-04-23T12:30:26.877+0100] {processor.py:186} INFO - Started process (PID=86405) to work on /Users/francisayanbadejo/venvs_projects/my_proj/lib/python3.9/site-packages/airflow/example_dags/example_sensors.py
[2025-04-23T12:30:26.879+0100] {processor.py:914} INFO - Processing file /Users/francisayanbadejo/venvs_projects/my_proj/lib/python3.9/site-packages/airflow/example_dags/example_sensors.py for tasks to queue
[2025-04-23T12:30:26.880+0100] {logging_mixin.py:190} INFO - [2025-04-23T12:30:26.880+0100] {dagbag.py:588} INFO - Filling up the DagBag from /Users/francisayanbadejo/venvs_projects/my_proj/lib/python3.9/site-packages/airflow/example_dags/example_sensors.py
[2025-04-23T12:30:26.885+0100] {processor.py:925} INFO - DAG(s) 'example_sensors' retrieved from /Users/francisayanbadejo/venvs_projects/my_proj/lib/python3.9/site-packages/airflow/example_dags/example_sensors.py
[2025-04-23T12:30:27.088+0100] {logging_mixin.py:190} INFO - [2025-04-23T12:30:27.088+0100] {dag.py:3239} INFO - Sync 1 DAGs
[2025-04-23T12:30:27.092+0100] {logging_mixin.py:190} INFO - [2025-04-23T12:30:27.092+0100] {dag.py:4180} INFO - Setting next_dagrun for example_sensors to None, run_after=None
[2025-04-23T12:30:27.097+0100] {processor.py:208} INFO - Processing /Users/francisayanbadejo/venvs_projects/my_proj/lib/python3.9/site-packages/airflow/example_dags/example_sensors.py took 0.221 seconds
