[2025-04-23T02:28:33.589+0100] {processor.py:186} INFO - Started process (PID=57652) to work on /Users/francisayanbadejo/venvs_projects/my_proj/lib/python3.9/site-packages/airflow/example_dags/example_sla_dag.py
[2025-04-23T02:28:33.590+0100] {processor.py:914} INFO - Processing file /Users/francisayanbadejo/venvs_projects/my_proj/lib/python3.9/site-packages/airflow/example_dags/example_sla_dag.py for tasks to queue
[2025-04-23T02:28:33.590+0100] {logging_mixin.py:190} INFO - [2025-04-23T02:28:33.590+0100] {dagbag.py:588} INFO - Filling up the DagBag from /Users/francisayanbadejo/venvs_projects/my_proj/lib/python3.9/site-packages/airflow/example_dags/example_sla_dag.py
[2025-04-23T02:28:33.600+0100] {processor.py:925} INFO - DAG(s) 'example_sla_dag' retrieved from /Users/francisayanbadejo/venvs_projects/my_proj/lib/python3.9/site-packages/airflow/example_dags/example_sla_dag.py
[2025-04-23T02:28:33.656+0100] {logging_mixin.py:190} INFO - [2025-04-23T02:28:33.656+0100] {override.py:1930} INFO - Created Permission View: can delete on DAG:example_sla_dag
[2025-04-23T02:28:33.658+0100] {logging_mixin.py:190} INFO - [2025-04-23T02:28:33.658+0100] {override.py:1930} INFO - Created Permission View: can edit on DAG:example_sla_dag
[2025-04-23T02:28:33.660+0100] {logging_mixin.py:190} INFO - [2025-04-23T02:28:33.660+0100] {override.py:1930} INFO - Created Permission View: can read on DAG:example_sla_dag
[2025-04-23T02:28:33.662+0100] {logging_mixin.py:190} INFO - [2025-04-23T02:28:33.662+0100] {override.py:1930} INFO - Created Permission View: can create on DAG Run:example_sla_dag
[2025-04-23T02:28:33.663+0100] {logging_mixin.py:190} INFO - [2025-04-23T02:28:33.663+0100] {override.py:1930} INFO - Created Permission View: menu access on DAG Run:example_sla_dag
[2025-04-23T02:28:33.664+0100] {logging_mixin.py:190} INFO - [2025-04-23T02:28:33.664+0100] {override.py:1930} INFO - Created Permission View: can delete on DAG Run:example_sla_dag
[2025-04-23T02:28:33.666+0100] {logging_mixin.py:190} INFO - [2025-04-23T02:28:33.666+0100] {override.py:1930} INFO - Created Permission View: can read on DAG Run:example_sla_dag
[2025-04-23T02:28:33.666+0100] {logging_mixin.py:190} INFO - [2025-04-23T02:28:33.666+0100] {dag.py:3239} INFO - Sync 1 DAGs
[2025-04-23T02:28:33.670+0100] {logging_mixin.py:190} INFO - [2025-04-23T02:28:33.670+0100] {dag.py:3262} INFO - Creating ORM DAG for example_sla_dag
[2025-04-23T02:28:33.675+0100] {logging_mixin.py:190} INFO - [2025-04-23T02:28:33.674+0100] {dag.py:4180} INFO - Setting next_dagrun for example_sla_dag to 2025-04-23 01:26:00+00:00, run_after=2025-04-23 01:28:00+00:00
[2025-04-23T02:28:33.679+0100] {processor.py:208} INFO - Processing /Users/francisayanbadejo/venvs_projects/my_proj/lib/python3.9/site-packages/airflow/example_dags/example_sla_dag.py took 0.091 seconds
[2025-04-23T02:30:00.996+0100] {processor.py:186} INFO - Started process (PID=57841) to work on /Users/francisayanbadejo/venvs_projects/my_proj/lib/python3.9/site-packages/airflow/example_dags/example_sla_dag.py
[2025-04-23T02:30:00.998+0100] {processor.py:914} INFO - Processing file /Users/francisayanbadejo/venvs_projects/my_proj/lib/python3.9/site-packages/airflow/example_dags/example_sla_dag.py for tasks to queue
[2025-04-23T02:30:00.999+0100] {logging_mixin.py:190} INFO - [2025-04-23T02:30:00.999+0100] {dagbag.py:588} INFO - Filling up the DagBag from /Users/francisayanbadejo/venvs_projects/my_proj/lib/python3.9/site-packages/airflow/example_dags/example_sla_dag.py
[2025-04-23T02:30:01.008+0100] {processor.py:925} INFO - DAG(s) 'example_sla_dag' retrieved from /Users/francisayanbadejo/venvs_projects/my_proj/lib/python3.9/site-packages/airflow/example_dags/example_sla_dag.py
[2025-04-23T02:30:01.039+0100] {logging_mixin.py:190} INFO - [2025-04-23T02:30:01.039+0100] {dag.py:3239} INFO - Sync 1 DAGs
[2025-04-23T02:30:01.047+0100] {logging_mixin.py:190} INFO - [2025-04-23T02:30:01.047+0100] {dag.py:4180} INFO - Setting next_dagrun for example_sla_dag to 2025-04-23 01:28:00+00:00, run_after=2025-04-23 01:30:00+00:00
[2025-04-23T02:30:01.052+0100] {processor.py:208} INFO - Processing /Users/francisayanbadejo/venvs_projects/my_proj/lib/python3.9/site-packages/airflow/example_dags/example_sla_dag.py took 0.057 seconds
[2025-04-23T02:31:48.343+0100] {processor.py:186} INFO - Started process (PID=58037) to work on /Users/francisayanbadejo/venvs_projects/my_proj/lib/python3.9/site-packages/airflow/example_dags/example_sla_dag.py
[2025-04-23T02:31:48.344+0100] {processor.py:914} INFO - Processing file /Users/francisayanbadejo/venvs_projects/my_proj/lib/python3.9/site-packages/airflow/example_dags/example_sla_dag.py for tasks to queue
[2025-04-23T02:31:48.345+0100] {logging_mixin.py:190} INFO - [2025-04-23T02:31:48.345+0100] {dagbag.py:588} INFO - Filling up the DagBag from /Users/francisayanbadejo/venvs_projects/my_proj/lib/python3.9/site-packages/airflow/example_dags/example_sla_dag.py
[2025-04-23T02:31:48.355+0100] {processor.py:925} INFO - DAG(s) 'example_sla_dag' retrieved from /Users/francisayanbadejo/venvs_projects/my_proj/lib/python3.9/site-packages/airflow/example_dags/example_sla_dag.py
[2025-04-23T02:31:48.385+0100] {logging_mixin.py:190} INFO - [2025-04-23T02:31:48.385+0100] {dag.py:3239} INFO - Sync 1 DAGs
[2025-04-23T02:31:48.392+0100] {logging_mixin.py:190} INFO - [2025-04-23T02:31:48.392+0100] {dag.py:4180} INFO - Setting next_dagrun for example_sla_dag to 2025-04-23 01:28:00+00:00, run_after=2025-04-23 01:30:00+00:00
[2025-04-23T02:31:48.397+0100] {processor.py:208} INFO - Processing /Users/francisayanbadejo/venvs_projects/my_proj/lib/python3.9/site-packages/airflow/example_dags/example_sla_dag.py took 0.056 seconds
[2025-04-23T02:33:38.125+0100] {processor.py:186} INFO - Started process (PID=58281) to work on /Users/francisayanbadejo/venvs_projects/my_proj/lib/python3.9/site-packages/airflow/example_dags/example_sla_dag.py
[2025-04-23T02:33:38.126+0100] {processor.py:914} INFO - Processing file /Users/francisayanbadejo/venvs_projects/my_proj/lib/python3.9/site-packages/airflow/example_dags/example_sla_dag.py for tasks to queue
[2025-04-23T02:33:38.127+0100] {logging_mixin.py:190} INFO - [2025-04-23T02:33:38.127+0100] {dagbag.py:588} INFO - Filling up the DagBag from /Users/francisayanbadejo/venvs_projects/my_proj/lib/python3.9/site-packages/airflow/example_dags/example_sla_dag.py
[2025-04-23T02:33:38.137+0100] {processor.py:925} INFO - DAG(s) 'example_sla_dag' retrieved from /Users/francisayanbadejo/venvs_projects/my_proj/lib/python3.9/site-packages/airflow/example_dags/example_sla_dag.py
[2025-04-23T02:33:38.167+0100] {logging_mixin.py:190} INFO - [2025-04-23T02:33:38.166+0100] {dag.py:3239} INFO - Sync 1 DAGs
[2025-04-23T02:33:38.174+0100] {logging_mixin.py:190} INFO - [2025-04-23T02:33:38.174+0100] {dag.py:4180} INFO - Setting next_dagrun for example_sla_dag to 2025-04-23 01:30:00+00:00, run_after=2025-04-23 01:32:00+00:00
[2025-04-23T02:33:38.179+0100] {processor.py:208} INFO - Processing /Users/francisayanbadejo/venvs_projects/my_proj/lib/python3.9/site-packages/airflow/example_dags/example_sla_dag.py took 0.055 seconds
[2025-04-23T02:34:24.812+0100] {processor.py:186} INFO - Started process (PID=58470) to work on /Users/francisayanbadejo/venvs_projects/my_proj/lib/python3.9/site-packages/airflow/example_dags/example_sla_dag.py
[2025-04-23T02:34:24.814+0100] {processor.py:914} INFO - Processing file /Users/francisayanbadejo/venvs_projects/my_proj/lib/python3.9/site-packages/airflow/example_dags/example_sla_dag.py for tasks to queue
[2025-04-23T02:34:24.815+0100] {logging_mixin.py:190} INFO - [2025-04-23T02:34:24.815+0100] {dagbag.py:588} INFO - Filling up the DagBag from /Users/francisayanbadejo/venvs_projects/my_proj/lib/python3.9/site-packages/airflow/example_dags/example_sla_dag.py
[2025-04-23T02:34:24.825+0100] {processor.py:925} INFO - DAG(s) 'example_sla_dag' retrieved from /Users/francisayanbadejo/venvs_projects/my_proj/lib/python3.9/site-packages/airflow/example_dags/example_sla_dag.py
[2025-04-23T02:34:24.856+0100] {logging_mixin.py:190} INFO - [2025-04-23T02:34:24.856+0100] {dag.py:3239} INFO - Sync 1 DAGs
[2025-04-23T02:34:24.864+0100] {logging_mixin.py:190} INFO - [2025-04-23T02:34:24.864+0100] {dag.py:4180} INFO - Setting next_dagrun for example_sla_dag to 2025-04-23 01:32:00+00:00, run_after=2025-04-23 01:34:00+00:00
[2025-04-23T02:34:24.869+0100] {processor.py:208} INFO - Processing /Users/francisayanbadejo/venvs_projects/my_proj/lib/python3.9/site-packages/airflow/example_dags/example_sla_dag.py took 0.058 seconds
[2025-04-23T02:35:48.020+0100] {processor.py:186} INFO - Started process (PID=58590) to work on /Users/francisayanbadejo/venvs_projects/my_proj/lib/python3.9/site-packages/airflow/example_dags/example_sla_dag.py
[2025-04-23T02:35:48.022+0100] {processor.py:914} INFO - Processing file /Users/francisayanbadejo/venvs_projects/my_proj/lib/python3.9/site-packages/airflow/example_dags/example_sla_dag.py for tasks to queue
[2025-04-23T02:35:48.022+0100] {logging_mixin.py:190} INFO - [2025-04-23T02:35:48.022+0100] {dagbag.py:588} INFO - Filling up the DagBag from /Users/francisayanbadejo/venvs_projects/my_proj/lib/python3.9/site-packages/airflow/example_dags/example_sla_dag.py
[2025-04-23T02:35:48.032+0100] {processor.py:925} INFO - DAG(s) 'example_sla_dag' retrieved from /Users/francisayanbadejo/venvs_projects/my_proj/lib/python3.9/site-packages/airflow/example_dags/example_sla_dag.py
[2025-04-23T02:35:48.062+0100] {logging_mixin.py:190} INFO - [2025-04-23T02:35:48.062+0100] {dag.py:3239} INFO - Sync 1 DAGs
[2025-04-23T02:35:48.070+0100] {logging_mixin.py:190} INFO - [2025-04-23T02:35:48.070+0100] {dag.py:4180} INFO - Setting next_dagrun for example_sla_dag to 2025-04-23 01:32:00+00:00, run_after=2025-04-23 01:34:00+00:00
[2025-04-23T02:35:48.075+0100] {processor.py:208} INFO - Processing /Users/francisayanbadejo/venvs_projects/my_proj/lib/python3.9/site-packages/airflow/example_dags/example_sla_dag.py took 0.056 seconds
[2025-04-23T02:37:36.489+0100] {processor.py:186} INFO - Started process (PID=58777) to work on /Users/francisayanbadejo/venvs_projects/my_proj/lib/python3.9/site-packages/airflow/example_dags/example_sla_dag.py
[2025-04-23T02:37:36.491+0100] {processor.py:914} INFO - Processing file /Users/francisayanbadejo/venvs_projects/my_proj/lib/python3.9/site-packages/airflow/example_dags/example_sla_dag.py for tasks to queue
[2025-04-23T02:37:36.492+0100] {logging_mixin.py:190} INFO - [2025-04-23T02:37:36.492+0100] {dagbag.py:588} INFO - Filling up the DagBag from /Users/francisayanbadejo/venvs_projects/my_proj/lib/python3.9/site-packages/airflow/example_dags/example_sla_dag.py
[2025-04-23T02:37:36.502+0100] {processor.py:925} INFO - DAG(s) 'example_sla_dag' retrieved from /Users/francisayanbadejo/venvs_projects/my_proj/lib/python3.9/site-packages/airflow/example_dags/example_sla_dag.py
[2025-04-23T02:37:36.533+0100] {logging_mixin.py:190} INFO - [2025-04-23T02:37:36.533+0100] {dag.py:3239} INFO - Sync 1 DAGs
[2025-04-23T02:37:36.541+0100] {logging_mixin.py:190} INFO - [2025-04-23T02:37:36.541+0100] {dag.py:4180} INFO - Setting next_dagrun for example_sla_dag to 2025-04-23 01:34:00+00:00, run_after=2025-04-23 01:36:00+00:00
[2025-04-23T02:37:36.546+0100] {processor.py:208} INFO - Processing /Users/francisayanbadejo/venvs_projects/my_proj/lib/python3.9/site-packages/airflow/example_dags/example_sla_dag.py took 0.058 seconds
