[2025-04-23T02:28:22.668+0100] {processor.py:186} INFO - Started process (PID=57636) to work on /Users/francisayanbadejo/venvs_projects/my_proj/lib/python3.9/site-packages/airflow/example_dags/example_workday_timetable.py
[2025-04-23T02:28:22.669+0100] {processor.py:914} INFO - Processing file /Users/francisayanbadejo/venvs_projects/my_proj/lib/python3.9/site-packages/airflow/example_dags/example_workday_timetable.py for tasks to queue
[2025-04-23T02:28:22.670+0100] {logging_mixin.py:190} INFO - [2025-04-23T02:28:22.670+0100] {dagbag.py:588} INFO - Filling up the DagBag from /Users/francisayanbadejo/venvs_projects/my_proj/lib/python3.9/site-packages/airflow/example_dags/example_workday_timetable.py
[2025-04-23T02:28:22.768+0100] {processor.py:925} INFO - DAG(s) 'example_workday_timetable' retrieved from /Users/francisayanbadejo/venvs_projects/my_proj/lib/python3.9/site-packages/airflow/example_dags/example_workday_timetable.py
[2025-04-23T02:28:22.850+0100] {logging_mixin.py:190} INFO - [2025-04-23T02:28:22.850+0100] {override.py:1930} INFO - Created Permission View: can edit on DAG:example_workday_timetable
[2025-04-23T02:28:22.852+0100] {logging_mixin.py:190} INFO - [2025-04-23T02:28:22.852+0100] {override.py:1930} INFO - Created Permission View: can delete on DAG:example_workday_timetable
[2025-04-23T02:28:22.854+0100] {logging_mixin.py:190} INFO - [2025-04-23T02:28:22.853+0100] {override.py:1930} INFO - Created Permission View: can read on DAG:example_workday_timetable
[2025-04-23T02:28:22.855+0100] {logging_mixin.py:190} INFO - [2025-04-23T02:28:22.855+0100] {override.py:1930} INFO - Created Permission View: menu access on DAG Run:example_workday_timetable
[2025-04-23T02:28:22.857+0100] {logging_mixin.py:190} INFO - [2025-04-23T02:28:22.857+0100] {override.py:1930} INFO - Created Permission View: can delete on DAG Run:example_workday_timetable
[2025-04-23T02:28:22.858+0100] {logging_mixin.py:190} INFO - [2025-04-23T02:28:22.858+0100] {override.py:1930} INFO - Created Permission View: can read on DAG Run:example_workday_timetable
[2025-04-23T02:28:22.860+0100] {logging_mixin.py:190} INFO - [2025-04-23T02:28:22.859+0100] {override.py:1930} INFO - Created Permission View: can create on DAG Run:example_workday_timetable
[2025-04-23T02:28:22.860+0100] {logging_mixin.py:190} INFO - [2025-04-23T02:28:22.860+0100] {dag.py:3239} INFO - Sync 1 DAGs
[2025-04-23T02:28:22.863+0100] {logging_mixin.py:190} INFO - [2025-04-23T02:28:22.863+0100] {dag.py:3262} INFO - Creating ORM DAG for example_workday_timetable
[2025-04-23T02:28:22.884+0100] {logging_mixin.py:190} INFO - [2025-04-23T02:28:22.883+0100] {dag.py:4180} INFO - Setting next_dagrun for example_workday_timetable to 2021-01-04 00:00:00+00:00, run_after=2021-01-05 00:00:00+00:00
[2025-04-23T02:28:22.890+0100] {processor.py:208} INFO - Processing /Users/francisayanbadejo/venvs_projects/my_proj/lib/python3.9/site-packages/airflow/example_dags/example_workday_timetable.py took 0.223 seconds
[2025-04-23T02:29:50.062+0100] {processor.py:186} INFO - Started process (PID=57819) to work on /Users/francisayanbadejo/venvs_projects/my_proj/lib/python3.9/site-packages/airflow/example_dags/example_workday_timetable.py
[2025-04-23T02:29:50.063+0100] {processor.py:914} INFO - Processing file /Users/francisayanbadejo/venvs_projects/my_proj/lib/python3.9/site-packages/airflow/example_dags/example_workday_timetable.py for tasks to queue
[2025-04-23T02:29:50.064+0100] {logging_mixin.py:190} INFO - [2025-04-23T02:29:50.064+0100] {dagbag.py:588} INFO - Filling up the DagBag from /Users/francisayanbadejo/venvs_projects/my_proj/lib/python3.9/site-packages/airflow/example_dags/example_workday_timetable.py
[2025-04-23T02:29:50.218+0100] {processor.py:925} INFO - DAG(s) 'example_workday_timetable' retrieved from /Users/francisayanbadejo/venvs_projects/my_proj/lib/python3.9/site-packages/airflow/example_dags/example_workday_timetable.py
[2025-04-23T02:29:50.275+0100] {logging_mixin.py:190} INFO - [2025-04-23T02:29:50.275+0100] {dag.py:3239} INFO - Sync 1 DAGs
[2025-04-23T02:29:50.291+0100] {logging_mixin.py:190} INFO - [2025-04-23T02:29:50.290+0100] {dag.py:4180} INFO - Setting next_dagrun for example_workday_timetable to 2021-01-04 00:00:00+00:00, run_after=2021-01-05 00:00:00+00:00
[2025-04-23T02:29:50.296+0100] {processor.py:208} INFO - Processing /Users/francisayanbadejo/venvs_projects/my_proj/lib/python3.9/site-packages/airflow/example_dags/example_workday_timetable.py took 0.235 seconds
[2025-04-23T02:30:47.736+0100] {processor.py:186} INFO - Started process (PID=57910) to work on /Users/francisayanbadejo/venvs_projects/my_proj/lib/python3.9/site-packages/airflow/example_dags/example_workday_timetable.py
[2025-04-23T02:30:47.737+0100] {processor.py:914} INFO - Processing file /Users/francisayanbadejo/venvs_projects/my_proj/lib/python3.9/site-packages/airflow/example_dags/example_workday_timetable.py for tasks to queue
[2025-04-23T02:30:47.738+0100] {logging_mixin.py:190} INFO - [2025-04-23T02:30:47.738+0100] {dagbag.py:588} INFO - Filling up the DagBag from /Users/francisayanbadejo/venvs_projects/my_proj/lib/python3.9/site-packages/airflow/example_dags/example_workday_timetable.py
[2025-04-23T02:30:47.887+0100] {processor.py:925} INFO - DAG(s) 'example_workday_timetable' retrieved from /Users/francisayanbadejo/venvs_projects/my_proj/lib/python3.9/site-packages/airflow/example_dags/example_workday_timetable.py
[2025-04-23T02:30:47.949+0100] {logging_mixin.py:190} INFO - [2025-04-23T02:30:47.948+0100] {dag.py:3239} INFO - Sync 1 DAGs
[2025-04-23T02:30:47.964+0100] {logging_mixin.py:190} INFO - [2025-04-23T02:30:47.964+0100] {dag.py:4180} INFO - Setting next_dagrun for example_workday_timetable to 2021-01-04 00:00:00+00:00, run_after=2021-01-05 00:00:00+00:00
[2025-04-23T02:30:47.969+0100] {processor.py:208} INFO - Processing /Users/francisayanbadejo/venvs_projects/my_proj/lib/python3.9/site-packages/airflow/example_dags/example_workday_timetable.py took 0.235 seconds
[2025-04-23T02:31:40.979+0100] {processor.py:186} INFO - Started process (PID=58019) to work on /Users/francisayanbadejo/venvs_projects/my_proj/lib/python3.9/site-packages/airflow/example_dags/example_workday_timetable.py
[2025-04-23T02:31:40.980+0100] {processor.py:914} INFO - Processing file /Users/francisayanbadejo/venvs_projects/my_proj/lib/python3.9/site-packages/airflow/example_dags/example_workday_timetable.py for tasks to queue
[2025-04-23T02:31:40.981+0100] {logging_mixin.py:190} INFO - [2025-04-23T02:31:40.981+0100] {dagbag.py:588} INFO - Filling up the DagBag from /Users/francisayanbadejo/venvs_projects/my_proj/lib/python3.9/site-packages/airflow/example_dags/example_workday_timetable.py
[2025-04-23T02:31:41.128+0100] {processor.py:925} INFO - DAG(s) 'example_workday_timetable' retrieved from /Users/francisayanbadejo/venvs_projects/my_proj/lib/python3.9/site-packages/airflow/example_dags/example_workday_timetable.py
[2025-04-23T02:31:41.187+0100] {logging_mixin.py:190} INFO - [2025-04-23T02:31:41.187+0100] {dag.py:3239} INFO - Sync 1 DAGs
[2025-04-23T02:31:41.202+0100] {logging_mixin.py:190} INFO - [2025-04-23T02:31:41.202+0100] {dag.py:4180} INFO - Setting next_dagrun for example_workday_timetable to 2021-01-04 00:00:00+00:00, run_after=2021-01-05 00:00:00+00:00
[2025-04-23T02:31:41.208+0100] {processor.py:208} INFO - Processing /Users/francisayanbadejo/venvs_projects/my_proj/lib/python3.9/site-packages/airflow/example_dags/example_workday_timetable.py took 0.230 seconds
[2025-04-23T02:32:35.868+0100] {processor.py:186} INFO - Started process (PID=58161) to work on /Users/francisayanbadejo/venvs_projects/my_proj/lib/python3.9/site-packages/airflow/example_dags/example_workday_timetable.py
[2025-04-23T02:32:35.870+0100] {processor.py:914} INFO - Processing file /Users/francisayanbadejo/venvs_projects/my_proj/lib/python3.9/site-packages/airflow/example_dags/example_workday_timetable.py for tasks to queue
[2025-04-23T02:32:35.870+0100] {logging_mixin.py:190} INFO - [2025-04-23T02:32:35.870+0100] {dagbag.py:588} INFO - Filling up the DagBag from /Users/francisayanbadejo/venvs_projects/my_proj/lib/python3.9/site-packages/airflow/example_dags/example_workday_timetable.py
[2025-04-23T02:32:36.020+0100] {processor.py:925} INFO - DAG(s) 'example_workday_timetable' retrieved from /Users/francisayanbadejo/venvs_projects/my_proj/lib/python3.9/site-packages/airflow/example_dags/example_workday_timetable.py
[2025-04-23T02:32:36.074+0100] {logging_mixin.py:190} INFO - [2025-04-23T02:32:36.074+0100] {dag.py:3239} INFO - Sync 1 DAGs
[2025-04-23T02:32:36.090+0100] {logging_mixin.py:190} INFO - [2025-04-23T02:32:36.089+0100] {dag.py:4180} INFO - Setting next_dagrun for example_workday_timetable to 2021-01-04 00:00:00+00:00, run_after=2021-01-05 00:00:00+00:00
[2025-04-23T02:32:36.095+0100] {processor.py:208} INFO - Processing /Users/francisayanbadejo/venvs_projects/my_proj/lib/python3.9/site-packages/airflow/example_dags/example_workday_timetable.py took 0.227 seconds
[2025-04-23T02:33:29.438+0100] {processor.py:186} INFO - Started process (PID=58267) to work on /Users/francisayanbadejo/venvs_projects/my_proj/lib/python3.9/site-packages/airflow/example_dags/example_workday_timetable.py
[2025-04-23T02:33:29.440+0100] {processor.py:914} INFO - Processing file /Users/francisayanbadejo/venvs_projects/my_proj/lib/python3.9/site-packages/airflow/example_dags/example_workday_timetable.py for tasks to queue
[2025-04-23T02:33:29.440+0100] {logging_mixin.py:190} INFO - [2025-04-23T02:33:29.440+0100] {dagbag.py:588} INFO - Filling up the DagBag from /Users/francisayanbadejo/venvs_projects/my_proj/lib/python3.9/site-packages/airflow/example_dags/example_workday_timetable.py
[2025-04-23T02:33:29.543+0100] {processor.py:925} INFO - DAG(s) 'example_workday_timetable' retrieved from /Users/francisayanbadejo/venvs_projects/my_proj/lib/python3.9/site-packages/airflow/example_dags/example_workday_timetable.py
[2025-04-23T02:33:29.598+0100] {logging_mixin.py:190} INFO - [2025-04-23T02:33:29.598+0100] {dag.py:3239} INFO - Sync 1 DAGs
[2025-04-23T02:33:29.614+0100] {logging_mixin.py:190} INFO - [2025-04-23T02:33:29.614+0100] {dag.py:4180} INFO - Setting next_dagrun for example_workday_timetable to 2021-01-04 00:00:00+00:00, run_after=2021-01-05 00:00:00+00:00
[2025-04-23T02:33:29.619+0100] {processor.py:208} INFO - Processing /Users/francisayanbadejo/venvs_projects/my_proj/lib/python3.9/site-packages/airflow/example_dags/example_workday_timetable.py took 0.183 seconds
[2025-04-23T02:34:14.036+0100] {processor.py:186} INFO - Started process (PID=58454) to work on /Users/francisayanbadejo/venvs_projects/my_proj/lib/python3.9/site-packages/airflow/example_dags/example_workday_timetable.py
[2025-04-23T02:34:14.037+0100] {processor.py:914} INFO - Processing file /Users/francisayanbadejo/venvs_projects/my_proj/lib/python3.9/site-packages/airflow/example_dags/example_workday_timetable.py for tasks to queue
[2025-04-23T02:34:14.038+0100] {logging_mixin.py:190} INFO - [2025-04-23T02:34:14.038+0100] {dagbag.py:588} INFO - Filling up the DagBag from /Users/francisayanbadejo/venvs_projects/my_proj/lib/python3.9/site-packages/airflow/example_dags/example_workday_timetable.py
[2025-04-23T02:34:14.139+0100] {processor.py:925} INFO - DAG(s) 'example_workday_timetable' retrieved from /Users/francisayanbadejo/venvs_projects/my_proj/lib/python3.9/site-packages/airflow/example_dags/example_workday_timetable.py
[2025-04-23T02:34:14.197+0100] {logging_mixin.py:190} INFO - [2025-04-23T02:34:14.197+0100] {dag.py:3239} INFO - Sync 1 DAGs
[2025-04-23T02:34:14.213+0100] {logging_mixin.py:190} INFO - [2025-04-23T02:34:14.212+0100] {dag.py:4180} INFO - Setting next_dagrun for example_workday_timetable to 2021-01-04 00:00:00+00:00, run_after=2021-01-05 00:00:00+00:00
[2025-04-23T02:34:14.218+0100] {processor.py:208} INFO - Processing /Users/francisayanbadejo/venvs_projects/my_proj/lib/python3.9/site-packages/airflow/example_dags/example_workday_timetable.py took 0.183 seconds
[2025-04-23T02:35:37.200+0100] {processor.py:186} INFO - Started process (PID=58575) to work on /Users/francisayanbadejo/venvs_projects/my_proj/lib/python3.9/site-packages/airflow/example_dags/example_workday_timetable.py
[2025-04-23T02:35:37.201+0100] {processor.py:914} INFO - Processing file /Users/francisayanbadejo/venvs_projects/my_proj/lib/python3.9/site-packages/airflow/example_dags/example_workday_timetable.py for tasks to queue
[2025-04-23T02:35:37.202+0100] {logging_mixin.py:190} INFO - [2025-04-23T02:35:37.202+0100] {dagbag.py:588} INFO - Filling up the DagBag from /Users/francisayanbadejo/venvs_projects/my_proj/lib/python3.9/site-packages/airflow/example_dags/example_workday_timetable.py
[2025-04-23T02:35:37.298+0100] {processor.py:925} INFO - DAG(s) 'example_workday_timetable' retrieved from /Users/francisayanbadejo/venvs_projects/my_proj/lib/python3.9/site-packages/airflow/example_dags/example_workday_timetable.py
[2025-04-23T02:35:37.353+0100] {logging_mixin.py:190} INFO - [2025-04-23T02:35:37.353+0100] {dag.py:3239} INFO - Sync 1 DAGs
[2025-04-23T02:35:37.369+0100] {logging_mixin.py:190} INFO - [2025-04-23T02:35:37.369+0100] {dag.py:4180} INFO - Setting next_dagrun for example_workday_timetable to 2021-01-04 00:00:00+00:00, run_after=2021-01-05 00:00:00+00:00
[2025-04-23T02:35:37.374+0100] {processor.py:208} INFO - Processing /Users/francisayanbadejo/venvs_projects/my_proj/lib/python3.9/site-packages/airflow/example_dags/example_workday_timetable.py took 0.175 seconds
[2025-04-23T02:36:31.513+0100] {processor.py:186} INFO - Started process (PID=58661) to work on /Users/francisayanbadejo/venvs_projects/my_proj/lib/python3.9/site-packages/airflow/example_dags/example_workday_timetable.py
[2025-04-23T02:36:31.515+0100] {processor.py:914} INFO - Processing file /Users/francisayanbadejo/venvs_projects/my_proj/lib/python3.9/site-packages/airflow/example_dags/example_workday_timetable.py for tasks to queue
[2025-04-23T02:36:31.515+0100] {logging_mixin.py:190} INFO - [2025-04-23T02:36:31.515+0100] {dagbag.py:588} INFO - Filling up the DagBag from /Users/francisayanbadejo/venvs_projects/my_proj/lib/python3.9/site-packages/airflow/example_dags/example_workday_timetable.py
[2025-04-23T02:36:31.659+0100] {processor.py:925} INFO - DAG(s) 'example_workday_timetable' retrieved from /Users/francisayanbadejo/venvs_projects/my_proj/lib/python3.9/site-packages/airflow/example_dags/example_workday_timetable.py
[2025-04-23T02:36:31.714+0100] {logging_mixin.py:190} INFO - [2025-04-23T02:36:31.714+0100] {dag.py:3239} INFO - Sync 1 DAGs
[2025-04-23T02:36:31.729+0100] {logging_mixin.py:190} INFO - [2025-04-23T02:36:31.729+0100] {dag.py:4180} INFO - Setting next_dagrun for example_workday_timetable to 2021-01-04 00:00:00+00:00, run_after=2021-01-05 00:00:00+00:00
[2025-04-23T02:36:31.734+0100] {processor.py:208} INFO - Processing /Users/francisayanbadejo/venvs_projects/my_proj/lib/python3.9/site-packages/airflow/example_dags/example_workday_timetable.py took 0.222 seconds
[2025-04-23T02:37:26.296+0100] {processor.py:186} INFO - Started process (PID=58748) to work on /Users/francisayanbadejo/venvs_projects/my_proj/lib/python3.9/site-packages/airflow/example_dags/example_workday_timetable.py
[2025-04-23T02:37:26.297+0100] {processor.py:914} INFO - Processing file /Users/francisayanbadejo/venvs_projects/my_proj/lib/python3.9/site-packages/airflow/example_dags/example_workday_timetable.py for tasks to queue
[2025-04-23T02:37:26.298+0100] {logging_mixin.py:190} INFO - [2025-04-23T02:37:26.298+0100] {dagbag.py:588} INFO - Filling up the DagBag from /Users/francisayanbadejo/venvs_projects/my_proj/lib/python3.9/site-packages/airflow/example_dags/example_workday_timetable.py
[2025-04-23T02:37:26.443+0100] {processor.py:925} INFO - DAG(s) 'example_workday_timetable' retrieved from /Users/francisayanbadejo/venvs_projects/my_proj/lib/python3.9/site-packages/airflow/example_dags/example_workday_timetable.py
[2025-04-23T02:37:26.501+0100] {logging_mixin.py:190} INFO - [2025-04-23T02:37:26.501+0100] {dag.py:3239} INFO - Sync 1 DAGs
[2025-04-23T02:37:26.516+0100] {logging_mixin.py:190} INFO - [2025-04-23T02:37:26.516+0100] {dag.py:4180} INFO - Setting next_dagrun for example_workday_timetable to 2021-01-04 00:00:00+00:00, run_after=2021-01-05 00:00:00+00:00
[2025-04-23T02:37:26.521+0100] {processor.py:208} INFO - Processing /Users/francisayanbadejo/venvs_projects/my_proj/lib/python3.9/site-packages/airflow/example_dags/example_workday_timetable.py took 0.227 seconds
[2025-04-23T02:38:20.459+0100] {processor.py:186} INFO - Started process (PID=58880) to work on /Users/francisayanbadejo/venvs_projects/my_proj/lib/python3.9/site-packages/airflow/example_dags/example_workday_timetable.py
[2025-04-23T02:38:20.461+0100] {processor.py:914} INFO - Processing file /Users/francisayanbadejo/venvs_projects/my_proj/lib/python3.9/site-packages/airflow/example_dags/example_workday_timetable.py for tasks to queue
[2025-04-23T02:38:20.462+0100] {logging_mixin.py:190} INFO - [2025-04-23T02:38:20.462+0100] {dagbag.py:588} INFO - Filling up the DagBag from /Users/francisayanbadejo/venvs_projects/my_proj/lib/python3.9/site-packages/airflow/example_dags/example_workday_timetable.py
[2025-04-23T02:38:20.563+0100] {processor.py:925} INFO - DAG(s) 'example_workday_timetable' retrieved from /Users/francisayanbadejo/venvs_projects/my_proj/lib/python3.9/site-packages/airflow/example_dags/example_workday_timetable.py
[2025-04-23T02:38:20.624+0100] {logging_mixin.py:190} INFO - [2025-04-23T02:38:20.624+0100] {dag.py:3239} INFO - Sync 1 DAGs
[2025-04-23T02:38:20.641+0100] {logging_mixin.py:190} INFO - [2025-04-23T02:38:20.641+0100] {dag.py:4180} INFO - Setting next_dagrun for example_workday_timetable to 2021-01-04 00:00:00+00:00, run_after=2021-01-05 00:00:00+00:00
[2025-04-23T02:38:20.646+0100] {processor.py:208} INFO - Processing /Users/francisayanbadejo/venvs_projects/my_proj/lib/python3.9/site-packages/airflow/example_dags/example_workday_timetable.py took 0.188 seconds
