[2025-04-23T03:41:45.038+0100] {processor.py:186} INFO - Started process (PID=63441) to work on /Users/francisayanbadejo/venvs_projects/my_proj/lib/python3.9/site-packages/airflow/example_dags/example_inlet_event_extra.py
[2025-04-23T03:41:45.039+0100] {processor.py:914} INFO - Processing file /Users/francisayanbadejo/venvs_projects/my_proj/lib/python3.9/site-packages/airflow/example_dags/example_inlet_event_extra.py for tasks to queue
[2025-04-23T03:41:45.039+0100] {logging_mixin.py:190} INFO - [2025-04-23T03:41:45.039+0100] {dagbag.py:588} INFO - Filling up the DagBag from /Users/francisayanbadejo/venvs_projects/my_proj/lib/python3.9/site-packages/airflow/example_dags/example_inlet_event_extra.py
[2025-04-23T03:41:45.071+0100] {processor.py:925} INFO - DAG(s) 'read_dataset_event', 'read_dataset_event_from_classic' retrieved from /Users/francisayanbadejo/venvs_projects/my_proj/lib/python3.9/site-packages/airflow/example_dags/example_inlet_event_extra.py
[2025-04-23T03:41:45.123+0100] {logging_mixin.py:190} INFO - [2025-04-23T03:41:45.123+0100] {override.py:1930} INFO - Created Permission View: can delete on DAG:read_dataset_event
[2025-04-23T03:41:45.125+0100] {logging_mixin.py:190} INFO - [2025-04-23T03:41:45.125+0100] {override.py:1930} INFO - Created Permission View: can edit on DAG:read_dataset_event
[2025-04-23T03:41:45.127+0100] {logging_mixin.py:190} INFO - [2025-04-23T03:41:45.127+0100] {override.py:1930} INFO - Created Permission View: can read on DAG:read_dataset_event
[2025-04-23T03:41:45.129+0100] {logging_mixin.py:190} INFO - [2025-04-23T03:41:45.129+0100] {override.py:1930} INFO - Created Permission View: can delete on DAG Run:read_dataset_event
[2025-04-23T03:41:45.130+0100] {logging_mixin.py:190} INFO - [2025-04-23T03:41:45.130+0100] {override.py:1930} INFO - Created Permission View: can create on DAG Run:read_dataset_event
[2025-04-23T03:41:45.131+0100] {logging_mixin.py:190} INFO - [2025-04-23T03:41:45.131+0100] {override.py:1930} INFO - Created Permission View: menu access on DAG Run:read_dataset_event
[2025-04-23T03:41:45.133+0100] {logging_mixin.py:190} INFO - [2025-04-23T03:41:45.133+0100] {override.py:1930} INFO - Created Permission View: can read on DAG Run:read_dataset_event
[2025-04-23T03:41:45.136+0100] {logging_mixin.py:190} INFO - [2025-04-23T03:41:45.135+0100] {override.py:1930} INFO - Created Permission View: can delete on DAG:read_dataset_event_from_classic
[2025-04-23T03:41:45.137+0100] {logging_mixin.py:190} INFO - [2025-04-23T03:41:45.137+0100] {override.py:1930} INFO - Created Permission View: can edit on DAG:read_dataset_event_from_classic
[2025-04-23T03:41:45.138+0100] {logging_mixin.py:190} INFO - [2025-04-23T03:41:45.138+0100] {override.py:1930} INFO - Created Permission View: can read on DAG:read_dataset_event_from_classic
[2025-04-23T03:41:45.140+0100] {logging_mixin.py:190} INFO - [2025-04-23T03:41:45.140+0100] {override.py:1930} INFO - Created Permission View: can delete on DAG Run:read_dataset_event_from_classic
[2025-04-23T03:41:45.141+0100] {logging_mixin.py:190} INFO - [2025-04-23T03:41:45.141+0100] {override.py:1930} INFO - Created Permission View: can create on DAG Run:read_dataset_event_from_classic
[2025-04-23T03:41:45.142+0100] {logging_mixin.py:190} INFO - [2025-04-23T03:41:45.142+0100] {override.py:1930} INFO - Created Permission View: menu access on DAG Run:read_dataset_event_from_classic
[2025-04-23T03:41:45.144+0100] {logging_mixin.py:190} INFO - [2025-04-23T03:41:45.144+0100] {override.py:1930} INFO - Created Permission View: can read on DAG Run:read_dataset_event_from_classic
[2025-04-23T03:41:45.144+0100] {logging_mixin.py:190} INFO - [2025-04-23T03:41:45.144+0100] {dag.py:3239} INFO - Sync 2 DAGs
[2025-04-23T03:41:45.147+0100] {logging_mixin.py:190} INFO - [2025-04-23T03:41:45.147+0100] {dag.py:3262} INFO - Creating ORM DAG for read_dataset_event_from_classic
[2025-04-23T03:41:45.148+0100] {logging_mixin.py:190} INFO - [2025-04-23T03:41:45.147+0100] {dag.py:3262} INFO - Creating ORM DAG for read_dataset_event
[2025-04-23T03:41:45.150+0100] {logging_mixin.py:190} INFO - [2025-04-23T03:41:45.150+0100] {dag.py:4180} INFO - Setting next_dagrun for read_dataset_event to 2025-04-22 00:00:00+00:00, run_after=2025-04-23 00:00:00+00:00
[2025-04-23T03:41:45.150+0100] {logging_mixin.py:190} INFO - [2025-04-23T03:41:45.150+0100] {dag.py:4180} INFO - Setting next_dagrun for read_dataset_event_from_classic to 2025-04-22 00:00:00+00:00, run_after=2025-04-23 00:00:00+00:00
[2025-04-23T03:41:45.156+0100] {processor.py:208} INFO - Processing /Users/francisayanbadejo/venvs_projects/my_proj/lib/python3.9/site-packages/airflow/example_dags/example_inlet_event_extra.py took 0.119 seconds
[2025-04-23T03:45:07.624+0100] {processor.py:186} INFO - Started process (PID=64365) to work on /Users/francisayanbadejo/venvs_projects/my_proj/lib/python3.9/site-packages/airflow/example_dags/example_inlet_event_extra.py
[2025-04-23T03:45:07.626+0100] {processor.py:914} INFO - Processing file /Users/francisayanbadejo/venvs_projects/my_proj/lib/python3.9/site-packages/airflow/example_dags/example_inlet_event_extra.py for tasks to queue
[2025-04-23T03:45:07.627+0100] {logging_mixin.py:190} INFO - [2025-04-23T03:45:07.627+0100] {dagbag.py:588} INFO - Filling up the DagBag from /Users/francisayanbadejo/venvs_projects/my_proj/lib/python3.9/site-packages/airflow/example_dags/example_inlet_event_extra.py
[2025-04-23T03:45:07.660+0100] {processor.py:925} INFO - DAG(s) 'read_dataset_event', 'read_dataset_event_from_classic' retrieved from /Users/francisayanbadejo/venvs_projects/my_proj/lib/python3.9/site-packages/airflow/example_dags/example_inlet_event_extra.py
[2025-04-23T03:45:07.691+0100] {logging_mixin.py:190} INFO - [2025-04-23T03:45:07.691+0100] {dag.py:3239} INFO - Sync 2 DAGs
[2025-04-23T03:45:07.696+0100] {logging_mixin.py:190} INFO - [2025-04-23T03:45:07.696+0100] {dag.py:4180} INFO - Setting next_dagrun for read_dataset_event to 2025-04-22 00:00:00+00:00, run_after=2025-04-23 00:00:00+00:00
[2025-04-23T03:45:07.698+0100] {logging_mixin.py:190} INFO - [2025-04-23T03:45:07.698+0100] {dag.py:4180} INFO - Setting next_dagrun for read_dataset_event_from_classic to 2025-04-22 00:00:00+00:00, run_after=2025-04-23 00:00:00+00:00
[2025-04-23T03:45:07.703+0100] {processor.py:208} INFO - Processing /Users/francisayanbadejo/venvs_projects/my_proj/lib/python3.9/site-packages/airflow/example_dags/example_inlet_event_extra.py took 0.079 seconds
[2025-04-23T03:47:02.373+0100] {processor.py:186} INFO - Started process (PID=64612) to work on /Users/francisayanbadejo/venvs_projects/my_proj/lib/python3.9/site-packages/airflow/example_dags/example_inlet_event_extra.py
[2025-04-23T03:47:02.374+0100] {processor.py:914} INFO - Processing file /Users/francisayanbadejo/venvs_projects/my_proj/lib/python3.9/site-packages/airflow/example_dags/example_inlet_event_extra.py for tasks to queue
[2025-04-23T03:47:02.375+0100] {logging_mixin.py:190} INFO - [2025-04-23T03:47:02.375+0100] {dagbag.py:588} INFO - Filling up the DagBag from /Users/francisayanbadejo/venvs_projects/my_proj/lib/python3.9/site-packages/airflow/example_dags/example_inlet_event_extra.py
[2025-04-23T03:47:02.411+0100] {processor.py:925} INFO - DAG(s) 'read_dataset_event', 'read_dataset_event_from_classic' retrieved from /Users/francisayanbadejo/venvs_projects/my_proj/lib/python3.9/site-packages/airflow/example_dags/example_inlet_event_extra.py
[2025-04-23T03:47:02.442+0100] {logging_mixin.py:190} INFO - [2025-04-23T03:47:02.442+0100] {dag.py:3239} INFO - Sync 2 DAGs
[2025-04-23T03:47:02.447+0100] {logging_mixin.py:190} INFO - [2025-04-23T03:47:02.447+0100] {dag.py:4180} INFO - Setting next_dagrun for read_dataset_event to 2025-04-22 00:00:00+00:00, run_after=2025-04-23 00:00:00+00:00
[2025-04-23T03:47:02.449+0100] {logging_mixin.py:190} INFO - [2025-04-23T03:47:02.449+0100] {dag.py:4180} INFO - Setting next_dagrun for read_dataset_event_from_classic to 2025-04-22 00:00:00+00:00, run_after=2025-04-23 00:00:00+00:00
[2025-04-23T03:47:02.453+0100] {processor.py:208} INFO - Processing /Users/francisayanbadejo/venvs_projects/my_proj/lib/python3.9/site-packages/airflow/example_dags/example_inlet_event_extra.py took 0.081 seconds
[2025-04-23T03:48:52.836+0100] {processor.py:186} INFO - Started process (PID=64857) to work on /Users/francisayanbadejo/venvs_projects/my_proj/lib/python3.9/site-packages/airflow/example_dags/example_inlet_event_extra.py
[2025-04-23T03:48:52.838+0100] {processor.py:914} INFO - Processing file /Users/francisayanbadejo/venvs_projects/my_proj/lib/python3.9/site-packages/airflow/example_dags/example_inlet_event_extra.py for tasks to queue
[2025-04-23T03:48:52.838+0100] {logging_mixin.py:190} INFO - [2025-04-23T03:48:52.838+0100] {dagbag.py:588} INFO - Filling up the DagBag from /Users/francisayanbadejo/venvs_projects/my_proj/lib/python3.9/site-packages/airflow/example_dags/example_inlet_event_extra.py
[2025-04-23T03:48:52.876+0100] {processor.py:925} INFO - DAG(s) 'read_dataset_event_from_classic', 'read_dataset_event' retrieved from /Users/francisayanbadejo/venvs_projects/my_proj/lib/python3.9/site-packages/airflow/example_dags/example_inlet_event_extra.py
[2025-04-23T03:48:52.909+0100] {logging_mixin.py:190} INFO - [2025-04-23T03:48:52.909+0100] {dag.py:3239} INFO - Sync 2 DAGs
[2025-04-23T03:48:52.915+0100] {logging_mixin.py:190} INFO - [2025-04-23T03:48:52.915+0100] {dag.py:4180} INFO - Setting next_dagrun for read_dataset_event to 2025-04-22 00:00:00+00:00, run_after=2025-04-23 00:00:00+00:00
[2025-04-23T03:48:52.916+0100] {logging_mixin.py:190} INFO - [2025-04-23T03:48:52.916+0100] {dag.py:4180} INFO - Setting next_dagrun for read_dataset_event_from_classic to 2025-04-22 00:00:00+00:00, run_after=2025-04-23 00:00:00+00:00
[2025-04-23T03:48:52.921+0100] {processor.py:208} INFO - Processing /Users/francisayanbadejo/venvs_projects/my_proj/lib/python3.9/site-packages/airflow/example_dags/example_inlet_event_extra.py took 0.087 seconds
[2025-04-23T03:50:42.151+0100] {processor.py:186} INFO - Started process (PID=65101) to work on /Users/francisayanbadejo/venvs_projects/my_proj/lib/python3.9/site-packages/airflow/example_dags/example_inlet_event_extra.py
[2025-04-23T03:50:42.152+0100] {processor.py:914} INFO - Processing file /Users/francisayanbadejo/venvs_projects/my_proj/lib/python3.9/site-packages/airflow/example_dags/example_inlet_event_extra.py for tasks to queue
[2025-04-23T03:50:42.153+0100] {logging_mixin.py:190} INFO - [2025-04-23T03:50:42.152+0100] {dagbag.py:588} INFO - Filling up the DagBag from /Users/francisayanbadejo/venvs_projects/my_proj/lib/python3.9/site-packages/airflow/example_dags/example_inlet_event_extra.py
[2025-04-23T03:50:42.192+0100] {processor.py:925} INFO - DAG(s) 'read_dataset_event', 'read_dataset_event_from_classic' retrieved from /Users/francisayanbadejo/venvs_projects/my_proj/lib/python3.9/site-packages/airflow/example_dags/example_inlet_event_extra.py
[2025-04-23T03:50:42.224+0100] {logging_mixin.py:190} INFO - [2025-04-23T03:50:42.224+0100] {dag.py:3239} INFO - Sync 2 DAGs
[2025-04-23T03:50:42.230+0100] {logging_mixin.py:190} INFO - [2025-04-23T03:50:42.230+0100] {dag.py:4180} INFO - Setting next_dagrun for read_dataset_event to 2025-04-22 00:00:00+00:00, run_after=2025-04-23 00:00:00+00:00
[2025-04-23T03:50:42.232+0100] {logging_mixin.py:190} INFO - [2025-04-23T03:50:42.232+0100] {dag.py:4180} INFO - Setting next_dagrun for read_dataset_event_from_classic to 2025-04-22 00:00:00+00:00, run_after=2025-04-23 00:00:00+00:00
[2025-04-23T03:50:42.237+0100] {processor.py:208} INFO - Processing /Users/francisayanbadejo/venvs_projects/my_proj/lib/python3.9/site-packages/airflow/example_dags/example_inlet_event_extra.py took 0.087 seconds
[2025-04-23T03:52:37.063+0100] {processor.py:186} INFO - Started process (PID=65358) to work on /Users/francisayanbadejo/venvs_projects/my_proj/lib/python3.9/site-packages/airflow/example_dags/example_inlet_event_extra.py
[2025-04-23T03:52:37.064+0100] {processor.py:914} INFO - Processing file /Users/francisayanbadejo/venvs_projects/my_proj/lib/python3.9/site-packages/airflow/example_dags/example_inlet_event_extra.py for tasks to queue
[2025-04-23T03:52:37.065+0100] {logging_mixin.py:190} INFO - [2025-04-23T03:52:37.065+0100] {dagbag.py:588} INFO - Filling up the DagBag from /Users/francisayanbadejo/venvs_projects/my_proj/lib/python3.9/site-packages/airflow/example_dags/example_inlet_event_extra.py
[2025-04-23T03:52:37.104+0100] {processor.py:925} INFO - DAG(s) 'read_dataset_event_from_classic', 'read_dataset_event' retrieved from /Users/francisayanbadejo/venvs_projects/my_proj/lib/python3.9/site-packages/airflow/example_dags/example_inlet_event_extra.py
[2025-04-23T03:52:37.138+0100] {logging_mixin.py:190} INFO - [2025-04-23T03:52:37.138+0100] {dag.py:3239} INFO - Sync 2 DAGs
[2025-04-23T03:52:37.144+0100] {logging_mixin.py:190} INFO - [2025-04-23T03:52:37.144+0100] {dag.py:4180} INFO - Setting next_dagrun for read_dataset_event to 2025-04-22 00:00:00+00:00, run_after=2025-04-23 00:00:00+00:00
[2025-04-23T03:52:37.145+0100] {logging_mixin.py:190} INFO - [2025-04-23T03:52:37.145+0100] {dag.py:4180} INFO - Setting next_dagrun for read_dataset_event_from_classic to 2025-04-22 00:00:00+00:00, run_after=2025-04-23 00:00:00+00:00
[2025-04-23T03:52:37.150+0100] {processor.py:208} INFO - Processing /Users/francisayanbadejo/venvs_projects/my_proj/lib/python3.9/site-packages/airflow/example_dags/example_inlet_event_extra.py took 0.089 seconds
[2025-04-23T03:54:33.767+0100] {processor.py:186} INFO - Started process (PID=65612) to work on /Users/francisayanbadejo/venvs_projects/my_proj/lib/python3.9/site-packages/airflow/example_dags/example_inlet_event_extra.py
[2025-04-23T03:54:33.769+0100] {processor.py:914} INFO - Processing file /Users/francisayanbadejo/venvs_projects/my_proj/lib/python3.9/site-packages/airflow/example_dags/example_inlet_event_extra.py for tasks to queue
[2025-04-23T03:54:33.770+0100] {logging_mixin.py:190} INFO - [2025-04-23T03:54:33.769+0100] {dagbag.py:588} INFO - Filling up the DagBag from /Users/francisayanbadejo/venvs_projects/my_proj/lib/python3.9/site-packages/airflow/example_dags/example_inlet_event_extra.py
[2025-04-23T03:54:33.809+0100] {processor.py:925} INFO - DAG(s) 'read_dataset_event', 'read_dataset_event_from_classic' retrieved from /Users/francisayanbadejo/venvs_projects/my_proj/lib/python3.9/site-packages/airflow/example_dags/example_inlet_event_extra.py
[2025-04-23T03:54:33.842+0100] {logging_mixin.py:190} INFO - [2025-04-23T03:54:33.842+0100] {dag.py:3239} INFO - Sync 2 DAGs
[2025-04-23T03:54:33.848+0100] {logging_mixin.py:190} INFO - [2025-04-23T03:54:33.848+0100] {dag.py:4180} INFO - Setting next_dagrun for read_dataset_event to 2025-04-22 00:00:00+00:00, run_after=2025-04-23 00:00:00+00:00
[2025-04-23T03:54:33.850+0100] {logging_mixin.py:190} INFO - [2025-04-23T03:54:33.850+0100] {dag.py:4180} INFO - Setting next_dagrun for read_dataset_event_from_classic to 2025-04-22 00:00:00+00:00, run_after=2025-04-23 00:00:00+00:00
[2025-04-23T03:54:33.855+0100] {processor.py:208} INFO - Processing /Users/francisayanbadejo/venvs_projects/my_proj/lib/python3.9/site-packages/airflow/example_dags/example_inlet_event_extra.py took 0.089 seconds
[2025-04-23T03:56:32.517+0100] {processor.py:186} INFO - Started process (PID=65866) to work on /Users/francisayanbadejo/venvs_projects/my_proj/lib/python3.9/site-packages/airflow/example_dags/example_inlet_event_extra.py
[2025-04-23T03:56:32.518+0100] {processor.py:914} INFO - Processing file /Users/francisayanbadejo/venvs_projects/my_proj/lib/python3.9/site-packages/airflow/example_dags/example_inlet_event_extra.py for tasks to queue
[2025-04-23T03:56:32.518+0100] {logging_mixin.py:190} INFO - [2025-04-23T03:56:32.518+0100] {dagbag.py:588} INFO - Filling up the DagBag from /Users/francisayanbadejo/venvs_projects/my_proj/lib/python3.9/site-packages/airflow/example_dags/example_inlet_event_extra.py
[2025-04-23T03:56:32.554+0100] {processor.py:925} INFO - DAG(s) 'read_dataset_event_from_classic', 'read_dataset_event' retrieved from /Users/francisayanbadejo/venvs_projects/my_proj/lib/python3.9/site-packages/airflow/example_dags/example_inlet_event_extra.py
[2025-04-23T03:56:32.585+0100] {logging_mixin.py:190} INFO - [2025-04-23T03:56:32.585+0100] {dag.py:3239} INFO - Sync 2 DAGs
[2025-04-23T03:56:32.591+0100] {logging_mixin.py:190} INFO - [2025-04-23T03:56:32.591+0100] {dag.py:4180} INFO - Setting next_dagrun for read_dataset_event to 2025-04-22 00:00:00+00:00, run_after=2025-04-23 00:00:00+00:00
[2025-04-23T03:56:32.592+0100] {logging_mixin.py:190} INFO - [2025-04-23T03:56:32.592+0100] {dag.py:4180} INFO - Setting next_dagrun for read_dataset_event_from_classic to 2025-04-22 00:00:00+00:00, run_after=2025-04-23 00:00:00+00:00
[2025-04-23T03:56:32.596+0100] {processor.py:208} INFO - Processing /Users/francisayanbadejo/venvs_projects/my_proj/lib/python3.9/site-packages/airflow/example_dags/example_inlet_event_extra.py took 0.081 seconds
[2025-04-23T03:58:31.715+0100] {processor.py:186} INFO - Started process (PID=66107) to work on /Users/francisayanbadejo/venvs_projects/my_proj/lib/python3.9/site-packages/airflow/example_dags/example_inlet_event_extra.py
[2025-04-23T03:58:31.716+0100] {processor.py:914} INFO - Processing file /Users/francisayanbadejo/venvs_projects/my_proj/lib/python3.9/site-packages/airflow/example_dags/example_inlet_event_extra.py for tasks to queue
[2025-04-23T03:58:31.716+0100] {logging_mixin.py:190} INFO - [2025-04-23T03:58:31.716+0100] {dagbag.py:588} INFO - Filling up the DagBag from /Users/francisayanbadejo/venvs_projects/my_proj/lib/python3.9/site-packages/airflow/example_dags/example_inlet_event_extra.py
[2025-04-23T03:58:31.751+0100] {processor.py:925} INFO - DAG(s) 'read_dataset_event_from_classic', 'read_dataset_event' retrieved from /Users/francisayanbadejo/venvs_projects/my_proj/lib/python3.9/site-packages/airflow/example_dags/example_inlet_event_extra.py
[2025-04-23T03:58:31.789+0100] {logging_mixin.py:190} INFO - [2025-04-23T03:58:31.789+0100] {dag.py:3239} INFO - Sync 2 DAGs
[2025-04-23T03:58:31.796+0100] {logging_mixin.py:190} INFO - [2025-04-23T03:58:31.796+0100] {dag.py:4180} INFO - Setting next_dagrun for read_dataset_event to 2025-04-22 00:00:00+00:00, run_after=2025-04-23 00:00:00+00:00
[2025-04-23T03:58:31.797+0100] {logging_mixin.py:190} INFO - [2025-04-23T03:58:31.797+0100] {dag.py:4180} INFO - Setting next_dagrun for read_dataset_event_from_classic to 2025-04-22 00:00:00+00:00, run_after=2025-04-23 00:00:00+00:00
[2025-04-23T03:58:31.803+0100] {processor.py:208} INFO - Processing /Users/francisayanbadejo/venvs_projects/my_proj/lib/python3.9/site-packages/airflow/example_dags/example_inlet_event_extra.py took 0.090 seconds
[2025-04-23T04:00:09.363+0100] {processor.py:186} INFO - Started process (PID=66267) to work on /Users/francisayanbadejo/venvs_projects/my_proj/lib/python3.9/site-packages/airflow/example_dags/example_inlet_event_extra.py
[2025-04-23T04:00:09.364+0100] {processor.py:914} INFO - Processing file /Users/francisayanbadejo/venvs_projects/my_proj/lib/python3.9/site-packages/airflow/example_dags/example_inlet_event_extra.py for tasks to queue
[2025-04-23T04:00:09.365+0100] {logging_mixin.py:190} INFO - [2025-04-23T04:00:09.365+0100] {dagbag.py:588} INFO - Filling up the DagBag from /Users/francisayanbadejo/venvs_projects/my_proj/lib/python3.9/site-packages/airflow/example_dags/example_inlet_event_extra.py
[2025-04-23T04:00:09.395+0100] {processor.py:925} INFO - DAG(s) 'read_dataset_event', 'read_dataset_event_from_classic' retrieved from /Users/francisayanbadejo/venvs_projects/my_proj/lib/python3.9/site-packages/airflow/example_dags/example_inlet_event_extra.py
[2025-04-23T04:00:09.427+0100] {logging_mixin.py:190} INFO - [2025-04-23T04:00:09.427+0100] {dag.py:3239} INFO - Sync 2 DAGs
[2025-04-23T04:00:09.433+0100] {logging_mixin.py:190} INFO - [2025-04-23T04:00:09.433+0100] {dag.py:4180} INFO - Setting next_dagrun for read_dataset_event to 2025-04-22 00:00:00+00:00, run_after=2025-04-23 00:00:00+00:00
[2025-04-23T04:00:09.434+0100] {logging_mixin.py:190} INFO - [2025-04-23T04:00:09.434+0100] {dag.py:4180} INFO - Setting next_dagrun for read_dataset_event_from_classic to 2025-04-22 00:00:00+00:00, run_after=2025-04-23 00:00:00+00:00
[2025-04-23T04:00:09.439+0100] {processor.py:208} INFO - Processing /Users/francisayanbadejo/venvs_projects/my_proj/lib/python3.9/site-packages/airflow/example_dags/example_inlet_event_extra.py took 0.077 seconds
[2025-04-23T04:02:05.044+0100] {processor.py:186} INFO - Started process (PID=66478) to work on /Users/francisayanbadejo/venvs_projects/my_proj/lib/python3.9/site-packages/airflow/example_dags/example_inlet_event_extra.py
[2025-04-23T04:02:05.045+0100] {processor.py:914} INFO - Processing file /Users/francisayanbadejo/venvs_projects/my_proj/lib/python3.9/site-packages/airflow/example_dags/example_inlet_event_extra.py for tasks to queue
[2025-04-23T04:02:05.045+0100] {logging_mixin.py:190} INFO - [2025-04-23T04:02:05.045+0100] {dagbag.py:588} INFO - Filling up the DagBag from /Users/francisayanbadejo/venvs_projects/my_proj/lib/python3.9/site-packages/airflow/example_dags/example_inlet_event_extra.py
[2025-04-23T04:02:05.075+0100] {processor.py:925} INFO - DAG(s) 'read_dataset_event_from_classic', 'read_dataset_event' retrieved from /Users/francisayanbadejo/venvs_projects/my_proj/lib/python3.9/site-packages/airflow/example_dags/example_inlet_event_extra.py
[2025-04-23T04:02:05.106+0100] {logging_mixin.py:190} INFO - [2025-04-23T04:02:05.106+0100] {dag.py:3239} INFO - Sync 2 DAGs
[2025-04-23T04:02:05.112+0100] {logging_mixin.py:190} INFO - [2025-04-23T04:02:05.112+0100] {dag.py:4180} INFO - Setting next_dagrun for read_dataset_event to 2025-04-22 00:00:00+00:00, run_after=2025-04-23 00:00:00+00:00
[2025-04-23T04:02:05.113+0100] {logging_mixin.py:190} INFO - [2025-04-23T04:02:05.113+0100] {dag.py:4180} INFO - Setting next_dagrun for read_dataset_event_from_classic to 2025-04-22 00:00:00+00:00, run_after=2025-04-23 00:00:00+00:00
[2025-04-23T04:02:05.118+0100] {processor.py:208} INFO - Processing /Users/francisayanbadejo/venvs_projects/my_proj/lib/python3.9/site-packages/airflow/example_dags/example_inlet_event_extra.py took 0.076 seconds
[2025-04-23T04:03:57.471+0100] {processor.py:186} INFO - Started process (PID=66717) to work on /Users/francisayanbadejo/venvs_projects/my_proj/lib/python3.9/site-packages/airflow/example_dags/example_inlet_event_extra.py
[2025-04-23T04:03:57.472+0100] {processor.py:914} INFO - Processing file /Users/francisayanbadejo/venvs_projects/my_proj/lib/python3.9/site-packages/airflow/example_dags/example_inlet_event_extra.py for tasks to queue
[2025-04-23T04:03:57.472+0100] {logging_mixin.py:190} INFO - [2025-04-23T04:03:57.472+0100] {dagbag.py:588} INFO - Filling up the DagBag from /Users/francisayanbadejo/venvs_projects/my_proj/lib/python3.9/site-packages/airflow/example_dags/example_inlet_event_extra.py
[2025-04-23T04:03:57.503+0100] {processor.py:925} INFO - DAG(s) 'read_dataset_event_from_classic', 'read_dataset_event' retrieved from /Users/francisayanbadejo/venvs_projects/my_proj/lib/python3.9/site-packages/airflow/example_dags/example_inlet_event_extra.py
[2025-04-23T04:03:57.535+0100] {logging_mixin.py:190} INFO - [2025-04-23T04:03:57.535+0100] {dag.py:3239} INFO - Sync 2 DAGs
[2025-04-23T04:03:57.541+0100] {logging_mixin.py:190} INFO - [2025-04-23T04:03:57.541+0100] {dag.py:4180} INFO - Setting next_dagrun for read_dataset_event to 2025-04-22 00:00:00+00:00, run_after=2025-04-23 00:00:00+00:00
[2025-04-23T04:03:57.542+0100] {logging_mixin.py:190} INFO - [2025-04-23T04:03:57.542+0100] {dag.py:4180} INFO - Setting next_dagrun for read_dataset_event_from_classic to 2025-04-22 00:00:00+00:00, run_after=2025-04-23 00:00:00+00:00
[2025-04-23T04:03:57.547+0100] {processor.py:208} INFO - Processing /Users/francisayanbadejo/venvs_projects/my_proj/lib/python3.9/site-packages/airflow/example_dags/example_inlet_event_extra.py took 0.077 seconds
[2025-04-23T04:06:01.371+0100] {processor.py:186} INFO - Started process (PID=66940) to work on /Users/francisayanbadejo/venvs_projects/my_proj/lib/python3.9/site-packages/airflow/example_dags/example_inlet_event_extra.py
[2025-04-23T04:06:01.371+0100] {processor.py:914} INFO - Processing file /Users/francisayanbadejo/venvs_projects/my_proj/lib/python3.9/site-packages/airflow/example_dags/example_inlet_event_extra.py for tasks to queue
[2025-04-23T04:06:01.372+0100] {logging_mixin.py:190} INFO - [2025-04-23T04:06:01.371+0100] {dagbag.py:588} INFO - Filling up the DagBag from /Users/francisayanbadejo/venvs_projects/my_proj/lib/python3.9/site-packages/airflow/example_dags/example_inlet_event_extra.py
[2025-04-23T04:06:01.403+0100] {processor.py:925} INFO - DAG(s) 'read_dataset_event', 'read_dataset_event_from_classic' retrieved from /Users/francisayanbadejo/venvs_projects/my_proj/lib/python3.9/site-packages/airflow/example_dags/example_inlet_event_extra.py
[2025-04-23T04:06:01.435+0100] {logging_mixin.py:190} INFO - [2025-04-23T04:06:01.435+0100] {dag.py:3239} INFO - Sync 2 DAGs
[2025-04-23T04:06:01.440+0100] {logging_mixin.py:190} INFO - [2025-04-23T04:06:01.440+0100] {dag.py:4180} INFO - Setting next_dagrun for read_dataset_event to 2025-04-22 00:00:00+00:00, run_after=2025-04-23 00:00:00+00:00
[2025-04-23T04:06:01.441+0100] {logging_mixin.py:190} INFO - [2025-04-23T04:06:01.441+0100] {dag.py:4180} INFO - Setting next_dagrun for read_dataset_event_from_classic to 2025-04-22 00:00:00+00:00, run_after=2025-04-23 00:00:00+00:00
[2025-04-23T04:06:01.446+0100] {processor.py:208} INFO - Processing /Users/francisayanbadejo/venvs_projects/my_proj/lib/python3.9/site-packages/airflow/example_dags/example_inlet_event_extra.py took 0.076 seconds
[2025-04-23T04:19:14.203+0100] {processor.py:186} INFO - Started process (PID=68996) to work on /Users/francisayanbadejo/venvs_projects/my_proj/lib/python3.9/site-packages/airflow/example_dags/example_inlet_event_extra.py
[2025-04-23T04:19:14.205+0100] {processor.py:914} INFO - Processing file /Users/francisayanbadejo/venvs_projects/my_proj/lib/python3.9/site-packages/airflow/example_dags/example_inlet_event_extra.py for tasks to queue
[2025-04-23T04:19:14.206+0100] {logging_mixin.py:190} INFO - [2025-04-23T04:19:14.205+0100] {dagbag.py:588} INFO - Filling up the DagBag from /Users/francisayanbadejo/venvs_projects/my_proj/lib/python3.9/site-packages/airflow/example_dags/example_inlet_event_extra.py
[2025-04-23T04:19:14.235+0100] {processor.py:925} INFO - DAG(s) 'read_dataset_event', 'read_dataset_event_from_classic' retrieved from /Users/francisayanbadejo/venvs_projects/my_proj/lib/python3.9/site-packages/airflow/example_dags/example_inlet_event_extra.py
[2025-04-23T04:19:14.266+0100] {logging_mixin.py:190} INFO - [2025-04-23T04:19:14.266+0100] {dag.py:3239} INFO - Sync 2 DAGs
[2025-04-23T04:19:14.272+0100] {logging_mixin.py:190} INFO - [2025-04-23T04:19:14.272+0100] {dag.py:4180} INFO - Setting next_dagrun for read_dataset_event to 2025-04-22 00:00:00+00:00, run_after=2025-04-23 00:00:00+00:00
[2025-04-23T04:19:14.273+0100] {logging_mixin.py:190} INFO - [2025-04-23T04:19:14.273+0100] {dag.py:4180} INFO - Setting next_dagrun for read_dataset_event_from_classic to 2025-04-22 00:00:00+00:00, run_after=2025-04-23 00:00:00+00:00
[2025-04-23T04:19:14.278+0100] {processor.py:208} INFO - Processing /Users/francisayanbadejo/venvs_projects/my_proj/lib/python3.9/site-packages/airflow/example_dags/example_inlet_event_extra.py took 0.076 seconds
[2025-04-23T04:21:56.025+0100] {processor.py:186} INFO - Started process (PID=69568) to work on /Users/francisayanbadejo/venvs_projects/my_proj/lib/python3.9/site-packages/airflow/example_dags/example_inlet_event_extra.py
[2025-04-23T04:21:56.027+0100] {processor.py:914} INFO - Processing file /Users/francisayanbadejo/venvs_projects/my_proj/lib/python3.9/site-packages/airflow/example_dags/example_inlet_event_extra.py for tasks to queue
[2025-04-23T04:21:56.028+0100] {logging_mixin.py:190} INFO - [2025-04-23T04:21:56.028+0100] {dagbag.py:588} INFO - Filling up the DagBag from /Users/francisayanbadejo/venvs_projects/my_proj/lib/python3.9/site-packages/airflow/example_dags/example_inlet_event_extra.py
[2025-04-23T04:21:56.061+0100] {processor.py:925} INFO - DAG(s) 'read_dataset_event_from_classic', 'read_dataset_event' retrieved from /Users/francisayanbadejo/venvs_projects/my_proj/lib/python3.9/site-packages/airflow/example_dags/example_inlet_event_extra.py
[2025-04-23T04:21:56.092+0100] {logging_mixin.py:190} INFO - [2025-04-23T04:21:56.092+0100] {dag.py:3239} INFO - Sync 2 DAGs
[2025-04-23T04:21:56.098+0100] {logging_mixin.py:190} INFO - [2025-04-23T04:21:56.097+0100] {dag.py:4180} INFO - Setting next_dagrun for read_dataset_event to 2025-04-22 00:00:00+00:00, run_after=2025-04-23 00:00:00+00:00
[2025-04-23T04:21:56.099+0100] {logging_mixin.py:190} INFO - [2025-04-23T04:21:56.099+0100] {dag.py:4180} INFO - Setting next_dagrun for read_dataset_event_from_classic to 2025-04-22 00:00:00+00:00, run_after=2025-04-23 00:00:00+00:00
[2025-04-23T04:21:56.103+0100] {processor.py:208} INFO - Processing /Users/francisayanbadejo/venvs_projects/my_proj/lib/python3.9/site-packages/airflow/example_dags/example_inlet_event_extra.py took 0.079 seconds
[2025-04-23T04:23:53.370+0100] {processor.py:186} INFO - Started process (PID=69810) to work on /Users/francisayanbadejo/venvs_projects/my_proj/lib/python3.9/site-packages/airflow/example_dags/example_inlet_event_extra.py
[2025-04-23T04:23:53.372+0100] {processor.py:914} INFO - Processing file /Users/francisayanbadejo/venvs_projects/my_proj/lib/python3.9/site-packages/airflow/example_dags/example_inlet_event_extra.py for tasks to queue
[2025-04-23T04:23:53.373+0100] {logging_mixin.py:190} INFO - [2025-04-23T04:23:53.373+0100] {dagbag.py:588} INFO - Filling up the DagBag from /Users/francisayanbadejo/venvs_projects/my_proj/lib/python3.9/site-packages/airflow/example_dags/example_inlet_event_extra.py
[2025-04-23T04:23:53.405+0100] {processor.py:925} INFO - DAG(s) 'read_dataset_event_from_classic', 'read_dataset_event' retrieved from /Users/francisayanbadejo/venvs_projects/my_proj/lib/python3.9/site-packages/airflow/example_dags/example_inlet_event_extra.py
[2025-04-23T04:23:53.436+0100] {logging_mixin.py:190} INFO - [2025-04-23T04:23:53.436+0100] {dag.py:3239} INFO - Sync 2 DAGs
[2025-04-23T04:23:53.441+0100] {logging_mixin.py:190} INFO - [2025-04-23T04:23:53.441+0100] {dag.py:4180} INFO - Setting next_dagrun for read_dataset_event to 2025-04-22 00:00:00+00:00, run_after=2025-04-23 00:00:00+00:00
[2025-04-23T04:23:53.442+0100] {logging_mixin.py:190} INFO - [2025-04-23T04:23:53.442+0100] {dag.py:4180} INFO - Setting next_dagrun for read_dataset_event_from_classic to 2025-04-22 00:00:00+00:00, run_after=2025-04-23 00:00:00+00:00
[2025-04-23T04:23:53.447+0100] {processor.py:208} INFO - Processing /Users/francisayanbadejo/venvs_projects/my_proj/lib/python3.9/site-packages/airflow/example_dags/example_inlet_event_extra.py took 0.079 seconds
[2025-04-23T04:26:21.770+0100] {processor.py:186} INFO - Started process (PID=70566) to work on /Users/francisayanbadejo/venvs_projects/my_proj/lib/python3.9/site-packages/airflow/example_dags/example_inlet_event_extra.py
[2025-04-23T04:26:21.772+0100] {processor.py:914} INFO - Processing file /Users/francisayanbadejo/venvs_projects/my_proj/lib/python3.9/site-packages/airflow/example_dags/example_inlet_event_extra.py for tasks to queue
[2025-04-23T04:26:21.773+0100] {logging_mixin.py:190} INFO - [2025-04-23T04:26:21.773+0100] {dagbag.py:588} INFO - Filling up the DagBag from /Users/francisayanbadejo/venvs_projects/my_proj/lib/python3.9/site-packages/airflow/example_dags/example_inlet_event_extra.py
[2025-04-23T04:26:21.804+0100] {processor.py:925} INFO - DAG(s) 'read_dataset_event_from_classic', 'read_dataset_event' retrieved from /Users/francisayanbadejo/venvs_projects/my_proj/lib/python3.9/site-packages/airflow/example_dags/example_inlet_event_extra.py
[2025-04-23T04:26:21.836+0100] {logging_mixin.py:190} INFO - [2025-04-23T04:26:21.835+0100] {dag.py:3239} INFO - Sync 2 DAGs
[2025-04-23T04:26:21.841+0100] {logging_mixin.py:190} INFO - [2025-04-23T04:26:21.841+0100] {dag.py:4180} INFO - Setting next_dagrun for read_dataset_event to 2025-04-22 00:00:00+00:00, run_after=2025-04-23 00:00:00+00:00
[2025-04-23T04:26:21.843+0100] {logging_mixin.py:190} INFO - [2025-04-23T04:26:21.843+0100] {dag.py:4180} INFO - Setting next_dagrun for read_dataset_event_from_classic to 2025-04-22 00:00:00+00:00, run_after=2025-04-23 00:00:00+00:00
[2025-04-23T04:26:21.847+0100] {processor.py:208} INFO - Processing /Users/francisayanbadejo/venvs_projects/my_proj/lib/python3.9/site-packages/airflow/example_dags/example_inlet_event_extra.py took 0.078 seconds
[2025-04-23T04:28:46.923+0100] {processor.py:186} INFO - Started process (PID=71325) to work on /Users/francisayanbadejo/venvs_projects/my_proj/lib/python3.9/site-packages/airflow/example_dags/example_inlet_event_extra.py
[2025-04-23T04:28:46.925+0100] {processor.py:914} INFO - Processing file /Users/francisayanbadejo/venvs_projects/my_proj/lib/python3.9/site-packages/airflow/example_dags/example_inlet_event_extra.py for tasks to queue
[2025-04-23T04:28:46.925+0100] {logging_mixin.py:190} INFO - [2025-04-23T04:28:46.925+0100] {dagbag.py:588} INFO - Filling up the DagBag from /Users/francisayanbadejo/venvs_projects/my_proj/lib/python3.9/site-packages/airflow/example_dags/example_inlet_event_extra.py
[2025-04-23T04:28:46.961+0100] {processor.py:925} INFO - DAG(s) 'read_dataset_event', 'read_dataset_event_from_classic' retrieved from /Users/francisayanbadejo/venvs_projects/my_proj/lib/python3.9/site-packages/airflow/example_dags/example_inlet_event_extra.py
[2025-04-23T04:28:46.992+0100] {logging_mixin.py:190} INFO - [2025-04-23T04:28:46.992+0100] {dag.py:3239} INFO - Sync 2 DAGs
[2025-04-23T04:28:46.998+0100] {logging_mixin.py:190} INFO - [2025-04-23T04:28:46.998+0100] {dag.py:4180} INFO - Setting next_dagrun for read_dataset_event to 2025-04-22 00:00:00+00:00, run_after=2025-04-23 00:00:00+00:00
[2025-04-23T04:28:46.999+0100] {logging_mixin.py:190} INFO - [2025-04-23T04:28:46.999+0100] {dag.py:4180} INFO - Setting next_dagrun for read_dataset_event_from_classic to 2025-04-22 00:00:00+00:00, run_after=2025-04-23 00:00:00+00:00
[2025-04-23T04:28:47.003+0100] {processor.py:208} INFO - Processing /Users/francisayanbadejo/venvs_projects/my_proj/lib/python3.9/site-packages/airflow/example_dags/example_inlet_event_extra.py took 0.081 seconds
[2025-04-23T04:30:41.660+0100] {processor.py:186} INFO - Started process (PID=71620) to work on /Users/francisayanbadejo/venvs_projects/my_proj/lib/python3.9/site-packages/airflow/example_dags/example_inlet_event_extra.py
[2025-04-23T04:30:41.661+0100] {processor.py:914} INFO - Processing file /Users/francisayanbadejo/venvs_projects/my_proj/lib/python3.9/site-packages/airflow/example_dags/example_inlet_event_extra.py for tasks to queue
[2025-04-23T04:30:41.662+0100] {logging_mixin.py:190} INFO - [2025-04-23T04:30:41.662+0100] {dagbag.py:588} INFO - Filling up the DagBag from /Users/francisayanbadejo/venvs_projects/my_proj/lib/python3.9/site-packages/airflow/example_dags/example_inlet_event_extra.py
[2025-04-23T04:30:41.696+0100] {processor.py:925} INFO - DAG(s) 'read_dataset_event', 'read_dataset_event_from_classic' retrieved from /Users/francisayanbadejo/venvs_projects/my_proj/lib/python3.9/site-packages/airflow/example_dags/example_inlet_event_extra.py
[2025-04-23T04:30:41.727+0100] {logging_mixin.py:190} INFO - [2025-04-23T04:30:41.727+0100] {dag.py:3239} INFO - Sync 2 DAGs
[2025-04-23T04:30:41.733+0100] {logging_mixin.py:190} INFO - [2025-04-23T04:30:41.733+0100] {dag.py:4180} INFO - Setting next_dagrun for read_dataset_event to 2025-04-22 00:00:00+00:00, run_after=2025-04-23 00:00:00+00:00
[2025-04-23T04:30:41.734+0100] {logging_mixin.py:190} INFO - [2025-04-23T04:30:41.734+0100] {dag.py:4180} INFO - Setting next_dagrun for read_dataset_event_from_classic to 2025-04-22 00:00:00+00:00, run_after=2025-04-23 00:00:00+00:00
[2025-04-23T04:30:41.739+0100] {processor.py:208} INFO - Processing /Users/francisayanbadejo/venvs_projects/my_proj/lib/python3.9/site-packages/airflow/example_dags/example_inlet_event_extra.py took 0.080 seconds
[2025-04-23T04:32:30.676+0100] {processor.py:186} INFO - Started process (PID=71865) to work on /Users/francisayanbadejo/venvs_projects/my_proj/lib/python3.9/site-packages/airflow/example_dags/example_inlet_event_extra.py
[2025-04-23T04:32:30.677+0100] {processor.py:914} INFO - Processing file /Users/francisayanbadejo/venvs_projects/my_proj/lib/python3.9/site-packages/airflow/example_dags/example_inlet_event_extra.py for tasks to queue
[2025-04-23T04:32:30.677+0100] {logging_mixin.py:190} INFO - [2025-04-23T04:32:30.677+0100] {dagbag.py:588} INFO - Filling up the DagBag from /Users/francisayanbadejo/venvs_projects/my_proj/lib/python3.9/site-packages/airflow/example_dags/example_inlet_event_extra.py
[2025-04-23T04:32:30.710+0100] {processor.py:925} INFO - DAG(s) 'read_dataset_event_from_classic', 'read_dataset_event' retrieved from /Users/francisayanbadejo/venvs_projects/my_proj/lib/python3.9/site-packages/airflow/example_dags/example_inlet_event_extra.py
[2025-04-23T04:32:30.741+0100] {logging_mixin.py:190} INFO - [2025-04-23T04:32:30.741+0100] {dag.py:3239} INFO - Sync 2 DAGs
[2025-04-23T04:32:30.746+0100] {logging_mixin.py:190} INFO - [2025-04-23T04:32:30.746+0100] {dag.py:4180} INFO - Setting next_dagrun for read_dataset_event to 2025-04-22 00:00:00+00:00, run_after=2025-04-23 00:00:00+00:00
[2025-04-23T04:32:30.748+0100] {logging_mixin.py:190} INFO - [2025-04-23T04:32:30.748+0100] {dag.py:4180} INFO - Setting next_dagrun for read_dataset_event_from_classic to 2025-04-22 00:00:00+00:00, run_after=2025-04-23 00:00:00+00:00
[2025-04-23T04:32:30.752+0100] {processor.py:208} INFO - Processing /Users/francisayanbadejo/venvs_projects/my_proj/lib/python3.9/site-packages/airflow/example_dags/example_inlet_event_extra.py took 0.078 seconds
[2025-04-23T04:34:52.453+0100] {processor.py:186} INFO - Started process (PID=72086) to work on /Users/francisayanbadejo/venvs_projects/my_proj/lib/python3.9/site-packages/airflow/example_dags/example_inlet_event_extra.py
[2025-04-23T04:34:52.454+0100] {processor.py:914} INFO - Processing file /Users/francisayanbadejo/venvs_projects/my_proj/lib/python3.9/site-packages/airflow/example_dags/example_inlet_event_extra.py for tasks to queue
[2025-04-23T04:34:52.455+0100] {logging_mixin.py:190} INFO - [2025-04-23T04:34:52.455+0100] {dagbag.py:588} INFO - Filling up the DagBag from /Users/francisayanbadejo/venvs_projects/my_proj/lib/python3.9/site-packages/airflow/example_dags/example_inlet_event_extra.py
[2025-04-23T04:34:52.486+0100] {processor.py:925} INFO - DAG(s) 'read_dataset_event', 'read_dataset_event_from_classic' retrieved from /Users/francisayanbadejo/venvs_projects/my_proj/lib/python3.9/site-packages/airflow/example_dags/example_inlet_event_extra.py
[2025-04-23T04:34:52.517+0100] {logging_mixin.py:190} INFO - [2025-04-23T04:34:52.517+0100] {dag.py:3239} INFO - Sync 2 DAGs
[2025-04-23T04:34:52.523+0100] {logging_mixin.py:190} INFO - [2025-04-23T04:34:52.523+0100] {dag.py:4180} INFO - Setting next_dagrun for read_dataset_event to 2025-04-22 00:00:00+00:00, run_after=2025-04-23 00:00:00+00:00
[2025-04-23T04:34:52.524+0100] {logging_mixin.py:190} INFO - [2025-04-23T04:34:52.524+0100] {dag.py:4180} INFO - Setting next_dagrun for read_dataset_event_from_classic to 2025-04-22 00:00:00+00:00, run_after=2025-04-23 00:00:00+00:00
[2025-04-23T04:34:52.529+0100] {processor.py:208} INFO - Processing /Users/francisayanbadejo/venvs_projects/my_proj/lib/python3.9/site-packages/airflow/example_dags/example_inlet_event_extra.py took 0.078 seconds
[2025-04-23T04:36:43.825+0100] {processor.py:186} INFO - Started process (PID=72332) to work on /Users/francisayanbadejo/venvs_projects/my_proj/lib/python3.9/site-packages/airflow/example_dags/example_inlet_event_extra.py
[2025-04-23T04:36:43.827+0100] {processor.py:914} INFO - Processing file /Users/francisayanbadejo/venvs_projects/my_proj/lib/python3.9/site-packages/airflow/example_dags/example_inlet_event_extra.py for tasks to queue
[2025-04-23T04:36:43.827+0100] {logging_mixin.py:190} INFO - [2025-04-23T04:36:43.827+0100] {dagbag.py:588} INFO - Filling up the DagBag from /Users/francisayanbadejo/venvs_projects/my_proj/lib/python3.9/site-packages/airflow/example_dags/example_inlet_event_extra.py
[2025-04-23T04:36:43.857+0100] {processor.py:925} INFO - DAG(s) 'read_dataset_event', 'read_dataset_event_from_classic' retrieved from /Users/francisayanbadejo/venvs_projects/my_proj/lib/python3.9/site-packages/airflow/example_dags/example_inlet_event_extra.py
[2025-04-23T04:36:43.888+0100] {logging_mixin.py:190} INFO - [2025-04-23T04:36:43.888+0100] {dag.py:3239} INFO - Sync 2 DAGs
[2025-04-23T04:36:43.894+0100] {logging_mixin.py:190} INFO - [2025-04-23T04:36:43.894+0100] {dag.py:4180} INFO - Setting next_dagrun for read_dataset_event to 2025-04-22 00:00:00+00:00, run_after=2025-04-23 00:00:00+00:00
[2025-04-23T04:36:43.895+0100] {logging_mixin.py:190} INFO - [2025-04-23T04:36:43.895+0100] {dag.py:4180} INFO - Setting next_dagrun for read_dataset_event_from_classic to 2025-04-22 00:00:00+00:00, run_after=2025-04-23 00:00:00+00:00
[2025-04-23T04:36:43.899+0100] {processor.py:208} INFO - Processing /Users/francisayanbadejo/venvs_projects/my_proj/lib/python3.9/site-packages/airflow/example_dags/example_inlet_event_extra.py took 0.076 seconds
[2025-04-23T04:38:37.998+0100] {processor.py:186} INFO - Started process (PID=72562) to work on /Users/francisayanbadejo/venvs_projects/my_proj/lib/python3.9/site-packages/airflow/example_dags/example_inlet_event_extra.py
[2025-04-23T04:38:37.999+0100] {processor.py:914} INFO - Processing file /Users/francisayanbadejo/venvs_projects/my_proj/lib/python3.9/site-packages/airflow/example_dags/example_inlet_event_extra.py for tasks to queue
[2025-04-23T04:38:37.999+0100] {logging_mixin.py:190} INFO - [2025-04-23T04:38:37.999+0100] {dagbag.py:588} INFO - Filling up the DagBag from /Users/francisayanbadejo/venvs_projects/my_proj/lib/python3.9/site-packages/airflow/example_dags/example_inlet_event_extra.py
[2025-04-23T04:38:38.035+0100] {processor.py:925} INFO - DAG(s) 'read_dataset_event_from_classic', 'read_dataset_event' retrieved from /Users/francisayanbadejo/venvs_projects/my_proj/lib/python3.9/site-packages/airflow/example_dags/example_inlet_event_extra.py
[2025-04-23T04:38:38.066+0100] {logging_mixin.py:190} INFO - [2025-04-23T04:38:38.066+0100] {dag.py:3239} INFO - Sync 2 DAGs
[2025-04-23T04:38:38.072+0100] {logging_mixin.py:190} INFO - [2025-04-23T04:38:38.072+0100] {dag.py:4180} INFO - Setting next_dagrun for read_dataset_event to 2025-04-22 00:00:00+00:00, run_after=2025-04-23 00:00:00+00:00
[2025-04-23T04:38:38.073+0100] {logging_mixin.py:190} INFO - [2025-04-23T04:38:38.073+0100] {dag.py:4180} INFO - Setting next_dagrun for read_dataset_event_from_classic to 2025-04-22 00:00:00+00:00, run_after=2025-04-23 00:00:00+00:00
[2025-04-23T04:38:38.077+0100] {processor.py:208} INFO - Processing /Users/francisayanbadejo/venvs_projects/my_proj/lib/python3.9/site-packages/airflow/example_dags/example_inlet_event_extra.py took 0.081 seconds
[2025-04-23T04:40:25.356+0100] {processor.py:186} INFO - Started process (PID=72721) to work on /Users/francisayanbadejo/venvs_projects/my_proj/lib/python3.9/site-packages/airflow/example_dags/example_inlet_event_extra.py
[2025-04-23T04:40:25.357+0100] {processor.py:914} INFO - Processing file /Users/francisayanbadejo/venvs_projects/my_proj/lib/python3.9/site-packages/airflow/example_dags/example_inlet_event_extra.py for tasks to queue
[2025-04-23T04:40:25.358+0100] {logging_mixin.py:190} INFO - [2025-04-23T04:40:25.358+0100] {dagbag.py:588} INFO - Filling up the DagBag from /Users/francisayanbadejo/venvs_projects/my_proj/lib/python3.9/site-packages/airflow/example_dags/example_inlet_event_extra.py
[2025-04-23T04:40:25.391+0100] {processor.py:925} INFO - DAG(s) 'read_dataset_event', 'read_dataset_event_from_classic' retrieved from /Users/francisayanbadejo/venvs_projects/my_proj/lib/python3.9/site-packages/airflow/example_dags/example_inlet_event_extra.py
[2025-04-23T04:40:25.422+0100] {logging_mixin.py:190} INFO - [2025-04-23T04:40:25.422+0100] {dag.py:3239} INFO - Sync 2 DAGs
[2025-04-23T04:40:25.428+0100] {logging_mixin.py:190} INFO - [2025-04-23T04:40:25.428+0100] {dag.py:4180} INFO - Setting next_dagrun for read_dataset_event to 2025-04-22 00:00:00+00:00, run_after=2025-04-23 00:00:00+00:00
[2025-04-23T04:40:25.429+0100] {logging_mixin.py:190} INFO - [2025-04-23T04:40:25.429+0100] {dag.py:4180} INFO - Setting next_dagrun for read_dataset_event_from_classic to 2025-04-22 00:00:00+00:00, run_after=2025-04-23 00:00:00+00:00
[2025-04-23T04:40:25.433+0100] {processor.py:208} INFO - Processing /Users/francisayanbadejo/venvs_projects/my_proj/lib/python3.9/site-packages/airflow/example_dags/example_inlet_event_extra.py took 0.078 seconds
[2025-04-23T04:42:11.944+0100] {processor.py:186} INFO - Started process (PID=72877) to work on /Users/francisayanbadejo/venvs_projects/my_proj/lib/python3.9/site-packages/airflow/example_dags/example_inlet_event_extra.py
[2025-04-23T04:42:11.945+0100] {processor.py:914} INFO - Processing file /Users/francisayanbadejo/venvs_projects/my_proj/lib/python3.9/site-packages/airflow/example_dags/example_inlet_event_extra.py for tasks to queue
[2025-04-23T04:42:11.945+0100] {logging_mixin.py:190} INFO - [2025-04-23T04:42:11.945+0100] {dagbag.py:588} INFO - Filling up the DagBag from /Users/francisayanbadejo/venvs_projects/my_proj/lib/python3.9/site-packages/airflow/example_dags/example_inlet_event_extra.py
[2025-04-23T04:42:11.976+0100] {processor.py:925} INFO - DAG(s) 'read_dataset_event', 'read_dataset_event_from_classic' retrieved from /Users/francisayanbadejo/venvs_projects/my_proj/lib/python3.9/site-packages/airflow/example_dags/example_inlet_event_extra.py
[2025-04-23T04:42:12.007+0100] {logging_mixin.py:190} INFO - [2025-04-23T04:42:12.007+0100] {dag.py:3239} INFO - Sync 2 DAGs
[2025-04-23T04:42:12.012+0100] {logging_mixin.py:190} INFO - [2025-04-23T04:42:12.012+0100] {dag.py:4180} INFO - Setting next_dagrun for read_dataset_event to 2025-04-22 00:00:00+00:00, run_after=2025-04-23 00:00:00+00:00
[2025-04-23T04:42:12.013+0100] {logging_mixin.py:190} INFO - [2025-04-23T04:42:12.013+0100] {dag.py:4180} INFO - Setting next_dagrun for read_dataset_event_from_classic to 2025-04-22 00:00:00+00:00, run_after=2025-04-23 00:00:00+00:00
[2025-04-23T04:42:12.018+0100] {processor.py:208} INFO - Processing /Users/francisayanbadejo/venvs_projects/my_proj/lib/python3.9/site-packages/airflow/example_dags/example_inlet_event_extra.py took 0.075 seconds
[2025-04-23T04:43:57.700+0100] {processor.py:186} INFO - Started process (PID=73053) to work on /Users/francisayanbadejo/venvs_projects/my_proj/lib/python3.9/site-packages/airflow/example_dags/example_inlet_event_extra.py
[2025-04-23T04:43:57.701+0100] {processor.py:914} INFO - Processing file /Users/francisayanbadejo/venvs_projects/my_proj/lib/python3.9/site-packages/airflow/example_dags/example_inlet_event_extra.py for tasks to queue
[2025-04-23T04:43:57.701+0100] {logging_mixin.py:190} INFO - [2025-04-23T04:43:57.701+0100] {dagbag.py:588} INFO - Filling up the DagBag from /Users/francisayanbadejo/venvs_projects/my_proj/lib/python3.9/site-packages/airflow/example_dags/example_inlet_event_extra.py
[2025-04-23T04:43:57.734+0100] {processor.py:925} INFO - DAG(s) 'read_dataset_event_from_classic', 'read_dataset_event' retrieved from /Users/francisayanbadejo/venvs_projects/my_proj/lib/python3.9/site-packages/airflow/example_dags/example_inlet_event_extra.py
[2025-04-23T04:43:57.765+0100] {logging_mixin.py:190} INFO - [2025-04-23T04:43:57.764+0100] {dag.py:3239} INFO - Sync 2 DAGs
[2025-04-23T04:43:57.770+0100] {logging_mixin.py:190} INFO - [2025-04-23T04:43:57.770+0100] {dag.py:4180} INFO - Setting next_dagrun for read_dataset_event to 2025-04-22 00:00:00+00:00, run_after=2025-04-23 00:00:00+00:00
[2025-04-23T04:43:57.771+0100] {logging_mixin.py:190} INFO - [2025-04-23T04:43:57.771+0100] {dag.py:4180} INFO - Setting next_dagrun for read_dataset_event_from_classic to 2025-04-22 00:00:00+00:00, run_after=2025-04-23 00:00:00+00:00
[2025-04-23T04:43:57.775+0100] {processor.py:208} INFO - Processing /Users/francisayanbadejo/venvs_projects/my_proj/lib/python3.9/site-packages/airflow/example_dags/example_inlet_event_extra.py took 0.077 seconds
[2025-04-23T04:45:42.709+0100] {processor.py:186} INFO - Started process (PID=73230) to work on /Users/francisayanbadejo/venvs_projects/my_proj/lib/python3.9/site-packages/airflow/example_dags/example_inlet_event_extra.py
[2025-04-23T04:45:42.710+0100] {processor.py:914} INFO - Processing file /Users/francisayanbadejo/venvs_projects/my_proj/lib/python3.9/site-packages/airflow/example_dags/example_inlet_event_extra.py for tasks to queue
[2025-04-23T04:45:42.711+0100] {logging_mixin.py:190} INFO - [2025-04-23T04:45:42.711+0100] {dagbag.py:588} INFO - Filling up the DagBag from /Users/francisayanbadejo/venvs_projects/my_proj/lib/python3.9/site-packages/airflow/example_dags/example_inlet_event_extra.py
[2025-04-23T04:45:42.742+0100] {processor.py:925} INFO - DAG(s) 'read_dataset_event_from_classic', 'read_dataset_event' retrieved from /Users/francisayanbadejo/venvs_projects/my_proj/lib/python3.9/site-packages/airflow/example_dags/example_inlet_event_extra.py
[2025-04-23T04:45:42.772+0100] {logging_mixin.py:190} INFO - [2025-04-23T04:45:42.772+0100] {dag.py:3239} INFO - Sync 2 DAGs
[2025-04-23T04:45:42.777+0100] {logging_mixin.py:190} INFO - [2025-04-23T04:45:42.777+0100] {dag.py:4180} INFO - Setting next_dagrun for read_dataset_event to 2025-04-22 00:00:00+00:00, run_after=2025-04-23 00:00:00+00:00
[2025-04-23T04:45:42.778+0100] {logging_mixin.py:190} INFO - [2025-04-23T04:45:42.778+0100] {dag.py:4180} INFO - Setting next_dagrun for read_dataset_event_from_classic to 2025-04-22 00:00:00+00:00, run_after=2025-04-23 00:00:00+00:00
[2025-04-23T04:45:42.783+0100] {processor.py:208} INFO - Processing /Users/francisayanbadejo/venvs_projects/my_proj/lib/python3.9/site-packages/airflow/example_dags/example_inlet_event_extra.py took 0.075 seconds
[2025-04-23T04:47:29.981+0100] {processor.py:186} INFO - Started process (PID=73385) to work on /Users/francisayanbadejo/venvs_projects/my_proj/lib/python3.9/site-packages/airflow/example_dags/example_inlet_event_extra.py
[2025-04-23T04:47:29.982+0100] {processor.py:914} INFO - Processing file /Users/francisayanbadejo/venvs_projects/my_proj/lib/python3.9/site-packages/airflow/example_dags/example_inlet_event_extra.py for tasks to queue
[2025-04-23T04:47:29.982+0100] {logging_mixin.py:190} INFO - [2025-04-23T04:47:29.982+0100] {dagbag.py:588} INFO - Filling up the DagBag from /Users/francisayanbadejo/venvs_projects/my_proj/lib/python3.9/site-packages/airflow/example_dags/example_inlet_event_extra.py
[2025-04-23T04:47:30.013+0100] {processor.py:925} INFO - DAG(s) 'read_dataset_event', 'read_dataset_event_from_classic' retrieved from /Users/francisayanbadejo/venvs_projects/my_proj/lib/python3.9/site-packages/airflow/example_dags/example_inlet_event_extra.py
[2025-04-23T04:47:30.043+0100] {logging_mixin.py:190} INFO - [2025-04-23T04:47:30.043+0100] {dag.py:3239} INFO - Sync 2 DAGs
[2025-04-23T04:47:30.048+0100] {logging_mixin.py:190} INFO - [2025-04-23T04:47:30.048+0100] {dag.py:4180} INFO - Setting next_dagrun for read_dataset_event to 2025-04-22 00:00:00+00:00, run_after=2025-04-23 00:00:00+00:00
[2025-04-23T04:47:30.049+0100] {logging_mixin.py:190} INFO - [2025-04-23T04:47:30.049+0100] {dag.py:4180} INFO - Setting next_dagrun for read_dataset_event_from_classic to 2025-04-22 00:00:00+00:00, run_after=2025-04-23 00:00:00+00:00
[2025-04-23T04:47:30.054+0100] {processor.py:208} INFO - Processing /Users/francisayanbadejo/venvs_projects/my_proj/lib/python3.9/site-packages/airflow/example_dags/example_inlet_event_extra.py took 0.074 seconds
[2025-04-23T04:49:22.169+0100] {processor.py:186} INFO - Started process (PID=73543) to work on /Users/francisayanbadejo/venvs_projects/my_proj/lib/python3.9/site-packages/airflow/example_dags/example_inlet_event_extra.py
[2025-04-23T04:49:22.170+0100] {processor.py:914} INFO - Processing file /Users/francisayanbadejo/venvs_projects/my_proj/lib/python3.9/site-packages/airflow/example_dags/example_inlet_event_extra.py for tasks to queue
[2025-04-23T04:49:22.171+0100] {logging_mixin.py:190} INFO - [2025-04-23T04:49:22.171+0100] {dagbag.py:588} INFO - Filling up the DagBag from /Users/francisayanbadejo/venvs_projects/my_proj/lib/python3.9/site-packages/airflow/example_dags/example_inlet_event_extra.py
[2025-04-23T04:49:22.200+0100] {processor.py:925} INFO - DAG(s) 'read_dataset_event_from_classic', 'read_dataset_event' retrieved from /Users/francisayanbadejo/venvs_projects/my_proj/lib/python3.9/site-packages/airflow/example_dags/example_inlet_event_extra.py
[2025-04-23T04:49:22.230+0100] {logging_mixin.py:190} INFO - [2025-04-23T04:49:22.230+0100] {dag.py:3239} INFO - Sync 2 DAGs
[2025-04-23T04:49:22.236+0100] {logging_mixin.py:190} INFO - [2025-04-23T04:49:22.236+0100] {dag.py:4180} INFO - Setting next_dagrun for read_dataset_event to 2025-04-22 00:00:00+00:00, run_after=2025-04-23 00:00:00+00:00
[2025-04-23T04:49:22.237+0100] {logging_mixin.py:190} INFO - [2025-04-23T04:49:22.237+0100] {dag.py:4180} INFO - Setting next_dagrun for read_dataset_event_from_classic to 2025-04-22 00:00:00+00:00, run_after=2025-04-23 00:00:00+00:00
[2025-04-23T04:49:22.242+0100] {processor.py:208} INFO - Processing /Users/francisayanbadejo/venvs_projects/my_proj/lib/python3.9/site-packages/airflow/example_dags/example_inlet_event_extra.py took 0.074 seconds
[2025-04-23T04:51:08.993+0100] {processor.py:186} INFO - Started process (PID=73708) to work on /Users/francisayanbadejo/venvs_projects/my_proj/lib/python3.9/site-packages/airflow/example_dags/example_inlet_event_extra.py
[2025-04-23T04:51:08.995+0100] {processor.py:914} INFO - Processing file /Users/francisayanbadejo/venvs_projects/my_proj/lib/python3.9/site-packages/airflow/example_dags/example_inlet_event_extra.py for tasks to queue
[2025-04-23T04:51:08.995+0100] {logging_mixin.py:190} INFO - [2025-04-23T04:51:08.995+0100] {dagbag.py:588} INFO - Filling up the DagBag from /Users/francisayanbadejo/venvs_projects/my_proj/lib/python3.9/site-packages/airflow/example_dags/example_inlet_event_extra.py
[2025-04-23T04:51:09.026+0100] {processor.py:925} INFO - DAG(s) 'read_dataset_event_from_classic', 'read_dataset_event' retrieved from /Users/francisayanbadejo/venvs_projects/my_proj/lib/python3.9/site-packages/airflow/example_dags/example_inlet_event_extra.py
[2025-04-23T04:51:09.058+0100] {logging_mixin.py:190} INFO - [2025-04-23T04:51:09.058+0100] {dag.py:3239} INFO - Sync 2 DAGs
[2025-04-23T04:51:09.063+0100] {logging_mixin.py:190} INFO - [2025-04-23T04:51:09.063+0100] {dag.py:4180} INFO - Setting next_dagrun for read_dataset_event to 2025-04-22 00:00:00+00:00, run_after=2025-04-23 00:00:00+00:00
[2025-04-23T04:51:09.065+0100] {logging_mixin.py:190} INFO - [2025-04-23T04:51:09.065+0100] {dag.py:4180} INFO - Setting next_dagrun for read_dataset_event_from_classic to 2025-04-22 00:00:00+00:00, run_after=2025-04-23 00:00:00+00:00
[2025-04-23T04:51:09.069+0100] {processor.py:208} INFO - Processing /Users/francisayanbadejo/venvs_projects/my_proj/lib/python3.9/site-packages/airflow/example_dags/example_inlet_event_extra.py took 0.077 seconds
[2025-04-23T04:53:05.160+0100] {processor.py:186} INFO - Started process (PID=73922) to work on /Users/francisayanbadejo/venvs_projects/my_proj/lib/python3.9/site-packages/airflow/example_dags/example_inlet_event_extra.py
[2025-04-23T04:53:05.161+0100] {processor.py:914} INFO - Processing file /Users/francisayanbadejo/venvs_projects/my_proj/lib/python3.9/site-packages/airflow/example_dags/example_inlet_event_extra.py for tasks to queue
[2025-04-23T04:53:05.162+0100] {logging_mixin.py:190} INFO - [2025-04-23T04:53:05.162+0100] {dagbag.py:588} INFO - Filling up the DagBag from /Users/francisayanbadejo/venvs_projects/my_proj/lib/python3.9/site-packages/airflow/example_dags/example_inlet_event_extra.py
[2025-04-23T04:53:05.196+0100] {processor.py:925} INFO - DAG(s) 'read_dataset_event', 'read_dataset_event_from_classic' retrieved from /Users/francisayanbadejo/venvs_projects/my_proj/lib/python3.9/site-packages/airflow/example_dags/example_inlet_event_extra.py
[2025-04-23T04:53:05.227+0100] {logging_mixin.py:190} INFO - [2025-04-23T04:53:05.227+0100] {dag.py:3239} INFO - Sync 2 DAGs
[2025-04-23T04:53:05.233+0100] {logging_mixin.py:190} INFO - [2025-04-23T04:53:05.233+0100] {dag.py:4180} INFO - Setting next_dagrun for read_dataset_event to 2025-04-22 00:00:00+00:00, run_after=2025-04-23 00:00:00+00:00
[2025-04-23T04:53:05.235+0100] {logging_mixin.py:190} INFO - [2025-04-23T04:53:05.235+0100] {dag.py:4180} INFO - Setting next_dagrun for read_dataset_event_from_classic to 2025-04-22 00:00:00+00:00, run_after=2025-04-23 00:00:00+00:00
[2025-04-23T04:53:05.239+0100] {processor.py:208} INFO - Processing /Users/francisayanbadejo/venvs_projects/my_proj/lib/python3.9/site-packages/airflow/example_dags/example_inlet_event_extra.py took 0.080 seconds
[2025-04-23T04:55:02.872+0100] {processor.py:186} INFO - Started process (PID=74215) to work on /Users/francisayanbadejo/venvs_projects/my_proj/lib/python3.9/site-packages/airflow/example_dags/example_inlet_event_extra.py
[2025-04-23T04:55:02.873+0100] {processor.py:914} INFO - Processing file /Users/francisayanbadejo/venvs_projects/my_proj/lib/python3.9/site-packages/airflow/example_dags/example_inlet_event_extra.py for tasks to queue
[2025-04-23T04:55:02.874+0100] {logging_mixin.py:190} INFO - [2025-04-23T04:55:02.874+0100] {dagbag.py:588} INFO - Filling up the DagBag from /Users/francisayanbadejo/venvs_projects/my_proj/lib/python3.9/site-packages/airflow/example_dags/example_inlet_event_extra.py
[2025-04-23T04:55:02.905+0100] {processor.py:925} INFO - DAG(s) 'read_dataset_event_from_classic', 'read_dataset_event' retrieved from /Users/francisayanbadejo/venvs_projects/my_proj/lib/python3.9/site-packages/airflow/example_dags/example_inlet_event_extra.py
[2025-04-23T04:55:02.937+0100] {logging_mixin.py:190} INFO - [2025-04-23T04:55:02.936+0100] {dag.py:3239} INFO - Sync 2 DAGs
[2025-04-23T04:55:02.942+0100] {logging_mixin.py:190} INFO - [2025-04-23T04:55:02.942+0100] {dag.py:4180} INFO - Setting next_dagrun for read_dataset_event to 2025-04-22 00:00:00+00:00, run_after=2025-04-23 00:00:00+00:00
[2025-04-23T04:55:02.944+0100] {logging_mixin.py:190} INFO - [2025-04-23T04:55:02.944+0100] {dag.py:4180} INFO - Setting next_dagrun for read_dataset_event_from_classic to 2025-04-22 00:00:00+00:00, run_after=2025-04-23 00:00:00+00:00
[2025-04-23T04:55:02.948+0100] {processor.py:208} INFO - Processing /Users/francisayanbadejo/venvs_projects/my_proj/lib/python3.9/site-packages/airflow/example_dags/example_inlet_event_extra.py took 0.077 seconds
[2025-04-23T04:56:56.936+0100] {processor.py:186} INFO - Started process (PID=74529) to work on /Users/francisayanbadejo/venvs_projects/my_proj/lib/python3.9/site-packages/airflow/example_dags/example_inlet_event_extra.py
[2025-04-23T04:56:56.937+0100] {processor.py:914} INFO - Processing file /Users/francisayanbadejo/venvs_projects/my_proj/lib/python3.9/site-packages/airflow/example_dags/example_inlet_event_extra.py for tasks to queue
[2025-04-23T04:56:56.938+0100] {logging_mixin.py:190} INFO - [2025-04-23T04:56:56.938+0100] {dagbag.py:588} INFO - Filling up the DagBag from /Users/francisayanbadejo/venvs_projects/my_proj/lib/python3.9/site-packages/airflow/example_dags/example_inlet_event_extra.py
[2025-04-23T04:56:56.971+0100] {processor.py:925} INFO - DAG(s) 'read_dataset_event_from_classic', 'read_dataset_event' retrieved from /Users/francisayanbadejo/venvs_projects/my_proj/lib/python3.9/site-packages/airflow/example_dags/example_inlet_event_extra.py
[2025-04-23T04:56:57.001+0100] {logging_mixin.py:190} INFO - [2025-04-23T04:56:57.001+0100] {dag.py:3239} INFO - Sync 2 DAGs
[2025-04-23T04:56:57.006+0100] {logging_mixin.py:190} INFO - [2025-04-23T04:56:57.006+0100] {dag.py:4180} INFO - Setting next_dagrun for read_dataset_event to 2025-04-22 00:00:00+00:00, run_after=2025-04-23 00:00:00+00:00
[2025-04-23T04:56:57.008+0100] {logging_mixin.py:190} INFO - [2025-04-23T04:56:57.008+0100] {dag.py:4180} INFO - Setting next_dagrun for read_dataset_event_from_classic to 2025-04-22 00:00:00+00:00, run_after=2025-04-23 00:00:00+00:00
[2025-04-23T04:56:57.012+0100] {processor.py:208} INFO - Processing /Users/francisayanbadejo/venvs_projects/my_proj/lib/python3.9/site-packages/airflow/example_dags/example_inlet_event_extra.py took 0.077 seconds
[2025-04-23T04:58:46.209+0100] {processor.py:186} INFO - Started process (PID=74770) to work on /Users/francisayanbadejo/venvs_projects/my_proj/lib/python3.9/site-packages/airflow/example_dags/example_inlet_event_extra.py
[2025-04-23T04:58:46.210+0100] {processor.py:914} INFO - Processing file /Users/francisayanbadejo/venvs_projects/my_proj/lib/python3.9/site-packages/airflow/example_dags/example_inlet_event_extra.py for tasks to queue
[2025-04-23T04:58:46.211+0100] {logging_mixin.py:190} INFO - [2025-04-23T04:58:46.211+0100] {dagbag.py:588} INFO - Filling up the DagBag from /Users/francisayanbadejo/venvs_projects/my_proj/lib/python3.9/site-packages/airflow/example_dags/example_inlet_event_extra.py
[2025-04-23T04:58:46.245+0100] {processor.py:925} INFO - DAG(s) 'read_dataset_event', 'read_dataset_event_from_classic' retrieved from /Users/francisayanbadejo/venvs_projects/my_proj/lib/python3.9/site-packages/airflow/example_dags/example_inlet_event_extra.py
[2025-04-23T04:58:46.276+0100] {logging_mixin.py:190} INFO - [2025-04-23T04:58:46.275+0100] {dag.py:3239} INFO - Sync 2 DAGs
[2025-04-23T04:58:46.281+0100] {logging_mixin.py:190} INFO - [2025-04-23T04:58:46.281+0100] {dag.py:4180} INFO - Setting next_dagrun for read_dataset_event to 2025-04-22 00:00:00+00:00, run_after=2025-04-23 00:00:00+00:00
[2025-04-23T04:58:46.282+0100] {logging_mixin.py:190} INFO - [2025-04-23T04:58:46.282+0100] {dag.py:4180} INFO - Setting next_dagrun for read_dataset_event_from_classic to 2025-04-22 00:00:00+00:00, run_after=2025-04-23 00:00:00+00:00
[2025-04-23T04:58:46.287+0100] {processor.py:208} INFO - Processing /Users/francisayanbadejo/venvs_projects/my_proj/lib/python3.9/site-packages/airflow/example_dags/example_inlet_event_extra.py took 0.079 seconds
[2025-04-23T05:00:34.652+0100] {processor.py:186} INFO - Started process (PID=75014) to work on /Users/francisayanbadejo/venvs_projects/my_proj/lib/python3.9/site-packages/airflow/example_dags/example_inlet_event_extra.py
[2025-04-23T05:00:34.654+0100] {processor.py:914} INFO - Processing file /Users/francisayanbadejo/venvs_projects/my_proj/lib/python3.9/site-packages/airflow/example_dags/example_inlet_event_extra.py for tasks to queue
[2025-04-23T05:00:34.655+0100] {logging_mixin.py:190} INFO - [2025-04-23T05:00:34.655+0100] {dagbag.py:588} INFO - Filling up the DagBag from /Users/francisayanbadejo/venvs_projects/my_proj/lib/python3.9/site-packages/airflow/example_dags/example_inlet_event_extra.py
[2025-04-23T05:00:34.686+0100] {processor.py:925} INFO - DAG(s) 'read_dataset_event', 'read_dataset_event_from_classic' retrieved from /Users/francisayanbadejo/venvs_projects/my_proj/lib/python3.9/site-packages/airflow/example_dags/example_inlet_event_extra.py
[2025-04-23T05:00:34.718+0100] {logging_mixin.py:190} INFO - [2025-04-23T05:00:34.718+0100] {dag.py:3239} INFO - Sync 2 DAGs
[2025-04-23T05:00:34.723+0100] {logging_mixin.py:190} INFO - [2025-04-23T05:00:34.723+0100] {dag.py:4180} INFO - Setting next_dagrun for read_dataset_event to 2025-04-22 00:00:00+00:00, run_after=2025-04-23 00:00:00+00:00
[2025-04-23T05:00:34.725+0100] {logging_mixin.py:190} INFO - [2025-04-23T05:00:34.725+0100] {dag.py:4180} INFO - Setting next_dagrun for read_dataset_event_from_classic to 2025-04-22 00:00:00+00:00, run_after=2025-04-23 00:00:00+00:00
[2025-04-23T05:00:34.729+0100] {processor.py:208} INFO - Processing /Users/francisayanbadejo/venvs_projects/my_proj/lib/python3.9/site-packages/airflow/example_dags/example_inlet_event_extra.py took 0.078 seconds
[2025-04-23T05:02:23.871+0100] {processor.py:186} INFO - Started process (PID=75255) to work on /Users/francisayanbadejo/venvs_projects/my_proj/lib/python3.9/site-packages/airflow/example_dags/example_inlet_event_extra.py
[2025-04-23T05:02:23.873+0100] {processor.py:914} INFO - Processing file /Users/francisayanbadejo/venvs_projects/my_proj/lib/python3.9/site-packages/airflow/example_dags/example_inlet_event_extra.py for tasks to queue
[2025-04-23T05:02:23.873+0100] {logging_mixin.py:190} INFO - [2025-04-23T05:02:23.873+0100] {dagbag.py:588} INFO - Filling up the DagBag from /Users/francisayanbadejo/venvs_projects/my_proj/lib/python3.9/site-packages/airflow/example_dags/example_inlet_event_extra.py
[2025-04-23T05:02:23.904+0100] {processor.py:925} INFO - DAG(s) 'read_dataset_event_from_classic', 'read_dataset_event' retrieved from /Users/francisayanbadejo/venvs_projects/my_proj/lib/python3.9/site-packages/airflow/example_dags/example_inlet_event_extra.py
[2025-04-23T05:02:23.937+0100] {logging_mixin.py:190} INFO - [2025-04-23T05:02:23.937+0100] {dag.py:3239} INFO - Sync 2 DAGs
[2025-04-23T05:02:23.943+0100] {logging_mixin.py:190} INFO - [2025-04-23T05:02:23.943+0100] {dag.py:4180} INFO - Setting next_dagrun for read_dataset_event to 2025-04-22 00:00:00+00:00, run_after=2025-04-23 00:00:00+00:00
[2025-04-23T05:02:23.944+0100] {logging_mixin.py:190} INFO - [2025-04-23T05:02:23.944+0100] {dag.py:4180} INFO - Setting next_dagrun for read_dataset_event_from_classic to 2025-04-22 00:00:00+00:00, run_after=2025-04-23 00:00:00+00:00
[2025-04-23T05:02:23.948+0100] {processor.py:208} INFO - Processing /Users/francisayanbadejo/venvs_projects/my_proj/lib/python3.9/site-packages/airflow/example_dags/example_inlet_event_extra.py took 0.079 seconds
[2025-04-23T05:04:17.804+0100] {processor.py:186} INFO - Started process (PID=75501) to work on /Users/francisayanbadejo/venvs_projects/my_proj/lib/python3.9/site-packages/airflow/example_dags/example_inlet_event_extra.py
[2025-04-23T05:04:17.805+0100] {processor.py:914} INFO - Processing file /Users/francisayanbadejo/venvs_projects/my_proj/lib/python3.9/site-packages/airflow/example_dags/example_inlet_event_extra.py for tasks to queue
[2025-04-23T05:04:17.806+0100] {logging_mixin.py:190} INFO - [2025-04-23T05:04:17.806+0100] {dagbag.py:588} INFO - Filling up the DagBag from /Users/francisayanbadejo/venvs_projects/my_proj/lib/python3.9/site-packages/airflow/example_dags/example_inlet_event_extra.py
[2025-04-23T05:04:17.837+0100] {processor.py:925} INFO - DAG(s) 'read_dataset_event_from_classic', 'read_dataset_event' retrieved from /Users/francisayanbadejo/venvs_projects/my_proj/lib/python3.9/site-packages/airflow/example_dags/example_inlet_event_extra.py
[2025-04-23T05:04:17.868+0100] {logging_mixin.py:190} INFO - [2025-04-23T05:04:17.868+0100] {dag.py:3239} INFO - Sync 2 DAGs
[2025-04-23T05:04:17.873+0100] {logging_mixin.py:190} INFO - [2025-04-23T05:04:17.873+0100] {dag.py:4180} INFO - Setting next_dagrun for read_dataset_event to 2025-04-22 00:00:00+00:00, run_after=2025-04-23 00:00:00+00:00
[2025-04-23T05:04:17.874+0100] {logging_mixin.py:190} INFO - [2025-04-23T05:04:17.874+0100] {dag.py:4180} INFO - Setting next_dagrun for read_dataset_event_from_classic to 2025-04-22 00:00:00+00:00, run_after=2025-04-23 00:00:00+00:00
[2025-04-23T05:04:17.879+0100] {processor.py:208} INFO - Processing /Users/francisayanbadejo/venvs_projects/my_proj/lib/python3.9/site-packages/airflow/example_dags/example_inlet_event_extra.py took 0.076 seconds
[2025-04-23T05:06:05.756+0100] {processor.py:186} INFO - Started process (PID=75753) to work on /Users/francisayanbadejo/venvs_projects/my_proj/lib/python3.9/site-packages/airflow/example_dags/example_inlet_event_extra.py
[2025-04-23T05:06:05.758+0100] {processor.py:914} INFO - Processing file /Users/francisayanbadejo/venvs_projects/my_proj/lib/python3.9/site-packages/airflow/example_dags/example_inlet_event_extra.py for tasks to queue
[2025-04-23T05:06:05.759+0100] {logging_mixin.py:190} INFO - [2025-04-23T05:06:05.759+0100] {dagbag.py:588} INFO - Filling up the DagBag from /Users/francisayanbadejo/venvs_projects/my_proj/lib/python3.9/site-packages/airflow/example_dags/example_inlet_event_extra.py
[2025-04-23T05:06:05.790+0100] {processor.py:925} INFO - DAG(s) 'read_dataset_event_from_classic', 'read_dataset_event' retrieved from /Users/francisayanbadejo/venvs_projects/my_proj/lib/python3.9/site-packages/airflow/example_dags/example_inlet_event_extra.py
[2025-04-23T05:06:05.821+0100] {logging_mixin.py:190} INFO - [2025-04-23T05:06:05.821+0100] {dag.py:3239} INFO - Sync 2 DAGs
[2025-04-23T05:06:05.827+0100] {logging_mixin.py:190} INFO - [2025-04-23T05:06:05.827+0100] {dag.py:4180} INFO - Setting next_dagrun for read_dataset_event to 2025-04-22 00:00:00+00:00, run_after=2025-04-23 00:00:00+00:00
[2025-04-23T05:06:05.828+0100] {logging_mixin.py:190} INFO - [2025-04-23T05:06:05.828+0100] {dag.py:4180} INFO - Setting next_dagrun for read_dataset_event_from_classic to 2025-04-22 00:00:00+00:00, run_after=2025-04-23 00:00:00+00:00
[2025-04-23T05:06:05.832+0100] {processor.py:208} INFO - Processing /Users/francisayanbadejo/venvs_projects/my_proj/lib/python3.9/site-packages/airflow/example_dags/example_inlet_event_extra.py took 0.077 seconds
[2025-04-23T05:07:59.184+0100] {processor.py:186} INFO - Started process (PID=75965) to work on /Users/francisayanbadejo/venvs_projects/my_proj/lib/python3.9/site-packages/airflow/example_dags/example_inlet_event_extra.py
[2025-04-23T05:07:59.186+0100] {processor.py:914} INFO - Processing file /Users/francisayanbadejo/venvs_projects/my_proj/lib/python3.9/site-packages/airflow/example_dags/example_inlet_event_extra.py for tasks to queue
[2025-04-23T05:07:59.186+0100] {logging_mixin.py:190} INFO - [2025-04-23T05:07:59.186+0100] {dagbag.py:588} INFO - Filling up the DagBag from /Users/francisayanbadejo/venvs_projects/my_proj/lib/python3.9/site-packages/airflow/example_dags/example_inlet_event_extra.py
[2025-04-23T05:07:59.220+0100] {processor.py:925} INFO - DAG(s) 'read_dataset_event', 'read_dataset_event_from_classic' retrieved from /Users/francisayanbadejo/venvs_projects/my_proj/lib/python3.9/site-packages/airflow/example_dags/example_inlet_event_extra.py
[2025-04-23T05:07:59.252+0100] {logging_mixin.py:190} INFO - [2025-04-23T05:07:59.252+0100] {dag.py:3239} INFO - Sync 2 DAGs
[2025-04-23T05:07:59.257+0100] {logging_mixin.py:190} INFO - [2025-04-23T05:07:59.257+0100] {dag.py:4180} INFO - Setting next_dagrun for read_dataset_event to 2025-04-22 00:00:00+00:00, run_after=2025-04-23 00:00:00+00:00
[2025-04-23T05:07:59.259+0100] {logging_mixin.py:190} INFO - [2025-04-23T05:07:59.259+0100] {dag.py:4180} INFO - Setting next_dagrun for read_dataset_event_from_classic to 2025-04-22 00:00:00+00:00, run_after=2025-04-23 00:00:00+00:00
[2025-04-23T05:07:59.263+0100] {processor.py:208} INFO - Processing /Users/francisayanbadejo/venvs_projects/my_proj/lib/python3.9/site-packages/airflow/example_dags/example_inlet_event_extra.py took 0.080 seconds
[2025-04-23T05:19:14.955+0100] {processor.py:186} INFO - Started process (PID=77390) to work on /Users/francisayanbadejo/venvs_projects/my_proj/lib/python3.9/site-packages/airflow/example_dags/example_inlet_event_extra.py
[2025-04-23T05:19:14.956+0100] {processor.py:914} INFO - Processing file /Users/francisayanbadejo/venvs_projects/my_proj/lib/python3.9/site-packages/airflow/example_dags/example_inlet_event_extra.py for tasks to queue
[2025-04-23T05:19:14.957+0100] {logging_mixin.py:190} INFO - [2025-04-23T05:19:14.957+0100] {dagbag.py:588} INFO - Filling up the DagBag from /Users/francisayanbadejo/venvs_projects/my_proj/lib/python3.9/site-packages/airflow/example_dags/example_inlet_event_extra.py
[2025-04-23T05:19:14.990+0100] {processor.py:925} INFO - DAG(s) 'read_dataset_event', 'read_dataset_event_from_classic' retrieved from /Users/francisayanbadejo/venvs_projects/my_proj/lib/python3.9/site-packages/airflow/example_dags/example_inlet_event_extra.py
[2025-04-23T05:19:15.021+0100] {logging_mixin.py:190} INFO - [2025-04-23T05:19:15.020+0100] {dag.py:3239} INFO - Sync 2 DAGs
[2025-04-23T05:19:15.028+0100] {logging_mixin.py:190} INFO - [2025-04-23T05:19:15.028+0100] {dag.py:4180} INFO - Setting next_dagrun for read_dataset_event to 2025-04-22 00:00:00+00:00, run_after=2025-04-23 00:00:00+00:00
[2025-04-23T05:19:15.030+0100] {logging_mixin.py:190} INFO - [2025-04-23T05:19:15.029+0100] {dag.py:4180} INFO - Setting next_dagrun for read_dataset_event_from_classic to 2025-04-22 00:00:00+00:00, run_after=2025-04-23 00:00:00+00:00
[2025-04-23T05:19:15.034+0100] {processor.py:208} INFO - Processing /Users/francisayanbadejo/venvs_projects/my_proj/lib/python3.9/site-packages/airflow/example_dags/example_inlet_event_extra.py took 0.080 seconds
[2025-04-23T05:21:12.415+0100] {processor.py:186} INFO - Started process (PID=77583) to work on /Users/francisayanbadejo/venvs_projects/my_proj/lib/python3.9/site-packages/airflow/example_dags/example_inlet_event_extra.py
[2025-04-23T05:21:12.417+0100] {processor.py:914} INFO - Processing file /Users/francisayanbadejo/venvs_projects/my_proj/lib/python3.9/site-packages/airflow/example_dags/example_inlet_event_extra.py for tasks to queue
[2025-04-23T05:21:12.418+0100] {logging_mixin.py:190} INFO - [2025-04-23T05:21:12.418+0100] {dagbag.py:588} INFO - Filling up the DagBag from /Users/francisayanbadejo/venvs_projects/my_proj/lib/python3.9/site-packages/airflow/example_dags/example_inlet_event_extra.py
[2025-04-23T05:21:12.454+0100] {processor.py:925} INFO - DAG(s) 'read_dataset_event', 'read_dataset_event_from_classic' retrieved from /Users/francisayanbadejo/venvs_projects/my_proj/lib/python3.9/site-packages/airflow/example_dags/example_inlet_event_extra.py
[2025-04-23T05:21:12.486+0100] {logging_mixin.py:190} INFO - [2025-04-23T05:21:12.486+0100] {dag.py:3239} INFO - Sync 2 DAGs
[2025-04-23T05:21:12.492+0100] {logging_mixin.py:190} INFO - [2025-04-23T05:21:12.492+0100] {dag.py:4180} INFO - Setting next_dagrun for read_dataset_event to 2025-04-22 00:00:00+00:00, run_after=2025-04-23 00:00:00+00:00
[2025-04-23T05:21:12.493+0100] {logging_mixin.py:190} INFO - [2025-04-23T05:21:12.493+0100] {dag.py:4180} INFO - Setting next_dagrun for read_dataset_event_from_classic to 2025-04-22 00:00:00+00:00, run_after=2025-04-23 00:00:00+00:00
[2025-04-23T05:21:12.497+0100] {processor.py:208} INFO - Processing /Users/francisayanbadejo/venvs_projects/my_proj/lib/python3.9/site-packages/airflow/example_dags/example_inlet_event_extra.py took 0.084 seconds
