[2025-04-23T02:29:00.193+0100] {processor.py:186} INFO - Started process (PID=57710) to work on /Users/francisayanbadejo/venvs_projects/my_proj/lib/python3.9/site-packages/airflow/example_dags/example_latest_only.py
[2025-04-23T02:29:00.194+0100] {processor.py:914} INFO - Processing file /Users/francisayanbadejo/venvs_projects/my_proj/lib/python3.9/site-packages/airflow/example_dags/example_latest_only.py for tasks to queue
[2025-04-23T02:29:00.194+0100] {logging_mixin.py:190} INFO - [2025-04-23T02:29:00.194+0100] {dagbag.py:588} INFO - Filling up the DagBag from /Users/francisayanbadejo/venvs_projects/my_proj/lib/python3.9/site-packages/airflow/example_dags/example_latest_only.py
[2025-04-23T02:29:00.197+0100] {processor.py:925} INFO - DAG(s) 'latest_only' retrieved from /Users/francisayanbadejo/venvs_projects/my_proj/lib/python3.9/site-packages/airflow/example_dags/example_latest_only.py
[2025-04-23T02:29:00.254+0100] {logging_mixin.py:190} INFO - [2025-04-23T02:29:00.254+0100] {override.py:1930} INFO - Created Permission View: can edit on DAG:latest_only
[2025-04-23T02:29:00.257+0100] {logging_mixin.py:190} INFO - [2025-04-23T02:29:00.257+0100] {override.py:1930} INFO - Created Permission View: can read on DAG:latest_only
[2025-04-23T02:29:00.258+0100] {logging_mixin.py:190} INFO - [2025-04-23T02:29:00.258+0100] {override.py:1930} INFO - Created Permission View: can delete on DAG:latest_only
[2025-04-23T02:29:00.260+0100] {logging_mixin.py:190} INFO - [2025-04-23T02:29:00.260+0100] {override.py:1930} INFO - Created Permission View: menu access on DAG Run:latest_only
[2025-04-23T02:29:00.262+0100] {logging_mixin.py:190} INFO - [2025-04-23T02:29:00.261+0100] {override.py:1930} INFO - Created Permission View: can create on DAG Run:latest_only
[2025-04-23T02:29:00.263+0100] {logging_mixin.py:190} INFO - [2025-04-23T02:29:00.263+0100] {override.py:1930} INFO - Created Permission View: can read on DAG Run:latest_only
[2025-04-23T02:29:00.265+0100] {logging_mixin.py:190} INFO - [2025-04-23T02:29:00.265+0100] {override.py:1930} INFO - Created Permission View: can delete on DAG Run:latest_only
[2025-04-23T02:29:00.265+0100] {logging_mixin.py:190} INFO - [2025-04-23T02:29:00.265+0100] {dag.py:3239} INFO - Sync 1 DAGs
[2025-04-23T02:29:00.268+0100] {logging_mixin.py:190} INFO - [2025-04-23T02:29:00.268+0100] {dag.py:3262} INFO - Creating ORM DAG for latest_only
[2025-04-23T02:29:00.272+0100] {logging_mixin.py:190} INFO - [2025-04-23T02:29:00.272+0100] {dag.py:4180} INFO - Setting next_dagrun for latest_only to 2025-04-22 20:00:00+00:00, run_after=2025-04-23 00:00:00+00:00
[2025-04-23T02:29:00.276+0100] {processor.py:208} INFO - Processing /Users/francisayanbadejo/venvs_projects/my_proj/lib/python3.9/site-packages/airflow/example_dags/example_latest_only.py took 0.085 seconds
[2025-04-23T02:30:24.754+0100] {processor.py:186} INFO - Started process (PID=57877) to work on /Users/francisayanbadejo/venvs_projects/my_proj/lib/python3.9/site-packages/airflow/example_dags/example_latest_only.py
[2025-04-23T02:30:24.755+0100] {processor.py:914} INFO - Processing file /Users/francisayanbadejo/venvs_projects/my_proj/lib/python3.9/site-packages/airflow/example_dags/example_latest_only.py for tasks to queue
[2025-04-23T02:30:24.756+0100] {logging_mixin.py:190} INFO - [2025-04-23T02:30:24.756+0100] {dagbag.py:588} INFO - Filling up the DagBag from /Users/francisayanbadejo/venvs_projects/my_proj/lib/python3.9/site-packages/airflow/example_dags/example_latest_only.py
[2025-04-23T02:30:24.758+0100] {processor.py:925} INFO - DAG(s) 'latest_only' retrieved from /Users/francisayanbadejo/venvs_projects/my_proj/lib/python3.9/site-packages/airflow/example_dags/example_latest_only.py
[2025-04-23T02:30:24.791+0100] {logging_mixin.py:190} INFO - [2025-04-23T02:30:24.791+0100] {dag.py:3239} INFO - Sync 1 DAGs
[2025-04-23T02:30:24.798+0100] {logging_mixin.py:190} INFO - [2025-04-23T02:30:24.798+0100] {dag.py:4180} INFO - Setting next_dagrun for latest_only to 2025-04-22 20:00:00+00:00, run_after=2025-04-23 00:00:00+00:00
[2025-04-23T02:30:24.803+0100] {processor.py:208} INFO - Processing /Users/francisayanbadejo/venvs_projects/my_proj/lib/python3.9/site-packages/airflow/example_dags/example_latest_only.py took 0.050 seconds
[2025-04-23T02:32:13.749+0100] {processor.py:186} INFO - Started process (PID=58096) to work on /Users/francisayanbadejo/venvs_projects/my_proj/lib/python3.9/site-packages/airflow/example_dags/example_latest_only.py
[2025-04-23T02:32:13.751+0100] {processor.py:914} INFO - Processing file /Users/francisayanbadejo/venvs_projects/my_proj/lib/python3.9/site-packages/airflow/example_dags/example_latest_only.py for tasks to queue
[2025-04-23T02:32:13.752+0100] {logging_mixin.py:190} INFO - [2025-04-23T02:32:13.752+0100] {dagbag.py:588} INFO - Filling up the DagBag from /Users/francisayanbadejo/venvs_projects/my_proj/lib/python3.9/site-packages/airflow/example_dags/example_latest_only.py
[2025-04-23T02:32:13.754+0100] {processor.py:925} INFO - DAG(s) 'latest_only' retrieved from /Users/francisayanbadejo/venvs_projects/my_proj/lib/python3.9/site-packages/airflow/example_dags/example_latest_only.py
[2025-04-23T02:32:13.787+0100] {logging_mixin.py:190} INFO - [2025-04-23T02:32:13.787+0100] {dag.py:3239} INFO - Sync 1 DAGs
[2025-04-23T02:32:13.794+0100] {logging_mixin.py:190} INFO - [2025-04-23T02:32:13.794+0100] {dag.py:4180} INFO - Setting next_dagrun for latest_only to 2025-04-22 20:00:00+00:00, run_after=2025-04-23 00:00:00+00:00
[2025-04-23T02:32:13.799+0100] {processor.py:208} INFO - Processing /Users/francisayanbadejo/venvs_projects/my_proj/lib/python3.9/site-packages/airflow/example_dags/example_latest_only.py took 0.051 seconds
[2025-04-23T02:34:50.154+0100] {processor.py:186} INFO - Started process (PID=58506) to work on /Users/francisayanbadejo/venvs_projects/my_proj/lib/python3.9/site-packages/airflow/example_dags/example_latest_only.py
[2025-04-23T02:34:50.155+0100] {processor.py:914} INFO - Processing file /Users/francisayanbadejo/venvs_projects/my_proj/lib/python3.9/site-packages/airflow/example_dags/example_latest_only.py for tasks to queue
[2025-04-23T02:34:50.156+0100] {logging_mixin.py:190} INFO - [2025-04-23T02:34:50.156+0100] {dagbag.py:588} INFO - Filling up the DagBag from /Users/francisayanbadejo/venvs_projects/my_proj/lib/python3.9/site-packages/airflow/example_dags/example_latest_only.py
[2025-04-23T02:34:50.158+0100] {processor.py:925} INFO - DAG(s) 'latest_only' retrieved from /Users/francisayanbadejo/venvs_projects/my_proj/lib/python3.9/site-packages/airflow/example_dags/example_latest_only.py
[2025-04-23T02:34:50.188+0100] {logging_mixin.py:190} INFO - [2025-04-23T02:34:50.188+0100] {dag.py:3239} INFO - Sync 1 DAGs
[2025-04-23T02:34:50.194+0100] {logging_mixin.py:190} INFO - [2025-04-23T02:34:50.194+0100] {dag.py:4180} INFO - Setting next_dagrun for latest_only to 2025-04-22 20:00:00+00:00, run_after=2025-04-23 00:00:00+00:00
[2025-04-23T02:34:50.199+0100] {processor.py:208} INFO - Processing /Users/francisayanbadejo/venvs_projects/my_proj/lib/python3.9/site-packages/airflow/example_dags/example_latest_only.py took 0.047 seconds
[2025-04-23T02:36:37.825+0100] {processor.py:186} INFO - Started process (PID=58671) to work on /Users/francisayanbadejo/venvs_projects/my_proj/lib/python3.9/site-packages/airflow/example_dags/example_latest_only.py
[2025-04-23T02:36:37.826+0100] {processor.py:914} INFO - Processing file /Users/francisayanbadejo/venvs_projects/my_proj/lib/python3.9/site-packages/airflow/example_dags/example_latest_only.py for tasks to queue
[2025-04-23T02:36:37.827+0100] {logging_mixin.py:190} INFO - [2025-04-23T02:36:37.827+0100] {dagbag.py:588} INFO - Filling up the DagBag from /Users/francisayanbadejo/venvs_projects/my_proj/lib/python3.9/site-packages/airflow/example_dags/example_latest_only.py
[2025-04-23T02:36:37.829+0100] {processor.py:925} INFO - DAG(s) 'latest_only' retrieved from /Users/francisayanbadejo/venvs_projects/my_proj/lib/python3.9/site-packages/airflow/example_dags/example_latest_only.py
[2025-04-23T02:36:37.860+0100] {logging_mixin.py:190} INFO - [2025-04-23T02:36:37.860+0100] {dag.py:3239} INFO - Sync 1 DAGs
[2025-04-23T02:36:37.867+0100] {logging_mixin.py:190} INFO - [2025-04-23T02:36:37.867+0100] {dag.py:4180} INFO - Setting next_dagrun for latest_only to 2025-04-22 20:00:00+00:00, run_after=2025-04-23 00:00:00+00:00
[2025-04-23T02:36:37.872+0100] {processor.py:208} INFO - Processing /Users/francisayanbadejo/venvs_projects/my_proj/lib/python3.9/site-packages/airflow/example_dags/example_latest_only.py took 0.049 seconds
[2025-04-23T02:38:27.423+0100] {processor.py:186} INFO - Started process (PID=58895) to work on /Users/francisayanbadejo/venvs_projects/my_proj/lib/python3.9/site-packages/airflow/example_dags/example_latest_only.py
[2025-04-23T02:38:27.425+0100] {processor.py:914} INFO - Processing file /Users/francisayanbadejo/venvs_projects/my_proj/lib/python3.9/site-packages/airflow/example_dags/example_latest_only.py for tasks to queue
[2025-04-23T02:38:27.425+0100] {logging_mixin.py:190} INFO - [2025-04-23T02:38:27.425+0100] {dagbag.py:588} INFO - Filling up the DagBag from /Users/francisayanbadejo/venvs_projects/my_proj/lib/python3.9/site-packages/airflow/example_dags/example_latest_only.py
[2025-04-23T02:38:27.428+0100] {processor.py:925} INFO - DAG(s) 'latest_only' retrieved from /Users/francisayanbadejo/venvs_projects/my_proj/lib/python3.9/site-packages/airflow/example_dags/example_latest_only.py
[2025-04-23T02:38:27.459+0100] {logging_mixin.py:190} INFO - [2025-04-23T02:38:27.459+0100] {dag.py:3239} INFO - Sync 1 DAGs
[2025-04-23T02:38:27.466+0100] {logging_mixin.py:190} INFO - [2025-04-23T02:38:27.466+0100] {dag.py:4180} INFO - Setting next_dagrun for latest_only to 2025-04-22 20:00:00+00:00, run_after=2025-04-23 00:00:00+00:00
[2025-04-23T02:38:27.471+0100] {processor.py:208} INFO - Processing /Users/francisayanbadejo/venvs_projects/my_proj/lib/python3.9/site-packages/airflow/example_dags/example_latest_only.py took 0.048 seconds
