[2025-04-23T02:29:19.026+0100] {processor.py:186} INFO - Started process (PID=57747) to work on /Users/francisayanbadejo/venvs_projects/my_proj/lib/python3.9/site-packages/airflow/example_dags/example_branch_python_dop_operator_3.py
[2025-04-23T02:29:19.027+0100] {processor.py:914} INFO - Processing file /Users/francisayanbadejo/venvs_projects/my_proj/lib/python3.9/site-packages/airflow/example_dags/example_branch_python_dop_operator_3.py for tasks to queue
[2025-04-23T02:29:19.028+0100] {logging_mixin.py:190} INFO - [2025-04-23T02:29:19.028+0100] {dagbag.py:588} INFO - Filling up the DagBag from /Users/francisayanbadejo/venvs_projects/my_proj/lib/python3.9/site-packages/airflow/example_dags/example_branch_python_dop_operator_3.py
[2025-04-23T02:29:19.041+0100] {processor.py:925} INFO - DAG(s) 'example_branch_dop_operator_v3' retrieved from /Users/francisayanbadejo/venvs_projects/my_proj/lib/python3.9/site-packages/airflow/example_dags/example_branch_python_dop_operator_3.py
[2025-04-23T02:29:19.101+0100] {logging_mixin.py:190} INFO - [2025-04-23T02:29:19.101+0100] {override.py:1930} INFO - Created Permission View: can edit on DAG:example_branch_dop_operator_v3
[2025-04-23T02:29:19.104+0100] {logging_mixin.py:190} INFO - [2025-04-23T02:29:19.104+0100] {override.py:1930} INFO - Created Permission View: can delete on DAG:example_branch_dop_operator_v3
[2025-04-23T02:29:19.105+0100] {logging_mixin.py:190} INFO - [2025-04-23T02:29:19.105+0100] {override.py:1930} INFO - Created Permission View: can read on DAG:example_branch_dop_operator_v3
[2025-04-23T02:29:19.108+0100] {logging_mixin.py:190} INFO - [2025-04-23T02:29:19.108+0100] {override.py:1930} INFO - Created Permission View: menu access on DAG Run:example_branch_dop_operator_v3
[2025-04-23T02:29:19.109+0100] {logging_mixin.py:190} INFO - [2025-04-23T02:29:19.109+0100] {override.py:1930} INFO - Created Permission View: can delete on DAG Run:example_branch_dop_operator_v3
[2025-04-23T02:29:19.111+0100] {logging_mixin.py:190} INFO - [2025-04-23T02:29:19.111+0100] {override.py:1930} INFO - Created Permission View: can read on DAG Run:example_branch_dop_operator_v3
[2025-04-23T02:29:19.112+0100] {logging_mixin.py:190} INFO - [2025-04-23T02:29:19.112+0100] {override.py:1930} INFO - Created Permission View: can create on DAG Run:example_branch_dop_operator_v3
[2025-04-23T02:29:19.112+0100] {logging_mixin.py:190} INFO - [2025-04-23T02:29:19.112+0100] {dag.py:3239} INFO - Sync 1 DAGs
[2025-04-23T02:29:19.117+0100] {logging_mixin.py:190} INFO - [2025-04-23T02:29:19.117+0100] {dag.py:3262} INFO - Creating ORM DAG for example_branch_dop_operator_v3
[2025-04-23T02:29:19.122+0100] {logging_mixin.py:190} INFO - [2025-04-23T02:29:19.122+0100] {dag.py:4180} INFO - Setting next_dagrun for example_branch_dop_operator_v3 to 2025-04-23 01:28:00+00:00, run_after=2025-04-23 01:29:00+00:00
[2025-04-23T02:29:19.127+0100] {processor.py:208} INFO - Processing /Users/francisayanbadejo/venvs_projects/my_proj/lib/python3.9/site-packages/airflow/example_dags/example_branch_python_dop_operator_3.py took 0.102 seconds
[2025-04-23T02:31:10.156+0100] {processor.py:186} INFO - Started process (PID=57955) to work on /Users/francisayanbadejo/venvs_projects/my_proj/lib/python3.9/site-packages/airflow/example_dags/example_branch_python_dop_operator_3.py
[2025-04-23T02:31:10.158+0100] {processor.py:914} INFO - Processing file /Users/francisayanbadejo/venvs_projects/my_proj/lib/python3.9/site-packages/airflow/example_dags/example_branch_python_dop_operator_3.py for tasks to queue
[2025-04-23T02:31:10.159+0100] {logging_mixin.py:190} INFO - [2025-04-23T02:31:10.159+0100] {dagbag.py:588} INFO - Filling up the DagBag from /Users/francisayanbadejo/venvs_projects/my_proj/lib/python3.9/site-packages/airflow/example_dags/example_branch_python_dop_operator_3.py
[2025-04-23T02:31:10.169+0100] {processor.py:925} INFO - DAG(s) 'example_branch_dop_operator_v3' retrieved from /Users/francisayanbadejo/venvs_projects/my_proj/lib/python3.9/site-packages/airflow/example_dags/example_branch_python_dop_operator_3.py
[2025-04-23T02:31:10.199+0100] {logging_mixin.py:190} INFO - [2025-04-23T02:31:10.199+0100] {dag.py:3239} INFO - Sync 1 DAGs
[2025-04-23T02:31:10.207+0100] {logging_mixin.py:190} INFO - [2025-04-23T02:31:10.207+0100] {dag.py:4180} INFO - Setting next_dagrun for example_branch_dop_operator_v3 to 2025-04-23 01:30:00+00:00, run_after=2025-04-23 01:31:00+00:00
[2025-04-23T02:31:10.212+0100] {processor.py:208} INFO - Processing /Users/francisayanbadejo/venvs_projects/my_proj/lib/python3.9/site-packages/airflow/example_dags/example_branch_python_dop_operator_3.py took 0.057 seconds
[2025-04-23T02:32:59.029+0100] {processor.py:186} INFO - Started process (PID=58198) to work on /Users/francisayanbadejo/venvs_projects/my_proj/lib/python3.9/site-packages/airflow/example_dags/example_branch_python_dop_operator_3.py
[2025-04-23T02:32:59.030+0100] {processor.py:914} INFO - Processing file /Users/francisayanbadejo/venvs_projects/my_proj/lib/python3.9/site-packages/airflow/example_dags/example_branch_python_dop_operator_3.py for tasks to queue
[2025-04-23T02:32:59.031+0100] {logging_mixin.py:190} INFO - [2025-04-23T02:32:59.031+0100] {dagbag.py:588} INFO - Filling up the DagBag from /Users/francisayanbadejo/venvs_projects/my_proj/lib/python3.9/site-packages/airflow/example_dags/example_branch_python_dop_operator_3.py
[2025-04-23T02:32:59.041+0100] {processor.py:925} INFO - DAG(s) 'example_branch_dop_operator_v3' retrieved from /Users/francisayanbadejo/venvs_projects/my_proj/lib/python3.9/site-packages/airflow/example_dags/example_branch_python_dop_operator_3.py
[2025-04-23T02:32:59.072+0100] {logging_mixin.py:190} INFO - [2025-04-23T02:32:59.072+0100] {dag.py:3239} INFO - Sync 1 DAGs
[2025-04-23T02:32:59.081+0100] {logging_mixin.py:190} INFO - [2025-04-23T02:32:59.081+0100] {dag.py:4180} INFO - Setting next_dagrun for example_branch_dop_operator_v3 to 2025-04-23 01:31:00+00:00, run_after=2025-04-23 01:32:00+00:00
[2025-04-23T02:32:59.086+0100] {processor.py:208} INFO - Processing /Users/francisayanbadejo/venvs_projects/my_proj/lib/python3.9/site-packages/airflow/example_dags/example_branch_python_dop_operator_3.py took 0.058 seconds
[2025-04-23T02:35:07.334+0100] {processor.py:186} INFO - Started process (PID=58533) to work on /Users/francisayanbadejo/venvs_projects/my_proj/lib/python3.9/site-packages/airflow/example_dags/example_branch_python_dop_operator_3.py
[2025-04-23T02:35:07.335+0100] {processor.py:914} INFO - Processing file /Users/francisayanbadejo/venvs_projects/my_proj/lib/python3.9/site-packages/airflow/example_dags/example_branch_python_dop_operator_3.py for tasks to queue
[2025-04-23T02:35:07.336+0100] {logging_mixin.py:190} INFO - [2025-04-23T02:35:07.336+0100] {dagbag.py:588} INFO - Filling up the DagBag from /Users/francisayanbadejo/venvs_projects/my_proj/lib/python3.9/site-packages/airflow/example_dags/example_branch_python_dop_operator_3.py
[2025-04-23T02:35:07.346+0100] {processor.py:925} INFO - DAG(s) 'example_branch_dop_operator_v3' retrieved from /Users/francisayanbadejo/venvs_projects/my_proj/lib/python3.9/site-packages/airflow/example_dags/example_branch_python_dop_operator_3.py
[2025-04-23T02:35:07.376+0100] {logging_mixin.py:190} INFO - [2025-04-23T02:35:07.376+0100] {dag.py:3239} INFO - Sync 1 DAGs
[2025-04-23T02:35:07.384+0100] {logging_mixin.py:190} INFO - [2025-04-23T02:35:07.384+0100] {dag.py:4180} INFO - Setting next_dagrun for example_branch_dop_operator_v3 to 2025-04-23 01:34:00+00:00, run_after=2025-04-23 01:35:00+00:00
[2025-04-23T02:35:07.390+0100] {processor.py:208} INFO - Processing /Users/francisayanbadejo/venvs_projects/my_proj/lib/python3.9/site-packages/airflow/example_dags/example_branch_python_dop_operator_3.py took 0.057 seconds
[2025-04-23T02:36:55.764+0100] {processor.py:186} INFO - Started process (PID=58701) to work on /Users/francisayanbadejo/venvs_projects/my_proj/lib/python3.9/site-packages/airflow/example_dags/example_branch_python_dop_operator_3.py
[2025-04-23T02:36:55.766+0100] {processor.py:914} INFO - Processing file /Users/francisayanbadejo/venvs_projects/my_proj/lib/python3.9/site-packages/airflow/example_dags/example_branch_python_dop_operator_3.py for tasks to queue
[2025-04-23T02:36:55.767+0100] {logging_mixin.py:190} INFO - [2025-04-23T02:36:55.766+0100] {dagbag.py:588} INFO - Filling up the DagBag from /Users/francisayanbadejo/venvs_projects/my_proj/lib/python3.9/site-packages/airflow/example_dags/example_branch_python_dop_operator_3.py
[2025-04-23T02:36:55.777+0100] {processor.py:925} INFO - DAG(s) 'example_branch_dop_operator_v3' retrieved from /Users/francisayanbadejo/venvs_projects/my_proj/lib/python3.9/site-packages/airflow/example_dags/example_branch_python_dop_operator_3.py
[2025-04-23T02:36:55.807+0100] {logging_mixin.py:190} INFO - [2025-04-23T02:36:55.807+0100] {dag.py:3239} INFO - Sync 1 DAGs
[2025-04-23T02:36:55.815+0100] {logging_mixin.py:190} INFO - [2025-04-23T02:36:55.815+0100] {dag.py:4180} INFO - Setting next_dagrun for example_branch_dop_operator_v3 to 2025-04-23 01:35:00+00:00, run_after=2025-04-23 01:36:00+00:00
[2025-04-23T02:36:55.820+0100] {processor.py:208} INFO - Processing /Users/francisayanbadejo/venvs_projects/my_proj/lib/python3.9/site-packages/airflow/example_dags/example_branch_python_dop_operator_3.py took 0.057 seconds
[2025-04-23T02:38:46.519+0100] {processor.py:186} INFO - Started process (PID=59039) to work on /Users/francisayanbadejo/venvs_projects/my_proj/lib/python3.9/site-packages/airflow/example_dags/example_branch_python_dop_operator_3.py
[2025-04-23T02:38:46.521+0100] {processor.py:914} INFO - Processing file /Users/francisayanbadejo/venvs_projects/my_proj/lib/python3.9/site-packages/airflow/example_dags/example_branch_python_dop_operator_3.py for tasks to queue
[2025-04-23T02:38:46.522+0100] {logging_mixin.py:190} INFO - [2025-04-23T02:38:46.522+0100] {dagbag.py:588} INFO - Filling up the DagBag from /Users/francisayanbadejo/venvs_projects/my_proj/lib/python3.9/site-packages/airflow/example_dags/example_branch_python_dop_operator_3.py
[2025-04-23T02:38:46.532+0100] {processor.py:925} INFO - DAG(s) 'example_branch_dop_operator_v3' retrieved from /Users/francisayanbadejo/venvs_projects/my_proj/lib/python3.9/site-packages/airflow/example_dags/example_branch_python_dop_operator_3.py
[2025-04-23T02:38:46.562+0100] {logging_mixin.py:190} INFO - [2025-04-23T02:38:46.562+0100] {dag.py:3239} INFO - Sync 1 DAGs
[2025-04-23T02:38:46.570+0100] {logging_mixin.py:190} INFO - [2025-04-23T02:38:46.570+0100] {dag.py:4180} INFO - Setting next_dagrun for example_branch_dop_operator_v3 to 2025-04-23 01:37:00+00:00, run_after=2025-04-23 01:38:00+00:00
[2025-04-23T02:38:46.575+0100] {processor.py:208} INFO - Processing /Users/francisayanbadejo/venvs_projects/my_proj/lib/python3.9/site-packages/airflow/example_dags/example_branch_python_dop_operator_3.py took 0.057 seconds
