[2025-04-23T02:29:06.478+0100] {processor.py:186} INFO - Started process (PID=57725) to work on /Users/francisayanbadejo/venvs_projects/my_proj/lib/python3.9/site-packages/airflow/example_dags/example_dynamic_task_mapping.py
[2025-04-23T02:29:06.479+0100] {processor.py:914} INFO - Processing file /Users/francisayanbadejo/venvs_projects/my_proj/lib/python3.9/site-packages/airflow/example_dags/example_dynamic_task_mapping.py for tasks to queue
[2025-04-23T02:29:06.480+0100] {logging_mixin.py:190} INFO - [2025-04-23T02:29:06.480+0100] {dagbag.py:588} INFO - Filling up the DagBag from /Users/francisayanbadejo/venvs_projects/my_proj/lib/python3.9/site-packages/airflow/example_dags/example_dynamic_task_mapping.py
[2025-04-23T02:29:06.490+0100] {processor.py:925} INFO - DAG(s) 'example_dynamic_task_mapping' retrieved from /Users/francisayanbadejo/venvs_projects/my_proj/lib/python3.9/site-packages/airflow/example_dags/example_dynamic_task_mapping.py
[2025-04-23T02:29:06.547+0100] {logging_mixin.py:190} INFO - [2025-04-23T02:29:06.546+0100] {override.py:1930} INFO - Created Permission View: can read on DAG:example_dynamic_task_mapping
[2025-04-23T02:29:06.549+0100] {logging_mixin.py:190} INFO - [2025-04-23T02:29:06.549+0100] {override.py:1930} INFO - Created Permission View: can edit on DAG:example_dynamic_task_mapping
[2025-04-23T02:29:06.551+0100] {logging_mixin.py:190} INFO - [2025-04-23T02:29:06.551+0100] {override.py:1930} INFO - Created Permission View: can delete on DAG:example_dynamic_task_mapping
[2025-04-23T02:29:06.552+0100] {logging_mixin.py:190} INFO - [2025-04-23T02:29:06.552+0100] {override.py:1930} INFO - Created Permission View: can create on DAG Run:example_dynamic_task_mapping
[2025-04-23T02:29:06.554+0100] {logging_mixin.py:190} INFO - [2025-04-23T02:29:06.554+0100] {override.py:1930} INFO - Created Permission View: can read on DAG Run:example_dynamic_task_mapping
[2025-04-23T02:29:06.555+0100] {logging_mixin.py:190} INFO - [2025-04-23T02:29:06.555+0100] {override.py:1930} INFO - Created Permission View: menu access on DAG Run:example_dynamic_task_mapping
[2025-04-23T02:29:06.556+0100] {logging_mixin.py:190} INFO - [2025-04-23T02:29:06.556+0100] {override.py:1930} INFO - Created Permission View: can delete on DAG Run:example_dynamic_task_mapping
[2025-04-23T02:29:06.557+0100] {logging_mixin.py:190} INFO - [2025-04-23T02:29:06.557+0100] {dag.py:3239} INFO - Sync 1 DAGs
[2025-04-23T02:29:06.560+0100] {logging_mixin.py:190} INFO - [2025-04-23T02:29:06.560+0100] {dag.py:3262} INFO - Creating ORM DAG for example_dynamic_task_mapping
[2025-04-23T02:29:06.560+0100] {logging_mixin.py:190} INFO - [2025-04-23T02:29:06.560+0100] {dag.py:4180} INFO - Setting next_dagrun for example_dynamic_task_mapping to None, run_after=None
[2025-04-23T02:29:06.564+0100] {processor.py:208} INFO - Processing /Users/francisayanbadejo/venvs_projects/my_proj/lib/python3.9/site-packages/airflow/example_dags/example_dynamic_task_mapping.py took 0.087 seconds
[2025-04-23T02:31:00.555+0100] {processor.py:186} INFO - Started process (PID=57940) to work on /Users/francisayanbadejo/venvs_projects/my_proj/lib/python3.9/site-packages/airflow/example_dags/example_dynamic_task_mapping.py
[2025-04-23T02:31:00.556+0100] {processor.py:914} INFO - Processing file /Users/francisayanbadejo/venvs_projects/my_proj/lib/python3.9/site-packages/airflow/example_dags/example_dynamic_task_mapping.py for tasks to queue
[2025-04-23T02:31:00.557+0100] {logging_mixin.py:190} INFO - [2025-04-23T02:31:00.557+0100] {dagbag.py:588} INFO - Filling up the DagBag from /Users/francisayanbadejo/venvs_projects/my_proj/lib/python3.9/site-packages/airflow/example_dags/example_dynamic_task_mapping.py
[2025-04-23T02:31:00.567+0100] {processor.py:925} INFO - DAG(s) 'example_dynamic_task_mapping' retrieved from /Users/francisayanbadejo/venvs_projects/my_proj/lib/python3.9/site-packages/airflow/example_dags/example_dynamic_task_mapping.py
[2025-04-23T02:31:00.597+0100] {logging_mixin.py:190} INFO - [2025-04-23T02:31:00.597+0100] {dag.py:3239} INFO - Sync 1 DAGs
[2025-04-23T02:31:00.601+0100] {logging_mixin.py:190} INFO - [2025-04-23T02:31:00.601+0100] {dag.py:4180} INFO - Setting next_dagrun for example_dynamic_task_mapping to None, run_after=None
[2025-04-23T02:31:00.605+0100] {processor.py:208} INFO - Processing /Users/francisayanbadejo/venvs_projects/my_proj/lib/python3.9/site-packages/airflow/example_dags/example_dynamic_task_mapping.py took 0.052 seconds
[2025-04-23T02:32:48.972+0100] {processor.py:186} INFO - Started process (PID=58180) to work on /Users/francisayanbadejo/venvs_projects/my_proj/lib/python3.9/site-packages/airflow/example_dags/example_dynamic_task_mapping.py
[2025-04-23T02:32:48.974+0100] {processor.py:914} INFO - Processing file /Users/francisayanbadejo/venvs_projects/my_proj/lib/python3.9/site-packages/airflow/example_dags/example_dynamic_task_mapping.py for tasks to queue
[2025-04-23T02:32:48.975+0100] {logging_mixin.py:190} INFO - [2025-04-23T02:32:48.974+0100] {dagbag.py:588} INFO - Filling up the DagBag from /Users/francisayanbadejo/venvs_projects/my_proj/lib/python3.9/site-packages/airflow/example_dags/example_dynamic_task_mapping.py
[2025-04-23T02:32:48.984+0100] {processor.py:925} INFO - DAG(s) 'example_dynamic_task_mapping' retrieved from /Users/francisayanbadejo/venvs_projects/my_proj/lib/python3.9/site-packages/airflow/example_dags/example_dynamic_task_mapping.py
[2025-04-23T02:32:49.015+0100] {logging_mixin.py:190} INFO - [2025-04-23T02:32:49.014+0100] {dag.py:3239} INFO - Sync 1 DAGs
[2025-04-23T02:32:49.018+0100] {logging_mixin.py:190} INFO - [2025-04-23T02:32:49.018+0100] {dag.py:4180} INFO - Setting next_dagrun for example_dynamic_task_mapping to None, run_after=None
[2025-04-23T02:32:49.023+0100] {processor.py:208} INFO - Processing /Users/francisayanbadejo/venvs_projects/my_proj/lib/python3.9/site-packages/airflow/example_dags/example_dynamic_task_mapping.py took 0.052 seconds
[2025-04-23T02:34:56.710+0100] {processor.py:186} INFO - Started process (PID=58519) to work on /Users/francisayanbadejo/venvs_projects/my_proj/lib/python3.9/site-packages/airflow/example_dags/example_dynamic_task_mapping.py
[2025-04-23T02:34:56.711+0100] {processor.py:914} INFO - Processing file /Users/francisayanbadejo/venvs_projects/my_proj/lib/python3.9/site-packages/airflow/example_dags/example_dynamic_task_mapping.py for tasks to queue
[2025-04-23T02:34:56.712+0100] {logging_mixin.py:190} INFO - [2025-04-23T02:34:56.712+0100] {dagbag.py:588} INFO - Filling up the DagBag from /Users/francisayanbadejo/venvs_projects/my_proj/lib/python3.9/site-packages/airflow/example_dags/example_dynamic_task_mapping.py
[2025-04-23T02:34:56.722+0100] {processor.py:925} INFO - DAG(s) 'example_dynamic_task_mapping' retrieved from /Users/francisayanbadejo/venvs_projects/my_proj/lib/python3.9/site-packages/airflow/example_dags/example_dynamic_task_mapping.py
[2025-04-23T02:34:56.752+0100] {logging_mixin.py:190} INFO - [2025-04-23T02:34:56.752+0100] {dag.py:3239} INFO - Sync 1 DAGs
[2025-04-23T02:34:56.756+0100] {logging_mixin.py:190} INFO - [2025-04-23T02:34:56.756+0100] {dag.py:4180} INFO - Setting next_dagrun for example_dynamic_task_mapping to None, run_after=None
[2025-04-23T02:34:56.761+0100] {processor.py:208} INFO - Processing /Users/francisayanbadejo/venvs_projects/my_proj/lib/python3.9/site-packages/airflow/example_dags/example_dynamic_task_mapping.py took 0.052 seconds
[2025-04-23T02:36:45.107+0100] {processor.py:186} INFO - Started process (PID=58682) to work on /Users/francisayanbadejo/venvs_projects/my_proj/lib/python3.9/site-packages/airflow/example_dags/example_dynamic_task_mapping.py
[2025-04-23T02:36:45.109+0100] {processor.py:914} INFO - Processing file /Users/francisayanbadejo/venvs_projects/my_proj/lib/python3.9/site-packages/airflow/example_dags/example_dynamic_task_mapping.py for tasks to queue
[2025-04-23T02:36:45.109+0100] {logging_mixin.py:190} INFO - [2025-04-23T02:36:45.109+0100] {dagbag.py:588} INFO - Filling up the DagBag from /Users/francisayanbadejo/venvs_projects/my_proj/lib/python3.9/site-packages/airflow/example_dags/example_dynamic_task_mapping.py
[2025-04-23T02:36:45.119+0100] {processor.py:925} INFO - DAG(s) 'example_dynamic_task_mapping' retrieved from /Users/francisayanbadejo/venvs_projects/my_proj/lib/python3.9/site-packages/airflow/example_dags/example_dynamic_task_mapping.py
[2025-04-23T02:36:45.150+0100] {logging_mixin.py:190} INFO - [2025-04-23T02:36:45.149+0100] {dag.py:3239} INFO - Sync 1 DAGs
[2025-04-23T02:36:45.153+0100] {logging_mixin.py:190} INFO - [2025-04-23T02:36:45.153+0100] {dag.py:4180} INFO - Setting next_dagrun for example_dynamic_task_mapping to None, run_after=None
[2025-04-23T02:36:45.158+0100] {processor.py:208} INFO - Processing /Users/francisayanbadejo/venvs_projects/my_proj/lib/python3.9/site-packages/airflow/example_dags/example_dynamic_task_mapping.py took 0.052 seconds
[2025-04-23T02:38:34.712+0100] {processor.py:186} INFO - Started process (PID=58999) to work on /Users/francisayanbadejo/venvs_projects/my_proj/lib/python3.9/site-packages/airflow/example_dags/example_dynamic_task_mapping.py
[2025-04-23T02:38:34.714+0100] {processor.py:914} INFO - Processing file /Users/francisayanbadejo/venvs_projects/my_proj/lib/python3.9/site-packages/airflow/example_dags/example_dynamic_task_mapping.py for tasks to queue
[2025-04-23T02:38:34.714+0100] {logging_mixin.py:190} INFO - [2025-04-23T02:38:34.714+0100] {dagbag.py:588} INFO - Filling up the DagBag from /Users/francisayanbadejo/venvs_projects/my_proj/lib/python3.9/site-packages/airflow/example_dags/example_dynamic_task_mapping.py
[2025-04-23T02:38:34.723+0100] {processor.py:925} INFO - DAG(s) 'example_dynamic_task_mapping' retrieved from /Users/francisayanbadejo/venvs_projects/my_proj/lib/python3.9/site-packages/airflow/example_dags/example_dynamic_task_mapping.py
[2025-04-23T02:38:34.756+0100] {logging_mixin.py:190} INFO - [2025-04-23T02:38:34.756+0100] {dag.py:3239} INFO - Sync 1 DAGs
[2025-04-23T02:38:34.760+0100] {logging_mixin.py:190} INFO - [2025-04-23T02:38:34.760+0100] {dag.py:4180} INFO - Setting next_dagrun for example_dynamic_task_mapping to None, run_after=None
[2025-04-23T02:38:34.765+0100] {processor.py:208} INFO - Processing /Users/francisayanbadejo/venvs_projects/my_proj/lib/python3.9/site-packages/airflow/example_dags/example_dynamic_task_mapping.py took 0.054 seconds
