[2025-04-23T02:28:36.976+0100] {processor.py:186} INFO - Started process (PID=57659) to work on /Users/francisayanbadejo/venvs_projects/my_proj/lib/python3.9/site-packages/airflow/example_dags/example_short_circuit_operator.py
[2025-04-23T02:28:36.977+0100] {processor.py:914} INFO - Processing file /Users/francisayanbadejo/venvs_projects/my_proj/lib/python3.9/site-packages/airflow/example_dags/example_short_circuit_operator.py for tasks to queue
[2025-04-23T02:28:36.978+0100] {logging_mixin.py:190} INFO - [2025-04-23T02:28:36.978+0100] {dagbag.py:588} INFO - Filling up the DagBag from /Users/francisayanbadejo/venvs_projects/my_proj/lib/python3.9/site-packages/airflow/example_dags/example_short_circuit_operator.py
[2025-04-23T02:28:36.986+0100] {processor.py:925} INFO - DAG(s) 'example_short_circuit_operator' retrieved from /Users/francisayanbadejo/venvs_projects/my_proj/lib/python3.9/site-packages/airflow/example_dags/example_short_circuit_operator.py
[2025-04-23T02:28:37.044+0100] {logging_mixin.py:190} INFO - [2025-04-23T02:28:37.044+0100] {override.py:1930} INFO - Created Permission View: can edit on DAG:example_short_circuit_operator
[2025-04-23T02:28:37.047+0100] {logging_mixin.py:190} INFO - [2025-04-23T02:28:37.047+0100] {override.py:1930} INFO - Created Permission View: can delete on DAG:example_short_circuit_operator
[2025-04-23T02:28:37.048+0100] {logging_mixin.py:190} INFO - [2025-04-23T02:28:37.048+0100] {override.py:1930} INFO - Created Permission View: can read on DAG:example_short_circuit_operator
[2025-04-23T02:28:37.050+0100] {logging_mixin.py:190} INFO - [2025-04-23T02:28:37.050+0100] {override.py:1930} INFO - Created Permission View: can delete on DAG Run:example_short_circuit_operator
[2025-04-23T02:28:37.051+0100] {logging_mixin.py:190} INFO - [2025-04-23T02:28:37.051+0100] {override.py:1930} INFO - Created Permission View: can read on DAG Run:example_short_circuit_operator
[2025-04-23T02:28:37.053+0100] {logging_mixin.py:190} INFO - [2025-04-23T02:28:37.053+0100] {override.py:1930} INFO - Created Permission View: menu access on DAG Run:example_short_circuit_operator
[2025-04-23T02:28:37.054+0100] {logging_mixin.py:190} INFO - [2025-04-23T02:28:37.054+0100] {override.py:1930} INFO - Created Permission View: can create on DAG Run:example_short_circuit_operator
[2025-04-23T02:28:37.054+0100] {logging_mixin.py:190} INFO - [2025-04-23T02:28:37.054+0100] {dag.py:3239} INFO - Sync 1 DAGs
[2025-04-23T02:28:37.058+0100] {logging_mixin.py:190} INFO - [2025-04-23T02:28:37.058+0100] {dag.py:3262} INFO - Creating ORM DAG for example_short_circuit_operator
[2025-04-23T02:28:37.058+0100] {logging_mixin.py:190} INFO - [2025-04-23T02:28:37.058+0100] {dag.py:4180} INFO - Setting next_dagrun for example_short_circuit_operator to None, run_after=None
[2025-04-23T02:28:37.062+0100] {processor.py:208} INFO - Processing /Users/francisayanbadejo/venvs_projects/my_proj/lib/python3.9/site-packages/airflow/example_dags/example_short_circuit_operator.py took 0.087 seconds
[2025-04-23T02:30:03.585+0100] {processor.py:186} INFO - Started process (PID=57846) to work on /Users/francisayanbadejo/venvs_projects/my_proj/lib/python3.9/site-packages/airflow/example_dags/example_short_circuit_operator.py
[2025-04-23T02:30:03.586+0100] {processor.py:914} INFO - Processing file /Users/francisayanbadejo/venvs_projects/my_proj/lib/python3.9/site-packages/airflow/example_dags/example_short_circuit_operator.py for tasks to queue
[2025-04-23T02:30:03.587+0100] {logging_mixin.py:190} INFO - [2025-04-23T02:30:03.587+0100] {dagbag.py:588} INFO - Filling up the DagBag from /Users/francisayanbadejo/venvs_projects/my_proj/lib/python3.9/site-packages/airflow/example_dags/example_short_circuit_operator.py
[2025-04-23T02:30:03.594+0100] {processor.py:925} INFO - DAG(s) 'example_short_circuit_operator' retrieved from /Users/francisayanbadejo/venvs_projects/my_proj/lib/python3.9/site-packages/airflow/example_dags/example_short_circuit_operator.py
[2025-04-23T02:30:03.625+0100] {logging_mixin.py:190} INFO - [2025-04-23T02:30:03.624+0100] {dag.py:3239} INFO - Sync 1 DAGs
[2025-04-23T02:30:03.628+0100] {logging_mixin.py:190} INFO - [2025-04-23T02:30:03.628+0100] {dag.py:4180} INFO - Setting next_dagrun for example_short_circuit_operator to None, run_after=None
[2025-04-23T02:30:03.633+0100] {processor.py:208} INFO - Processing /Users/francisayanbadejo/venvs_projects/my_proj/lib/python3.9/site-packages/airflow/example_dags/example_short_circuit_operator.py took 0.049 seconds
[2025-04-23T02:31:51.667+0100] {processor.py:186} INFO - Started process (PID=58045) to work on /Users/francisayanbadejo/venvs_projects/my_proj/lib/python3.9/site-packages/airflow/example_dags/example_short_circuit_operator.py
[2025-04-23T02:31:51.669+0100] {processor.py:914} INFO - Processing file /Users/francisayanbadejo/venvs_projects/my_proj/lib/python3.9/site-packages/airflow/example_dags/example_short_circuit_operator.py for tasks to queue
[2025-04-23T02:31:51.670+0100] {logging_mixin.py:190} INFO - [2025-04-23T02:31:51.670+0100] {dagbag.py:588} INFO - Filling up the DagBag from /Users/francisayanbadejo/venvs_projects/my_proj/lib/python3.9/site-packages/airflow/example_dags/example_short_circuit_operator.py
[2025-04-23T02:31:51.677+0100] {processor.py:925} INFO - DAG(s) 'example_short_circuit_operator' retrieved from /Users/francisayanbadejo/venvs_projects/my_proj/lib/python3.9/site-packages/airflow/example_dags/example_short_circuit_operator.py
[2025-04-23T02:31:51.711+0100] {logging_mixin.py:190} INFO - [2025-04-23T02:31:51.711+0100] {dag.py:3239} INFO - Sync 1 DAGs
[2025-04-23T02:31:51.714+0100] {logging_mixin.py:190} INFO - [2025-04-23T02:31:51.714+0100] {dag.py:4180} INFO - Setting next_dagrun for example_short_circuit_operator to None, run_after=None
[2025-04-23T02:31:51.720+0100] {processor.py:208} INFO - Processing /Users/francisayanbadejo/venvs_projects/my_proj/lib/python3.9/site-packages/airflow/example_dags/example_short_circuit_operator.py took 0.053 seconds
[2025-04-23T02:33:40.304+0100] {processor.py:186} INFO - Started process (PID=58290) to work on /Users/francisayanbadejo/venvs_projects/my_proj/lib/python3.9/site-packages/airflow/example_dags/example_short_circuit_operator.py
[2025-04-23T02:33:40.305+0100] {processor.py:914} INFO - Processing file /Users/francisayanbadejo/venvs_projects/my_proj/lib/python3.9/site-packages/airflow/example_dags/example_short_circuit_operator.py for tasks to queue
[2025-04-23T02:33:40.306+0100] {logging_mixin.py:190} INFO - [2025-04-23T02:33:40.306+0100] {dagbag.py:588} INFO - Filling up the DagBag from /Users/francisayanbadejo/venvs_projects/my_proj/lib/python3.9/site-packages/airflow/example_dags/example_short_circuit_operator.py
[2025-04-23T02:33:40.313+0100] {processor.py:925} INFO - DAG(s) 'example_short_circuit_operator' retrieved from /Users/francisayanbadejo/venvs_projects/my_proj/lib/python3.9/site-packages/airflow/example_dags/example_short_circuit_operator.py
[2025-04-23T02:33:40.345+0100] {logging_mixin.py:190} INFO - [2025-04-23T02:33:40.345+0100] {dag.py:3239} INFO - Sync 1 DAGs
[2025-04-23T02:33:40.349+0100] {logging_mixin.py:190} INFO - [2025-04-23T02:33:40.349+0100] {dag.py:4180} INFO - Setting next_dagrun for example_short_circuit_operator to None, run_after=None
[2025-04-23T02:33:40.354+0100] {processor.py:208} INFO - Processing /Users/francisayanbadejo/venvs_projects/my_proj/lib/python3.9/site-packages/airflow/example_dags/example_short_circuit_operator.py took 0.051 seconds
[2025-04-23T02:34:28.103+0100] {processor.py:186} INFO - Started process (PID=58474) to work on /Users/francisayanbadejo/venvs_projects/my_proj/lib/python3.9/site-packages/airflow/example_dags/example_short_circuit_operator.py
[2025-04-23T02:34:28.104+0100] {processor.py:914} INFO - Processing file /Users/francisayanbadejo/venvs_projects/my_proj/lib/python3.9/site-packages/airflow/example_dags/example_short_circuit_operator.py for tasks to queue
[2025-04-23T02:34:28.105+0100] {logging_mixin.py:190} INFO - [2025-04-23T02:34:28.105+0100] {dagbag.py:588} INFO - Filling up the DagBag from /Users/francisayanbadejo/venvs_projects/my_proj/lib/python3.9/site-packages/airflow/example_dags/example_short_circuit_operator.py
[2025-04-23T02:34:28.112+0100] {processor.py:925} INFO - DAG(s) 'example_short_circuit_operator' retrieved from /Users/francisayanbadejo/venvs_projects/my_proj/lib/python3.9/site-packages/airflow/example_dags/example_short_circuit_operator.py
[2025-04-23T02:34:28.143+0100] {logging_mixin.py:190} INFO - [2025-04-23T02:34:28.143+0100] {dag.py:3239} INFO - Sync 1 DAGs
[2025-04-23T02:34:28.146+0100] {logging_mixin.py:190} INFO - [2025-04-23T02:34:28.146+0100] {dag.py:4180} INFO - Setting next_dagrun for example_short_circuit_operator to None, run_after=None
[2025-04-23T02:34:28.151+0100] {processor.py:208} INFO - Processing /Users/francisayanbadejo/venvs_projects/my_proj/lib/python3.9/site-packages/airflow/example_dags/example_short_circuit_operator.py took 0.049 seconds
[2025-04-23T02:35:51.317+0100] {processor.py:186} INFO - Started process (PID=58594) to work on /Users/francisayanbadejo/venvs_projects/my_proj/lib/python3.9/site-packages/airflow/example_dags/example_short_circuit_operator.py
[2025-04-23T02:35:51.318+0100] {processor.py:914} INFO - Processing file /Users/francisayanbadejo/venvs_projects/my_proj/lib/python3.9/site-packages/airflow/example_dags/example_short_circuit_operator.py for tasks to queue
[2025-04-23T02:35:51.319+0100] {logging_mixin.py:190} INFO - [2025-04-23T02:35:51.319+0100] {dagbag.py:588} INFO - Filling up the DagBag from /Users/francisayanbadejo/venvs_projects/my_proj/lib/python3.9/site-packages/airflow/example_dags/example_short_circuit_operator.py
[2025-04-23T02:35:51.327+0100] {processor.py:925} INFO - DAG(s) 'example_short_circuit_operator' retrieved from /Users/francisayanbadejo/venvs_projects/my_proj/lib/python3.9/site-packages/airflow/example_dags/example_short_circuit_operator.py
[2025-04-23T02:35:51.359+0100] {logging_mixin.py:190} INFO - [2025-04-23T02:35:51.359+0100] {dag.py:3239} INFO - Sync 1 DAGs
[2025-04-23T02:35:51.363+0100] {logging_mixin.py:190} INFO - [2025-04-23T02:35:51.363+0100] {dag.py:4180} INFO - Setting next_dagrun for example_short_circuit_operator to None, run_after=None
[2025-04-23T02:35:51.368+0100] {processor.py:208} INFO - Processing /Users/francisayanbadejo/venvs_projects/my_proj/lib/python3.9/site-packages/airflow/example_dags/example_short_circuit_operator.py took 0.052 seconds
[2025-04-23T02:37:39.793+0100] {processor.py:186} INFO - Started process (PID=58782) to work on /Users/francisayanbadejo/venvs_projects/my_proj/lib/python3.9/site-packages/airflow/example_dags/example_short_circuit_operator.py
[2025-04-23T02:37:39.794+0100] {processor.py:914} INFO - Processing file /Users/francisayanbadejo/venvs_projects/my_proj/lib/python3.9/site-packages/airflow/example_dags/example_short_circuit_operator.py for tasks to queue
[2025-04-23T02:37:39.795+0100] {logging_mixin.py:190} INFO - [2025-04-23T02:37:39.795+0100] {dagbag.py:588} INFO - Filling up the DagBag from /Users/francisayanbadejo/venvs_projects/my_proj/lib/python3.9/site-packages/airflow/example_dags/example_short_circuit_operator.py
[2025-04-23T02:37:39.802+0100] {processor.py:925} INFO - DAG(s) 'example_short_circuit_operator' retrieved from /Users/francisayanbadejo/venvs_projects/my_proj/lib/python3.9/site-packages/airflow/example_dags/example_short_circuit_operator.py
[2025-04-23T02:37:39.833+0100] {logging_mixin.py:190} INFO - [2025-04-23T02:37:39.833+0100] {dag.py:3239} INFO - Sync 1 DAGs
[2025-04-23T02:37:39.837+0100] {logging_mixin.py:190} INFO - [2025-04-23T02:37:39.837+0100] {dag.py:4180} INFO - Setting next_dagrun for example_short_circuit_operator to None, run_after=None
[2025-04-23T02:37:39.842+0100] {processor.py:208} INFO - Processing /Users/francisayanbadejo/venvs_projects/my_proj/lib/python3.9/site-packages/airflow/example_dags/example_short_circuit_operator.py took 0.050 seconds
