[2025-04-23T03:41:22.271+0100] {processor.py:186} INFO - Started process (PID=63399) to work on /Users/francisayanbadejo/venvs_projects/my_proj/lib/python3.9/site-packages/airflow/example_dags/example_setup_teardown.py
[2025-04-23T03:41:22.272+0100] {processor.py:914} INFO - Processing file /Users/francisayanbadejo/venvs_projects/my_proj/lib/python3.9/site-packages/airflow/example_dags/example_setup_teardown.py for tasks to queue
[2025-04-23T03:41:22.272+0100] {logging_mixin.py:190} INFO - [2025-04-23T03:41:22.272+0100] {dagbag.py:588} INFO - Filling up the DagBag from /Users/francisayanbadejo/venvs_projects/my_proj/lib/python3.9/site-packages/airflow/example_dags/example_setup_teardown.py
[2025-04-23T03:41:22.276+0100] {processor.py:925} INFO - DAG(s) 'example_setup_teardown' retrieved from /Users/francisayanbadejo/venvs_projects/my_proj/lib/python3.9/site-packages/airflow/example_dags/example_setup_teardown.py
[2025-04-23T03:41:22.334+0100] {logging_mixin.py:190} INFO - [2025-04-23T03:41:22.334+0100] {override.py:1930} INFO - Created Permission View: can edit on DAG:example_setup_teardown
[2025-04-23T03:41:22.336+0100] {logging_mixin.py:190} INFO - [2025-04-23T03:41:22.336+0100] {override.py:1930} INFO - Created Permission View: can delete on DAG:example_setup_teardown
[2025-04-23T03:41:22.338+0100] {logging_mixin.py:190} INFO - [2025-04-23T03:41:22.338+0100] {override.py:1930} INFO - Created Permission View: can read on DAG:example_setup_teardown
[2025-04-23T03:41:22.340+0100] {logging_mixin.py:190} INFO - [2025-04-23T03:41:22.340+0100] {override.py:1930} INFO - Created Permission View: can create on DAG Run:example_setup_teardown
[2025-04-23T03:41:22.341+0100] {logging_mixin.py:190} INFO - [2025-04-23T03:41:22.341+0100] {override.py:1930} INFO - Created Permission View: can delete on DAG Run:example_setup_teardown
[2025-04-23T03:41:22.342+0100] {logging_mixin.py:190} INFO - [2025-04-23T03:41:22.342+0100] {override.py:1930} INFO - Created Permission View: menu access on DAG Run:example_setup_teardown
[2025-04-23T03:41:22.344+0100] {logging_mixin.py:190} INFO - [2025-04-23T03:41:22.344+0100] {override.py:1930} INFO - Created Permission View: can read on DAG Run:example_setup_teardown
[2025-04-23T03:41:22.344+0100] {logging_mixin.py:190} INFO - [2025-04-23T03:41:22.344+0100] {dag.py:3239} INFO - Sync 1 DAGs
[2025-04-23T03:41:22.347+0100] {logging_mixin.py:190} INFO - [2025-04-23T03:41:22.347+0100] {dag.py:3262} INFO - Creating ORM DAG for example_setup_teardown
[2025-04-23T03:41:22.347+0100] {logging_mixin.py:190} INFO - [2025-04-23T03:41:22.347+0100] {dag.py:4180} INFO - Setting next_dagrun for example_setup_teardown to None, run_after=None
[2025-04-23T03:41:22.353+0100] {processor.py:208} INFO - Processing /Users/francisayanbadejo/venvs_projects/my_proj/lib/python3.9/site-packages/airflow/example_dags/example_setup_teardown.py took 0.083 seconds
[2025-04-23T03:44:47.472+0100] {processor.py:186} INFO - Started process (PID=64319) to work on /Users/francisayanbadejo/venvs_projects/my_proj/lib/python3.9/site-packages/airflow/example_dags/example_setup_teardown.py
[2025-04-23T03:44:47.473+0100] {processor.py:914} INFO - Processing file /Users/francisayanbadejo/venvs_projects/my_proj/lib/python3.9/site-packages/airflow/example_dags/example_setup_teardown.py for tasks to queue
[2025-04-23T03:44:47.474+0100] {logging_mixin.py:190} INFO - [2025-04-23T03:44:47.474+0100] {dagbag.py:588} INFO - Filling up the DagBag from /Users/francisayanbadejo/venvs_projects/my_proj/lib/python3.9/site-packages/airflow/example_dags/example_setup_teardown.py
[2025-04-23T03:44:47.477+0100] {processor.py:925} INFO - DAG(s) 'example_setup_teardown' retrieved from /Users/francisayanbadejo/venvs_projects/my_proj/lib/python3.9/site-packages/airflow/example_dags/example_setup_teardown.py
[2025-04-23T03:44:47.507+0100] {logging_mixin.py:190} INFO - [2025-04-23T03:44:47.507+0100] {dag.py:3239} INFO - Sync 1 DAGs
[2025-04-23T03:44:47.510+0100] {logging_mixin.py:190} INFO - [2025-04-23T03:44:47.510+0100] {dag.py:4180} INFO - Setting next_dagrun for example_setup_teardown to None, run_after=None
[2025-04-23T03:44:47.515+0100] {processor.py:208} INFO - Processing /Users/francisayanbadejo/venvs_projects/my_proj/lib/python3.9/site-packages/airflow/example_dags/example_setup_teardown.py took 0.044 seconds
[2025-04-23T03:46:13.817+0100] {processor.py:186} INFO - Started process (PID=64508) to work on /Users/francisayanbadejo/venvs_projects/my_proj/lib/python3.9/site-packages/airflow/example_dags/example_setup_teardown.py
[2025-04-23T03:46:13.818+0100] {processor.py:914} INFO - Processing file /Users/francisayanbadejo/venvs_projects/my_proj/lib/python3.9/site-packages/airflow/example_dags/example_setup_teardown.py for tasks to queue
[2025-04-23T03:46:13.819+0100] {logging_mixin.py:190} INFO - [2025-04-23T03:46:13.819+0100] {dagbag.py:588} INFO - Filling up the DagBag from /Users/francisayanbadejo/venvs_projects/my_proj/lib/python3.9/site-packages/airflow/example_dags/example_setup_teardown.py
[2025-04-23T03:46:13.822+0100] {processor.py:925} INFO - DAG(s) 'example_setup_teardown' retrieved from /Users/francisayanbadejo/venvs_projects/my_proj/lib/python3.9/site-packages/airflow/example_dags/example_setup_teardown.py
[2025-04-23T03:46:13.856+0100] {logging_mixin.py:190} INFO - [2025-04-23T03:46:13.856+0100] {dag.py:3239} INFO - Sync 1 DAGs
[2025-04-23T03:46:13.859+0100] {logging_mixin.py:190} INFO - [2025-04-23T03:46:13.859+0100] {dag.py:4180} INFO - Setting next_dagrun for example_setup_teardown to None, run_after=None
[2025-04-23T03:46:13.865+0100] {processor.py:208} INFO - Processing /Users/francisayanbadejo/venvs_projects/my_proj/lib/python3.9/site-packages/airflow/example_dags/example_setup_teardown.py took 0.050 seconds
[2025-04-23T03:48:02.536+0100] {processor.py:186} INFO - Started process (PID=64747) to work on /Users/francisayanbadejo/venvs_projects/my_proj/lib/python3.9/site-packages/airflow/example_dags/example_setup_teardown.py
[2025-04-23T03:48:02.537+0100] {processor.py:914} INFO - Processing file /Users/francisayanbadejo/venvs_projects/my_proj/lib/python3.9/site-packages/airflow/example_dags/example_setup_teardown.py for tasks to queue
[2025-04-23T03:48:02.538+0100] {logging_mixin.py:190} INFO - [2025-04-23T03:48:02.538+0100] {dagbag.py:588} INFO - Filling up the DagBag from /Users/francisayanbadejo/venvs_projects/my_proj/lib/python3.9/site-packages/airflow/example_dags/example_setup_teardown.py
[2025-04-23T03:48:02.540+0100] {processor.py:925} INFO - DAG(s) 'example_setup_teardown' retrieved from /Users/francisayanbadejo/venvs_projects/my_proj/lib/python3.9/site-packages/airflow/example_dags/example_setup_teardown.py
[2025-04-23T03:48:02.572+0100] {logging_mixin.py:190} INFO - [2025-04-23T03:48:02.572+0100] {dag.py:3239} INFO - Sync 1 DAGs
[2025-04-23T03:48:02.575+0100] {logging_mixin.py:190} INFO - [2025-04-23T03:48:02.575+0100] {dag.py:4180} INFO - Setting next_dagrun for example_setup_teardown to None, run_after=None
[2025-04-23T03:48:02.580+0100] {processor.py:208} INFO - Processing /Users/francisayanbadejo/venvs_projects/my_proj/lib/python3.9/site-packages/airflow/example_dags/example_setup_teardown.py took 0.046 seconds
[2025-04-23T03:49:53.241+0100] {processor.py:186} INFO - Started process (PID=64993) to work on /Users/francisayanbadejo/venvs_projects/my_proj/lib/python3.9/site-packages/airflow/example_dags/example_setup_teardown.py
[2025-04-23T03:49:53.243+0100] {processor.py:914} INFO - Processing file /Users/francisayanbadejo/venvs_projects/my_proj/lib/python3.9/site-packages/airflow/example_dags/example_setup_teardown.py for tasks to queue
[2025-04-23T03:49:53.244+0100] {logging_mixin.py:190} INFO - [2025-04-23T03:49:53.243+0100] {dagbag.py:588} INFO - Filling up the DagBag from /Users/francisayanbadejo/venvs_projects/my_proj/lib/python3.9/site-packages/airflow/example_dags/example_setup_teardown.py
[2025-04-23T03:49:53.246+0100] {processor.py:925} INFO - DAG(s) 'example_setup_teardown' retrieved from /Users/francisayanbadejo/venvs_projects/my_proj/lib/python3.9/site-packages/airflow/example_dags/example_setup_teardown.py
[2025-04-23T03:49:53.277+0100] {logging_mixin.py:190} INFO - [2025-04-23T03:49:53.277+0100] {dag.py:3239} INFO - Sync 1 DAGs
[2025-04-23T03:49:53.280+0100] {logging_mixin.py:190} INFO - [2025-04-23T03:49:53.280+0100] {dag.py:4180} INFO - Setting next_dagrun for example_setup_teardown to None, run_after=None
[2025-04-23T03:49:53.285+0100] {processor.py:208} INFO - Processing /Users/francisayanbadejo/venvs_projects/my_proj/lib/python3.9/site-packages/airflow/example_dags/example_setup_teardown.py took 0.045 seconds
[2025-04-23T03:51:46.111+0100] {processor.py:186} INFO - Started process (PID=65242) to work on /Users/francisayanbadejo/venvs_projects/my_proj/lib/python3.9/site-packages/airflow/example_dags/example_setup_teardown.py
[2025-04-23T03:51:46.113+0100] {processor.py:914} INFO - Processing file /Users/francisayanbadejo/venvs_projects/my_proj/lib/python3.9/site-packages/airflow/example_dags/example_setup_teardown.py for tasks to queue
[2025-04-23T03:51:46.113+0100] {logging_mixin.py:190} INFO - [2025-04-23T03:51:46.113+0100] {dagbag.py:588} INFO - Filling up the DagBag from /Users/francisayanbadejo/venvs_projects/my_proj/lib/python3.9/site-packages/airflow/example_dags/example_setup_teardown.py
[2025-04-23T03:51:46.116+0100] {processor.py:925} INFO - DAG(s) 'example_setup_teardown' retrieved from /Users/francisayanbadejo/venvs_projects/my_proj/lib/python3.9/site-packages/airflow/example_dags/example_setup_teardown.py
[2025-04-23T03:51:46.150+0100] {logging_mixin.py:190} INFO - [2025-04-23T03:51:46.150+0100] {dag.py:3239} INFO - Sync 1 DAGs
[2025-04-23T03:51:46.154+0100] {logging_mixin.py:190} INFO - [2025-04-23T03:51:46.154+0100] {dag.py:4180} INFO - Setting next_dagrun for example_setup_teardown to None, run_after=None
[2025-04-23T03:51:46.159+0100] {processor.py:208} INFO - Processing /Users/francisayanbadejo/venvs_projects/my_proj/lib/python3.9/site-packages/airflow/example_dags/example_setup_teardown.py took 0.049 seconds
[2025-04-23T03:53:42.522+0100] {processor.py:186} INFO - Started process (PID=65499) to work on /Users/francisayanbadejo/venvs_projects/my_proj/lib/python3.9/site-packages/airflow/example_dags/example_setup_teardown.py
[2025-04-23T03:53:42.524+0100] {processor.py:914} INFO - Processing file /Users/francisayanbadejo/venvs_projects/my_proj/lib/python3.9/site-packages/airflow/example_dags/example_setup_teardown.py for tasks to queue
[2025-04-23T03:53:42.525+0100] {logging_mixin.py:190} INFO - [2025-04-23T03:53:42.524+0100] {dagbag.py:588} INFO - Filling up the DagBag from /Users/francisayanbadejo/venvs_projects/my_proj/lib/python3.9/site-packages/airflow/example_dags/example_setup_teardown.py
[2025-04-23T03:53:42.527+0100] {processor.py:925} INFO - DAG(s) 'example_setup_teardown' retrieved from /Users/francisayanbadejo/venvs_projects/my_proj/lib/python3.9/site-packages/airflow/example_dags/example_setup_teardown.py
[2025-04-23T03:53:42.559+0100] {logging_mixin.py:190} INFO - [2025-04-23T03:53:42.559+0100] {dag.py:3239} INFO - Sync 1 DAGs
[2025-04-23T03:53:42.563+0100] {logging_mixin.py:190} INFO - [2025-04-23T03:53:42.563+0100] {dag.py:4180} INFO - Setting next_dagrun for example_setup_teardown to None, run_after=None
[2025-04-23T03:53:42.568+0100] {processor.py:208} INFO - Processing /Users/francisayanbadejo/venvs_projects/my_proj/lib/python3.9/site-packages/airflow/example_dags/example_setup_teardown.py took 0.047 seconds
[2025-04-23T03:55:41.036+0100] {processor.py:186} INFO - Started process (PID=65754) to work on /Users/francisayanbadejo/venvs_projects/my_proj/lib/python3.9/site-packages/airflow/example_dags/example_setup_teardown.py
[2025-04-23T03:55:41.037+0100] {processor.py:914} INFO - Processing file /Users/francisayanbadejo/venvs_projects/my_proj/lib/python3.9/site-packages/airflow/example_dags/example_setup_teardown.py for tasks to queue
[2025-04-23T03:55:41.038+0100] {logging_mixin.py:190} INFO - [2025-04-23T03:55:41.038+0100] {dagbag.py:588} INFO - Filling up the DagBag from /Users/francisayanbadejo/venvs_projects/my_proj/lib/python3.9/site-packages/airflow/example_dags/example_setup_teardown.py
[2025-04-23T03:55:41.041+0100] {processor.py:925} INFO - DAG(s) 'example_setup_teardown' retrieved from /Users/francisayanbadejo/venvs_projects/my_proj/lib/python3.9/site-packages/airflow/example_dags/example_setup_teardown.py
[2025-04-23T03:55:41.072+0100] {logging_mixin.py:190} INFO - [2025-04-23T03:55:41.072+0100] {dag.py:3239} INFO - Sync 1 DAGs
[2025-04-23T03:55:41.075+0100] {logging_mixin.py:190} INFO - [2025-04-23T03:55:41.075+0100] {dag.py:4180} INFO - Setting next_dagrun for example_setup_teardown to None, run_after=None
[2025-04-23T03:55:41.081+0100] {processor.py:208} INFO - Processing /Users/francisayanbadejo/venvs_projects/my_proj/lib/python3.9/site-packages/airflow/example_dags/example_setup_teardown.py took 0.046 seconds
[2025-04-23T03:57:37.060+0100] {processor.py:186} INFO - Started process (PID=66010) to work on /Users/francisayanbadejo/venvs_projects/my_proj/lib/python3.9/site-packages/airflow/example_dags/example_setup_teardown.py
[2025-04-23T03:57:37.061+0100] {processor.py:914} INFO - Processing file /Users/francisayanbadejo/venvs_projects/my_proj/lib/python3.9/site-packages/airflow/example_dags/example_setup_teardown.py for tasks to queue
[2025-04-23T03:57:37.061+0100] {logging_mixin.py:190} INFO - [2025-04-23T03:57:37.061+0100] {dagbag.py:588} INFO - Filling up the DagBag from /Users/francisayanbadejo/venvs_projects/my_proj/lib/python3.9/site-packages/airflow/example_dags/example_setup_teardown.py
[2025-04-23T03:57:37.064+0100] {processor.py:925} INFO - DAG(s) 'example_setup_teardown' retrieved from /Users/francisayanbadejo/venvs_projects/my_proj/lib/python3.9/site-packages/airflow/example_dags/example_setup_teardown.py
[2025-04-23T03:57:37.096+0100] {logging_mixin.py:190} INFO - [2025-04-23T03:57:37.096+0100] {dag.py:3239} INFO - Sync 1 DAGs
[2025-04-23T03:57:37.100+0100] {logging_mixin.py:190} INFO - [2025-04-23T03:57:37.100+0100] {dag.py:4180} INFO - Setting next_dagrun for example_setup_teardown to None, run_after=None
[2025-04-23T03:57:37.105+0100] {processor.py:208} INFO - Processing /Users/francisayanbadejo/venvs_projects/my_proj/lib/python3.9/site-packages/airflow/example_dags/example_setup_teardown.py took 0.046 seconds
[2025-04-23T03:59:45.984+0100] {processor.py:186} INFO - Started process (PID=66228) to work on /Users/francisayanbadejo/venvs_projects/my_proj/lib/python3.9/site-packages/airflow/example_dags/example_setup_teardown.py
[2025-04-23T03:59:45.984+0100] {processor.py:914} INFO - Processing file /Users/francisayanbadejo/venvs_projects/my_proj/lib/python3.9/site-packages/airflow/example_dags/example_setup_teardown.py for tasks to queue
[2025-04-23T03:59:45.984+0100] {logging_mixin.py:190} INFO - [2025-04-23T03:59:45.984+0100] {dagbag.py:588} INFO - Filling up the DagBag from /Users/francisayanbadejo/venvs_projects/my_proj/lib/python3.9/site-packages/airflow/example_dags/example_setup_teardown.py
[2025-04-23T03:59:45.988+0100] {processor.py:925} INFO - DAG(s) 'example_setup_teardown' retrieved from /Users/francisayanbadejo/venvs_projects/my_proj/lib/python3.9/site-packages/airflow/example_dags/example_setup_teardown.py
[2025-04-23T03:59:46.026+0100] {logging_mixin.py:190} INFO - [2025-04-23T03:59:46.026+0100] {dag.py:3239} INFO - Sync 1 DAGs
[2025-04-23T03:59:46.030+0100] {logging_mixin.py:190} INFO - [2025-04-23T03:59:46.030+0100] {dag.py:4180} INFO - Setting next_dagrun for example_setup_teardown to None, run_after=None
[2025-04-23T03:59:46.037+0100] {processor.py:208} INFO - Processing /Users/francisayanbadejo/venvs_projects/my_proj/lib/python3.9/site-packages/airflow/example_dags/example_setup_teardown.py took 0.055 seconds
[2025-04-23T04:01:46.098+0100] {processor.py:186} INFO - Started process (PID=66442) to work on /Users/francisayanbadejo/venvs_projects/my_proj/lib/python3.9/site-packages/airflow/example_dags/example_setup_teardown.py
[2025-04-23T04:01:46.099+0100] {processor.py:914} INFO - Processing file /Users/francisayanbadejo/venvs_projects/my_proj/lib/python3.9/site-packages/airflow/example_dags/example_setup_teardown.py for tasks to queue
[2025-04-23T04:01:46.099+0100] {logging_mixin.py:190} INFO - [2025-04-23T04:01:46.099+0100] {dagbag.py:588} INFO - Filling up the DagBag from /Users/francisayanbadejo/venvs_projects/my_proj/lib/python3.9/site-packages/airflow/example_dags/example_setup_teardown.py
[2025-04-23T04:01:46.102+0100] {processor.py:925} INFO - DAG(s) 'example_setup_teardown' retrieved from /Users/francisayanbadejo/venvs_projects/my_proj/lib/python3.9/site-packages/airflow/example_dags/example_setup_teardown.py
[2025-04-23T04:01:46.134+0100] {logging_mixin.py:190} INFO - [2025-04-23T04:01:46.134+0100] {dag.py:3239} INFO - Sync 1 DAGs
[2025-04-23T04:01:46.137+0100] {logging_mixin.py:190} INFO - [2025-04-23T04:01:46.137+0100] {dag.py:4180} INFO - Setting next_dagrun for example_setup_teardown to None, run_after=None
[2025-04-23T04:01:46.142+0100] {processor.py:208} INFO - Processing /Users/francisayanbadejo/venvs_projects/my_proj/lib/python3.9/site-packages/airflow/example_dags/example_setup_teardown.py took 0.046 seconds
[2025-04-23T04:03:36.936+0100] {processor.py:186} INFO - Started process (PID=66658) to work on /Users/francisayanbadejo/venvs_projects/my_proj/lib/python3.9/site-packages/airflow/example_dags/example_setup_teardown.py
[2025-04-23T04:03:36.936+0100] {processor.py:914} INFO - Processing file /Users/francisayanbadejo/venvs_projects/my_proj/lib/python3.9/site-packages/airflow/example_dags/example_setup_teardown.py for tasks to queue
[2025-04-23T04:03:36.936+0100] {logging_mixin.py:190} INFO - [2025-04-23T04:03:36.936+0100] {dagbag.py:588} INFO - Filling up the DagBag from /Users/francisayanbadejo/venvs_projects/my_proj/lib/python3.9/site-packages/airflow/example_dags/example_setup_teardown.py
[2025-04-23T04:03:36.939+0100] {processor.py:925} INFO - DAG(s) 'example_setup_teardown' retrieved from /Users/francisayanbadejo/venvs_projects/my_proj/lib/python3.9/site-packages/airflow/example_dags/example_setup_teardown.py
[2025-04-23T04:03:36.970+0100] {logging_mixin.py:190} INFO - [2025-04-23T04:03:36.970+0100] {dag.py:3239} INFO - Sync 1 DAGs
[2025-04-23T04:03:36.973+0100] {logging_mixin.py:190} INFO - [2025-04-23T04:03:36.973+0100] {dag.py:4180} INFO - Setting next_dagrun for example_setup_teardown to None, run_after=None
[2025-04-23T04:03:36.978+0100] {processor.py:208} INFO - Processing /Users/francisayanbadejo/venvs_projects/my_proj/lib/python3.9/site-packages/airflow/example_dags/example_setup_teardown.py took 0.044 seconds
[2025-04-23T04:05:39.813+0100] {processor.py:186} INFO - Started process (PID=66902) to work on /Users/francisayanbadejo/venvs_projects/my_proj/lib/python3.9/site-packages/airflow/example_dags/example_setup_teardown.py
[2025-04-23T04:05:39.814+0100] {processor.py:914} INFO - Processing file /Users/francisayanbadejo/venvs_projects/my_proj/lib/python3.9/site-packages/airflow/example_dags/example_setup_teardown.py for tasks to queue
[2025-04-23T04:05:39.814+0100] {logging_mixin.py:190} INFO - [2025-04-23T04:05:39.814+0100] {dagbag.py:588} INFO - Filling up the DagBag from /Users/francisayanbadejo/venvs_projects/my_proj/lib/python3.9/site-packages/airflow/example_dags/example_setup_teardown.py
[2025-04-23T04:05:39.817+0100] {processor.py:925} INFO - DAG(s) 'example_setup_teardown' retrieved from /Users/francisayanbadejo/venvs_projects/my_proj/lib/python3.9/site-packages/airflow/example_dags/example_setup_teardown.py
[2025-04-23T04:05:39.851+0100] {logging_mixin.py:190} INFO - [2025-04-23T04:05:39.851+0100] {dag.py:3239} INFO - Sync 1 DAGs
[2025-04-23T04:05:39.854+0100] {logging_mixin.py:190} INFO - [2025-04-23T04:05:39.854+0100] {dag.py:4180} INFO - Setting next_dagrun for example_setup_teardown to None, run_after=None
[2025-04-23T04:05:39.859+0100] {processor.py:208} INFO - Processing /Users/francisayanbadejo/venvs_projects/my_proj/lib/python3.9/site-packages/airflow/example_dags/example_setup_teardown.py took 0.047 seconds
[2025-04-23T04:18:52.776+0100] {processor.py:186} INFO - Started process (PID=68963) to work on /Users/francisayanbadejo/venvs_projects/my_proj/lib/python3.9/site-packages/airflow/example_dags/example_setup_teardown.py
[2025-04-23T04:18:52.777+0100] {processor.py:914} INFO - Processing file /Users/francisayanbadejo/venvs_projects/my_proj/lib/python3.9/site-packages/airflow/example_dags/example_setup_teardown.py for tasks to queue
[2025-04-23T04:18:52.778+0100] {logging_mixin.py:190} INFO - [2025-04-23T04:18:52.778+0100] {dagbag.py:588} INFO - Filling up the DagBag from /Users/francisayanbadejo/venvs_projects/my_proj/lib/python3.9/site-packages/airflow/example_dags/example_setup_teardown.py
[2025-04-23T04:18:52.781+0100] {processor.py:925} INFO - DAG(s) 'example_setup_teardown' retrieved from /Users/francisayanbadejo/venvs_projects/my_proj/lib/python3.9/site-packages/airflow/example_dags/example_setup_teardown.py
[2025-04-23T04:18:52.811+0100] {logging_mixin.py:190} INFO - [2025-04-23T04:18:52.811+0100] {dag.py:3239} INFO - Sync 1 DAGs
[2025-04-23T04:18:52.814+0100] {logging_mixin.py:190} INFO - [2025-04-23T04:18:52.814+0100] {dag.py:4180} INFO - Setting next_dagrun for example_setup_teardown to None, run_after=None
[2025-04-23T04:18:52.819+0100] {processor.py:208} INFO - Processing /Users/francisayanbadejo/venvs_projects/my_proj/lib/python3.9/site-packages/airflow/example_dags/example_setup_teardown.py took 0.044 seconds
[2025-04-23T04:20:17.763+0100] {processor.py:186} INFO - Started process (PID=69110) to work on /Users/francisayanbadejo/venvs_projects/my_proj/lib/python3.9/site-packages/airflow/example_dags/example_setup_teardown.py
[2025-04-23T04:20:17.764+0100] {processor.py:914} INFO - Processing file /Users/francisayanbadejo/venvs_projects/my_proj/lib/python3.9/site-packages/airflow/example_dags/example_setup_teardown.py for tasks to queue
[2025-04-23T04:20:17.765+0100] {logging_mixin.py:190} INFO - [2025-04-23T04:20:17.765+0100] {dagbag.py:588} INFO - Filling up the DagBag from /Users/francisayanbadejo/venvs_projects/my_proj/lib/python3.9/site-packages/airflow/example_dags/example_setup_teardown.py
[2025-04-23T04:20:17.768+0100] {processor.py:925} INFO - DAG(s) 'example_setup_teardown' retrieved from /Users/francisayanbadejo/venvs_projects/my_proj/lib/python3.9/site-packages/airflow/example_dags/example_setup_teardown.py
[2025-04-23T04:20:17.798+0100] {logging_mixin.py:190} INFO - [2025-04-23T04:20:17.798+0100] {dag.py:3239} INFO - Sync 1 DAGs
[2025-04-23T04:20:17.801+0100] {logging_mixin.py:190} INFO - [2025-04-23T04:20:17.801+0100] {dag.py:4180} INFO - Setting next_dagrun for example_setup_teardown to None, run_after=None
[2025-04-23T04:20:17.807+0100] {processor.py:208} INFO - Processing /Users/francisayanbadejo/venvs_projects/my_proj/lib/python3.9/site-packages/airflow/example_dags/example_setup_teardown.py took 0.044 seconds
[2025-04-23T04:21:34.466+0100] {processor.py:186} INFO - Started process (PID=69509) to work on /Users/francisayanbadejo/venvs_projects/my_proj/lib/python3.9/site-packages/airflow/example_dags/example_setup_teardown.py
[2025-04-23T04:21:34.468+0100] {processor.py:914} INFO - Processing file /Users/francisayanbadejo/venvs_projects/my_proj/lib/python3.9/site-packages/airflow/example_dags/example_setup_teardown.py for tasks to queue
[2025-04-23T04:21:34.468+0100] {logging_mixin.py:190} INFO - [2025-04-23T04:21:34.468+0100] {dagbag.py:588} INFO - Filling up the DagBag from /Users/francisayanbadejo/venvs_projects/my_proj/lib/python3.9/site-packages/airflow/example_dags/example_setup_teardown.py
[2025-04-23T04:21:34.471+0100] {processor.py:925} INFO - DAG(s) 'example_setup_teardown' retrieved from /Users/francisayanbadejo/venvs_projects/my_proj/lib/python3.9/site-packages/airflow/example_dags/example_setup_teardown.py
[2025-04-23T04:21:34.505+0100] {logging_mixin.py:190} INFO - [2025-04-23T04:21:34.505+0100] {dag.py:3239} INFO - Sync 1 DAGs
[2025-04-23T04:21:34.508+0100] {logging_mixin.py:190} INFO - [2025-04-23T04:21:34.508+0100] {dag.py:4180} INFO - Setting next_dagrun for example_setup_teardown to None, run_after=None
[2025-04-23T04:21:34.513+0100] {processor.py:208} INFO - Processing /Users/francisayanbadejo/venvs_projects/my_proj/lib/python3.9/site-packages/airflow/example_dags/example_setup_teardown.py took 0.048 seconds
[2025-04-23T04:23:00.568+0100] {processor.py:186} INFO - Started process (PID=69734) to work on /Users/francisayanbadejo/venvs_projects/my_proj/lib/python3.9/site-packages/airflow/example_dags/example_setup_teardown.py
[2025-04-23T04:23:00.569+0100] {processor.py:914} INFO - Processing file /Users/francisayanbadejo/venvs_projects/my_proj/lib/python3.9/site-packages/airflow/example_dags/example_setup_teardown.py for tasks to queue
[2025-04-23T04:23:00.570+0100] {logging_mixin.py:190} INFO - [2025-04-23T04:23:00.570+0100] {dagbag.py:588} INFO - Filling up the DagBag from /Users/francisayanbadejo/venvs_projects/my_proj/lib/python3.9/site-packages/airflow/example_dags/example_setup_teardown.py
[2025-04-23T04:23:00.573+0100] {processor.py:925} INFO - DAG(s) 'example_setup_teardown' retrieved from /Users/francisayanbadejo/venvs_projects/my_proj/lib/python3.9/site-packages/airflow/example_dags/example_setup_teardown.py
[2025-04-23T04:23:00.605+0100] {logging_mixin.py:190} INFO - [2025-04-23T04:23:00.605+0100] {dag.py:3239} INFO - Sync 1 DAGs
[2025-04-23T04:23:00.608+0100] {logging_mixin.py:190} INFO - [2025-04-23T04:23:00.608+0100] {dag.py:4180} INFO - Setting next_dagrun for example_setup_teardown to None, run_after=None
[2025-04-23T04:23:00.613+0100] {processor.py:208} INFO - Processing /Users/francisayanbadejo/venvs_projects/my_proj/lib/python3.9/site-packages/airflow/example_dags/example_setup_teardown.py took 0.047 seconds
[2025-04-23T04:26:00.357+0100] {processor.py:186} INFO - Started process (PID=70533) to work on /Users/francisayanbadejo/venvs_projects/my_proj/lib/python3.9/site-packages/airflow/example_dags/example_setup_teardown.py
[2025-04-23T04:26:00.358+0100] {processor.py:914} INFO - Processing file /Users/francisayanbadejo/venvs_projects/my_proj/lib/python3.9/site-packages/airflow/example_dags/example_setup_teardown.py for tasks to queue
[2025-04-23T04:26:00.359+0100] {logging_mixin.py:190} INFO - [2025-04-23T04:26:00.359+0100] {dagbag.py:588} INFO - Filling up the DagBag from /Users/francisayanbadejo/venvs_projects/my_proj/lib/python3.9/site-packages/airflow/example_dags/example_setup_teardown.py
[2025-04-23T04:26:00.361+0100] {processor.py:925} INFO - DAG(s) 'example_setup_teardown' retrieved from /Users/francisayanbadejo/venvs_projects/my_proj/lib/python3.9/site-packages/airflow/example_dags/example_setup_teardown.py
[2025-04-23T04:26:00.392+0100] {logging_mixin.py:190} INFO - [2025-04-23T04:26:00.392+0100] {dag.py:3239} INFO - Sync 1 DAGs
[2025-04-23T04:26:00.395+0100] {logging_mixin.py:190} INFO - [2025-04-23T04:26:00.395+0100] {dag.py:4180} INFO - Setting next_dagrun for example_setup_teardown to None, run_after=None
[2025-04-23T04:26:00.400+0100] {processor.py:208} INFO - Processing /Users/francisayanbadejo/venvs_projects/my_proj/lib/python3.9/site-packages/airflow/example_dags/example_setup_teardown.py took 0.045 seconds
[2025-04-23T04:28:25.427+0100] {processor.py:186} INFO - Started process (PID=71295) to work on /Users/francisayanbadejo/venvs_projects/my_proj/lib/python3.9/site-packages/airflow/example_dags/example_setup_teardown.py
[2025-04-23T04:28:25.428+0100] {processor.py:914} INFO - Processing file /Users/francisayanbadejo/venvs_projects/my_proj/lib/python3.9/site-packages/airflow/example_dags/example_setup_teardown.py for tasks to queue
[2025-04-23T04:28:25.429+0100] {logging_mixin.py:190} INFO - [2025-04-23T04:28:25.429+0100] {dagbag.py:588} INFO - Filling up the DagBag from /Users/francisayanbadejo/venvs_projects/my_proj/lib/python3.9/site-packages/airflow/example_dags/example_setup_teardown.py
[2025-04-23T04:28:25.431+0100] {processor.py:925} INFO - DAG(s) 'example_setup_teardown' retrieved from /Users/francisayanbadejo/venvs_projects/my_proj/lib/python3.9/site-packages/airflow/example_dags/example_setup_teardown.py
[2025-04-23T04:28:25.462+0100] {logging_mixin.py:190} INFO - [2025-04-23T04:28:25.462+0100] {dag.py:3239} INFO - Sync 1 DAGs
[2025-04-23T04:28:25.465+0100] {logging_mixin.py:190} INFO - [2025-04-23T04:28:25.465+0100] {dag.py:4180} INFO - Setting next_dagrun for example_setup_teardown to None, run_after=None
[2025-04-23T04:28:25.470+0100] {processor.py:208} INFO - Processing /Users/francisayanbadejo/venvs_projects/my_proj/lib/python3.9/site-packages/airflow/example_dags/example_setup_teardown.py took 0.044 seconds
[2025-04-23T04:29:52.595+0100] {processor.py:186} INFO - Started process (PID=71426) to work on /Users/francisayanbadejo/venvs_projects/my_proj/lib/python3.9/site-packages/airflow/example_dags/example_setup_teardown.py
[2025-04-23T04:29:52.597+0100] {processor.py:914} INFO - Processing file /Users/francisayanbadejo/venvs_projects/my_proj/lib/python3.9/site-packages/airflow/example_dags/example_setup_teardown.py for tasks to queue
[2025-04-23T04:29:52.598+0100] {logging_mixin.py:190} INFO - [2025-04-23T04:29:52.598+0100] {dagbag.py:588} INFO - Filling up the DagBag from /Users/francisayanbadejo/venvs_projects/my_proj/lib/python3.9/site-packages/airflow/example_dags/example_setup_teardown.py
[2025-04-23T04:29:52.601+0100] {processor.py:925} INFO - DAG(s) 'example_setup_teardown' retrieved from /Users/francisayanbadejo/venvs_projects/my_proj/lib/python3.9/site-packages/airflow/example_dags/example_setup_teardown.py
[2025-04-23T04:29:52.633+0100] {logging_mixin.py:190} INFO - [2025-04-23T04:29:52.633+0100] {dag.py:3239} INFO - Sync 1 DAGs
[2025-04-23T04:29:52.637+0100] {logging_mixin.py:190} INFO - [2025-04-23T04:29:52.636+0100] {dag.py:4180} INFO - Setting next_dagrun for example_setup_teardown to None, run_after=None
[2025-04-23T04:29:52.642+0100] {processor.py:208} INFO - Processing /Users/francisayanbadejo/venvs_projects/my_proj/lib/python3.9/site-packages/airflow/example_dags/example_setup_teardown.py took 0.048 seconds
[2025-04-23T04:31:46.810+0100] {processor.py:186} INFO - Started process (PID=71765) to work on /Users/francisayanbadejo/venvs_projects/my_proj/lib/python3.9/site-packages/airflow/example_dags/example_setup_teardown.py
[2025-04-23T04:31:46.812+0100] {processor.py:914} INFO - Processing file /Users/francisayanbadejo/venvs_projects/my_proj/lib/python3.9/site-packages/airflow/example_dags/example_setup_teardown.py for tasks to queue
[2025-04-23T04:31:46.813+0100] {logging_mixin.py:190} INFO - [2025-04-23T04:31:46.812+0100] {dagbag.py:588} INFO - Filling up the DagBag from /Users/francisayanbadejo/venvs_projects/my_proj/lib/python3.9/site-packages/airflow/example_dags/example_setup_teardown.py
[2025-04-23T04:31:46.815+0100] {processor.py:925} INFO - DAG(s) 'example_setup_teardown' retrieved from /Users/francisayanbadejo/venvs_projects/my_proj/lib/python3.9/site-packages/airflow/example_dags/example_setup_teardown.py
[2025-04-23T04:31:46.846+0100] {logging_mixin.py:190} INFO - [2025-04-23T04:31:46.846+0100] {dag.py:3239} INFO - Sync 1 DAGs
[2025-04-23T04:31:46.849+0100] {logging_mixin.py:190} INFO - [2025-04-23T04:31:46.849+0100] {dag.py:4180} INFO - Setting next_dagrun for example_setup_teardown to None, run_after=None
[2025-04-23T04:31:46.854+0100] {processor.py:208} INFO - Processing /Users/francisayanbadejo/venvs_projects/my_proj/lib/python3.9/site-packages/airflow/example_dags/example_setup_teardown.py took 0.045 seconds
[2025-04-23T04:34:33.507+0100] {processor.py:186} INFO - Started process (PID=72040) to work on /Users/francisayanbadejo/venvs_projects/my_proj/lib/python3.9/site-packages/airflow/example_dags/example_setup_teardown.py
[2025-04-23T04:34:33.509+0100] {processor.py:914} INFO - Processing file /Users/francisayanbadejo/venvs_projects/my_proj/lib/python3.9/site-packages/airflow/example_dags/example_setup_teardown.py for tasks to queue
[2025-04-23T04:34:33.509+0100] {logging_mixin.py:190} INFO - [2025-04-23T04:34:33.509+0100] {dagbag.py:588} INFO - Filling up the DagBag from /Users/francisayanbadejo/venvs_projects/my_proj/lib/python3.9/site-packages/airflow/example_dags/example_setup_teardown.py
[2025-04-23T04:34:33.512+0100] {processor.py:925} INFO - DAG(s) 'example_setup_teardown' retrieved from /Users/francisayanbadejo/venvs_projects/my_proj/lib/python3.9/site-packages/airflow/example_dags/example_setup_teardown.py
[2025-04-23T04:34:33.542+0100] {logging_mixin.py:190} INFO - [2025-04-23T04:34:33.542+0100] {dag.py:3239} INFO - Sync 1 DAGs
[2025-04-23T04:34:33.545+0100] {logging_mixin.py:190} INFO - [2025-04-23T04:34:33.545+0100] {dag.py:4180} INFO - Setting next_dagrun for example_setup_teardown to None, run_after=None
[2025-04-23T04:34:33.550+0100] {processor.py:208} INFO - Processing /Users/francisayanbadejo/venvs_projects/my_proj/lib/python3.9/site-packages/airflow/example_dags/example_setup_teardown.py took 0.044 seconds
[2025-04-23T04:36:25.042+0100] {processor.py:186} INFO - Started process (PID=72288) to work on /Users/francisayanbadejo/venvs_projects/my_proj/lib/python3.9/site-packages/airflow/example_dags/example_setup_teardown.py
[2025-04-23T04:36:25.043+0100] {processor.py:914} INFO - Processing file /Users/francisayanbadejo/venvs_projects/my_proj/lib/python3.9/site-packages/airflow/example_dags/example_setup_teardown.py for tasks to queue
[2025-04-23T04:36:25.044+0100] {logging_mixin.py:190} INFO - [2025-04-23T04:36:25.044+0100] {dagbag.py:588} INFO - Filling up the DagBag from /Users/francisayanbadejo/venvs_projects/my_proj/lib/python3.9/site-packages/airflow/example_dags/example_setup_teardown.py
[2025-04-23T04:36:25.046+0100] {processor.py:925} INFO - DAG(s) 'example_setup_teardown' retrieved from /Users/francisayanbadejo/venvs_projects/my_proj/lib/python3.9/site-packages/airflow/example_dags/example_setup_teardown.py
[2025-04-23T04:36:25.079+0100] {logging_mixin.py:190} INFO - [2025-04-23T04:36:25.079+0100] {dag.py:3239} INFO - Sync 1 DAGs
[2025-04-23T04:36:25.082+0100] {logging_mixin.py:190} INFO - [2025-04-23T04:36:25.082+0100] {dag.py:4180} INFO - Setting next_dagrun for example_setup_teardown to None, run_after=None
[2025-04-23T04:36:25.087+0100] {processor.py:208} INFO - Processing /Users/francisayanbadejo/venvs_projects/my_proj/lib/python3.9/site-packages/airflow/example_dags/example_setup_teardown.py took 0.047 seconds
[2025-04-23T04:38:16.439+0100] {processor.py:186} INFO - Started process (PID=72533) to work on /Users/francisayanbadejo/venvs_projects/my_proj/lib/python3.9/site-packages/airflow/example_dags/example_setup_teardown.py
[2025-04-23T04:38:16.440+0100] {processor.py:914} INFO - Processing file /Users/francisayanbadejo/venvs_projects/my_proj/lib/python3.9/site-packages/airflow/example_dags/example_setup_teardown.py for tasks to queue
[2025-04-23T04:38:16.441+0100] {logging_mixin.py:190} INFO - [2025-04-23T04:38:16.441+0100] {dagbag.py:588} INFO - Filling up the DagBag from /Users/francisayanbadejo/venvs_projects/my_proj/lib/python3.9/site-packages/airflow/example_dags/example_setup_teardown.py
[2025-04-23T04:38:16.444+0100] {processor.py:925} INFO - DAG(s) 'example_setup_teardown' retrieved from /Users/francisayanbadejo/venvs_projects/my_proj/lib/python3.9/site-packages/airflow/example_dags/example_setup_teardown.py
[2025-04-23T04:38:16.478+0100] {logging_mixin.py:190} INFO - [2025-04-23T04:38:16.478+0100] {dag.py:3239} INFO - Sync 1 DAGs
[2025-04-23T04:38:16.482+0100] {logging_mixin.py:190} INFO - [2025-04-23T04:38:16.482+0100] {dag.py:4180} INFO - Setting next_dagrun for example_setup_teardown to None, run_after=None
[2025-04-23T04:38:16.489+0100] {processor.py:208} INFO - Processing /Users/francisayanbadejo/venvs_projects/my_proj/lib/python3.9/site-packages/airflow/example_dags/example_setup_teardown.py took 0.051 seconds
[2025-04-23T04:39:24.556+0100] {processor.py:186} INFO - Started process (PID=72633) to work on /Users/francisayanbadejo/venvs_projects/my_proj/lib/python3.9/site-packages/airflow/example_dags/example_setup_teardown.py
[2025-04-23T04:39:24.558+0100] {processor.py:914} INFO - Processing file /Users/francisayanbadejo/venvs_projects/my_proj/lib/python3.9/site-packages/airflow/example_dags/example_setup_teardown.py for tasks to queue
[2025-04-23T04:39:24.558+0100] {logging_mixin.py:190} INFO - [2025-04-23T04:39:24.558+0100] {dagbag.py:588} INFO - Filling up the DagBag from /Users/francisayanbadejo/venvs_projects/my_proj/lib/python3.9/site-packages/airflow/example_dags/example_setup_teardown.py
[2025-04-23T04:39:24.564+0100] {processor.py:925} INFO - DAG(s) 'example_setup_teardown' retrieved from /Users/francisayanbadejo/venvs_projects/my_proj/lib/python3.9/site-packages/airflow/example_dags/example_setup_teardown.py
[2025-04-23T04:39:24.595+0100] {logging_mixin.py:190} INFO - [2025-04-23T04:39:24.595+0100] {dag.py:3239} INFO - Sync 1 DAGs
[2025-04-23T04:39:24.598+0100] {logging_mixin.py:190} INFO - [2025-04-23T04:39:24.598+0100] {dag.py:4180} INFO - Setting next_dagrun for example_setup_teardown to None, run_after=None
[2025-04-23T04:39:24.603+0100] {processor.py:208} INFO - Processing /Users/francisayanbadejo/venvs_projects/my_proj/lib/python3.9/site-packages/airflow/example_dags/example_setup_teardown.py took 0.047 seconds
[2025-04-23T04:41:11.943+0100] {processor.py:186} INFO - Started process (PID=72790) to work on /Users/francisayanbadejo/venvs_projects/my_proj/lib/python3.9/site-packages/airflow/example_dags/example_setup_teardown.py
[2025-04-23T04:41:11.945+0100] {processor.py:914} INFO - Processing file /Users/francisayanbadejo/venvs_projects/my_proj/lib/python3.9/site-packages/airflow/example_dags/example_setup_teardown.py for tasks to queue
[2025-04-23T04:41:11.946+0100] {logging_mixin.py:190} INFO - [2025-04-23T04:41:11.946+0100] {dagbag.py:588} INFO - Filling up the DagBag from /Users/francisayanbadejo/venvs_projects/my_proj/lib/python3.9/site-packages/airflow/example_dags/example_setup_teardown.py
[2025-04-23T04:41:11.948+0100] {processor.py:925} INFO - DAG(s) 'example_setup_teardown' retrieved from /Users/francisayanbadejo/venvs_projects/my_proj/lib/python3.9/site-packages/airflow/example_dags/example_setup_teardown.py
[2025-04-23T04:41:11.978+0100] {logging_mixin.py:190} INFO - [2025-04-23T04:41:11.978+0100] {dag.py:3239} INFO - Sync 1 DAGs
[2025-04-23T04:41:11.981+0100] {logging_mixin.py:190} INFO - [2025-04-23T04:41:11.981+0100] {dag.py:4180} INFO - Setting next_dagrun for example_setup_teardown to None, run_after=None
[2025-04-23T04:41:11.986+0100] {processor.py:208} INFO - Processing /Users/francisayanbadejo/venvs_projects/my_proj/lib/python3.9/site-packages/airflow/example_dags/example_setup_teardown.py took 0.044 seconds
[2025-04-23T04:42:59.241+0100] {processor.py:186} INFO - Started process (PID=72943) to work on /Users/francisayanbadejo/venvs_projects/my_proj/lib/python3.9/site-packages/airflow/example_dags/example_setup_teardown.py
[2025-04-23T04:42:59.242+0100] {processor.py:914} INFO - Processing file /Users/francisayanbadejo/venvs_projects/my_proj/lib/python3.9/site-packages/airflow/example_dags/example_setup_teardown.py for tasks to queue
[2025-04-23T04:42:59.243+0100] {logging_mixin.py:190} INFO - [2025-04-23T04:42:59.243+0100] {dagbag.py:588} INFO - Filling up the DagBag from /Users/francisayanbadejo/venvs_projects/my_proj/lib/python3.9/site-packages/airflow/example_dags/example_setup_teardown.py
[2025-04-23T04:42:59.246+0100] {processor.py:925} INFO - DAG(s) 'example_setup_teardown' retrieved from /Users/francisayanbadejo/venvs_projects/my_proj/lib/python3.9/site-packages/airflow/example_dags/example_setup_teardown.py
[2025-04-23T04:42:59.277+0100] {logging_mixin.py:190} INFO - [2025-04-23T04:42:59.277+0100] {dag.py:3239} INFO - Sync 1 DAGs
[2025-04-23T04:42:59.280+0100] {logging_mixin.py:190} INFO - [2025-04-23T04:42:59.280+0100] {dag.py:4180} INFO - Setting next_dagrun for example_setup_teardown to None, run_after=None
[2025-04-23T04:42:59.285+0100] {processor.py:208} INFO - Processing /Users/francisayanbadejo/venvs_projects/my_proj/lib/python3.9/site-packages/airflow/example_dags/example_setup_teardown.py took 0.045 seconds
[2025-04-23T04:44:45.042+0100] {processor.py:186} INFO - Started process (PID=73121) to work on /Users/francisayanbadejo/venvs_projects/my_proj/lib/python3.9/site-packages/airflow/example_dags/example_setup_teardown.py
[2025-04-23T04:44:45.043+0100] {processor.py:914} INFO - Processing file /Users/francisayanbadejo/venvs_projects/my_proj/lib/python3.9/site-packages/airflow/example_dags/example_setup_teardown.py for tasks to queue
[2025-04-23T04:44:45.044+0100] {logging_mixin.py:190} INFO - [2025-04-23T04:44:45.044+0100] {dagbag.py:588} INFO - Filling up the DagBag from /Users/francisayanbadejo/venvs_projects/my_proj/lib/python3.9/site-packages/airflow/example_dags/example_setup_teardown.py
[2025-04-23T04:44:45.046+0100] {processor.py:925} INFO - DAG(s) 'example_setup_teardown' retrieved from /Users/francisayanbadejo/venvs_projects/my_proj/lib/python3.9/site-packages/airflow/example_dags/example_setup_teardown.py
[2025-04-23T04:44:45.076+0100] {logging_mixin.py:190} INFO - [2025-04-23T04:44:45.076+0100] {dag.py:3239} INFO - Sync 1 DAGs
[2025-04-23T04:44:45.080+0100] {logging_mixin.py:190} INFO - [2025-04-23T04:44:45.079+0100] {dag.py:4180} INFO - Setting next_dagrun for example_setup_teardown to None, run_after=None
[2025-04-23T04:44:45.084+0100] {processor.py:208} INFO - Processing /Users/francisayanbadejo/venvs_projects/my_proj/lib/python3.9/site-packages/airflow/example_dags/example_setup_teardown.py took 0.044 seconds
[2025-04-23T04:46:29.046+0100] {processor.py:186} INFO - Started process (PID=73297) to work on /Users/francisayanbadejo/venvs_projects/my_proj/lib/python3.9/site-packages/airflow/example_dags/example_setup_teardown.py
[2025-04-23T04:46:29.047+0100] {processor.py:914} INFO - Processing file /Users/francisayanbadejo/venvs_projects/my_proj/lib/python3.9/site-packages/airflow/example_dags/example_setup_teardown.py for tasks to queue
[2025-04-23T04:46:29.048+0100] {logging_mixin.py:190} INFO - [2025-04-23T04:46:29.048+0100] {dagbag.py:588} INFO - Filling up the DagBag from /Users/francisayanbadejo/venvs_projects/my_proj/lib/python3.9/site-packages/airflow/example_dags/example_setup_teardown.py
[2025-04-23T04:46:29.051+0100] {processor.py:925} INFO - DAG(s) 'example_setup_teardown' retrieved from /Users/francisayanbadejo/venvs_projects/my_proj/lib/python3.9/site-packages/airflow/example_dags/example_setup_teardown.py
[2025-04-23T04:46:29.081+0100] {logging_mixin.py:190} INFO - [2025-04-23T04:46:29.081+0100] {dag.py:3239} INFO - Sync 1 DAGs
[2025-04-23T04:46:29.084+0100] {logging_mixin.py:190} INFO - [2025-04-23T04:46:29.084+0100] {dag.py:4180} INFO - Setting next_dagrun for example_setup_teardown to None, run_after=None
[2025-04-23T04:46:29.089+0100] {processor.py:208} INFO - Processing /Users/francisayanbadejo/venvs_projects/my_proj/lib/python3.9/site-packages/airflow/example_dags/example_setup_teardown.py took 0.044 seconds
[2025-04-23T04:48:19.678+0100] {processor.py:186} INFO - Started process (PID=73452) to work on /Users/francisayanbadejo/venvs_projects/my_proj/lib/python3.9/site-packages/airflow/example_dags/example_setup_teardown.py
[2025-04-23T04:48:19.679+0100] {processor.py:914} INFO - Processing file /Users/francisayanbadejo/venvs_projects/my_proj/lib/python3.9/site-packages/airflow/example_dags/example_setup_teardown.py for tasks to queue
[2025-04-23T04:48:19.680+0100] {logging_mixin.py:190} INFO - [2025-04-23T04:48:19.679+0100] {dagbag.py:588} INFO - Filling up the DagBag from /Users/francisayanbadejo/venvs_projects/my_proj/lib/python3.9/site-packages/airflow/example_dags/example_setup_teardown.py
[2025-04-23T04:48:19.682+0100] {processor.py:925} INFO - DAG(s) 'example_setup_teardown' retrieved from /Users/francisayanbadejo/venvs_projects/my_proj/lib/python3.9/site-packages/airflow/example_dags/example_setup_teardown.py
[2025-04-23T04:48:19.712+0100] {logging_mixin.py:190} INFO - [2025-04-23T04:48:19.712+0100] {dag.py:3239} INFO - Sync 1 DAGs
[2025-04-23T04:48:19.715+0100] {logging_mixin.py:190} INFO - [2025-04-23T04:48:19.715+0100] {dag.py:4180} INFO - Setting next_dagrun for example_setup_teardown to None, run_after=None
[2025-04-23T04:48:19.727+0100] {processor.py:208} INFO - Processing /Users/francisayanbadejo/venvs_projects/my_proj/lib/python3.9/site-packages/airflow/example_dags/example_setup_teardown.py took 0.050 seconds
[2025-04-23T04:50:09.985+0100] {processor.py:186} INFO - Started process (PID=73611) to work on /Users/francisayanbadejo/venvs_projects/my_proj/lib/python3.9/site-packages/airflow/example_dags/example_setup_teardown.py
[2025-04-23T04:50:09.987+0100] {processor.py:914} INFO - Processing file /Users/francisayanbadejo/venvs_projects/my_proj/lib/python3.9/site-packages/airflow/example_dags/example_setup_teardown.py for tasks to queue
[2025-04-23T04:50:09.988+0100] {logging_mixin.py:190} INFO - [2025-04-23T04:50:09.988+0100] {dagbag.py:588} INFO - Filling up the DagBag from /Users/francisayanbadejo/venvs_projects/my_proj/lib/python3.9/site-packages/airflow/example_dags/example_setup_teardown.py
[2025-04-23T04:50:09.990+0100] {processor.py:925} INFO - DAG(s) 'example_setup_teardown' retrieved from /Users/francisayanbadejo/venvs_projects/my_proj/lib/python3.9/site-packages/airflow/example_dags/example_setup_teardown.py
[2025-04-23T04:50:10.022+0100] {logging_mixin.py:190} INFO - [2025-04-23T04:50:10.022+0100] {dag.py:3239} INFO - Sync 1 DAGs
[2025-04-23T04:50:10.025+0100] {logging_mixin.py:190} INFO - [2025-04-23T04:50:10.025+0100] {dag.py:4180} INFO - Setting next_dagrun for example_setup_teardown to None, run_after=None
[2025-04-23T04:50:10.030+0100] {processor.py:208} INFO - Processing /Users/francisayanbadejo/venvs_projects/my_proj/lib/python3.9/site-packages/airflow/example_dags/example_setup_teardown.py took 0.046 seconds
[2025-04-23T04:52:00.156+0100] {processor.py:186} INFO - Started process (PID=73776) to work on /Users/francisayanbadejo/venvs_projects/my_proj/lib/python3.9/site-packages/airflow/example_dags/example_setup_teardown.py
[2025-04-23T04:52:00.157+0100] {processor.py:914} INFO - Processing file /Users/francisayanbadejo/venvs_projects/my_proj/lib/python3.9/site-packages/airflow/example_dags/example_setup_teardown.py for tasks to queue
[2025-04-23T04:52:00.158+0100] {logging_mixin.py:190} INFO - [2025-04-23T04:52:00.158+0100] {dagbag.py:588} INFO - Filling up the DagBag from /Users/francisayanbadejo/venvs_projects/my_proj/lib/python3.9/site-packages/airflow/example_dags/example_setup_teardown.py
[2025-04-23T04:52:00.160+0100] {processor.py:925} INFO - DAG(s) 'example_setup_teardown' retrieved from /Users/francisayanbadejo/venvs_projects/my_proj/lib/python3.9/site-packages/airflow/example_dags/example_setup_teardown.py
[2025-04-23T04:52:00.192+0100] {logging_mixin.py:190} INFO - [2025-04-23T04:52:00.192+0100] {dag.py:3239} INFO - Sync 1 DAGs
[2025-04-23T04:52:00.195+0100] {logging_mixin.py:190} INFO - [2025-04-23T04:52:00.195+0100] {dag.py:4180} INFO - Setting next_dagrun for example_setup_teardown to None, run_after=None
[2025-04-23T04:52:00.200+0100] {processor.py:208} INFO - Processing /Users/francisayanbadejo/venvs_projects/my_proj/lib/python3.9/site-packages/airflow/example_dags/example_setup_teardown.py took 0.046 seconds
[2025-04-23T04:53:58.684+0100] {processor.py:186} INFO - Started process (PID=74062) to work on /Users/francisayanbadejo/venvs_projects/my_proj/lib/python3.9/site-packages/airflow/example_dags/example_setup_teardown.py
[2025-04-23T04:53:58.685+0100] {processor.py:914} INFO - Processing file /Users/francisayanbadejo/venvs_projects/my_proj/lib/python3.9/site-packages/airflow/example_dags/example_setup_teardown.py for tasks to queue
[2025-04-23T04:53:58.686+0100] {logging_mixin.py:190} INFO - [2025-04-23T04:53:58.686+0100] {dagbag.py:588} INFO - Filling up the DagBag from /Users/francisayanbadejo/venvs_projects/my_proj/lib/python3.9/site-packages/airflow/example_dags/example_setup_teardown.py
[2025-04-23T04:53:58.689+0100] {processor.py:925} INFO - DAG(s) 'example_setup_teardown' retrieved from /Users/francisayanbadejo/venvs_projects/my_proj/lib/python3.9/site-packages/airflow/example_dags/example_setup_teardown.py
[2025-04-23T04:53:58.721+0100] {logging_mixin.py:190} INFO - [2025-04-23T04:53:58.721+0100] {dag.py:3239} INFO - Sync 1 DAGs
[2025-04-23T04:53:58.724+0100] {logging_mixin.py:190} INFO - [2025-04-23T04:53:58.724+0100] {dag.py:4180} INFO - Setting next_dagrun for example_setup_teardown to None, run_after=None
[2025-04-23T04:53:58.729+0100] {processor.py:208} INFO - Processing /Users/francisayanbadejo/venvs_projects/my_proj/lib/python3.9/site-packages/airflow/example_dags/example_setup_teardown.py took 0.047 seconds
[2025-04-23T04:55:51.530+0100] {processor.py:186} INFO - Started process (PID=74316) to work on /Users/francisayanbadejo/venvs_projects/my_proj/lib/python3.9/site-packages/airflow/example_dags/example_setup_teardown.py
[2025-04-23T04:55:51.531+0100] {processor.py:914} INFO - Processing file /Users/francisayanbadejo/venvs_projects/my_proj/lib/python3.9/site-packages/airflow/example_dags/example_setup_teardown.py for tasks to queue
[2025-04-23T04:55:51.532+0100] {logging_mixin.py:190} INFO - [2025-04-23T04:55:51.532+0100] {dagbag.py:588} INFO - Filling up the DagBag from /Users/francisayanbadejo/venvs_projects/my_proj/lib/python3.9/site-packages/airflow/example_dags/example_setup_teardown.py
[2025-04-23T04:55:51.534+0100] {processor.py:925} INFO - DAG(s) 'example_setup_teardown' retrieved from /Users/francisayanbadejo/venvs_projects/my_proj/lib/python3.9/site-packages/airflow/example_dags/example_setup_teardown.py
[2025-04-23T04:55:51.566+0100] {logging_mixin.py:190} INFO - [2025-04-23T04:55:51.566+0100] {dag.py:3239} INFO - Sync 1 DAGs
[2025-04-23T04:55:51.570+0100] {logging_mixin.py:190} INFO - [2025-04-23T04:55:51.570+0100] {dag.py:4180} INFO - Setting next_dagrun for example_setup_teardown to None, run_after=None
[2025-04-23T04:55:51.575+0100] {processor.py:208} INFO - Processing /Users/francisayanbadejo/venvs_projects/my_proj/lib/python3.9/site-packages/airflow/example_dags/example_setup_teardown.py took 0.046 seconds
[2025-04-23T04:57:44.244+0100] {processor.py:186} INFO - Started process (PID=74636) to work on /Users/francisayanbadejo/venvs_projects/my_proj/lib/python3.9/site-packages/airflow/example_dags/example_setup_teardown.py
[2025-04-23T04:57:44.245+0100] {processor.py:914} INFO - Processing file /Users/francisayanbadejo/venvs_projects/my_proj/lib/python3.9/site-packages/airflow/example_dags/example_setup_teardown.py for tasks to queue
[2025-04-23T04:57:44.246+0100] {logging_mixin.py:190} INFO - [2025-04-23T04:57:44.246+0100] {dagbag.py:588} INFO - Filling up the DagBag from /Users/francisayanbadejo/venvs_projects/my_proj/lib/python3.9/site-packages/airflow/example_dags/example_setup_teardown.py
[2025-04-23T04:57:44.248+0100] {processor.py:925} INFO - DAG(s) 'example_setup_teardown' retrieved from /Users/francisayanbadejo/venvs_projects/my_proj/lib/python3.9/site-packages/airflow/example_dags/example_setup_teardown.py
[2025-04-23T04:57:44.280+0100] {logging_mixin.py:190} INFO - [2025-04-23T04:57:44.280+0100] {dag.py:3239} INFO - Sync 1 DAGs
[2025-04-23T04:57:44.283+0100] {logging_mixin.py:190} INFO - [2025-04-23T04:57:44.283+0100] {dag.py:4180} INFO - Setting next_dagrun for example_setup_teardown to None, run_after=None
[2025-04-23T04:57:44.288+0100] {processor.py:208} INFO - Processing /Users/francisayanbadejo/venvs_projects/my_proj/lib/python3.9/site-packages/airflow/example_dags/example_setup_teardown.py took 0.045 seconds
[2025-04-23T04:59:32.949+0100] {processor.py:186} INFO - Started process (PID=74878) to work on /Users/francisayanbadejo/venvs_projects/my_proj/lib/python3.9/site-packages/airflow/example_dags/example_setup_teardown.py
[2025-04-23T04:59:32.950+0100] {processor.py:914} INFO - Processing file /Users/francisayanbadejo/venvs_projects/my_proj/lib/python3.9/site-packages/airflow/example_dags/example_setup_teardown.py for tasks to queue
[2025-04-23T04:59:32.951+0100] {logging_mixin.py:190} INFO - [2025-04-23T04:59:32.951+0100] {dagbag.py:588} INFO - Filling up the DagBag from /Users/francisayanbadejo/venvs_projects/my_proj/lib/python3.9/site-packages/airflow/example_dags/example_setup_teardown.py
[2025-04-23T04:59:32.954+0100] {processor.py:925} INFO - DAG(s) 'example_setup_teardown' retrieved from /Users/francisayanbadejo/venvs_projects/my_proj/lib/python3.9/site-packages/airflow/example_dags/example_setup_teardown.py
[2025-04-23T04:59:32.986+0100] {logging_mixin.py:190} INFO - [2025-04-23T04:59:32.986+0100] {dag.py:3239} INFO - Sync 1 DAGs
[2025-04-23T04:59:32.989+0100] {logging_mixin.py:190} INFO - [2025-04-23T04:59:32.989+0100] {dag.py:4180} INFO - Setting next_dagrun for example_setup_teardown to None, run_after=None
[2025-04-23T04:59:32.994+0100] {processor.py:208} INFO - Processing /Users/francisayanbadejo/venvs_projects/my_proj/lib/python3.9/site-packages/airflow/example_dags/example_setup_teardown.py took 0.046 seconds
[2025-04-23T05:01:20.521+0100] {processor.py:186} INFO - Started process (PID=75111) to work on /Users/francisayanbadejo/venvs_projects/my_proj/lib/python3.9/site-packages/airflow/example_dags/example_setup_teardown.py
[2025-04-23T05:01:20.523+0100] {processor.py:914} INFO - Processing file /Users/francisayanbadejo/venvs_projects/my_proj/lib/python3.9/site-packages/airflow/example_dags/example_setup_teardown.py for tasks to queue
[2025-04-23T05:01:20.523+0100] {logging_mixin.py:190} INFO - [2025-04-23T05:01:20.523+0100] {dagbag.py:588} INFO - Filling up the DagBag from /Users/francisayanbadejo/venvs_projects/my_proj/lib/python3.9/site-packages/airflow/example_dags/example_setup_teardown.py
[2025-04-23T05:01:20.526+0100] {processor.py:925} INFO - DAG(s) 'example_setup_teardown' retrieved from /Users/francisayanbadejo/venvs_projects/my_proj/lib/python3.9/site-packages/airflow/example_dags/example_setup_teardown.py
[2025-04-23T05:01:20.558+0100] {logging_mixin.py:190} INFO - [2025-04-23T05:01:20.558+0100] {dag.py:3239} INFO - Sync 1 DAGs
[2025-04-23T05:01:20.562+0100] {logging_mixin.py:190} INFO - [2025-04-23T05:01:20.562+0100] {dag.py:4180} INFO - Setting next_dagrun for example_setup_teardown to None, run_after=None
[2025-04-23T05:01:20.567+0100] {processor.py:208} INFO - Processing /Users/francisayanbadejo/venvs_projects/my_proj/lib/python3.9/site-packages/airflow/example_dags/example_setup_teardown.py took 0.047 seconds
[2025-04-23T05:03:13.444+0100] {processor.py:186} INFO - Started process (PID=75360) to work on /Users/francisayanbadejo/venvs_projects/my_proj/lib/python3.9/site-packages/airflow/example_dags/example_setup_teardown.py
[2025-04-23T05:03:13.445+0100] {processor.py:914} INFO - Processing file /Users/francisayanbadejo/venvs_projects/my_proj/lib/python3.9/site-packages/airflow/example_dags/example_setup_teardown.py for tasks to queue
[2025-04-23T05:03:13.446+0100] {logging_mixin.py:190} INFO - [2025-04-23T05:03:13.446+0100] {dagbag.py:588} INFO - Filling up the DagBag from /Users/francisayanbadejo/venvs_projects/my_proj/lib/python3.9/site-packages/airflow/example_dags/example_setup_teardown.py
[2025-04-23T05:03:13.449+0100] {processor.py:925} INFO - DAG(s) 'example_setup_teardown' retrieved from /Users/francisayanbadejo/venvs_projects/my_proj/lib/python3.9/site-packages/airflow/example_dags/example_setup_teardown.py
[2025-04-23T05:03:13.482+0100] {logging_mixin.py:190} INFO - [2025-04-23T05:03:13.482+0100] {dag.py:3239} INFO - Sync 1 DAGs
[2025-04-23T05:03:13.485+0100] {logging_mixin.py:190} INFO - [2025-04-23T05:03:13.485+0100] {dag.py:4180} INFO - Setting next_dagrun for example_setup_teardown to None, run_after=None
[2025-04-23T05:03:13.490+0100] {processor.py:208} INFO - Processing /Users/francisayanbadejo/venvs_projects/my_proj/lib/python3.9/site-packages/airflow/example_dags/example_setup_teardown.py took 0.050 seconds
[2025-04-23T05:05:03.750+0100] {processor.py:186} INFO - Started process (PID=75609) to work on /Users/francisayanbadejo/venvs_projects/my_proj/lib/python3.9/site-packages/airflow/example_dags/example_setup_teardown.py
[2025-04-23T05:05:03.751+0100] {processor.py:914} INFO - Processing file /Users/francisayanbadejo/venvs_projects/my_proj/lib/python3.9/site-packages/airflow/example_dags/example_setup_teardown.py for tasks to queue
[2025-04-23T05:05:03.752+0100] {logging_mixin.py:190} INFO - [2025-04-23T05:05:03.752+0100] {dagbag.py:588} INFO - Filling up the DagBag from /Users/francisayanbadejo/venvs_projects/my_proj/lib/python3.9/site-packages/airflow/example_dags/example_setup_teardown.py
[2025-04-23T05:05:03.754+0100] {processor.py:925} INFO - DAG(s) 'example_setup_teardown' retrieved from /Users/francisayanbadejo/venvs_projects/my_proj/lib/python3.9/site-packages/airflow/example_dags/example_setup_teardown.py
[2025-04-23T05:05:03.785+0100] {logging_mixin.py:190} INFO - [2025-04-23T05:05:03.785+0100] {dag.py:3239} INFO - Sync 1 DAGs
[2025-04-23T05:05:03.789+0100] {logging_mixin.py:190} INFO - [2025-04-23T05:05:03.789+0100] {dag.py:4180} INFO - Setting next_dagrun for example_setup_teardown to None, run_after=None
[2025-04-23T05:05:03.794+0100] {processor.py:208} INFO - Processing /Users/francisayanbadejo/venvs_projects/my_proj/lib/python3.9/site-packages/airflow/example_dags/example_setup_teardown.py took 0.045 seconds
[2025-04-23T05:06:52.307+0100] {processor.py:186} INFO - Started process (PID=75852) to work on /Users/francisayanbadejo/venvs_projects/my_proj/lib/python3.9/site-packages/airflow/example_dags/example_setup_teardown.py
[2025-04-23T05:06:52.309+0100] {processor.py:914} INFO - Processing file /Users/francisayanbadejo/venvs_projects/my_proj/lib/python3.9/site-packages/airflow/example_dags/example_setup_teardown.py for tasks to queue
[2025-04-23T05:06:52.309+0100] {logging_mixin.py:190} INFO - [2025-04-23T05:06:52.309+0100] {dagbag.py:588} INFO - Filling up the DagBag from /Users/francisayanbadejo/venvs_projects/my_proj/lib/python3.9/site-packages/airflow/example_dags/example_setup_teardown.py
[2025-04-23T05:06:52.312+0100] {processor.py:925} INFO - DAG(s) 'example_setup_teardown' retrieved from /Users/francisayanbadejo/venvs_projects/my_proj/lib/python3.9/site-packages/airflow/example_dags/example_setup_teardown.py
[2025-04-23T05:06:52.344+0100] {logging_mixin.py:190} INFO - [2025-04-23T05:06:52.344+0100] {dag.py:3239} INFO - Sync 1 DAGs
[2025-04-23T05:06:52.347+0100] {logging_mixin.py:190} INFO - [2025-04-23T05:06:52.347+0100] {dag.py:4180} INFO - Setting next_dagrun for example_setup_teardown to None, run_after=None
[2025-04-23T05:06:52.352+0100] {processor.py:208} INFO - Processing /Users/francisayanbadejo/venvs_projects/my_proj/lib/python3.9/site-packages/airflow/example_dags/example_setup_teardown.py took 0.046 seconds
[2025-04-23T05:08:47.453+0100] {processor.py:186} INFO - Started process (PID=76151) to work on /Users/francisayanbadejo/venvs_projects/my_proj/lib/python3.9/site-packages/airflow/example_dags/example_setup_teardown.py
[2025-04-23T05:08:47.455+0100] {processor.py:914} INFO - Processing file /Users/francisayanbadejo/venvs_projects/my_proj/lib/python3.9/site-packages/airflow/example_dags/example_setup_teardown.py for tasks to queue
[2025-04-23T05:08:47.455+0100] {logging_mixin.py:190} INFO - [2025-04-23T05:08:47.455+0100] {dagbag.py:588} INFO - Filling up the DagBag from /Users/francisayanbadejo/venvs_projects/my_proj/lib/python3.9/site-packages/airflow/example_dags/example_setup_teardown.py
[2025-04-23T05:08:47.458+0100] {processor.py:925} INFO - DAG(s) 'example_setup_teardown' retrieved from /Users/francisayanbadejo/venvs_projects/my_proj/lib/python3.9/site-packages/airflow/example_dags/example_setup_teardown.py
[2025-04-23T05:08:47.490+0100] {logging_mixin.py:190} INFO - [2025-04-23T05:08:47.490+0100] {dag.py:3239} INFO - Sync 1 DAGs
[2025-04-23T05:08:47.493+0100] {logging_mixin.py:190} INFO - [2025-04-23T05:08:47.493+0100] {dag.py:4180} INFO - Setting next_dagrun for example_setup_teardown to None, run_after=None
[2025-04-23T05:08:47.498+0100] {processor.py:208} INFO - Processing /Users/francisayanbadejo/venvs_projects/my_proj/lib/python3.9/site-packages/airflow/example_dags/example_setup_teardown.py took 0.047 seconds
[2025-04-23T05:18:53.450+0100] {processor.py:186} INFO - Started process (PID=77348) to work on /Users/francisayanbadejo/venvs_projects/my_proj/lib/python3.9/site-packages/airflow/example_dags/example_setup_teardown.py
[2025-04-23T05:18:53.452+0100] {processor.py:914} INFO - Processing file /Users/francisayanbadejo/venvs_projects/my_proj/lib/python3.9/site-packages/airflow/example_dags/example_setup_teardown.py for tasks to queue
[2025-04-23T05:18:53.453+0100] {logging_mixin.py:190} INFO - [2025-04-23T05:18:53.453+0100] {dagbag.py:588} INFO - Filling up the DagBag from /Users/francisayanbadejo/venvs_projects/my_proj/lib/python3.9/site-packages/airflow/example_dags/example_setup_teardown.py
[2025-04-23T05:18:53.455+0100] {processor.py:925} INFO - DAG(s) 'example_setup_teardown' retrieved from /Users/francisayanbadejo/venvs_projects/my_proj/lib/python3.9/site-packages/airflow/example_dags/example_setup_teardown.py
[2025-04-23T05:18:53.487+0100] {logging_mixin.py:190} INFO - [2025-04-23T05:18:53.487+0100] {dag.py:3239} INFO - Sync 1 DAGs
[2025-04-23T05:18:53.490+0100] {logging_mixin.py:190} INFO - [2025-04-23T05:18:53.490+0100] {dag.py:4180} INFO - Setting next_dagrun for example_setup_teardown to None, run_after=None
[2025-04-23T05:18:53.495+0100] {processor.py:208} INFO - Processing /Users/francisayanbadejo/venvs_projects/my_proj/lib/python3.9/site-packages/airflow/example_dags/example_setup_teardown.py took 0.046 seconds
[2025-04-23T05:20:22.982+0100] {processor.py:186} INFO - Started process (PID=77503) to work on /Users/francisayanbadejo/venvs_projects/my_proj/lib/python3.9/site-packages/airflow/example_dags/example_setup_teardown.py
[2025-04-23T05:20:22.983+0100] {processor.py:914} INFO - Processing file /Users/francisayanbadejo/venvs_projects/my_proj/lib/python3.9/site-packages/airflow/example_dags/example_setup_teardown.py for tasks to queue
[2025-04-23T05:20:22.984+0100] {logging_mixin.py:190} INFO - [2025-04-23T05:20:22.984+0100] {dagbag.py:588} INFO - Filling up the DagBag from /Users/francisayanbadejo/venvs_projects/my_proj/lib/python3.9/site-packages/airflow/example_dags/example_setup_teardown.py
[2025-04-23T05:20:22.986+0100] {processor.py:925} INFO - DAG(s) 'example_setup_teardown' retrieved from /Users/francisayanbadejo/venvs_projects/my_proj/lib/python3.9/site-packages/airflow/example_dags/example_setup_teardown.py
[2025-04-23T05:20:23.017+0100] {logging_mixin.py:190} INFO - [2025-04-23T05:20:23.017+0100] {dag.py:3239} INFO - Sync 1 DAGs
[2025-04-23T05:20:23.020+0100] {logging_mixin.py:190} INFO - [2025-04-23T05:20:23.020+0100] {dag.py:4180} INFO - Setting next_dagrun for example_setup_teardown to None, run_after=None
[2025-04-23T05:20:23.025+0100] {processor.py:208} INFO - Processing /Users/francisayanbadejo/venvs_projects/my_proj/lib/python3.9/site-packages/airflow/example_dags/example_setup_teardown.py took 0.045 seconds
[2025-04-23T12:30:26.033+0100] {processor.py:186} INFO - Started process (PID=86403) to work on /Users/francisayanbadejo/venvs_projects/my_proj/lib/python3.9/site-packages/airflow/example_dags/example_setup_teardown.py
[2025-04-23T12:30:26.034+0100] {processor.py:914} INFO - Processing file /Users/francisayanbadejo/venvs_projects/my_proj/lib/python3.9/site-packages/airflow/example_dags/example_setup_teardown.py for tasks to queue
[2025-04-23T12:30:26.035+0100] {logging_mixin.py:190} INFO - [2025-04-23T12:30:26.035+0100] {dagbag.py:588} INFO - Filling up the DagBag from /Users/francisayanbadejo/venvs_projects/my_proj/lib/python3.9/site-packages/airflow/example_dags/example_setup_teardown.py
[2025-04-23T12:30:26.039+0100] {processor.py:925} INFO - DAG(s) 'example_setup_teardown' retrieved from /Users/francisayanbadejo/venvs_projects/my_proj/lib/python3.9/site-packages/airflow/example_dags/example_setup_teardown.py
[2025-04-23T12:30:26.072+0100] {logging_mixin.py:190} INFO - [2025-04-23T12:30:26.072+0100] {dag.py:3239} INFO - Sync 1 DAGs
[2025-04-23T12:30:26.075+0100] {logging_mixin.py:190} INFO - [2025-04-23T12:30:26.075+0100] {dag.py:4180} INFO - Setting next_dagrun for example_setup_teardown to None, run_after=None
[2025-04-23T12:30:26.081+0100] {processor.py:208} INFO - Processing /Users/francisayanbadejo/venvs_projects/my_proj/lib/python3.9/site-packages/airflow/example_dags/example_setup_teardown.py took 0.049 seconds
