[2025-04-23T02:28:38.667+0100] {processor.py:186} INFO - Started process (PID=57664) to work on /Users/francisayanbadejo/venvs_projects/my_proj/lib/python3.9/site-packages/airflow/example_dags/example_short_circuit_decorator.py
[2025-04-23T02:28:38.668+0100] {processor.py:914} INFO - Processing file /Users/francisayanbadejo/venvs_projects/my_proj/lib/python3.9/site-packages/airflow/example_dags/example_short_circuit_decorator.py for tasks to queue
[2025-04-23T02:28:38.668+0100] {logging_mixin.py:190} INFO - [2025-04-23T02:28:38.668+0100] {dagbag.py:588} INFO - Filling up the DagBag from /Users/francisayanbadejo/venvs_projects/my_proj/lib/python3.9/site-packages/airflow/example_dags/example_short_circuit_decorator.py
[2025-04-23T02:28:38.679+0100] {processor.py:925} INFO - DAG(s) 'example_short_circuit_decorator' retrieved from /Users/francisayanbadejo/venvs_projects/my_proj/lib/python3.9/site-packages/airflow/example_dags/example_short_circuit_decorator.py
[2025-04-23T02:28:38.735+0100] {logging_mixin.py:190} INFO - [2025-04-23T02:28:38.735+0100] {override.py:1930} INFO - Created Permission View: can edit on DAG:example_short_circuit_decorator
[2025-04-23T02:28:38.737+0100] {logging_mixin.py:190} INFO - [2025-04-23T02:28:38.737+0100] {override.py:1930} INFO - Created Permission View: can delete on DAG:example_short_circuit_decorator
[2025-04-23T02:28:38.739+0100] {logging_mixin.py:190} INFO - [2025-04-23T02:28:38.738+0100] {override.py:1930} INFO - Created Permission View: can read on DAG:example_short_circuit_decorator
[2025-04-23T02:28:38.740+0100] {logging_mixin.py:190} INFO - [2025-04-23T02:28:38.740+0100] {override.py:1930} INFO - Created Permission View: can delete on DAG Run:example_short_circuit_decorator
[2025-04-23T02:28:38.742+0100] {logging_mixin.py:190} INFO - [2025-04-23T02:28:38.742+0100] {override.py:1930} INFO - Created Permission View: menu access on DAG Run:example_short_circuit_decorator
[2025-04-23T02:28:38.743+0100] {logging_mixin.py:190} INFO - [2025-04-23T02:28:38.743+0100] {override.py:1930} INFO - Created Permission View: can create on DAG Run:example_short_circuit_decorator
[2025-04-23T02:28:38.744+0100] {logging_mixin.py:190} INFO - [2025-04-23T02:28:38.744+0100] {override.py:1930} INFO - Created Permission View: can read on DAG Run:example_short_circuit_decorator
[2025-04-23T02:28:38.744+0100] {logging_mixin.py:190} INFO - [2025-04-23T02:28:38.744+0100] {dag.py:3239} INFO - Sync 1 DAGs
[2025-04-23T02:28:38.748+0100] {logging_mixin.py:190} INFO - [2025-04-23T02:28:38.748+0100] {dag.py:3262} INFO - Creating ORM DAG for example_short_circuit_decorator
[2025-04-23T02:28:38.748+0100] {logging_mixin.py:190} INFO - [2025-04-23T02:28:38.748+0100] {dag.py:4180} INFO - Setting next_dagrun for example_short_circuit_decorator to None, run_after=None
[2025-04-23T02:28:38.752+0100] {processor.py:208} INFO - Processing /Users/francisayanbadejo/venvs_projects/my_proj/lib/python3.9/site-packages/airflow/example_dags/example_short_circuit_decorator.py took 0.087 seconds
[2025-04-23T02:30:05.224+0100] {processor.py:186} INFO - Started process (PID=57848) to work on /Users/francisayanbadejo/venvs_projects/my_proj/lib/python3.9/site-packages/airflow/example_dags/example_short_circuit_decorator.py
[2025-04-23T02:30:05.225+0100] {processor.py:914} INFO - Processing file /Users/francisayanbadejo/venvs_projects/my_proj/lib/python3.9/site-packages/airflow/example_dags/example_short_circuit_decorator.py for tasks to queue
[2025-04-23T02:30:05.226+0100] {logging_mixin.py:190} INFO - [2025-04-23T02:30:05.226+0100] {dagbag.py:588} INFO - Filling up the DagBag from /Users/francisayanbadejo/venvs_projects/my_proj/lib/python3.9/site-packages/airflow/example_dags/example_short_circuit_decorator.py
[2025-04-23T02:30:05.237+0100] {processor.py:925} INFO - DAG(s) 'example_short_circuit_decorator' retrieved from /Users/francisayanbadejo/venvs_projects/my_proj/lib/python3.9/site-packages/airflow/example_dags/example_short_circuit_decorator.py
[2025-04-23T02:30:05.270+0100] {logging_mixin.py:190} INFO - [2025-04-23T02:30:05.270+0100] {dag.py:3239} INFO - Sync 1 DAGs
[2025-04-23T02:30:05.274+0100] {logging_mixin.py:190} INFO - [2025-04-23T02:30:05.274+0100] {dag.py:4180} INFO - Setting next_dagrun for example_short_circuit_decorator to None, run_after=None
[2025-04-23T02:30:05.279+0100] {processor.py:208} INFO - Processing /Users/francisayanbadejo/venvs_projects/my_proj/lib/python3.9/site-packages/airflow/example_dags/example_short_circuit_decorator.py took 0.056 seconds
[2025-04-23T02:31:53.305+0100] {processor.py:186} INFO - Started process (PID=58047) to work on /Users/francisayanbadejo/venvs_projects/my_proj/lib/python3.9/site-packages/airflow/example_dags/example_short_circuit_decorator.py
[2025-04-23T02:31:53.307+0100] {processor.py:914} INFO - Processing file /Users/francisayanbadejo/venvs_projects/my_proj/lib/python3.9/site-packages/airflow/example_dags/example_short_circuit_decorator.py for tasks to queue
[2025-04-23T02:31:53.308+0100] {logging_mixin.py:190} INFO - [2025-04-23T02:31:53.308+0100] {dagbag.py:588} INFO - Filling up the DagBag from /Users/francisayanbadejo/venvs_projects/my_proj/lib/python3.9/site-packages/airflow/example_dags/example_short_circuit_decorator.py
[2025-04-23T02:31:53.318+0100] {processor.py:925} INFO - DAG(s) 'example_short_circuit_decorator' retrieved from /Users/francisayanbadejo/venvs_projects/my_proj/lib/python3.9/site-packages/airflow/example_dags/example_short_circuit_decorator.py
[2025-04-23T02:31:53.351+0100] {logging_mixin.py:190} INFO - [2025-04-23T02:31:53.351+0100] {dag.py:3239} INFO - Sync 1 DAGs
[2025-04-23T02:31:53.354+0100] {logging_mixin.py:190} INFO - [2025-04-23T02:31:53.354+0100] {dag.py:4180} INFO - Setting next_dagrun for example_short_circuit_decorator to None, run_after=None
[2025-04-23T02:31:53.359+0100] {processor.py:208} INFO - Processing /Users/francisayanbadejo/venvs_projects/my_proj/lib/python3.9/site-packages/airflow/example_dags/example_short_circuit_decorator.py took 0.055 seconds
[2025-04-23T02:33:41.960+0100] {processor.py:186} INFO - Started process (PID=58292) to work on /Users/francisayanbadejo/venvs_projects/my_proj/lib/python3.9/site-packages/airflow/example_dags/example_short_circuit_decorator.py
[2025-04-23T02:33:41.962+0100] {processor.py:914} INFO - Processing file /Users/francisayanbadejo/venvs_projects/my_proj/lib/python3.9/site-packages/airflow/example_dags/example_short_circuit_decorator.py for tasks to queue
[2025-04-23T02:33:41.963+0100] {logging_mixin.py:190} INFO - [2025-04-23T02:33:41.963+0100] {dagbag.py:588} INFO - Filling up the DagBag from /Users/francisayanbadejo/venvs_projects/my_proj/lib/python3.9/site-packages/airflow/example_dags/example_short_circuit_decorator.py
[2025-04-23T02:33:41.973+0100] {processor.py:925} INFO - DAG(s) 'example_short_circuit_decorator' retrieved from /Users/francisayanbadejo/venvs_projects/my_proj/lib/python3.9/site-packages/airflow/example_dags/example_short_circuit_decorator.py
[2025-04-23T02:33:42.004+0100] {logging_mixin.py:190} INFO - [2025-04-23T02:33:42.004+0100] {dag.py:3239} INFO - Sync 1 DAGs
[2025-04-23T02:33:42.008+0100] {logging_mixin.py:190} INFO - [2025-04-23T02:33:42.008+0100] {dag.py:4180} INFO - Setting next_dagrun for example_short_circuit_decorator to None, run_after=None
[2025-04-23T02:33:42.012+0100] {processor.py:208} INFO - Processing /Users/francisayanbadejo/venvs_projects/my_proj/lib/python3.9/site-packages/airflow/example_dags/example_short_circuit_decorator.py took 0.053 seconds
[2025-04-23T02:34:29.750+0100] {processor.py:186} INFO - Started process (PID=58476) to work on /Users/francisayanbadejo/venvs_projects/my_proj/lib/python3.9/site-packages/airflow/example_dags/example_short_circuit_decorator.py
[2025-04-23T02:34:29.751+0100] {processor.py:914} INFO - Processing file /Users/francisayanbadejo/venvs_projects/my_proj/lib/python3.9/site-packages/airflow/example_dags/example_short_circuit_decorator.py for tasks to queue
[2025-04-23T02:34:29.752+0100] {logging_mixin.py:190} INFO - [2025-04-23T02:34:29.752+0100] {dagbag.py:588} INFO - Filling up the DagBag from /Users/francisayanbadejo/venvs_projects/my_proj/lib/python3.9/site-packages/airflow/example_dags/example_short_circuit_decorator.py
[2025-04-23T02:34:29.762+0100] {processor.py:925} INFO - DAG(s) 'example_short_circuit_decorator' retrieved from /Users/francisayanbadejo/venvs_projects/my_proj/lib/python3.9/site-packages/airflow/example_dags/example_short_circuit_decorator.py
[2025-04-23T02:34:29.793+0100] {logging_mixin.py:190} INFO - [2025-04-23T02:34:29.793+0100] {dag.py:3239} INFO - Sync 1 DAGs
[2025-04-23T02:34:29.797+0100] {logging_mixin.py:190} INFO - [2025-04-23T02:34:29.797+0100] {dag.py:4180} INFO - Setting next_dagrun for example_short_circuit_decorator to None, run_after=None
[2025-04-23T02:34:29.801+0100] {processor.py:208} INFO - Processing /Users/francisayanbadejo/venvs_projects/my_proj/lib/python3.9/site-packages/airflow/example_dags/example_short_circuit_decorator.py took 0.053 seconds
[2025-04-23T02:35:53.000+0100] {processor.py:186} INFO - Started process (PID=58596) to work on /Users/francisayanbadejo/venvs_projects/my_proj/lib/python3.9/site-packages/airflow/example_dags/example_short_circuit_decorator.py
[2025-04-23T02:35:53.001+0100] {processor.py:914} INFO - Processing file /Users/francisayanbadejo/venvs_projects/my_proj/lib/python3.9/site-packages/airflow/example_dags/example_short_circuit_decorator.py for tasks to queue
[2025-04-23T02:35:53.002+0100] {logging_mixin.py:190} INFO - [2025-04-23T02:35:53.002+0100] {dagbag.py:588} INFO - Filling up the DagBag from /Users/francisayanbadejo/venvs_projects/my_proj/lib/python3.9/site-packages/airflow/example_dags/example_short_circuit_decorator.py
[2025-04-23T02:35:53.013+0100] {processor.py:925} INFO - DAG(s) 'example_short_circuit_decorator' retrieved from /Users/francisayanbadejo/venvs_projects/my_proj/lib/python3.9/site-packages/airflow/example_dags/example_short_circuit_decorator.py
[2025-04-23T02:35:53.044+0100] {logging_mixin.py:190} INFO - [2025-04-23T02:35:53.044+0100] {dag.py:3239} INFO - Sync 1 DAGs
[2025-04-23T02:35:53.047+0100] {logging_mixin.py:190} INFO - [2025-04-23T02:35:53.047+0100] {dag.py:4180} INFO - Setting next_dagrun for example_short_circuit_decorator to None, run_after=None
[2025-04-23T02:35:53.052+0100] {processor.py:208} INFO - Processing /Users/francisayanbadejo/venvs_projects/my_proj/lib/python3.9/site-packages/airflow/example_dags/example_short_circuit_decorator.py took 0.053 seconds
[2025-04-23T02:37:41.446+0100] {processor.py:186} INFO - Started process (PID=58788) to work on /Users/francisayanbadejo/venvs_projects/my_proj/lib/python3.9/site-packages/airflow/example_dags/example_short_circuit_decorator.py
[2025-04-23T02:37:41.447+0100] {processor.py:914} INFO - Processing file /Users/francisayanbadejo/venvs_projects/my_proj/lib/python3.9/site-packages/airflow/example_dags/example_short_circuit_decorator.py for tasks to queue
[2025-04-23T02:37:41.448+0100] {logging_mixin.py:190} INFO - [2025-04-23T02:37:41.448+0100] {dagbag.py:588} INFO - Filling up the DagBag from /Users/francisayanbadejo/venvs_projects/my_proj/lib/python3.9/site-packages/airflow/example_dags/example_short_circuit_decorator.py
[2025-04-23T02:37:41.459+0100] {processor.py:925} INFO - DAG(s) 'example_short_circuit_decorator' retrieved from /Users/francisayanbadejo/venvs_projects/my_proj/lib/python3.9/site-packages/airflow/example_dags/example_short_circuit_decorator.py
[2025-04-23T02:37:41.492+0100] {logging_mixin.py:190} INFO - [2025-04-23T02:37:41.492+0100] {dag.py:3239} INFO - Sync 1 DAGs
[2025-04-23T02:37:41.495+0100] {logging_mixin.py:190} INFO - [2025-04-23T02:37:41.495+0100] {dag.py:4180} INFO - Setting next_dagrun for example_short_circuit_decorator to None, run_after=None
[2025-04-23T02:37:41.500+0100] {processor.py:208} INFO - Processing /Users/francisayanbadejo/venvs_projects/my_proj/lib/python3.9/site-packages/airflow/example_dags/example_short_circuit_decorator.py took 0.055 seconds
