[2025-04-23T03:41:39.994+0100] {processor.py:186} INFO - Started process (PID=63430) to work on /Users/francisayanbadejo/venvs_projects/my_proj/lib/python3.9/site-packages/airflow/example_dags/example_latest_only_with_trigger.py
[2025-04-23T03:41:39.995+0100] {processor.py:914} INFO - Processing file /Users/francisayanbadejo/venvs_projects/my_proj/lib/python3.9/site-packages/airflow/example_dags/example_latest_only_with_trigger.py for tasks to queue
[2025-04-23T03:41:39.995+0100] {logging_mixin.py:190} INFO - [2025-04-23T03:41:39.995+0100] {dagbag.py:588} INFO - Filling up the DagBag from /Users/francisayanbadejo/venvs_projects/my_proj/lib/python3.9/site-packages/airflow/example_dags/example_latest_only_with_trigger.py
[2025-04-23T03:41:39.998+0100] {processor.py:925} INFO - DAG(s) 'latest_only_with_trigger' retrieved from /Users/francisayanbadejo/venvs_projects/my_proj/lib/python3.9/site-packages/airflow/example_dags/example_latest_only_with_trigger.py
[2025-04-23T03:41:40.056+0100] {logging_mixin.py:190} INFO - [2025-04-23T03:41:40.056+0100] {override.py:1930} INFO - Created Permission View: can edit on DAG:latest_only_with_trigger
[2025-04-23T03:41:40.059+0100] {logging_mixin.py:190} INFO - [2025-04-23T03:41:40.059+0100] {override.py:1930} INFO - Created Permission View: can delete on DAG:latest_only_with_trigger
[2025-04-23T03:41:40.061+0100] {logging_mixin.py:190} INFO - [2025-04-23T03:41:40.061+0100] {override.py:1930} INFO - Created Permission View: can read on DAG:latest_only_with_trigger
[2025-04-23T03:41:40.063+0100] {logging_mixin.py:190} INFO - [2025-04-23T03:41:40.063+0100] {override.py:1930} INFO - Created Permission View: can create on DAG Run:latest_only_with_trigger
[2025-04-23T03:41:40.064+0100] {logging_mixin.py:190} INFO - [2025-04-23T03:41:40.064+0100] {override.py:1930} INFO - Created Permission View: menu access on DAG Run:latest_only_with_trigger
[2025-04-23T03:41:40.066+0100] {logging_mixin.py:190} INFO - [2025-04-23T03:41:40.065+0100] {override.py:1930} INFO - Created Permission View: can delete on DAG Run:latest_only_with_trigger
[2025-04-23T03:41:40.067+0100] {logging_mixin.py:190} INFO - [2025-04-23T03:41:40.067+0100] {override.py:1930} INFO - Created Permission View: can read on DAG Run:latest_only_with_trigger
[2025-04-23T03:41:40.067+0100] {logging_mixin.py:190} INFO - [2025-04-23T03:41:40.067+0100] {dag.py:3239} INFO - Sync 1 DAGs
[2025-04-23T03:41:40.071+0100] {logging_mixin.py:190} INFO - [2025-04-23T03:41:40.071+0100] {dag.py:3262} INFO - Creating ORM DAG for latest_only_with_trigger
[2025-04-23T03:41:40.075+0100] {logging_mixin.py:190} INFO - [2025-04-23T03:41:40.075+0100] {dag.py:4180} INFO - Setting next_dagrun for latest_only_with_trigger to 2025-04-22 20:00:00+00:00, run_after=2025-04-23 00:00:00+00:00
[2025-04-23T03:41:40.081+0100] {processor.py:208} INFO - Processing /Users/francisayanbadejo/venvs_projects/my_proj/lib/python3.9/site-packages/airflow/example_dags/example_latest_only_with_trigger.py took 0.088 seconds
[2025-04-23T03:45:02.713+0100] {processor.py:186} INFO - Started process (PID=64353) to work on /Users/francisayanbadejo/venvs_projects/my_proj/lib/python3.9/site-packages/airflow/example_dags/example_latest_only_with_trigger.py
[2025-04-23T03:45:02.715+0100] {processor.py:914} INFO - Processing file /Users/francisayanbadejo/venvs_projects/my_proj/lib/python3.9/site-packages/airflow/example_dags/example_latest_only_with_trigger.py for tasks to queue
[2025-04-23T03:45:02.715+0100] {logging_mixin.py:190} INFO - [2025-04-23T03:45:02.715+0100] {dagbag.py:588} INFO - Filling up the DagBag from /Users/francisayanbadejo/venvs_projects/my_proj/lib/python3.9/site-packages/airflow/example_dags/example_latest_only_with_trigger.py
[2025-04-23T03:45:02.718+0100] {processor.py:925} INFO - DAG(s) 'latest_only_with_trigger' retrieved from /Users/francisayanbadejo/venvs_projects/my_proj/lib/python3.9/site-packages/airflow/example_dags/example_latest_only_with_trigger.py
[2025-04-23T03:45:02.748+0100] {logging_mixin.py:190} INFO - [2025-04-23T03:45:02.748+0100] {dag.py:3239} INFO - Sync 1 DAGs
[2025-04-23T03:45:02.755+0100] {logging_mixin.py:190} INFO - [2025-04-23T03:45:02.755+0100] {dag.py:4180} INFO - Setting next_dagrun for latest_only_with_trigger to 2025-04-22 20:00:00+00:00, run_after=2025-04-23 00:00:00+00:00
[2025-04-23T03:45:02.759+0100] {processor.py:208} INFO - Processing /Users/francisayanbadejo/venvs_projects/my_proj/lib/python3.9/site-packages/airflow/example_dags/example_latest_only_with_trigger.py took 0.048 seconds
[2025-04-23T03:46:29.820+0100] {processor.py:186} INFO - Started process (PID=64543) to work on /Users/francisayanbadejo/venvs_projects/my_proj/lib/python3.9/site-packages/airflow/example_dags/example_latest_only_with_trigger.py
[2025-04-23T03:46:29.821+0100] {processor.py:914} INFO - Processing file /Users/francisayanbadejo/venvs_projects/my_proj/lib/python3.9/site-packages/airflow/example_dags/example_latest_only_with_trigger.py for tasks to queue
[2025-04-23T03:46:29.822+0100] {logging_mixin.py:190} INFO - [2025-04-23T03:46:29.822+0100] {dagbag.py:588} INFO - Filling up the DagBag from /Users/francisayanbadejo/venvs_projects/my_proj/lib/python3.9/site-packages/airflow/example_dags/example_latest_only_with_trigger.py
[2025-04-23T03:46:29.825+0100] {processor.py:925} INFO - DAG(s) 'latest_only_with_trigger' retrieved from /Users/francisayanbadejo/venvs_projects/my_proj/lib/python3.9/site-packages/airflow/example_dags/example_latest_only_with_trigger.py
[2025-04-23T03:46:29.857+0100] {logging_mixin.py:190} INFO - [2025-04-23T03:46:29.857+0100] {dag.py:3239} INFO - Sync 1 DAGs
[2025-04-23T03:46:29.864+0100] {logging_mixin.py:190} INFO - [2025-04-23T03:46:29.863+0100] {dag.py:4180} INFO - Setting next_dagrun for latest_only_with_trigger to 2025-04-22 20:00:00+00:00, run_after=2025-04-23 00:00:00+00:00
[2025-04-23T03:46:29.869+0100] {processor.py:208} INFO - Processing /Users/francisayanbadejo/venvs_projects/my_proj/lib/python3.9/site-packages/airflow/example_dags/example_latest_only_with_trigger.py took 0.050 seconds
[2025-04-23T03:48:18.911+0100] {processor.py:186} INFO - Started process (PID=64783) to work on /Users/francisayanbadejo/venvs_projects/my_proj/lib/python3.9/site-packages/airflow/example_dags/example_latest_only_with_trigger.py
[2025-04-23T03:48:18.913+0100] {processor.py:914} INFO - Processing file /Users/francisayanbadejo/venvs_projects/my_proj/lib/python3.9/site-packages/airflow/example_dags/example_latest_only_with_trigger.py for tasks to queue
[2025-04-23T03:48:18.913+0100] {logging_mixin.py:190} INFO - [2025-04-23T03:48:18.913+0100] {dagbag.py:588} INFO - Filling up the DagBag from /Users/francisayanbadejo/venvs_projects/my_proj/lib/python3.9/site-packages/airflow/example_dags/example_latest_only_with_trigger.py
[2025-04-23T03:48:18.916+0100] {processor.py:925} INFO - DAG(s) 'latest_only_with_trigger' retrieved from /Users/francisayanbadejo/venvs_projects/my_proj/lib/python3.9/site-packages/airflow/example_dags/example_latest_only_with_trigger.py
[2025-04-23T03:48:18.947+0100] {logging_mixin.py:190} INFO - [2025-04-23T03:48:18.947+0100] {dag.py:3239} INFO - Sync 1 DAGs
[2025-04-23T03:48:18.953+0100] {logging_mixin.py:190} INFO - [2025-04-23T03:48:18.953+0100] {dag.py:4180} INFO - Setting next_dagrun for latest_only_with_trigger to 2025-04-22 20:00:00+00:00, run_after=2025-04-23 00:00:00+00:00
[2025-04-23T03:48:18.959+0100] {processor.py:208} INFO - Processing /Users/francisayanbadejo/venvs_projects/my_proj/lib/python3.9/site-packages/airflow/example_dags/example_latest_only_with_trigger.py took 0.048 seconds
[2025-04-23T03:50:09.858+0100] {processor.py:186} INFO - Started process (PID=65031) to work on /Users/francisayanbadejo/venvs_projects/my_proj/lib/python3.9/site-packages/airflow/example_dags/example_latest_only_with_trigger.py
[2025-04-23T03:50:09.859+0100] {processor.py:914} INFO - Processing file /Users/francisayanbadejo/venvs_projects/my_proj/lib/python3.9/site-packages/airflow/example_dags/example_latest_only_with_trigger.py for tasks to queue
[2025-04-23T03:50:09.860+0100] {logging_mixin.py:190} INFO - [2025-04-23T03:50:09.859+0100] {dagbag.py:588} INFO - Filling up the DagBag from /Users/francisayanbadejo/venvs_projects/my_proj/lib/python3.9/site-packages/airflow/example_dags/example_latest_only_with_trigger.py
[2025-04-23T03:50:09.863+0100] {processor.py:925} INFO - DAG(s) 'latest_only_with_trigger' retrieved from /Users/francisayanbadejo/venvs_projects/my_proj/lib/python3.9/site-packages/airflow/example_dags/example_latest_only_with_trigger.py
[2025-04-23T03:50:09.897+0100] {logging_mixin.py:190} INFO - [2025-04-23T03:50:09.897+0100] {dag.py:3239} INFO - Sync 1 DAGs
[2025-04-23T03:50:09.905+0100] {logging_mixin.py:190} INFO - [2025-04-23T03:50:09.905+0100] {dag.py:4180} INFO - Setting next_dagrun for latest_only_with_trigger to 2025-04-22 20:00:00+00:00, run_after=2025-04-23 00:00:00+00:00
[2025-04-23T03:50:09.910+0100] {processor.py:208} INFO - Processing /Users/francisayanbadejo/venvs_projects/my_proj/lib/python3.9/site-packages/airflow/example_dags/example_latest_only_with_trigger.py took 0.054 seconds
[2025-04-23T03:52:03.420+0100] {processor.py:186} INFO - Started process (PID=65276) to work on /Users/francisayanbadejo/venvs_projects/my_proj/lib/python3.9/site-packages/airflow/example_dags/example_latest_only_with_trigger.py
[2025-04-23T03:52:03.422+0100] {processor.py:914} INFO - Processing file /Users/francisayanbadejo/venvs_projects/my_proj/lib/python3.9/site-packages/airflow/example_dags/example_latest_only_with_trigger.py for tasks to queue
[2025-04-23T03:52:03.423+0100] {logging_mixin.py:190} INFO - [2025-04-23T03:52:03.423+0100] {dagbag.py:588} INFO - Filling up the DagBag from /Users/francisayanbadejo/venvs_projects/my_proj/lib/python3.9/site-packages/airflow/example_dags/example_latest_only_with_trigger.py
[2025-04-23T03:52:03.425+0100] {processor.py:925} INFO - DAG(s) 'latest_only_with_trigger' retrieved from /Users/francisayanbadejo/venvs_projects/my_proj/lib/python3.9/site-packages/airflow/example_dags/example_latest_only_with_trigger.py
[2025-04-23T03:52:03.457+0100] {logging_mixin.py:190} INFO - [2025-04-23T03:52:03.457+0100] {dag.py:3239} INFO - Sync 1 DAGs
[2025-04-23T03:52:03.463+0100] {logging_mixin.py:190} INFO - [2025-04-23T03:52:03.463+0100] {dag.py:4180} INFO - Setting next_dagrun for latest_only_with_trigger to 2025-04-22 20:00:00+00:00, run_after=2025-04-23 00:00:00+00:00
[2025-04-23T03:52:03.468+0100] {processor.py:208} INFO - Processing /Users/francisayanbadejo/venvs_projects/my_proj/lib/python3.9/site-packages/airflow/example_dags/example_latest_only_with_trigger.py took 0.049 seconds
[2025-04-23T03:53:59.844+0100] {processor.py:186} INFO - Started process (PID=65535) to work on /Users/francisayanbadejo/venvs_projects/my_proj/lib/python3.9/site-packages/airflow/example_dags/example_latest_only_with_trigger.py
[2025-04-23T03:53:59.846+0100] {processor.py:914} INFO - Processing file /Users/francisayanbadejo/venvs_projects/my_proj/lib/python3.9/site-packages/airflow/example_dags/example_latest_only_with_trigger.py for tasks to queue
[2025-04-23T03:53:59.847+0100] {logging_mixin.py:190} INFO - [2025-04-23T03:53:59.846+0100] {dagbag.py:588} INFO - Filling up the DagBag from /Users/francisayanbadejo/venvs_projects/my_proj/lib/python3.9/site-packages/airflow/example_dags/example_latest_only_with_trigger.py
[2025-04-23T03:53:59.850+0100] {processor.py:925} INFO - DAG(s) 'latest_only_with_trigger' retrieved from /Users/francisayanbadejo/venvs_projects/my_proj/lib/python3.9/site-packages/airflow/example_dags/example_latest_only_with_trigger.py
[2025-04-23T03:53:59.882+0100] {logging_mixin.py:190} INFO - [2025-04-23T03:53:59.882+0100] {dag.py:3239} INFO - Sync 1 DAGs
[2025-04-23T03:53:59.889+0100] {logging_mixin.py:190} INFO - [2025-04-23T03:53:59.889+0100] {dag.py:4180} INFO - Setting next_dagrun for latest_only_with_trigger to 2025-04-22 20:00:00+00:00, run_after=2025-04-23 00:00:00+00:00
[2025-04-23T03:53:59.894+0100] {processor.py:208} INFO - Processing /Users/francisayanbadejo/venvs_projects/my_proj/lib/python3.9/site-packages/airflow/example_dags/example_latest_only_with_trigger.py took 0.051 seconds
[2025-04-23T03:55:59.593+0100] {processor.py:186} INFO - Started process (PID=65792) to work on /Users/francisayanbadejo/venvs_projects/my_proj/lib/python3.9/site-packages/airflow/example_dags/example_latest_only_with_trigger.py
[2025-04-23T03:55:59.594+0100] {processor.py:914} INFO - Processing file /Users/francisayanbadejo/venvs_projects/my_proj/lib/python3.9/site-packages/airflow/example_dags/example_latest_only_with_trigger.py for tasks to queue
[2025-04-23T03:55:59.595+0100] {logging_mixin.py:190} INFO - [2025-04-23T03:55:59.595+0100] {dagbag.py:588} INFO - Filling up the DagBag from /Users/francisayanbadejo/venvs_projects/my_proj/lib/python3.9/site-packages/airflow/example_dags/example_latest_only_with_trigger.py
[2025-04-23T03:55:59.598+0100] {processor.py:925} INFO - DAG(s) 'latest_only_with_trigger' retrieved from /Users/francisayanbadejo/venvs_projects/my_proj/lib/python3.9/site-packages/airflow/example_dags/example_latest_only_with_trigger.py
[2025-04-23T03:55:59.629+0100] {logging_mixin.py:190} INFO - [2025-04-23T03:55:59.629+0100] {dag.py:3239} INFO - Sync 1 DAGs
[2025-04-23T03:55:59.636+0100] {logging_mixin.py:190} INFO - [2025-04-23T03:55:59.636+0100] {dag.py:4180} INFO - Setting next_dagrun for latest_only_with_trigger to 2025-04-22 20:00:00+00:00, run_after=2025-04-23 00:00:00+00:00
[2025-04-23T03:55:59.641+0100] {processor.py:208} INFO - Processing /Users/francisayanbadejo/venvs_projects/my_proj/lib/python3.9/site-packages/airflow/example_dags/example_latest_only_with_trigger.py took 0.049 seconds
[2025-04-23T03:57:54.897+0100] {processor.py:186} INFO - Started process (PID=66046) to work on /Users/francisayanbadejo/venvs_projects/my_proj/lib/python3.9/site-packages/airflow/example_dags/example_latest_only_with_trigger.py
[2025-04-23T03:57:54.898+0100] {processor.py:914} INFO - Processing file /Users/francisayanbadejo/venvs_projects/my_proj/lib/python3.9/site-packages/airflow/example_dags/example_latest_only_with_trigger.py for tasks to queue
[2025-04-23T03:57:54.898+0100] {logging_mixin.py:190} INFO - [2025-04-23T03:57:54.898+0100] {dagbag.py:588} INFO - Filling up the DagBag from /Users/francisayanbadejo/venvs_projects/my_proj/lib/python3.9/site-packages/airflow/example_dags/example_latest_only_with_trigger.py
[2025-04-23T03:57:54.901+0100] {processor.py:925} INFO - DAG(s) 'latest_only_with_trigger' retrieved from /Users/francisayanbadejo/venvs_projects/my_proj/lib/python3.9/site-packages/airflow/example_dags/example_latest_only_with_trigger.py
[2025-04-23T03:57:54.932+0100] {logging_mixin.py:190} INFO - [2025-04-23T03:57:54.932+0100] {dag.py:3239} INFO - Sync 1 DAGs
[2025-04-23T03:57:54.939+0100] {logging_mixin.py:190} INFO - [2025-04-23T03:57:54.939+0100] {dag.py:4180} INFO - Setting next_dagrun for latest_only_with_trigger to 2025-04-22 20:00:00+00:00, run_after=2025-04-23 00:00:00+00:00
[2025-04-23T03:57:54.944+0100] {processor.py:208} INFO - Processing /Users/francisayanbadejo/venvs_projects/my_proj/lib/python3.9/site-packages/airflow/example_dags/example_latest_only_with_trigger.py took 0.048 seconds
[2025-04-23T04:00:04.292+0100] {processor.py:186} INFO - Started process (PID=66259) to work on /Users/francisayanbadejo/venvs_projects/my_proj/lib/python3.9/site-packages/airflow/example_dags/example_latest_only_with_trigger.py
[2025-04-23T04:00:04.293+0100] {processor.py:914} INFO - Processing file /Users/francisayanbadejo/venvs_projects/my_proj/lib/python3.9/site-packages/airflow/example_dags/example_latest_only_with_trigger.py for tasks to queue
[2025-04-23T04:00:04.293+0100] {logging_mixin.py:190} INFO - [2025-04-23T04:00:04.293+0100] {dagbag.py:588} INFO - Filling up the DagBag from /Users/francisayanbadejo/venvs_projects/my_proj/lib/python3.9/site-packages/airflow/example_dags/example_latest_only_with_trigger.py
[2025-04-23T04:00:04.296+0100] {processor.py:925} INFO - DAG(s) 'latest_only_with_trigger' retrieved from /Users/francisayanbadejo/venvs_projects/my_proj/lib/python3.9/site-packages/airflow/example_dags/example_latest_only_with_trigger.py
[2025-04-23T04:00:04.329+0100] {logging_mixin.py:190} INFO - [2025-04-23T04:00:04.329+0100] {dag.py:3239} INFO - Sync 1 DAGs
[2025-04-23T04:00:04.336+0100] {logging_mixin.py:190} INFO - [2025-04-23T04:00:04.336+0100] {dag.py:4180} INFO - Setting next_dagrun for latest_only_with_trigger to 2025-04-22 20:00:00+00:00, run_after=2025-04-23 00:00:00+00:00
[2025-04-23T04:00:04.341+0100] {processor.py:208} INFO - Processing /Users/francisayanbadejo/venvs_projects/my_proj/lib/python3.9/site-packages/airflow/example_dags/example_latest_only_with_trigger.py took 0.051 seconds
[2025-04-23T04:02:01.032+0100] {processor.py:186} INFO - Started process (PID=66470) to work on /Users/francisayanbadejo/venvs_projects/my_proj/lib/python3.9/site-packages/airflow/example_dags/example_latest_only_with_trigger.py
[2025-04-23T04:02:01.032+0100] {processor.py:914} INFO - Processing file /Users/francisayanbadejo/venvs_projects/my_proj/lib/python3.9/site-packages/airflow/example_dags/example_latest_only_with_trigger.py for tasks to queue
[2025-04-23T04:02:01.032+0100] {logging_mixin.py:190} INFO - [2025-04-23T04:02:01.032+0100] {dagbag.py:588} INFO - Filling up the DagBag from /Users/francisayanbadejo/venvs_projects/my_proj/lib/python3.9/site-packages/airflow/example_dags/example_latest_only_with_trigger.py
[2025-04-23T04:02:01.035+0100] {processor.py:925} INFO - DAG(s) 'latest_only_with_trigger' retrieved from /Users/francisayanbadejo/venvs_projects/my_proj/lib/python3.9/site-packages/airflow/example_dags/example_latest_only_with_trigger.py
[2025-04-23T04:02:01.066+0100] {logging_mixin.py:190} INFO - [2025-04-23T04:02:01.066+0100] {dag.py:3239} INFO - Sync 1 DAGs
[2025-04-23T04:02:01.073+0100] {logging_mixin.py:190} INFO - [2025-04-23T04:02:01.073+0100] {dag.py:4180} INFO - Setting next_dagrun for latest_only_with_trigger to 2025-04-22 20:00:00+00:00, run_after=2025-04-23 00:00:00+00:00
[2025-04-23T04:02:01.078+0100] {processor.py:208} INFO - Processing /Users/francisayanbadejo/venvs_projects/my_proj/lib/python3.9/site-packages/airflow/example_dags/example_latest_only_with_trigger.py took 0.048 seconds
[2025-04-23T04:03:53.512+0100] {processor.py:186} INFO - Started process (PID=66705) to work on /Users/francisayanbadejo/venvs_projects/my_proj/lib/python3.9/site-packages/airflow/example_dags/example_latest_only_with_trigger.py
[2025-04-23T04:03:53.513+0100] {processor.py:914} INFO - Processing file /Users/francisayanbadejo/venvs_projects/my_proj/lib/python3.9/site-packages/airflow/example_dags/example_latest_only_with_trigger.py for tasks to queue
[2025-04-23T04:03:53.513+0100] {logging_mixin.py:190} INFO - [2025-04-23T04:03:53.513+0100] {dagbag.py:588} INFO - Filling up the DagBag from /Users/francisayanbadejo/venvs_projects/my_proj/lib/python3.9/site-packages/airflow/example_dags/example_latest_only_with_trigger.py
[2025-04-23T04:03:53.517+0100] {processor.py:925} INFO - DAG(s) 'latest_only_with_trigger' retrieved from /Users/francisayanbadejo/venvs_projects/my_proj/lib/python3.9/site-packages/airflow/example_dags/example_latest_only_with_trigger.py
[2025-04-23T04:03:53.547+0100] {logging_mixin.py:190} INFO - [2025-04-23T04:03:53.547+0100] {dag.py:3239} INFO - Sync 1 DAGs
[2025-04-23T04:03:53.554+0100] {logging_mixin.py:190} INFO - [2025-04-23T04:03:53.554+0100] {dag.py:4180} INFO - Setting next_dagrun for latest_only_with_trigger to 2025-04-22 20:00:00+00:00, run_after=2025-04-23 00:00:00+00:00
[2025-04-23T04:03:53.559+0100] {processor.py:208} INFO - Processing /Users/francisayanbadejo/venvs_projects/my_proj/lib/python3.9/site-packages/airflow/example_dags/example_latest_only_with_trigger.py took 0.048 seconds
[2025-04-23T04:05:56.444+0100] {processor.py:186} INFO - Started process (PID=66932) to work on /Users/francisayanbadejo/venvs_projects/my_proj/lib/python3.9/site-packages/airflow/example_dags/example_latest_only_with_trigger.py
[2025-04-23T04:05:56.444+0100] {processor.py:914} INFO - Processing file /Users/francisayanbadejo/venvs_projects/my_proj/lib/python3.9/site-packages/airflow/example_dags/example_latest_only_with_trigger.py for tasks to queue
[2025-04-23T04:05:56.445+0100] {logging_mixin.py:190} INFO - [2025-04-23T04:05:56.445+0100] {dagbag.py:588} INFO - Filling up the DagBag from /Users/francisayanbadejo/venvs_projects/my_proj/lib/python3.9/site-packages/airflow/example_dags/example_latest_only_with_trigger.py
[2025-04-23T04:05:56.448+0100] {processor.py:925} INFO - DAG(s) 'latest_only_with_trigger' retrieved from /Users/francisayanbadejo/venvs_projects/my_proj/lib/python3.9/site-packages/airflow/example_dags/example_latest_only_with_trigger.py
[2025-04-23T04:05:56.479+0100] {logging_mixin.py:190} INFO - [2025-04-23T04:05:56.479+0100] {dag.py:3239} INFO - Sync 1 DAGs
[2025-04-23T04:05:56.485+0100] {logging_mixin.py:190} INFO - [2025-04-23T04:05:56.485+0100] {dag.py:4180} INFO - Setting next_dagrun for latest_only_with_trigger to 2025-04-22 20:00:00+00:00, run_after=2025-04-23 00:00:00+00:00
[2025-04-23T04:05:56.490+0100] {processor.py:208} INFO - Processing /Users/francisayanbadejo/venvs_projects/my_proj/lib/python3.9/site-packages/airflow/example_dags/example_latest_only_with_trigger.py took 0.048 seconds
[2025-04-23T04:19:09.299+0100] {processor.py:186} INFO - Started process (PID=68990) to work on /Users/francisayanbadejo/venvs_projects/my_proj/lib/python3.9/site-packages/airflow/example_dags/example_latest_only_with_trigger.py
[2025-04-23T04:19:09.300+0100] {processor.py:914} INFO - Processing file /Users/francisayanbadejo/venvs_projects/my_proj/lib/python3.9/site-packages/airflow/example_dags/example_latest_only_with_trigger.py for tasks to queue
[2025-04-23T04:19:09.301+0100] {logging_mixin.py:190} INFO - [2025-04-23T04:19:09.301+0100] {dagbag.py:588} INFO - Filling up the DagBag from /Users/francisayanbadejo/venvs_projects/my_proj/lib/python3.9/site-packages/airflow/example_dags/example_latest_only_with_trigger.py
[2025-04-23T04:19:09.304+0100] {processor.py:925} INFO - DAG(s) 'latest_only_with_trigger' retrieved from /Users/francisayanbadejo/venvs_projects/my_proj/lib/python3.9/site-packages/airflow/example_dags/example_latest_only_with_trigger.py
[2025-04-23T04:19:09.335+0100] {logging_mixin.py:190} INFO - [2025-04-23T04:19:09.335+0100] {dag.py:3239} INFO - Sync 1 DAGs
[2025-04-23T04:19:09.342+0100] {logging_mixin.py:190} INFO - [2025-04-23T04:19:09.341+0100] {dag.py:4180} INFO - Setting next_dagrun for latest_only_with_trigger to 2025-04-22 20:00:00+00:00, run_after=2025-04-23 00:00:00+00:00
[2025-04-23T04:19:09.347+0100] {processor.py:208} INFO - Processing /Users/francisayanbadejo/venvs_projects/my_proj/lib/python3.9/site-packages/airflow/example_dags/example_latest_only_with_trigger.py took 0.049 seconds
[2025-04-23T04:21:52.061+0100] {processor.py:186} INFO - Started process (PID=69557) to work on /Users/francisayanbadejo/venvs_projects/my_proj/lib/python3.9/site-packages/airflow/example_dags/example_latest_only_with_trigger.py
[2025-04-23T04:21:52.062+0100] {processor.py:914} INFO - Processing file /Users/francisayanbadejo/venvs_projects/my_proj/lib/python3.9/site-packages/airflow/example_dags/example_latest_only_with_trigger.py for tasks to queue
[2025-04-23T04:21:52.062+0100] {logging_mixin.py:190} INFO - [2025-04-23T04:21:52.062+0100] {dagbag.py:588} INFO - Filling up the DagBag from /Users/francisayanbadejo/venvs_projects/my_proj/lib/python3.9/site-packages/airflow/example_dags/example_latest_only_with_trigger.py
[2025-04-23T04:21:52.065+0100] {processor.py:925} INFO - DAG(s) 'latest_only_with_trigger' retrieved from /Users/francisayanbadejo/venvs_projects/my_proj/lib/python3.9/site-packages/airflow/example_dags/example_latest_only_with_trigger.py
[2025-04-23T04:21:52.096+0100] {logging_mixin.py:190} INFO - [2025-04-23T04:21:52.096+0100] {dag.py:3239} INFO - Sync 1 DAGs
[2025-04-23T04:21:52.104+0100] {logging_mixin.py:190} INFO - [2025-04-23T04:21:52.103+0100] {dag.py:4180} INFO - Setting next_dagrun for latest_only_with_trigger to 2025-04-22 20:00:00+00:00, run_after=2025-04-23 00:00:00+00:00
[2025-04-23T04:21:52.109+0100] {processor.py:208} INFO - Processing /Users/francisayanbadejo/venvs_projects/my_proj/lib/python3.9/site-packages/airflow/example_dags/example_latest_only_with_trigger.py took 0.049 seconds
[2025-04-23T04:23:19.517+0100] {processor.py:186} INFO - Started process (PID=69763) to work on /Users/francisayanbadejo/venvs_projects/my_proj/lib/python3.9/site-packages/airflow/example_dags/example_latest_only_with_trigger.py
[2025-04-23T04:23:19.519+0100] {processor.py:914} INFO - Processing file /Users/francisayanbadejo/venvs_projects/my_proj/lib/python3.9/site-packages/airflow/example_dags/example_latest_only_with_trigger.py for tasks to queue
[2025-04-23T04:23:19.520+0100] {logging_mixin.py:190} INFO - [2025-04-23T04:23:19.520+0100] {dagbag.py:588} INFO - Filling up the DagBag from /Users/francisayanbadejo/venvs_projects/my_proj/lib/python3.9/site-packages/airflow/example_dags/example_latest_only_with_trigger.py
[2025-04-23T04:23:19.522+0100] {processor.py:925} INFO - DAG(s) 'latest_only_with_trigger' retrieved from /Users/francisayanbadejo/venvs_projects/my_proj/lib/python3.9/site-packages/airflow/example_dags/example_latest_only_with_trigger.py
[2025-04-23T04:23:19.554+0100] {logging_mixin.py:190} INFO - [2025-04-23T04:23:19.554+0100] {dag.py:3239} INFO - Sync 1 DAGs
[2025-04-23T04:23:19.561+0100] {logging_mixin.py:190} INFO - [2025-04-23T04:23:19.561+0100] {dag.py:4180} INFO - Setting next_dagrun for latest_only_with_trigger to 2025-04-22 20:00:00+00:00, run_after=2025-04-23 00:00:00+00:00
[2025-04-23T04:23:19.566+0100] {processor.py:208} INFO - Processing /Users/francisayanbadejo/venvs_projects/my_proj/lib/python3.9/site-packages/airflow/example_dags/example_latest_only_with_trigger.py took 0.050 seconds
[2025-04-23T04:26:16.823+0100] {processor.py:186} INFO - Started process (PID=70558) to work on /Users/francisayanbadejo/venvs_projects/my_proj/lib/python3.9/site-packages/airflow/example_dags/example_latest_only_with_trigger.py
[2025-04-23T04:26:16.824+0100] {processor.py:914} INFO - Processing file /Users/francisayanbadejo/venvs_projects/my_proj/lib/python3.9/site-packages/airflow/example_dags/example_latest_only_with_trigger.py for tasks to queue
[2025-04-23T04:26:16.825+0100] {logging_mixin.py:190} INFO - [2025-04-23T04:26:16.825+0100] {dagbag.py:588} INFO - Filling up the DagBag from /Users/francisayanbadejo/venvs_projects/my_proj/lib/python3.9/site-packages/airflow/example_dags/example_latest_only_with_trigger.py
[2025-04-23T04:26:16.827+0100] {processor.py:925} INFO - DAG(s) 'latest_only_with_trigger' retrieved from /Users/francisayanbadejo/venvs_projects/my_proj/lib/python3.9/site-packages/airflow/example_dags/example_latest_only_with_trigger.py
[2025-04-23T04:26:16.861+0100] {logging_mixin.py:190} INFO - [2025-04-23T04:26:16.861+0100] {dag.py:3239} INFO - Sync 1 DAGs
[2025-04-23T04:26:16.869+0100] {logging_mixin.py:190} INFO - [2025-04-23T04:26:16.869+0100] {dag.py:4180} INFO - Setting next_dagrun for latest_only_with_trigger to 2025-04-22 20:00:00+00:00, run_after=2025-04-23 00:00:00+00:00
[2025-04-23T04:26:16.875+0100] {processor.py:208} INFO - Processing /Users/francisayanbadejo/venvs_projects/my_proj/lib/python3.9/site-packages/airflow/example_dags/example_latest_only_with_trigger.py took 0.053 seconds
[2025-04-23T04:28:42.945+0100] {processor.py:186} INFO - Started process (PID=71319) to work on /Users/francisayanbadejo/venvs_projects/my_proj/lib/python3.9/site-packages/airflow/example_dags/example_latest_only_with_trigger.py
[2025-04-23T04:28:42.946+0100] {processor.py:914} INFO - Processing file /Users/francisayanbadejo/venvs_projects/my_proj/lib/python3.9/site-packages/airflow/example_dags/example_latest_only_with_trigger.py for tasks to queue
[2025-04-23T04:28:42.947+0100] {logging_mixin.py:190} INFO - [2025-04-23T04:28:42.947+0100] {dagbag.py:588} INFO - Filling up the DagBag from /Users/francisayanbadejo/venvs_projects/my_proj/lib/python3.9/site-packages/airflow/example_dags/example_latest_only_with_trigger.py
[2025-04-23T04:28:42.950+0100] {processor.py:925} INFO - DAG(s) 'latest_only_with_trigger' retrieved from /Users/francisayanbadejo/venvs_projects/my_proj/lib/python3.9/site-packages/airflow/example_dags/example_latest_only_with_trigger.py
[2025-04-23T04:28:42.981+0100] {logging_mixin.py:190} INFO - [2025-04-23T04:28:42.981+0100] {dag.py:3239} INFO - Sync 1 DAGs
[2025-04-23T04:28:42.988+0100] {logging_mixin.py:190} INFO - [2025-04-23T04:28:42.988+0100] {dag.py:4180} INFO - Setting next_dagrun for latest_only_with_trigger to 2025-04-22 20:00:00+00:00, run_after=2025-04-23 00:00:00+00:00
[2025-04-23T04:28:42.993+0100] {processor.py:208} INFO - Processing /Users/francisayanbadejo/venvs_projects/my_proj/lib/python3.9/site-packages/airflow/example_dags/example_latest_only_with_trigger.py took 0.049 seconds
[2025-04-23T04:30:36.721+0100] {processor.py:186} INFO - Started process (PID=71610) to work on /Users/francisayanbadejo/venvs_projects/my_proj/lib/python3.9/site-packages/airflow/example_dags/example_latest_only_with_trigger.py
[2025-04-23T04:30:36.723+0100] {processor.py:914} INFO - Processing file /Users/francisayanbadejo/venvs_projects/my_proj/lib/python3.9/site-packages/airflow/example_dags/example_latest_only_with_trigger.py for tasks to queue
[2025-04-23T04:30:36.724+0100] {logging_mixin.py:190} INFO - [2025-04-23T04:30:36.724+0100] {dagbag.py:588} INFO - Filling up the DagBag from /Users/francisayanbadejo/venvs_projects/my_proj/lib/python3.9/site-packages/airflow/example_dags/example_latest_only_with_trigger.py
[2025-04-23T04:30:36.726+0100] {processor.py:925} INFO - DAG(s) 'latest_only_with_trigger' retrieved from /Users/francisayanbadejo/venvs_projects/my_proj/lib/python3.9/site-packages/airflow/example_dags/example_latest_only_with_trigger.py
[2025-04-23T04:30:36.757+0100] {logging_mixin.py:190} INFO - [2025-04-23T04:30:36.757+0100] {dag.py:3239} INFO - Sync 1 DAGs
[2025-04-23T04:30:36.764+0100] {logging_mixin.py:190} INFO - [2025-04-23T04:30:36.764+0100] {dag.py:4180} INFO - Setting next_dagrun for latest_only_with_trigger to 2025-04-22 20:00:00+00:00, run_after=2025-04-23 00:00:00+00:00
[2025-04-23T04:30:36.769+0100] {processor.py:208} INFO - Processing /Users/francisayanbadejo/venvs_projects/my_proj/lib/python3.9/site-packages/airflow/example_dags/example_latest_only_with_trigger.py took 0.049 seconds
[2025-04-23T04:32:02.414+0100] {processor.py:186} INFO - Started process (PID=71800) to work on /Users/francisayanbadejo/venvs_projects/my_proj/lib/python3.9/site-packages/airflow/example_dags/example_latest_only_with_trigger.py
[2025-04-23T04:32:02.415+0100] {processor.py:914} INFO - Processing file /Users/francisayanbadejo/venvs_projects/my_proj/lib/python3.9/site-packages/airflow/example_dags/example_latest_only_with_trigger.py for tasks to queue
[2025-04-23T04:32:02.416+0100] {logging_mixin.py:190} INFO - [2025-04-23T04:32:02.416+0100] {dagbag.py:588} INFO - Filling up the DagBag from /Users/francisayanbadejo/venvs_projects/my_proj/lib/python3.9/site-packages/airflow/example_dags/example_latest_only_with_trigger.py
[2025-04-23T04:32:02.419+0100] {processor.py:925} INFO - DAG(s) 'latest_only_with_trigger' retrieved from /Users/francisayanbadejo/venvs_projects/my_proj/lib/python3.9/site-packages/airflow/example_dags/example_latest_only_with_trigger.py
[2025-04-23T04:32:02.450+0100] {logging_mixin.py:190} INFO - [2025-04-23T04:32:02.450+0100] {dag.py:3239} INFO - Sync 1 DAGs
[2025-04-23T04:32:02.457+0100] {logging_mixin.py:190} INFO - [2025-04-23T04:32:02.457+0100] {dag.py:4180} INFO - Setting next_dagrun for latest_only_with_trigger to 2025-04-22 20:00:00+00:00, run_after=2025-04-23 00:00:00+00:00
[2025-04-23T04:32:02.461+0100] {processor.py:208} INFO - Processing /Users/francisayanbadejo/venvs_projects/my_proj/lib/python3.9/site-packages/airflow/example_dags/example_latest_only_with_trigger.py took 0.049 seconds
[2025-04-23T04:34:48.298+0100] {processor.py:186} INFO - Started process (PID=72076) to work on /Users/francisayanbadejo/venvs_projects/my_proj/lib/python3.9/site-packages/airflow/example_dags/example_latest_only_with_trigger.py
[2025-04-23T04:34:48.300+0100] {processor.py:914} INFO - Processing file /Users/francisayanbadejo/venvs_projects/my_proj/lib/python3.9/site-packages/airflow/example_dags/example_latest_only_with_trigger.py for tasks to queue
[2025-04-23T04:34:48.301+0100] {logging_mixin.py:190} INFO - [2025-04-23T04:34:48.301+0100] {dagbag.py:588} INFO - Filling up the DagBag from /Users/francisayanbadejo/venvs_projects/my_proj/lib/python3.9/site-packages/airflow/example_dags/example_latest_only_with_trigger.py
[2025-04-23T04:34:48.303+0100] {processor.py:925} INFO - DAG(s) 'latest_only_with_trigger' retrieved from /Users/francisayanbadejo/venvs_projects/my_proj/lib/python3.9/site-packages/airflow/example_dags/example_latest_only_with_trigger.py
[2025-04-23T04:34:48.334+0100] {logging_mixin.py:190} INFO - [2025-04-23T04:34:48.334+0100] {dag.py:3239} INFO - Sync 1 DAGs
[2025-04-23T04:34:48.341+0100] {logging_mixin.py:190} INFO - [2025-04-23T04:34:48.341+0100] {dag.py:4180} INFO - Setting next_dagrun for latest_only_with_trigger to 2025-04-22 20:00:00+00:00, run_after=2025-04-23 00:00:00+00:00
[2025-04-23T04:34:48.346+0100] {processor.py:208} INFO - Processing /Users/francisayanbadejo/venvs_projects/my_proj/lib/python3.9/site-packages/airflow/example_dags/example_latest_only_with_trigger.py took 0.048 seconds
[2025-04-23T04:36:39.655+0100] {processor.py:186} INFO - Started process (PID=72322) to work on /Users/francisayanbadejo/venvs_projects/my_proj/lib/python3.9/site-packages/airflow/example_dags/example_latest_only_with_trigger.py
[2025-04-23T04:36:39.656+0100] {processor.py:914} INFO - Processing file /Users/francisayanbadejo/venvs_projects/my_proj/lib/python3.9/site-packages/airflow/example_dags/example_latest_only_with_trigger.py for tasks to queue
[2025-04-23T04:36:39.657+0100] {logging_mixin.py:190} INFO - [2025-04-23T04:36:39.657+0100] {dagbag.py:588} INFO - Filling up the DagBag from /Users/francisayanbadejo/venvs_projects/my_proj/lib/python3.9/site-packages/airflow/example_dags/example_latest_only_with_trigger.py
[2025-04-23T04:36:39.659+0100] {processor.py:925} INFO - DAG(s) 'latest_only_with_trigger' retrieved from /Users/francisayanbadejo/venvs_projects/my_proj/lib/python3.9/site-packages/airflow/example_dags/example_latest_only_with_trigger.py
[2025-04-23T04:36:39.690+0100] {logging_mixin.py:190} INFO - [2025-04-23T04:36:39.690+0100] {dag.py:3239} INFO - Sync 1 DAGs
[2025-04-23T04:36:39.696+0100] {logging_mixin.py:190} INFO - [2025-04-23T04:36:39.696+0100] {dag.py:4180} INFO - Setting next_dagrun for latest_only_with_trigger to 2025-04-22 20:00:00+00:00, run_after=2025-04-23 00:00:00+00:00
[2025-04-23T04:36:39.701+0100] {processor.py:208} INFO - Processing /Users/francisayanbadejo/venvs_projects/my_proj/lib/python3.9/site-packages/airflow/example_dags/example_latest_only_with_trigger.py took 0.047 seconds
[2025-04-23T04:38:33.082+0100] {processor.py:186} INFO - Started process (PID=72556) to work on /Users/francisayanbadejo/venvs_projects/my_proj/lib/python3.9/site-packages/airflow/example_dags/example_latest_only_with_trigger.py
[2025-04-23T04:38:33.084+0100] {processor.py:914} INFO - Processing file /Users/francisayanbadejo/venvs_projects/my_proj/lib/python3.9/site-packages/airflow/example_dags/example_latest_only_with_trigger.py for tasks to queue
[2025-04-23T04:38:33.085+0100] {logging_mixin.py:190} INFO - [2025-04-23T04:38:33.085+0100] {dagbag.py:588} INFO - Filling up the DagBag from /Users/francisayanbadejo/venvs_projects/my_proj/lib/python3.9/site-packages/airflow/example_dags/example_latest_only_with_trigger.py
[2025-04-23T04:38:33.087+0100] {processor.py:925} INFO - DAG(s) 'latest_only_with_trigger' retrieved from /Users/francisayanbadejo/venvs_projects/my_proj/lib/python3.9/site-packages/airflow/example_dags/example_latest_only_with_trigger.py
[2025-04-23T04:38:33.118+0100] {logging_mixin.py:190} INFO - [2025-04-23T04:38:33.118+0100] {dag.py:3239} INFO - Sync 1 DAGs
[2025-04-23T04:38:33.124+0100] {logging_mixin.py:190} INFO - [2025-04-23T04:38:33.124+0100] {dag.py:4180} INFO - Setting next_dagrun for latest_only_with_trigger to 2025-04-22 20:00:00+00:00, run_after=2025-04-23 00:00:00+00:00
[2025-04-23T04:38:33.129+0100] {processor.py:208} INFO - Processing /Users/francisayanbadejo/venvs_projects/my_proj/lib/python3.9/site-packages/airflow/example_dags/example_latest_only_with_trigger.py took 0.048 seconds
[2025-04-23T04:40:20.939+0100] {processor.py:186} INFO - Started process (PID=72714) to work on /Users/francisayanbadejo/venvs_projects/my_proj/lib/python3.9/site-packages/airflow/example_dags/example_latest_only_with_trigger.py
[2025-04-23T04:40:20.941+0100] {processor.py:914} INFO - Processing file /Users/francisayanbadejo/venvs_projects/my_proj/lib/python3.9/site-packages/airflow/example_dags/example_latest_only_with_trigger.py for tasks to queue
[2025-04-23T04:40:20.942+0100] {logging_mixin.py:190} INFO - [2025-04-23T04:40:20.942+0100] {dagbag.py:588} INFO - Filling up the DagBag from /Users/francisayanbadejo/venvs_projects/my_proj/lib/python3.9/site-packages/airflow/example_dags/example_latest_only_with_trigger.py
[2025-04-23T04:40:20.944+0100] {processor.py:925} INFO - DAG(s) 'latest_only_with_trigger' retrieved from /Users/francisayanbadejo/venvs_projects/my_proj/lib/python3.9/site-packages/airflow/example_dags/example_latest_only_with_trigger.py
[2025-04-23T04:40:20.975+0100] {logging_mixin.py:190} INFO - [2025-04-23T04:40:20.975+0100] {dag.py:3239} INFO - Sync 1 DAGs
[2025-04-23T04:40:20.981+0100] {logging_mixin.py:190} INFO - [2025-04-23T04:40:20.981+0100] {dag.py:4180} INFO - Setting next_dagrun for latest_only_with_trigger to 2025-04-22 20:00:00+00:00, run_after=2025-04-23 00:00:00+00:00
[2025-04-23T04:40:20.986+0100] {processor.py:208} INFO - Processing /Users/francisayanbadejo/venvs_projects/my_proj/lib/python3.9/site-packages/airflow/example_dags/example_latest_only_with_trigger.py took 0.048 seconds
[2025-04-23T04:42:07.955+0100] {processor.py:186} INFO - Started process (PID=72871) to work on /Users/francisayanbadejo/venvs_projects/my_proj/lib/python3.9/site-packages/airflow/example_dags/example_latest_only_with_trigger.py
[2025-04-23T04:42:07.956+0100] {processor.py:914} INFO - Processing file /Users/francisayanbadejo/venvs_projects/my_proj/lib/python3.9/site-packages/airflow/example_dags/example_latest_only_with_trigger.py for tasks to queue
[2025-04-23T04:42:07.957+0100] {logging_mixin.py:190} INFO - [2025-04-23T04:42:07.957+0100] {dagbag.py:588} INFO - Filling up the DagBag from /Users/francisayanbadejo/venvs_projects/my_proj/lib/python3.9/site-packages/airflow/example_dags/example_latest_only_with_trigger.py
[2025-04-23T04:42:07.960+0100] {processor.py:925} INFO - DAG(s) 'latest_only_with_trigger' retrieved from /Users/francisayanbadejo/venvs_projects/my_proj/lib/python3.9/site-packages/airflow/example_dags/example_latest_only_with_trigger.py
[2025-04-23T04:42:07.990+0100] {logging_mixin.py:190} INFO - [2025-04-23T04:42:07.989+0100] {dag.py:3239} INFO - Sync 1 DAGs
[2025-04-23T04:42:07.996+0100] {logging_mixin.py:190} INFO - [2025-04-23T04:42:07.996+0100] {dag.py:4180} INFO - Setting next_dagrun for latest_only_with_trigger to 2025-04-22 20:00:00+00:00, run_after=2025-04-23 00:00:00+00:00
[2025-04-23T04:42:08.001+0100] {processor.py:208} INFO - Processing /Users/francisayanbadejo/venvs_projects/my_proj/lib/python3.9/site-packages/airflow/example_dags/example_latest_only_with_trigger.py took 0.047 seconds
[2025-04-23T04:43:53.744+0100] {processor.py:186} INFO - Started process (PID=73041) to work on /Users/francisayanbadejo/venvs_projects/my_proj/lib/python3.9/site-packages/airflow/example_dags/example_latest_only_with_trigger.py
[2025-04-23T04:43:53.745+0100] {processor.py:914} INFO - Processing file /Users/francisayanbadejo/venvs_projects/my_proj/lib/python3.9/site-packages/airflow/example_dags/example_latest_only_with_trigger.py for tasks to queue
[2025-04-23T04:43:53.745+0100] {logging_mixin.py:190} INFO - [2025-04-23T04:43:53.745+0100] {dagbag.py:588} INFO - Filling up the DagBag from /Users/francisayanbadejo/venvs_projects/my_proj/lib/python3.9/site-packages/airflow/example_dags/example_latest_only_with_trigger.py
[2025-04-23T04:43:53.748+0100] {processor.py:925} INFO - DAG(s) 'latest_only_with_trigger' retrieved from /Users/francisayanbadejo/venvs_projects/my_proj/lib/python3.9/site-packages/airflow/example_dags/example_latest_only_with_trigger.py
[2025-04-23T04:43:53.778+0100] {logging_mixin.py:190} INFO - [2025-04-23T04:43:53.778+0100] {dag.py:3239} INFO - Sync 1 DAGs
[2025-04-23T04:43:53.785+0100] {logging_mixin.py:190} INFO - [2025-04-23T04:43:53.785+0100] {dag.py:4180} INFO - Setting next_dagrun for latest_only_with_trigger to 2025-04-22 20:00:00+00:00, run_after=2025-04-23 00:00:00+00:00
[2025-04-23T04:43:53.790+0100] {processor.py:208} INFO - Processing /Users/francisayanbadejo/venvs_projects/my_proj/lib/python3.9/site-packages/airflow/example_dags/example_latest_only_with_trigger.py took 0.047 seconds
[2025-04-23T04:45:38.721+0100] {processor.py:186} INFO - Started process (PID=73224) to work on /Users/francisayanbadejo/venvs_projects/my_proj/lib/python3.9/site-packages/airflow/example_dags/example_latest_only_with_trigger.py
[2025-04-23T04:45:38.722+0100] {processor.py:914} INFO - Processing file /Users/francisayanbadejo/venvs_projects/my_proj/lib/python3.9/site-packages/airflow/example_dags/example_latest_only_with_trigger.py for tasks to queue
[2025-04-23T04:45:38.723+0100] {logging_mixin.py:190} INFO - [2025-04-23T04:45:38.723+0100] {dagbag.py:588} INFO - Filling up the DagBag from /Users/francisayanbadejo/venvs_projects/my_proj/lib/python3.9/site-packages/airflow/example_dags/example_latest_only_with_trigger.py
[2025-04-23T04:45:38.726+0100] {processor.py:925} INFO - DAG(s) 'latest_only_with_trigger' retrieved from /Users/francisayanbadejo/venvs_projects/my_proj/lib/python3.9/site-packages/airflow/example_dags/example_latest_only_with_trigger.py
[2025-04-23T04:45:38.756+0100] {logging_mixin.py:190} INFO - [2025-04-23T04:45:38.756+0100] {dag.py:3239} INFO - Sync 1 DAGs
[2025-04-23T04:45:38.763+0100] {logging_mixin.py:190} INFO - [2025-04-23T04:45:38.763+0100] {dag.py:4180} INFO - Setting next_dagrun for latest_only_with_trigger to 2025-04-22 20:00:00+00:00, run_after=2025-04-23 00:00:00+00:00
[2025-04-23T04:45:38.768+0100] {processor.py:208} INFO - Processing /Users/francisayanbadejo/venvs_projects/my_proj/lib/python3.9/site-packages/airflow/example_dags/example_latest_only_with_trigger.py took 0.049 seconds
[2025-04-23T04:47:26.617+0100] {processor.py:186} INFO - Started process (PID=73379) to work on /Users/francisayanbadejo/venvs_projects/my_proj/lib/python3.9/site-packages/airflow/example_dags/example_latest_only_with_trigger.py
[2025-04-23T04:47:26.619+0100] {processor.py:914} INFO - Processing file /Users/francisayanbadejo/venvs_projects/my_proj/lib/python3.9/site-packages/airflow/example_dags/example_latest_only_with_trigger.py for tasks to queue
[2025-04-23T04:47:26.619+0100] {logging_mixin.py:190} INFO - [2025-04-23T04:47:26.619+0100] {dagbag.py:588} INFO - Filling up the DagBag from /Users/francisayanbadejo/venvs_projects/my_proj/lib/python3.9/site-packages/airflow/example_dags/example_latest_only_with_trigger.py
[2025-04-23T04:47:26.622+0100] {processor.py:925} INFO - DAG(s) 'latest_only_with_trigger' retrieved from /Users/francisayanbadejo/venvs_projects/my_proj/lib/python3.9/site-packages/airflow/example_dags/example_latest_only_with_trigger.py
[2025-04-23T04:47:26.653+0100] {logging_mixin.py:190} INFO - [2025-04-23T04:47:26.653+0100] {dag.py:3239} INFO - Sync 1 DAGs
[2025-04-23T04:47:26.660+0100] {logging_mixin.py:190} INFO - [2025-04-23T04:47:26.660+0100] {dag.py:4180} INFO - Setting next_dagrun for latest_only_with_trigger to 2025-04-22 20:00:00+00:00, run_after=2025-04-23 00:00:00+00:00
[2025-04-23T04:47:26.665+0100] {processor.py:208} INFO - Processing /Users/francisayanbadejo/venvs_projects/my_proj/lib/python3.9/site-packages/airflow/example_dags/example_latest_only_with_trigger.py took 0.049 seconds
[2025-04-23T04:49:18.183+0100] {processor.py:186} INFO - Started process (PID=73537) to work on /Users/francisayanbadejo/venvs_projects/my_proj/lib/python3.9/site-packages/airflow/example_dags/example_latest_only_with_trigger.py
[2025-04-23T04:49:18.185+0100] {processor.py:914} INFO - Processing file /Users/francisayanbadejo/venvs_projects/my_proj/lib/python3.9/site-packages/airflow/example_dags/example_latest_only_with_trigger.py for tasks to queue
[2025-04-23T04:49:18.185+0100] {logging_mixin.py:190} INFO - [2025-04-23T04:49:18.185+0100] {dagbag.py:588} INFO - Filling up the DagBag from /Users/francisayanbadejo/venvs_projects/my_proj/lib/python3.9/site-packages/airflow/example_dags/example_latest_only_with_trigger.py
[2025-04-23T04:49:18.188+0100] {processor.py:925} INFO - DAG(s) 'latest_only_with_trigger' retrieved from /Users/francisayanbadejo/venvs_projects/my_proj/lib/python3.9/site-packages/airflow/example_dags/example_latest_only_with_trigger.py
[2025-04-23T04:49:18.219+0100] {logging_mixin.py:190} INFO - [2025-04-23T04:49:18.219+0100] {dag.py:3239} INFO - Sync 1 DAGs
[2025-04-23T04:49:18.226+0100] {logging_mixin.py:190} INFO - [2025-04-23T04:49:18.225+0100] {dag.py:4180} INFO - Setting next_dagrun for latest_only_with_trigger to 2025-04-22 20:00:00+00:00, run_after=2025-04-23 00:00:00+00:00
[2025-04-23T04:49:18.230+0100] {processor.py:208} INFO - Processing /Users/francisayanbadejo/venvs_projects/my_proj/lib/python3.9/site-packages/airflow/example_dags/example_latest_only_with_trigger.py took 0.048 seconds
[2025-04-23T04:51:05.015+0100] {processor.py:186} INFO - Started process (PID=73701) to work on /Users/francisayanbadejo/venvs_projects/my_proj/lib/python3.9/site-packages/airflow/example_dags/example_latest_only_with_trigger.py
[2025-04-23T04:51:05.017+0100] {processor.py:914} INFO - Processing file /Users/francisayanbadejo/venvs_projects/my_proj/lib/python3.9/site-packages/airflow/example_dags/example_latest_only_with_trigger.py for tasks to queue
[2025-04-23T04:51:05.018+0100] {logging_mixin.py:190} INFO - [2025-04-23T04:51:05.018+0100] {dagbag.py:588} INFO - Filling up the DagBag from /Users/francisayanbadejo/venvs_projects/my_proj/lib/python3.9/site-packages/airflow/example_dags/example_latest_only_with_trigger.py
[2025-04-23T04:51:05.020+0100] {processor.py:925} INFO - DAG(s) 'latest_only_with_trigger' retrieved from /Users/francisayanbadejo/venvs_projects/my_proj/lib/python3.9/site-packages/airflow/example_dags/example_latest_only_with_trigger.py
[2025-04-23T04:51:05.053+0100] {logging_mixin.py:190} INFO - [2025-04-23T04:51:05.053+0100] {dag.py:3239} INFO - Sync 1 DAGs
[2025-04-23T04:51:05.060+0100] {logging_mixin.py:190} INFO - [2025-04-23T04:51:05.060+0100] {dag.py:4180} INFO - Setting next_dagrun for latest_only_with_trigger to 2025-04-22 20:00:00+00:00, run_after=2025-04-23 00:00:00+00:00
[2025-04-23T04:51:05.065+0100] {processor.py:208} INFO - Processing /Users/francisayanbadejo/venvs_projects/my_proj/lib/python3.9/site-packages/airflow/example_dags/example_latest_only_with_trigger.py took 0.051 seconds
[2025-04-23T04:53:01.100+0100] {processor.py:186} INFO - Started process (PID=73916) to work on /Users/francisayanbadejo/venvs_projects/my_proj/lib/python3.9/site-packages/airflow/example_dags/example_latest_only_with_trigger.py
[2025-04-23T04:53:01.102+0100] {processor.py:914} INFO - Processing file /Users/francisayanbadejo/venvs_projects/my_proj/lib/python3.9/site-packages/airflow/example_dags/example_latest_only_with_trigger.py for tasks to queue
[2025-04-23T04:53:01.103+0100] {logging_mixin.py:190} INFO - [2025-04-23T04:53:01.103+0100] {dagbag.py:588} INFO - Filling up the DagBag from /Users/francisayanbadejo/venvs_projects/my_proj/lib/python3.9/site-packages/airflow/example_dags/example_latest_only_with_trigger.py
[2025-04-23T04:53:01.105+0100] {processor.py:925} INFO - DAG(s) 'latest_only_with_trigger' retrieved from /Users/francisayanbadejo/venvs_projects/my_proj/lib/python3.9/site-packages/airflow/example_dags/example_latest_only_with_trigger.py
[2025-04-23T04:53:01.137+0100] {logging_mixin.py:190} INFO - [2025-04-23T04:53:01.137+0100] {dag.py:3239} INFO - Sync 1 DAGs
[2025-04-23T04:53:01.144+0100] {logging_mixin.py:190} INFO - [2025-04-23T04:53:01.144+0100] {dag.py:4180} INFO - Setting next_dagrun for latest_only_with_trigger to 2025-04-22 20:00:00+00:00, run_after=2025-04-23 00:00:00+00:00
[2025-04-23T04:53:01.149+0100] {processor.py:208} INFO - Processing /Users/francisayanbadejo/venvs_projects/my_proj/lib/python3.9/site-packages/airflow/example_dags/example_latest_only_with_trigger.py took 0.050 seconds
[2025-04-23T04:54:58.896+0100] {processor.py:186} INFO - Started process (PID=74204) to work on /Users/francisayanbadejo/venvs_projects/my_proj/lib/python3.9/site-packages/airflow/example_dags/example_latest_only_with_trigger.py
[2025-04-23T04:54:58.897+0100] {processor.py:914} INFO - Processing file /Users/francisayanbadejo/venvs_projects/my_proj/lib/python3.9/site-packages/airflow/example_dags/example_latest_only_with_trigger.py for tasks to queue
[2025-04-23T04:54:58.898+0100] {logging_mixin.py:190} INFO - [2025-04-23T04:54:58.898+0100] {dagbag.py:588} INFO - Filling up the DagBag from /Users/francisayanbadejo/venvs_projects/my_proj/lib/python3.9/site-packages/airflow/example_dags/example_latest_only_with_trigger.py
[2025-04-23T04:54:58.901+0100] {processor.py:925} INFO - DAG(s) 'latest_only_with_trigger' retrieved from /Users/francisayanbadejo/venvs_projects/my_proj/lib/python3.9/site-packages/airflow/example_dags/example_latest_only_with_trigger.py
[2025-04-23T04:54:58.935+0100] {logging_mixin.py:190} INFO - [2025-04-23T04:54:58.934+0100] {dag.py:3239} INFO - Sync 1 DAGs
[2025-04-23T04:54:58.942+0100] {logging_mixin.py:190} INFO - [2025-04-23T04:54:58.942+0100] {dag.py:4180} INFO - Setting next_dagrun for latest_only_with_trigger to 2025-04-22 20:00:00+00:00, run_after=2025-04-23 00:00:00+00:00
[2025-04-23T04:54:58.948+0100] {processor.py:208} INFO - Processing /Users/francisayanbadejo/venvs_projects/my_proj/lib/python3.9/site-packages/airflow/example_dags/example_latest_only_with_trigger.py took 0.053 seconds
[2025-04-23T04:56:52.970+0100] {processor.py:186} INFO - Started process (PID=74450) to work on /Users/francisayanbadejo/venvs_projects/my_proj/lib/python3.9/site-packages/airflow/example_dags/example_latest_only_with_trigger.py
[2025-04-23T04:56:52.971+0100] {processor.py:914} INFO - Processing file /Users/francisayanbadejo/venvs_projects/my_proj/lib/python3.9/site-packages/airflow/example_dags/example_latest_only_with_trigger.py for tasks to queue
[2025-04-23T04:56:52.972+0100] {logging_mixin.py:190} INFO - [2025-04-23T04:56:52.972+0100] {dagbag.py:588} INFO - Filling up the DagBag from /Users/francisayanbadejo/venvs_projects/my_proj/lib/python3.9/site-packages/airflow/example_dags/example_latest_only_with_trigger.py
[2025-04-23T04:56:52.974+0100] {processor.py:925} INFO - DAG(s) 'latest_only_with_trigger' retrieved from /Users/francisayanbadejo/venvs_projects/my_proj/lib/python3.9/site-packages/airflow/example_dags/example_latest_only_with_trigger.py
[2025-04-23T04:56:53.007+0100] {logging_mixin.py:190} INFO - [2025-04-23T04:56:53.007+0100] {dag.py:3239} INFO - Sync 1 DAGs
[2025-04-23T04:56:53.013+0100] {logging_mixin.py:190} INFO - [2025-04-23T04:56:53.013+0100] {dag.py:4180} INFO - Setting next_dagrun for latest_only_with_trigger to 2025-04-22 20:00:00+00:00, run_after=2025-04-23 00:00:00+00:00
[2025-04-23T04:56:53.018+0100] {processor.py:208} INFO - Processing /Users/francisayanbadejo/venvs_projects/my_proj/lib/python3.9/site-packages/airflow/example_dags/example_latest_only_with_trigger.py took 0.049 seconds
[2025-04-23T04:58:42.103+0100] {processor.py:186} INFO - Started process (PID=74764) to work on /Users/francisayanbadejo/venvs_projects/my_proj/lib/python3.9/site-packages/airflow/example_dags/example_latest_only_with_trigger.py
[2025-04-23T04:58:42.104+0100] {processor.py:914} INFO - Processing file /Users/francisayanbadejo/venvs_projects/my_proj/lib/python3.9/site-packages/airflow/example_dags/example_latest_only_with_trigger.py for tasks to queue
[2025-04-23T04:58:42.105+0100] {logging_mixin.py:190} INFO - [2025-04-23T04:58:42.105+0100] {dagbag.py:588} INFO - Filling up the DagBag from /Users/francisayanbadejo/venvs_projects/my_proj/lib/python3.9/site-packages/airflow/example_dags/example_latest_only_with_trigger.py
[2025-04-23T04:58:42.108+0100] {processor.py:925} INFO - DAG(s) 'latest_only_with_trigger' retrieved from /Users/francisayanbadejo/venvs_projects/my_proj/lib/python3.9/site-packages/airflow/example_dags/example_latest_only_with_trigger.py
[2025-04-23T04:58:42.139+0100] {logging_mixin.py:190} INFO - [2025-04-23T04:58:42.139+0100] {dag.py:3239} INFO - Sync 1 DAGs
[2025-04-23T04:58:42.146+0100] {logging_mixin.py:190} INFO - [2025-04-23T04:58:42.146+0100] {dag.py:4180} INFO - Setting next_dagrun for latest_only_with_trigger to 2025-04-22 20:00:00+00:00, run_after=2025-04-23 00:00:00+00:00
[2025-04-23T04:58:42.151+0100] {processor.py:208} INFO - Processing /Users/francisayanbadejo/venvs_projects/my_proj/lib/python3.9/site-packages/airflow/example_dags/example_latest_only_with_trigger.py took 0.049 seconds
[2025-04-23T05:00:29.702+0100] {processor.py:186} INFO - Started process (PID=75004) to work on /Users/francisayanbadejo/venvs_projects/my_proj/lib/python3.9/site-packages/airflow/example_dags/example_latest_only_with_trigger.py
[2025-04-23T05:00:29.703+0100] {processor.py:914} INFO - Processing file /Users/francisayanbadejo/venvs_projects/my_proj/lib/python3.9/site-packages/airflow/example_dags/example_latest_only_with_trigger.py for tasks to queue
[2025-04-23T05:00:29.704+0100] {logging_mixin.py:190} INFO - [2025-04-23T05:00:29.704+0100] {dagbag.py:588} INFO - Filling up the DagBag from /Users/francisayanbadejo/venvs_projects/my_proj/lib/python3.9/site-packages/airflow/example_dags/example_latest_only_with_trigger.py
[2025-04-23T05:00:29.707+0100] {processor.py:925} INFO - DAG(s) 'latest_only_with_trigger' retrieved from /Users/francisayanbadejo/venvs_projects/my_proj/lib/python3.9/site-packages/airflow/example_dags/example_latest_only_with_trigger.py
[2025-04-23T05:00:29.739+0100] {logging_mixin.py:190} INFO - [2025-04-23T05:00:29.739+0100] {dag.py:3239} INFO - Sync 1 DAGs
[2025-04-23T05:00:29.746+0100] {logging_mixin.py:190} INFO - [2025-04-23T05:00:29.746+0100] {dag.py:4180} INFO - Setting next_dagrun for latest_only_with_trigger to 2025-04-23 00:00:00+00:00, run_after=2025-04-23 04:00:00+00:00
[2025-04-23T05:00:29.751+0100] {processor.py:208} INFO - Processing /Users/francisayanbadejo/venvs_projects/my_proj/lib/python3.9/site-packages/airflow/example_dags/example_latest_only_with_trigger.py took 0.051 seconds
[2025-04-23T05:02:19.288+0100] {processor.py:186} INFO - Started process (PID=75244) to work on /Users/francisayanbadejo/venvs_projects/my_proj/lib/python3.9/site-packages/airflow/example_dags/example_latest_only_with_trigger.py
[2025-04-23T05:02:19.290+0100] {processor.py:914} INFO - Processing file /Users/francisayanbadejo/venvs_projects/my_proj/lib/python3.9/site-packages/airflow/example_dags/example_latest_only_with_trigger.py for tasks to queue
[2025-04-23T05:02:19.291+0100] {logging_mixin.py:190} INFO - [2025-04-23T05:02:19.291+0100] {dagbag.py:588} INFO - Filling up the DagBag from /Users/francisayanbadejo/venvs_projects/my_proj/lib/python3.9/site-packages/airflow/example_dags/example_latest_only_with_trigger.py
[2025-04-23T05:02:19.293+0100] {processor.py:925} INFO - DAG(s) 'latest_only_with_trigger' retrieved from /Users/francisayanbadejo/venvs_projects/my_proj/lib/python3.9/site-packages/airflow/example_dags/example_latest_only_with_trigger.py
[2025-04-23T05:02:19.325+0100] {logging_mixin.py:190} INFO - [2025-04-23T05:02:19.325+0100] {dag.py:3239} INFO - Sync 1 DAGs
[2025-04-23T05:02:19.331+0100] {logging_mixin.py:190} INFO - [2025-04-23T05:02:19.331+0100] {dag.py:4180} INFO - Setting next_dagrun for latest_only_with_trigger to 2025-04-23 00:00:00+00:00, run_after=2025-04-23 04:00:00+00:00
[2025-04-23T05:02:19.336+0100] {processor.py:208} INFO - Processing /Users/francisayanbadejo/venvs_projects/my_proj/lib/python3.9/site-packages/airflow/example_dags/example_latest_only_with_trigger.py took 0.049 seconds
[2025-04-23T05:04:12.993+0100] {processor.py:186} INFO - Started process (PID=75491) to work on /Users/francisayanbadejo/venvs_projects/my_proj/lib/python3.9/site-packages/airflow/example_dags/example_latest_only_with_trigger.py
[2025-04-23T05:04:12.995+0100] {processor.py:914} INFO - Processing file /Users/francisayanbadejo/venvs_projects/my_proj/lib/python3.9/site-packages/airflow/example_dags/example_latest_only_with_trigger.py for tasks to queue
[2025-04-23T05:04:12.996+0100] {logging_mixin.py:190} INFO - [2025-04-23T05:04:12.996+0100] {dagbag.py:588} INFO - Filling up the DagBag from /Users/francisayanbadejo/venvs_projects/my_proj/lib/python3.9/site-packages/airflow/example_dags/example_latest_only_with_trigger.py
[2025-04-23T05:04:12.998+0100] {processor.py:925} INFO - DAG(s) 'latest_only_with_trigger' retrieved from /Users/francisayanbadejo/venvs_projects/my_proj/lib/python3.9/site-packages/airflow/example_dags/example_latest_only_with_trigger.py
[2025-04-23T05:04:13.032+0100] {logging_mixin.py:190} INFO - [2025-04-23T05:04:13.032+0100] {dag.py:3239} INFO - Sync 1 DAGs
[2025-04-23T05:04:13.039+0100] {logging_mixin.py:190} INFO - [2025-04-23T05:04:13.039+0100] {dag.py:4180} INFO - Setting next_dagrun for latest_only_with_trigger to 2025-04-23 00:00:00+00:00, run_after=2025-04-23 04:00:00+00:00
[2025-04-23T05:04:13.045+0100] {processor.py:208} INFO - Processing /Users/francisayanbadejo/venvs_projects/my_proj/lib/python3.9/site-packages/airflow/example_dags/example_latest_only_with_trigger.py took 0.053 seconds
[2025-04-23T05:06:01.777+0100] {processor.py:186} INFO - Started process (PID=75743) to work on /Users/francisayanbadejo/venvs_projects/my_proj/lib/python3.9/site-packages/airflow/example_dags/example_latest_only_with_trigger.py
[2025-04-23T05:06:01.780+0100] {processor.py:914} INFO - Processing file /Users/francisayanbadejo/venvs_projects/my_proj/lib/python3.9/site-packages/airflow/example_dags/example_latest_only_with_trigger.py for tasks to queue
[2025-04-23T05:06:01.781+0100] {logging_mixin.py:190} INFO - [2025-04-23T05:06:01.781+0100] {dagbag.py:588} INFO - Filling up the DagBag from /Users/francisayanbadejo/venvs_projects/my_proj/lib/python3.9/site-packages/airflow/example_dags/example_latest_only_with_trigger.py
[2025-04-23T05:06:01.783+0100] {processor.py:925} INFO - DAG(s) 'latest_only_with_trigger' retrieved from /Users/francisayanbadejo/venvs_projects/my_proj/lib/python3.9/site-packages/airflow/example_dags/example_latest_only_with_trigger.py
[2025-04-23T05:06:01.814+0100] {logging_mixin.py:190} INFO - [2025-04-23T05:06:01.814+0100] {dag.py:3239} INFO - Sync 1 DAGs
[2025-04-23T05:06:01.821+0100] {logging_mixin.py:190} INFO - [2025-04-23T05:06:01.821+0100] {dag.py:4180} INFO - Setting next_dagrun for latest_only_with_trigger to 2025-04-23 00:00:00+00:00, run_after=2025-04-23 04:00:00+00:00
[2025-04-23T05:06:01.826+0100] {processor.py:208} INFO - Processing /Users/francisayanbadejo/venvs_projects/my_proj/lib/python3.9/site-packages/airflow/example_dags/example_latest_only_with_trigger.py took 0.050 seconds
[2025-04-23T05:07:54.239+0100] {processor.py:186} INFO - Started process (PID=75955) to work on /Users/francisayanbadejo/venvs_projects/my_proj/lib/python3.9/site-packages/airflow/example_dags/example_latest_only_with_trigger.py
[2025-04-23T05:07:54.240+0100] {processor.py:914} INFO - Processing file /Users/francisayanbadejo/venvs_projects/my_proj/lib/python3.9/site-packages/airflow/example_dags/example_latest_only_with_trigger.py for tasks to queue
[2025-04-23T05:07:54.241+0100] {logging_mixin.py:190} INFO - [2025-04-23T05:07:54.241+0100] {dagbag.py:588} INFO - Filling up the DagBag from /Users/francisayanbadejo/venvs_projects/my_proj/lib/python3.9/site-packages/airflow/example_dags/example_latest_only_with_trigger.py
[2025-04-23T05:07:54.244+0100] {processor.py:925} INFO - DAG(s) 'latest_only_with_trigger' retrieved from /Users/francisayanbadejo/venvs_projects/my_proj/lib/python3.9/site-packages/airflow/example_dags/example_latest_only_with_trigger.py
[2025-04-23T05:07:54.276+0100] {logging_mixin.py:190} INFO - [2025-04-23T05:07:54.276+0100] {dag.py:3239} INFO - Sync 1 DAGs
[2025-04-23T05:07:54.283+0100] {logging_mixin.py:190} INFO - [2025-04-23T05:07:54.283+0100] {dag.py:4180} INFO - Setting next_dagrun for latest_only_with_trigger to 2025-04-23 00:00:00+00:00, run_after=2025-04-23 04:00:00+00:00
[2025-04-23T05:07:54.288+0100] {processor.py:208} INFO - Processing /Users/francisayanbadejo/venvs_projects/my_proj/lib/python3.9/site-packages/airflow/example_dags/example_latest_only_with_trigger.py took 0.050 seconds
[2025-04-23T05:19:10.028+0100] {processor.py:186} INFO - Started process (PID=77383) to work on /Users/francisayanbadejo/venvs_projects/my_proj/lib/python3.9/site-packages/airflow/example_dags/example_latest_only_with_trigger.py
[2025-04-23T05:19:10.029+0100] {processor.py:914} INFO - Processing file /Users/francisayanbadejo/venvs_projects/my_proj/lib/python3.9/site-packages/airflow/example_dags/example_latest_only_with_trigger.py for tasks to queue
[2025-04-23T05:19:10.030+0100] {logging_mixin.py:190} INFO - [2025-04-23T05:19:10.030+0100] {dagbag.py:588} INFO - Filling up the DagBag from /Users/francisayanbadejo/venvs_projects/my_proj/lib/python3.9/site-packages/airflow/example_dags/example_latest_only_with_trigger.py
[2025-04-23T05:19:10.032+0100] {processor.py:925} INFO - DAG(s) 'latest_only_with_trigger' retrieved from /Users/francisayanbadejo/venvs_projects/my_proj/lib/python3.9/site-packages/airflow/example_dags/example_latest_only_with_trigger.py
[2025-04-23T05:19:10.064+0100] {logging_mixin.py:190} INFO - [2025-04-23T05:19:10.064+0100] {dag.py:3239} INFO - Sync 1 DAGs
[2025-04-23T05:19:10.071+0100] {logging_mixin.py:190} INFO - [2025-04-23T05:19:10.071+0100] {dag.py:4180} INFO - Setting next_dagrun for latest_only_with_trigger to 2025-04-23 00:00:00+00:00, run_after=2025-04-23 04:00:00+00:00
[2025-04-23T05:19:10.076+0100] {processor.py:208} INFO - Processing /Users/francisayanbadejo/venvs_projects/my_proj/lib/python3.9/site-packages/airflow/example_dags/example_latest_only_with_trigger.py took 0.050 seconds
[2025-04-23T05:20:39.192+0100] {processor.py:186} INFO - Started process (PID=77526) to work on /Users/francisayanbadejo/venvs_projects/my_proj/lib/python3.9/site-packages/airflow/example_dags/example_latest_only_with_trigger.py
[2025-04-23T05:20:39.193+0100] {processor.py:914} INFO - Processing file /Users/francisayanbadejo/venvs_projects/my_proj/lib/python3.9/site-packages/airflow/example_dags/example_latest_only_with_trigger.py for tasks to queue
[2025-04-23T05:20:39.194+0100] {logging_mixin.py:190} INFO - [2025-04-23T05:20:39.194+0100] {dagbag.py:588} INFO - Filling up the DagBag from /Users/francisayanbadejo/venvs_projects/my_proj/lib/python3.9/site-packages/airflow/example_dags/example_latest_only_with_trigger.py
[2025-04-23T05:20:39.196+0100] {processor.py:925} INFO - DAG(s) 'latest_only_with_trigger' retrieved from /Users/francisayanbadejo/venvs_projects/my_proj/lib/python3.9/site-packages/airflow/example_dags/example_latest_only_with_trigger.py
[2025-04-23T05:20:39.228+0100] {logging_mixin.py:190} INFO - [2025-04-23T05:20:39.227+0100] {dag.py:3239} INFO - Sync 1 DAGs
[2025-04-23T05:20:39.234+0100] {logging_mixin.py:190} INFO - [2025-04-23T05:20:39.234+0100] {dag.py:4180} INFO - Setting next_dagrun for latest_only_with_trigger to 2025-04-23 00:00:00+00:00, run_after=2025-04-23 04:00:00+00:00
[2025-04-23T05:20:39.239+0100] {processor.py:208} INFO - Processing /Users/francisayanbadejo/venvs_projects/my_proj/lib/python3.9/site-packages/airflow/example_dags/example_latest_only_with_trigger.py took 0.049 seconds
