[2025-04-23T02:28:20.190+0100] {processor.py:186} INFO - Started process (PID=57632) to work on /Users/francisayanbadejo/venvs_projects/my_proj/lib/python3.9/site-packages/airflow/example_dags/example_xcomargs.py
[2025-04-23T02:28:20.191+0100] {processor.py:914} INFO - Processing file /Users/francisayanbadejo/venvs_projects/my_proj/lib/python3.9/site-packages/airflow/example_dags/example_xcomargs.py for tasks to queue
[2025-04-23T02:28:20.192+0100] {logging_mixin.py:190} INFO - [2025-04-23T02:28:20.192+0100] {dagbag.py:588} INFO - Filling up the DagBag from /Users/francisayanbadejo/venvs_projects/my_proj/lib/python3.9/site-packages/airflow/example_dags/example_xcomargs.py
[2025-04-23T02:28:20.203+0100] {processor.py:925} INFO - DAG(s) 'example_xcom_args', 'example_xcom_args_with_operators' retrieved from /Users/francisayanbadejo/venvs_projects/my_proj/lib/python3.9/site-packages/airflow/example_dags/example_xcomargs.py
[2025-04-23T02:28:20.257+0100] {logging_mixin.py:190} INFO - [2025-04-23T02:28:20.257+0100] {override.py:1930} INFO - Created Permission View: can delete on DAG:example_xcom_args
[2025-04-23T02:28:20.259+0100] {logging_mixin.py:190} INFO - [2025-04-23T02:28:20.259+0100] {override.py:1930} INFO - Created Permission View: can read on DAG:example_xcom_args
[2025-04-23T02:28:20.261+0100] {logging_mixin.py:190} INFO - [2025-04-23T02:28:20.261+0100] {override.py:1930} INFO - Created Permission View: can edit on DAG:example_xcom_args
[2025-04-23T02:28:20.262+0100] {logging_mixin.py:190} INFO - [2025-04-23T02:28:20.262+0100] {override.py:1930} INFO - Created Permission View: can delete on DAG Run:example_xcom_args
[2025-04-23T02:28:20.264+0100] {logging_mixin.py:190} INFO - [2025-04-23T02:28:20.264+0100] {override.py:1930} INFO - Created Permission View: menu access on DAG Run:example_xcom_args
[2025-04-23T02:28:20.265+0100] {logging_mixin.py:190} INFO - [2025-04-23T02:28:20.265+0100] {override.py:1930} INFO - Created Permission View: can read on DAG Run:example_xcom_args
[2025-04-23T02:28:20.267+0100] {logging_mixin.py:190} INFO - [2025-04-23T02:28:20.267+0100] {override.py:1930} INFO - Created Permission View: can create on DAG Run:example_xcom_args
[2025-04-23T02:28:20.270+0100] {logging_mixin.py:190} INFO - [2025-04-23T02:28:20.270+0100] {override.py:1930} INFO - Created Permission View: can delete on DAG:example_xcom_args_with_operators
[2025-04-23T02:28:20.271+0100] {logging_mixin.py:190} INFO - [2025-04-23T02:28:20.271+0100] {override.py:1930} INFO - Created Permission View: can read on DAG:example_xcom_args_with_operators
[2025-04-23T02:28:20.273+0100] {logging_mixin.py:190} INFO - [2025-04-23T02:28:20.273+0100] {override.py:1930} INFO - Created Permission View: can edit on DAG:example_xcom_args_with_operators
[2025-04-23T02:28:20.275+0100] {logging_mixin.py:190} INFO - [2025-04-23T02:28:20.275+0100] {override.py:1930} INFO - Created Permission View: can delete on DAG Run:example_xcom_args_with_operators
[2025-04-23T02:28:20.276+0100] {logging_mixin.py:190} INFO - [2025-04-23T02:28:20.276+0100] {override.py:1930} INFO - Created Permission View: menu access on DAG Run:example_xcom_args_with_operators
[2025-04-23T02:28:20.278+0100] {logging_mixin.py:190} INFO - [2025-04-23T02:28:20.278+0100] {override.py:1930} INFO - Created Permission View: can read on DAG Run:example_xcom_args_with_operators
[2025-04-23T02:28:20.279+0100] {logging_mixin.py:190} INFO - [2025-04-23T02:28:20.279+0100] {override.py:1930} INFO - Created Permission View: can create on DAG Run:example_xcom_args_with_operators
[2025-04-23T02:28:20.279+0100] {logging_mixin.py:190} INFO - [2025-04-23T02:28:20.279+0100] {dag.py:3239} INFO - Sync 2 DAGs
[2025-04-23T02:28:20.283+0100] {logging_mixin.py:190} INFO - [2025-04-23T02:28:20.283+0100] {dag.py:3262} INFO - Creating ORM DAG for example_xcom_args
[2025-04-23T02:28:20.283+0100] {logging_mixin.py:190} INFO - [2025-04-23T02:28:20.283+0100] {dag.py:3262} INFO - Creating ORM DAG for example_xcom_args_with_operators
[2025-04-23T02:28:20.283+0100] {logging_mixin.py:190} INFO - [2025-04-23T02:28:20.283+0100] {dag.py:4180} INFO - Setting next_dagrun for example_xcom_args to None, run_after=None
[2025-04-23T02:28:20.284+0100] {logging_mixin.py:190} INFO - [2025-04-23T02:28:20.283+0100] {dag.py:4180} INFO - Setting next_dagrun for example_xcom_args_with_operators to None, run_after=None
[2025-04-23T02:28:20.288+0100] {processor.py:208} INFO - Processing /Users/francisayanbadejo/venvs_projects/my_proj/lib/python3.9/site-packages/airflow/example_dags/example_xcomargs.py took 0.099 seconds
[2025-04-23T02:29:47.018+0100] {processor.py:186} INFO - Started process (PID=57815) to work on /Users/francisayanbadejo/venvs_projects/my_proj/lib/python3.9/site-packages/airflow/example_dags/example_xcomargs.py
[2025-04-23T02:29:47.020+0100] {processor.py:914} INFO - Processing file /Users/francisayanbadejo/venvs_projects/my_proj/lib/python3.9/site-packages/airflow/example_dags/example_xcomargs.py for tasks to queue
[2025-04-23T02:29:47.021+0100] {logging_mixin.py:190} INFO - [2025-04-23T02:29:47.021+0100] {dagbag.py:588} INFO - Filling up the DagBag from /Users/francisayanbadejo/venvs_projects/my_proj/lib/python3.9/site-packages/airflow/example_dags/example_xcomargs.py
[2025-04-23T02:29:47.032+0100] {processor.py:925} INFO - DAG(s) 'example_xcom_args', 'example_xcom_args_with_operators' retrieved from /Users/francisayanbadejo/venvs_projects/my_proj/lib/python3.9/site-packages/airflow/example_dags/example_xcomargs.py
[2025-04-23T02:29:47.064+0100] {logging_mixin.py:190} INFO - [2025-04-23T02:29:47.064+0100] {dag.py:3239} INFO - Sync 2 DAGs
[2025-04-23T02:29:47.067+0100] {logging_mixin.py:190} INFO - [2025-04-23T02:29:47.067+0100] {dag.py:4180} INFO - Setting next_dagrun for example_xcom_args to None, run_after=None
[2025-04-23T02:29:47.068+0100] {logging_mixin.py:190} INFO - [2025-04-23T02:29:47.068+0100] {dag.py:4180} INFO - Setting next_dagrun for example_xcom_args_with_operators to None, run_after=None
[2025-04-23T02:29:47.073+0100] {processor.py:208} INFO - Processing /Users/francisayanbadejo/venvs_projects/my_proj/lib/python3.9/site-packages/airflow/example_dags/example_xcomargs.py took 0.055 seconds
[2025-04-23T02:30:44.381+0100] {processor.py:186} INFO - Started process (PID=57906) to work on /Users/francisayanbadejo/venvs_projects/my_proj/lib/python3.9/site-packages/airflow/example_dags/example_xcomargs.py
[2025-04-23T02:30:44.383+0100] {processor.py:914} INFO - Processing file /Users/francisayanbadejo/venvs_projects/my_proj/lib/python3.9/site-packages/airflow/example_dags/example_xcomargs.py for tasks to queue
[2025-04-23T02:30:44.384+0100] {logging_mixin.py:190} INFO - [2025-04-23T02:30:44.384+0100] {dagbag.py:588} INFO - Filling up the DagBag from /Users/francisayanbadejo/venvs_projects/my_proj/lib/python3.9/site-packages/airflow/example_dags/example_xcomargs.py
[2025-04-23T02:30:44.394+0100] {processor.py:925} INFO - DAG(s) 'example_xcom_args_with_operators', 'example_xcom_args' retrieved from /Users/francisayanbadejo/venvs_projects/my_proj/lib/python3.9/site-packages/airflow/example_dags/example_xcomargs.py
[2025-04-23T02:30:44.425+0100] {logging_mixin.py:190} INFO - [2025-04-23T02:30:44.425+0100] {dag.py:3239} INFO - Sync 2 DAGs
[2025-04-23T02:30:44.431+0100] {logging_mixin.py:190} INFO - [2025-04-23T02:30:44.431+0100] {dag.py:4180} INFO - Setting next_dagrun for example_xcom_args to None, run_after=None
[2025-04-23T02:30:44.432+0100] {logging_mixin.py:190} INFO - [2025-04-23T02:30:44.432+0100] {dag.py:4180} INFO - Setting next_dagrun for example_xcom_args_with_operators to None, run_after=None
[2025-04-23T02:30:44.439+0100] {processor.py:208} INFO - Processing /Users/francisayanbadejo/venvs_projects/my_proj/lib/python3.9/site-packages/airflow/example_dags/example_xcomargs.py took 0.058 seconds
[2025-04-23T02:31:37.606+0100] {processor.py:186} INFO - Started process (PID=57996) to work on /Users/francisayanbadejo/venvs_projects/my_proj/lib/python3.9/site-packages/airflow/example_dags/example_xcomargs.py
[2025-04-23T02:31:37.607+0100] {processor.py:914} INFO - Processing file /Users/francisayanbadejo/venvs_projects/my_proj/lib/python3.9/site-packages/airflow/example_dags/example_xcomargs.py for tasks to queue
[2025-04-23T02:31:37.608+0100] {logging_mixin.py:190} INFO - [2025-04-23T02:31:37.608+0100] {dagbag.py:588} INFO - Filling up the DagBag from /Users/francisayanbadejo/venvs_projects/my_proj/lib/python3.9/site-packages/airflow/example_dags/example_xcomargs.py
[2025-04-23T02:31:37.621+0100] {processor.py:925} INFO - DAG(s) 'example_xcom_args', 'example_xcom_args_with_operators' retrieved from /Users/francisayanbadejo/venvs_projects/my_proj/lib/python3.9/site-packages/airflow/example_dags/example_xcomargs.py
[2025-04-23T02:31:37.655+0100] {logging_mixin.py:190} INFO - [2025-04-23T02:31:37.655+0100] {dag.py:3239} INFO - Sync 2 DAGs
[2025-04-23T02:31:37.659+0100] {logging_mixin.py:190} INFO - [2025-04-23T02:31:37.659+0100] {dag.py:4180} INFO - Setting next_dagrun for example_xcom_args to None, run_after=None
[2025-04-23T02:31:37.660+0100] {logging_mixin.py:190} INFO - [2025-04-23T02:31:37.660+0100] {dag.py:4180} INFO - Setting next_dagrun for example_xcom_args_with_operators to None, run_after=None
[2025-04-23T02:31:37.665+0100] {processor.py:208} INFO - Processing /Users/francisayanbadejo/venvs_projects/my_proj/lib/python3.9/site-packages/airflow/example_dags/example_xcomargs.py took 0.060 seconds
[2025-04-23T02:32:32.511+0100] {processor.py:186} INFO - Started process (PID=58152) to work on /Users/francisayanbadejo/venvs_projects/my_proj/lib/python3.9/site-packages/airflow/example_dags/example_xcomargs.py
[2025-04-23T02:32:32.512+0100] {processor.py:914} INFO - Processing file /Users/francisayanbadejo/venvs_projects/my_proj/lib/python3.9/site-packages/airflow/example_dags/example_xcomargs.py for tasks to queue
[2025-04-23T02:32:32.512+0100] {logging_mixin.py:190} INFO - [2025-04-23T02:32:32.512+0100] {dagbag.py:588} INFO - Filling up the DagBag from /Users/francisayanbadejo/venvs_projects/my_proj/lib/python3.9/site-packages/airflow/example_dags/example_xcomargs.py
[2025-04-23T02:32:32.522+0100] {processor.py:925} INFO - DAG(s) 'example_xcom_args_with_operators', 'example_xcom_args' retrieved from /Users/francisayanbadejo/venvs_projects/my_proj/lib/python3.9/site-packages/airflow/example_dags/example_xcomargs.py
[2025-04-23T02:32:32.553+0100] {logging_mixin.py:190} INFO - [2025-04-23T02:32:32.553+0100] {dag.py:3239} INFO - Sync 2 DAGs
[2025-04-23T02:32:32.557+0100] {logging_mixin.py:190} INFO - [2025-04-23T02:32:32.557+0100] {dag.py:4180} INFO - Setting next_dagrun for example_xcom_args to None, run_after=None
[2025-04-23T02:32:32.558+0100] {logging_mixin.py:190} INFO - [2025-04-23T02:32:32.558+0100] {dag.py:4180} INFO - Setting next_dagrun for example_xcom_args_with_operators to None, run_after=None
[2025-04-23T02:32:32.562+0100] {processor.py:208} INFO - Processing /Users/francisayanbadejo/venvs_projects/my_proj/lib/python3.9/site-packages/airflow/example_dags/example_xcomargs.py took 0.053 seconds
[2025-04-23T02:33:27.077+0100] {processor.py:186} INFO - Started process (PID=58259) to work on /Users/francisayanbadejo/venvs_projects/my_proj/lib/python3.9/site-packages/airflow/example_dags/example_xcomargs.py
[2025-04-23T02:33:27.079+0100] {processor.py:914} INFO - Processing file /Users/francisayanbadejo/venvs_projects/my_proj/lib/python3.9/site-packages/airflow/example_dags/example_xcomargs.py for tasks to queue
[2025-04-23T02:33:27.080+0100] {logging_mixin.py:190} INFO - [2025-04-23T02:33:27.080+0100] {dagbag.py:588} INFO - Filling up the DagBag from /Users/francisayanbadejo/venvs_projects/my_proj/lib/python3.9/site-packages/airflow/example_dags/example_xcomargs.py
[2025-04-23T02:33:27.090+0100] {processor.py:925} INFO - DAG(s) 'example_xcom_args', 'example_xcom_args_with_operators' retrieved from /Users/francisayanbadejo/venvs_projects/my_proj/lib/python3.9/site-packages/airflow/example_dags/example_xcomargs.py
[2025-04-23T02:33:27.122+0100] {logging_mixin.py:190} INFO - [2025-04-23T02:33:27.121+0100] {dag.py:3239} INFO - Sync 2 DAGs
[2025-04-23T02:33:27.125+0100] {logging_mixin.py:190} INFO - [2025-04-23T02:33:27.125+0100] {dag.py:4180} INFO - Setting next_dagrun for example_xcom_args to None, run_after=None
[2025-04-23T02:33:27.126+0100] {logging_mixin.py:190} INFO - [2025-04-23T02:33:27.126+0100] {dag.py:4180} INFO - Setting next_dagrun for example_xcom_args_with_operators to None, run_after=None
[2025-04-23T02:33:27.130+0100] {processor.py:208} INFO - Processing /Users/francisayanbadejo/venvs_projects/my_proj/lib/python3.9/site-packages/airflow/example_dags/example_xcomargs.py took 0.054 seconds
[2025-04-23T02:34:10.568+0100] {processor.py:186} INFO - Started process (PID=58449) to work on /Users/francisayanbadejo/venvs_projects/my_proj/lib/python3.9/site-packages/airflow/example_dags/example_xcomargs.py
[2025-04-23T02:34:10.569+0100] {processor.py:914} INFO - Processing file /Users/francisayanbadejo/venvs_projects/my_proj/lib/python3.9/site-packages/airflow/example_dags/example_xcomargs.py for tasks to queue
[2025-04-23T02:34:10.570+0100] {logging_mixin.py:190} INFO - [2025-04-23T02:34:10.570+0100] {dagbag.py:588} INFO - Filling up the DagBag from /Users/francisayanbadejo/venvs_projects/my_proj/lib/python3.9/site-packages/airflow/example_dags/example_xcomargs.py
[2025-04-23T02:34:10.580+0100] {processor.py:925} INFO - DAG(s) 'example_xcom_args', 'example_xcom_args_with_operators' retrieved from /Users/francisayanbadejo/venvs_projects/my_proj/lib/python3.9/site-packages/airflow/example_dags/example_xcomargs.py
[2025-04-23T02:34:10.611+0100] {logging_mixin.py:190} INFO - [2025-04-23T02:34:10.611+0100] {dag.py:3239} INFO - Sync 2 DAGs
[2025-04-23T02:34:10.615+0100] {logging_mixin.py:190} INFO - [2025-04-23T02:34:10.615+0100] {dag.py:4180} INFO - Setting next_dagrun for example_xcom_args to None, run_after=None
[2025-04-23T02:34:10.616+0100] {logging_mixin.py:190} INFO - [2025-04-23T02:34:10.615+0100] {dag.py:4180} INFO - Setting next_dagrun for example_xcom_args_with_operators to None, run_after=None
[2025-04-23T02:34:10.620+0100] {processor.py:208} INFO - Processing /Users/francisayanbadejo/venvs_projects/my_proj/lib/python3.9/site-packages/airflow/example_dags/example_xcomargs.py took 0.053 seconds
[2025-04-23T02:35:34.863+0100] {processor.py:186} INFO - Started process (PID=58571) to work on /Users/francisayanbadejo/venvs_projects/my_proj/lib/python3.9/site-packages/airflow/example_dags/example_xcomargs.py
[2025-04-23T02:35:34.865+0100] {processor.py:914} INFO - Processing file /Users/francisayanbadejo/venvs_projects/my_proj/lib/python3.9/site-packages/airflow/example_dags/example_xcomargs.py for tasks to queue
[2025-04-23T02:35:34.866+0100] {logging_mixin.py:190} INFO - [2025-04-23T02:35:34.866+0100] {dagbag.py:588} INFO - Filling up the DagBag from /Users/francisayanbadejo/venvs_projects/my_proj/lib/python3.9/site-packages/airflow/example_dags/example_xcomargs.py
[2025-04-23T02:35:34.876+0100] {processor.py:925} INFO - DAG(s) 'example_xcom_args', 'example_xcom_args_with_operators' retrieved from /Users/francisayanbadejo/venvs_projects/my_proj/lib/python3.9/site-packages/airflow/example_dags/example_xcomargs.py
[2025-04-23T02:35:34.910+0100] {logging_mixin.py:190} INFO - [2025-04-23T02:35:34.910+0100] {dag.py:3239} INFO - Sync 2 DAGs
[2025-04-23T02:35:34.914+0100] {logging_mixin.py:190} INFO - [2025-04-23T02:35:34.914+0100] {dag.py:4180} INFO - Setting next_dagrun for example_xcom_args to None, run_after=None
[2025-04-23T02:35:34.915+0100] {logging_mixin.py:190} INFO - [2025-04-23T02:35:34.915+0100] {dag.py:4180} INFO - Setting next_dagrun for example_xcom_args_with_operators to None, run_after=None
[2025-04-23T02:35:34.920+0100] {processor.py:208} INFO - Processing /Users/francisayanbadejo/venvs_projects/my_proj/lib/python3.9/site-packages/airflow/example_dags/example_xcomargs.py took 0.057 seconds
[2025-04-23T02:36:28.211+0100] {processor.py:186} INFO - Started process (PID=58651) to work on /Users/francisayanbadejo/venvs_projects/my_proj/lib/python3.9/site-packages/airflow/example_dags/example_xcomargs.py
[2025-04-23T02:36:28.213+0100] {processor.py:914} INFO - Processing file /Users/francisayanbadejo/venvs_projects/my_proj/lib/python3.9/site-packages/airflow/example_dags/example_xcomargs.py for tasks to queue
[2025-04-23T02:36:28.213+0100] {logging_mixin.py:190} INFO - [2025-04-23T02:36:28.213+0100] {dagbag.py:588} INFO - Filling up the DagBag from /Users/francisayanbadejo/venvs_projects/my_proj/lib/python3.9/site-packages/airflow/example_dags/example_xcomargs.py
[2025-04-23T02:36:28.225+0100] {processor.py:925} INFO - DAG(s) 'example_xcom_args_with_operators', 'example_xcom_args' retrieved from /Users/francisayanbadejo/venvs_projects/my_proj/lib/python3.9/site-packages/airflow/example_dags/example_xcomargs.py
[2025-04-23T02:36:28.258+0100] {logging_mixin.py:190} INFO - [2025-04-23T02:36:28.258+0100] {dag.py:3239} INFO - Sync 2 DAGs
[2025-04-23T02:36:28.261+0100] {logging_mixin.py:190} INFO - [2025-04-23T02:36:28.261+0100] {dag.py:4180} INFO - Setting next_dagrun for example_xcom_args to None, run_after=None
[2025-04-23T02:36:28.262+0100] {logging_mixin.py:190} INFO - [2025-04-23T02:36:28.262+0100] {dag.py:4180} INFO - Setting next_dagrun for example_xcom_args_with_operators to None, run_after=None
[2025-04-23T02:36:28.267+0100] {processor.py:208} INFO - Processing /Users/francisayanbadejo/venvs_projects/my_proj/lib/python3.9/site-packages/airflow/example_dags/example_xcomargs.py took 0.057 seconds
[2025-04-23T02:37:23.410+0100] {processor.py:186} INFO - Started process (PID=58740) to work on /Users/francisayanbadejo/venvs_projects/my_proj/lib/python3.9/site-packages/airflow/example_dags/example_xcomargs.py
[2025-04-23T02:37:23.411+0100] {processor.py:914} INFO - Processing file /Users/francisayanbadejo/venvs_projects/my_proj/lib/python3.9/site-packages/airflow/example_dags/example_xcomargs.py for tasks to queue
[2025-04-23T02:37:23.412+0100] {logging_mixin.py:190} INFO - [2025-04-23T02:37:23.412+0100] {dagbag.py:588} INFO - Filling up the DagBag from /Users/francisayanbadejo/venvs_projects/my_proj/lib/python3.9/site-packages/airflow/example_dags/example_xcomargs.py
[2025-04-23T02:37:23.423+0100] {processor.py:925} INFO - DAG(s) 'example_xcom_args_with_operators', 'example_xcom_args' retrieved from /Users/francisayanbadejo/venvs_projects/my_proj/lib/python3.9/site-packages/airflow/example_dags/example_xcomargs.py
[2025-04-23T02:37:23.454+0100] {logging_mixin.py:190} INFO - [2025-04-23T02:37:23.454+0100] {dag.py:3239} INFO - Sync 2 DAGs
[2025-04-23T02:37:23.458+0100] {logging_mixin.py:190} INFO - [2025-04-23T02:37:23.458+0100] {dag.py:4180} INFO - Setting next_dagrun for example_xcom_args to None, run_after=None
[2025-04-23T02:37:23.458+0100] {logging_mixin.py:190} INFO - [2025-04-23T02:37:23.458+0100] {dag.py:4180} INFO - Setting next_dagrun for example_xcom_args_with_operators to None, run_after=None
[2025-04-23T02:37:23.463+0100] {processor.py:208} INFO - Processing /Users/francisayanbadejo/venvs_projects/my_proj/lib/python3.9/site-packages/airflow/example_dags/example_xcomargs.py took 0.054 seconds
[2025-04-23T02:38:17.168+0100] {processor.py:186} INFO - Started process (PID=58872) to work on /Users/francisayanbadejo/venvs_projects/my_proj/lib/python3.9/site-packages/airflow/example_dags/example_xcomargs.py
[2025-04-23T02:38:17.170+0100] {processor.py:914} INFO - Processing file /Users/francisayanbadejo/venvs_projects/my_proj/lib/python3.9/site-packages/airflow/example_dags/example_xcomargs.py for tasks to queue
[2025-04-23T02:38:17.171+0100] {logging_mixin.py:190} INFO - [2025-04-23T02:38:17.171+0100] {dagbag.py:588} INFO - Filling up the DagBag from /Users/francisayanbadejo/venvs_projects/my_proj/lib/python3.9/site-packages/airflow/example_dags/example_xcomargs.py
[2025-04-23T02:38:17.181+0100] {processor.py:925} INFO - DAG(s) 'example_xcom_args', 'example_xcom_args_with_operators' retrieved from /Users/francisayanbadejo/venvs_projects/my_proj/lib/python3.9/site-packages/airflow/example_dags/example_xcomargs.py
[2025-04-23T02:38:17.214+0100] {logging_mixin.py:190} INFO - [2025-04-23T02:38:17.214+0100] {dag.py:3239} INFO - Sync 2 DAGs
[2025-04-23T02:38:17.218+0100] {logging_mixin.py:190} INFO - [2025-04-23T02:38:17.217+0100] {dag.py:4180} INFO - Setting next_dagrun for example_xcom_args to None, run_after=None
[2025-04-23T02:38:17.218+0100] {logging_mixin.py:190} INFO - [2025-04-23T02:38:17.218+0100] {dag.py:4180} INFO - Setting next_dagrun for example_xcom_args_with_operators to None, run_after=None
[2025-04-23T02:38:17.223+0100] {processor.py:208} INFO - Processing /Users/francisayanbadejo/venvs_projects/my_proj/lib/python3.9/site-packages/airflow/example_dags/example_xcomargs.py took 0.056 seconds
