[2025-04-23T02:28:27.799+0100] {processor.py:186} INFO - Started process (PID=57642) to work on /Users/francisayanbadejo/venvs_projects/my_proj/lib/python3.9/site-packages/airflow/example_dags/example_time_delta_sensor_async.py
[2025-04-23T02:28:27.800+0100] {processor.py:914} INFO - Processing file /Users/francisayanbadejo/venvs_projects/my_proj/lib/python3.9/site-packages/airflow/example_dags/example_time_delta_sensor_async.py for tasks to queue
[2025-04-23T02:28:27.801+0100] {logging_mixin.py:190} INFO - [2025-04-23T02:28:27.801+0100] {dagbag.py:588} INFO - Filling up the DagBag from /Users/francisayanbadejo/venvs_projects/my_proj/lib/python3.9/site-packages/airflow/example_dags/example_time_delta_sensor_async.py
[2025-04-23T02:28:27.804+0100] {processor.py:925} INFO - DAG(s) 'example_time_delta_sensor_async' retrieved from /Users/francisayanbadejo/venvs_projects/my_proj/lib/python3.9/site-packages/airflow/example_dags/example_time_delta_sensor_async.py
[2025-04-23T02:28:27.974+0100] {logging_mixin.py:190} INFO - [2025-04-23T02:28:27.974+0100] {override.py:1930} INFO - Created Permission View: can edit on DAG:example_time_delta_sensor_async
[2025-04-23T02:28:27.977+0100] {logging_mixin.py:190} INFO - [2025-04-23T02:28:27.977+0100] {override.py:1930} INFO - Created Permission View: can delete on DAG:example_time_delta_sensor_async
[2025-04-23T02:28:27.978+0100] {logging_mixin.py:190} INFO - [2025-04-23T02:28:27.978+0100] {override.py:1930} INFO - Created Permission View: can read on DAG:example_time_delta_sensor_async
[2025-04-23T02:28:27.980+0100] {logging_mixin.py:190} INFO - [2025-04-23T02:28:27.980+0100] {override.py:1930} INFO - Created Permission View: can create on DAG Run:example_time_delta_sensor_async
[2025-04-23T02:28:27.981+0100] {logging_mixin.py:190} INFO - [2025-04-23T02:28:27.981+0100] {override.py:1930} INFO - Created Permission View: menu access on DAG Run:example_time_delta_sensor_async
[2025-04-23T02:28:27.983+0100] {logging_mixin.py:190} INFO - [2025-04-23T02:28:27.983+0100] {override.py:1930} INFO - Created Permission View: can delete on DAG Run:example_time_delta_sensor_async
[2025-04-23T02:28:27.984+0100] {logging_mixin.py:190} INFO - [2025-04-23T02:28:27.984+0100] {override.py:1930} INFO - Created Permission View: can read on DAG Run:example_time_delta_sensor_async
[2025-04-23T02:28:27.984+0100] {logging_mixin.py:190} INFO - [2025-04-23T02:28:27.984+0100] {dag.py:3239} INFO - Sync 1 DAGs
[2025-04-23T02:28:27.988+0100] {logging_mixin.py:190} INFO - [2025-04-23T02:28:27.988+0100] {dag.py:3262} INFO - Creating ORM DAG for example_time_delta_sensor_async
[2025-04-23T02:28:27.988+0100] {logging_mixin.py:190} INFO - [2025-04-23T02:28:27.988+0100] {dag.py:4180} INFO - Setting next_dagrun for example_time_delta_sensor_async to None, run_after=None
[2025-04-23T02:28:27.992+0100] {processor.py:208} INFO - Processing /Users/francisayanbadejo/venvs_projects/my_proj/lib/python3.9/site-packages/airflow/example_dags/example_time_delta_sensor_async.py took 0.194 seconds
[2025-04-23T02:29:55.226+0100] {processor.py:186} INFO - Started process (PID=57829) to work on /Users/francisayanbadejo/venvs_projects/my_proj/lib/python3.9/site-packages/airflow/example_dags/example_time_delta_sensor_async.py
[2025-04-23T02:29:55.228+0100] {processor.py:914} INFO - Processing file /Users/francisayanbadejo/venvs_projects/my_proj/lib/python3.9/site-packages/airflow/example_dags/example_time_delta_sensor_async.py for tasks to queue
[2025-04-23T02:29:55.228+0100] {logging_mixin.py:190} INFO - [2025-04-23T02:29:55.228+0100] {dagbag.py:588} INFO - Filling up the DagBag from /Users/francisayanbadejo/venvs_projects/my_proj/lib/python3.9/site-packages/airflow/example_dags/example_time_delta_sensor_async.py
[2025-04-23T02:29:55.232+0100] {processor.py:925} INFO - DAG(s) 'example_time_delta_sensor_async' retrieved from /Users/francisayanbadejo/venvs_projects/my_proj/lib/python3.9/site-packages/airflow/example_dags/example_time_delta_sensor_async.py
[2025-04-23T02:29:55.383+0100] {logging_mixin.py:190} INFO - [2025-04-23T02:29:55.383+0100] {dag.py:3239} INFO - Sync 1 DAGs
[2025-04-23T02:29:55.386+0100] {logging_mixin.py:190} INFO - [2025-04-23T02:29:55.386+0100] {dag.py:4180} INFO - Setting next_dagrun for example_time_delta_sensor_async to None, run_after=None
[2025-04-23T02:29:55.391+0100] {processor.py:208} INFO - Processing /Users/francisayanbadejo/venvs_projects/my_proj/lib/python3.9/site-packages/airflow/example_dags/example_time_delta_sensor_async.py took 0.166 seconds
[2025-04-23T02:30:52.738+0100] {processor.py:186} INFO - Started process (PID=57920) to work on /Users/francisayanbadejo/venvs_projects/my_proj/lib/python3.9/site-packages/airflow/example_dags/example_time_delta_sensor_async.py
[2025-04-23T02:30:52.739+0100] {processor.py:914} INFO - Processing file /Users/francisayanbadejo/venvs_projects/my_proj/lib/python3.9/site-packages/airflow/example_dags/example_time_delta_sensor_async.py for tasks to queue
[2025-04-23T02:30:52.739+0100] {logging_mixin.py:190} INFO - [2025-04-23T02:30:52.739+0100] {dagbag.py:588} INFO - Filling up the DagBag from /Users/francisayanbadejo/venvs_projects/my_proj/lib/python3.9/site-packages/airflow/example_dags/example_time_delta_sensor_async.py
[2025-04-23T02:30:52.742+0100] {processor.py:925} INFO - DAG(s) 'example_time_delta_sensor_async' retrieved from /Users/francisayanbadejo/venvs_projects/my_proj/lib/python3.9/site-packages/airflow/example_dags/example_time_delta_sensor_async.py
[2025-04-23T02:30:52.897+0100] {logging_mixin.py:190} INFO - [2025-04-23T02:30:52.897+0100] {dag.py:3239} INFO - Sync 1 DAGs
[2025-04-23T02:30:52.901+0100] {logging_mixin.py:190} INFO - [2025-04-23T02:30:52.901+0100] {dag.py:4180} INFO - Setting next_dagrun for example_time_delta_sensor_async to None, run_after=None
[2025-04-23T02:30:52.908+0100] {processor.py:208} INFO - Processing /Users/francisayanbadejo/venvs_projects/my_proj/lib/python3.9/site-packages/airflow/example_dags/example_time_delta_sensor_async.py took 0.171 seconds
[2025-04-23T02:32:39.883+0100] {processor.py:186} INFO - Started process (PID=58168) to work on /Users/francisayanbadejo/venvs_projects/my_proj/lib/python3.9/site-packages/airflow/example_dags/example_time_delta_sensor_async.py
[2025-04-23T02:32:39.885+0100] {processor.py:914} INFO - Processing file /Users/francisayanbadejo/venvs_projects/my_proj/lib/python3.9/site-packages/airflow/example_dags/example_time_delta_sensor_async.py for tasks to queue
[2025-04-23T02:32:39.886+0100] {logging_mixin.py:190} INFO - [2025-04-23T02:32:39.886+0100] {dagbag.py:588} INFO - Filling up the DagBag from /Users/francisayanbadejo/venvs_projects/my_proj/lib/python3.9/site-packages/airflow/example_dags/example_time_delta_sensor_async.py
[2025-04-23T02:32:39.890+0100] {processor.py:925} INFO - DAG(s) 'example_time_delta_sensor_async' retrieved from /Users/francisayanbadejo/venvs_projects/my_proj/lib/python3.9/site-packages/airflow/example_dags/example_time_delta_sensor_async.py
[2025-04-23T02:32:40.048+0100] {logging_mixin.py:190} INFO - [2025-04-23T02:32:40.047+0100] {dag.py:3239} INFO - Sync 1 DAGs
[2025-04-23T02:32:40.051+0100] {logging_mixin.py:190} INFO - [2025-04-23T02:32:40.051+0100] {dag.py:4180} INFO - Setting next_dagrun for example_time_delta_sensor_async to None, run_after=None
[2025-04-23T02:32:40.056+0100] {processor.py:208} INFO - Processing /Users/francisayanbadejo/venvs_projects/my_proj/lib/python3.9/site-packages/airflow/example_dags/example_time_delta_sensor_async.py took 0.174 seconds
[2025-04-23T02:33:34.527+0100] {processor.py:186} INFO - Started process (PID=58277) to work on /Users/francisayanbadejo/venvs_projects/my_proj/lib/python3.9/site-packages/airflow/example_dags/example_time_delta_sensor_async.py
[2025-04-23T02:33:34.529+0100] {processor.py:914} INFO - Processing file /Users/francisayanbadejo/venvs_projects/my_proj/lib/python3.9/site-packages/airflow/example_dags/example_time_delta_sensor_async.py for tasks to queue
[2025-04-23T02:33:34.529+0100] {logging_mixin.py:190} INFO - [2025-04-23T02:33:34.529+0100] {dagbag.py:588} INFO - Filling up the DagBag from /Users/francisayanbadejo/venvs_projects/my_proj/lib/python3.9/site-packages/airflow/example_dags/example_time_delta_sensor_async.py
[2025-04-23T02:33:34.533+0100] {processor.py:925} INFO - DAG(s) 'example_time_delta_sensor_async' retrieved from /Users/francisayanbadejo/venvs_projects/my_proj/lib/python3.9/site-packages/airflow/example_dags/example_time_delta_sensor_async.py
[2025-04-23T02:33:34.708+0100] {logging_mixin.py:190} INFO - [2025-04-23T02:33:34.708+0100] {dag.py:3239} INFO - Sync 1 DAGs
[2025-04-23T02:33:34.711+0100] {logging_mixin.py:190} INFO - [2025-04-23T02:33:34.711+0100] {dag.py:4180} INFO - Setting next_dagrun for example_time_delta_sensor_async to None, run_after=None
[2025-04-23T02:33:34.716+0100] {processor.py:208} INFO - Processing /Users/francisayanbadejo/venvs_projects/my_proj/lib/python3.9/site-packages/airflow/example_dags/example_time_delta_sensor_async.py took 0.190 seconds
[2025-04-23T02:34:19.123+0100] {processor.py:186} INFO - Started process (PID=58462) to work on /Users/francisayanbadejo/venvs_projects/my_proj/lib/python3.9/site-packages/airflow/example_dags/example_time_delta_sensor_async.py
[2025-04-23T02:34:19.125+0100] {processor.py:914} INFO - Processing file /Users/francisayanbadejo/venvs_projects/my_proj/lib/python3.9/site-packages/airflow/example_dags/example_time_delta_sensor_async.py for tasks to queue
[2025-04-23T02:34:19.126+0100] {logging_mixin.py:190} INFO - [2025-04-23T02:34:19.126+0100] {dagbag.py:588} INFO - Filling up the DagBag from /Users/francisayanbadejo/venvs_projects/my_proj/lib/python3.9/site-packages/airflow/example_dags/example_time_delta_sensor_async.py
[2025-04-23T02:34:19.129+0100] {processor.py:925} INFO - DAG(s) 'example_time_delta_sensor_async' retrieved from /Users/francisayanbadejo/venvs_projects/my_proj/lib/python3.9/site-packages/airflow/example_dags/example_time_delta_sensor_async.py
[2025-04-23T02:34:19.275+0100] {logging_mixin.py:190} INFO - [2025-04-23T02:34:19.275+0100] {dag.py:3239} INFO - Sync 1 DAGs
[2025-04-23T02:34:19.278+0100] {logging_mixin.py:190} INFO - [2025-04-23T02:34:19.278+0100] {dag.py:4180} INFO - Setting next_dagrun for example_time_delta_sensor_async to None, run_after=None
[2025-04-23T02:34:19.284+0100] {processor.py:208} INFO - Processing /Users/francisayanbadejo/venvs_projects/my_proj/lib/python3.9/site-packages/airflow/example_dags/example_time_delta_sensor_async.py took 0.161 seconds
[2025-04-23T02:35:41.573+0100] {processor.py:186} INFO - Started process (PID=58582) to work on /Users/francisayanbadejo/venvs_projects/my_proj/lib/python3.9/site-packages/airflow/example_dags/example_time_delta_sensor_async.py
[2025-04-23T02:35:41.574+0100] {processor.py:914} INFO - Processing file /Users/francisayanbadejo/venvs_projects/my_proj/lib/python3.9/site-packages/airflow/example_dags/example_time_delta_sensor_async.py for tasks to queue
[2025-04-23T02:35:41.575+0100] {logging_mixin.py:190} INFO - [2025-04-23T02:35:41.575+0100] {dagbag.py:588} INFO - Filling up the DagBag from /Users/francisayanbadejo/venvs_projects/my_proj/lib/python3.9/site-packages/airflow/example_dags/example_time_delta_sensor_async.py
[2025-04-23T02:35:41.578+0100] {processor.py:925} INFO - DAG(s) 'example_time_delta_sensor_async' retrieved from /Users/francisayanbadejo/venvs_projects/my_proj/lib/python3.9/site-packages/airflow/example_dags/example_time_delta_sensor_async.py
[2025-04-23T02:35:41.727+0100] {logging_mixin.py:190} INFO - [2025-04-23T02:35:41.727+0100] {dag.py:3239} INFO - Sync 1 DAGs
[2025-04-23T02:35:41.731+0100] {logging_mixin.py:190} INFO - [2025-04-23T02:35:41.731+0100] {dag.py:4180} INFO - Setting next_dagrun for example_time_delta_sensor_async to None, run_after=None
[2025-04-23T02:35:41.736+0100] {processor.py:208} INFO - Processing /Users/francisayanbadejo/venvs_projects/my_proj/lib/python3.9/site-packages/airflow/example_dags/example_time_delta_sensor_async.py took 0.164 seconds
[2025-04-23T02:36:36.063+0100] {processor.py:186} INFO - Started process (PID=58669) to work on /Users/francisayanbadejo/venvs_projects/my_proj/lib/python3.9/site-packages/airflow/example_dags/example_time_delta_sensor_async.py
[2025-04-23T02:36:36.064+0100] {processor.py:914} INFO - Processing file /Users/francisayanbadejo/venvs_projects/my_proj/lib/python3.9/site-packages/airflow/example_dags/example_time_delta_sensor_async.py for tasks to queue
[2025-04-23T02:36:36.065+0100] {logging_mixin.py:190} INFO - [2025-04-23T02:36:36.065+0100] {dagbag.py:588} INFO - Filling up the DagBag from /Users/francisayanbadejo/venvs_projects/my_proj/lib/python3.9/site-packages/airflow/example_dags/example_time_delta_sensor_async.py
[2025-04-23T02:36:36.068+0100] {processor.py:925} INFO - DAG(s) 'example_time_delta_sensor_async' retrieved from /Users/francisayanbadejo/venvs_projects/my_proj/lib/python3.9/site-packages/airflow/example_dags/example_time_delta_sensor_async.py
[2025-04-23T02:36:36.220+0100] {logging_mixin.py:190} INFO - [2025-04-23T02:36:36.220+0100] {dag.py:3239} INFO - Sync 1 DAGs
[2025-04-23T02:36:36.224+0100] {logging_mixin.py:190} INFO - [2025-04-23T02:36:36.224+0100] {dag.py:4180} INFO - Setting next_dagrun for example_time_delta_sensor_async to None, run_after=None
[2025-04-23T02:36:36.229+0100] {processor.py:208} INFO - Processing /Users/francisayanbadejo/venvs_projects/my_proj/lib/python3.9/site-packages/airflow/example_dags/example_time_delta_sensor_async.py took 0.167 seconds
[2025-04-23T02:37:30.359+0100] {processor.py:186} INFO - Started process (PID=58761) to work on /Users/francisayanbadejo/venvs_projects/my_proj/lib/python3.9/site-packages/airflow/example_dags/example_time_delta_sensor_async.py
[2025-04-23T02:37:30.360+0100] {processor.py:914} INFO - Processing file /Users/francisayanbadejo/venvs_projects/my_proj/lib/python3.9/site-packages/airflow/example_dags/example_time_delta_sensor_async.py for tasks to queue
[2025-04-23T02:37:30.361+0100] {logging_mixin.py:190} INFO - [2025-04-23T02:37:30.361+0100] {dagbag.py:588} INFO - Filling up the DagBag from /Users/francisayanbadejo/venvs_projects/my_proj/lib/python3.9/site-packages/airflow/example_dags/example_time_delta_sensor_async.py
[2025-04-23T02:37:30.364+0100] {processor.py:925} INFO - DAG(s) 'example_time_delta_sensor_async' retrieved from /Users/francisayanbadejo/venvs_projects/my_proj/lib/python3.9/site-packages/airflow/example_dags/example_time_delta_sensor_async.py
[2025-04-23T02:37:30.515+0100] {logging_mixin.py:190} INFO - [2025-04-23T02:37:30.515+0100] {dag.py:3239} INFO - Sync 1 DAGs
[2025-04-23T02:37:30.519+0100] {logging_mixin.py:190} INFO - [2025-04-23T02:37:30.519+0100] {dag.py:4180} INFO - Setting next_dagrun for example_time_delta_sensor_async to None, run_after=None
[2025-04-23T02:37:30.524+0100] {processor.py:208} INFO - Processing /Users/francisayanbadejo/venvs_projects/my_proj/lib/python3.9/site-packages/airflow/example_dags/example_time_delta_sensor_async.py took 0.166 seconds
[2025-04-23T02:38:25.659+0100] {processor.py:186} INFO - Started process (PID=58893) to work on /Users/francisayanbadejo/venvs_projects/my_proj/lib/python3.9/site-packages/airflow/example_dags/example_time_delta_sensor_async.py
[2025-04-23T02:38:25.660+0100] {processor.py:914} INFO - Processing file /Users/francisayanbadejo/venvs_projects/my_proj/lib/python3.9/site-packages/airflow/example_dags/example_time_delta_sensor_async.py for tasks to queue
[2025-04-23T02:38:25.660+0100] {logging_mixin.py:190} INFO - [2025-04-23T02:38:25.660+0100] {dagbag.py:588} INFO - Filling up the DagBag from /Users/francisayanbadejo/venvs_projects/my_proj/lib/python3.9/site-packages/airflow/example_dags/example_time_delta_sensor_async.py
[2025-04-23T02:38:25.663+0100] {processor.py:925} INFO - DAG(s) 'example_time_delta_sensor_async' retrieved from /Users/francisayanbadejo/venvs_projects/my_proj/lib/python3.9/site-packages/airflow/example_dags/example_time_delta_sensor_async.py
[2025-04-23T02:38:25.822+0100] {logging_mixin.py:190} INFO - [2025-04-23T02:38:25.822+0100] {dag.py:3239} INFO - Sync 1 DAGs
[2025-04-23T02:38:25.825+0100] {logging_mixin.py:190} INFO - [2025-04-23T02:38:25.825+0100] {dag.py:4180} INFO - Setting next_dagrun for example_time_delta_sensor_async to None, run_after=None
[2025-04-23T02:38:25.831+0100] {processor.py:208} INFO - Processing /Users/francisayanbadejo/venvs_projects/my_proj/lib/python3.9/site-packages/airflow/example_dags/example_time_delta_sensor_async.py took 0.173 seconds
