[2025-04-23T02:28:54.215+0100] {processor.py:186} INFO - Started process (PID=57693) to work on /Users/francisayanbadejo/venvs_projects/my_proj/lib/python3.9/site-packages/airflow/example_dags/example_outlet_event_extra.py
[2025-04-23T02:28:54.216+0100] {processor.py:914} INFO - Processing file /Users/francisayanbadejo/venvs_projects/my_proj/lib/python3.9/site-packages/airflow/example_dags/example_outlet_event_extra.py for tasks to queue
[2025-04-23T02:28:54.217+0100] {logging_mixin.py:190} INFO - [2025-04-23T02:28:54.217+0100] {dagbag.py:588} INFO - Filling up the DagBag from /Users/francisayanbadejo/venvs_projects/my_proj/lib/python3.9/site-packages/airflow/example_dags/example_outlet_event_extra.py
[2025-04-23T02:28:54.255+0100] {processor.py:925} INFO - DAG(s) 'dataset_with_extra_by_yield', 'dataset_with_extra_from_classic_operator', 'dataset_with_extra_by_context' retrieved from /Users/francisayanbadejo/venvs_projects/my_proj/lib/python3.9/site-packages/airflow/example_dags/example_outlet_event_extra.py
[2025-04-23T02:28:54.311+0100] {logging_mixin.py:190} INFO - [2025-04-23T02:28:54.311+0100] {override.py:1930} INFO - Created Permission View: can edit on DAG:dataset_with_extra_by_yield
[2025-04-23T02:28:54.314+0100] {logging_mixin.py:190} INFO - [2025-04-23T02:28:54.314+0100] {override.py:1930} INFO - Created Permission View: can read on DAG:dataset_with_extra_by_yield
[2025-04-23T02:28:54.315+0100] {logging_mixin.py:190} INFO - [2025-04-23T02:28:54.315+0100] {override.py:1930} INFO - Created Permission View: can delete on DAG:dataset_with_extra_by_yield
[2025-04-23T02:28:54.317+0100] {logging_mixin.py:190} INFO - [2025-04-23T02:28:54.317+0100] {override.py:1930} INFO - Created Permission View: can create on DAG Run:dataset_with_extra_by_yield
[2025-04-23T02:28:54.318+0100] {logging_mixin.py:190} INFO - [2025-04-23T02:28:54.318+0100] {override.py:1930} INFO - Created Permission View: can read on DAG Run:dataset_with_extra_by_yield
[2025-04-23T02:28:54.320+0100] {logging_mixin.py:190} INFO - [2025-04-23T02:28:54.320+0100] {override.py:1930} INFO - Created Permission View: menu access on DAG Run:dataset_with_extra_by_yield
[2025-04-23T02:28:54.321+0100] {logging_mixin.py:190} INFO - [2025-04-23T02:28:54.321+0100] {override.py:1930} INFO - Created Permission View: can delete on DAG Run:dataset_with_extra_by_yield
[2025-04-23T02:28:54.324+0100] {logging_mixin.py:190} INFO - [2025-04-23T02:28:54.324+0100] {override.py:1930} INFO - Created Permission View: can edit on DAG:dataset_with_extra_from_classic_operator
[2025-04-23T02:28:54.326+0100] {logging_mixin.py:190} INFO - [2025-04-23T02:28:54.326+0100] {override.py:1930} INFO - Created Permission View: can read on DAG:dataset_with_extra_from_classic_operator
[2025-04-23T02:28:54.327+0100] {logging_mixin.py:190} INFO - [2025-04-23T02:28:54.327+0100] {override.py:1930} INFO - Created Permission View: can delete on DAG:dataset_with_extra_from_classic_operator
[2025-04-23T02:28:54.329+0100] {logging_mixin.py:190} INFO - [2025-04-23T02:28:54.329+0100] {override.py:1930} INFO - Created Permission View: can create on DAG Run:dataset_with_extra_from_classic_operator
[2025-04-23T02:28:54.330+0100] {logging_mixin.py:190} INFO - [2025-04-23T02:28:54.330+0100] {override.py:1930} INFO - Created Permission View: can read on DAG Run:dataset_with_extra_from_classic_operator
[2025-04-23T02:28:54.331+0100] {logging_mixin.py:190} INFO - [2025-04-23T02:28:54.331+0100] {override.py:1930} INFO - Created Permission View: menu access on DAG Run:dataset_with_extra_from_classic_operator
[2025-04-23T02:28:54.333+0100] {logging_mixin.py:190} INFO - [2025-04-23T02:28:54.333+0100] {override.py:1930} INFO - Created Permission View: can delete on DAG Run:dataset_with_extra_from_classic_operator
[2025-04-23T02:28:54.335+0100] {logging_mixin.py:190} INFO - [2025-04-23T02:28:54.335+0100] {override.py:1930} INFO - Created Permission View: can edit on DAG:dataset_with_extra_by_context
[2025-04-23T02:28:54.337+0100] {logging_mixin.py:190} INFO - [2025-04-23T02:28:54.337+0100] {override.py:1930} INFO - Created Permission View: can read on DAG:dataset_with_extra_by_context
[2025-04-23T02:28:54.338+0100] {logging_mixin.py:190} INFO - [2025-04-23T02:28:54.338+0100] {override.py:1930} INFO - Created Permission View: can delete on DAG:dataset_with_extra_by_context
[2025-04-23T02:28:54.340+0100] {logging_mixin.py:190} INFO - [2025-04-23T02:28:54.340+0100] {override.py:1930} INFO - Created Permission View: can create on DAG Run:dataset_with_extra_by_context
[2025-04-23T02:28:54.341+0100] {logging_mixin.py:190} INFO - [2025-04-23T02:28:54.341+0100] {override.py:1930} INFO - Created Permission View: can read on DAG Run:dataset_with_extra_by_context
[2025-04-23T02:28:54.342+0100] {logging_mixin.py:190} INFO - [2025-04-23T02:28:54.342+0100] {override.py:1930} INFO - Created Permission View: menu access on DAG Run:dataset_with_extra_by_context
[2025-04-23T02:28:54.344+0100] {logging_mixin.py:190} INFO - [2025-04-23T02:28:54.344+0100] {override.py:1930} INFO - Created Permission View: can delete on DAG Run:dataset_with_extra_by_context
[2025-04-23T02:28:54.344+0100] {logging_mixin.py:190} INFO - [2025-04-23T02:28:54.344+0100] {dag.py:3239} INFO - Sync 3 DAGs
[2025-04-23T02:28:54.348+0100] {logging_mixin.py:190} INFO - [2025-04-23T02:28:54.348+0100] {dag.py:3262} INFO - Creating ORM DAG for dataset_with_extra_by_yield
[2025-04-23T02:28:54.348+0100] {logging_mixin.py:190} INFO - [2025-04-23T02:28:54.348+0100] {dag.py:3262} INFO - Creating ORM DAG for dataset_with_extra_by_context
[2025-04-23T02:28:54.348+0100] {logging_mixin.py:190} INFO - [2025-04-23T02:28:54.348+0100] {dag.py:3262} INFO - Creating ORM DAG for dataset_with_extra_from_classic_operator
[2025-04-23T02:28:54.351+0100] {logging_mixin.py:190} INFO - [2025-04-23T02:28:54.351+0100] {dag.py:4180} INFO - Setting next_dagrun for dataset_with_extra_by_context to 2025-04-22 00:00:00+00:00, run_after=2025-04-23 00:00:00+00:00
[2025-04-23T02:28:54.351+0100] {logging_mixin.py:190} INFO - [2025-04-23T02:28:54.351+0100] {dag.py:4180} INFO - Setting next_dagrun for dataset_with_extra_by_yield to 2025-04-22 00:00:00+00:00, run_after=2025-04-23 00:00:00+00:00
[2025-04-23T02:28:54.352+0100] {logging_mixin.py:190} INFO - [2025-04-23T02:28:54.352+0100] {dag.py:4180} INFO - Setting next_dagrun for dataset_with_extra_from_classic_operator to 2025-04-22 00:00:00+00:00, run_after=2025-04-23 00:00:00+00:00
[2025-04-23T02:28:54.501+0100] {processor.py:208} INFO - Processing /Users/francisayanbadejo/venvs_projects/my_proj/lib/python3.9/site-packages/airflow/example_dags/example_outlet_event_extra.py took 0.287 seconds
[2025-04-23T02:30:19.066+0100] {processor.py:186} INFO - Started process (PID=57869) to work on /Users/francisayanbadejo/venvs_projects/my_proj/lib/python3.9/site-packages/airflow/example_dags/example_outlet_event_extra.py
[2025-04-23T02:30:19.067+0100] {processor.py:914} INFO - Processing file /Users/francisayanbadejo/venvs_projects/my_proj/lib/python3.9/site-packages/airflow/example_dags/example_outlet_event_extra.py for tasks to queue
[2025-04-23T02:30:19.067+0100] {logging_mixin.py:190} INFO - [2025-04-23T02:30:19.067+0100] {dagbag.py:588} INFO - Filling up the DagBag from /Users/francisayanbadejo/venvs_projects/my_proj/lib/python3.9/site-packages/airflow/example_dags/example_outlet_event_extra.py
[2025-04-23T02:30:19.104+0100] {processor.py:925} INFO - DAG(s) 'dataset_with_extra_by_yield', 'dataset_with_extra_from_classic_operator', 'dataset_with_extra_by_context' retrieved from /Users/francisayanbadejo/venvs_projects/my_proj/lib/python3.9/site-packages/airflow/example_dags/example_outlet_event_extra.py
[2025-04-23T02:30:19.136+0100] {logging_mixin.py:190} INFO - [2025-04-23T02:30:19.136+0100] {dag.py:3239} INFO - Sync 3 DAGs
[2025-04-23T02:30:19.142+0100] {logging_mixin.py:190} INFO - [2025-04-23T02:30:19.142+0100] {dag.py:4180} INFO - Setting next_dagrun for dataset_with_extra_by_context to 2025-04-22 00:00:00+00:00, run_after=2025-04-23 00:00:00+00:00
[2025-04-23T02:30:19.143+0100] {logging_mixin.py:190} INFO - [2025-04-23T02:30:19.143+0100] {dag.py:4180} INFO - Setting next_dagrun for dataset_with_extra_by_yield to 2025-04-22 00:00:00+00:00, run_after=2025-04-23 00:00:00+00:00
[2025-04-23T02:30:19.144+0100] {logging_mixin.py:190} INFO - [2025-04-23T02:30:19.144+0100] {dag.py:4180} INFO - Setting next_dagrun for dataset_with_extra_from_classic_operator to 2025-04-22 00:00:00+00:00, run_after=2025-04-23 00:00:00+00:00
[2025-04-23T02:30:19.149+0100] {processor.py:208} INFO - Processing /Users/francisayanbadejo/venvs_projects/my_proj/lib/python3.9/site-packages/airflow/example_dags/example_outlet_event_extra.py took 0.084 seconds
[2025-04-23T02:32:08.079+0100] {processor.py:186} INFO - Started process (PID=58080) to work on /Users/francisayanbadejo/venvs_projects/my_proj/lib/python3.9/site-packages/airflow/example_dags/example_outlet_event_extra.py
[2025-04-23T02:32:08.081+0100] {processor.py:914} INFO - Processing file /Users/francisayanbadejo/venvs_projects/my_proj/lib/python3.9/site-packages/airflow/example_dags/example_outlet_event_extra.py for tasks to queue
[2025-04-23T02:32:08.082+0100] {logging_mixin.py:190} INFO - [2025-04-23T02:32:08.082+0100] {dagbag.py:588} INFO - Filling up the DagBag from /Users/francisayanbadejo/venvs_projects/my_proj/lib/python3.9/site-packages/airflow/example_dags/example_outlet_event_extra.py
[2025-04-23T02:32:08.118+0100] {processor.py:925} INFO - DAG(s) 'dataset_with_extra_by_context', 'dataset_with_extra_from_classic_operator', 'dataset_with_extra_by_yield' retrieved from /Users/francisayanbadejo/venvs_projects/my_proj/lib/python3.9/site-packages/airflow/example_dags/example_outlet_event_extra.py
[2025-04-23T02:32:08.149+0100] {logging_mixin.py:190} INFO - [2025-04-23T02:32:08.148+0100] {dag.py:3239} INFO - Sync 3 DAGs
[2025-04-23T02:32:08.154+0100] {logging_mixin.py:190} INFO - [2025-04-23T02:32:08.154+0100] {dag.py:4180} INFO - Setting next_dagrun for dataset_with_extra_by_context to 2025-04-22 00:00:00+00:00, run_after=2025-04-23 00:00:00+00:00
[2025-04-23T02:32:08.155+0100] {logging_mixin.py:190} INFO - [2025-04-23T02:32:08.155+0100] {dag.py:4180} INFO - Setting next_dagrun for dataset_with_extra_by_yield to 2025-04-22 00:00:00+00:00, run_after=2025-04-23 00:00:00+00:00
[2025-04-23T02:32:08.156+0100] {logging_mixin.py:190} INFO - [2025-04-23T02:32:08.156+0100] {dag.py:4180} INFO - Setting next_dagrun for dataset_with_extra_from_classic_operator to 2025-04-22 00:00:00+00:00, run_after=2025-04-23 00:00:00+00:00
[2025-04-23T02:32:08.161+0100] {processor.py:208} INFO - Processing /Users/francisayanbadejo/venvs_projects/my_proj/lib/python3.9/site-packages/airflow/example_dags/example_outlet_event_extra.py took 0.083 seconds
[2025-04-23T02:34:44.528+0100] {processor.py:186} INFO - Started process (PID=58498) to work on /Users/francisayanbadejo/venvs_projects/my_proj/lib/python3.9/site-packages/airflow/example_dags/example_outlet_event_extra.py
[2025-04-23T02:34:44.529+0100] {processor.py:914} INFO - Processing file /Users/francisayanbadejo/venvs_projects/my_proj/lib/python3.9/site-packages/airflow/example_dags/example_outlet_event_extra.py for tasks to queue
[2025-04-23T02:34:44.530+0100] {logging_mixin.py:190} INFO - [2025-04-23T02:34:44.529+0100] {dagbag.py:588} INFO - Filling up the DagBag from /Users/francisayanbadejo/venvs_projects/my_proj/lib/python3.9/site-packages/airflow/example_dags/example_outlet_event_extra.py
[2025-04-23T02:34:44.565+0100] {processor.py:925} INFO - DAG(s) 'dataset_with_extra_by_yield', 'dataset_with_extra_by_context', 'dataset_with_extra_from_classic_operator' retrieved from /Users/francisayanbadejo/venvs_projects/my_proj/lib/python3.9/site-packages/airflow/example_dags/example_outlet_event_extra.py
[2025-04-23T02:34:44.597+0100] {logging_mixin.py:190} INFO - [2025-04-23T02:34:44.597+0100] {dag.py:3239} INFO - Sync 3 DAGs
[2025-04-23T02:34:44.603+0100] {logging_mixin.py:190} INFO - [2025-04-23T02:34:44.603+0100] {dag.py:4180} INFO - Setting next_dagrun for dataset_with_extra_by_context to 2025-04-22 00:00:00+00:00, run_after=2025-04-23 00:00:00+00:00
[2025-04-23T02:34:44.604+0100] {logging_mixin.py:190} INFO - [2025-04-23T02:34:44.604+0100] {dag.py:4180} INFO - Setting next_dagrun for dataset_with_extra_by_yield to 2025-04-22 00:00:00+00:00, run_after=2025-04-23 00:00:00+00:00
[2025-04-23T02:34:44.605+0100] {logging_mixin.py:190} INFO - [2025-04-23T02:34:44.605+0100] {dag.py:4180} INFO - Setting next_dagrun for dataset_with_extra_from_classic_operator to 2025-04-22 00:00:00+00:00, run_after=2025-04-23 00:00:00+00:00
[2025-04-23T02:34:44.610+0100] {processor.py:208} INFO - Processing /Users/francisayanbadejo/venvs_projects/my_proj/lib/python3.9/site-packages/airflow/example_dags/example_outlet_event_extra.py took 0.083 seconds
[2025-04-23T02:36:07.931+0100] {processor.py:186} INFO - Started process (PID=58619) to work on /Users/francisayanbadejo/venvs_projects/my_proj/lib/python3.9/site-packages/airflow/example_dags/example_outlet_event_extra.py
[2025-04-23T02:36:07.932+0100] {processor.py:914} INFO - Processing file /Users/francisayanbadejo/venvs_projects/my_proj/lib/python3.9/site-packages/airflow/example_dags/example_outlet_event_extra.py for tasks to queue
[2025-04-23T02:36:07.932+0100] {logging_mixin.py:190} INFO - [2025-04-23T02:36:07.932+0100] {dagbag.py:588} INFO - Filling up the DagBag from /Users/francisayanbadejo/venvs_projects/my_proj/lib/python3.9/site-packages/airflow/example_dags/example_outlet_event_extra.py
[2025-04-23T02:36:07.970+0100] {processor.py:925} INFO - DAG(s) 'dataset_with_extra_from_classic_operator', 'dataset_with_extra_by_context', 'dataset_with_extra_by_yield' retrieved from /Users/francisayanbadejo/venvs_projects/my_proj/lib/python3.9/site-packages/airflow/example_dags/example_outlet_event_extra.py
[2025-04-23T02:36:08.002+0100] {logging_mixin.py:190} INFO - [2025-04-23T02:36:08.002+0100] {dag.py:3239} INFO - Sync 3 DAGs
[2025-04-23T02:36:08.007+0100] {logging_mixin.py:190} INFO - [2025-04-23T02:36:08.007+0100] {dag.py:4180} INFO - Setting next_dagrun for dataset_with_extra_by_context to 2025-04-22 00:00:00+00:00, run_after=2025-04-23 00:00:00+00:00
[2025-04-23T02:36:08.008+0100] {logging_mixin.py:190} INFO - [2025-04-23T02:36:08.008+0100] {dag.py:4180} INFO - Setting next_dagrun for dataset_with_extra_by_yield to 2025-04-22 00:00:00+00:00, run_after=2025-04-23 00:00:00+00:00
[2025-04-23T02:36:08.009+0100] {logging_mixin.py:190} INFO - [2025-04-23T02:36:08.009+0100] {dag.py:4180} INFO - Setting next_dagrun for dataset_with_extra_from_classic_operator to 2025-04-22 00:00:00+00:00, run_after=2025-04-23 00:00:00+00:00
[2025-04-23T02:36:08.014+0100] {processor.py:208} INFO - Processing /Users/francisayanbadejo/venvs_projects/my_proj/lib/python3.9/site-packages/airflow/example_dags/example_outlet_event_extra.py took 0.085 seconds
[2025-04-23T02:37:56.154+0100] {processor.py:186} INFO - Started process (PID=58825) to work on /Users/francisayanbadejo/venvs_projects/my_proj/lib/python3.9/site-packages/airflow/example_dags/example_outlet_event_extra.py
[2025-04-23T02:37:56.156+0100] {processor.py:914} INFO - Processing file /Users/francisayanbadejo/venvs_projects/my_proj/lib/python3.9/site-packages/airflow/example_dags/example_outlet_event_extra.py for tasks to queue
[2025-04-23T02:37:56.157+0100] {logging_mixin.py:190} INFO - [2025-04-23T02:37:56.157+0100] {dagbag.py:588} INFO - Filling up the DagBag from /Users/francisayanbadejo/venvs_projects/my_proj/lib/python3.9/site-packages/airflow/example_dags/example_outlet_event_extra.py
[2025-04-23T02:37:56.194+0100] {processor.py:925} INFO - DAG(s) 'dataset_with_extra_by_context', 'dataset_with_extra_by_yield', 'dataset_with_extra_from_classic_operator' retrieved from /Users/francisayanbadejo/venvs_projects/my_proj/lib/python3.9/site-packages/airflow/example_dags/example_outlet_event_extra.py
[2025-04-23T02:37:56.226+0100] {logging_mixin.py:190} INFO - [2025-04-23T02:37:56.226+0100] {dag.py:3239} INFO - Sync 3 DAGs
[2025-04-23T02:37:56.231+0100] {logging_mixin.py:190} INFO - [2025-04-23T02:37:56.231+0100] {dag.py:4180} INFO - Setting next_dagrun for dataset_with_extra_by_context to 2025-04-22 00:00:00+00:00, run_after=2025-04-23 00:00:00+00:00
[2025-04-23T02:37:56.233+0100] {logging_mixin.py:190} INFO - [2025-04-23T02:37:56.233+0100] {dag.py:4180} INFO - Setting next_dagrun for dataset_with_extra_by_yield to 2025-04-22 00:00:00+00:00, run_after=2025-04-23 00:00:00+00:00
[2025-04-23T02:37:56.233+0100] {logging_mixin.py:190} INFO - [2025-04-23T02:37:56.233+0100] {dag.py:4180} INFO - Setting next_dagrun for dataset_with_extra_from_classic_operator to 2025-04-22 00:00:00+00:00, run_after=2025-04-23 00:00:00+00:00
[2025-04-23T02:37:56.239+0100] {processor.py:208} INFO - Processing /Users/francisayanbadejo/venvs_projects/my_proj/lib/python3.9/site-packages/airflow/example_dags/example_outlet_event_extra.py took 0.086 seconds
