[2025-04-23T03:41:12.632+0100] {processor.py:186} INFO - Started process (PID=63383) to work on /Users/francisayanbadejo/venvs_projects/my_proj/lib/python3.9/site-packages/airflow/example_dags/example_task_group.py
[2025-04-23T03:41:12.633+0100] {processor.py:914} INFO - Processing file /Users/francisayanbadejo/venvs_projects/my_proj/lib/python3.9/site-packages/airflow/example_dags/example_task_group.py for tasks to queue
[2025-04-23T03:41:12.633+0100] {logging_mixin.py:190} INFO - [2025-04-23T03:41:12.633+0100] {dagbag.py:588} INFO - Filling up the DagBag from /Users/francisayanbadejo/venvs_projects/my_proj/lib/python3.9/site-packages/airflow/example_dags/example_task_group.py
[2025-04-23T03:41:12.637+0100] {processor.py:925} INFO - DAG(s) 'example_task_group' retrieved from /Users/francisayanbadejo/venvs_projects/my_proj/lib/python3.9/site-packages/airflow/example_dags/example_task_group.py
[2025-04-23T03:41:12.691+0100] {logging_mixin.py:190} INFO - [2025-04-23T03:41:12.691+0100] {override.py:1930} INFO - Created Permission View: can edit on DAG:example_task_group
[2025-04-23T03:41:12.694+0100] {logging_mixin.py:190} INFO - [2025-04-23T03:41:12.694+0100] {override.py:1930} INFO - Created Permission View: can delete on DAG:example_task_group
[2025-04-23T03:41:12.695+0100] {logging_mixin.py:190} INFO - [2025-04-23T03:41:12.695+0100] {override.py:1930} INFO - Created Permission View: can read on DAG:example_task_group
[2025-04-23T03:41:12.697+0100] {logging_mixin.py:190} INFO - [2025-04-23T03:41:12.697+0100] {override.py:1930} INFO - Created Permission View: menu access on DAG Run:example_task_group
[2025-04-23T03:41:12.698+0100] {logging_mixin.py:190} INFO - [2025-04-23T03:41:12.698+0100] {override.py:1930} INFO - Created Permission View: can create on DAG Run:example_task_group
[2025-04-23T03:41:12.699+0100] {logging_mixin.py:190} INFO - [2025-04-23T03:41:12.699+0100] {override.py:1930} INFO - Created Permission View: can delete on DAG Run:example_task_group
[2025-04-23T03:41:12.701+0100] {logging_mixin.py:190} INFO - [2025-04-23T03:41:12.701+0100] {override.py:1930} INFO - Created Permission View: can read on DAG Run:example_task_group
[2025-04-23T03:41:12.701+0100] {logging_mixin.py:190} INFO - [2025-04-23T03:41:12.701+0100] {dag.py:3239} INFO - Sync 1 DAGs
[2025-04-23T03:41:12.704+0100] {logging_mixin.py:190} INFO - [2025-04-23T03:41:12.704+0100] {dag.py:3262} INFO - Creating ORM DAG for example_task_group
[2025-04-23T03:41:12.704+0100] {logging_mixin.py:190} INFO - [2025-04-23T03:41:12.704+0100] {dag.py:4180} INFO - Setting next_dagrun for example_task_group to None, run_after=None
[2025-04-23T03:41:12.709+0100] {processor.py:208} INFO - Processing /Users/francisayanbadejo/venvs_projects/my_proj/lib/python3.9/site-packages/airflow/example_dags/example_task_group.py took 0.079 seconds
[2025-04-23T03:44:36.800+0100] {processor.py:186} INFO - Started process (PID=64284) to work on /Users/francisayanbadejo/venvs_projects/my_proj/lib/python3.9/site-packages/airflow/example_dags/example_task_group.py
[2025-04-23T03:44:36.801+0100] {processor.py:914} INFO - Processing file /Users/francisayanbadejo/venvs_projects/my_proj/lib/python3.9/site-packages/airflow/example_dags/example_task_group.py for tasks to queue
[2025-04-23T03:44:36.802+0100] {logging_mixin.py:190} INFO - [2025-04-23T03:44:36.802+0100] {dagbag.py:588} INFO - Filling up the DagBag from /Users/francisayanbadejo/venvs_projects/my_proj/lib/python3.9/site-packages/airflow/example_dags/example_task_group.py
[2025-04-23T03:44:36.805+0100] {processor.py:925} INFO - DAG(s) 'example_task_group' retrieved from /Users/francisayanbadejo/venvs_projects/my_proj/lib/python3.9/site-packages/airflow/example_dags/example_task_group.py
[2025-04-23T03:44:36.837+0100] {logging_mixin.py:190} INFO - [2025-04-23T03:44:36.837+0100] {dag.py:3239} INFO - Sync 1 DAGs
[2025-04-23T03:44:36.840+0100] {logging_mixin.py:190} INFO - [2025-04-23T03:44:36.840+0100] {dag.py:4180} INFO - Setting next_dagrun for example_task_group to None, run_after=None
[2025-04-23T03:44:36.845+0100] {processor.py:208} INFO - Processing /Users/francisayanbadejo/venvs_projects/my_proj/lib/python3.9/site-packages/airflow/example_dags/example_task_group.py took 0.046 seconds
[2025-04-23T03:46:03.120+0100] {processor.py:186} INFO - Started process (PID=64486) to work on /Users/francisayanbadejo/venvs_projects/my_proj/lib/python3.9/site-packages/airflow/example_dags/example_task_group.py
[2025-04-23T03:46:03.122+0100] {processor.py:914} INFO - Processing file /Users/francisayanbadejo/venvs_projects/my_proj/lib/python3.9/site-packages/airflow/example_dags/example_task_group.py for tasks to queue
[2025-04-23T03:46:03.123+0100] {logging_mixin.py:190} INFO - [2025-04-23T03:46:03.123+0100] {dagbag.py:588} INFO - Filling up the DagBag from /Users/francisayanbadejo/venvs_projects/my_proj/lib/python3.9/site-packages/airflow/example_dags/example_task_group.py
[2025-04-23T03:46:03.127+0100] {processor.py:925} INFO - DAG(s) 'example_task_group' retrieved from /Users/francisayanbadejo/venvs_projects/my_proj/lib/python3.9/site-packages/airflow/example_dags/example_task_group.py
[2025-04-23T03:46:03.162+0100] {logging_mixin.py:190} INFO - [2025-04-23T03:46:03.161+0100] {dag.py:3239} INFO - Sync 1 DAGs
[2025-04-23T03:46:03.165+0100] {logging_mixin.py:190} INFO - [2025-04-23T03:46:03.165+0100] {dag.py:4180} INFO - Setting next_dagrun for example_task_group to None, run_after=None
[2025-04-23T03:46:03.170+0100] {processor.py:208} INFO - Processing /Users/francisayanbadejo/venvs_projects/my_proj/lib/python3.9/site-packages/airflow/example_dags/example_task_group.py took 0.051 seconds
[2025-04-23T03:47:51.912+0100] {processor.py:186} INFO - Started process (PID=64725) to work on /Users/francisayanbadejo/venvs_projects/my_proj/lib/python3.9/site-packages/airflow/example_dags/example_task_group.py
[2025-04-23T03:47:51.914+0100] {processor.py:914} INFO - Processing file /Users/francisayanbadejo/venvs_projects/my_proj/lib/python3.9/site-packages/airflow/example_dags/example_task_group.py for tasks to queue
[2025-04-23T03:47:51.915+0100] {logging_mixin.py:190} INFO - [2025-04-23T03:47:51.915+0100] {dagbag.py:588} INFO - Filling up the DagBag from /Users/francisayanbadejo/venvs_projects/my_proj/lib/python3.9/site-packages/airflow/example_dags/example_task_group.py
[2025-04-23T03:47:51.918+0100] {processor.py:925} INFO - DAG(s) 'example_task_group' retrieved from /Users/francisayanbadejo/venvs_projects/my_proj/lib/python3.9/site-packages/airflow/example_dags/example_task_group.py
[2025-04-23T03:47:51.952+0100] {logging_mixin.py:190} INFO - [2025-04-23T03:47:51.951+0100] {dag.py:3239} INFO - Sync 1 DAGs
[2025-04-23T03:47:51.955+0100] {logging_mixin.py:190} INFO - [2025-04-23T03:47:51.955+0100] {dag.py:4180} INFO - Setting next_dagrun for example_task_group to None, run_after=None
[2025-04-23T03:47:51.960+0100] {processor.py:208} INFO - Processing /Users/francisayanbadejo/venvs_projects/my_proj/lib/python3.9/site-packages/airflow/example_dags/example_task_group.py took 0.049 seconds
[2025-04-23T03:49:43.394+0100] {processor.py:186} INFO - Started process (PID=64970) to work on /Users/francisayanbadejo/venvs_projects/my_proj/lib/python3.9/site-packages/airflow/example_dags/example_task_group.py
[2025-04-23T03:49:43.396+0100] {processor.py:914} INFO - Processing file /Users/francisayanbadejo/venvs_projects/my_proj/lib/python3.9/site-packages/airflow/example_dags/example_task_group.py for tasks to queue
[2025-04-23T03:49:43.397+0100] {logging_mixin.py:190} INFO - [2025-04-23T03:49:43.396+0100] {dagbag.py:588} INFO - Filling up the DagBag from /Users/francisayanbadejo/venvs_projects/my_proj/lib/python3.9/site-packages/airflow/example_dags/example_task_group.py
[2025-04-23T03:49:43.399+0100] {processor.py:925} INFO - DAG(s) 'example_task_group' retrieved from /Users/francisayanbadejo/venvs_projects/my_proj/lib/python3.9/site-packages/airflow/example_dags/example_task_group.py
[2025-04-23T03:49:43.431+0100] {logging_mixin.py:190} INFO - [2025-04-23T03:49:43.431+0100] {dag.py:3239} INFO - Sync 1 DAGs
[2025-04-23T03:49:43.434+0100] {logging_mixin.py:190} INFO - [2025-04-23T03:49:43.434+0100] {dag.py:4180} INFO - Setting next_dagrun for example_task_group to None, run_after=None
[2025-04-23T03:49:43.439+0100] {processor.py:208} INFO - Processing /Users/francisayanbadejo/venvs_projects/my_proj/lib/python3.9/site-packages/airflow/example_dags/example_task_group.py took 0.046 seconds
[2025-04-23T03:51:35.337+0100] {processor.py:186} INFO - Started process (PID=65220) to work on /Users/francisayanbadejo/venvs_projects/my_proj/lib/python3.9/site-packages/airflow/example_dags/example_task_group.py
[2025-04-23T03:51:35.338+0100] {processor.py:914} INFO - Processing file /Users/francisayanbadejo/venvs_projects/my_proj/lib/python3.9/site-packages/airflow/example_dags/example_task_group.py for tasks to queue
[2025-04-23T03:51:35.339+0100] {logging_mixin.py:190} INFO - [2025-04-23T03:51:35.339+0100] {dagbag.py:588} INFO - Filling up the DagBag from /Users/francisayanbadejo/venvs_projects/my_proj/lib/python3.9/site-packages/airflow/example_dags/example_task_group.py
[2025-04-23T03:51:35.342+0100] {processor.py:925} INFO - DAG(s) 'example_task_group' retrieved from /Users/francisayanbadejo/venvs_projects/my_proj/lib/python3.9/site-packages/airflow/example_dags/example_task_group.py
[2025-04-23T03:51:35.374+0100] {logging_mixin.py:190} INFO - [2025-04-23T03:51:35.373+0100] {dag.py:3239} INFO - Sync 1 DAGs
[2025-04-23T03:51:35.377+0100] {logging_mixin.py:190} INFO - [2025-04-23T03:51:35.377+0100] {dag.py:4180} INFO - Setting next_dagrun for example_task_group to None, run_after=None
[2025-04-23T03:51:35.382+0100] {processor.py:208} INFO - Processing /Users/francisayanbadejo/venvs_projects/my_proj/lib/python3.9/site-packages/airflow/example_dags/example_task_group.py took 0.046 seconds
[2025-04-23T03:52:33.723+0100] {processor.py:186} INFO - Started process (PID=65347) to work on /Users/francisayanbadejo/venvs_projects/my_proj/lib/python3.9/site-packages/airflow/example_dags/example_task_group.py
[2025-04-23T03:52:33.724+0100] {processor.py:914} INFO - Processing file /Users/francisayanbadejo/venvs_projects/my_proj/lib/python3.9/site-packages/airflow/example_dags/example_task_group.py for tasks to queue
[2025-04-23T03:52:33.725+0100] {logging_mixin.py:190} INFO - [2025-04-23T03:52:33.725+0100] {dagbag.py:588} INFO - Filling up the DagBag from /Users/francisayanbadejo/venvs_projects/my_proj/lib/python3.9/site-packages/airflow/example_dags/example_task_group.py
[2025-04-23T03:52:33.728+0100] {processor.py:925} INFO - DAG(s) 'example_task_group' retrieved from /Users/francisayanbadejo/venvs_projects/my_proj/lib/python3.9/site-packages/airflow/example_dags/example_task_group.py
[2025-04-23T03:52:33.759+0100] {logging_mixin.py:190} INFO - [2025-04-23T03:52:33.759+0100] {dag.py:3239} INFO - Sync 1 DAGs
[2025-04-23T03:52:33.762+0100] {logging_mixin.py:190} INFO - [2025-04-23T03:52:33.762+0100] {dag.py:4180} INFO - Setting next_dagrun for example_task_group to None, run_after=None
[2025-04-23T03:52:33.767+0100] {processor.py:208} INFO - Processing /Users/francisayanbadejo/venvs_projects/my_proj/lib/python3.9/site-packages/airflow/example_dags/example_task_group.py took 0.045 seconds
[2025-04-23T03:54:30.474+0100] {processor.py:186} INFO - Started process (PID=65604) to work on /Users/francisayanbadejo/venvs_projects/my_proj/lib/python3.9/site-packages/airflow/example_dags/example_task_group.py
[2025-04-23T03:54:30.475+0100] {processor.py:914} INFO - Processing file /Users/francisayanbadejo/venvs_projects/my_proj/lib/python3.9/site-packages/airflow/example_dags/example_task_group.py for tasks to queue
[2025-04-23T03:54:30.475+0100] {logging_mixin.py:190} INFO - [2025-04-23T03:54:30.475+0100] {dagbag.py:588} INFO - Filling up the DagBag from /Users/francisayanbadejo/venvs_projects/my_proj/lib/python3.9/site-packages/airflow/example_dags/example_task_group.py
[2025-04-23T03:54:30.478+0100] {processor.py:925} INFO - DAG(s) 'example_task_group' retrieved from /Users/francisayanbadejo/venvs_projects/my_proj/lib/python3.9/site-packages/airflow/example_dags/example_task_group.py
[2025-04-23T03:54:30.513+0100] {logging_mixin.py:190} INFO - [2025-04-23T03:54:30.512+0100] {dag.py:3239} INFO - Sync 1 DAGs
[2025-04-23T03:54:30.516+0100] {logging_mixin.py:190} INFO - [2025-04-23T03:54:30.516+0100] {dag.py:4180} INFO - Setting next_dagrun for example_task_group to None, run_after=None
[2025-04-23T03:54:30.521+0100] {processor.py:208} INFO - Processing /Users/francisayanbadejo/venvs_projects/my_proj/lib/python3.9/site-packages/airflow/example_dags/example_task_group.py took 0.049 seconds
[2025-04-23T03:55:30.402+0100] {processor.py:186} INFO - Started process (PID=65732) to work on /Users/francisayanbadejo/venvs_projects/my_proj/lib/python3.9/site-packages/airflow/example_dags/example_task_group.py
[2025-04-23T03:55:30.404+0100] {processor.py:914} INFO - Processing file /Users/francisayanbadejo/venvs_projects/my_proj/lib/python3.9/site-packages/airflow/example_dags/example_task_group.py for tasks to queue
[2025-04-23T03:55:30.405+0100] {logging_mixin.py:190} INFO - [2025-04-23T03:55:30.405+0100] {dagbag.py:588} INFO - Filling up the DagBag from /Users/francisayanbadejo/venvs_projects/my_proj/lib/python3.9/site-packages/airflow/example_dags/example_task_group.py
[2025-04-23T03:55:30.408+0100] {processor.py:925} INFO - DAG(s) 'example_task_group' retrieved from /Users/francisayanbadejo/venvs_projects/my_proj/lib/python3.9/site-packages/airflow/example_dags/example_task_group.py
[2025-04-23T03:55:30.443+0100] {logging_mixin.py:190} INFO - [2025-04-23T03:55:30.442+0100] {dag.py:3239} INFO - Sync 1 DAGs
[2025-04-23T03:55:30.446+0100] {logging_mixin.py:190} INFO - [2025-04-23T03:55:30.446+0100] {dag.py:4180} INFO - Setting next_dagrun for example_task_group to None, run_after=None
[2025-04-23T03:55:30.451+0100] {processor.py:208} INFO - Processing /Users/francisayanbadejo/venvs_projects/my_proj/lib/python3.9/site-packages/airflow/example_dags/example_task_group.py took 0.050 seconds
[2025-04-23T03:56:29.823+0100] {processor.py:186} INFO - Started process (PID=65860) to work on /Users/francisayanbadejo/venvs_projects/my_proj/lib/python3.9/site-packages/airflow/example_dags/example_task_group.py
[2025-04-23T03:56:29.824+0100] {processor.py:914} INFO - Processing file /Users/francisayanbadejo/venvs_projects/my_proj/lib/python3.9/site-packages/airflow/example_dags/example_task_group.py for tasks to queue
[2025-04-23T03:56:29.825+0100] {logging_mixin.py:190} INFO - [2025-04-23T03:56:29.825+0100] {dagbag.py:588} INFO - Filling up the DagBag from /Users/francisayanbadejo/venvs_projects/my_proj/lib/python3.9/site-packages/airflow/example_dags/example_task_group.py
[2025-04-23T03:56:29.828+0100] {processor.py:925} INFO - DAG(s) 'example_task_group' retrieved from /Users/francisayanbadejo/venvs_projects/my_proj/lib/python3.9/site-packages/airflow/example_dags/example_task_group.py
[2025-04-23T03:56:29.860+0100] {logging_mixin.py:190} INFO - [2025-04-23T03:56:29.860+0100] {dag.py:3239} INFO - Sync 1 DAGs
[2025-04-23T03:56:29.864+0100] {logging_mixin.py:190} INFO - [2025-04-23T03:56:29.864+0100] {dag.py:4180} INFO - Setting next_dagrun for example_task_group to None, run_after=None
[2025-04-23T03:56:29.869+0100] {processor.py:208} INFO - Processing /Users/francisayanbadejo/venvs_projects/my_proj/lib/python3.9/site-packages/airflow/example_dags/example_task_group.py took 0.047 seconds
[2025-04-23T03:58:28.384+0100] {processor.py:186} INFO - Started process (PID=66103) to work on /Users/francisayanbadejo/venvs_projects/my_proj/lib/python3.9/site-packages/airflow/example_dags/example_task_group.py
[2025-04-23T03:58:28.385+0100] {processor.py:914} INFO - Processing file /Users/francisayanbadejo/venvs_projects/my_proj/lib/python3.9/site-packages/airflow/example_dags/example_task_group.py for tasks to queue
[2025-04-23T03:58:28.385+0100] {logging_mixin.py:190} INFO - [2025-04-23T03:58:28.385+0100] {dagbag.py:588} INFO - Filling up the DagBag from /Users/francisayanbadejo/venvs_projects/my_proj/lib/python3.9/site-packages/airflow/example_dags/example_task_group.py
[2025-04-23T03:58:28.388+0100] {processor.py:925} INFO - DAG(s) 'example_task_group' retrieved from /Users/francisayanbadejo/venvs_projects/my_proj/lib/python3.9/site-packages/airflow/example_dags/example_task_group.py
[2025-04-23T03:58:28.420+0100] {logging_mixin.py:190} INFO - [2025-04-23T03:58:28.420+0100] {dag.py:3239} INFO - Sync 1 DAGs
[2025-04-23T03:58:28.423+0100] {logging_mixin.py:190} INFO - [2025-04-23T03:58:28.423+0100] {dag.py:4180} INFO - Setting next_dagrun for example_task_group to None, run_after=None
[2025-04-23T03:58:28.428+0100] {processor.py:208} INFO - Processing /Users/francisayanbadejo/venvs_projects/my_proj/lib/python3.9/site-packages/airflow/example_dags/example_task_group.py took 0.046 seconds
[2025-04-23T03:59:35.192+0100] {processor.py:186} INFO - Started process (PID=66210) to work on /Users/francisayanbadejo/venvs_projects/my_proj/lib/python3.9/site-packages/airflow/example_dags/example_task_group.py
[2025-04-23T03:59:35.193+0100] {processor.py:914} INFO - Processing file /Users/francisayanbadejo/venvs_projects/my_proj/lib/python3.9/site-packages/airflow/example_dags/example_task_group.py for tasks to queue
[2025-04-23T03:59:35.193+0100] {logging_mixin.py:190} INFO - [2025-04-23T03:59:35.193+0100] {dagbag.py:588} INFO - Filling up the DagBag from /Users/francisayanbadejo/venvs_projects/my_proj/lib/python3.9/site-packages/airflow/example_dags/example_task_group.py
[2025-04-23T03:59:35.197+0100] {processor.py:925} INFO - DAG(s) 'example_task_group' retrieved from /Users/francisayanbadejo/venvs_projects/my_proj/lib/python3.9/site-packages/airflow/example_dags/example_task_group.py
[2025-04-23T03:59:35.234+0100] {logging_mixin.py:190} INFO - [2025-04-23T03:59:35.234+0100] {dag.py:3239} INFO - Sync 1 DAGs
[2025-04-23T03:59:35.239+0100] {logging_mixin.py:190} INFO - [2025-04-23T03:59:35.238+0100] {dag.py:4180} INFO - Setting next_dagrun for example_task_group to None, run_after=None
[2025-04-23T03:59:35.245+0100] {processor.py:208} INFO - Processing /Users/francisayanbadejo/venvs_projects/my_proj/lib/python3.9/site-packages/airflow/example_dags/example_task_group.py took 0.055 seconds
[2025-04-23T04:00:39.926+0100] {processor.py:186} INFO - Started process (PID=66321) to work on /Users/francisayanbadejo/venvs_projects/my_proj/lib/python3.9/site-packages/airflow/example_dags/example_task_group.py
[2025-04-23T04:00:39.927+0100] {processor.py:914} INFO - Processing file /Users/francisayanbadejo/venvs_projects/my_proj/lib/python3.9/site-packages/airflow/example_dags/example_task_group.py for tasks to queue
[2025-04-23T04:00:39.928+0100] {logging_mixin.py:190} INFO - [2025-04-23T04:00:39.928+0100] {dagbag.py:588} INFO - Filling up the DagBag from /Users/francisayanbadejo/venvs_projects/my_proj/lib/python3.9/site-packages/airflow/example_dags/example_task_group.py
[2025-04-23T04:00:39.931+0100] {processor.py:925} INFO - DAG(s) 'example_task_group' retrieved from /Users/francisayanbadejo/venvs_projects/my_proj/lib/python3.9/site-packages/airflow/example_dags/example_task_group.py
[2025-04-23T04:00:39.963+0100] {logging_mixin.py:190} INFO - [2025-04-23T04:00:39.963+0100] {dag.py:3239} INFO - Sync 1 DAGs
[2025-04-23T04:00:39.966+0100] {logging_mixin.py:190} INFO - [2025-04-23T04:00:39.966+0100] {dag.py:4180} INFO - Setting next_dagrun for example_task_group to None, run_after=None
[2025-04-23T04:00:39.971+0100] {processor.py:208} INFO - Processing /Users/francisayanbadejo/venvs_projects/my_proj/lib/python3.9/site-packages/airflow/example_dags/example_task_group.py took 0.046 seconds
[2025-04-23T04:01:40.052+0100] {processor.py:186} INFO - Started process (PID=66432) to work on /Users/francisayanbadejo/venvs_projects/my_proj/lib/python3.9/site-packages/airflow/example_dags/example_task_group.py
[2025-04-23T04:01:40.053+0100] {processor.py:914} INFO - Processing file /Users/francisayanbadejo/venvs_projects/my_proj/lib/python3.9/site-packages/airflow/example_dags/example_task_group.py for tasks to queue
[2025-04-23T04:01:40.053+0100] {logging_mixin.py:190} INFO - [2025-04-23T04:01:40.053+0100] {dagbag.py:588} INFO - Filling up the DagBag from /Users/francisayanbadejo/venvs_projects/my_proj/lib/python3.9/site-packages/airflow/example_dags/example_task_group.py
[2025-04-23T04:01:40.056+0100] {processor.py:925} INFO - DAG(s) 'example_task_group' retrieved from /Users/francisayanbadejo/venvs_projects/my_proj/lib/python3.9/site-packages/airflow/example_dags/example_task_group.py
[2025-04-23T04:01:40.089+0100] {logging_mixin.py:190} INFO - [2025-04-23T04:01:40.089+0100] {dag.py:3239} INFO - Sync 1 DAGs
[2025-04-23T04:01:40.092+0100] {logging_mixin.py:190} INFO - [2025-04-23T04:01:40.092+0100] {dag.py:4180} INFO - Setting next_dagrun for example_task_group to None, run_after=None
[2025-04-23T04:01:40.097+0100] {processor.py:208} INFO - Processing /Users/francisayanbadejo/venvs_projects/my_proj/lib/python3.9/site-packages/airflow/example_dags/example_task_group.py took 0.047 seconds
[2025-04-23T04:03:29.637+0100] {processor.py:186} INFO - Started process (PID=66642) to work on /Users/francisayanbadejo/venvs_projects/my_proj/lib/python3.9/site-packages/airflow/example_dags/example_task_group.py
[2025-04-23T04:03:29.637+0100] {processor.py:914} INFO - Processing file /Users/francisayanbadejo/venvs_projects/my_proj/lib/python3.9/site-packages/airflow/example_dags/example_task_group.py for tasks to queue
[2025-04-23T04:03:29.638+0100] {logging_mixin.py:190} INFO - [2025-04-23T04:03:29.637+0100] {dagbag.py:588} INFO - Filling up the DagBag from /Users/francisayanbadejo/venvs_projects/my_proj/lib/python3.9/site-packages/airflow/example_dags/example_task_group.py
[2025-04-23T04:03:29.641+0100] {processor.py:925} INFO - DAG(s) 'example_task_group' retrieved from /Users/francisayanbadejo/venvs_projects/my_proj/lib/python3.9/site-packages/airflow/example_dags/example_task_group.py
[2025-04-23T04:03:29.673+0100] {logging_mixin.py:190} INFO - [2025-04-23T04:03:29.673+0100] {dag.py:3239} INFO - Sync 1 DAGs
[2025-04-23T04:03:29.676+0100] {logging_mixin.py:190} INFO - [2025-04-23T04:03:29.676+0100] {dag.py:4180} INFO - Setting next_dagrun for example_task_group to None, run_after=None
[2025-04-23T04:03:29.681+0100] {processor.py:208} INFO - Processing /Users/francisayanbadejo/venvs_projects/my_proj/lib/python3.9/site-packages/airflow/example_dags/example_task_group.py took 0.046 seconds
[2025-04-23T04:05:31.507+0100] {processor.py:186} INFO - Started process (PID=66888) to work on /Users/francisayanbadejo/venvs_projects/my_proj/lib/python3.9/site-packages/airflow/example_dags/example_task_group.py
[2025-04-23T04:05:31.508+0100] {processor.py:914} INFO - Processing file /Users/francisayanbadejo/venvs_projects/my_proj/lib/python3.9/site-packages/airflow/example_dags/example_task_group.py for tasks to queue
[2025-04-23T04:05:31.508+0100] {logging_mixin.py:190} INFO - [2025-04-23T04:05:31.508+0100] {dagbag.py:588} INFO - Filling up the DagBag from /Users/francisayanbadejo/venvs_projects/my_proj/lib/python3.9/site-packages/airflow/example_dags/example_task_group.py
[2025-04-23T04:05:31.511+0100] {processor.py:925} INFO - DAG(s) 'example_task_group' retrieved from /Users/francisayanbadejo/venvs_projects/my_proj/lib/python3.9/site-packages/airflow/example_dags/example_task_group.py
[2025-04-23T04:05:31.543+0100] {logging_mixin.py:190} INFO - [2025-04-23T04:05:31.543+0100] {dag.py:3239} INFO - Sync 1 DAGs
[2025-04-23T04:05:31.546+0100] {logging_mixin.py:190} INFO - [2025-04-23T04:05:31.546+0100] {dag.py:4180} INFO - Setting next_dagrun for example_task_group to None, run_after=None
[2025-04-23T04:05:31.551+0100] {processor.py:208} INFO - Processing /Users/francisayanbadejo/venvs_projects/my_proj/lib/python3.9/site-packages/airflow/example_dags/example_task_group.py took 0.046 seconds
[2025-04-23T04:07:19.175+0100] {processor.py:186} INFO - Started process (PID=67183) to work on /Users/francisayanbadejo/venvs_projects/my_proj/lib/python3.9/site-packages/airflow/example_dags/example_task_group.py
[2025-04-23T04:07:19.175+0100] {processor.py:914} INFO - Processing file /Users/francisayanbadejo/venvs_projects/my_proj/lib/python3.9/site-packages/airflow/example_dags/example_task_group.py for tasks to queue
[2025-04-23T04:07:19.176+0100] {logging_mixin.py:190} INFO - [2025-04-23T04:07:19.176+0100] {dagbag.py:588} INFO - Filling up the DagBag from /Users/francisayanbadejo/venvs_projects/my_proj/lib/python3.9/site-packages/airflow/example_dags/example_task_group.py
[2025-04-23T04:07:19.179+0100] {processor.py:925} INFO - DAG(s) 'example_task_group' retrieved from /Users/francisayanbadejo/venvs_projects/my_proj/lib/python3.9/site-packages/airflow/example_dags/example_task_group.py
[2025-04-23T04:07:19.211+0100] {logging_mixin.py:190} INFO - [2025-04-23T04:07:19.211+0100] {dag.py:3239} INFO - Sync 1 DAGs
[2025-04-23T04:07:19.214+0100] {logging_mixin.py:190} INFO - [2025-04-23T04:07:19.214+0100] {dag.py:4180} INFO - Setting next_dagrun for example_task_group to None, run_after=None
[2025-04-23T04:07:19.220+0100] {processor.py:208} INFO - Processing /Users/francisayanbadejo/venvs_projects/my_proj/lib/python3.9/site-packages/airflow/example_dags/example_task_group.py took 0.046 seconds
[2025-04-23T04:18:43.146+0100] {processor.py:186} INFO - Started process (PID=68945) to work on /Users/francisayanbadejo/venvs_projects/my_proj/lib/python3.9/site-packages/airflow/example_dags/example_task_group.py
[2025-04-23T04:18:43.148+0100] {processor.py:914} INFO - Processing file /Users/francisayanbadejo/venvs_projects/my_proj/lib/python3.9/site-packages/airflow/example_dags/example_task_group.py for tasks to queue
[2025-04-23T04:18:43.149+0100] {logging_mixin.py:190} INFO - [2025-04-23T04:18:43.149+0100] {dagbag.py:588} INFO - Filling up the DagBag from /Users/francisayanbadejo/venvs_projects/my_proj/lib/python3.9/site-packages/airflow/example_dags/example_task_group.py
[2025-04-23T04:18:43.152+0100] {processor.py:925} INFO - DAG(s) 'example_task_group' retrieved from /Users/francisayanbadejo/venvs_projects/my_proj/lib/python3.9/site-packages/airflow/example_dags/example_task_group.py
[2025-04-23T04:18:43.184+0100] {logging_mixin.py:190} INFO - [2025-04-23T04:18:43.184+0100] {dag.py:3239} INFO - Sync 1 DAGs
[2025-04-23T04:18:43.187+0100] {logging_mixin.py:190} INFO - [2025-04-23T04:18:43.187+0100] {dag.py:4180} INFO - Setting next_dagrun for example_task_group to None, run_after=None
[2025-04-23T04:18:43.193+0100] {processor.py:208} INFO - Processing /Users/francisayanbadejo/venvs_projects/my_proj/lib/python3.9/site-packages/airflow/example_dags/example_task_group.py took 0.048 seconds
[2025-04-23T04:20:07.204+0100] {processor.py:186} INFO - Started process (PID=69088) to work on /Users/francisayanbadejo/venvs_projects/my_proj/lib/python3.9/site-packages/airflow/example_dags/example_task_group.py
[2025-04-23T04:20:07.207+0100] {processor.py:914} INFO - Processing file /Users/francisayanbadejo/venvs_projects/my_proj/lib/python3.9/site-packages/airflow/example_dags/example_task_group.py for tasks to queue
[2025-04-23T04:20:07.208+0100] {logging_mixin.py:190} INFO - [2025-04-23T04:20:07.208+0100] {dagbag.py:588} INFO - Filling up the DagBag from /Users/francisayanbadejo/venvs_projects/my_proj/lib/python3.9/site-packages/airflow/example_dags/example_task_group.py
[2025-04-23T04:20:07.211+0100] {processor.py:925} INFO - DAG(s) 'example_task_group' retrieved from /Users/francisayanbadejo/venvs_projects/my_proj/lib/python3.9/site-packages/airflow/example_dags/example_task_group.py
[2025-04-23T04:20:07.242+0100] {logging_mixin.py:190} INFO - [2025-04-23T04:20:07.241+0100] {dag.py:3239} INFO - Sync 1 DAGs
[2025-04-23T04:20:07.245+0100] {logging_mixin.py:190} INFO - [2025-04-23T04:20:07.245+0100] {dag.py:4180} INFO - Setting next_dagrun for example_task_group to None, run_after=None
[2025-04-23T04:20:07.250+0100] {processor.py:208} INFO - Processing /Users/francisayanbadejo/venvs_projects/my_proj/lib/python3.9/site-packages/airflow/example_dags/example_task_group.py took 0.046 seconds
[2025-04-23T04:21:24.816+0100] {processor.py:186} INFO - Started process (PID=69494) to work on /Users/francisayanbadejo/venvs_projects/my_proj/lib/python3.9/site-packages/airflow/example_dags/example_task_group.py
[2025-04-23T04:21:24.817+0100] {processor.py:914} INFO - Processing file /Users/francisayanbadejo/venvs_projects/my_proj/lib/python3.9/site-packages/airflow/example_dags/example_task_group.py for tasks to queue
[2025-04-23T04:21:24.818+0100] {logging_mixin.py:190} INFO - [2025-04-23T04:21:24.818+0100] {dagbag.py:588} INFO - Filling up the DagBag from /Users/francisayanbadejo/venvs_projects/my_proj/lib/python3.9/site-packages/airflow/example_dags/example_task_group.py
[2025-04-23T04:21:24.820+0100] {processor.py:925} INFO - DAG(s) 'example_task_group' retrieved from /Users/francisayanbadejo/venvs_projects/my_proj/lib/python3.9/site-packages/airflow/example_dags/example_task_group.py
[2025-04-23T04:21:24.853+0100] {logging_mixin.py:190} INFO - [2025-04-23T04:21:24.853+0100] {dag.py:3239} INFO - Sync 1 DAGs
[2025-04-23T04:21:24.856+0100] {logging_mixin.py:190} INFO - [2025-04-23T04:21:24.856+0100] {dag.py:4180} INFO - Setting next_dagrun for example_task_group to None, run_after=None
[2025-04-23T04:21:24.861+0100] {processor.py:208} INFO - Processing /Users/francisayanbadejo/venvs_projects/my_proj/lib/python3.9/site-packages/airflow/example_dags/example_task_group.py took 0.046 seconds
[2025-04-23T04:22:50.866+0100] {processor.py:186} INFO - Started process (PID=69708) to work on /Users/francisayanbadejo/venvs_projects/my_proj/lib/python3.9/site-packages/airflow/example_dags/example_task_group.py
[2025-04-23T04:22:50.868+0100] {processor.py:914} INFO - Processing file /Users/francisayanbadejo/venvs_projects/my_proj/lib/python3.9/site-packages/airflow/example_dags/example_task_group.py for tasks to queue
[2025-04-23T04:22:50.869+0100] {logging_mixin.py:190} INFO - [2025-04-23T04:22:50.869+0100] {dagbag.py:588} INFO - Filling up the DagBag from /Users/francisayanbadejo/venvs_projects/my_proj/lib/python3.9/site-packages/airflow/example_dags/example_task_group.py
[2025-04-23T04:22:50.871+0100] {processor.py:925} INFO - DAG(s) 'example_task_group' retrieved from /Users/francisayanbadejo/venvs_projects/my_proj/lib/python3.9/site-packages/airflow/example_dags/example_task_group.py
[2025-04-23T04:22:50.903+0100] {logging_mixin.py:190} INFO - [2025-04-23T04:22:50.903+0100] {dag.py:3239} INFO - Sync 1 DAGs
[2025-04-23T04:22:50.907+0100] {logging_mixin.py:190} INFO - [2025-04-23T04:22:50.907+0100] {dag.py:4180} INFO - Setting next_dagrun for example_task_group to None, run_after=None
[2025-04-23T04:22:50.912+0100] {processor.py:208} INFO - Processing /Users/francisayanbadejo/venvs_projects/my_proj/lib/python3.9/site-packages/airflow/example_dags/example_task_group.py took 0.046 seconds
[2025-04-23T04:25:50.730+0100] {processor.py:186} INFO - Started process (PID=70514) to work on /Users/francisayanbadejo/venvs_projects/my_proj/lib/python3.9/site-packages/airflow/example_dags/example_task_group.py
[2025-04-23T04:25:50.732+0100] {processor.py:914} INFO - Processing file /Users/francisayanbadejo/venvs_projects/my_proj/lib/python3.9/site-packages/airflow/example_dags/example_task_group.py for tasks to queue
[2025-04-23T04:25:50.732+0100] {logging_mixin.py:190} INFO - [2025-04-23T04:25:50.732+0100] {dagbag.py:588} INFO - Filling up the DagBag from /Users/francisayanbadejo/venvs_projects/my_proj/lib/python3.9/site-packages/airflow/example_dags/example_task_group.py
[2025-04-23T04:25:50.735+0100] {processor.py:925} INFO - DAG(s) 'example_task_group' retrieved from /Users/francisayanbadejo/venvs_projects/my_proj/lib/python3.9/site-packages/airflow/example_dags/example_task_group.py
[2025-04-23T04:25:50.766+0100] {logging_mixin.py:190} INFO - [2025-04-23T04:25:50.766+0100] {dag.py:3239} INFO - Sync 1 DAGs
[2025-04-23T04:25:50.769+0100] {logging_mixin.py:190} INFO - [2025-04-23T04:25:50.769+0100] {dag.py:4180} INFO - Setting next_dagrun for example_task_group to None, run_after=None
[2025-04-23T04:25:50.774+0100] {processor.py:208} INFO - Processing /Users/francisayanbadejo/venvs_projects/my_proj/lib/python3.9/site-packages/airflow/example_dags/example_task_group.py took 0.045 seconds
[2025-04-23T04:28:15.823+0100] {processor.py:186} INFO - Started process (PID=71276) to work on /Users/francisayanbadejo/venvs_projects/my_proj/lib/python3.9/site-packages/airflow/example_dags/example_task_group.py
[2025-04-23T04:28:15.825+0100] {processor.py:914} INFO - Processing file /Users/francisayanbadejo/venvs_projects/my_proj/lib/python3.9/site-packages/airflow/example_dags/example_task_group.py for tasks to queue
[2025-04-23T04:28:15.826+0100] {logging_mixin.py:190} INFO - [2025-04-23T04:28:15.825+0100] {dagbag.py:588} INFO - Filling up the DagBag from /Users/francisayanbadejo/venvs_projects/my_proj/lib/python3.9/site-packages/airflow/example_dags/example_task_group.py
[2025-04-23T04:28:15.828+0100] {processor.py:925} INFO - DAG(s) 'example_task_group' retrieved from /Users/francisayanbadejo/venvs_projects/my_proj/lib/python3.9/site-packages/airflow/example_dags/example_task_group.py
[2025-04-23T04:28:15.861+0100] {logging_mixin.py:190} INFO - [2025-04-23T04:28:15.861+0100] {dag.py:3239} INFO - Sync 1 DAGs
[2025-04-23T04:28:15.864+0100] {logging_mixin.py:190} INFO - [2025-04-23T04:28:15.864+0100] {dag.py:4180} INFO - Setting next_dagrun for example_task_group to None, run_after=None
[2025-04-23T04:28:15.869+0100] {processor.py:208} INFO - Processing /Users/francisayanbadejo/venvs_projects/my_proj/lib/python3.9/site-packages/airflow/example_dags/example_task_group.py took 0.047 seconds
[2025-04-23T04:29:42.973+0100] {processor.py:186} INFO - Started process (PID=71412) to work on /Users/francisayanbadejo/venvs_projects/my_proj/lib/python3.9/site-packages/airflow/example_dags/example_task_group.py
[2025-04-23T04:29:42.975+0100] {processor.py:914} INFO - Processing file /Users/francisayanbadejo/venvs_projects/my_proj/lib/python3.9/site-packages/airflow/example_dags/example_task_group.py for tasks to queue
[2025-04-23T04:29:42.975+0100] {logging_mixin.py:190} INFO - [2025-04-23T04:29:42.975+0100] {dagbag.py:588} INFO - Filling up the DagBag from /Users/francisayanbadejo/venvs_projects/my_proj/lib/python3.9/site-packages/airflow/example_dags/example_task_group.py
[2025-04-23T04:29:42.978+0100] {processor.py:925} INFO - DAG(s) 'example_task_group' retrieved from /Users/francisayanbadejo/venvs_projects/my_proj/lib/python3.9/site-packages/airflow/example_dags/example_task_group.py
[2025-04-23T04:29:43.010+0100] {logging_mixin.py:190} INFO - [2025-04-23T04:29:43.010+0100] {dag.py:3239} INFO - Sync 1 DAGs
[2025-04-23T04:29:43.014+0100] {logging_mixin.py:190} INFO - [2025-04-23T04:29:43.014+0100] {dag.py:4180} INFO - Setting next_dagrun for example_task_group to None, run_after=None
[2025-04-23T04:29:43.018+0100] {processor.py:208} INFO - Processing /Users/francisayanbadejo/venvs_projects/my_proj/lib/python3.9/site-packages/airflow/example_dags/example_task_group.py took 0.046 seconds
[2025-04-23T04:31:37.253+0100] {processor.py:186} INFO - Started process (PID=71743) to work on /Users/francisayanbadejo/venvs_projects/my_proj/lib/python3.9/site-packages/airflow/example_dags/example_task_group.py
[2025-04-23T04:31:37.254+0100] {processor.py:914} INFO - Processing file /Users/francisayanbadejo/venvs_projects/my_proj/lib/python3.9/site-packages/airflow/example_dags/example_task_group.py for tasks to queue
[2025-04-23T04:31:37.255+0100] {logging_mixin.py:190} INFO - [2025-04-23T04:31:37.255+0100] {dagbag.py:588} INFO - Filling up the DagBag from /Users/francisayanbadejo/venvs_projects/my_proj/lib/python3.9/site-packages/airflow/example_dags/example_task_group.py
[2025-04-23T04:31:37.258+0100] {processor.py:925} INFO - DAG(s) 'example_task_group' retrieved from /Users/francisayanbadejo/venvs_projects/my_proj/lib/python3.9/site-packages/airflow/example_dags/example_task_group.py
[2025-04-23T04:31:37.290+0100] {logging_mixin.py:190} INFO - [2025-04-23T04:31:37.290+0100] {dag.py:3239} INFO - Sync 1 DAGs
[2025-04-23T04:31:37.293+0100] {logging_mixin.py:190} INFO - [2025-04-23T04:31:37.293+0100] {dag.py:4180} INFO - Setting next_dagrun for example_task_group to None, run_after=None
[2025-04-23T04:31:37.298+0100] {processor.py:208} INFO - Processing /Users/francisayanbadejo/venvs_projects/my_proj/lib/python3.9/site-packages/airflow/example_dags/example_task_group.py took 0.046 seconds
[2025-04-23T04:34:23.813+0100] {processor.py:186} INFO - Started process (PID=72018) to work on /Users/francisayanbadejo/venvs_projects/my_proj/lib/python3.9/site-packages/airflow/example_dags/example_task_group.py
[2025-04-23T04:34:23.815+0100] {processor.py:914} INFO - Processing file /Users/francisayanbadejo/venvs_projects/my_proj/lib/python3.9/site-packages/airflow/example_dags/example_task_group.py for tasks to queue
[2025-04-23T04:34:23.816+0100] {logging_mixin.py:190} INFO - [2025-04-23T04:34:23.816+0100] {dagbag.py:588} INFO - Filling up the DagBag from /Users/francisayanbadejo/venvs_projects/my_proj/lib/python3.9/site-packages/airflow/example_dags/example_task_group.py
[2025-04-23T04:34:23.819+0100] {processor.py:925} INFO - DAG(s) 'example_task_group' retrieved from /Users/francisayanbadejo/venvs_projects/my_proj/lib/python3.9/site-packages/airflow/example_dags/example_task_group.py
[2025-04-23T04:34:23.851+0100] {logging_mixin.py:190} INFO - [2025-04-23T04:34:23.851+0100] {dag.py:3239} INFO - Sync 1 DAGs
[2025-04-23T04:34:23.855+0100] {logging_mixin.py:190} INFO - [2025-04-23T04:34:23.855+0100] {dag.py:4180} INFO - Setting next_dagrun for example_task_group to None, run_after=None
[2025-04-23T04:34:23.860+0100] {processor.py:208} INFO - Processing /Users/francisayanbadejo/venvs_projects/my_proj/lib/python3.9/site-packages/airflow/example_dags/example_task_group.py took 0.047 seconds
[2025-04-23T04:35:32.821+0100] {processor.py:186} INFO - Started process (PID=72172) to work on /Users/francisayanbadejo/venvs_projects/my_proj/lib/python3.9/site-packages/airflow/example_dags/example_task_group.py
[2025-04-23T04:35:32.822+0100] {processor.py:914} INFO - Processing file /Users/francisayanbadejo/venvs_projects/my_proj/lib/python3.9/site-packages/airflow/example_dags/example_task_group.py for tasks to queue
[2025-04-23T04:35:32.823+0100] {logging_mixin.py:190} INFO - [2025-04-23T04:35:32.823+0100] {dagbag.py:588} INFO - Filling up the DagBag from /Users/francisayanbadejo/venvs_projects/my_proj/lib/python3.9/site-packages/airflow/example_dags/example_task_group.py
[2025-04-23T04:35:32.826+0100] {processor.py:925} INFO - DAG(s) 'example_task_group' retrieved from /Users/francisayanbadejo/venvs_projects/my_proj/lib/python3.9/site-packages/airflow/example_dags/example_task_group.py
[2025-04-23T04:35:32.857+0100] {logging_mixin.py:190} INFO - [2025-04-23T04:35:32.857+0100] {dag.py:3239} INFO - Sync 1 DAGs
[2025-04-23T04:35:32.860+0100] {logging_mixin.py:190} INFO - [2025-04-23T04:35:32.860+0100] {dag.py:4180} INFO - Setting next_dagrun for example_task_group to None, run_after=None
[2025-04-23T04:35:32.865+0100] {processor.py:208} INFO - Processing /Users/francisayanbadejo/venvs_projects/my_proj/lib/python3.9/site-packages/airflow/example_dags/example_task_group.py took 0.045 seconds
[2025-04-23T04:37:22.905+0100] {processor.py:186} INFO - Started process (PID=72420) to work on /Users/francisayanbadejo/venvs_projects/my_proj/lib/python3.9/site-packages/airflow/example_dags/example_task_group.py
[2025-04-23T04:37:22.906+0100] {processor.py:914} INFO - Processing file /Users/francisayanbadejo/venvs_projects/my_proj/lib/python3.9/site-packages/airflow/example_dags/example_task_group.py for tasks to queue
[2025-04-23T04:37:22.907+0100] {logging_mixin.py:190} INFO - [2025-04-23T04:37:22.907+0100] {dagbag.py:588} INFO - Filling up the DagBag from /Users/francisayanbadejo/venvs_projects/my_proj/lib/python3.9/site-packages/airflow/example_dags/example_task_group.py
[2025-04-23T04:37:22.910+0100] {processor.py:925} INFO - DAG(s) 'example_task_group' retrieved from /Users/francisayanbadejo/venvs_projects/my_proj/lib/python3.9/site-packages/airflow/example_dags/example_task_group.py
[2025-04-23T04:37:22.942+0100] {logging_mixin.py:190} INFO - [2025-04-23T04:37:22.941+0100] {dag.py:3239} INFO - Sync 1 DAGs
[2025-04-23T04:37:22.945+0100] {logging_mixin.py:190} INFO - [2025-04-23T04:37:22.945+0100] {dag.py:4180} INFO - Setting next_dagrun for example_task_group to None, run_after=None
[2025-04-23T04:37:22.950+0100] {processor.py:208} INFO - Processing /Users/francisayanbadejo/venvs_projects/my_proj/lib/python3.9/site-packages/airflow/example_dags/example_task_group.py took 0.046 seconds
[2025-04-23T04:39:15.546+0100] {processor.py:186} INFO - Started process (PID=72618) to work on /Users/francisayanbadejo/venvs_projects/my_proj/lib/python3.9/site-packages/airflow/example_dags/example_task_group.py
[2025-04-23T04:39:15.548+0100] {processor.py:914} INFO - Processing file /Users/francisayanbadejo/venvs_projects/my_proj/lib/python3.9/site-packages/airflow/example_dags/example_task_group.py for tasks to queue
[2025-04-23T04:39:15.549+0100] {logging_mixin.py:190} INFO - [2025-04-23T04:39:15.549+0100] {dagbag.py:588} INFO - Filling up the DagBag from /Users/francisayanbadejo/venvs_projects/my_proj/lib/python3.9/site-packages/airflow/example_dags/example_task_group.py
[2025-04-23T04:39:15.551+0100] {processor.py:925} INFO - DAG(s) 'example_task_group' retrieved from /Users/francisayanbadejo/venvs_projects/my_proj/lib/python3.9/site-packages/airflow/example_dags/example_task_group.py
[2025-04-23T04:39:15.584+0100] {logging_mixin.py:190} INFO - [2025-04-23T04:39:15.584+0100] {dag.py:3239} INFO - Sync 1 DAGs
[2025-04-23T04:39:15.587+0100] {logging_mixin.py:190} INFO - [2025-04-23T04:39:15.587+0100] {dag.py:4180} INFO - Setting next_dagrun for example_task_group to None, run_after=None
[2025-04-23T04:39:15.592+0100] {processor.py:208} INFO - Processing /Users/francisayanbadejo/venvs_projects/my_proj/lib/python3.9/site-packages/airflow/example_dags/example_task_group.py took 0.047 seconds
[2025-04-23T04:41:02.985+0100] {processor.py:186} INFO - Started process (PID=72776) to work on /Users/francisayanbadejo/venvs_projects/my_proj/lib/python3.9/site-packages/airflow/example_dags/example_task_group.py
[2025-04-23T04:41:02.987+0100] {processor.py:914} INFO - Processing file /Users/francisayanbadejo/venvs_projects/my_proj/lib/python3.9/site-packages/airflow/example_dags/example_task_group.py for tasks to queue
[2025-04-23T04:41:02.987+0100] {logging_mixin.py:190} INFO - [2025-04-23T04:41:02.987+0100] {dagbag.py:588} INFO - Filling up the DagBag from /Users/francisayanbadejo/venvs_projects/my_proj/lib/python3.9/site-packages/airflow/example_dags/example_task_group.py
[2025-04-23T04:41:02.990+0100] {processor.py:925} INFO - DAG(s) 'example_task_group' retrieved from /Users/francisayanbadejo/venvs_projects/my_proj/lib/python3.9/site-packages/airflow/example_dags/example_task_group.py
[2025-04-23T04:41:03.021+0100] {logging_mixin.py:190} INFO - [2025-04-23T04:41:03.021+0100] {dag.py:3239} INFO - Sync 1 DAGs
[2025-04-23T04:41:03.024+0100] {logging_mixin.py:190} INFO - [2025-04-23T04:41:03.024+0100] {dag.py:4180} INFO - Setting next_dagrun for example_task_group to None, run_after=None
[2025-04-23T04:41:03.029+0100] {processor.py:208} INFO - Processing /Users/francisayanbadejo/venvs_projects/my_proj/lib/python3.9/site-packages/airflow/example_dags/example_task_group.py took 0.045 seconds
[2025-04-23T04:42:48.808+0100] {processor.py:186} INFO - Started process (PID=72929) to work on /Users/francisayanbadejo/venvs_projects/my_proj/lib/python3.9/site-packages/airflow/example_dags/example_task_group.py
[2025-04-23T04:42:48.809+0100] {processor.py:914} INFO - Processing file /Users/francisayanbadejo/venvs_projects/my_proj/lib/python3.9/site-packages/airflow/example_dags/example_task_group.py for tasks to queue
[2025-04-23T04:42:48.810+0100] {logging_mixin.py:190} INFO - [2025-04-23T04:42:48.810+0100] {dagbag.py:588} INFO - Filling up the DagBag from /Users/francisayanbadejo/venvs_projects/my_proj/lib/python3.9/site-packages/airflow/example_dags/example_task_group.py
[2025-04-23T04:42:48.813+0100] {processor.py:925} INFO - DAG(s) 'example_task_group' retrieved from /Users/francisayanbadejo/venvs_projects/my_proj/lib/python3.9/site-packages/airflow/example_dags/example_task_group.py
[2025-04-23T04:42:48.843+0100] {logging_mixin.py:190} INFO - [2025-04-23T04:42:48.843+0100] {dag.py:3239} INFO - Sync 1 DAGs
[2025-04-23T04:42:48.846+0100] {logging_mixin.py:190} INFO - [2025-04-23T04:42:48.846+0100] {dag.py:4180} INFO - Setting next_dagrun for example_task_group to None, run_after=None
[2025-04-23T04:42:48.851+0100] {processor.py:208} INFO - Processing /Users/francisayanbadejo/venvs_projects/my_proj/lib/python3.9/site-packages/airflow/example_dags/example_task_group.py took 0.045 seconds
[2025-04-23T04:44:34.425+0100] {processor.py:186} INFO - Started process (PID=73107) to work on /Users/francisayanbadejo/venvs_projects/my_proj/lib/python3.9/site-packages/airflow/example_dags/example_task_group.py
[2025-04-23T04:44:34.426+0100] {processor.py:914} INFO - Processing file /Users/francisayanbadejo/venvs_projects/my_proj/lib/python3.9/site-packages/airflow/example_dags/example_task_group.py for tasks to queue
[2025-04-23T04:44:34.427+0100] {logging_mixin.py:190} INFO - [2025-04-23T04:44:34.427+0100] {dagbag.py:588} INFO - Filling up the DagBag from /Users/francisayanbadejo/venvs_projects/my_proj/lib/python3.9/site-packages/airflow/example_dags/example_task_group.py
[2025-04-23T04:44:34.429+0100] {processor.py:925} INFO - DAG(s) 'example_task_group' retrieved from /Users/francisayanbadejo/venvs_projects/my_proj/lib/python3.9/site-packages/airflow/example_dags/example_task_group.py
[2025-04-23T04:44:34.461+0100] {logging_mixin.py:190} INFO - [2025-04-23T04:44:34.461+0100] {dag.py:3239} INFO - Sync 1 DAGs
[2025-04-23T04:44:34.464+0100] {logging_mixin.py:190} INFO - [2025-04-23T04:44:34.464+0100] {dag.py:4180} INFO - Setting next_dagrun for example_task_group to None, run_after=None
[2025-04-23T04:44:34.469+0100] {processor.py:208} INFO - Processing /Users/francisayanbadejo/venvs_projects/my_proj/lib/python3.9/site-packages/airflow/example_dags/example_task_group.py took 0.045 seconds
[2025-04-23T04:46:18.682+0100] {processor.py:186} INFO - Started process (PID=73282) to work on /Users/francisayanbadejo/venvs_projects/my_proj/lib/python3.9/site-packages/airflow/example_dags/example_task_group.py
[2025-04-23T04:46:18.685+0100] {processor.py:914} INFO - Processing file /Users/francisayanbadejo/venvs_projects/my_proj/lib/python3.9/site-packages/airflow/example_dags/example_task_group.py for tasks to queue
[2025-04-23T04:46:18.685+0100] {logging_mixin.py:190} INFO - [2025-04-23T04:46:18.685+0100] {dagbag.py:588} INFO - Filling up the DagBag from /Users/francisayanbadejo/venvs_projects/my_proj/lib/python3.9/site-packages/airflow/example_dags/example_task_group.py
[2025-04-23T04:46:18.688+0100] {processor.py:925} INFO - DAG(s) 'example_task_group' retrieved from /Users/francisayanbadejo/venvs_projects/my_proj/lib/python3.9/site-packages/airflow/example_dags/example_task_group.py
[2025-04-23T04:46:18.720+0100] {logging_mixin.py:190} INFO - [2025-04-23T04:46:18.720+0100] {dag.py:3239} INFO - Sync 1 DAGs
[2025-04-23T04:46:18.724+0100] {logging_mixin.py:190} INFO - [2025-04-23T04:46:18.723+0100] {dag.py:4180} INFO - Setting next_dagrun for example_task_group to None, run_after=None
[2025-04-23T04:46:18.728+0100] {processor.py:208} INFO - Processing /Users/francisayanbadejo/venvs_projects/my_proj/lib/python3.9/site-packages/airflow/example_dags/example_task_group.py took 0.048 seconds
[2025-04-23T04:48:09.039+0100] {processor.py:186} INFO - Started process (PID=73438) to work on /Users/francisayanbadejo/venvs_projects/my_proj/lib/python3.9/site-packages/airflow/example_dags/example_task_group.py
[2025-04-23T04:48:09.041+0100] {processor.py:914} INFO - Processing file /Users/francisayanbadejo/venvs_projects/my_proj/lib/python3.9/site-packages/airflow/example_dags/example_task_group.py for tasks to queue
[2025-04-23T04:48:09.041+0100] {logging_mixin.py:190} INFO - [2025-04-23T04:48:09.041+0100] {dagbag.py:588} INFO - Filling up the DagBag from /Users/francisayanbadejo/venvs_projects/my_proj/lib/python3.9/site-packages/airflow/example_dags/example_task_group.py
[2025-04-23T04:48:09.044+0100] {processor.py:925} INFO - DAG(s) 'example_task_group' retrieved from /Users/francisayanbadejo/venvs_projects/my_proj/lib/python3.9/site-packages/airflow/example_dags/example_task_group.py
[2025-04-23T04:48:09.075+0100] {logging_mixin.py:190} INFO - [2025-04-23T04:48:09.075+0100] {dag.py:3239} INFO - Sync 1 DAGs
[2025-04-23T04:48:09.078+0100] {logging_mixin.py:190} INFO - [2025-04-23T04:48:09.078+0100] {dag.py:4180} INFO - Setting next_dagrun for example_task_group to None, run_after=None
[2025-04-23T04:48:09.083+0100] {processor.py:208} INFO - Processing /Users/francisayanbadejo/venvs_projects/my_proj/lib/python3.9/site-packages/airflow/example_dags/example_task_group.py took 0.044 seconds
[2025-04-23T04:49:59.710+0100] {processor.py:186} INFO - Started process (PID=73597) to work on /Users/francisayanbadejo/venvs_projects/my_proj/lib/python3.9/site-packages/airflow/example_dags/example_task_group.py
[2025-04-23T04:49:59.712+0100] {processor.py:914} INFO - Processing file /Users/francisayanbadejo/venvs_projects/my_proj/lib/python3.9/site-packages/airflow/example_dags/example_task_group.py for tasks to queue
[2025-04-23T04:49:59.713+0100] {logging_mixin.py:190} INFO - [2025-04-23T04:49:59.713+0100] {dagbag.py:588} INFO - Filling up the DagBag from /Users/francisayanbadejo/venvs_projects/my_proj/lib/python3.9/site-packages/airflow/example_dags/example_task_group.py
[2025-04-23T04:49:59.715+0100] {processor.py:925} INFO - DAG(s) 'example_task_group' retrieved from /Users/francisayanbadejo/venvs_projects/my_proj/lib/python3.9/site-packages/airflow/example_dags/example_task_group.py
[2025-04-23T04:49:59.748+0100] {logging_mixin.py:190} INFO - [2025-04-23T04:49:59.747+0100] {dag.py:3239} INFO - Sync 1 DAGs
[2025-04-23T04:49:59.751+0100] {logging_mixin.py:190} INFO - [2025-04-23T04:49:59.751+0100] {dag.py:4180} INFO - Setting next_dagrun for example_task_group to None, run_after=None
[2025-04-23T04:49:59.756+0100] {processor.py:208} INFO - Processing /Users/francisayanbadejo/venvs_projects/my_proj/lib/python3.9/site-packages/airflow/example_dags/example_task_group.py took 0.047 seconds
[2025-04-23T04:51:49.685+0100] {processor.py:186} INFO - Started process (PID=73762) to work on /Users/francisayanbadejo/venvs_projects/my_proj/lib/python3.9/site-packages/airflow/example_dags/example_task_group.py
[2025-04-23T04:51:49.687+0100] {processor.py:914} INFO - Processing file /Users/francisayanbadejo/venvs_projects/my_proj/lib/python3.9/site-packages/airflow/example_dags/example_task_group.py for tasks to queue
[2025-04-23T04:51:49.688+0100] {logging_mixin.py:190} INFO - [2025-04-23T04:51:49.688+0100] {dagbag.py:588} INFO - Filling up the DagBag from /Users/francisayanbadejo/venvs_projects/my_proj/lib/python3.9/site-packages/airflow/example_dags/example_task_group.py
[2025-04-23T04:51:49.691+0100] {processor.py:925} INFO - DAG(s) 'example_task_group' retrieved from /Users/francisayanbadejo/venvs_projects/my_proj/lib/python3.9/site-packages/airflow/example_dags/example_task_group.py
[2025-04-23T04:51:49.723+0100] {logging_mixin.py:190} INFO - [2025-04-23T04:51:49.723+0100] {dag.py:3239} INFO - Sync 1 DAGs
[2025-04-23T04:51:49.726+0100] {logging_mixin.py:190} INFO - [2025-04-23T04:51:49.726+0100] {dag.py:4180} INFO - Setting next_dagrun for example_task_group to None, run_after=None
[2025-04-23T04:51:49.732+0100] {processor.py:208} INFO - Processing /Users/francisayanbadejo/venvs_projects/my_proj/lib/python3.9/site-packages/airflow/example_dags/example_task_group.py took 0.047 seconds
[2025-04-23T04:53:46.876+0100] {processor.py:186} INFO - Started process (PID=74037) to work on /Users/francisayanbadejo/venvs_projects/my_proj/lib/python3.9/site-packages/airflow/example_dags/example_task_group.py
[2025-04-23T04:53:46.877+0100] {processor.py:914} INFO - Processing file /Users/francisayanbadejo/venvs_projects/my_proj/lib/python3.9/site-packages/airflow/example_dags/example_task_group.py for tasks to queue
[2025-04-23T04:53:46.878+0100] {logging_mixin.py:190} INFO - [2025-04-23T04:53:46.878+0100] {dagbag.py:588} INFO - Filling up the DagBag from /Users/francisayanbadejo/venvs_projects/my_proj/lib/python3.9/site-packages/airflow/example_dags/example_task_group.py
[2025-04-23T04:53:46.881+0100] {processor.py:925} INFO - DAG(s) 'example_task_group' retrieved from /Users/francisayanbadejo/venvs_projects/my_proj/lib/python3.9/site-packages/airflow/example_dags/example_task_group.py
[2025-04-23T04:53:46.914+0100] {logging_mixin.py:190} INFO - [2025-04-23T04:53:46.914+0100] {dag.py:3239} INFO - Sync 1 DAGs
[2025-04-23T04:53:46.918+0100] {logging_mixin.py:190} INFO - [2025-04-23T04:53:46.918+0100] {dag.py:4180} INFO - Setting next_dagrun for example_task_group to None, run_after=None
[2025-04-23T04:53:46.923+0100] {processor.py:208} INFO - Processing /Users/francisayanbadejo/venvs_projects/my_proj/lib/python3.9/site-packages/airflow/example_dags/example_task_group.py took 0.048 seconds
[2025-04-23T04:55:40.836+0100] {processor.py:186} INFO - Started process (PID=74294) to work on /Users/francisayanbadejo/venvs_projects/my_proj/lib/python3.9/site-packages/airflow/example_dags/example_task_group.py
[2025-04-23T04:55:40.837+0100] {processor.py:914} INFO - Processing file /Users/francisayanbadejo/venvs_projects/my_proj/lib/python3.9/site-packages/airflow/example_dags/example_task_group.py for tasks to queue
[2025-04-23T04:55:40.837+0100] {logging_mixin.py:190} INFO - [2025-04-23T04:55:40.837+0100] {dagbag.py:588} INFO - Filling up the DagBag from /Users/francisayanbadejo/venvs_projects/my_proj/lib/python3.9/site-packages/airflow/example_dags/example_task_group.py
[2025-04-23T04:55:40.840+0100] {processor.py:925} INFO - DAG(s) 'example_task_group' retrieved from /Users/francisayanbadejo/venvs_projects/my_proj/lib/python3.9/site-packages/airflow/example_dags/example_task_group.py
[2025-04-23T04:55:40.875+0100] {logging_mixin.py:190} INFO - [2025-04-23T04:55:40.875+0100] {dag.py:3239} INFO - Sync 1 DAGs
[2025-04-23T04:55:40.878+0100] {logging_mixin.py:190} INFO - [2025-04-23T04:55:40.878+0100] {dag.py:4180} INFO - Setting next_dagrun for example_task_group to None, run_after=None
[2025-04-23T04:55:40.883+0100] {processor.py:208} INFO - Processing /Users/francisayanbadejo/venvs_projects/my_proj/lib/python3.9/site-packages/airflow/example_dags/example_task_group.py took 0.049 seconds
[2025-04-23T04:57:34.679+0100] {processor.py:186} INFO - Started process (PID=74612) to work on /Users/francisayanbadejo/venvs_projects/my_proj/lib/python3.9/site-packages/airflow/example_dags/example_task_group.py
[2025-04-23T04:57:34.680+0100] {processor.py:914} INFO - Processing file /Users/francisayanbadejo/venvs_projects/my_proj/lib/python3.9/site-packages/airflow/example_dags/example_task_group.py for tasks to queue
[2025-04-23T04:57:34.681+0100] {logging_mixin.py:190} INFO - [2025-04-23T04:57:34.681+0100] {dagbag.py:588} INFO - Filling up the DagBag from /Users/francisayanbadejo/venvs_projects/my_proj/lib/python3.9/site-packages/airflow/example_dags/example_task_group.py
[2025-04-23T04:57:34.684+0100] {processor.py:925} INFO - DAG(s) 'example_task_group' retrieved from /Users/francisayanbadejo/venvs_projects/my_proj/lib/python3.9/site-packages/airflow/example_dags/example_task_group.py
[2025-04-23T04:57:34.715+0100] {logging_mixin.py:190} INFO - [2025-04-23T04:57:34.715+0100] {dag.py:3239} INFO - Sync 1 DAGs
[2025-04-23T04:57:34.719+0100] {logging_mixin.py:190} INFO - [2025-04-23T04:57:34.719+0100] {dag.py:4180} INFO - Setting next_dagrun for example_task_group to None, run_after=None
[2025-04-23T04:57:34.724+0100] {processor.py:208} INFO - Processing /Users/francisayanbadejo/venvs_projects/my_proj/lib/python3.9/site-packages/airflow/example_dags/example_task_group.py took 0.046 seconds
[2025-04-23T04:59:22.426+0100] {processor.py:186} INFO - Started process (PID=74851) to work on /Users/francisayanbadejo/venvs_projects/my_proj/lib/python3.9/site-packages/airflow/example_dags/example_task_group.py
[2025-04-23T04:59:22.428+0100] {processor.py:914} INFO - Processing file /Users/francisayanbadejo/venvs_projects/my_proj/lib/python3.9/site-packages/airflow/example_dags/example_task_group.py for tasks to queue
[2025-04-23T04:59:22.428+0100] {logging_mixin.py:190} INFO - [2025-04-23T04:59:22.428+0100] {dagbag.py:588} INFO - Filling up the DagBag from /Users/francisayanbadejo/venvs_projects/my_proj/lib/python3.9/site-packages/airflow/example_dags/example_task_group.py
[2025-04-23T04:59:22.431+0100] {processor.py:925} INFO - DAG(s) 'example_task_group' retrieved from /Users/francisayanbadejo/venvs_projects/my_proj/lib/python3.9/site-packages/airflow/example_dags/example_task_group.py
[2025-04-23T04:59:22.464+0100] {logging_mixin.py:190} INFO - [2025-04-23T04:59:22.464+0100] {dag.py:3239} INFO - Sync 1 DAGs
[2025-04-23T04:59:22.467+0100] {logging_mixin.py:190} INFO - [2025-04-23T04:59:22.467+0100] {dag.py:4180} INFO - Setting next_dagrun for example_task_group to None, run_after=None
[2025-04-23T04:59:22.472+0100] {processor.py:208} INFO - Processing /Users/francisayanbadejo/venvs_projects/my_proj/lib/python3.9/site-packages/airflow/example_dags/example_task_group.py took 0.047 seconds
[2025-04-23T05:01:11.507+0100] {processor.py:186} INFO - Started process (PID=75089) to work on /Users/francisayanbadejo/venvs_projects/my_proj/lib/python3.9/site-packages/airflow/example_dags/example_task_group.py
[2025-04-23T05:01:11.509+0100] {processor.py:914} INFO - Processing file /Users/francisayanbadejo/venvs_projects/my_proj/lib/python3.9/site-packages/airflow/example_dags/example_task_group.py for tasks to queue
[2025-04-23T05:01:11.510+0100] {logging_mixin.py:190} INFO - [2025-04-23T05:01:11.509+0100] {dagbag.py:588} INFO - Filling up the DagBag from /Users/francisayanbadejo/venvs_projects/my_proj/lib/python3.9/site-packages/airflow/example_dags/example_task_group.py
[2025-04-23T05:01:11.512+0100] {processor.py:925} INFO - DAG(s) 'example_task_group' retrieved from /Users/francisayanbadejo/venvs_projects/my_proj/lib/python3.9/site-packages/airflow/example_dags/example_task_group.py
[2025-04-23T05:01:11.545+0100] {logging_mixin.py:190} INFO - [2025-04-23T05:01:11.545+0100] {dag.py:3239} INFO - Sync 1 DAGs
[2025-04-23T05:01:11.549+0100] {logging_mixin.py:190} INFO - [2025-04-23T05:01:11.549+0100] {dag.py:4180} INFO - Setting next_dagrun for example_task_group to None, run_after=None
[2025-04-23T05:01:11.554+0100] {processor.py:208} INFO - Processing /Users/francisayanbadejo/venvs_projects/my_proj/lib/python3.9/site-packages/airflow/example_dags/example_task_group.py took 0.048 seconds
[2025-04-23T05:03:02.765+0100] {processor.py:186} INFO - Started process (PID=75333) to work on /Users/francisayanbadejo/venvs_projects/my_proj/lib/python3.9/site-packages/airflow/example_dags/example_task_group.py
[2025-04-23T05:03:02.766+0100] {processor.py:914} INFO - Processing file /Users/francisayanbadejo/venvs_projects/my_proj/lib/python3.9/site-packages/airflow/example_dags/example_task_group.py for tasks to queue
[2025-04-23T05:03:02.767+0100] {logging_mixin.py:190} INFO - [2025-04-23T05:03:02.767+0100] {dagbag.py:588} INFO - Filling up the DagBag from /Users/francisayanbadejo/venvs_projects/my_proj/lib/python3.9/site-packages/airflow/example_dags/example_task_group.py
[2025-04-23T05:03:02.770+0100] {processor.py:925} INFO - DAG(s) 'example_task_group' retrieved from /Users/francisayanbadejo/venvs_projects/my_proj/lib/python3.9/site-packages/airflow/example_dags/example_task_group.py
[2025-04-23T05:03:02.803+0100] {logging_mixin.py:190} INFO - [2025-04-23T05:03:02.803+0100] {dag.py:3239} INFO - Sync 1 DAGs
[2025-04-23T05:03:02.806+0100] {logging_mixin.py:190} INFO - [2025-04-23T05:03:02.806+0100] {dag.py:4180} INFO - Setting next_dagrun for example_task_group to None, run_after=None
[2025-04-23T05:03:02.811+0100] {processor.py:208} INFO - Processing /Users/francisayanbadejo/venvs_projects/my_proj/lib/python3.9/site-packages/airflow/example_dags/example_task_group.py took 0.048 seconds
[2025-04-23T05:04:53.034+0100] {processor.py:186} INFO - Started process (PID=75583) to work on /Users/francisayanbadejo/venvs_projects/my_proj/lib/python3.9/site-packages/airflow/example_dags/example_task_group.py
[2025-04-23T05:04:53.035+0100] {processor.py:914} INFO - Processing file /Users/francisayanbadejo/venvs_projects/my_proj/lib/python3.9/site-packages/airflow/example_dags/example_task_group.py for tasks to queue
[2025-04-23T05:04:53.036+0100] {logging_mixin.py:190} INFO - [2025-04-23T05:04:53.036+0100] {dagbag.py:588} INFO - Filling up the DagBag from /Users/francisayanbadejo/venvs_projects/my_proj/lib/python3.9/site-packages/airflow/example_dags/example_task_group.py
[2025-04-23T05:04:53.039+0100] {processor.py:925} INFO - DAG(s) 'example_task_group' retrieved from /Users/francisayanbadejo/venvs_projects/my_proj/lib/python3.9/site-packages/airflow/example_dags/example_task_group.py
[2025-04-23T05:04:53.072+0100] {logging_mixin.py:190} INFO - [2025-04-23T05:04:53.072+0100] {dag.py:3239} INFO - Sync 1 DAGs
[2025-04-23T05:04:53.075+0100] {logging_mixin.py:190} INFO - [2025-04-23T05:04:53.075+0100] {dag.py:4180} INFO - Setting next_dagrun for example_task_group to None, run_after=None
[2025-04-23T05:04:53.080+0100] {processor.py:208} INFO - Processing /Users/francisayanbadejo/venvs_projects/my_proj/lib/python3.9/site-packages/airflow/example_dags/example_task_group.py took 0.048 seconds
[2025-04-23T05:06:41.787+0100] {processor.py:186} INFO - Started process (PID=75830) to work on /Users/francisayanbadejo/venvs_projects/my_proj/lib/python3.9/site-packages/airflow/example_dags/example_task_group.py
[2025-04-23T05:06:41.789+0100] {processor.py:914} INFO - Processing file /Users/francisayanbadejo/venvs_projects/my_proj/lib/python3.9/site-packages/airflow/example_dags/example_task_group.py for tasks to queue
[2025-04-23T05:06:41.790+0100] {logging_mixin.py:190} INFO - [2025-04-23T05:06:41.790+0100] {dagbag.py:588} INFO - Filling up the DagBag from /Users/francisayanbadejo/venvs_projects/my_proj/lib/python3.9/site-packages/airflow/example_dags/example_task_group.py
[2025-04-23T05:06:41.792+0100] {processor.py:925} INFO - DAG(s) 'example_task_group' retrieved from /Users/francisayanbadejo/venvs_projects/my_proj/lib/python3.9/site-packages/airflow/example_dags/example_task_group.py
[2025-04-23T05:06:41.825+0100] {logging_mixin.py:190} INFO - [2025-04-23T05:06:41.825+0100] {dag.py:3239} INFO - Sync 1 DAGs
[2025-04-23T05:06:41.828+0100] {logging_mixin.py:190} INFO - [2025-04-23T05:06:41.828+0100] {dag.py:4180} INFO - Setting next_dagrun for example_task_group to None, run_after=None
[2025-04-23T05:06:41.833+0100] {processor.py:208} INFO - Processing /Users/francisayanbadejo/venvs_projects/my_proj/lib/python3.9/site-packages/airflow/example_dags/example_task_group.py took 0.047 seconds
[2025-04-23T05:08:36.749+0100] {processor.py:186} INFO - Started process (PID=76133) to work on /Users/francisayanbadejo/venvs_projects/my_proj/lib/python3.9/site-packages/airflow/example_dags/example_task_group.py
[2025-04-23T05:08:36.751+0100] {processor.py:914} INFO - Processing file /Users/francisayanbadejo/venvs_projects/my_proj/lib/python3.9/site-packages/airflow/example_dags/example_task_group.py for tasks to queue
[2025-04-23T05:08:36.752+0100] {logging_mixin.py:190} INFO - [2025-04-23T05:08:36.752+0100] {dagbag.py:588} INFO - Filling up the DagBag from /Users/francisayanbadejo/venvs_projects/my_proj/lib/python3.9/site-packages/airflow/example_dags/example_task_group.py
[2025-04-23T05:08:36.755+0100] {processor.py:925} INFO - DAG(s) 'example_task_group' retrieved from /Users/francisayanbadejo/venvs_projects/my_proj/lib/python3.9/site-packages/airflow/example_dags/example_task_group.py
[2025-04-23T05:08:36.787+0100] {logging_mixin.py:190} INFO - [2025-04-23T05:08:36.787+0100] {dag.py:3239} INFO - Sync 1 DAGs
[2025-04-23T05:08:36.791+0100] {logging_mixin.py:190} INFO - [2025-04-23T05:08:36.791+0100] {dag.py:4180} INFO - Setting next_dagrun for example_task_group to None, run_after=None
[2025-04-23T05:08:36.796+0100] {processor.py:208} INFO - Processing /Users/francisayanbadejo/venvs_projects/my_proj/lib/python3.9/site-packages/airflow/example_dags/example_task_group.py took 0.048 seconds
[2025-04-23T05:18:43.835+0100] {processor.py:186} INFO - Started process (PID=77330) to work on /Users/francisayanbadejo/venvs_projects/my_proj/lib/python3.9/site-packages/airflow/example_dags/example_task_group.py
[2025-04-23T05:18:43.837+0100] {processor.py:914} INFO - Processing file /Users/francisayanbadejo/venvs_projects/my_proj/lib/python3.9/site-packages/airflow/example_dags/example_task_group.py for tasks to queue
[2025-04-23T05:18:43.837+0100] {logging_mixin.py:190} INFO - [2025-04-23T05:18:43.837+0100] {dagbag.py:588} INFO - Filling up the DagBag from /Users/francisayanbadejo/venvs_projects/my_proj/lib/python3.9/site-packages/airflow/example_dags/example_task_group.py
[2025-04-23T05:18:43.841+0100] {processor.py:925} INFO - DAG(s) 'example_task_group' retrieved from /Users/francisayanbadejo/venvs_projects/my_proj/lib/python3.9/site-packages/airflow/example_dags/example_task_group.py
[2025-04-23T05:18:43.873+0100] {logging_mixin.py:190} INFO - [2025-04-23T05:18:43.873+0100] {dag.py:3239} INFO - Sync 1 DAGs
[2025-04-23T05:18:43.876+0100] {logging_mixin.py:190} INFO - [2025-04-23T05:18:43.876+0100] {dag.py:4180} INFO - Setting next_dagrun for example_task_group to None, run_after=None
[2025-04-23T05:18:43.881+0100] {processor.py:208} INFO - Processing /Users/francisayanbadejo/venvs_projects/my_proj/lib/python3.9/site-packages/airflow/example_dags/example_task_group.py took 0.047 seconds
[2025-04-23T05:20:13.988+0100] {processor.py:186} INFO - Started process (PID=77472) to work on /Users/francisayanbadejo/venvs_projects/my_proj/lib/python3.9/site-packages/airflow/example_dags/example_task_group.py
[2025-04-23T05:20:13.990+0100] {processor.py:914} INFO - Processing file /Users/francisayanbadejo/venvs_projects/my_proj/lib/python3.9/site-packages/airflow/example_dags/example_task_group.py for tasks to queue
[2025-04-23T05:20:13.991+0100] {logging_mixin.py:190} INFO - [2025-04-23T05:20:13.991+0100] {dagbag.py:588} INFO - Filling up the DagBag from /Users/francisayanbadejo/venvs_projects/my_proj/lib/python3.9/site-packages/airflow/example_dags/example_task_group.py
[2025-04-23T05:20:13.994+0100] {processor.py:925} INFO - DAG(s) 'example_task_group' retrieved from /Users/francisayanbadejo/venvs_projects/my_proj/lib/python3.9/site-packages/airflow/example_dags/example_task_group.py
[2025-04-23T05:20:14.029+0100] {logging_mixin.py:190} INFO - [2025-04-23T05:20:14.029+0100] {dag.py:3239} INFO - Sync 1 DAGs
[2025-04-23T05:20:14.033+0100] {logging_mixin.py:190} INFO - [2025-04-23T05:20:14.033+0100] {dag.py:4180} INFO - Setting next_dagrun for example_task_group to None, run_after=None
[2025-04-23T05:20:14.038+0100] {processor.py:208} INFO - Processing /Users/francisayanbadejo/venvs_projects/my_proj/lib/python3.9/site-packages/airflow/example_dags/example_task_group.py took 0.051 seconds
[2025-04-23T12:30:15.010+0100] {processor.py:186} INFO - Started process (PID=86387) to work on /Users/francisayanbadejo/venvs_projects/my_proj/lib/python3.9/site-packages/airflow/example_dags/example_task_group.py
[2025-04-23T12:30:15.011+0100] {processor.py:914} INFO - Processing file /Users/francisayanbadejo/venvs_projects/my_proj/lib/python3.9/site-packages/airflow/example_dags/example_task_group.py for tasks to queue
[2025-04-23T12:30:15.012+0100] {logging_mixin.py:190} INFO - [2025-04-23T12:30:15.012+0100] {dagbag.py:588} INFO - Filling up the DagBag from /Users/francisayanbadejo/venvs_projects/my_proj/lib/python3.9/site-packages/airflow/example_dags/example_task_group.py
[2025-04-23T12:30:15.015+0100] {processor.py:925} INFO - DAG(s) 'example_task_group' retrieved from /Users/francisayanbadejo/venvs_projects/my_proj/lib/python3.9/site-packages/airflow/example_dags/example_task_group.py
[2025-04-23T12:30:15.049+0100] {logging_mixin.py:190} INFO - [2025-04-23T12:30:15.049+0100] {dag.py:3239} INFO - Sync 1 DAGs
[2025-04-23T12:30:15.052+0100] {logging_mixin.py:190} INFO - [2025-04-23T12:30:15.052+0100] {dag.py:4180} INFO - Setting next_dagrun for example_task_group to None, run_after=None
[2025-04-23T12:30:15.057+0100] {processor.py:208} INFO - Processing /Users/francisayanbadejo/venvs_projects/my_proj/lib/python3.9/site-packages/airflow/example_dags/example_task_group.py took 0.049 seconds
