[2025-04-23T02:29:03.501+0100] {processor.py:186} INFO - Started process (PID=57717) to work on /Users/francisayanbadejo/venvs_projects/my_proj/lib/python3.9/site-packages/airflow/example_dags/example_external_task_marker_dag.py
[2025-04-23T02:29:03.502+0100] {processor.py:914} INFO - Processing file /Users/francisayanbadejo/venvs_projects/my_proj/lib/python3.9/site-packages/airflow/example_dags/example_external_task_marker_dag.py for tasks to queue
[2025-04-23T02:29:03.503+0100] {logging_mixin.py:190} INFO - [2025-04-23T02:29:03.503+0100] {dagbag.py:588} INFO - Filling up the DagBag from /Users/francisayanbadejo/venvs_projects/my_proj/lib/python3.9/site-packages/airflow/example_dags/example_external_task_marker_dag.py
[2025-04-23T02:29:03.508+0100] {processor.py:925} INFO - DAG(s) 'example_external_task_marker_child', 'example_external_task_marker_parent' retrieved from /Users/francisayanbadejo/venvs_projects/my_proj/lib/python3.9/site-packages/airflow/example_dags/example_external_task_marker_dag.py
[2025-04-23T02:29:03.723+0100] {logging_mixin.py:190} INFO - [2025-04-23T02:29:03.722+0100] {override.py:1930} INFO - Created Permission View: can read on DAG:example_external_task_marker_child
[2025-04-23T02:29:03.725+0100] {logging_mixin.py:190} INFO - [2025-04-23T02:29:03.725+0100] {override.py:1930} INFO - Created Permission View: can edit on DAG:example_external_task_marker_child
[2025-04-23T02:29:03.727+0100] {logging_mixin.py:190} INFO - [2025-04-23T02:29:03.727+0100] {override.py:1930} INFO - Created Permission View: can delete on DAG:example_external_task_marker_child
[2025-04-23T02:29:03.729+0100] {logging_mixin.py:190} INFO - [2025-04-23T02:29:03.728+0100] {override.py:1930} INFO - Created Permission View: can read on DAG Run:example_external_task_marker_child
[2025-04-23T02:29:03.730+0100] {logging_mixin.py:190} INFO - [2025-04-23T02:29:03.730+0100] {override.py:1930} INFO - Created Permission View: can delete on DAG Run:example_external_task_marker_child
[2025-04-23T02:29:03.731+0100] {logging_mixin.py:190} INFO - [2025-04-23T02:29:03.731+0100] {override.py:1930} INFO - Created Permission View: menu access on DAG Run:example_external_task_marker_child
[2025-04-23T02:29:03.733+0100] {logging_mixin.py:190} INFO - [2025-04-23T02:29:03.733+0100] {override.py:1930} INFO - Created Permission View: can create on DAG Run:example_external_task_marker_child
[2025-04-23T02:29:03.736+0100] {logging_mixin.py:190} INFO - [2025-04-23T02:29:03.736+0100] {override.py:1930} INFO - Created Permission View: can read on DAG:example_external_task_marker_parent
[2025-04-23T02:29:03.737+0100] {logging_mixin.py:190} INFO - [2025-04-23T02:29:03.737+0100] {override.py:1930} INFO - Created Permission View: can edit on DAG:example_external_task_marker_parent
[2025-04-23T02:29:03.739+0100] {logging_mixin.py:190} INFO - [2025-04-23T02:29:03.739+0100] {override.py:1930} INFO - Created Permission View: can delete on DAG:example_external_task_marker_parent
[2025-04-23T02:29:03.740+0100] {logging_mixin.py:190} INFO - [2025-04-23T02:29:03.740+0100] {override.py:1930} INFO - Created Permission View: can read on DAG Run:example_external_task_marker_parent
[2025-04-23T02:29:03.742+0100] {logging_mixin.py:190} INFO - [2025-04-23T02:29:03.742+0100] {override.py:1930} INFO - Created Permission View: can delete on DAG Run:example_external_task_marker_parent
[2025-04-23T02:29:03.743+0100] {logging_mixin.py:190} INFO - [2025-04-23T02:29:03.743+0100] {override.py:1930} INFO - Created Permission View: menu access on DAG Run:example_external_task_marker_parent
[2025-04-23T02:29:03.744+0100] {logging_mixin.py:190} INFO - [2025-04-23T02:29:03.744+0100] {override.py:1930} INFO - Created Permission View: can create on DAG Run:example_external_task_marker_parent
[2025-04-23T02:29:03.745+0100] {logging_mixin.py:190} INFO - [2025-04-23T02:29:03.745+0100] {dag.py:3239} INFO - Sync 2 DAGs
[2025-04-23T02:29:03.749+0100] {logging_mixin.py:190} INFO - [2025-04-23T02:29:03.749+0100] {dag.py:3262} INFO - Creating ORM DAG for example_external_task_marker_parent
[2025-04-23T02:29:03.749+0100] {logging_mixin.py:190} INFO - [2025-04-23T02:29:03.749+0100] {dag.py:3262} INFO - Creating ORM DAG for example_external_task_marker_child
[2025-04-23T02:29:03.749+0100] {logging_mixin.py:190} INFO - [2025-04-23T02:29:03.749+0100] {dag.py:4180} INFO - Setting next_dagrun for example_external_task_marker_child to None, run_after=None
[2025-04-23T02:29:03.749+0100] {logging_mixin.py:190} INFO - [2025-04-23T02:29:03.749+0100] {dag.py:4180} INFO - Setting next_dagrun for example_external_task_marker_parent to None, run_after=None
[2025-04-23T02:29:03.754+0100] {processor.py:208} INFO - Processing /Users/francisayanbadejo/venvs_projects/my_proj/lib/python3.9/site-packages/airflow/example_dags/example_external_task_marker_dag.py took 0.254 seconds
[2025-04-23T02:30:57.034+0100] {processor.py:186} INFO - Started process (PID=57931) to work on /Users/francisayanbadejo/venvs_projects/my_proj/lib/python3.9/site-packages/airflow/example_dags/example_external_task_marker_dag.py
[2025-04-23T02:30:57.035+0100] {processor.py:914} INFO - Processing file /Users/francisayanbadejo/venvs_projects/my_proj/lib/python3.9/site-packages/airflow/example_dags/example_external_task_marker_dag.py for tasks to queue
[2025-04-23T02:30:57.036+0100] {logging_mixin.py:190} INFO - [2025-04-23T02:30:57.036+0100] {dagbag.py:588} INFO - Filling up the DagBag from /Users/francisayanbadejo/venvs_projects/my_proj/lib/python3.9/site-packages/airflow/example_dags/example_external_task_marker_dag.py
[2025-04-23T02:30:57.040+0100] {processor.py:925} INFO - DAG(s) 'example_external_task_marker_child', 'example_external_task_marker_parent' retrieved from /Users/francisayanbadejo/venvs_projects/my_proj/lib/python3.9/site-packages/airflow/example_dags/example_external_task_marker_dag.py
[2025-04-23T02:30:57.200+0100] {logging_mixin.py:190} INFO - [2025-04-23T02:30:57.199+0100] {dag.py:3239} INFO - Sync 2 DAGs
[2025-04-23T02:30:57.203+0100] {logging_mixin.py:190} INFO - [2025-04-23T02:30:57.203+0100] {dag.py:4180} INFO - Setting next_dagrun for example_external_task_marker_child to None, run_after=None
[2025-04-23T02:30:57.204+0100] {logging_mixin.py:190} INFO - [2025-04-23T02:30:57.204+0100] {dag.py:4180} INFO - Setting next_dagrun for example_external_task_marker_parent to None, run_after=None
[2025-04-23T02:30:57.208+0100] {processor.py:208} INFO - Processing /Users/francisayanbadejo/venvs_projects/my_proj/lib/python3.9/site-packages/airflow/example_dags/example_external_task_marker_dag.py took 0.175 seconds
[2025-04-23T02:32:45.622+0100] {processor.py:186} INFO - Started process (PID=58176) to work on /Users/francisayanbadejo/venvs_projects/my_proj/lib/python3.9/site-packages/airflow/example_dags/example_external_task_marker_dag.py
[2025-04-23T02:32:45.623+0100] {processor.py:914} INFO - Processing file /Users/francisayanbadejo/venvs_projects/my_proj/lib/python3.9/site-packages/airflow/example_dags/example_external_task_marker_dag.py for tasks to queue
[2025-04-23T02:32:45.624+0100] {logging_mixin.py:190} INFO - [2025-04-23T02:32:45.624+0100] {dagbag.py:588} INFO - Filling up the DagBag from /Users/francisayanbadejo/venvs_projects/my_proj/lib/python3.9/site-packages/airflow/example_dags/example_external_task_marker_dag.py
[2025-04-23T02:32:45.627+0100] {processor.py:925} INFO - DAG(s) 'example_external_task_marker_parent', 'example_external_task_marker_child' retrieved from /Users/francisayanbadejo/venvs_projects/my_proj/lib/python3.9/site-packages/airflow/example_dags/example_external_task_marker_dag.py
[2025-04-23T02:32:45.789+0100] {logging_mixin.py:190} INFO - [2025-04-23T02:32:45.788+0100] {dag.py:3239} INFO - Sync 2 DAGs
[2025-04-23T02:32:45.793+0100] {logging_mixin.py:190} INFO - [2025-04-23T02:32:45.792+0100] {dag.py:4180} INFO - Setting next_dagrun for example_external_task_marker_child to None, run_after=None
[2025-04-23T02:32:45.793+0100] {logging_mixin.py:190} INFO - [2025-04-23T02:32:45.793+0100] {dag.py:4180} INFO - Setting next_dagrun for example_external_task_marker_parent to None, run_after=None
[2025-04-23T02:32:45.798+0100] {processor.py:208} INFO - Processing /Users/francisayanbadejo/venvs_projects/my_proj/lib/python3.9/site-packages/airflow/example_dags/example_external_task_marker_dag.py took 0.177 seconds
[2025-04-23T02:34:53.242+0100] {processor.py:186} INFO - Started process (PID=58512) to work on /Users/francisayanbadejo/venvs_projects/my_proj/lib/python3.9/site-packages/airflow/example_dags/example_external_task_marker_dag.py
[2025-04-23T02:34:53.243+0100] {processor.py:914} INFO - Processing file /Users/francisayanbadejo/venvs_projects/my_proj/lib/python3.9/site-packages/airflow/example_dags/example_external_task_marker_dag.py for tasks to queue
[2025-04-23T02:34:53.243+0100] {logging_mixin.py:190} INFO - [2025-04-23T02:34:53.243+0100] {dagbag.py:588} INFO - Filling up the DagBag from /Users/francisayanbadejo/venvs_projects/my_proj/lib/python3.9/site-packages/airflow/example_dags/example_external_task_marker_dag.py
[2025-04-23T02:34:53.247+0100] {processor.py:925} INFO - DAG(s) 'example_external_task_marker_child', 'example_external_task_marker_parent' retrieved from /Users/francisayanbadejo/venvs_projects/my_proj/lib/python3.9/site-packages/airflow/example_dags/example_external_task_marker_dag.py
[2025-04-23T02:34:53.397+0100] {logging_mixin.py:190} INFO - [2025-04-23T02:34:53.397+0100] {dag.py:3239} INFO - Sync 2 DAGs
[2025-04-23T02:34:53.401+0100] {logging_mixin.py:190} INFO - [2025-04-23T02:34:53.400+0100] {dag.py:4180} INFO - Setting next_dagrun for example_external_task_marker_child to None, run_after=None
[2025-04-23T02:34:53.401+0100] {logging_mixin.py:190} INFO - [2025-04-23T02:34:53.401+0100] {dag.py:4180} INFO - Setting next_dagrun for example_external_task_marker_parent to None, run_after=None
[2025-04-23T02:34:53.406+0100] {processor.py:208} INFO - Processing /Users/francisayanbadejo/venvs_projects/my_proj/lib/python3.9/site-packages/airflow/example_dags/example_external_task_marker_dag.py took 0.166 seconds
[2025-04-23T02:36:42.333+0100] {processor.py:186} INFO - Started process (PID=58678) to work on /Users/francisayanbadejo/venvs_projects/my_proj/lib/python3.9/site-packages/airflow/example_dags/example_external_task_marker_dag.py
[2025-04-23T02:36:42.334+0100] {processor.py:914} INFO - Processing file /Users/francisayanbadejo/venvs_projects/my_proj/lib/python3.9/site-packages/airflow/example_dags/example_external_task_marker_dag.py for tasks to queue
[2025-04-23T02:36:42.334+0100] {logging_mixin.py:190} INFO - [2025-04-23T02:36:42.334+0100] {dagbag.py:588} INFO - Filling up the DagBag from /Users/francisayanbadejo/venvs_projects/my_proj/lib/python3.9/site-packages/airflow/example_dags/example_external_task_marker_dag.py
[2025-04-23T02:36:42.338+0100] {processor.py:925} INFO - DAG(s) 'example_external_task_marker_child', 'example_external_task_marker_parent' retrieved from /Users/francisayanbadejo/venvs_projects/my_proj/lib/python3.9/site-packages/airflow/example_dags/example_external_task_marker_dag.py
[2025-04-23T02:36:42.486+0100] {logging_mixin.py:190} INFO - [2025-04-23T02:36:42.486+0100] {dag.py:3239} INFO - Sync 2 DAGs
[2025-04-23T02:36:42.489+0100] {logging_mixin.py:190} INFO - [2025-04-23T02:36:42.489+0100] {dag.py:4180} INFO - Setting next_dagrun for example_external_task_marker_child to None, run_after=None
[2025-04-23T02:36:42.490+0100] {logging_mixin.py:190} INFO - [2025-04-23T02:36:42.490+0100] {dag.py:4180} INFO - Setting next_dagrun for example_external_task_marker_parent to None, run_after=None
[2025-04-23T02:36:42.495+0100] {processor.py:208} INFO - Processing /Users/francisayanbadejo/venvs_projects/my_proj/lib/python3.9/site-packages/airflow/example_dags/example_external_task_marker_dag.py took 0.164 seconds
[2025-04-23T02:38:32.090+0100] {processor.py:186} INFO - Started process (PID=58995) to work on /Users/francisayanbadejo/venvs_projects/my_proj/lib/python3.9/site-packages/airflow/example_dags/example_external_task_marker_dag.py
[2025-04-23T02:38:32.091+0100] {processor.py:914} INFO - Processing file /Users/francisayanbadejo/venvs_projects/my_proj/lib/python3.9/site-packages/airflow/example_dags/example_external_task_marker_dag.py for tasks to queue
[2025-04-23T02:38:32.092+0100] {logging_mixin.py:190} INFO - [2025-04-23T02:38:32.092+0100] {dagbag.py:588} INFO - Filling up the DagBag from /Users/francisayanbadejo/venvs_projects/my_proj/lib/python3.9/site-packages/airflow/example_dags/example_external_task_marker_dag.py
[2025-04-23T02:38:32.096+0100] {processor.py:925} INFO - DAG(s) 'example_external_task_marker_child', 'example_external_task_marker_parent' retrieved from /Users/francisayanbadejo/venvs_projects/my_proj/lib/python3.9/site-packages/airflow/example_dags/example_external_task_marker_dag.py
[2025-04-23T02:38:32.248+0100] {logging_mixin.py:190} INFO - [2025-04-23T02:38:32.248+0100] {dag.py:3239} INFO - Sync 2 DAGs
[2025-04-23T02:38:32.251+0100] {logging_mixin.py:190} INFO - [2025-04-23T02:38:32.251+0100] {dag.py:4180} INFO - Setting next_dagrun for example_external_task_marker_child to None, run_after=None
[2025-04-23T02:38:32.252+0100] {logging_mixin.py:190} INFO - [2025-04-23T02:38:32.252+0100] {dag.py:4180} INFO - Setting next_dagrun for example_external_task_marker_parent to None, run_after=None
[2025-04-23T02:38:32.257+0100] {processor.py:208} INFO - Processing /Users/francisayanbadejo/venvs_projects/my_proj/lib/python3.9/site-packages/airflow/example_dags/example_external_task_marker_dag.py took 0.168 seconds
