[2025-04-23T02:28:24.483+0100] {processor.py:186} INFO - Started process (PID=57638) to work on /Users/francisayanbadejo/venvs_projects/my_proj/lib/python3.9/site-packages/airflow/example_dags/example_trigger_target_dag.py
[2025-04-23T02:28:24.484+0100] {processor.py:914} INFO - Processing file /Users/francisayanbadejo/venvs_projects/my_proj/lib/python3.9/site-packages/airflow/example_dags/example_trigger_target_dag.py for tasks to queue
[2025-04-23T02:28:24.484+0100] {logging_mixin.py:190} INFO - [2025-04-23T02:28:24.484+0100] {dagbag.py:588} INFO - Filling up the DagBag from /Users/francisayanbadejo/venvs_projects/my_proj/lib/python3.9/site-packages/airflow/example_dags/example_trigger_target_dag.py
[2025-04-23T02:28:24.495+0100] {processor.py:925} INFO - DAG(s) 'example_trigger_target_dag' retrieved from /Users/francisayanbadejo/venvs_projects/my_proj/lib/python3.9/site-packages/airflow/example_dags/example_trigger_target_dag.py
[2025-04-23T02:28:24.547+0100] {logging_mixin.py:190} INFO - [2025-04-23T02:28:24.547+0100] {override.py:1930} INFO - Created Permission View: can delete on DAG:example_trigger_target_dag
[2025-04-23T02:28:24.550+0100] {logging_mixin.py:190} INFO - [2025-04-23T02:28:24.550+0100] {override.py:1930} INFO - Created Permission View: can read on DAG:example_trigger_target_dag
[2025-04-23T02:28:24.551+0100] {logging_mixin.py:190} INFO - [2025-04-23T02:28:24.551+0100] {override.py:1930} INFO - Created Permission View: can edit on DAG:example_trigger_target_dag
[2025-04-23T02:28:24.553+0100] {logging_mixin.py:190} INFO - [2025-04-23T02:28:24.553+0100] {override.py:1930} INFO - Created Permission View: can delete on DAG Run:example_trigger_target_dag
[2025-04-23T02:28:24.554+0100] {logging_mixin.py:190} INFO - [2025-04-23T02:28:24.554+0100] {override.py:1930} INFO - Created Permission View: can read on DAG Run:example_trigger_target_dag
[2025-04-23T02:28:24.555+0100] {logging_mixin.py:190} INFO - [2025-04-23T02:28:24.555+0100] {override.py:1930} INFO - Created Permission View: menu access on DAG Run:example_trigger_target_dag
[2025-04-23T02:28:24.557+0100] {logging_mixin.py:190} INFO - [2025-04-23T02:28:24.557+0100] {override.py:1930} INFO - Created Permission View: can create on DAG Run:example_trigger_target_dag
[2025-04-23T02:28:24.557+0100] {logging_mixin.py:190} INFO - [2025-04-23T02:28:24.557+0100] {dag.py:3239} INFO - Sync 1 DAGs
[2025-04-23T02:28:24.560+0100] {logging_mixin.py:190} INFO - [2025-04-23T02:28:24.560+0100] {dag.py:3262} INFO - Creating ORM DAG for example_trigger_target_dag
[2025-04-23T02:28:24.560+0100] {logging_mixin.py:190} INFO - [2025-04-23T02:28:24.560+0100] {dag.py:4180} INFO - Setting next_dagrun for example_trigger_target_dag to None, run_after=None
[2025-04-23T02:28:24.565+0100] {processor.py:208} INFO - Processing /Users/francisayanbadejo/venvs_projects/my_proj/lib/python3.9/site-packages/airflow/example_dags/example_trigger_target_dag.py took 0.083 seconds
[2025-04-23T02:29:51.925+0100] {processor.py:186} INFO - Started process (PID=57825) to work on /Users/francisayanbadejo/venvs_projects/my_proj/lib/python3.9/site-packages/airflow/example_dags/example_trigger_target_dag.py
[2025-04-23T02:29:51.926+0100] {processor.py:914} INFO - Processing file /Users/francisayanbadejo/venvs_projects/my_proj/lib/python3.9/site-packages/airflow/example_dags/example_trigger_target_dag.py for tasks to queue
[2025-04-23T02:29:51.927+0100] {logging_mixin.py:190} INFO - [2025-04-23T02:29:51.927+0100] {dagbag.py:588} INFO - Filling up the DagBag from /Users/francisayanbadejo/venvs_projects/my_proj/lib/python3.9/site-packages/airflow/example_dags/example_trigger_target_dag.py
[2025-04-23T02:29:51.936+0100] {processor.py:925} INFO - DAG(s) 'example_trigger_target_dag' retrieved from /Users/francisayanbadejo/venvs_projects/my_proj/lib/python3.9/site-packages/airflow/example_dags/example_trigger_target_dag.py
[2025-04-23T02:29:51.966+0100] {logging_mixin.py:190} INFO - [2025-04-23T02:29:51.966+0100] {dag.py:3239} INFO - Sync 1 DAGs
[2025-04-23T02:29:51.970+0100] {logging_mixin.py:190} INFO - [2025-04-23T02:29:51.970+0100] {dag.py:4180} INFO - Setting next_dagrun for example_trigger_target_dag to None, run_after=None
[2025-04-23T02:29:51.975+0100] {processor.py:208} INFO - Processing /Users/francisayanbadejo/venvs_projects/my_proj/lib/python3.9/site-packages/airflow/example_dags/example_trigger_target_dag.py took 0.051 seconds
[2025-04-23T02:30:49.629+0100] {processor.py:186} INFO - Started process (PID=57912) to work on /Users/francisayanbadejo/venvs_projects/my_proj/lib/python3.9/site-packages/airflow/example_dags/example_trigger_target_dag.py
[2025-04-23T02:30:49.630+0100] {processor.py:914} INFO - Processing file /Users/francisayanbadejo/venvs_projects/my_proj/lib/python3.9/site-packages/airflow/example_dags/example_trigger_target_dag.py for tasks to queue
[2025-04-23T02:30:49.633+0100] {logging_mixin.py:190} INFO - [2025-04-23T02:30:49.633+0100] {dagbag.py:588} INFO - Filling up the DagBag from /Users/francisayanbadejo/venvs_projects/my_proj/lib/python3.9/site-packages/airflow/example_dags/example_trigger_target_dag.py
[2025-04-23T02:30:49.644+0100] {processor.py:925} INFO - DAG(s) 'example_trigger_target_dag' retrieved from /Users/francisayanbadejo/venvs_projects/my_proj/lib/python3.9/site-packages/airflow/example_dags/example_trigger_target_dag.py
[2025-04-23T02:30:49.677+0100] {logging_mixin.py:190} INFO - [2025-04-23T02:30:49.677+0100] {dag.py:3239} INFO - Sync 1 DAGs
[2025-04-23T02:30:49.680+0100] {logging_mixin.py:190} INFO - [2025-04-23T02:30:49.680+0100] {dag.py:4180} INFO - Setting next_dagrun for example_trigger_target_dag to None, run_after=None
[2025-04-23T02:30:49.686+0100] {processor.py:208} INFO - Processing /Users/francisayanbadejo/venvs_projects/my_proj/lib/python3.9/site-packages/airflow/example_dags/example_trigger_target_dag.py took 0.058 seconds
[2025-04-23T02:31:42.814+0100] {processor.py:186} INFO - Started process (PID=58021) to work on /Users/francisayanbadejo/venvs_projects/my_proj/lib/python3.9/site-packages/airflow/example_dags/example_trigger_target_dag.py
[2025-04-23T02:31:42.816+0100] {processor.py:914} INFO - Processing file /Users/francisayanbadejo/venvs_projects/my_proj/lib/python3.9/site-packages/airflow/example_dags/example_trigger_target_dag.py for tasks to queue
[2025-04-23T02:31:42.816+0100] {logging_mixin.py:190} INFO - [2025-04-23T02:31:42.816+0100] {dagbag.py:588} INFO - Filling up the DagBag from /Users/francisayanbadejo/venvs_projects/my_proj/lib/python3.9/site-packages/airflow/example_dags/example_trigger_target_dag.py
[2025-04-23T02:31:42.826+0100] {processor.py:925} INFO - DAG(s) 'example_trigger_target_dag' retrieved from /Users/francisayanbadejo/venvs_projects/my_proj/lib/python3.9/site-packages/airflow/example_dags/example_trigger_target_dag.py
[2025-04-23T02:31:42.856+0100] {logging_mixin.py:190} INFO - [2025-04-23T02:31:42.856+0100] {dag.py:3239} INFO - Sync 1 DAGs
[2025-04-23T02:31:42.859+0100] {logging_mixin.py:190} INFO - [2025-04-23T02:31:42.859+0100] {dag.py:4180} INFO - Setting next_dagrun for example_trigger_target_dag to None, run_after=None
[2025-04-23T02:31:42.864+0100] {processor.py:208} INFO - Processing /Users/francisayanbadejo/venvs_projects/my_proj/lib/python3.9/site-packages/airflow/example_dags/example_trigger_target_dag.py took 0.051 seconds
[2025-04-23T02:32:36.687+0100] {processor.py:186} INFO - Started process (PID=58163) to work on /Users/francisayanbadejo/venvs_projects/my_proj/lib/python3.9/site-packages/airflow/example_dags/example_trigger_target_dag.py
[2025-04-23T02:32:36.689+0100] {processor.py:914} INFO - Processing file /Users/francisayanbadejo/venvs_projects/my_proj/lib/python3.9/site-packages/airflow/example_dags/example_trigger_target_dag.py for tasks to queue
[2025-04-23T02:32:36.689+0100] {logging_mixin.py:190} INFO - [2025-04-23T02:32:36.689+0100] {dagbag.py:588} INFO - Filling up the DagBag from /Users/francisayanbadejo/venvs_projects/my_proj/lib/python3.9/site-packages/airflow/example_dags/example_trigger_target_dag.py
[2025-04-23T02:32:36.700+0100] {processor.py:925} INFO - DAG(s) 'example_trigger_target_dag' retrieved from /Users/francisayanbadejo/venvs_projects/my_proj/lib/python3.9/site-packages/airflow/example_dags/example_trigger_target_dag.py
[2025-04-23T02:32:36.733+0100] {logging_mixin.py:190} INFO - [2025-04-23T02:32:36.733+0100] {dag.py:3239} INFO - Sync 1 DAGs
[2025-04-23T02:32:36.737+0100] {logging_mixin.py:190} INFO - [2025-04-23T02:32:36.737+0100] {dag.py:4180} INFO - Setting next_dagrun for example_trigger_target_dag to None, run_after=None
[2025-04-23T02:32:36.743+0100] {processor.py:208} INFO - Processing /Users/francisayanbadejo/venvs_projects/my_proj/lib/python3.9/site-packages/airflow/example_dags/example_trigger_target_dag.py took 0.057 seconds
[2025-04-23T02:33:31.209+0100] {processor.py:186} INFO - Started process (PID=58269) to work on /Users/francisayanbadejo/venvs_projects/my_proj/lib/python3.9/site-packages/airflow/example_dags/example_trigger_target_dag.py
[2025-04-23T02:33:31.211+0100] {processor.py:914} INFO - Processing file /Users/francisayanbadejo/venvs_projects/my_proj/lib/python3.9/site-packages/airflow/example_dags/example_trigger_target_dag.py for tasks to queue
[2025-04-23T02:33:31.211+0100] {logging_mixin.py:190} INFO - [2025-04-23T02:33:31.211+0100] {dagbag.py:588} INFO - Filling up the DagBag from /Users/francisayanbadejo/venvs_projects/my_proj/lib/python3.9/site-packages/airflow/example_dags/example_trigger_target_dag.py
[2025-04-23T02:33:31.221+0100] {processor.py:925} INFO - DAG(s) 'example_trigger_target_dag' retrieved from /Users/francisayanbadejo/venvs_projects/my_proj/lib/python3.9/site-packages/airflow/example_dags/example_trigger_target_dag.py
[2025-04-23T02:33:31.251+0100] {logging_mixin.py:190} INFO - [2025-04-23T02:33:31.250+0100] {dag.py:3239} INFO - Sync 1 DAGs
[2025-04-23T02:33:31.254+0100] {logging_mixin.py:190} INFO - [2025-04-23T02:33:31.254+0100] {dag.py:4180} INFO - Setting next_dagrun for example_trigger_target_dag to None, run_after=None
[2025-04-23T02:33:31.259+0100] {processor.py:208} INFO - Processing /Users/francisayanbadejo/venvs_projects/my_proj/lib/python3.9/site-packages/airflow/example_dags/example_trigger_target_dag.py took 0.051 seconds
[2025-04-23T02:34:15.836+0100] {processor.py:186} INFO - Started process (PID=58458) to work on /Users/francisayanbadejo/venvs_projects/my_proj/lib/python3.9/site-packages/airflow/example_dags/example_trigger_target_dag.py
[2025-04-23T02:34:15.837+0100] {processor.py:914} INFO - Processing file /Users/francisayanbadejo/venvs_projects/my_proj/lib/python3.9/site-packages/airflow/example_dags/example_trigger_target_dag.py for tasks to queue
[2025-04-23T02:34:15.838+0100] {logging_mixin.py:190} INFO - [2025-04-23T02:34:15.838+0100] {dagbag.py:588} INFO - Filling up the DagBag from /Users/francisayanbadejo/venvs_projects/my_proj/lib/python3.9/site-packages/airflow/example_dags/example_trigger_target_dag.py
[2025-04-23T02:34:15.848+0100] {processor.py:925} INFO - DAG(s) 'example_trigger_target_dag' retrieved from /Users/francisayanbadejo/venvs_projects/my_proj/lib/python3.9/site-packages/airflow/example_dags/example_trigger_target_dag.py
[2025-04-23T02:34:15.878+0100] {logging_mixin.py:190} INFO - [2025-04-23T02:34:15.878+0100] {dag.py:3239} INFO - Sync 1 DAGs
[2025-04-23T02:34:15.882+0100] {logging_mixin.py:190} INFO - [2025-04-23T02:34:15.882+0100] {dag.py:4180} INFO - Setting next_dagrun for example_trigger_target_dag to None, run_after=None
[2025-04-23T02:34:15.886+0100] {processor.py:208} INFO - Processing /Users/francisayanbadejo/venvs_projects/my_proj/lib/python3.9/site-packages/airflow/example_dags/example_trigger_target_dag.py took 0.051 seconds
[2025-04-23T02:35:38.968+0100] {processor.py:186} INFO - Started process (PID=58578) to work on /Users/francisayanbadejo/venvs_projects/my_proj/lib/python3.9/site-packages/airflow/example_dags/example_trigger_target_dag.py
[2025-04-23T02:35:38.970+0100] {processor.py:914} INFO - Processing file /Users/francisayanbadejo/venvs_projects/my_proj/lib/python3.9/site-packages/airflow/example_dags/example_trigger_target_dag.py for tasks to queue
[2025-04-23T02:35:38.971+0100] {logging_mixin.py:190} INFO - [2025-04-23T02:35:38.971+0100] {dagbag.py:588} INFO - Filling up the DagBag from /Users/francisayanbadejo/venvs_projects/my_proj/lib/python3.9/site-packages/airflow/example_dags/example_trigger_target_dag.py
[2025-04-23T02:35:38.980+0100] {processor.py:925} INFO - DAG(s) 'example_trigger_target_dag' retrieved from /Users/francisayanbadejo/venvs_projects/my_proj/lib/python3.9/site-packages/airflow/example_dags/example_trigger_target_dag.py
[2025-04-23T02:35:39.014+0100] {logging_mixin.py:190} INFO - [2025-04-23T02:35:39.014+0100] {dag.py:3239} INFO - Sync 1 DAGs
[2025-04-23T02:35:39.018+0100] {logging_mixin.py:190} INFO - [2025-04-23T02:35:39.018+0100] {dag.py:4180} INFO - Setting next_dagrun for example_trigger_target_dag to None, run_after=None
[2025-04-23T02:35:39.023+0100] {processor.py:208} INFO - Processing /Users/francisayanbadejo/venvs_projects/my_proj/lib/python3.9/site-packages/airflow/example_dags/example_trigger_target_dag.py took 0.055 seconds
[2025-04-23T02:36:32.772+0100] {processor.py:186} INFO - Started process (PID=58663) to work on /Users/francisayanbadejo/venvs_projects/my_proj/lib/python3.9/site-packages/airflow/example_dags/example_trigger_target_dag.py
[2025-04-23T02:36:32.773+0100] {processor.py:914} INFO - Processing file /Users/francisayanbadejo/venvs_projects/my_proj/lib/python3.9/site-packages/airflow/example_dags/example_trigger_target_dag.py for tasks to queue
[2025-04-23T02:36:32.773+0100] {logging_mixin.py:190} INFO - [2025-04-23T02:36:32.773+0100] {dagbag.py:588} INFO - Filling up the DagBag from /Users/francisayanbadejo/venvs_projects/my_proj/lib/python3.9/site-packages/airflow/example_dags/example_trigger_target_dag.py
[2025-04-23T02:36:32.783+0100] {processor.py:925} INFO - DAG(s) 'example_trigger_target_dag' retrieved from /Users/francisayanbadejo/venvs_projects/my_proj/lib/python3.9/site-packages/airflow/example_dags/example_trigger_target_dag.py
[2025-04-23T02:36:32.813+0100] {logging_mixin.py:190} INFO - [2025-04-23T02:36:32.813+0100] {dag.py:3239} INFO - Sync 1 DAGs
[2025-04-23T02:36:32.816+0100] {logging_mixin.py:190} INFO - [2025-04-23T02:36:32.816+0100] {dag.py:4180} INFO - Setting next_dagrun for example_trigger_target_dag to None, run_after=None
[2025-04-23T02:36:32.821+0100] {processor.py:208} INFO - Processing /Users/francisayanbadejo/venvs_projects/my_proj/lib/python3.9/site-packages/airflow/example_dags/example_trigger_target_dag.py took 0.051 seconds
[2025-04-23T02:37:27.396+0100] {processor.py:186} INFO - Started process (PID=58750) to work on /Users/francisayanbadejo/venvs_projects/my_proj/lib/python3.9/site-packages/airflow/example_dags/example_trigger_target_dag.py
[2025-04-23T02:37:27.397+0100] {processor.py:914} INFO - Processing file /Users/francisayanbadejo/venvs_projects/my_proj/lib/python3.9/site-packages/airflow/example_dags/example_trigger_target_dag.py for tasks to queue
[2025-04-23T02:37:27.398+0100] {logging_mixin.py:190} INFO - [2025-04-23T02:37:27.398+0100] {dagbag.py:588} INFO - Filling up the DagBag from /Users/francisayanbadejo/venvs_projects/my_proj/lib/python3.9/site-packages/airflow/example_dags/example_trigger_target_dag.py
[2025-04-23T02:37:27.409+0100] {processor.py:925} INFO - DAG(s) 'example_trigger_target_dag' retrieved from /Users/francisayanbadejo/venvs_projects/my_proj/lib/python3.9/site-packages/airflow/example_dags/example_trigger_target_dag.py
[2025-04-23T02:37:27.442+0100] {logging_mixin.py:190} INFO - [2025-04-23T02:37:27.442+0100] {dag.py:3239} INFO - Sync 1 DAGs
[2025-04-23T02:37:27.446+0100] {logging_mixin.py:190} INFO - [2025-04-23T02:37:27.445+0100] {dag.py:4180} INFO - Setting next_dagrun for example_trigger_target_dag to None, run_after=None
[2025-04-23T02:37:27.451+0100] {processor.py:208} INFO - Processing /Users/francisayanbadejo/venvs_projects/my_proj/lib/python3.9/site-packages/airflow/example_dags/example_trigger_target_dag.py took 0.056 seconds
[2025-04-23T02:38:22.326+0100] {processor.py:186} INFO - Started process (PID=58882) to work on /Users/francisayanbadejo/venvs_projects/my_proj/lib/python3.9/site-packages/airflow/example_dags/example_trigger_target_dag.py
[2025-04-23T02:38:22.327+0100] {processor.py:914} INFO - Processing file /Users/francisayanbadejo/venvs_projects/my_proj/lib/python3.9/site-packages/airflow/example_dags/example_trigger_target_dag.py for tasks to queue
[2025-04-23T02:38:22.328+0100] {logging_mixin.py:190} INFO - [2025-04-23T02:38:22.328+0100] {dagbag.py:588} INFO - Filling up the DagBag from /Users/francisayanbadejo/venvs_projects/my_proj/lib/python3.9/site-packages/airflow/example_dags/example_trigger_target_dag.py
[2025-04-23T02:38:22.338+0100] {processor.py:925} INFO - DAG(s) 'example_trigger_target_dag' retrieved from /Users/francisayanbadejo/venvs_projects/my_proj/lib/python3.9/site-packages/airflow/example_dags/example_trigger_target_dag.py
[2025-04-23T02:38:22.370+0100] {logging_mixin.py:190} INFO - [2025-04-23T02:38:22.370+0100] {dag.py:3239} INFO - Sync 1 DAGs
[2025-04-23T02:38:22.373+0100] {logging_mixin.py:190} INFO - [2025-04-23T02:38:22.373+0100] {dag.py:4180} INFO - Setting next_dagrun for example_trigger_target_dag to None, run_after=None
[2025-04-23T02:38:22.379+0100] {processor.py:208} INFO - Processing /Users/francisayanbadejo/venvs_projects/my_proj/lib/python3.9/site-packages/airflow/example_dags/example_trigger_target_dag.py took 0.054 seconds
