[2025-04-23T03:41:50.550+0100] {processor.py:186} INFO - Started process (PID=63453) to work on /Users/francisayanbadejo/venvs_projects/my_proj/lib/python3.9/site-packages/airflow/example_dags/example_display_name.py
[2025-04-23T03:41:50.551+0100] {processor.py:914} INFO - Processing file /Users/francisayanbadejo/venvs_projects/my_proj/lib/python3.9/site-packages/airflow/example_dags/example_display_name.py for tasks to queue
[2025-04-23T03:41:50.552+0100] {logging_mixin.py:190} INFO - [2025-04-23T03:41:50.552+0100] {dagbag.py:588} INFO - Filling up the DagBag from /Users/francisayanbadejo/venvs_projects/my_proj/lib/python3.9/site-packages/airflow/example_dags/example_display_name.py
[2025-04-23T03:41:50.566+0100] {processor.py:925} INFO - DAG(s) 'example_display_name' retrieved from /Users/francisayanbadejo/venvs_projects/my_proj/lib/python3.9/site-packages/airflow/example_dags/example_display_name.py
[2025-04-23T03:41:50.637+0100] {logging_mixin.py:190} INFO - [2025-04-23T03:41:50.637+0100] {override.py:1930} INFO - Created Permission View: can edit on DAG:example_display_name
[2025-04-23T03:41:50.640+0100] {logging_mixin.py:190} INFO - [2025-04-23T03:41:50.640+0100] {override.py:1930} INFO - Created Permission View: can read on DAG:example_display_name
[2025-04-23T03:41:50.642+0100] {logging_mixin.py:190} INFO - [2025-04-23T03:41:50.642+0100] {override.py:1930} INFO - Created Permission View: can delete on DAG:example_display_name
[2025-04-23T03:41:50.645+0100] {logging_mixin.py:190} INFO - [2025-04-23T03:41:50.645+0100] {override.py:1930} INFO - Created Permission View: can create on DAG Run:example_display_name
[2025-04-23T03:41:50.648+0100] {logging_mixin.py:190} INFO - [2025-04-23T03:41:50.648+0100] {override.py:1930} INFO - Created Permission View: menu access on DAG Run:example_display_name
[2025-04-23T03:41:50.651+0100] {logging_mixin.py:190} INFO - [2025-04-23T03:41:50.651+0100] {override.py:1930} INFO - Created Permission View: can read on DAG Run:example_display_name
[2025-04-23T03:41:50.653+0100] {logging_mixin.py:190} INFO - [2025-04-23T03:41:50.653+0100] {override.py:1930} INFO - Created Permission View: can delete on DAG Run:example_display_name
[2025-04-23T03:41:50.653+0100] {logging_mixin.py:190} INFO - [2025-04-23T03:41:50.653+0100] {dag.py:3239} INFO - Sync 1 DAGs
[2025-04-23T03:41:50.658+0100] {logging_mixin.py:190} INFO - [2025-04-23T03:41:50.658+0100] {dag.py:3262} INFO - Creating ORM DAG for example_display_name
[2025-04-23T03:41:50.659+0100] {logging_mixin.py:190} INFO - [2025-04-23T03:41:50.659+0100] {dag.py:4180} INFO - Setting next_dagrun for example_display_name to None, run_after=None
[2025-04-23T03:41:50.668+0100] {processor.py:208} INFO - Processing /Users/francisayanbadejo/venvs_projects/my_proj/lib/python3.9/site-packages/airflow/example_dags/example_display_name.py took 0.121 seconds
[2025-04-23T03:45:12.773+0100] {processor.py:186} INFO - Started process (PID=64377) to work on /Users/francisayanbadejo/venvs_projects/my_proj/lib/python3.9/site-packages/airflow/example_dags/example_display_name.py
[2025-04-23T03:45:12.775+0100] {processor.py:914} INFO - Processing file /Users/francisayanbadejo/venvs_projects/my_proj/lib/python3.9/site-packages/airflow/example_dags/example_display_name.py for tasks to queue
[2025-04-23T03:45:12.776+0100] {logging_mixin.py:190} INFO - [2025-04-23T03:45:12.776+0100] {dagbag.py:588} INFO - Filling up the DagBag from /Users/francisayanbadejo/venvs_projects/my_proj/lib/python3.9/site-packages/airflow/example_dags/example_display_name.py
[2025-04-23T03:45:12.787+0100] {processor.py:925} INFO - DAG(s) 'example_display_name' retrieved from /Users/francisayanbadejo/venvs_projects/my_proj/lib/python3.9/site-packages/airflow/example_dags/example_display_name.py
[2025-04-23T03:45:12.820+0100] {logging_mixin.py:190} INFO - [2025-04-23T03:45:12.819+0100] {dag.py:3239} INFO - Sync 1 DAGs
[2025-04-23T03:45:12.823+0100] {logging_mixin.py:190} INFO - [2025-04-23T03:45:12.823+0100] {dag.py:4180} INFO - Setting next_dagrun for example_display_name to None, run_after=None
[2025-04-23T03:45:12.829+0100] {processor.py:208} INFO - Processing /Users/francisayanbadejo/venvs_projects/my_proj/lib/python3.9/site-packages/airflow/example_dags/example_display_name.py took 0.057 seconds
[2025-04-23T03:47:08.072+0100] {processor.py:186} INFO - Started process (PID=64624) to work on /Users/francisayanbadejo/venvs_projects/my_proj/lib/python3.9/site-packages/airflow/example_dags/example_display_name.py
[2025-04-23T03:47:08.074+0100] {processor.py:914} INFO - Processing file /Users/francisayanbadejo/venvs_projects/my_proj/lib/python3.9/site-packages/airflow/example_dags/example_display_name.py for tasks to queue
[2025-04-23T03:47:08.075+0100] {logging_mixin.py:190} INFO - [2025-04-23T03:47:08.074+0100] {dagbag.py:588} INFO - Filling up the DagBag from /Users/francisayanbadejo/venvs_projects/my_proj/lib/python3.9/site-packages/airflow/example_dags/example_display_name.py
[2025-04-23T03:47:08.084+0100] {processor.py:925} INFO - DAG(s) 'example_display_name' retrieved from /Users/francisayanbadejo/venvs_projects/my_proj/lib/python3.9/site-packages/airflow/example_dags/example_display_name.py
[2025-04-23T03:47:08.115+0100] {logging_mixin.py:190} INFO - [2025-04-23T03:47:08.115+0100] {dag.py:3239} INFO - Sync 1 DAGs
[2025-04-23T03:47:08.119+0100] {logging_mixin.py:190} INFO - [2025-04-23T03:47:08.119+0100] {dag.py:4180} INFO - Setting next_dagrun for example_display_name to None, run_after=None
[2025-04-23T03:47:08.124+0100] {processor.py:208} INFO - Processing /Users/francisayanbadejo/venvs_projects/my_proj/lib/python3.9/site-packages/airflow/example_dags/example_display_name.py took 0.053 seconds
[2025-04-23T03:48:58.569+0100] {processor.py:186} INFO - Started process (PID=64869) to work on /Users/francisayanbadejo/venvs_projects/my_proj/lib/python3.9/site-packages/airflow/example_dags/example_display_name.py
[2025-04-23T03:48:58.571+0100] {processor.py:914} INFO - Processing file /Users/francisayanbadejo/venvs_projects/my_proj/lib/python3.9/site-packages/airflow/example_dags/example_display_name.py for tasks to queue
[2025-04-23T03:48:58.572+0100] {logging_mixin.py:190} INFO - [2025-04-23T03:48:58.571+0100] {dagbag.py:588} INFO - Filling up the DagBag from /Users/francisayanbadejo/venvs_projects/my_proj/lib/python3.9/site-packages/airflow/example_dags/example_display_name.py
[2025-04-23T03:48:58.583+0100] {processor.py:925} INFO - DAG(s) 'example_display_name' retrieved from /Users/francisayanbadejo/venvs_projects/my_proj/lib/python3.9/site-packages/airflow/example_dags/example_display_name.py
[2025-04-23T03:48:58.615+0100] {logging_mixin.py:190} INFO - [2025-04-23T03:48:58.614+0100] {dag.py:3239} INFO - Sync 1 DAGs
[2025-04-23T03:48:58.618+0100] {logging_mixin.py:190} INFO - [2025-04-23T03:48:58.618+0100] {dag.py:4180} INFO - Setting next_dagrun for example_display_name to None, run_after=None
[2025-04-23T03:48:58.624+0100] {processor.py:208} INFO - Processing /Users/francisayanbadejo/venvs_projects/my_proj/lib/python3.9/site-packages/airflow/example_dags/example_display_name.py took 0.056 seconds
[2025-04-23T03:50:48.023+0100] {processor.py:186} INFO - Started process (PID=65113) to work on /Users/francisayanbadejo/venvs_projects/my_proj/lib/python3.9/site-packages/airflow/example_dags/example_display_name.py
[2025-04-23T03:50:48.025+0100] {processor.py:914} INFO - Processing file /Users/francisayanbadejo/venvs_projects/my_proj/lib/python3.9/site-packages/airflow/example_dags/example_display_name.py for tasks to queue
[2025-04-23T03:50:48.025+0100] {logging_mixin.py:190} INFO - [2025-04-23T03:50:48.025+0100] {dagbag.py:588} INFO - Filling up the DagBag from /Users/francisayanbadejo/venvs_projects/my_proj/lib/python3.9/site-packages/airflow/example_dags/example_display_name.py
[2025-04-23T03:50:48.037+0100] {processor.py:925} INFO - DAG(s) 'example_display_name' retrieved from /Users/francisayanbadejo/venvs_projects/my_proj/lib/python3.9/site-packages/airflow/example_dags/example_display_name.py
[2025-04-23T03:50:48.069+0100] {logging_mixin.py:190} INFO - [2025-04-23T03:50:48.069+0100] {dag.py:3239} INFO - Sync 1 DAGs
[2025-04-23T03:50:48.073+0100] {logging_mixin.py:190} INFO - [2025-04-23T03:50:48.073+0100] {dag.py:4180} INFO - Setting next_dagrun for example_display_name to None, run_after=None
[2025-04-23T03:50:48.079+0100] {processor.py:208} INFO - Processing /Users/francisayanbadejo/venvs_projects/my_proj/lib/python3.9/site-packages/airflow/example_dags/example_display_name.py took 0.057 seconds
[2025-04-23T03:52:43.759+0100] {processor.py:186} INFO - Started process (PID=65370) to work on /Users/francisayanbadejo/venvs_projects/my_proj/lib/python3.9/site-packages/airflow/example_dags/example_display_name.py
[2025-04-23T03:52:43.761+0100] {processor.py:914} INFO - Processing file /Users/francisayanbadejo/venvs_projects/my_proj/lib/python3.9/site-packages/airflow/example_dags/example_display_name.py for tasks to queue
[2025-04-23T03:52:43.761+0100] {logging_mixin.py:190} INFO - [2025-04-23T03:52:43.761+0100] {dagbag.py:588} INFO - Filling up the DagBag from /Users/francisayanbadejo/venvs_projects/my_proj/lib/python3.9/site-packages/airflow/example_dags/example_display_name.py
[2025-04-23T03:52:43.771+0100] {processor.py:925} INFO - DAG(s) 'example_display_name' retrieved from /Users/francisayanbadejo/venvs_projects/my_proj/lib/python3.9/site-packages/airflow/example_dags/example_display_name.py
[2025-04-23T03:52:43.802+0100] {logging_mixin.py:190} INFO - [2025-04-23T03:52:43.801+0100] {dag.py:3239} INFO - Sync 1 DAGs
[2025-04-23T03:52:43.805+0100] {logging_mixin.py:190} INFO - [2025-04-23T03:52:43.805+0100] {dag.py:4180} INFO - Setting next_dagrun for example_display_name to None, run_after=None
[2025-04-23T03:52:43.810+0100] {processor.py:208} INFO - Processing /Users/francisayanbadejo/venvs_projects/my_proj/lib/python3.9/site-packages/airflow/example_dags/example_display_name.py took 0.052 seconds
[2025-04-23T03:54:39.468+0100] {processor.py:186} INFO - Started process (PID=65624) to work on /Users/francisayanbadejo/venvs_projects/my_proj/lib/python3.9/site-packages/airflow/example_dags/example_display_name.py
[2025-04-23T03:54:39.469+0100] {processor.py:914} INFO - Processing file /Users/francisayanbadejo/venvs_projects/my_proj/lib/python3.9/site-packages/airflow/example_dags/example_display_name.py for tasks to queue
[2025-04-23T03:54:39.470+0100] {logging_mixin.py:190} INFO - [2025-04-23T03:54:39.470+0100] {dagbag.py:588} INFO - Filling up the DagBag from /Users/francisayanbadejo/venvs_projects/my_proj/lib/python3.9/site-packages/airflow/example_dags/example_display_name.py
[2025-04-23T03:54:39.479+0100] {processor.py:925} INFO - DAG(s) 'example_display_name' retrieved from /Users/francisayanbadejo/venvs_projects/my_proj/lib/python3.9/site-packages/airflow/example_dags/example_display_name.py
[2025-04-23T03:54:39.509+0100] {logging_mixin.py:190} INFO - [2025-04-23T03:54:39.509+0100] {dag.py:3239} INFO - Sync 1 DAGs
[2025-04-23T03:54:39.512+0100] {logging_mixin.py:190} INFO - [2025-04-23T03:54:39.512+0100] {dag.py:4180} INFO - Setting next_dagrun for example_display_name to None, run_after=None
[2025-04-23T03:54:39.518+0100] {processor.py:208} INFO - Processing /Users/francisayanbadejo/venvs_projects/my_proj/lib/python3.9/site-packages/airflow/example_dags/example_display_name.py took 0.051 seconds
[2025-04-23T03:56:38.892+0100] {processor.py:186} INFO - Started process (PID=65880) to work on /Users/francisayanbadejo/venvs_projects/my_proj/lib/python3.9/site-packages/airflow/example_dags/example_display_name.py
[2025-04-23T03:56:38.893+0100] {processor.py:914} INFO - Processing file /Users/francisayanbadejo/venvs_projects/my_proj/lib/python3.9/site-packages/airflow/example_dags/example_display_name.py for tasks to queue
[2025-04-23T03:56:38.894+0100] {logging_mixin.py:190} INFO - [2025-04-23T03:56:38.894+0100] {dagbag.py:588} INFO - Filling up the DagBag from /Users/francisayanbadejo/venvs_projects/my_proj/lib/python3.9/site-packages/airflow/example_dags/example_display_name.py
[2025-04-23T03:56:38.903+0100] {processor.py:925} INFO - DAG(s) 'example_display_name' retrieved from /Users/francisayanbadejo/venvs_projects/my_proj/lib/python3.9/site-packages/airflow/example_dags/example_display_name.py
[2025-04-23T03:56:38.935+0100] {logging_mixin.py:190} INFO - [2025-04-23T03:56:38.935+0100] {dag.py:3239} INFO - Sync 1 DAGs
[2025-04-23T03:56:38.939+0100] {logging_mixin.py:190} INFO - [2025-04-23T03:56:38.939+0100] {dag.py:4180} INFO - Setting next_dagrun for example_display_name to None, run_after=None
[2025-04-23T03:56:38.944+0100] {processor.py:208} INFO - Processing /Users/francisayanbadejo/venvs_projects/my_proj/lib/python3.9/site-packages/airflow/example_dags/example_display_name.py took 0.054 seconds
[2025-04-23T03:58:38.842+0100] {processor.py:186} INFO - Started process (PID=66119) to work on /Users/francisayanbadejo/venvs_projects/my_proj/lib/python3.9/site-packages/airflow/example_dags/example_display_name.py
[2025-04-23T03:58:38.843+0100] {processor.py:914} INFO - Processing file /Users/francisayanbadejo/venvs_projects/my_proj/lib/python3.9/site-packages/airflow/example_dags/example_display_name.py for tasks to queue
[2025-04-23T03:58:38.843+0100] {logging_mixin.py:190} INFO - [2025-04-23T03:58:38.843+0100] {dagbag.py:588} INFO - Filling up the DagBag from /Users/francisayanbadejo/venvs_projects/my_proj/lib/python3.9/site-packages/airflow/example_dags/example_display_name.py
[2025-04-23T03:58:38.853+0100] {processor.py:925} INFO - DAG(s) 'example_display_name' retrieved from /Users/francisayanbadejo/venvs_projects/my_proj/lib/python3.9/site-packages/airflow/example_dags/example_display_name.py
[2025-04-23T03:58:38.885+0100] {logging_mixin.py:190} INFO - [2025-04-23T03:58:38.885+0100] {dag.py:3239} INFO - Sync 1 DAGs
[2025-04-23T03:58:38.889+0100] {logging_mixin.py:190} INFO - [2025-04-23T03:58:38.889+0100] {dag.py:4180} INFO - Setting next_dagrun for example_display_name to None, run_after=None
[2025-04-23T03:58:38.894+0100] {processor.py:208} INFO - Processing /Users/francisayanbadejo/venvs_projects/my_proj/lib/python3.9/site-packages/airflow/example_dags/example_display_name.py took 0.053 seconds
[2025-04-23T04:00:50.716+0100] {processor.py:186} INFO - Started process (PID=66342) to work on /Users/francisayanbadejo/venvs_projects/my_proj/lib/python3.9/site-packages/airflow/example_dags/example_display_name.py
[2025-04-23T04:00:50.717+0100] {processor.py:914} INFO - Processing file /Users/francisayanbadejo/venvs_projects/my_proj/lib/python3.9/site-packages/airflow/example_dags/example_display_name.py for tasks to queue
[2025-04-23T04:00:50.717+0100] {logging_mixin.py:190} INFO - [2025-04-23T04:00:50.717+0100] {dagbag.py:588} INFO - Filling up the DagBag from /Users/francisayanbadejo/venvs_projects/my_proj/lib/python3.9/site-packages/airflow/example_dags/example_display_name.py
[2025-04-23T04:00:50.727+0100] {processor.py:925} INFO - DAG(s) 'example_display_name' retrieved from /Users/francisayanbadejo/venvs_projects/my_proj/lib/python3.9/site-packages/airflow/example_dags/example_display_name.py
[2025-04-23T04:00:50.757+0100] {logging_mixin.py:190} INFO - [2025-04-23T04:00:50.757+0100] {dag.py:3239} INFO - Sync 1 DAGs
[2025-04-23T04:00:50.761+0100] {logging_mixin.py:190} INFO - [2025-04-23T04:00:50.760+0100] {dag.py:4180} INFO - Setting next_dagrun for example_display_name to None, run_after=None
[2025-04-23T04:00:50.766+0100] {processor.py:208} INFO - Processing /Users/francisayanbadejo/venvs_projects/my_proj/lib/python3.9/site-packages/airflow/example_dags/example_display_name.py took 0.051 seconds
[2025-04-23T04:02:39.465+0100] {processor.py:186} INFO - Started process (PID=66541) to work on /Users/francisayanbadejo/venvs_projects/my_proj/lib/python3.9/site-packages/airflow/example_dags/example_display_name.py
[2025-04-23T04:02:39.466+0100] {processor.py:914} INFO - Processing file /Users/francisayanbadejo/venvs_projects/my_proj/lib/python3.9/site-packages/airflow/example_dags/example_display_name.py for tasks to queue
[2025-04-23T04:02:39.466+0100] {logging_mixin.py:190} INFO - [2025-04-23T04:02:39.466+0100] {dagbag.py:588} INFO - Filling up the DagBag from /Users/francisayanbadejo/venvs_projects/my_proj/lib/python3.9/site-packages/airflow/example_dags/example_display_name.py
[2025-04-23T04:02:39.476+0100] {processor.py:925} INFO - DAG(s) 'example_display_name' retrieved from /Users/francisayanbadejo/venvs_projects/my_proj/lib/python3.9/site-packages/airflow/example_dags/example_display_name.py
[2025-04-23T04:02:39.506+0100] {logging_mixin.py:190} INFO - [2025-04-23T04:02:39.506+0100] {dag.py:3239} INFO - Sync 1 DAGs
[2025-04-23T04:02:39.510+0100] {logging_mixin.py:190} INFO - [2025-04-23T04:02:39.510+0100] {dag.py:4180} INFO - Setting next_dagrun for example_display_name to None, run_after=None
[2025-04-23T04:02:39.515+0100] {processor.py:208} INFO - Processing /Users/francisayanbadejo/venvs_projects/my_proj/lib/python3.9/site-packages/airflow/example_dags/example_display_name.py took 0.051 seconds
[2025-04-23T04:04:36.112+0100] {processor.py:186} INFO - Started process (PID=66798) to work on /Users/francisayanbadejo/venvs_projects/my_proj/lib/python3.9/site-packages/airflow/example_dags/example_display_name.py
[2025-04-23T04:04:36.112+0100] {processor.py:914} INFO - Processing file /Users/francisayanbadejo/venvs_projects/my_proj/lib/python3.9/site-packages/airflow/example_dags/example_display_name.py for tasks to queue
[2025-04-23T04:04:36.112+0100] {logging_mixin.py:190} INFO - [2025-04-23T04:04:36.112+0100] {dagbag.py:588} INFO - Filling up the DagBag from /Users/francisayanbadejo/venvs_projects/my_proj/lib/python3.9/site-packages/airflow/example_dags/example_display_name.py
[2025-04-23T04:04:36.124+0100] {processor.py:925} INFO - DAG(s) 'example_display_name' retrieved from /Users/francisayanbadejo/venvs_projects/my_proj/lib/python3.9/site-packages/airflow/example_dags/example_display_name.py
[2025-04-23T04:04:36.155+0100] {logging_mixin.py:190} INFO - [2025-04-23T04:04:36.155+0100] {dag.py:3239} INFO - Sync 1 DAGs
[2025-04-23T04:04:36.159+0100] {logging_mixin.py:190} INFO - [2025-04-23T04:04:36.159+0100] {dag.py:4180} INFO - Setting next_dagrun for example_display_name to None, run_after=None
[2025-04-23T04:04:36.164+0100] {processor.py:208} INFO - Processing /Users/francisayanbadejo/venvs_projects/my_proj/lib/python3.9/site-packages/airflow/example_dags/example_display_name.py took 0.054 seconds
[2025-04-23T04:06:35.046+0100] {processor.py:186} INFO - Started process (PID=67009) to work on /Users/francisayanbadejo/venvs_projects/my_proj/lib/python3.9/site-packages/airflow/example_dags/example_display_name.py
[2025-04-23T04:06:35.046+0100] {processor.py:914} INFO - Processing file /Users/francisayanbadejo/venvs_projects/my_proj/lib/python3.9/site-packages/airflow/example_dags/example_display_name.py for tasks to queue
[2025-04-23T04:06:35.047+0100] {logging_mixin.py:190} INFO - [2025-04-23T04:06:35.047+0100] {dagbag.py:588} INFO - Filling up the DagBag from /Users/francisayanbadejo/venvs_projects/my_proj/lib/python3.9/site-packages/airflow/example_dags/example_display_name.py
[2025-04-23T04:06:35.058+0100] {processor.py:925} INFO - DAG(s) 'example_display_name' retrieved from /Users/francisayanbadejo/venvs_projects/my_proj/lib/python3.9/site-packages/airflow/example_dags/example_display_name.py
[2025-04-23T04:06:35.089+0100] {logging_mixin.py:190} INFO - [2025-04-23T04:06:35.089+0100] {dag.py:3239} INFO - Sync 1 DAGs
[2025-04-23T04:06:35.093+0100] {logging_mixin.py:190} INFO - [2025-04-23T04:06:35.093+0100] {dag.py:4180} INFO - Setting next_dagrun for example_display_name to None, run_after=None
[2025-04-23T04:06:35.098+0100] {processor.py:208} INFO - Processing /Users/francisayanbadejo/venvs_projects/my_proj/lib/python3.9/site-packages/airflow/example_dags/example_display_name.py took 0.053 seconds
[2025-04-23T04:19:19.295+0100] {processor.py:186} INFO - Started process (PID=69004) to work on /Users/francisayanbadejo/venvs_projects/my_proj/lib/python3.9/site-packages/airflow/example_dags/example_display_name.py
[2025-04-23T04:19:19.296+0100] {processor.py:914} INFO - Processing file /Users/francisayanbadejo/venvs_projects/my_proj/lib/python3.9/site-packages/airflow/example_dags/example_display_name.py for tasks to queue
[2025-04-23T04:19:19.297+0100] {logging_mixin.py:190} INFO - [2025-04-23T04:19:19.297+0100] {dagbag.py:588} INFO - Filling up the DagBag from /Users/francisayanbadejo/venvs_projects/my_proj/lib/python3.9/site-packages/airflow/example_dags/example_display_name.py
[2025-04-23T04:19:19.307+0100] {processor.py:925} INFO - DAG(s) 'example_display_name' retrieved from /Users/francisayanbadejo/venvs_projects/my_proj/lib/python3.9/site-packages/airflow/example_dags/example_display_name.py
[2025-04-23T04:19:19.336+0100] {logging_mixin.py:190} INFO - [2025-04-23T04:19:19.336+0100] {dag.py:3239} INFO - Sync 1 DAGs
[2025-04-23T04:19:19.339+0100] {logging_mixin.py:190} INFO - [2025-04-23T04:19:19.339+0100] {dag.py:4180} INFO - Setting next_dagrun for example_display_name to None, run_after=None
[2025-04-23T04:19:19.345+0100] {processor.py:208} INFO - Processing /Users/francisayanbadejo/venvs_projects/my_proj/lib/python3.9/site-packages/airflow/example_dags/example_display_name.py took 0.051 seconds
[2025-04-23T04:22:02.817+0100] {processor.py:186} INFO - Started process (PID=69581) to work on /Users/francisayanbadejo/venvs_projects/my_proj/lib/python3.9/site-packages/airflow/example_dags/example_display_name.py
[2025-04-23T04:22:02.819+0100] {processor.py:914} INFO - Processing file /Users/francisayanbadejo/venvs_projects/my_proj/lib/python3.9/site-packages/airflow/example_dags/example_display_name.py for tasks to queue
[2025-04-23T04:22:02.820+0100] {logging_mixin.py:190} INFO - [2025-04-23T04:22:02.820+0100] {dagbag.py:588} INFO - Filling up the DagBag from /Users/francisayanbadejo/venvs_projects/my_proj/lib/python3.9/site-packages/airflow/example_dags/example_display_name.py
[2025-04-23T04:22:02.831+0100] {processor.py:925} INFO - DAG(s) 'example_display_name' retrieved from /Users/francisayanbadejo/venvs_projects/my_proj/lib/python3.9/site-packages/airflow/example_dags/example_display_name.py
[2025-04-23T04:22:02.860+0100] {logging_mixin.py:190} INFO - [2025-04-23T04:22:02.860+0100] {dag.py:3239} INFO - Sync 1 DAGs
[2025-04-23T04:22:02.864+0100] {logging_mixin.py:190} INFO - [2025-04-23T04:22:02.864+0100] {dag.py:4180} INFO - Setting next_dagrun for example_display_name to None, run_after=None
[2025-04-23T04:22:02.869+0100] {processor.py:208} INFO - Processing /Users/francisayanbadejo/venvs_projects/my_proj/lib/python3.9/site-packages/airflow/example_dags/example_display_name.py took 0.052 seconds
[2025-04-23T04:23:59.042+0100] {processor.py:186} INFO - Started process (PID=69823) to work on /Users/francisayanbadejo/venvs_projects/my_proj/lib/python3.9/site-packages/airflow/example_dags/example_display_name.py
[2025-04-23T04:23:59.043+0100] {processor.py:914} INFO - Processing file /Users/francisayanbadejo/venvs_projects/my_proj/lib/python3.9/site-packages/airflow/example_dags/example_display_name.py for tasks to queue
[2025-04-23T04:23:59.044+0100] {logging_mixin.py:190} INFO - [2025-04-23T04:23:59.044+0100] {dagbag.py:588} INFO - Filling up the DagBag from /Users/francisayanbadejo/venvs_projects/my_proj/lib/python3.9/site-packages/airflow/example_dags/example_display_name.py
[2025-04-23T04:23:59.054+0100] {processor.py:925} INFO - DAG(s) 'example_display_name' retrieved from /Users/francisayanbadejo/venvs_projects/my_proj/lib/python3.9/site-packages/airflow/example_dags/example_display_name.py
[2025-04-23T04:23:59.085+0100] {logging_mixin.py:190} INFO - [2025-04-23T04:23:59.085+0100] {dag.py:3239} INFO - Sync 1 DAGs
[2025-04-23T04:23:59.089+0100] {logging_mixin.py:190} INFO - [2025-04-23T04:23:59.089+0100] {dag.py:4180} INFO - Setting next_dagrun for example_display_name to None, run_after=None
[2025-04-23T04:23:59.094+0100] {processor.py:208} INFO - Processing /Users/francisayanbadejo/venvs_projects/my_proj/lib/python3.9/site-packages/airflow/example_dags/example_display_name.py took 0.053 seconds
[2025-04-23T04:26:26.835+0100] {processor.py:186} INFO - Started process (PID=70583) to work on /Users/francisayanbadejo/venvs_projects/my_proj/lib/python3.9/site-packages/airflow/example_dags/example_display_name.py
[2025-04-23T04:26:26.836+0100] {processor.py:914} INFO - Processing file /Users/francisayanbadejo/venvs_projects/my_proj/lib/python3.9/site-packages/airflow/example_dags/example_display_name.py for tasks to queue
[2025-04-23T04:26:26.837+0100] {logging_mixin.py:190} INFO - [2025-04-23T04:26:26.837+0100] {dagbag.py:588} INFO - Filling up the DagBag from /Users/francisayanbadejo/venvs_projects/my_proj/lib/python3.9/site-packages/airflow/example_dags/example_display_name.py
[2025-04-23T04:26:26.847+0100] {processor.py:925} INFO - DAG(s) 'example_display_name' retrieved from /Users/francisayanbadejo/venvs_projects/my_proj/lib/python3.9/site-packages/airflow/example_dags/example_display_name.py
[2025-04-23T04:26:26.878+0100] {logging_mixin.py:190} INFO - [2025-04-23T04:26:26.878+0100] {dag.py:3239} INFO - Sync 1 DAGs
[2025-04-23T04:26:26.881+0100] {logging_mixin.py:190} INFO - [2025-04-23T04:26:26.881+0100] {dag.py:4180} INFO - Setting next_dagrun for example_display_name to None, run_after=None
[2025-04-23T04:26:26.887+0100] {processor.py:208} INFO - Processing /Users/francisayanbadejo/venvs_projects/my_proj/lib/python3.9/site-packages/airflow/example_dags/example_display_name.py took 0.053 seconds
[2025-04-23T04:28:52.578+0100] {processor.py:186} INFO - Started process (PID=71333) to work on /Users/francisayanbadejo/venvs_projects/my_proj/lib/python3.9/site-packages/airflow/example_dags/example_display_name.py
[2025-04-23T04:28:52.580+0100] {processor.py:914} INFO - Processing file /Users/francisayanbadejo/venvs_projects/my_proj/lib/python3.9/site-packages/airflow/example_dags/example_display_name.py for tasks to queue
[2025-04-23T04:28:52.580+0100] {logging_mixin.py:190} INFO - [2025-04-23T04:28:52.580+0100] {dagbag.py:588} INFO - Filling up the DagBag from /Users/francisayanbadejo/venvs_projects/my_proj/lib/python3.9/site-packages/airflow/example_dags/example_display_name.py
[2025-04-23T04:28:52.590+0100] {processor.py:925} INFO - DAG(s) 'example_display_name' retrieved from /Users/francisayanbadejo/venvs_projects/my_proj/lib/python3.9/site-packages/airflow/example_dags/example_display_name.py
[2025-04-23T04:28:52.620+0100] {logging_mixin.py:190} INFO - [2025-04-23T04:28:52.620+0100] {dag.py:3239} INFO - Sync 1 DAGs
[2025-04-23T04:28:52.624+0100] {logging_mixin.py:190} INFO - [2025-04-23T04:28:52.624+0100] {dag.py:4180} INFO - Setting next_dagrun for example_display_name to None, run_after=None
[2025-04-23T04:28:52.629+0100] {processor.py:208} INFO - Processing /Users/francisayanbadejo/venvs_projects/my_proj/lib/python3.9/site-packages/airflow/example_dags/example_display_name.py took 0.052 seconds
[2025-04-23T04:30:47.289+0100] {processor.py:186} INFO - Started process (PID=71632) to work on /Users/francisayanbadejo/venvs_projects/my_proj/lib/python3.9/site-packages/airflow/example_dags/example_display_name.py
[2025-04-23T04:30:47.290+0100] {processor.py:914} INFO - Processing file /Users/francisayanbadejo/venvs_projects/my_proj/lib/python3.9/site-packages/airflow/example_dags/example_display_name.py for tasks to queue
[2025-04-23T04:30:47.291+0100] {logging_mixin.py:190} INFO - [2025-04-23T04:30:47.291+0100] {dagbag.py:588} INFO - Filling up the DagBag from /Users/francisayanbadejo/venvs_projects/my_proj/lib/python3.9/site-packages/airflow/example_dags/example_display_name.py
[2025-04-23T04:30:47.301+0100] {processor.py:925} INFO - DAG(s) 'example_display_name' retrieved from /Users/francisayanbadejo/venvs_projects/my_proj/lib/python3.9/site-packages/airflow/example_dags/example_display_name.py
[2025-04-23T04:30:47.331+0100] {logging_mixin.py:190} INFO - [2025-04-23T04:30:47.331+0100] {dag.py:3239} INFO - Sync 1 DAGs
[2025-04-23T04:30:47.335+0100] {logging_mixin.py:190} INFO - [2025-04-23T04:30:47.335+0100] {dag.py:4180} INFO - Setting next_dagrun for example_display_name to None, run_after=None
[2025-04-23T04:30:47.340+0100] {processor.py:208} INFO - Processing /Users/francisayanbadejo/venvs_projects/my_proj/lib/python3.9/site-packages/airflow/example_dags/example_display_name.py took 0.053 seconds
[2025-04-23T04:32:37.621+0100] {processor.py:186} INFO - Started process (PID=71888) to work on /Users/francisayanbadejo/venvs_projects/my_proj/lib/python3.9/site-packages/airflow/example_dags/example_display_name.py
[2025-04-23T04:32:37.622+0100] {processor.py:914} INFO - Processing file /Users/francisayanbadejo/venvs_projects/my_proj/lib/python3.9/site-packages/airflow/example_dags/example_display_name.py for tasks to queue
[2025-04-23T04:32:37.623+0100] {logging_mixin.py:190} INFO - [2025-04-23T04:32:37.623+0100] {dagbag.py:588} INFO - Filling up the DagBag from /Users/francisayanbadejo/venvs_projects/my_proj/lib/python3.9/site-packages/airflow/example_dags/example_display_name.py
[2025-04-23T04:32:37.632+0100] {processor.py:925} INFO - DAG(s) 'example_display_name' retrieved from /Users/francisayanbadejo/venvs_projects/my_proj/lib/python3.9/site-packages/airflow/example_dags/example_display_name.py
[2025-04-23T04:32:37.663+0100] {logging_mixin.py:190} INFO - [2025-04-23T04:32:37.663+0100] {dag.py:3239} INFO - Sync 1 DAGs
[2025-04-23T04:32:37.666+0100] {logging_mixin.py:190} INFO - [2025-04-23T04:32:37.666+0100] {dag.py:4180} INFO - Setting next_dagrun for example_display_name to None, run_after=None
[2025-04-23T04:32:37.671+0100] {processor.py:208} INFO - Processing /Users/francisayanbadejo/venvs_projects/my_proj/lib/python3.9/site-packages/airflow/example_dags/example_display_name.py took 0.052 seconds
[2025-04-23T04:34:58.377+0100] {processor.py:186} INFO - Started process (PID=72099) to work on /Users/francisayanbadejo/venvs_projects/my_proj/lib/python3.9/site-packages/airflow/example_dags/example_display_name.py
[2025-04-23T04:34:58.379+0100] {processor.py:914} INFO - Processing file /Users/francisayanbadejo/venvs_projects/my_proj/lib/python3.9/site-packages/airflow/example_dags/example_display_name.py for tasks to queue
[2025-04-23T04:34:58.379+0100] {logging_mixin.py:190} INFO - [2025-04-23T04:34:58.379+0100] {dagbag.py:588} INFO - Filling up the DagBag from /Users/francisayanbadejo/venvs_projects/my_proj/lib/python3.9/site-packages/airflow/example_dags/example_display_name.py
[2025-04-23T04:34:58.389+0100] {processor.py:925} INFO - DAG(s) 'example_display_name' retrieved from /Users/francisayanbadejo/venvs_projects/my_proj/lib/python3.9/site-packages/airflow/example_dags/example_display_name.py
[2025-04-23T04:34:58.419+0100] {logging_mixin.py:190} INFO - [2025-04-23T04:34:58.419+0100] {dag.py:3239} INFO - Sync 1 DAGs
[2025-04-23T04:34:58.423+0100] {logging_mixin.py:190} INFO - [2025-04-23T04:34:58.422+0100] {dag.py:4180} INFO - Setting next_dagrun for example_display_name to None, run_after=None
[2025-04-23T04:34:58.427+0100] {processor.py:208} INFO - Processing /Users/francisayanbadejo/venvs_projects/my_proj/lib/python3.9/site-packages/airflow/example_dags/example_display_name.py took 0.051 seconds
[2025-04-23T04:36:50.000+0100] {processor.py:186} INFO - Started process (PID=72345) to work on /Users/francisayanbadejo/venvs_projects/my_proj/lib/python3.9/site-packages/airflow/example_dags/example_display_name.py
[2025-04-23T04:36:50.001+0100] {processor.py:914} INFO - Processing file /Users/francisayanbadejo/venvs_projects/my_proj/lib/python3.9/site-packages/airflow/example_dags/example_display_name.py for tasks to queue
[2025-04-23T04:36:50.002+0100] {logging_mixin.py:190} INFO - [2025-04-23T04:36:50.002+0100] {dagbag.py:588} INFO - Filling up the DagBag from /Users/francisayanbadejo/venvs_projects/my_proj/lib/python3.9/site-packages/airflow/example_dags/example_display_name.py
[2025-04-23T04:36:50.012+0100] {processor.py:925} INFO - DAG(s) 'example_display_name' retrieved from /Users/francisayanbadejo/venvs_projects/my_proj/lib/python3.9/site-packages/airflow/example_dags/example_display_name.py
[2025-04-23T04:36:50.041+0100] {logging_mixin.py:190} INFO - [2025-04-23T04:36:50.041+0100] {dag.py:3239} INFO - Sync 1 DAGs
[2025-04-23T04:36:50.044+0100] {logging_mixin.py:190} INFO - [2025-04-23T04:36:50.044+0100] {dag.py:4180} INFO - Setting next_dagrun for example_display_name to None, run_after=None
[2025-04-23T04:36:50.049+0100] {processor.py:208} INFO - Processing /Users/francisayanbadejo/venvs_projects/my_proj/lib/python3.9/site-packages/airflow/example_dags/example_display_name.py took 0.051 seconds
[2025-04-23T04:38:43.812+0100] {processor.py:186} INFO - Started process (PID=72570) to work on /Users/francisayanbadejo/venvs_projects/my_proj/lib/python3.9/site-packages/airflow/example_dags/example_display_name.py
[2025-04-23T04:38:43.813+0100] {processor.py:914} INFO - Processing file /Users/francisayanbadejo/venvs_projects/my_proj/lib/python3.9/site-packages/airflow/example_dags/example_display_name.py for tasks to queue
[2025-04-23T04:38:43.814+0100] {logging_mixin.py:190} INFO - [2025-04-23T04:38:43.814+0100] {dagbag.py:588} INFO - Filling up the DagBag from /Users/francisayanbadejo/venvs_projects/my_proj/lib/python3.9/site-packages/airflow/example_dags/example_display_name.py
[2025-04-23T04:38:43.824+0100] {processor.py:925} INFO - DAG(s) 'example_display_name' retrieved from /Users/francisayanbadejo/venvs_projects/my_proj/lib/python3.9/site-packages/airflow/example_dags/example_display_name.py
[2025-04-23T04:38:43.855+0100] {logging_mixin.py:190} INFO - [2025-04-23T04:38:43.855+0100] {dag.py:3239} INFO - Sync 1 DAGs
[2025-04-23T04:38:43.858+0100] {logging_mixin.py:190} INFO - [2025-04-23T04:38:43.858+0100] {dag.py:4180} INFO - Setting next_dagrun for example_display_name to None, run_after=None
[2025-04-23T04:38:43.864+0100] {processor.py:208} INFO - Processing /Users/francisayanbadejo/venvs_projects/my_proj/lib/python3.9/site-packages/airflow/example_dags/example_display_name.py took 0.053 seconds
[2025-04-23T04:40:31.024+0100] {processor.py:186} INFO - Started process (PID=72729) to work on /Users/francisayanbadejo/venvs_projects/my_proj/lib/python3.9/site-packages/airflow/example_dags/example_display_name.py
[2025-04-23T04:40:31.025+0100] {processor.py:914} INFO - Processing file /Users/francisayanbadejo/venvs_projects/my_proj/lib/python3.9/site-packages/airflow/example_dags/example_display_name.py for tasks to queue
[2025-04-23T04:40:31.026+0100] {logging_mixin.py:190} INFO - [2025-04-23T04:40:31.026+0100] {dagbag.py:588} INFO - Filling up the DagBag from /Users/francisayanbadejo/venvs_projects/my_proj/lib/python3.9/site-packages/airflow/example_dags/example_display_name.py
[2025-04-23T04:40:31.036+0100] {processor.py:925} INFO - DAG(s) 'example_display_name' retrieved from /Users/francisayanbadejo/venvs_projects/my_proj/lib/python3.9/site-packages/airflow/example_dags/example_display_name.py
[2025-04-23T04:40:31.065+0100] {logging_mixin.py:190} INFO - [2025-04-23T04:40:31.065+0100] {dag.py:3239} INFO - Sync 1 DAGs
[2025-04-23T04:40:31.069+0100] {logging_mixin.py:190} INFO - [2025-04-23T04:40:31.069+0100] {dag.py:4180} INFO - Setting next_dagrun for example_display_name to None, run_after=None
[2025-04-23T04:40:31.073+0100] {processor.py:208} INFO - Processing /Users/francisayanbadejo/venvs_projects/my_proj/lib/python3.9/site-packages/airflow/example_dags/example_display_name.py took 0.050 seconds
[2025-04-23T04:42:18.648+0100] {processor.py:186} INFO - Started process (PID=72885) to work on /Users/francisayanbadejo/venvs_projects/my_proj/lib/python3.9/site-packages/airflow/example_dags/example_display_name.py
[2025-04-23T04:42:18.649+0100] {processor.py:914} INFO - Processing file /Users/francisayanbadejo/venvs_projects/my_proj/lib/python3.9/site-packages/airflow/example_dags/example_display_name.py for tasks to queue
[2025-04-23T04:42:18.650+0100] {logging_mixin.py:190} INFO - [2025-04-23T04:42:18.650+0100] {dagbag.py:588} INFO - Filling up the DagBag from /Users/francisayanbadejo/venvs_projects/my_proj/lib/python3.9/site-packages/airflow/example_dags/example_display_name.py
[2025-04-23T04:42:18.659+0100] {processor.py:925} INFO - DAG(s) 'example_display_name' retrieved from /Users/francisayanbadejo/venvs_projects/my_proj/lib/python3.9/site-packages/airflow/example_dags/example_display_name.py
[2025-04-23T04:42:18.689+0100] {logging_mixin.py:190} INFO - [2025-04-23T04:42:18.689+0100] {dag.py:3239} INFO - Sync 1 DAGs
[2025-04-23T04:42:18.693+0100] {logging_mixin.py:190} INFO - [2025-04-23T04:42:18.693+0100] {dag.py:4180} INFO - Setting next_dagrun for example_display_name to None, run_after=None
[2025-04-23T04:42:18.697+0100] {processor.py:208} INFO - Processing /Users/francisayanbadejo/venvs_projects/my_proj/lib/python3.9/site-packages/airflow/example_dags/example_display_name.py took 0.051 seconds
[2025-04-23T04:44:04.449+0100] {processor.py:186} INFO - Started process (PID=73061) to work on /Users/francisayanbadejo/venvs_projects/my_proj/lib/python3.9/site-packages/airflow/example_dags/example_display_name.py
[2025-04-23T04:44:04.450+0100] {processor.py:914} INFO - Processing file /Users/francisayanbadejo/venvs_projects/my_proj/lib/python3.9/site-packages/airflow/example_dags/example_display_name.py for tasks to queue
[2025-04-23T04:44:04.451+0100] {logging_mixin.py:190} INFO - [2025-04-23T04:44:04.450+0100] {dagbag.py:588} INFO - Filling up the DagBag from /Users/francisayanbadejo/venvs_projects/my_proj/lib/python3.9/site-packages/airflow/example_dags/example_display_name.py
[2025-04-23T04:44:04.460+0100] {processor.py:925} INFO - DAG(s) 'example_display_name' retrieved from /Users/francisayanbadejo/venvs_projects/my_proj/lib/python3.9/site-packages/airflow/example_dags/example_display_name.py
[2025-04-23T04:44:04.490+0100] {logging_mixin.py:190} INFO - [2025-04-23T04:44:04.490+0100] {dag.py:3239} INFO - Sync 1 DAGs
[2025-04-23T04:44:04.493+0100] {logging_mixin.py:190} INFO - [2025-04-23T04:44:04.493+0100] {dag.py:4180} INFO - Setting next_dagrun for example_display_name to None, run_after=None
[2025-04-23T04:44:04.498+0100] {processor.py:208} INFO - Processing /Users/francisayanbadejo/venvs_projects/my_proj/lib/python3.9/site-packages/airflow/example_dags/example_display_name.py took 0.051 seconds
[2025-04-23T04:45:48.373+0100] {processor.py:186} INFO - Started process (PID=73238) to work on /Users/francisayanbadejo/venvs_projects/my_proj/lib/python3.9/site-packages/airflow/example_dags/example_display_name.py
[2025-04-23T04:45:48.374+0100] {processor.py:914} INFO - Processing file /Users/francisayanbadejo/venvs_projects/my_proj/lib/python3.9/site-packages/airflow/example_dags/example_display_name.py for tasks to queue
[2025-04-23T04:45:48.375+0100] {logging_mixin.py:190} INFO - [2025-04-23T04:45:48.375+0100] {dagbag.py:588} INFO - Filling up the DagBag from /Users/francisayanbadejo/venvs_projects/my_proj/lib/python3.9/site-packages/airflow/example_dags/example_display_name.py
[2025-04-23T04:45:48.385+0100] {processor.py:925} INFO - DAG(s) 'example_display_name' retrieved from /Users/francisayanbadejo/venvs_projects/my_proj/lib/python3.9/site-packages/airflow/example_dags/example_display_name.py
[2025-04-23T04:45:48.414+0100] {logging_mixin.py:190} INFO - [2025-04-23T04:45:48.414+0100] {dag.py:3239} INFO - Sync 1 DAGs
[2025-04-23T04:45:48.418+0100] {logging_mixin.py:190} INFO - [2025-04-23T04:45:48.418+0100] {dag.py:4180} INFO - Setting next_dagrun for example_display_name to None, run_after=None
[2025-04-23T04:45:48.423+0100] {processor.py:208} INFO - Processing /Users/francisayanbadejo/venvs_projects/my_proj/lib/python3.9/site-packages/airflow/example_dags/example_display_name.py took 0.052 seconds
[2025-04-23T04:47:36.173+0100] {processor.py:186} INFO - Started process (PID=73393) to work on /Users/francisayanbadejo/venvs_projects/my_proj/lib/python3.9/site-packages/airflow/example_dags/example_display_name.py
[2025-04-23T04:47:36.174+0100] {processor.py:914} INFO - Processing file /Users/francisayanbadejo/venvs_projects/my_proj/lib/python3.9/site-packages/airflow/example_dags/example_display_name.py for tasks to queue
[2025-04-23T04:47:36.175+0100] {logging_mixin.py:190} INFO - [2025-04-23T04:47:36.175+0100] {dagbag.py:588} INFO - Filling up the DagBag from /Users/francisayanbadejo/venvs_projects/my_proj/lib/python3.9/site-packages/airflow/example_dags/example_display_name.py
[2025-04-23T04:47:36.184+0100] {processor.py:925} INFO - DAG(s) 'example_display_name' retrieved from /Users/francisayanbadejo/venvs_projects/my_proj/lib/python3.9/site-packages/airflow/example_dags/example_display_name.py
[2025-04-23T04:47:36.214+0100] {logging_mixin.py:190} INFO - [2025-04-23T04:47:36.214+0100] {dag.py:3239} INFO - Sync 1 DAGs
[2025-04-23T04:47:36.217+0100] {logging_mixin.py:190} INFO - [2025-04-23T04:47:36.217+0100] {dag.py:4180} INFO - Setting next_dagrun for example_display_name to None, run_after=None
[2025-04-23T04:47:36.222+0100] {processor.py:208} INFO - Processing /Users/francisayanbadejo/venvs_projects/my_proj/lib/python3.9/site-packages/airflow/example_dags/example_display_name.py took 0.051 seconds
[2025-04-23T04:49:27.819+0100] {processor.py:186} INFO - Started process (PID=73552) to work on /Users/francisayanbadejo/venvs_projects/my_proj/lib/python3.9/site-packages/airflow/example_dags/example_display_name.py
[2025-04-23T04:49:27.821+0100] {processor.py:914} INFO - Processing file /Users/francisayanbadejo/venvs_projects/my_proj/lib/python3.9/site-packages/airflow/example_dags/example_display_name.py for tasks to queue
[2025-04-23T04:49:27.822+0100] {logging_mixin.py:190} INFO - [2025-04-23T04:49:27.822+0100] {dagbag.py:588} INFO - Filling up the DagBag from /Users/francisayanbadejo/venvs_projects/my_proj/lib/python3.9/site-packages/airflow/example_dags/example_display_name.py
[2025-04-23T04:49:27.831+0100] {processor.py:925} INFO - DAG(s) 'example_display_name' retrieved from /Users/francisayanbadejo/venvs_projects/my_proj/lib/python3.9/site-packages/airflow/example_dags/example_display_name.py
[2025-04-23T04:49:27.861+0100] {logging_mixin.py:190} INFO - [2025-04-23T04:49:27.861+0100] {dag.py:3239} INFO - Sync 1 DAGs
[2025-04-23T04:49:27.864+0100] {logging_mixin.py:190} INFO - [2025-04-23T04:49:27.864+0100] {dag.py:4180} INFO - Setting next_dagrun for example_display_name to None, run_after=None
[2025-04-23T04:49:27.869+0100] {processor.py:208} INFO - Processing /Users/francisayanbadejo/venvs_projects/my_proj/lib/python3.9/site-packages/airflow/example_dags/example_display_name.py took 0.051 seconds
[2025-04-23T04:51:14.659+0100] {processor.py:186} INFO - Started process (PID=73716) to work on /Users/francisayanbadejo/venvs_projects/my_proj/lib/python3.9/site-packages/airflow/example_dags/example_display_name.py
[2025-04-23T04:51:14.660+0100] {processor.py:914} INFO - Processing file /Users/francisayanbadejo/venvs_projects/my_proj/lib/python3.9/site-packages/airflow/example_dags/example_display_name.py for tasks to queue
[2025-04-23T04:51:14.661+0100] {logging_mixin.py:190} INFO - [2025-04-23T04:51:14.661+0100] {dagbag.py:588} INFO - Filling up the DagBag from /Users/francisayanbadejo/venvs_projects/my_proj/lib/python3.9/site-packages/airflow/example_dags/example_display_name.py
[2025-04-23T04:51:14.670+0100] {processor.py:925} INFO - DAG(s) 'example_display_name' retrieved from /Users/francisayanbadejo/venvs_projects/my_proj/lib/python3.9/site-packages/airflow/example_dags/example_display_name.py
[2025-04-23T04:51:14.701+0100] {logging_mixin.py:190} INFO - [2025-04-23T04:51:14.701+0100] {dag.py:3239} INFO - Sync 1 DAGs
[2025-04-23T04:51:14.705+0100] {logging_mixin.py:190} INFO - [2025-04-23T04:51:14.705+0100] {dag.py:4180} INFO - Setting next_dagrun for example_display_name to None, run_after=None
[2025-04-23T04:51:14.710+0100] {processor.py:208} INFO - Processing /Users/francisayanbadejo/venvs_projects/my_proj/lib/python3.9/site-packages/airflow/example_dags/example_display_name.py took 0.052 seconds
[2025-04-23T04:53:12.122+0100] {processor.py:186} INFO - Started process (PID=73940) to work on /Users/francisayanbadejo/venvs_projects/my_proj/lib/python3.9/site-packages/airflow/example_dags/example_display_name.py
[2025-04-23T04:53:12.124+0100] {processor.py:914} INFO - Processing file /Users/francisayanbadejo/venvs_projects/my_proj/lib/python3.9/site-packages/airflow/example_dags/example_display_name.py for tasks to queue
[2025-04-23T04:53:12.125+0100] {logging_mixin.py:190} INFO - [2025-04-23T04:53:12.125+0100] {dagbag.py:588} INFO - Filling up the DagBag from /Users/francisayanbadejo/venvs_projects/my_proj/lib/python3.9/site-packages/airflow/example_dags/example_display_name.py
[2025-04-23T04:53:12.135+0100] {processor.py:925} INFO - DAG(s) 'example_display_name' retrieved from /Users/francisayanbadejo/venvs_projects/my_proj/lib/python3.9/site-packages/airflow/example_dags/example_display_name.py
[2025-04-23T04:53:12.166+0100] {logging_mixin.py:190} INFO - [2025-04-23T04:53:12.166+0100] {dag.py:3239} INFO - Sync 1 DAGs
[2025-04-23T04:53:12.170+0100] {logging_mixin.py:190} INFO - [2025-04-23T04:53:12.170+0100] {dag.py:4180} INFO - Setting next_dagrun for example_display_name to None, run_after=None
[2025-04-23T04:53:12.175+0100] {processor.py:208} INFO - Processing /Users/francisayanbadejo/venvs_projects/my_proj/lib/python3.9/site-packages/airflow/example_dags/example_display_name.py took 0.054 seconds
[2025-04-23T04:55:09.552+0100] {processor.py:186} INFO - Started process (PID=74227) to work on /Users/francisayanbadejo/venvs_projects/my_proj/lib/python3.9/site-packages/airflow/example_dags/example_display_name.py
[2025-04-23T04:55:09.553+0100] {processor.py:914} INFO - Processing file /Users/francisayanbadejo/venvs_projects/my_proj/lib/python3.9/site-packages/airflow/example_dags/example_display_name.py for tasks to queue
[2025-04-23T04:55:09.553+0100] {logging_mixin.py:190} INFO - [2025-04-23T04:55:09.553+0100] {dagbag.py:588} INFO - Filling up the DagBag from /Users/francisayanbadejo/venvs_projects/my_proj/lib/python3.9/site-packages/airflow/example_dags/example_display_name.py
[2025-04-23T04:55:09.563+0100] {processor.py:925} INFO - DAG(s) 'example_display_name' retrieved from /Users/francisayanbadejo/venvs_projects/my_proj/lib/python3.9/site-packages/airflow/example_dags/example_display_name.py
[2025-04-23T04:55:09.593+0100] {logging_mixin.py:190} INFO - [2025-04-23T04:55:09.593+0100] {dag.py:3239} INFO - Sync 1 DAGs
[2025-04-23T04:55:09.596+0100] {logging_mixin.py:190} INFO - [2025-04-23T04:55:09.596+0100] {dag.py:4180} INFO - Setting next_dagrun for example_display_name to None, run_after=None
[2025-04-23T04:55:09.601+0100] {processor.py:208} INFO - Processing /Users/francisayanbadejo/venvs_projects/my_proj/lib/python3.9/site-packages/airflow/example_dags/example_display_name.py took 0.050 seconds
[2025-04-23T04:57:03.667+0100] {processor.py:186} INFO - Started process (PID=74543) to work on /Users/francisayanbadejo/venvs_projects/my_proj/lib/python3.9/site-packages/airflow/example_dags/example_display_name.py
[2025-04-23T04:57:03.668+0100] {processor.py:914} INFO - Processing file /Users/francisayanbadejo/venvs_projects/my_proj/lib/python3.9/site-packages/airflow/example_dags/example_display_name.py for tasks to queue
[2025-04-23T04:57:03.669+0100] {logging_mixin.py:190} INFO - [2025-04-23T04:57:03.669+0100] {dagbag.py:588} INFO - Filling up the DagBag from /Users/francisayanbadejo/venvs_projects/my_proj/lib/python3.9/site-packages/airflow/example_dags/example_display_name.py
[2025-04-23T04:57:03.679+0100] {processor.py:925} INFO - DAG(s) 'example_display_name' retrieved from /Users/francisayanbadejo/venvs_projects/my_proj/lib/python3.9/site-packages/airflow/example_dags/example_display_name.py
[2025-04-23T04:57:03.710+0100] {logging_mixin.py:190} INFO - [2025-04-23T04:57:03.710+0100] {dag.py:3239} INFO - Sync 1 DAGs
[2025-04-23T04:57:03.713+0100] {logging_mixin.py:190} INFO - [2025-04-23T04:57:03.713+0100] {dag.py:4180} INFO - Setting next_dagrun for example_display_name to None, run_after=None
[2025-04-23T04:57:03.719+0100] {processor.py:208} INFO - Processing /Users/francisayanbadejo/venvs_projects/my_proj/lib/python3.9/site-packages/airflow/example_dags/example_display_name.py took 0.053 seconds
[2025-04-23T04:58:52.722+0100] {processor.py:186} INFO - Started process (PID=74788) to work on /Users/francisayanbadejo/venvs_projects/my_proj/lib/python3.9/site-packages/airflow/example_dags/example_display_name.py
[2025-04-23T04:58:52.724+0100] {processor.py:914} INFO - Processing file /Users/francisayanbadejo/venvs_projects/my_proj/lib/python3.9/site-packages/airflow/example_dags/example_display_name.py for tasks to queue
[2025-04-23T04:58:52.724+0100] {logging_mixin.py:190} INFO - [2025-04-23T04:58:52.724+0100] {dagbag.py:588} INFO - Filling up the DagBag from /Users/francisayanbadejo/venvs_projects/my_proj/lib/python3.9/site-packages/airflow/example_dags/example_display_name.py
[2025-04-23T04:58:52.734+0100] {processor.py:925} INFO - DAG(s) 'example_display_name' retrieved from /Users/francisayanbadejo/venvs_projects/my_proj/lib/python3.9/site-packages/airflow/example_dags/example_display_name.py
[2025-04-23T04:58:52.766+0100] {logging_mixin.py:190} INFO - [2025-04-23T04:58:52.766+0100] {dag.py:3239} INFO - Sync 1 DAGs
[2025-04-23T04:58:52.769+0100] {logging_mixin.py:190} INFO - [2025-04-23T04:58:52.769+0100] {dag.py:4180} INFO - Setting next_dagrun for example_display_name to None, run_after=None
[2025-04-23T04:58:52.774+0100] {processor.py:208} INFO - Processing /Users/francisayanbadejo/venvs_projects/my_proj/lib/python3.9/site-packages/airflow/example_dags/example_display_name.py took 0.054 seconds
[2025-04-23T05:00:39.644+0100] {processor.py:186} INFO - Started process (PID=75026) to work on /Users/francisayanbadejo/venvs_projects/my_proj/lib/python3.9/site-packages/airflow/example_dags/example_display_name.py
[2025-04-23T05:00:39.646+0100] {processor.py:914} INFO - Processing file /Users/francisayanbadejo/venvs_projects/my_proj/lib/python3.9/site-packages/airflow/example_dags/example_display_name.py for tasks to queue
[2025-04-23T05:00:39.647+0100] {logging_mixin.py:190} INFO - [2025-04-23T05:00:39.647+0100] {dagbag.py:588} INFO - Filling up the DagBag from /Users/francisayanbadejo/venvs_projects/my_proj/lib/python3.9/site-packages/airflow/example_dags/example_display_name.py
[2025-04-23T05:00:39.656+0100] {processor.py:925} INFO - DAG(s) 'example_display_name' retrieved from /Users/francisayanbadejo/venvs_projects/my_proj/lib/python3.9/site-packages/airflow/example_dags/example_display_name.py
[2025-04-23T05:00:39.687+0100] {logging_mixin.py:190} INFO - [2025-04-23T05:00:39.686+0100] {dag.py:3239} INFO - Sync 1 DAGs
[2025-04-23T05:00:39.690+0100] {logging_mixin.py:190} INFO - [2025-04-23T05:00:39.690+0100] {dag.py:4180} INFO - Setting next_dagrun for example_display_name to None, run_after=None
[2025-04-23T05:00:39.695+0100] {processor.py:208} INFO - Processing /Users/francisayanbadejo/venvs_projects/my_proj/lib/python3.9/site-packages/airflow/example_dags/example_display_name.py took 0.052 seconds
[2025-04-23T05:02:30.697+0100] {processor.py:186} INFO - Started process (PID=75267) to work on /Users/francisayanbadejo/venvs_projects/my_proj/lib/python3.9/site-packages/airflow/example_dags/example_display_name.py
[2025-04-23T05:02:30.699+0100] {processor.py:914} INFO - Processing file /Users/francisayanbadejo/venvs_projects/my_proj/lib/python3.9/site-packages/airflow/example_dags/example_display_name.py for tasks to queue
[2025-04-23T05:02:30.700+0100] {logging_mixin.py:190} INFO - [2025-04-23T05:02:30.700+0100] {dagbag.py:588} INFO - Filling up the DagBag from /Users/francisayanbadejo/venvs_projects/my_proj/lib/python3.9/site-packages/airflow/example_dags/example_display_name.py
[2025-04-23T05:02:30.711+0100] {processor.py:925} INFO - DAG(s) 'example_display_name' retrieved from /Users/francisayanbadejo/venvs_projects/my_proj/lib/python3.9/site-packages/airflow/example_dags/example_display_name.py
[2025-04-23T05:02:30.742+0100] {logging_mixin.py:190} INFO - [2025-04-23T05:02:30.742+0100] {dag.py:3239} INFO - Sync 1 DAGs
[2025-04-23T05:02:30.746+0100] {logging_mixin.py:190} INFO - [2025-04-23T05:02:30.746+0100] {dag.py:4180} INFO - Setting next_dagrun for example_display_name to None, run_after=None
[2025-04-23T05:02:30.752+0100] {processor.py:208} INFO - Processing /Users/francisayanbadejo/venvs_projects/my_proj/lib/python3.9/site-packages/airflow/example_dags/example_display_name.py took 0.056 seconds
[2025-04-23T05:04:23.605+0100] {processor.py:186} INFO - Started process (PID=75520) to work on /Users/francisayanbadejo/venvs_projects/my_proj/lib/python3.9/site-packages/airflow/example_dags/example_display_name.py
[2025-04-23T05:04:23.607+0100] {processor.py:914} INFO - Processing file /Users/francisayanbadejo/venvs_projects/my_proj/lib/python3.9/site-packages/airflow/example_dags/example_display_name.py for tasks to queue
[2025-04-23T05:04:23.608+0100] {logging_mixin.py:190} INFO - [2025-04-23T05:04:23.608+0100] {dagbag.py:588} INFO - Filling up the DagBag from /Users/francisayanbadejo/venvs_projects/my_proj/lib/python3.9/site-packages/airflow/example_dags/example_display_name.py
[2025-04-23T05:04:23.620+0100] {processor.py:925} INFO - DAG(s) 'example_display_name' retrieved from /Users/francisayanbadejo/venvs_projects/my_proj/lib/python3.9/site-packages/airflow/example_dags/example_display_name.py
[2025-04-23T05:04:23.655+0100] {logging_mixin.py:190} INFO - [2025-04-23T05:04:23.655+0100] {dag.py:3239} INFO - Sync 1 DAGs
[2025-04-23T05:04:23.658+0100] {logging_mixin.py:190} INFO - [2025-04-23T05:04:23.658+0100] {dag.py:4180} INFO - Setting next_dagrun for example_display_name to None, run_after=None
[2025-04-23T05:04:23.663+0100] {processor.py:208} INFO - Processing /Users/francisayanbadejo/venvs_projects/my_proj/lib/python3.9/site-packages/airflow/example_dags/example_display_name.py took 0.060 seconds
[2025-04-23T05:06:12.462+0100] {processor.py:186} INFO - Started process (PID=75765) to work on /Users/francisayanbadejo/venvs_projects/my_proj/lib/python3.9/site-packages/airflow/example_dags/example_display_name.py
[2025-04-23T05:06:12.464+0100] {processor.py:914} INFO - Processing file /Users/francisayanbadejo/venvs_projects/my_proj/lib/python3.9/site-packages/airflow/example_dags/example_display_name.py for tasks to queue
[2025-04-23T05:06:12.464+0100] {logging_mixin.py:190} INFO - [2025-04-23T05:06:12.464+0100] {dagbag.py:588} INFO - Filling up the DagBag from /Users/francisayanbadejo/venvs_projects/my_proj/lib/python3.9/site-packages/airflow/example_dags/example_display_name.py
[2025-04-23T05:06:12.474+0100] {processor.py:925} INFO - DAG(s) 'example_display_name' retrieved from /Users/francisayanbadejo/venvs_projects/my_proj/lib/python3.9/site-packages/airflow/example_dags/example_display_name.py
[2025-04-23T05:06:12.504+0100] {logging_mixin.py:190} INFO - [2025-04-23T05:06:12.504+0100] {dag.py:3239} INFO - Sync 1 DAGs
[2025-04-23T05:06:12.507+0100] {logging_mixin.py:190} INFO - [2025-04-23T05:06:12.507+0100] {dag.py:4180} INFO - Setting next_dagrun for example_display_name to None, run_after=None
[2025-04-23T05:06:12.512+0100] {processor.py:208} INFO - Processing /Users/francisayanbadejo/venvs_projects/my_proj/lib/python3.9/site-packages/airflow/example_dags/example_display_name.py took 0.051 seconds
[2025-04-23T05:08:04.224+0100] {processor.py:186} INFO - Started process (PID=75997) to work on /Users/francisayanbadejo/venvs_projects/my_proj/lib/python3.9/site-packages/airflow/example_dags/example_display_name.py
[2025-04-23T05:08:04.226+0100] {processor.py:914} INFO - Processing file /Users/francisayanbadejo/venvs_projects/my_proj/lib/python3.9/site-packages/airflow/example_dags/example_display_name.py for tasks to queue
[2025-04-23T05:08:04.227+0100] {logging_mixin.py:190} INFO - [2025-04-23T05:08:04.227+0100] {dagbag.py:588} INFO - Filling up the DagBag from /Users/francisayanbadejo/venvs_projects/my_proj/lib/python3.9/site-packages/airflow/example_dags/example_display_name.py
[2025-04-23T05:08:04.239+0100] {processor.py:925} INFO - DAG(s) 'example_display_name' retrieved from /Users/francisayanbadejo/venvs_projects/my_proj/lib/python3.9/site-packages/airflow/example_dags/example_display_name.py
[2025-04-23T05:08:04.270+0100] {logging_mixin.py:190} INFO - [2025-04-23T05:08:04.270+0100] {dag.py:3239} INFO - Sync 1 DAGs
[2025-04-23T05:08:04.274+0100] {logging_mixin.py:190} INFO - [2025-04-23T05:08:04.274+0100] {dag.py:4180} INFO - Setting next_dagrun for example_display_name to None, run_after=None
[2025-04-23T05:08:04.279+0100] {processor.py:208} INFO - Processing /Users/francisayanbadejo/venvs_projects/my_proj/lib/python3.9/site-packages/airflow/example_dags/example_display_name.py took 0.057 seconds
[2025-04-23T05:19:20.086+0100] {processor.py:186} INFO - Started process (PID=77400) to work on /Users/francisayanbadejo/venvs_projects/my_proj/lib/python3.9/site-packages/airflow/example_dags/example_display_name.py
[2025-04-23T05:19:20.087+0100] {processor.py:914} INFO - Processing file /Users/francisayanbadejo/venvs_projects/my_proj/lib/python3.9/site-packages/airflow/example_dags/example_display_name.py for tasks to queue
[2025-04-23T05:19:20.088+0100] {logging_mixin.py:190} INFO - [2025-04-23T05:19:20.088+0100] {dagbag.py:588} INFO - Filling up the DagBag from /Users/francisayanbadejo/venvs_projects/my_proj/lib/python3.9/site-packages/airflow/example_dags/example_display_name.py
[2025-04-23T05:19:20.099+0100] {processor.py:925} INFO - DAG(s) 'example_display_name' retrieved from /Users/francisayanbadejo/venvs_projects/my_proj/lib/python3.9/site-packages/airflow/example_dags/example_display_name.py
[2025-04-23T05:19:20.135+0100] {logging_mixin.py:190} INFO - [2025-04-23T05:19:20.134+0100] {dag.py:3239} INFO - Sync 1 DAGs
[2025-04-23T05:19:20.138+0100] {logging_mixin.py:190} INFO - [2025-04-23T05:19:20.138+0100] {dag.py:4180} INFO - Setting next_dagrun for example_display_name to None, run_after=None
[2025-04-23T05:19:20.144+0100] {processor.py:208} INFO - Processing /Users/francisayanbadejo/venvs_projects/my_proj/lib/python3.9/site-packages/airflow/example_dags/example_display_name.py took 0.059 seconds
[2025-04-23T05:21:19.166+0100] {processor.py:186} INFO - Started process (PID=77593) to work on /Users/francisayanbadejo/venvs_projects/my_proj/lib/python3.9/site-packages/airflow/example_dags/example_display_name.py
[2025-04-23T05:21:19.168+0100] {processor.py:914} INFO - Processing file /Users/francisayanbadejo/venvs_projects/my_proj/lib/python3.9/site-packages/airflow/example_dags/example_display_name.py for tasks to queue
[2025-04-23T05:21:19.169+0100] {logging_mixin.py:190} INFO - [2025-04-23T05:21:19.169+0100] {dagbag.py:588} INFO - Filling up the DagBag from /Users/francisayanbadejo/venvs_projects/my_proj/lib/python3.9/site-packages/airflow/example_dags/example_display_name.py
[2025-04-23T05:21:19.178+0100] {processor.py:925} INFO - DAG(s) 'example_display_name' retrieved from /Users/francisayanbadejo/venvs_projects/my_proj/lib/python3.9/site-packages/airflow/example_dags/example_display_name.py
[2025-04-23T05:21:19.208+0100] {logging_mixin.py:190} INFO - [2025-04-23T05:21:19.208+0100] {dag.py:3239} INFO - Sync 1 DAGs
[2025-04-23T05:21:19.212+0100] {logging_mixin.py:190} INFO - [2025-04-23T05:21:19.212+0100] {dag.py:4180} INFO - Setting next_dagrun for example_display_name to None, run_after=None
[2025-04-23T05:21:19.216+0100] {processor.py:208} INFO - Processing /Users/francisayanbadejo/venvs_projects/my_proj/lib/python3.9/site-packages/airflow/example_dags/example_display_name.py took 0.051 seconds
