[2025-04-23T03:41:31.740+0100] {processor.py:186} INFO - Started process (PID=63416) to work on /Users/francisayanbadejo/venvs_projects/my_proj/lib/python3.9/site-packages/airflow/example_dags/example_params_ui_tutorial.py
[2025-04-23T03:41:31.741+0100] {processor.py:914} INFO - Processing file /Users/francisayanbadejo/venvs_projects/my_proj/lib/python3.9/site-packages/airflow/example_dags/example_params_ui_tutorial.py for tasks to queue
[2025-04-23T03:41:31.742+0100] {logging_mixin.py:190} INFO - [2025-04-23T03:41:31.742+0100] {dagbag.py:588} INFO - Filling up the DagBag from /Users/francisayanbadejo/venvs_projects/my_proj/lib/python3.9/site-packages/airflow/example_dags/example_params_ui_tutorial.py
[2025-04-23T03:41:31.752+0100] {processor.py:925} INFO - DAG(s) 'example_params_ui_tutorial' retrieved from /Users/francisayanbadejo/venvs_projects/my_proj/lib/python3.9/site-packages/airflow/example_dags/example_params_ui_tutorial.py
[2025-04-23T03:41:31.815+0100] {logging_mixin.py:190} INFO - [2025-04-23T03:41:31.815+0100] {override.py:1930} INFO - Created Permission View: can edit on DAG:example_params_ui_tutorial
[2025-04-23T03:41:31.817+0100] {logging_mixin.py:190} INFO - [2025-04-23T03:41:31.817+0100] {override.py:1930} INFO - Created Permission View: can delete on DAG:example_params_ui_tutorial
[2025-04-23T03:41:31.819+0100] {logging_mixin.py:190} INFO - [2025-04-23T03:41:31.819+0100] {override.py:1930} INFO - Created Permission View: can read on DAG:example_params_ui_tutorial
[2025-04-23T03:41:31.821+0100] {logging_mixin.py:190} INFO - [2025-04-23T03:41:31.821+0100] {override.py:1930} INFO - Created Permission View: menu access on DAG Run:example_params_ui_tutorial
[2025-04-23T03:41:31.822+0100] {logging_mixin.py:190} INFO - [2025-04-23T03:41:31.822+0100] {override.py:1930} INFO - Created Permission View: can delete on DAG Run:example_params_ui_tutorial
[2025-04-23T03:41:31.823+0100] {logging_mixin.py:190} INFO - [2025-04-23T03:41:31.823+0100] {override.py:1930} INFO - Created Permission View: can create on DAG Run:example_params_ui_tutorial
[2025-04-23T03:41:31.825+0100] {logging_mixin.py:190} INFO - [2025-04-23T03:41:31.825+0100] {override.py:1930} INFO - Created Permission View: can read on DAG Run:example_params_ui_tutorial
[2025-04-23T03:41:31.825+0100] {logging_mixin.py:190} INFO - [2025-04-23T03:41:31.825+0100] {dag.py:3239} INFO - Sync 1 DAGs
[2025-04-23T03:41:31.829+0100] {logging_mixin.py:190} INFO - [2025-04-23T03:41:31.829+0100] {dag.py:3262} INFO - Creating ORM DAG for example_params_ui_tutorial
[2025-04-23T03:41:31.829+0100] {logging_mixin.py:190} INFO - [2025-04-23T03:41:31.829+0100] {dag.py:4180} INFO - Setting next_dagrun for example_params_ui_tutorial to None, run_after=None
[2025-04-23T03:41:31.834+0100] {processor.py:208} INFO - Processing /Users/francisayanbadejo/venvs_projects/my_proj/lib/python3.9/site-packages/airflow/example_dags/example_params_ui_tutorial.py took 0.095 seconds
[2025-04-23T03:44:55.841+0100] {processor.py:186} INFO - Started process (PID=64335) to work on /Users/francisayanbadejo/venvs_projects/my_proj/lib/python3.9/site-packages/airflow/example_dags/example_params_ui_tutorial.py
[2025-04-23T03:44:55.842+0100] {processor.py:914} INFO - Processing file /Users/francisayanbadejo/venvs_projects/my_proj/lib/python3.9/site-packages/airflow/example_dags/example_params_ui_tutorial.py for tasks to queue
[2025-04-23T03:44:55.843+0100] {logging_mixin.py:190} INFO - [2025-04-23T03:44:55.843+0100] {dagbag.py:588} INFO - Filling up the DagBag from /Users/francisayanbadejo/venvs_projects/my_proj/lib/python3.9/site-packages/airflow/example_dags/example_params_ui_tutorial.py
[2025-04-23T03:44:55.853+0100] {processor.py:925} INFO - DAG(s) 'example_params_ui_tutorial' retrieved from /Users/francisayanbadejo/venvs_projects/my_proj/lib/python3.9/site-packages/airflow/example_dags/example_params_ui_tutorial.py
[2025-04-23T03:44:55.893+0100] {logging_mixin.py:190} INFO - [2025-04-23T03:44:55.893+0100] {dag.py:3239} INFO - Sync 1 DAGs
[2025-04-23T03:44:55.896+0100] {logging_mixin.py:190} INFO - [2025-04-23T03:44:55.896+0100] {dag.py:4180} INFO - Setting next_dagrun for example_params_ui_tutorial to None, run_after=None
[2025-04-23T03:44:55.902+0100] {processor.py:208} INFO - Processing /Users/francisayanbadejo/venvs_projects/my_proj/lib/python3.9/site-packages/airflow/example_dags/example_params_ui_tutorial.py took 0.061 seconds
[2025-04-23T03:46:23.487+0100] {processor.py:186} INFO - Started process (PID=64528) to work on /Users/francisayanbadejo/venvs_projects/my_proj/lib/python3.9/site-packages/airflow/example_dags/example_params_ui_tutorial.py
[2025-04-23T03:46:23.488+0100] {processor.py:914} INFO - Processing file /Users/francisayanbadejo/venvs_projects/my_proj/lib/python3.9/site-packages/airflow/example_dags/example_params_ui_tutorial.py for tasks to queue
[2025-04-23T03:46:23.489+0100] {logging_mixin.py:190} INFO - [2025-04-23T03:46:23.489+0100] {dagbag.py:588} INFO - Filling up the DagBag from /Users/francisayanbadejo/venvs_projects/my_proj/lib/python3.9/site-packages/airflow/example_dags/example_params_ui_tutorial.py
[2025-04-23T03:46:23.499+0100] {processor.py:925} INFO - DAG(s) 'example_params_ui_tutorial' retrieved from /Users/francisayanbadejo/venvs_projects/my_proj/lib/python3.9/site-packages/airflow/example_dags/example_params_ui_tutorial.py
[2025-04-23T03:46:23.540+0100] {logging_mixin.py:190} INFO - [2025-04-23T03:46:23.540+0100] {dag.py:3239} INFO - Sync 1 DAGs
[2025-04-23T03:46:23.543+0100] {logging_mixin.py:190} INFO - [2025-04-23T03:46:23.543+0100] {dag.py:4180} INFO - Setting next_dagrun for example_params_ui_tutorial to None, run_after=None
[2025-04-23T03:46:23.549+0100] {processor.py:208} INFO - Processing /Users/francisayanbadejo/venvs_projects/my_proj/lib/python3.9/site-packages/airflow/example_dags/example_params_ui_tutorial.py took 0.063 seconds
[2025-04-23T03:48:11.553+0100] {processor.py:186} INFO - Started process (PID=64769) to work on /Users/francisayanbadejo/venvs_projects/my_proj/lib/python3.9/site-packages/airflow/example_dags/example_params_ui_tutorial.py
[2025-04-23T03:48:11.554+0100] {processor.py:914} INFO - Processing file /Users/francisayanbadejo/venvs_projects/my_proj/lib/python3.9/site-packages/airflow/example_dags/example_params_ui_tutorial.py for tasks to queue
[2025-04-23T03:48:11.555+0100] {logging_mixin.py:190} INFO - [2025-04-23T03:48:11.555+0100] {dagbag.py:588} INFO - Filling up the DagBag from /Users/francisayanbadejo/venvs_projects/my_proj/lib/python3.9/site-packages/airflow/example_dags/example_params_ui_tutorial.py
[2025-04-23T03:48:11.565+0100] {processor.py:925} INFO - DAG(s) 'example_params_ui_tutorial' retrieved from /Users/francisayanbadejo/venvs_projects/my_proj/lib/python3.9/site-packages/airflow/example_dags/example_params_ui_tutorial.py
[2025-04-23T03:48:11.605+0100] {logging_mixin.py:190} INFO - [2025-04-23T03:48:11.605+0100] {dag.py:3239} INFO - Sync 1 DAGs
[2025-04-23T03:48:11.608+0100] {logging_mixin.py:190} INFO - [2025-04-23T03:48:11.608+0100] {dag.py:4180} INFO - Setting next_dagrun for example_params_ui_tutorial to None, run_after=None
[2025-04-23T03:48:11.614+0100] {processor.py:208} INFO - Processing /Users/francisayanbadejo/venvs_projects/my_proj/lib/python3.9/site-packages/airflow/example_dags/example_params_ui_tutorial.py took 0.062 seconds
[2025-04-23T03:50:03.525+0100] {processor.py:186} INFO - Started process (PID=65013) to work on /Users/francisayanbadejo/venvs_projects/my_proj/lib/python3.9/site-packages/airflow/example_dags/example_params_ui_tutorial.py
[2025-04-23T03:50:03.526+0100] {processor.py:914} INFO - Processing file /Users/francisayanbadejo/venvs_projects/my_proj/lib/python3.9/site-packages/airflow/example_dags/example_params_ui_tutorial.py for tasks to queue
[2025-04-23T03:50:03.527+0100] {logging_mixin.py:190} INFO - [2025-04-23T03:50:03.527+0100] {dagbag.py:588} INFO - Filling up the DagBag from /Users/francisayanbadejo/venvs_projects/my_proj/lib/python3.9/site-packages/airflow/example_dags/example_params_ui_tutorial.py
[2025-04-23T03:50:03.538+0100] {processor.py:925} INFO - DAG(s) 'example_params_ui_tutorial' retrieved from /Users/francisayanbadejo/venvs_projects/my_proj/lib/python3.9/site-packages/airflow/example_dags/example_params_ui_tutorial.py
[2025-04-23T03:50:03.580+0100] {logging_mixin.py:190} INFO - [2025-04-23T03:50:03.580+0100] {dag.py:3239} INFO - Sync 1 DAGs
[2025-04-23T03:50:03.584+0100] {logging_mixin.py:190} INFO - [2025-04-23T03:50:03.584+0100] {dag.py:4180} INFO - Setting next_dagrun for example_params_ui_tutorial to None, run_after=None
[2025-04-23T03:50:03.590+0100] {processor.py:208} INFO - Processing /Users/francisayanbadejo/venvs_projects/my_proj/lib/python3.9/site-packages/airflow/example_dags/example_params_ui_tutorial.py took 0.066 seconds
[2025-04-23T03:51:55.376+0100] {processor.py:186} INFO - Started process (PID=65258) to work on /Users/francisayanbadejo/venvs_projects/my_proj/lib/python3.9/site-packages/airflow/example_dags/example_params_ui_tutorial.py
[2025-04-23T03:51:55.377+0100] {processor.py:914} INFO - Processing file /Users/francisayanbadejo/venvs_projects/my_proj/lib/python3.9/site-packages/airflow/example_dags/example_params_ui_tutorial.py for tasks to queue
[2025-04-23T03:51:55.378+0100] {logging_mixin.py:190} INFO - [2025-04-23T03:51:55.378+0100] {dagbag.py:588} INFO - Filling up the DagBag from /Users/francisayanbadejo/venvs_projects/my_proj/lib/python3.9/site-packages/airflow/example_dags/example_params_ui_tutorial.py
[2025-04-23T03:51:55.388+0100] {processor.py:925} INFO - DAG(s) 'example_params_ui_tutorial' retrieved from /Users/francisayanbadejo/venvs_projects/my_proj/lib/python3.9/site-packages/airflow/example_dags/example_params_ui_tutorial.py
[2025-04-23T03:51:55.429+0100] {logging_mixin.py:190} INFO - [2025-04-23T03:51:55.429+0100] {dag.py:3239} INFO - Sync 1 DAGs
[2025-04-23T03:51:55.433+0100] {logging_mixin.py:190} INFO - [2025-04-23T03:51:55.433+0100] {dag.py:4180} INFO - Setting next_dagrun for example_params_ui_tutorial to None, run_after=None
[2025-04-23T03:51:55.439+0100] {processor.py:208} INFO - Processing /Users/francisayanbadejo/venvs_projects/my_proj/lib/python3.9/site-packages/airflow/example_dags/example_params_ui_tutorial.py took 0.064 seconds
[2025-04-23T03:53:52.781+0100] {processor.py:186} INFO - Started process (PID=65521) to work on /Users/francisayanbadejo/venvs_projects/my_proj/lib/python3.9/site-packages/airflow/example_dags/example_params_ui_tutorial.py
[2025-04-23T03:53:52.782+0100] {processor.py:914} INFO - Processing file /Users/francisayanbadejo/venvs_projects/my_proj/lib/python3.9/site-packages/airflow/example_dags/example_params_ui_tutorial.py for tasks to queue
[2025-04-23T03:53:52.783+0100] {logging_mixin.py:190} INFO - [2025-04-23T03:53:52.783+0100] {dagbag.py:588} INFO - Filling up the DagBag from /Users/francisayanbadejo/venvs_projects/my_proj/lib/python3.9/site-packages/airflow/example_dags/example_params_ui_tutorial.py
[2025-04-23T03:53:52.794+0100] {processor.py:925} INFO - DAG(s) 'example_params_ui_tutorial' retrieved from /Users/francisayanbadejo/venvs_projects/my_proj/lib/python3.9/site-packages/airflow/example_dags/example_params_ui_tutorial.py
[2025-04-23T03:53:52.833+0100] {logging_mixin.py:190} INFO - [2025-04-23T03:53:52.833+0100] {dag.py:3239} INFO - Sync 1 DAGs
[2025-04-23T03:53:52.837+0100] {logging_mixin.py:190} INFO - [2025-04-23T03:53:52.837+0100] {dag.py:4180} INFO - Setting next_dagrun for example_params_ui_tutorial to None, run_after=None
[2025-04-23T03:53:52.842+0100] {processor.py:208} INFO - Processing /Users/francisayanbadejo/venvs_projects/my_proj/lib/python3.9/site-packages/airflow/example_dags/example_params_ui_tutorial.py took 0.063 seconds
[2025-04-23T03:55:51.212+0100] {processor.py:186} INFO - Started process (PID=65774) to work on /Users/francisayanbadejo/venvs_projects/my_proj/lib/python3.9/site-packages/airflow/example_dags/example_params_ui_tutorial.py
[2025-04-23T03:55:51.214+0100] {processor.py:914} INFO - Processing file /Users/francisayanbadejo/venvs_projects/my_proj/lib/python3.9/site-packages/airflow/example_dags/example_params_ui_tutorial.py for tasks to queue
[2025-04-23T03:55:51.214+0100] {logging_mixin.py:190} INFO - [2025-04-23T03:55:51.214+0100] {dagbag.py:588} INFO - Filling up the DagBag from /Users/francisayanbadejo/venvs_projects/my_proj/lib/python3.9/site-packages/airflow/example_dags/example_params_ui_tutorial.py
[2025-04-23T03:55:51.225+0100] {processor.py:925} INFO - DAG(s) 'example_params_ui_tutorial' retrieved from /Users/francisayanbadejo/venvs_projects/my_proj/lib/python3.9/site-packages/airflow/example_dags/example_params_ui_tutorial.py
[2025-04-23T03:55:51.266+0100] {logging_mixin.py:190} INFO - [2025-04-23T03:55:51.266+0100] {dag.py:3239} INFO - Sync 1 DAGs
[2025-04-23T03:55:51.270+0100] {logging_mixin.py:190} INFO - [2025-04-23T03:55:51.270+0100] {dag.py:4180} INFO - Setting next_dagrun for example_params_ui_tutorial to None, run_after=None
[2025-04-23T03:55:51.276+0100] {processor.py:208} INFO - Processing /Users/francisayanbadejo/venvs_projects/my_proj/lib/python3.9/site-packages/airflow/example_dags/example_params_ui_tutorial.py took 0.065 seconds
[2025-04-23T03:57:47.403+0100] {processor.py:186} INFO - Started process (PID=66034) to work on /Users/francisayanbadejo/venvs_projects/my_proj/lib/python3.9/site-packages/airflow/example_dags/example_params_ui_tutorial.py
[2025-04-23T03:57:47.404+0100] {processor.py:914} INFO - Processing file /Users/francisayanbadejo/venvs_projects/my_proj/lib/python3.9/site-packages/airflow/example_dags/example_params_ui_tutorial.py for tasks to queue
[2025-04-23T03:57:47.404+0100] {logging_mixin.py:190} INFO - [2025-04-23T03:57:47.404+0100] {dagbag.py:588} INFO - Filling up the DagBag from /Users/francisayanbadejo/venvs_projects/my_proj/lib/python3.9/site-packages/airflow/example_dags/example_params_ui_tutorial.py
[2025-04-23T03:57:47.416+0100] {processor.py:925} INFO - DAG(s) 'example_params_ui_tutorial' retrieved from /Users/francisayanbadejo/venvs_projects/my_proj/lib/python3.9/site-packages/airflow/example_dags/example_params_ui_tutorial.py
[2025-04-23T03:57:47.456+0100] {logging_mixin.py:190} INFO - [2025-04-23T03:57:47.456+0100] {dag.py:3239} INFO - Sync 1 DAGs
[2025-04-23T03:57:47.460+0100] {logging_mixin.py:190} INFO - [2025-04-23T03:57:47.459+0100] {dag.py:4180} INFO - Setting next_dagrun for example_params_ui_tutorial to None, run_after=None
[2025-04-23T03:57:47.465+0100] {processor.py:208} INFO - Processing /Users/francisayanbadejo/venvs_projects/my_proj/lib/python3.9/site-packages/airflow/example_dags/example_params_ui_tutorial.py took 0.063 seconds
[2025-04-23T03:59:55.988+0100] {processor.py:186} INFO - Started process (PID=66245) to work on /Users/francisayanbadejo/venvs_projects/my_proj/lib/python3.9/site-packages/airflow/example_dags/example_params_ui_tutorial.py
[2025-04-23T03:59:55.989+0100] {processor.py:914} INFO - Processing file /Users/francisayanbadejo/venvs_projects/my_proj/lib/python3.9/site-packages/airflow/example_dags/example_params_ui_tutorial.py for tasks to queue
[2025-04-23T03:59:55.989+0100] {logging_mixin.py:190} INFO - [2025-04-23T03:59:55.989+0100] {dagbag.py:588} INFO - Filling up the DagBag from /Users/francisayanbadejo/venvs_projects/my_proj/lib/python3.9/site-packages/airflow/example_dags/example_params_ui_tutorial.py
[2025-04-23T03:59:56.000+0100] {processor.py:925} INFO - DAG(s) 'example_params_ui_tutorial' retrieved from /Users/francisayanbadejo/venvs_projects/my_proj/lib/python3.9/site-packages/airflow/example_dags/example_params_ui_tutorial.py
[2025-04-23T03:59:56.042+0100] {logging_mixin.py:190} INFO - [2025-04-23T03:59:56.042+0100] {dag.py:3239} INFO - Sync 1 DAGs
[2025-04-23T03:59:56.046+0100] {logging_mixin.py:190} INFO - [2025-04-23T03:59:56.046+0100] {dag.py:4180} INFO - Setting next_dagrun for example_params_ui_tutorial to None, run_after=None
[2025-04-23T03:59:56.053+0100] {processor.py:208} INFO - Processing /Users/francisayanbadejo/venvs_projects/my_proj/lib/python3.9/site-packages/airflow/example_dags/example_params_ui_tutorial.py took 0.066 seconds
[2025-04-23T04:01:55.327+0100] {processor.py:186} INFO - Started process (PID=66458) to work on /Users/francisayanbadejo/venvs_projects/my_proj/lib/python3.9/site-packages/airflow/example_dags/example_params_ui_tutorial.py
[2025-04-23T04:01:55.328+0100] {processor.py:914} INFO - Processing file /Users/francisayanbadejo/venvs_projects/my_proj/lib/python3.9/site-packages/airflow/example_dags/example_params_ui_tutorial.py for tasks to queue
[2025-04-23T04:01:55.328+0100] {logging_mixin.py:190} INFO - [2025-04-23T04:01:55.328+0100] {dagbag.py:588} INFO - Filling up the DagBag from /Users/francisayanbadejo/venvs_projects/my_proj/lib/python3.9/site-packages/airflow/example_dags/example_params_ui_tutorial.py
[2025-04-23T04:01:55.338+0100] {processor.py:925} INFO - DAG(s) 'example_params_ui_tutorial' retrieved from /Users/francisayanbadejo/venvs_projects/my_proj/lib/python3.9/site-packages/airflow/example_dags/example_params_ui_tutorial.py
[2025-04-23T04:01:55.378+0100] {logging_mixin.py:190} INFO - [2025-04-23T04:01:55.378+0100] {dag.py:3239} INFO - Sync 1 DAGs
[2025-04-23T04:01:55.381+0100] {logging_mixin.py:190} INFO - [2025-04-23T04:01:55.381+0100] {dag.py:4180} INFO - Setting next_dagrun for example_params_ui_tutorial to None, run_after=None
[2025-04-23T04:01:55.386+0100] {processor.py:208} INFO - Processing /Users/francisayanbadejo/venvs_projects/my_proj/lib/python3.9/site-packages/airflow/example_dags/example_params_ui_tutorial.py took 0.060 seconds
[2025-04-23T04:03:46.198+0100] {processor.py:186} INFO - Started process (PID=66682) to work on /Users/francisayanbadejo/venvs_projects/my_proj/lib/python3.9/site-packages/airflow/example_dags/example_params_ui_tutorial.py
[2025-04-23T04:03:46.199+0100] {processor.py:914} INFO - Processing file /Users/francisayanbadejo/venvs_projects/my_proj/lib/python3.9/site-packages/airflow/example_dags/example_params_ui_tutorial.py for tasks to queue
[2025-04-23T04:03:46.199+0100] {logging_mixin.py:190} INFO - [2025-04-23T04:03:46.199+0100] {dagbag.py:588} INFO - Filling up the DagBag from /Users/francisayanbadejo/venvs_projects/my_proj/lib/python3.9/site-packages/airflow/example_dags/example_params_ui_tutorial.py
[2025-04-23T04:03:46.209+0100] {processor.py:925} INFO - DAG(s) 'example_params_ui_tutorial' retrieved from /Users/francisayanbadejo/venvs_projects/my_proj/lib/python3.9/site-packages/airflow/example_dags/example_params_ui_tutorial.py
[2025-04-23T04:03:46.249+0100] {logging_mixin.py:190} INFO - [2025-04-23T04:03:46.249+0100] {dag.py:3239} INFO - Sync 1 DAGs
[2025-04-23T04:03:46.252+0100] {logging_mixin.py:190} INFO - [2025-04-23T04:03:46.252+0100] {dag.py:4180} INFO - Setting next_dagrun for example_params_ui_tutorial to None, run_after=None
[2025-04-23T04:03:46.258+0100] {processor.py:208} INFO - Processing /Users/francisayanbadejo/venvs_projects/my_proj/lib/python3.9/site-packages/airflow/example_dags/example_params_ui_tutorial.py took 0.061 seconds
[2025-04-23T04:05:49.029+0100] {processor.py:186} INFO - Started process (PID=66919) to work on /Users/francisayanbadejo/venvs_projects/my_proj/lib/python3.9/site-packages/airflow/example_dags/example_params_ui_tutorial.py
[2025-04-23T04:05:49.029+0100] {processor.py:914} INFO - Processing file /Users/francisayanbadejo/venvs_projects/my_proj/lib/python3.9/site-packages/airflow/example_dags/example_params_ui_tutorial.py for tasks to queue
[2025-04-23T04:05:49.030+0100] {logging_mixin.py:190} INFO - [2025-04-23T04:05:49.030+0100] {dagbag.py:588} INFO - Filling up the DagBag from /Users/francisayanbadejo/venvs_projects/my_proj/lib/python3.9/site-packages/airflow/example_dags/example_params_ui_tutorial.py
[2025-04-23T04:05:49.043+0100] {processor.py:925} INFO - DAG(s) 'example_params_ui_tutorial' retrieved from /Users/francisayanbadejo/venvs_projects/my_proj/lib/python3.9/site-packages/airflow/example_dags/example_params_ui_tutorial.py
[2025-04-23T04:05:49.089+0100] {logging_mixin.py:190} INFO - [2025-04-23T04:05:49.089+0100] {dag.py:3239} INFO - Sync 1 DAGs
[2025-04-23T04:05:49.093+0100] {logging_mixin.py:190} INFO - [2025-04-23T04:05:49.093+0100] {dag.py:4180} INFO - Setting next_dagrun for example_params_ui_tutorial to None, run_after=None
[2025-04-23T04:05:49.099+0100] {processor.py:208} INFO - Processing /Users/francisayanbadejo/venvs_projects/my_proj/lib/python3.9/site-packages/airflow/example_dags/example_params_ui_tutorial.py took 0.071 seconds
[2025-04-23T04:19:02.216+0100] {processor.py:186} INFO - Started process (PID=68978) to work on /Users/francisayanbadejo/venvs_projects/my_proj/lib/python3.9/site-packages/airflow/example_dags/example_params_ui_tutorial.py
[2025-04-23T04:19:02.217+0100] {processor.py:914} INFO - Processing file /Users/francisayanbadejo/venvs_projects/my_proj/lib/python3.9/site-packages/airflow/example_dags/example_params_ui_tutorial.py for tasks to queue
[2025-04-23T04:19:02.218+0100] {logging_mixin.py:190} INFO - [2025-04-23T04:19:02.218+0100] {dagbag.py:588} INFO - Filling up the DagBag from /Users/francisayanbadejo/venvs_projects/my_proj/lib/python3.9/site-packages/airflow/example_dags/example_params_ui_tutorial.py
[2025-04-23T04:19:02.228+0100] {processor.py:925} INFO - DAG(s) 'example_params_ui_tutorial' retrieved from /Users/francisayanbadejo/venvs_projects/my_proj/lib/python3.9/site-packages/airflow/example_dags/example_params_ui_tutorial.py
[2025-04-23T04:19:02.266+0100] {logging_mixin.py:190} INFO - [2025-04-23T04:19:02.266+0100] {dag.py:3239} INFO - Sync 1 DAGs
[2025-04-23T04:19:02.269+0100] {logging_mixin.py:190} INFO - [2025-04-23T04:19:02.269+0100] {dag.py:4180} INFO - Setting next_dagrun for example_params_ui_tutorial to None, run_after=None
[2025-04-23T04:19:02.275+0100] {processor.py:208} INFO - Processing /Users/francisayanbadejo/venvs_projects/my_proj/lib/python3.9/site-packages/airflow/example_dags/example_params_ui_tutorial.py took 0.060 seconds
[2025-04-23T04:21:43.849+0100] {processor.py:186} INFO - Started process (PID=69535) to work on /Users/francisayanbadejo/venvs_projects/my_proj/lib/python3.9/site-packages/airflow/example_dags/example_params_ui_tutorial.py
[2025-04-23T04:21:43.850+0100] {processor.py:914} INFO - Processing file /Users/francisayanbadejo/venvs_projects/my_proj/lib/python3.9/site-packages/airflow/example_dags/example_params_ui_tutorial.py for tasks to queue
[2025-04-23T04:21:43.851+0100] {logging_mixin.py:190} INFO - [2025-04-23T04:21:43.851+0100] {dagbag.py:588} INFO - Filling up the DagBag from /Users/francisayanbadejo/venvs_projects/my_proj/lib/python3.9/site-packages/airflow/example_dags/example_params_ui_tutorial.py
[2025-04-23T04:21:43.861+0100] {processor.py:925} INFO - DAG(s) 'example_params_ui_tutorial' retrieved from /Users/francisayanbadejo/venvs_projects/my_proj/lib/python3.9/site-packages/airflow/example_dags/example_params_ui_tutorial.py
[2025-04-23T04:21:43.900+0100] {logging_mixin.py:190} INFO - [2025-04-23T04:21:43.900+0100] {dag.py:3239} INFO - Sync 1 DAGs
[2025-04-23T04:21:43.904+0100] {logging_mixin.py:190} INFO - [2025-04-23T04:21:43.903+0100] {dag.py:4180} INFO - Setting next_dagrun for example_params_ui_tutorial to None, run_after=None
[2025-04-23T04:21:43.908+0100] {processor.py:208} INFO - Processing /Users/francisayanbadejo/venvs_projects/my_proj/lib/python3.9/site-packages/airflow/example_dags/example_params_ui_tutorial.py took 0.061 seconds
[2025-04-23T04:23:11.111+0100] {processor.py:186} INFO - Started process (PID=69747) to work on /Users/francisayanbadejo/venvs_projects/my_proj/lib/python3.9/site-packages/airflow/example_dags/example_params_ui_tutorial.py
[2025-04-23T04:23:11.113+0100] {processor.py:914} INFO - Processing file /Users/francisayanbadejo/venvs_projects/my_proj/lib/python3.9/site-packages/airflow/example_dags/example_params_ui_tutorial.py for tasks to queue
[2025-04-23T04:23:11.114+0100] {logging_mixin.py:190} INFO - [2025-04-23T04:23:11.114+0100] {dagbag.py:588} INFO - Filling up the DagBag from /Users/francisayanbadejo/venvs_projects/my_proj/lib/python3.9/site-packages/airflow/example_dags/example_params_ui_tutorial.py
[2025-04-23T04:23:11.124+0100] {processor.py:925} INFO - DAG(s) 'example_params_ui_tutorial' retrieved from /Users/francisayanbadejo/venvs_projects/my_proj/lib/python3.9/site-packages/airflow/example_dags/example_params_ui_tutorial.py
[2025-04-23T04:23:11.167+0100] {logging_mixin.py:190} INFO - [2025-04-23T04:23:11.167+0100] {dag.py:3239} INFO - Sync 1 DAGs
[2025-04-23T04:23:11.171+0100] {logging_mixin.py:190} INFO - [2025-04-23T04:23:11.171+0100] {dag.py:4180} INFO - Setting next_dagrun for example_params_ui_tutorial to None, run_after=None
[2025-04-23T04:23:11.177+0100] {processor.py:208} INFO - Processing /Users/francisayanbadejo/venvs_projects/my_proj/lib/python3.9/site-packages/airflow/example_dags/example_params_ui_tutorial.py took 0.067 seconds
[2025-04-23T04:26:09.813+0100] {processor.py:186} INFO - Started process (PID=70548) to work on /Users/francisayanbadejo/venvs_projects/my_proj/lib/python3.9/site-packages/airflow/example_dags/example_params_ui_tutorial.py
[2025-04-23T04:26:09.814+0100] {processor.py:914} INFO - Processing file /Users/francisayanbadejo/venvs_projects/my_proj/lib/python3.9/site-packages/airflow/example_dags/example_params_ui_tutorial.py for tasks to queue
[2025-04-23T04:26:09.814+0100] {logging_mixin.py:190} INFO - [2025-04-23T04:26:09.814+0100] {dagbag.py:588} INFO - Filling up the DagBag from /Users/francisayanbadejo/venvs_projects/my_proj/lib/python3.9/site-packages/airflow/example_dags/example_params_ui_tutorial.py
[2025-04-23T04:26:09.824+0100] {processor.py:925} INFO - DAG(s) 'example_params_ui_tutorial' retrieved from /Users/francisayanbadejo/venvs_projects/my_proj/lib/python3.9/site-packages/airflow/example_dags/example_params_ui_tutorial.py
[2025-04-23T04:26:09.864+0100] {logging_mixin.py:190} INFO - [2025-04-23T04:26:09.864+0100] {dag.py:3239} INFO - Sync 1 DAGs
[2025-04-23T04:26:09.868+0100] {logging_mixin.py:190} INFO - [2025-04-23T04:26:09.868+0100] {dag.py:4180} INFO - Setting next_dagrun for example_params_ui_tutorial to None, run_after=None
[2025-04-23T04:26:09.873+0100] {processor.py:208} INFO - Processing /Users/francisayanbadejo/venvs_projects/my_proj/lib/python3.9/site-packages/airflow/example_dags/example_params_ui_tutorial.py took 0.062 seconds
[2025-04-23T04:28:34.869+0100] {processor.py:186} INFO - Started process (PID=71309) to work on /Users/francisayanbadejo/venvs_projects/my_proj/lib/python3.9/site-packages/airflow/example_dags/example_params_ui_tutorial.py
[2025-04-23T04:28:34.870+0100] {processor.py:914} INFO - Processing file /Users/francisayanbadejo/venvs_projects/my_proj/lib/python3.9/site-packages/airflow/example_dags/example_params_ui_tutorial.py for tasks to queue
[2025-04-23T04:28:34.871+0100] {logging_mixin.py:190} INFO - [2025-04-23T04:28:34.871+0100] {dagbag.py:588} INFO - Filling up the DagBag from /Users/francisayanbadejo/venvs_projects/my_proj/lib/python3.9/site-packages/airflow/example_dags/example_params_ui_tutorial.py
[2025-04-23T04:28:34.881+0100] {processor.py:925} INFO - DAG(s) 'example_params_ui_tutorial' retrieved from /Users/francisayanbadejo/venvs_projects/my_proj/lib/python3.9/site-packages/airflow/example_dags/example_params_ui_tutorial.py
[2025-04-23T04:28:34.921+0100] {logging_mixin.py:190} INFO - [2025-04-23T04:28:34.921+0100] {dag.py:3239} INFO - Sync 1 DAGs
[2025-04-23T04:28:34.925+0100] {logging_mixin.py:190} INFO - [2025-04-23T04:28:34.925+0100] {dag.py:4180} INFO - Setting next_dagrun for example_params_ui_tutorial to None, run_after=None
[2025-04-23T04:28:34.930+0100] {processor.py:208} INFO - Processing /Users/francisayanbadejo/venvs_projects/my_proj/lib/python3.9/site-packages/airflow/example_dags/example_params_ui_tutorial.py took 0.062 seconds
[2025-04-23T04:30:02.994+0100] {processor.py:186} INFO - Started process (PID=71470) to work on /Users/francisayanbadejo/venvs_projects/my_proj/lib/python3.9/site-packages/airflow/example_dags/example_params_ui_tutorial.py
[2025-04-23T04:30:02.995+0100] {processor.py:914} INFO - Processing file /Users/francisayanbadejo/venvs_projects/my_proj/lib/python3.9/site-packages/airflow/example_dags/example_params_ui_tutorial.py for tasks to queue
[2025-04-23T04:30:02.996+0100] {logging_mixin.py:190} INFO - [2025-04-23T04:30:02.996+0100] {dagbag.py:588} INFO - Filling up the DagBag from /Users/francisayanbadejo/venvs_projects/my_proj/lib/python3.9/site-packages/airflow/example_dags/example_params_ui_tutorial.py
[2025-04-23T04:30:03.007+0100] {processor.py:925} INFO - DAG(s) 'example_params_ui_tutorial' retrieved from /Users/francisayanbadejo/venvs_projects/my_proj/lib/python3.9/site-packages/airflow/example_dags/example_params_ui_tutorial.py
[2025-04-23T04:30:03.049+0100] {logging_mixin.py:190} INFO - [2025-04-23T04:30:03.049+0100] {dag.py:3239} INFO - Sync 1 DAGs
[2025-04-23T04:30:03.053+0100] {logging_mixin.py:190} INFO - [2025-04-23T04:30:03.053+0100] {dag.py:4180} INFO - Setting next_dagrun for example_params_ui_tutorial to None, run_after=None
[2025-04-23T04:30:03.060+0100] {processor.py:208} INFO - Processing /Users/francisayanbadejo/venvs_projects/my_proj/lib/python3.9/site-packages/airflow/example_dags/example_params_ui_tutorial.py took 0.067 seconds
[2025-04-23T04:31:54.507+0100] {processor.py:186} INFO - Started process (PID=71781) to work on /Users/francisayanbadejo/venvs_projects/my_proj/lib/python3.9/site-packages/airflow/example_dags/example_params_ui_tutorial.py
[2025-04-23T04:31:54.508+0100] {processor.py:914} INFO - Processing file /Users/francisayanbadejo/venvs_projects/my_proj/lib/python3.9/site-packages/airflow/example_dags/example_params_ui_tutorial.py for tasks to queue
[2025-04-23T04:31:54.508+0100] {logging_mixin.py:190} INFO - [2025-04-23T04:31:54.508+0100] {dagbag.py:588} INFO - Filling up the DagBag from /Users/francisayanbadejo/venvs_projects/my_proj/lib/python3.9/site-packages/airflow/example_dags/example_params_ui_tutorial.py
[2025-04-23T04:31:54.518+0100] {processor.py:925} INFO - DAG(s) 'example_params_ui_tutorial' retrieved from /Users/francisayanbadejo/venvs_projects/my_proj/lib/python3.9/site-packages/airflow/example_dags/example_params_ui_tutorial.py
[2025-04-23T04:31:54.557+0100] {logging_mixin.py:190} INFO - [2025-04-23T04:31:54.557+0100] {dag.py:3239} INFO - Sync 1 DAGs
[2025-04-23T04:31:54.560+0100] {logging_mixin.py:190} INFO - [2025-04-23T04:31:54.560+0100] {dag.py:4180} INFO - Setting next_dagrun for example_params_ui_tutorial to None, run_after=None
[2025-04-23T04:31:54.565+0100] {processor.py:208} INFO - Processing /Users/francisayanbadejo/venvs_projects/my_proj/lib/python3.9/site-packages/airflow/example_dags/example_params_ui_tutorial.py took 0.060 seconds
[2025-04-23T04:34:41.806+0100] {processor.py:186} INFO - Started process (PID=72060) to work on /Users/francisayanbadejo/venvs_projects/my_proj/lib/python3.9/site-packages/airflow/example_dags/example_params_ui_tutorial.py
[2025-04-23T04:34:41.808+0100] {processor.py:914} INFO - Processing file /Users/francisayanbadejo/venvs_projects/my_proj/lib/python3.9/site-packages/airflow/example_dags/example_params_ui_tutorial.py for tasks to queue
[2025-04-23T04:34:41.809+0100] {logging_mixin.py:190} INFO - [2025-04-23T04:34:41.809+0100] {dagbag.py:588} INFO - Filling up the DagBag from /Users/francisayanbadejo/venvs_projects/my_proj/lib/python3.9/site-packages/airflow/example_dags/example_params_ui_tutorial.py
[2025-04-23T04:34:41.818+0100] {processor.py:925} INFO - DAG(s) 'example_params_ui_tutorial' retrieved from /Users/francisayanbadejo/venvs_projects/my_proj/lib/python3.9/site-packages/airflow/example_dags/example_params_ui_tutorial.py
[2025-04-23T04:34:41.856+0100] {logging_mixin.py:190} INFO - [2025-04-23T04:34:41.856+0100] {dag.py:3239} INFO - Sync 1 DAGs
[2025-04-23T04:34:41.860+0100] {logging_mixin.py:190} INFO - [2025-04-23T04:34:41.860+0100] {dag.py:4180} INFO - Setting next_dagrun for example_params_ui_tutorial to None, run_after=None
[2025-04-23T04:34:41.865+0100] {processor.py:208} INFO - Processing /Users/francisayanbadejo/venvs_projects/my_proj/lib/python3.9/site-packages/airflow/example_dags/example_params_ui_tutorial.py took 0.059 seconds
[2025-04-23T04:36:33.091+0100] {processor.py:186} INFO - Started process (PID=72308) to work on /Users/francisayanbadejo/venvs_projects/my_proj/lib/python3.9/site-packages/airflow/example_dags/example_params_ui_tutorial.py
[2025-04-23T04:36:33.092+0100] {processor.py:914} INFO - Processing file /Users/francisayanbadejo/venvs_projects/my_proj/lib/python3.9/site-packages/airflow/example_dags/example_params_ui_tutorial.py for tasks to queue
[2025-04-23T04:36:33.093+0100] {logging_mixin.py:190} INFO - [2025-04-23T04:36:33.093+0100] {dagbag.py:588} INFO - Filling up the DagBag from /Users/francisayanbadejo/venvs_projects/my_proj/lib/python3.9/site-packages/airflow/example_dags/example_params_ui_tutorial.py
[2025-04-23T04:36:33.103+0100] {processor.py:925} INFO - DAG(s) 'example_params_ui_tutorial' retrieved from /Users/francisayanbadejo/venvs_projects/my_proj/lib/python3.9/site-packages/airflow/example_dags/example_params_ui_tutorial.py
[2025-04-23T04:36:33.141+0100] {logging_mixin.py:190} INFO - [2025-04-23T04:36:33.141+0100] {dag.py:3239} INFO - Sync 1 DAGs
[2025-04-23T04:36:33.144+0100] {logging_mixin.py:190} INFO - [2025-04-23T04:36:33.144+0100] {dag.py:4180} INFO - Setting next_dagrun for example_params_ui_tutorial to None, run_after=None
[2025-04-23T04:36:33.151+0100] {processor.py:208} INFO - Processing /Users/francisayanbadejo/venvs_projects/my_proj/lib/python3.9/site-packages/airflow/example_dags/example_params_ui_tutorial.py took 0.061 seconds
[2025-04-23T04:38:26.721+0100] {processor.py:186} INFO - Started process (PID=72546) to work on /Users/francisayanbadejo/venvs_projects/my_proj/lib/python3.9/site-packages/airflow/example_dags/example_params_ui_tutorial.py
[2025-04-23T04:38:26.722+0100] {processor.py:914} INFO - Processing file /Users/francisayanbadejo/venvs_projects/my_proj/lib/python3.9/site-packages/airflow/example_dags/example_params_ui_tutorial.py for tasks to queue
[2025-04-23T04:38:26.723+0100] {logging_mixin.py:190} INFO - [2025-04-23T04:38:26.723+0100] {dagbag.py:588} INFO - Filling up the DagBag from /Users/francisayanbadejo/venvs_projects/my_proj/lib/python3.9/site-packages/airflow/example_dags/example_params_ui_tutorial.py
[2025-04-23T04:38:26.733+0100] {processor.py:925} INFO - DAG(s) 'example_params_ui_tutorial' retrieved from /Users/francisayanbadejo/venvs_projects/my_proj/lib/python3.9/site-packages/airflow/example_dags/example_params_ui_tutorial.py
[2025-04-23T04:38:26.773+0100] {logging_mixin.py:190} INFO - [2025-04-23T04:38:26.773+0100] {dag.py:3239} INFO - Sync 1 DAGs
[2025-04-23T04:38:26.776+0100] {logging_mixin.py:190} INFO - [2025-04-23T04:38:26.776+0100] {dag.py:4180} INFO - Setting next_dagrun for example_params_ui_tutorial to None, run_after=None
[2025-04-23T04:38:26.782+0100] {processor.py:208} INFO - Processing /Users/francisayanbadejo/venvs_projects/my_proj/lib/python3.9/site-packages/airflow/example_dags/example_params_ui_tutorial.py took 0.062 seconds
[2025-04-23T04:40:14.108+0100] {processor.py:186} INFO - Started process (PID=72704) to work on /Users/francisayanbadejo/venvs_projects/my_proj/lib/python3.9/site-packages/airflow/example_dags/example_params_ui_tutorial.py
[2025-04-23T04:40:14.109+0100] {processor.py:914} INFO - Processing file /Users/francisayanbadejo/venvs_projects/my_proj/lib/python3.9/site-packages/airflow/example_dags/example_params_ui_tutorial.py for tasks to queue
[2025-04-23T04:40:14.110+0100] {logging_mixin.py:190} INFO - [2025-04-23T04:40:14.110+0100] {dagbag.py:588} INFO - Filling up the DagBag from /Users/francisayanbadejo/venvs_projects/my_proj/lib/python3.9/site-packages/airflow/example_dags/example_params_ui_tutorial.py
[2025-04-23T04:40:14.120+0100] {processor.py:925} INFO - DAG(s) 'example_params_ui_tutorial' retrieved from /Users/francisayanbadejo/venvs_projects/my_proj/lib/python3.9/site-packages/airflow/example_dags/example_params_ui_tutorial.py
[2025-04-23T04:40:14.159+0100] {logging_mixin.py:190} INFO - [2025-04-23T04:40:14.159+0100] {dag.py:3239} INFO - Sync 1 DAGs
[2025-04-23T04:40:14.163+0100] {logging_mixin.py:190} INFO - [2025-04-23T04:40:14.163+0100] {dag.py:4180} INFO - Setting next_dagrun for example_params_ui_tutorial to None, run_after=None
[2025-04-23T04:40:14.168+0100] {processor.py:208} INFO - Processing /Users/francisayanbadejo/venvs_projects/my_proj/lib/python3.9/site-packages/airflow/example_dags/example_params_ui_tutorial.py took 0.062 seconds
[2025-04-23T04:42:00.654+0100] {processor.py:186} INFO - Started process (PID=72861) to work on /Users/francisayanbadejo/venvs_projects/my_proj/lib/python3.9/site-packages/airflow/example_dags/example_params_ui_tutorial.py
[2025-04-23T04:42:00.655+0100] {processor.py:914} INFO - Processing file /Users/francisayanbadejo/venvs_projects/my_proj/lib/python3.9/site-packages/airflow/example_dags/example_params_ui_tutorial.py for tasks to queue
[2025-04-23T04:42:00.656+0100] {logging_mixin.py:190} INFO - [2025-04-23T04:42:00.656+0100] {dagbag.py:588} INFO - Filling up the DagBag from /Users/francisayanbadejo/venvs_projects/my_proj/lib/python3.9/site-packages/airflow/example_dags/example_params_ui_tutorial.py
[2025-04-23T04:42:00.666+0100] {processor.py:925} INFO - DAG(s) 'example_params_ui_tutorial' retrieved from /Users/francisayanbadejo/venvs_projects/my_proj/lib/python3.9/site-packages/airflow/example_dags/example_params_ui_tutorial.py
[2025-04-23T04:42:00.705+0100] {logging_mixin.py:190} INFO - [2025-04-23T04:42:00.705+0100] {dag.py:3239} INFO - Sync 1 DAGs
[2025-04-23T04:42:00.709+0100] {logging_mixin.py:190} INFO - [2025-04-23T04:42:00.709+0100] {dag.py:4180} INFO - Setting next_dagrun for example_params_ui_tutorial to None, run_after=None
[2025-04-23T04:42:00.714+0100] {processor.py:208} INFO - Processing /Users/francisayanbadejo/venvs_projects/my_proj/lib/python3.9/site-packages/airflow/example_dags/example_params_ui_tutorial.py took 0.061 seconds
[2025-04-23T04:43:47.070+0100] {processor.py:186} INFO - Started process (PID=73026) to work on /Users/francisayanbadejo/venvs_projects/my_proj/lib/python3.9/site-packages/airflow/example_dags/example_params_ui_tutorial.py
[2025-04-23T04:43:47.072+0100] {processor.py:914} INFO - Processing file /Users/francisayanbadejo/venvs_projects/my_proj/lib/python3.9/site-packages/airflow/example_dags/example_params_ui_tutorial.py for tasks to queue
[2025-04-23T04:43:47.073+0100] {logging_mixin.py:190} INFO - [2025-04-23T04:43:47.073+0100] {dagbag.py:588} INFO - Filling up the DagBag from /Users/francisayanbadejo/venvs_projects/my_proj/lib/python3.9/site-packages/airflow/example_dags/example_params_ui_tutorial.py
[2025-04-23T04:43:47.083+0100] {processor.py:925} INFO - DAG(s) 'example_params_ui_tutorial' retrieved from /Users/francisayanbadejo/venvs_projects/my_proj/lib/python3.9/site-packages/airflow/example_dags/example_params_ui_tutorial.py
[2025-04-23T04:43:47.121+0100] {logging_mixin.py:190} INFO - [2025-04-23T04:43:47.121+0100] {dag.py:3239} INFO - Sync 1 DAGs
[2025-04-23T04:43:47.124+0100] {logging_mixin.py:190} INFO - [2025-04-23T04:43:47.124+0100] {dag.py:4180} INFO - Setting next_dagrun for example_params_ui_tutorial to None, run_after=None
[2025-04-23T04:43:47.129+0100] {processor.py:208} INFO - Processing /Users/francisayanbadejo/venvs_projects/my_proj/lib/python3.9/site-packages/airflow/example_dags/example_params_ui_tutorial.py took 0.060 seconds
[2025-04-23T04:45:31.474+0100] {processor.py:186} INFO - Started process (PID=73214) to work on /Users/francisayanbadejo/venvs_projects/my_proj/lib/python3.9/site-packages/airflow/example_dags/example_params_ui_tutorial.py
[2025-04-23T04:45:31.475+0100] {processor.py:914} INFO - Processing file /Users/francisayanbadejo/venvs_projects/my_proj/lib/python3.9/site-packages/airflow/example_dags/example_params_ui_tutorial.py for tasks to queue
[2025-04-23T04:45:31.476+0100] {logging_mixin.py:190} INFO - [2025-04-23T04:45:31.476+0100] {dagbag.py:588} INFO - Filling up the DagBag from /Users/francisayanbadejo/venvs_projects/my_proj/lib/python3.9/site-packages/airflow/example_dags/example_params_ui_tutorial.py
[2025-04-23T04:45:31.486+0100] {processor.py:925} INFO - DAG(s) 'example_params_ui_tutorial' retrieved from /Users/francisayanbadejo/venvs_projects/my_proj/lib/python3.9/site-packages/airflow/example_dags/example_params_ui_tutorial.py
[2025-04-23T04:45:31.526+0100] {logging_mixin.py:190} INFO - [2025-04-23T04:45:31.526+0100] {dag.py:3239} INFO - Sync 1 DAGs
[2025-04-23T04:45:31.530+0100] {logging_mixin.py:190} INFO - [2025-04-23T04:45:31.529+0100] {dag.py:4180} INFO - Setting next_dagrun for example_params_ui_tutorial to None, run_after=None
[2025-04-23T04:45:31.535+0100] {processor.py:208} INFO - Processing /Users/francisayanbadejo/venvs_projects/my_proj/lib/python3.9/site-packages/airflow/example_dags/example_params_ui_tutorial.py took 0.062 seconds
[2025-04-23T04:47:19.330+0100] {processor.py:186} INFO - Started process (PID=73368) to work on /Users/francisayanbadejo/venvs_projects/my_proj/lib/python3.9/site-packages/airflow/example_dags/example_params_ui_tutorial.py
[2025-04-23T04:47:19.332+0100] {processor.py:914} INFO - Processing file /Users/francisayanbadejo/venvs_projects/my_proj/lib/python3.9/site-packages/airflow/example_dags/example_params_ui_tutorial.py for tasks to queue
[2025-04-23T04:47:19.332+0100] {logging_mixin.py:190} INFO - [2025-04-23T04:47:19.332+0100] {dagbag.py:588} INFO - Filling up the DagBag from /Users/francisayanbadejo/venvs_projects/my_proj/lib/python3.9/site-packages/airflow/example_dags/example_params_ui_tutorial.py
[2025-04-23T04:47:19.342+0100] {processor.py:925} INFO - DAG(s) 'example_params_ui_tutorial' retrieved from /Users/francisayanbadejo/venvs_projects/my_proj/lib/python3.9/site-packages/airflow/example_dags/example_params_ui_tutorial.py
[2025-04-23T04:47:19.380+0100] {logging_mixin.py:190} INFO - [2025-04-23T04:47:19.380+0100] {dag.py:3239} INFO - Sync 1 DAGs
[2025-04-23T04:47:19.384+0100] {logging_mixin.py:190} INFO - [2025-04-23T04:47:19.384+0100] {dag.py:4180} INFO - Setting next_dagrun for example_params_ui_tutorial to None, run_after=None
[2025-04-23T04:47:19.388+0100] {processor.py:208} INFO - Processing /Users/francisayanbadejo/venvs_projects/my_proj/lib/python3.9/site-packages/airflow/example_dags/example_params_ui_tutorial.py took 0.060 seconds
[2025-04-23T04:49:10.944+0100] {processor.py:186} INFO - Started process (PID=73527) to work on /Users/francisayanbadejo/venvs_projects/my_proj/lib/python3.9/site-packages/airflow/example_dags/example_params_ui_tutorial.py
[2025-04-23T04:49:10.945+0100] {processor.py:914} INFO - Processing file /Users/francisayanbadejo/venvs_projects/my_proj/lib/python3.9/site-packages/airflow/example_dags/example_params_ui_tutorial.py for tasks to queue
[2025-04-23T04:49:10.946+0100] {logging_mixin.py:190} INFO - [2025-04-23T04:49:10.946+0100] {dagbag.py:588} INFO - Filling up the DagBag from /Users/francisayanbadejo/venvs_projects/my_proj/lib/python3.9/site-packages/airflow/example_dags/example_params_ui_tutorial.py
[2025-04-23T04:49:10.956+0100] {processor.py:925} INFO - DAG(s) 'example_params_ui_tutorial' retrieved from /Users/francisayanbadejo/venvs_projects/my_proj/lib/python3.9/site-packages/airflow/example_dags/example_params_ui_tutorial.py
[2025-04-23T04:49:10.995+0100] {logging_mixin.py:190} INFO - [2025-04-23T04:49:10.995+0100] {dag.py:3239} INFO - Sync 1 DAGs
[2025-04-23T04:49:10.998+0100] {logging_mixin.py:190} INFO - [2025-04-23T04:49:10.998+0100] {dag.py:4180} INFO - Setting next_dagrun for example_params_ui_tutorial to None, run_after=None
[2025-04-23T04:49:11.003+0100] {processor.py:208} INFO - Processing /Users/francisayanbadejo/venvs_projects/my_proj/lib/python3.9/site-packages/airflow/example_dags/example_params_ui_tutorial.py took 0.060 seconds
[2025-04-23T04:50:57.727+0100] {processor.py:186} INFO - Started process (PID=73691) to work on /Users/francisayanbadejo/venvs_projects/my_proj/lib/python3.9/site-packages/airflow/example_dags/example_params_ui_tutorial.py
[2025-04-23T04:50:57.728+0100] {processor.py:914} INFO - Processing file /Users/francisayanbadejo/venvs_projects/my_proj/lib/python3.9/site-packages/airflow/example_dags/example_params_ui_tutorial.py for tasks to queue
[2025-04-23T04:50:57.728+0100] {logging_mixin.py:190} INFO - [2025-04-23T04:50:57.728+0100] {dagbag.py:588} INFO - Filling up the DagBag from /Users/francisayanbadejo/venvs_projects/my_proj/lib/python3.9/site-packages/airflow/example_dags/example_params_ui_tutorial.py
[2025-04-23T04:50:57.739+0100] {processor.py:925} INFO - DAG(s) 'example_params_ui_tutorial' retrieved from /Users/francisayanbadejo/venvs_projects/my_proj/lib/python3.9/site-packages/airflow/example_dags/example_params_ui_tutorial.py
[2025-04-23T04:50:57.777+0100] {logging_mixin.py:190} INFO - [2025-04-23T04:50:57.777+0100] {dag.py:3239} INFO - Sync 1 DAGs
[2025-04-23T04:50:57.781+0100] {logging_mixin.py:190} INFO - [2025-04-23T04:50:57.781+0100] {dag.py:4180} INFO - Setting next_dagrun for example_params_ui_tutorial to None, run_after=None
[2025-04-23T04:50:57.786+0100] {processor.py:208} INFO - Processing /Users/francisayanbadejo/venvs_projects/my_proj/lib/python3.9/site-packages/airflow/example_dags/example_params_ui_tutorial.py took 0.060 seconds
[2025-04-23T04:52:53.363+0100] {processor.py:186} INFO - Started process (PID=73898) to work on /Users/francisayanbadejo/venvs_projects/my_proj/lib/python3.9/site-packages/airflow/example_dags/example_params_ui_tutorial.py
[2025-04-23T04:52:53.364+0100] {processor.py:914} INFO - Processing file /Users/francisayanbadejo/venvs_projects/my_proj/lib/python3.9/site-packages/airflow/example_dags/example_params_ui_tutorial.py for tasks to queue
[2025-04-23T04:52:53.365+0100] {logging_mixin.py:190} INFO - [2025-04-23T04:52:53.365+0100] {dagbag.py:588} INFO - Filling up the DagBag from /Users/francisayanbadejo/venvs_projects/my_proj/lib/python3.9/site-packages/airflow/example_dags/example_params_ui_tutorial.py
[2025-04-23T04:52:53.375+0100] {processor.py:925} INFO - DAG(s) 'example_params_ui_tutorial' retrieved from /Users/francisayanbadejo/venvs_projects/my_proj/lib/python3.9/site-packages/airflow/example_dags/example_params_ui_tutorial.py
[2025-04-23T04:52:53.414+0100] {logging_mixin.py:190} INFO - [2025-04-23T04:52:53.414+0100] {dag.py:3239} INFO - Sync 1 DAGs
[2025-04-23T04:52:53.418+0100] {logging_mixin.py:190} INFO - [2025-04-23T04:52:53.418+0100] {dag.py:4180} INFO - Setting next_dagrun for example_params_ui_tutorial to None, run_after=None
[2025-04-23T04:52:53.423+0100] {processor.py:208} INFO - Processing /Users/francisayanbadejo/venvs_projects/my_proj/lib/python3.9/site-packages/airflow/example_dags/example_params_ui_tutorial.py took 0.061 seconds
[2025-04-23T04:54:51.589+0100] {processor.py:186} INFO - Started process (PID=74186) to work on /Users/francisayanbadejo/venvs_projects/my_proj/lib/python3.9/site-packages/airflow/example_dags/example_params_ui_tutorial.py
[2025-04-23T04:54:51.590+0100] {processor.py:914} INFO - Processing file /Users/francisayanbadejo/venvs_projects/my_proj/lib/python3.9/site-packages/airflow/example_dags/example_params_ui_tutorial.py for tasks to queue
[2025-04-23T04:54:51.591+0100] {logging_mixin.py:190} INFO - [2025-04-23T04:54:51.591+0100] {dagbag.py:588} INFO - Filling up the DagBag from /Users/francisayanbadejo/venvs_projects/my_proj/lib/python3.9/site-packages/airflow/example_dags/example_params_ui_tutorial.py
[2025-04-23T04:54:51.602+0100] {processor.py:925} INFO - DAG(s) 'example_params_ui_tutorial' retrieved from /Users/francisayanbadejo/venvs_projects/my_proj/lib/python3.9/site-packages/airflow/example_dags/example_params_ui_tutorial.py
[2025-04-23T04:54:51.643+0100] {logging_mixin.py:190} INFO - [2025-04-23T04:54:51.643+0100] {dag.py:3239} INFO - Sync 1 DAGs
[2025-04-23T04:54:51.646+0100] {logging_mixin.py:190} INFO - [2025-04-23T04:54:51.646+0100] {dag.py:4180} INFO - Setting next_dagrun for example_params_ui_tutorial to None, run_after=None
[2025-04-23T04:54:51.652+0100] {processor.py:208} INFO - Processing /Users/francisayanbadejo/venvs_projects/my_proj/lib/python3.9/site-packages/airflow/example_dags/example_params_ui_tutorial.py took 0.064 seconds
[2025-04-23T04:56:44.659+0100] {processor.py:186} INFO - Started process (PID=74434) to work on /Users/francisayanbadejo/venvs_projects/my_proj/lib/python3.9/site-packages/airflow/example_dags/example_params_ui_tutorial.py
[2025-04-23T04:56:44.660+0100] {processor.py:914} INFO - Processing file /Users/francisayanbadejo/venvs_projects/my_proj/lib/python3.9/site-packages/airflow/example_dags/example_params_ui_tutorial.py for tasks to queue
[2025-04-23T04:56:44.660+0100] {logging_mixin.py:190} INFO - [2025-04-23T04:56:44.660+0100] {dagbag.py:588} INFO - Filling up the DagBag from /Users/francisayanbadejo/venvs_projects/my_proj/lib/python3.9/site-packages/airflow/example_dags/example_params_ui_tutorial.py
[2025-04-23T04:56:44.670+0100] {processor.py:925} INFO - DAG(s) 'example_params_ui_tutorial' retrieved from /Users/francisayanbadejo/venvs_projects/my_proj/lib/python3.9/site-packages/airflow/example_dags/example_params_ui_tutorial.py
[2025-04-23T04:56:44.711+0100] {logging_mixin.py:190} INFO - [2025-04-23T04:56:44.711+0100] {dag.py:3239} INFO - Sync 1 DAGs
[2025-04-23T04:56:44.715+0100] {logging_mixin.py:190} INFO - [2025-04-23T04:56:44.715+0100] {dag.py:4180} INFO - Setting next_dagrun for example_params_ui_tutorial to None, run_after=None
[2025-04-23T04:56:44.720+0100] {processor.py:208} INFO - Processing /Users/francisayanbadejo/venvs_projects/my_proj/lib/python3.9/site-packages/airflow/example_dags/example_params_ui_tutorial.py took 0.062 seconds
[2025-04-23T04:58:34.913+0100] {processor.py:186} INFO - Started process (PID=74754) to work on /Users/francisayanbadejo/venvs_projects/my_proj/lib/python3.9/site-packages/airflow/example_dags/example_params_ui_tutorial.py
[2025-04-23T04:58:34.915+0100] {processor.py:914} INFO - Processing file /Users/francisayanbadejo/venvs_projects/my_proj/lib/python3.9/site-packages/airflow/example_dags/example_params_ui_tutorial.py for tasks to queue
[2025-04-23T04:58:34.916+0100] {logging_mixin.py:190} INFO - [2025-04-23T04:58:34.916+0100] {dagbag.py:588} INFO - Filling up the DagBag from /Users/francisayanbadejo/venvs_projects/my_proj/lib/python3.9/site-packages/airflow/example_dags/example_params_ui_tutorial.py
[2025-04-23T04:58:34.926+0100] {processor.py:925} INFO - DAG(s) 'example_params_ui_tutorial' retrieved from /Users/francisayanbadejo/venvs_projects/my_proj/lib/python3.9/site-packages/airflow/example_dags/example_params_ui_tutorial.py
[2025-04-23T04:58:34.967+0100] {logging_mixin.py:190} INFO - [2025-04-23T04:58:34.966+0100] {dag.py:3239} INFO - Sync 1 DAGs
[2025-04-23T04:58:34.970+0100] {logging_mixin.py:190} INFO - [2025-04-23T04:58:34.970+0100] {dag.py:4180} INFO - Setting next_dagrun for example_params_ui_tutorial to None, run_after=None
[2025-04-23T04:58:34.975+0100] {processor.py:208} INFO - Processing /Users/francisayanbadejo/venvs_projects/my_proj/lib/python3.9/site-packages/airflow/example_dags/example_params_ui_tutorial.py took 0.063 seconds
[2025-04-23T05:00:23.341+0100] {processor.py:186} INFO - Started process (PID=74990) to work on /Users/francisayanbadejo/venvs_projects/my_proj/lib/python3.9/site-packages/airflow/example_dags/example_params_ui_tutorial.py
[2025-04-23T05:00:23.343+0100] {processor.py:914} INFO - Processing file /Users/francisayanbadejo/venvs_projects/my_proj/lib/python3.9/site-packages/airflow/example_dags/example_params_ui_tutorial.py for tasks to queue
[2025-04-23T05:00:23.344+0100] {logging_mixin.py:190} INFO - [2025-04-23T05:00:23.344+0100] {dagbag.py:588} INFO - Filling up the DagBag from /Users/francisayanbadejo/venvs_projects/my_proj/lib/python3.9/site-packages/airflow/example_dags/example_params_ui_tutorial.py
[2025-04-23T05:00:23.354+0100] {processor.py:925} INFO - DAG(s) 'example_params_ui_tutorial' retrieved from /Users/francisayanbadejo/venvs_projects/my_proj/lib/python3.9/site-packages/airflow/example_dags/example_params_ui_tutorial.py
[2025-04-23T05:00:23.395+0100] {logging_mixin.py:190} INFO - [2025-04-23T05:00:23.394+0100] {dag.py:3239} INFO - Sync 1 DAGs
[2025-04-23T05:00:23.398+0100] {logging_mixin.py:190} INFO - [2025-04-23T05:00:23.398+0100] {dag.py:4180} INFO - Setting next_dagrun for example_params_ui_tutorial to None, run_after=None
[2025-04-23T05:00:23.403+0100] {processor.py:208} INFO - Processing /Users/francisayanbadejo/venvs_projects/my_proj/lib/python3.9/site-packages/airflow/example_dags/example_params_ui_tutorial.py took 0.063 seconds
[2025-04-23T05:02:12.556+0100] {processor.py:186} INFO - Started process (PID=75226) to work on /Users/francisayanbadejo/venvs_projects/my_proj/lib/python3.9/site-packages/airflow/example_dags/example_params_ui_tutorial.py
[2025-04-23T05:02:12.557+0100] {processor.py:914} INFO - Processing file /Users/francisayanbadejo/venvs_projects/my_proj/lib/python3.9/site-packages/airflow/example_dags/example_params_ui_tutorial.py for tasks to queue
[2025-04-23T05:02:12.558+0100] {logging_mixin.py:190} INFO - [2025-04-23T05:02:12.558+0100] {dagbag.py:588} INFO - Filling up the DagBag from /Users/francisayanbadejo/venvs_projects/my_proj/lib/python3.9/site-packages/airflow/example_dags/example_params_ui_tutorial.py
[2025-04-23T05:02:12.568+0100] {processor.py:925} INFO - DAG(s) 'example_params_ui_tutorial' retrieved from /Users/francisayanbadejo/venvs_projects/my_proj/lib/python3.9/site-packages/airflow/example_dags/example_params_ui_tutorial.py
[2025-04-23T05:02:12.609+0100] {logging_mixin.py:190} INFO - [2025-04-23T05:02:12.609+0100] {dag.py:3239} INFO - Sync 1 DAGs
[2025-04-23T05:02:12.613+0100] {logging_mixin.py:190} INFO - [2025-04-23T05:02:12.613+0100] {dag.py:4180} INFO - Setting next_dagrun for example_params_ui_tutorial to None, run_after=None
[2025-04-23T05:02:12.618+0100] {processor.py:208} INFO - Processing /Users/francisayanbadejo/venvs_projects/my_proj/lib/python3.9/site-packages/airflow/example_dags/example_params_ui_tutorial.py took 0.063 seconds
[2025-04-23T05:04:06.551+0100] {processor.py:186} INFO - Started process (PID=75477) to work on /Users/francisayanbadejo/venvs_projects/my_proj/lib/python3.9/site-packages/airflow/example_dags/example_params_ui_tutorial.py
[2025-04-23T05:04:06.552+0100] {processor.py:914} INFO - Processing file /Users/francisayanbadejo/venvs_projects/my_proj/lib/python3.9/site-packages/airflow/example_dags/example_params_ui_tutorial.py for tasks to queue
[2025-04-23T05:04:06.552+0100] {logging_mixin.py:190} INFO - [2025-04-23T05:04:06.552+0100] {dagbag.py:588} INFO - Filling up the DagBag from /Users/francisayanbadejo/venvs_projects/my_proj/lib/python3.9/site-packages/airflow/example_dags/example_params_ui_tutorial.py
[2025-04-23T05:04:06.562+0100] {processor.py:925} INFO - DAG(s) 'example_params_ui_tutorial' retrieved from /Users/francisayanbadejo/venvs_projects/my_proj/lib/python3.9/site-packages/airflow/example_dags/example_params_ui_tutorial.py
[2025-04-23T05:04:06.603+0100] {logging_mixin.py:190} INFO - [2025-04-23T05:04:06.603+0100] {dag.py:3239} INFO - Sync 1 DAGs
[2025-04-23T05:04:06.607+0100] {logging_mixin.py:190} INFO - [2025-04-23T05:04:06.607+0100] {dag.py:4180} INFO - Setting next_dagrun for example_params_ui_tutorial to None, run_after=None
[2025-04-23T05:04:06.612+0100] {processor.py:208} INFO - Processing /Users/francisayanbadejo/venvs_projects/my_proj/lib/python3.9/site-packages/airflow/example_dags/example_params_ui_tutorial.py took 0.062 seconds
[2025-04-23T05:05:54.486+0100] {processor.py:186} INFO - Started process (PID=75729) to work on /Users/francisayanbadejo/venvs_projects/my_proj/lib/python3.9/site-packages/airflow/example_dags/example_params_ui_tutorial.py
[2025-04-23T05:05:54.487+0100] {processor.py:914} INFO - Processing file /Users/francisayanbadejo/venvs_projects/my_proj/lib/python3.9/site-packages/airflow/example_dags/example_params_ui_tutorial.py for tasks to queue
[2025-04-23T05:05:54.488+0100] {logging_mixin.py:190} INFO - [2025-04-23T05:05:54.488+0100] {dagbag.py:588} INFO - Filling up the DagBag from /Users/francisayanbadejo/venvs_projects/my_proj/lib/python3.9/site-packages/airflow/example_dags/example_params_ui_tutorial.py
[2025-04-23T05:05:54.498+0100] {processor.py:925} INFO - DAG(s) 'example_params_ui_tutorial' retrieved from /Users/francisayanbadejo/venvs_projects/my_proj/lib/python3.9/site-packages/airflow/example_dags/example_params_ui_tutorial.py
[2025-04-23T05:05:54.537+0100] {logging_mixin.py:190} INFO - [2025-04-23T05:05:54.537+0100] {dag.py:3239} INFO - Sync 1 DAGs
[2025-04-23T05:05:54.541+0100] {logging_mixin.py:190} INFO - [2025-04-23T05:05:54.541+0100] {dag.py:4180} INFO - Setting next_dagrun for example_params_ui_tutorial to None, run_after=None
[2025-04-23T05:05:54.546+0100] {processor.py:208} INFO - Processing /Users/francisayanbadejo/venvs_projects/my_proj/lib/python3.9/site-packages/airflow/example_dags/example_params_ui_tutorial.py took 0.062 seconds
[2025-04-23T05:07:46.920+0100] {processor.py:186} INFO - Started process (PID=75945) to work on /Users/francisayanbadejo/venvs_projects/my_proj/lib/python3.9/site-packages/airflow/example_dags/example_params_ui_tutorial.py
[2025-04-23T05:07:46.922+0100] {processor.py:914} INFO - Processing file /Users/francisayanbadejo/venvs_projects/my_proj/lib/python3.9/site-packages/airflow/example_dags/example_params_ui_tutorial.py for tasks to queue
[2025-04-23T05:07:46.922+0100] {logging_mixin.py:190} INFO - [2025-04-23T05:07:46.922+0100] {dagbag.py:588} INFO - Filling up the DagBag from /Users/francisayanbadejo/venvs_projects/my_proj/lib/python3.9/site-packages/airflow/example_dags/example_params_ui_tutorial.py
[2025-04-23T05:07:46.933+0100] {processor.py:925} INFO - DAG(s) 'example_params_ui_tutorial' retrieved from /Users/francisayanbadejo/venvs_projects/my_proj/lib/python3.9/site-packages/airflow/example_dags/example_params_ui_tutorial.py
[2025-04-23T05:07:46.972+0100] {logging_mixin.py:190} INFO - [2025-04-23T05:07:46.972+0100] {dag.py:3239} INFO - Sync 1 DAGs
[2025-04-23T05:07:46.976+0100] {logging_mixin.py:190} INFO - [2025-04-23T05:07:46.976+0100] {dag.py:4180} INFO - Setting next_dagrun for example_params_ui_tutorial to None, run_after=None
[2025-04-23T05:07:46.981+0100] {processor.py:208} INFO - Processing /Users/francisayanbadejo/venvs_projects/my_proj/lib/python3.9/site-packages/airflow/example_dags/example_params_ui_tutorial.py took 0.062 seconds
[2025-04-23T05:09:37.439+0100] {processor.py:186} INFO - Started process (PID=76475) to work on /Users/francisayanbadejo/venvs_projects/my_proj/lib/python3.9/site-packages/airflow/example_dags/example_params_ui_tutorial.py
[2025-04-23T05:09:37.441+0100] {processor.py:914} INFO - Processing file /Users/francisayanbadejo/venvs_projects/my_proj/lib/python3.9/site-packages/airflow/example_dags/example_params_ui_tutorial.py for tasks to queue
[2025-04-23T05:09:37.442+0100] {logging_mixin.py:190} INFO - [2025-04-23T05:09:37.442+0100] {dagbag.py:588} INFO - Filling up the DagBag from /Users/francisayanbadejo/venvs_projects/my_proj/lib/python3.9/site-packages/airflow/example_dags/example_params_ui_tutorial.py
[2025-04-23T05:09:37.453+0100] {processor.py:925} INFO - DAG(s) 'example_params_ui_tutorial' retrieved from /Users/francisayanbadejo/venvs_projects/my_proj/lib/python3.9/site-packages/airflow/example_dags/example_params_ui_tutorial.py
[2025-04-23T05:09:37.493+0100] {logging_mixin.py:190} INFO - [2025-04-23T05:09:37.493+0100] {dag.py:3239} INFO - Sync 1 DAGs
[2025-04-23T05:09:37.497+0100] {logging_mixin.py:190} INFO - [2025-04-23T05:09:37.497+0100] {dag.py:4180} INFO - Setting next_dagrun for example_params_ui_tutorial to None, run_after=None
[2025-04-23T05:09:37.502+0100] {processor.py:208} INFO - Processing /Users/francisayanbadejo/venvs_projects/my_proj/lib/python3.9/site-packages/airflow/example_dags/example_params_ui_tutorial.py took 0.064 seconds
[2025-04-23T05:19:02.988+0100] {processor.py:186} INFO - Started process (PID=77370) to work on /Users/francisayanbadejo/venvs_projects/my_proj/lib/python3.9/site-packages/airflow/example_dags/example_params_ui_tutorial.py
[2025-04-23T05:19:02.989+0100] {processor.py:914} INFO - Processing file /Users/francisayanbadejo/venvs_projects/my_proj/lib/python3.9/site-packages/airflow/example_dags/example_params_ui_tutorial.py for tasks to queue
[2025-04-23T05:19:02.989+0100] {logging_mixin.py:190} INFO - [2025-04-23T05:19:02.989+0100] {dagbag.py:588} INFO - Filling up the DagBag from /Users/francisayanbadejo/venvs_projects/my_proj/lib/python3.9/site-packages/airflow/example_dags/example_params_ui_tutorial.py
[2025-04-23T05:19:03.000+0100] {processor.py:925} INFO - DAG(s) 'example_params_ui_tutorial' retrieved from /Users/francisayanbadejo/venvs_projects/my_proj/lib/python3.9/site-packages/airflow/example_dags/example_params_ui_tutorial.py
[2025-04-23T05:19:03.039+0100] {logging_mixin.py:190} INFO - [2025-04-23T05:19:03.039+0100] {dag.py:3239} INFO - Sync 1 DAGs
[2025-04-23T05:19:03.043+0100] {logging_mixin.py:190} INFO - [2025-04-23T05:19:03.043+0100] {dag.py:4180} INFO - Setting next_dagrun for example_params_ui_tutorial to None, run_after=None
[2025-04-23T05:19:03.048+0100] {processor.py:208} INFO - Processing /Users/francisayanbadejo/venvs_projects/my_proj/lib/python3.9/site-packages/airflow/example_dags/example_params_ui_tutorial.py took 0.061 seconds
[2025-04-23T05:20:31.884+0100] {processor.py:186} INFO - Started process (PID=77516) to work on /Users/francisayanbadejo/venvs_projects/my_proj/lib/python3.9/site-packages/airflow/example_dags/example_params_ui_tutorial.py
[2025-04-23T05:20:31.885+0100] {processor.py:914} INFO - Processing file /Users/francisayanbadejo/venvs_projects/my_proj/lib/python3.9/site-packages/airflow/example_dags/example_params_ui_tutorial.py for tasks to queue
[2025-04-23T05:20:31.886+0100] {logging_mixin.py:190} INFO - [2025-04-23T05:20:31.886+0100] {dagbag.py:588} INFO - Filling up the DagBag from /Users/francisayanbadejo/venvs_projects/my_proj/lib/python3.9/site-packages/airflow/example_dags/example_params_ui_tutorial.py
[2025-04-23T05:20:31.897+0100] {processor.py:925} INFO - DAG(s) 'example_params_ui_tutorial' retrieved from /Users/francisayanbadejo/venvs_projects/my_proj/lib/python3.9/site-packages/airflow/example_dags/example_params_ui_tutorial.py
[2025-04-23T05:20:31.936+0100] {logging_mixin.py:190} INFO - [2025-04-23T05:20:31.936+0100] {dag.py:3239} INFO - Sync 1 DAGs
[2025-04-23T05:20:31.940+0100] {logging_mixin.py:190} INFO - [2025-04-23T05:20:31.940+0100] {dag.py:4180} INFO - Setting next_dagrun for example_params_ui_tutorial to None, run_after=None
[2025-04-23T05:20:31.945+0100] {processor.py:208} INFO - Processing /Users/francisayanbadejo/venvs_projects/my_proj/lib/python3.9/site-packages/airflow/example_dags/example_params_ui_tutorial.py took 0.062 seconds
[2025-04-23T12:30:34.132+0100] {processor.py:186} INFO - Started process (PID=86420) to work on /Users/francisayanbadejo/venvs_projects/my_proj/lib/python3.9/site-packages/airflow/example_dags/example_params_ui_tutorial.py
[2025-04-23T12:30:34.133+0100] {processor.py:914} INFO - Processing file /Users/francisayanbadejo/venvs_projects/my_proj/lib/python3.9/site-packages/airflow/example_dags/example_params_ui_tutorial.py for tasks to queue
[2025-04-23T12:30:34.134+0100] {logging_mixin.py:190} INFO - [2025-04-23T12:30:34.134+0100] {dagbag.py:588} INFO - Filling up the DagBag from /Users/francisayanbadejo/venvs_projects/my_proj/lib/python3.9/site-packages/airflow/example_dags/example_params_ui_tutorial.py
[2025-04-23T12:30:34.145+0100] {processor.py:925} INFO - DAG(s) 'example_params_ui_tutorial' retrieved from /Users/francisayanbadejo/venvs_projects/my_proj/lib/python3.9/site-packages/airflow/example_dags/example_params_ui_tutorial.py
[2025-04-23T12:30:34.187+0100] {logging_mixin.py:190} INFO - [2025-04-23T12:30:34.187+0100] {dag.py:3239} INFO - Sync 1 DAGs
[2025-04-23T12:30:34.191+0100] {logging_mixin.py:190} INFO - [2025-04-23T12:30:34.191+0100] {dag.py:4180} INFO - Setting next_dagrun for example_params_ui_tutorial to None, run_after=None
[2025-04-23T12:30:34.196+0100] {processor.py:208} INFO - Processing /Users/francisayanbadejo/venvs_projects/my_proj/lib/python3.9/site-packages/airflow/example_dags/example_params_ui_tutorial.py took 0.065 seconds
