[2025-04-23T03:41:43.380+0100] {processor.py:186} INFO - Started process (PID=63434) to work on /Users/francisayanbadejo/venvs_projects/my_proj/lib/python3.9/site-packages/airflow/example_dags/example_kubernetes_executor.py
[2025-04-23T03:41:43.381+0100] {processor.py:914} INFO - Processing file /Users/francisayanbadejo/venvs_projects/my_proj/lib/python3.9/site-packages/airflow/example_dags/example_kubernetes_executor.py for tasks to queue
[2025-04-23T03:41:43.382+0100] {logging_mixin.py:190} INFO - [2025-04-23T03:41:43.382+0100] {dagbag.py:588} INFO - Filling up the DagBag from /Users/francisayanbadejo/venvs_projects/my_proj/lib/python3.9/site-packages/airflow/example_dags/example_kubernetes_executor.py
[2025-04-23T03:41:43.391+0100] {logging_mixin.py:190} INFO - [2025-04-23T03:41:43.391+0100] {example_kubernetes_executor.py:39} WARNING - The example_kubernetes_executor example DAG requires the kubernetes provider. Please install it with: pip install apache-airflow[cncf.kubernetes]
[2025-04-23T03:41:43.391+0100] {processor.py:927} WARNING - No viable dags retrieved from /Users/francisayanbadejo/venvs_projects/my_proj/lib/python3.9/site-packages/airflow/example_dags/example_kubernetes_executor.py
[2025-04-23T03:41:43.419+0100] {processor.py:208} INFO - Processing /Users/francisayanbadejo/venvs_projects/my_proj/lib/python3.9/site-packages/airflow/example_dags/example_kubernetes_executor.py took 0.040 seconds
[2025-04-23T03:45:06.005+0100] {processor.py:186} INFO - Started process (PID=64359) to work on /Users/francisayanbadejo/venvs_projects/my_proj/lib/python3.9/site-packages/airflow/example_dags/example_kubernetes_executor.py
[2025-04-23T03:45:06.006+0100] {processor.py:914} INFO - Processing file /Users/francisayanbadejo/venvs_projects/my_proj/lib/python3.9/site-packages/airflow/example_dags/example_kubernetes_executor.py for tasks to queue
[2025-04-23T03:45:06.007+0100] {logging_mixin.py:190} INFO - [2025-04-23T03:45:06.007+0100] {dagbag.py:588} INFO - Filling up the DagBag from /Users/francisayanbadejo/venvs_projects/my_proj/lib/python3.9/site-packages/airflow/example_dags/example_kubernetes_executor.py
[2025-04-23T03:45:06.017+0100] {logging_mixin.py:190} INFO - [2025-04-23T03:45:06.017+0100] {example_kubernetes_executor.py:39} WARNING - The example_kubernetes_executor example DAG requires the kubernetes provider. Please install it with: pip install apache-airflow[cncf.kubernetes]
[2025-04-23T03:45:06.017+0100] {processor.py:927} WARNING - No viable dags retrieved from /Users/francisayanbadejo/venvs_projects/my_proj/lib/python3.9/site-packages/airflow/example_dags/example_kubernetes_executor.py
[2025-04-23T03:45:06.045+0100] {processor.py:208} INFO - Processing /Users/francisayanbadejo/venvs_projects/my_proj/lib/python3.9/site-packages/airflow/example_dags/example_kubernetes_executor.py took 0.040 seconds
[2025-04-23T03:47:00.717+0100] {processor.py:186} INFO - Started process (PID=64610) to work on /Users/francisayanbadejo/venvs_projects/my_proj/lib/python3.9/site-packages/airflow/example_dags/example_kubernetes_executor.py
[2025-04-23T03:47:00.718+0100] {processor.py:914} INFO - Processing file /Users/francisayanbadejo/venvs_projects/my_proj/lib/python3.9/site-packages/airflow/example_dags/example_kubernetes_executor.py for tasks to queue
[2025-04-23T03:47:00.719+0100] {logging_mixin.py:190} INFO - [2025-04-23T03:47:00.719+0100] {dagbag.py:588} INFO - Filling up the DagBag from /Users/francisayanbadejo/venvs_projects/my_proj/lib/python3.9/site-packages/airflow/example_dags/example_kubernetes_executor.py
[2025-04-23T03:47:00.730+0100] {logging_mixin.py:190} INFO - [2025-04-23T03:47:00.729+0100] {example_kubernetes_executor.py:39} WARNING - The example_kubernetes_executor example DAG requires the kubernetes provider. Please install it with: pip install apache-airflow[cncf.kubernetes]
[2025-04-23T03:47:00.730+0100] {processor.py:927} WARNING - No viable dags retrieved from /Users/francisayanbadejo/venvs_projects/my_proj/lib/python3.9/site-packages/airflow/example_dags/example_kubernetes_executor.py
[2025-04-23T03:47:00.759+0100] {processor.py:208} INFO - Processing /Users/francisayanbadejo/venvs_projects/my_proj/lib/python3.9/site-packages/airflow/example_dags/example_kubernetes_executor.py took 0.044 seconds
[2025-04-23T03:48:51.197+0100] {processor.py:186} INFO - Started process (PID=64855) to work on /Users/francisayanbadejo/venvs_projects/my_proj/lib/python3.9/site-packages/airflow/example_dags/example_kubernetes_executor.py
[2025-04-23T03:48:51.199+0100] {processor.py:914} INFO - Processing file /Users/francisayanbadejo/venvs_projects/my_proj/lib/python3.9/site-packages/airflow/example_dags/example_kubernetes_executor.py for tasks to queue
[2025-04-23T03:48:51.199+0100] {logging_mixin.py:190} INFO - [2025-04-23T03:48:51.199+0100] {dagbag.py:588} INFO - Filling up the DagBag from /Users/francisayanbadejo/venvs_projects/my_proj/lib/python3.9/site-packages/airflow/example_dags/example_kubernetes_executor.py
[2025-04-23T03:48:51.210+0100] {logging_mixin.py:190} INFO - [2025-04-23T03:48:51.210+0100] {example_kubernetes_executor.py:39} WARNING - The example_kubernetes_executor example DAG requires the kubernetes provider. Please install it with: pip install apache-airflow[cncf.kubernetes]
[2025-04-23T03:48:51.210+0100] {processor.py:927} WARNING - No viable dags retrieved from /Users/francisayanbadejo/venvs_projects/my_proj/lib/python3.9/site-packages/airflow/example_dags/example_kubernetes_executor.py
[2025-04-23T03:48:51.238+0100] {processor.py:208} INFO - Processing /Users/francisayanbadejo/venvs_projects/my_proj/lib/python3.9/site-packages/airflow/example_dags/example_kubernetes_executor.py took 0.042 seconds
[2025-04-23T03:50:40.482+0100] {processor.py:186} INFO - Started process (PID=65099) to work on /Users/francisayanbadejo/venvs_projects/my_proj/lib/python3.9/site-packages/airflow/example_dags/example_kubernetes_executor.py
[2025-04-23T03:50:40.483+0100] {processor.py:914} INFO - Processing file /Users/francisayanbadejo/venvs_projects/my_proj/lib/python3.9/site-packages/airflow/example_dags/example_kubernetes_executor.py for tasks to queue
[2025-04-23T03:50:40.484+0100] {logging_mixin.py:190} INFO - [2025-04-23T03:50:40.484+0100] {dagbag.py:588} INFO - Filling up the DagBag from /Users/francisayanbadejo/venvs_projects/my_proj/lib/python3.9/site-packages/airflow/example_dags/example_kubernetes_executor.py
[2025-04-23T03:50:40.493+0100] {logging_mixin.py:190} INFO - [2025-04-23T03:50:40.493+0100] {example_kubernetes_executor.py:39} WARNING - The example_kubernetes_executor example DAG requires the kubernetes provider. Please install it with: pip install apache-airflow[cncf.kubernetes]
[2025-04-23T03:50:40.493+0100] {processor.py:927} WARNING - No viable dags retrieved from /Users/francisayanbadejo/venvs_projects/my_proj/lib/python3.9/site-packages/airflow/example_dags/example_kubernetes_executor.py
[2025-04-23T03:50:40.522+0100] {processor.py:208} INFO - Processing /Users/francisayanbadejo/venvs_projects/my_proj/lib/python3.9/site-packages/airflow/example_dags/example_kubernetes_executor.py took 0.041 seconds
[2025-04-23T03:52:35.397+0100] {processor.py:186} INFO - Started process (PID=65349) to work on /Users/francisayanbadejo/venvs_projects/my_proj/lib/python3.9/site-packages/airflow/example_dags/example_kubernetes_executor.py
[2025-04-23T03:52:35.398+0100] {processor.py:914} INFO - Processing file /Users/francisayanbadejo/venvs_projects/my_proj/lib/python3.9/site-packages/airflow/example_dags/example_kubernetes_executor.py for tasks to queue
[2025-04-23T03:52:35.399+0100] {logging_mixin.py:190} INFO - [2025-04-23T03:52:35.399+0100] {dagbag.py:588} INFO - Filling up the DagBag from /Users/francisayanbadejo/venvs_projects/my_proj/lib/python3.9/site-packages/airflow/example_dags/example_kubernetes_executor.py
[2025-04-23T03:52:35.409+0100] {logging_mixin.py:190} INFO - [2025-04-23T03:52:35.409+0100] {example_kubernetes_executor.py:39} WARNING - The example_kubernetes_executor example DAG requires the kubernetes provider. Please install it with: pip install apache-airflow[cncf.kubernetes]
[2025-04-23T03:52:35.410+0100] {processor.py:927} WARNING - No viable dags retrieved from /Users/francisayanbadejo/venvs_projects/my_proj/lib/python3.9/site-packages/airflow/example_dags/example_kubernetes_executor.py
[2025-04-23T03:52:35.438+0100] {processor.py:208} INFO - Processing /Users/francisayanbadejo/venvs_projects/my_proj/lib/python3.9/site-packages/airflow/example_dags/example_kubernetes_executor.py took 0.042 seconds
[2025-04-23T03:54:32.116+0100] {processor.py:186} INFO - Started process (PID=65610) to work on /Users/francisayanbadejo/venvs_projects/my_proj/lib/python3.9/site-packages/airflow/example_dags/example_kubernetes_executor.py
[2025-04-23T03:54:32.118+0100] {processor.py:914} INFO - Processing file /Users/francisayanbadejo/venvs_projects/my_proj/lib/python3.9/site-packages/airflow/example_dags/example_kubernetes_executor.py for tasks to queue
[2025-04-23T03:54:32.119+0100] {logging_mixin.py:190} INFO - [2025-04-23T03:54:32.119+0100] {dagbag.py:588} INFO - Filling up the DagBag from /Users/francisayanbadejo/venvs_projects/my_proj/lib/python3.9/site-packages/airflow/example_dags/example_kubernetes_executor.py
[2025-04-23T03:54:32.129+0100] {logging_mixin.py:190} INFO - [2025-04-23T03:54:32.129+0100] {example_kubernetes_executor.py:39} WARNING - The example_kubernetes_executor example DAG requires the kubernetes provider. Please install it with: pip install apache-airflow[cncf.kubernetes]
[2025-04-23T03:54:32.129+0100] {processor.py:927} WARNING - No viable dags retrieved from /Users/francisayanbadejo/venvs_projects/my_proj/lib/python3.9/site-packages/airflow/example_dags/example_kubernetes_executor.py
[2025-04-23T03:54:32.159+0100] {processor.py:208} INFO - Processing /Users/francisayanbadejo/venvs_projects/my_proj/lib/python3.9/site-packages/airflow/example_dags/example_kubernetes_executor.py took 0.045 seconds
[2025-04-23T03:56:30.870+0100] {processor.py:186} INFO - Started process (PID=65862) to work on /Users/francisayanbadejo/venvs_projects/my_proj/lib/python3.9/site-packages/airflow/example_dags/example_kubernetes_executor.py
[2025-04-23T03:56:30.872+0100] {processor.py:914} INFO - Processing file /Users/francisayanbadejo/venvs_projects/my_proj/lib/python3.9/site-packages/airflow/example_dags/example_kubernetes_executor.py for tasks to queue
[2025-04-23T03:56:30.873+0100] {logging_mixin.py:190} INFO - [2025-04-23T03:56:30.873+0100] {dagbag.py:588} INFO - Filling up the DagBag from /Users/francisayanbadejo/venvs_projects/my_proj/lib/python3.9/site-packages/airflow/example_dags/example_kubernetes_executor.py
[2025-04-23T03:56:30.882+0100] {logging_mixin.py:190} INFO - [2025-04-23T03:56:30.882+0100] {example_kubernetes_executor.py:39} WARNING - The example_kubernetes_executor example DAG requires the kubernetes provider. Please install it with: pip install apache-airflow[cncf.kubernetes]
[2025-04-23T03:56:30.882+0100] {processor.py:927} WARNING - No viable dags retrieved from /Users/francisayanbadejo/venvs_projects/my_proj/lib/python3.9/site-packages/airflow/example_dags/example_kubernetes_executor.py
[2025-04-23T03:56:30.910+0100] {processor.py:208} INFO - Processing /Users/francisayanbadejo/venvs_projects/my_proj/lib/python3.9/site-packages/airflow/example_dags/example_kubernetes_executor.py took 0.041 seconds
[2025-04-23T03:58:30.031+0100] {processor.py:186} INFO - Started process (PID=66105) to work on /Users/francisayanbadejo/venvs_projects/my_proj/lib/python3.9/site-packages/airflow/example_dags/example_kubernetes_executor.py
[2025-04-23T03:58:30.032+0100] {processor.py:914} INFO - Processing file /Users/francisayanbadejo/venvs_projects/my_proj/lib/python3.9/site-packages/airflow/example_dags/example_kubernetes_executor.py for tasks to queue
[2025-04-23T03:58:30.032+0100] {logging_mixin.py:190} INFO - [2025-04-23T03:58:30.032+0100] {dagbag.py:588} INFO - Filling up the DagBag from /Users/francisayanbadejo/venvs_projects/my_proj/lib/python3.9/site-packages/airflow/example_dags/example_kubernetes_executor.py
[2025-04-23T03:58:30.041+0100] {logging_mixin.py:190} INFO - [2025-04-23T03:58:30.041+0100] {example_kubernetes_executor.py:39} WARNING - The example_kubernetes_executor example DAG requires the kubernetes provider. Please install it with: pip install apache-airflow[cncf.kubernetes]
[2025-04-23T03:58:30.041+0100] {processor.py:927} WARNING - No viable dags retrieved from /Users/francisayanbadejo/venvs_projects/my_proj/lib/python3.9/site-packages/airflow/example_dags/example_kubernetes_executor.py
[2025-04-23T03:58:30.069+0100] {processor.py:208} INFO - Processing /Users/francisayanbadejo/venvs_projects/my_proj/lib/python3.9/site-packages/airflow/example_dags/example_kubernetes_executor.py took 0.039 seconds
[2025-04-23T04:00:07.657+0100] {processor.py:186} INFO - Started process (PID=66265) to work on /Users/francisayanbadejo/venvs_projects/my_proj/lib/python3.9/site-packages/airflow/example_dags/example_kubernetes_executor.py
[2025-04-23T04:00:07.658+0100] {processor.py:914} INFO - Processing file /Users/francisayanbadejo/venvs_projects/my_proj/lib/python3.9/site-packages/airflow/example_dags/example_kubernetes_executor.py for tasks to queue
[2025-04-23T04:00:07.658+0100] {logging_mixin.py:190} INFO - [2025-04-23T04:00:07.658+0100] {dagbag.py:588} INFO - Filling up the DagBag from /Users/francisayanbadejo/venvs_projects/my_proj/lib/python3.9/site-packages/airflow/example_dags/example_kubernetes_executor.py
[2025-04-23T04:00:07.670+0100] {logging_mixin.py:190} INFO - [2025-04-23T04:00:07.670+0100] {example_kubernetes_executor.py:39} WARNING - The example_kubernetes_executor example DAG requires the kubernetes provider. Please install it with: pip install apache-airflow[cncf.kubernetes]
[2025-04-23T04:00:07.670+0100] {processor.py:927} WARNING - No viable dags retrieved from /Users/francisayanbadejo/venvs_projects/my_proj/lib/python3.9/site-packages/airflow/example_dags/example_kubernetes_executor.py
[2025-04-23T04:00:07.703+0100] {processor.py:208} INFO - Processing /Users/francisayanbadejo/venvs_projects/my_proj/lib/python3.9/site-packages/airflow/example_dags/example_kubernetes_executor.py took 0.048 seconds
[2025-04-23T04:02:03.425+0100] {processor.py:186} INFO - Started process (PID=66476) to work on /Users/francisayanbadejo/venvs_projects/my_proj/lib/python3.9/site-packages/airflow/example_dags/example_kubernetes_executor.py
[2025-04-23T04:02:03.426+0100] {processor.py:914} INFO - Processing file /Users/francisayanbadejo/venvs_projects/my_proj/lib/python3.9/site-packages/airflow/example_dags/example_kubernetes_executor.py for tasks to queue
[2025-04-23T04:02:03.426+0100] {logging_mixin.py:190} INFO - [2025-04-23T04:02:03.426+0100] {dagbag.py:588} INFO - Filling up the DagBag from /Users/francisayanbadejo/venvs_projects/my_proj/lib/python3.9/site-packages/airflow/example_dags/example_kubernetes_executor.py
[2025-04-23T04:02:03.436+0100] {logging_mixin.py:190} INFO - [2025-04-23T04:02:03.436+0100] {example_kubernetes_executor.py:39} WARNING - The example_kubernetes_executor example DAG requires the kubernetes provider. Please install it with: pip install apache-airflow[cncf.kubernetes]
[2025-04-23T04:02:03.436+0100] {processor.py:927} WARNING - No viable dags retrieved from /Users/francisayanbadejo/venvs_projects/my_proj/lib/python3.9/site-packages/airflow/example_dags/example_kubernetes_executor.py
[2025-04-23T04:02:03.464+0100] {processor.py:208} INFO - Processing /Users/francisayanbadejo/venvs_projects/my_proj/lib/python3.9/site-packages/airflow/example_dags/example_kubernetes_executor.py took 0.041 seconds
[2025-04-23T04:03:56.146+0100] {processor.py:186} INFO - Started process (PID=66709) to work on /Users/francisayanbadejo/venvs_projects/my_proj/lib/python3.9/site-packages/airflow/example_dags/example_kubernetes_executor.py
[2025-04-23T04:03:56.146+0100] {processor.py:914} INFO - Processing file /Users/francisayanbadejo/venvs_projects/my_proj/lib/python3.9/site-packages/airflow/example_dags/example_kubernetes_executor.py for tasks to queue
[2025-04-23T04:03:56.147+0100] {logging_mixin.py:190} INFO - [2025-04-23T04:03:56.146+0100] {dagbag.py:588} INFO - Filling up the DagBag from /Users/francisayanbadejo/venvs_projects/my_proj/lib/python3.9/site-packages/airflow/example_dags/example_kubernetes_executor.py
[2025-04-23T04:03:56.157+0100] {logging_mixin.py:190} INFO - [2025-04-23T04:03:56.157+0100] {example_kubernetes_executor.py:39} WARNING - The example_kubernetes_executor example DAG requires the kubernetes provider. Please install it with: pip install apache-airflow[cncf.kubernetes]
[2025-04-23T04:03:56.157+0100] {processor.py:927} WARNING - No viable dags retrieved from /Users/francisayanbadejo/venvs_projects/my_proj/lib/python3.9/site-packages/airflow/example_dags/example_kubernetes_executor.py
[2025-04-23T04:03:56.184+0100] {processor.py:208} INFO - Processing /Users/francisayanbadejo/venvs_projects/my_proj/lib/python3.9/site-packages/airflow/example_dags/example_kubernetes_executor.py took 0.039 seconds
[2025-04-23T04:05:59.732+0100] {processor.py:186} INFO - Started process (PID=66938) to work on /Users/francisayanbadejo/venvs_projects/my_proj/lib/python3.9/site-packages/airflow/example_dags/example_kubernetes_executor.py
[2025-04-23T04:05:59.732+0100] {processor.py:914} INFO - Processing file /Users/francisayanbadejo/venvs_projects/my_proj/lib/python3.9/site-packages/airflow/example_dags/example_kubernetes_executor.py for tasks to queue
[2025-04-23T04:05:59.733+0100] {logging_mixin.py:190} INFO - [2025-04-23T04:05:59.733+0100] {dagbag.py:588} INFO - Filling up the DagBag from /Users/francisayanbadejo/venvs_projects/my_proj/lib/python3.9/site-packages/airflow/example_dags/example_kubernetes_executor.py
[2025-04-23T04:05:59.742+0100] {logging_mixin.py:190} INFO - [2025-04-23T04:05:59.742+0100] {example_kubernetes_executor.py:39} WARNING - The example_kubernetes_executor example DAG requires the kubernetes provider. Please install it with: pip install apache-airflow[cncf.kubernetes]
[2025-04-23T04:05:59.742+0100] {processor.py:927} WARNING - No viable dags retrieved from /Users/francisayanbadejo/venvs_projects/my_proj/lib/python3.9/site-packages/airflow/example_dags/example_kubernetes_executor.py
[2025-04-23T04:05:59.770+0100] {processor.py:208} INFO - Processing /Users/francisayanbadejo/venvs_projects/my_proj/lib/python3.9/site-packages/airflow/example_dags/example_kubernetes_executor.py took 0.039 seconds
[2025-04-23T04:19:12.576+0100] {processor.py:186} INFO - Started process (PID=68994) to work on /Users/francisayanbadejo/venvs_projects/my_proj/lib/python3.9/site-packages/airflow/example_dags/example_kubernetes_executor.py
[2025-04-23T04:19:12.577+0100] {processor.py:914} INFO - Processing file /Users/francisayanbadejo/venvs_projects/my_proj/lib/python3.9/site-packages/airflow/example_dags/example_kubernetes_executor.py for tasks to queue
[2025-04-23T04:19:12.578+0100] {logging_mixin.py:190} INFO - [2025-04-23T04:19:12.578+0100] {dagbag.py:588} INFO - Filling up the DagBag from /Users/francisayanbadejo/venvs_projects/my_proj/lib/python3.9/site-packages/airflow/example_dags/example_kubernetes_executor.py
[2025-04-23T04:19:12.587+0100] {logging_mixin.py:190} INFO - [2025-04-23T04:19:12.587+0100] {example_kubernetes_executor.py:39} WARNING - The example_kubernetes_executor example DAG requires the kubernetes provider. Please install it with: pip install apache-airflow[cncf.kubernetes]
[2025-04-23T04:19:12.587+0100] {processor.py:927} WARNING - No viable dags retrieved from /Users/francisayanbadejo/venvs_projects/my_proj/lib/python3.9/site-packages/airflow/example_dags/example_kubernetes_executor.py
[2025-04-23T04:19:12.614+0100] {processor.py:208} INFO - Processing /Users/francisayanbadejo/venvs_projects/my_proj/lib/python3.9/site-packages/airflow/example_dags/example_kubernetes_executor.py took 0.039 seconds
[2025-04-23T04:21:55.405+0100] {processor.py:186} INFO - Started process (PID=69565) to work on /Users/francisayanbadejo/venvs_projects/my_proj/lib/python3.9/site-packages/airflow/example_dags/example_kubernetes_executor.py
[2025-04-23T04:21:55.407+0100] {processor.py:914} INFO - Processing file /Users/francisayanbadejo/venvs_projects/my_proj/lib/python3.9/site-packages/airflow/example_dags/example_kubernetes_executor.py for tasks to queue
[2025-04-23T04:21:55.408+0100] {logging_mixin.py:190} INFO - [2025-04-23T04:21:55.408+0100] {dagbag.py:588} INFO - Filling up the DagBag from /Users/francisayanbadejo/venvs_projects/my_proj/lib/python3.9/site-packages/airflow/example_dags/example_kubernetes_executor.py
[2025-04-23T04:21:55.418+0100] {logging_mixin.py:190} INFO - [2025-04-23T04:21:55.418+0100] {example_kubernetes_executor.py:39} WARNING - The example_kubernetes_executor example DAG requires the kubernetes provider. Please install it with: pip install apache-airflow[cncf.kubernetes]
[2025-04-23T04:21:55.418+0100] {processor.py:927} WARNING - No viable dags retrieved from /Users/francisayanbadejo/venvs_projects/my_proj/lib/python3.9/site-packages/airflow/example_dags/example_kubernetes_executor.py
[2025-04-23T04:21:55.446+0100] {processor.py:208} INFO - Processing /Users/francisayanbadejo/venvs_projects/my_proj/lib/python3.9/site-packages/airflow/example_dags/example_kubernetes_executor.py took 0.042 seconds
[2025-04-23T04:23:52.682+0100] {processor.py:186} INFO - Started process (PID=69808) to work on /Users/francisayanbadejo/venvs_projects/my_proj/lib/python3.9/site-packages/airflow/example_dags/example_kubernetes_executor.py
[2025-04-23T04:23:52.684+0100] {processor.py:914} INFO - Processing file /Users/francisayanbadejo/venvs_projects/my_proj/lib/python3.9/site-packages/airflow/example_dags/example_kubernetes_executor.py for tasks to queue
[2025-04-23T04:23:52.684+0100] {logging_mixin.py:190} INFO - [2025-04-23T04:23:52.684+0100] {dagbag.py:588} INFO - Filling up the DagBag from /Users/francisayanbadejo/venvs_projects/my_proj/lib/python3.9/site-packages/airflow/example_dags/example_kubernetes_executor.py
[2025-04-23T04:23:52.693+0100] {logging_mixin.py:190} INFO - [2025-04-23T04:23:52.693+0100] {example_kubernetes_executor.py:39} WARNING - The example_kubernetes_executor example DAG requires the kubernetes provider. Please install it with: pip install apache-airflow[cncf.kubernetes]
[2025-04-23T04:23:52.694+0100] {processor.py:927} WARNING - No viable dags retrieved from /Users/francisayanbadejo/venvs_projects/my_proj/lib/python3.9/site-packages/airflow/example_dags/example_kubernetes_executor.py
[2025-04-23T04:23:52.722+0100] {processor.py:208} INFO - Processing /Users/francisayanbadejo/venvs_projects/my_proj/lib/python3.9/site-packages/airflow/example_dags/example_kubernetes_executor.py took 0.042 seconds
[2025-04-23T04:26:20.124+0100] {processor.py:186} INFO - Started process (PID=70564) to work on /Users/francisayanbadejo/venvs_projects/my_proj/lib/python3.9/site-packages/airflow/example_dags/example_kubernetes_executor.py
[2025-04-23T04:26:20.125+0100] {processor.py:914} INFO - Processing file /Users/francisayanbadejo/venvs_projects/my_proj/lib/python3.9/site-packages/airflow/example_dags/example_kubernetes_executor.py for tasks to queue
[2025-04-23T04:26:20.126+0100] {logging_mixin.py:190} INFO - [2025-04-23T04:26:20.126+0100] {dagbag.py:588} INFO - Filling up the DagBag from /Users/francisayanbadejo/venvs_projects/my_proj/lib/python3.9/site-packages/airflow/example_dags/example_kubernetes_executor.py
[2025-04-23T04:26:20.136+0100] {logging_mixin.py:190} INFO - [2025-04-23T04:26:20.135+0100] {example_kubernetes_executor.py:39} WARNING - The example_kubernetes_executor example DAG requires the kubernetes provider. Please install it with: pip install apache-airflow[cncf.kubernetes]
[2025-04-23T04:26:20.136+0100] {processor.py:927} WARNING - No viable dags retrieved from /Users/francisayanbadejo/venvs_projects/my_proj/lib/python3.9/site-packages/airflow/example_dags/example_kubernetes_executor.py
[2025-04-23T04:26:20.163+0100] {processor.py:208} INFO - Processing /Users/francisayanbadejo/venvs_projects/my_proj/lib/python3.9/site-packages/airflow/example_dags/example_kubernetes_executor.py took 0.040 seconds
[2025-04-23T04:28:46.238+0100] {processor.py:186} INFO - Started process (PID=71323) to work on /Users/francisayanbadejo/venvs_projects/my_proj/lib/python3.9/site-packages/airflow/example_dags/example_kubernetes_executor.py
[2025-04-23T04:28:46.240+0100] {processor.py:914} INFO - Processing file /Users/francisayanbadejo/venvs_projects/my_proj/lib/python3.9/site-packages/airflow/example_dags/example_kubernetes_executor.py for tasks to queue
[2025-04-23T04:28:46.241+0100] {logging_mixin.py:190} INFO - [2025-04-23T04:28:46.241+0100] {dagbag.py:588} INFO - Filling up the DagBag from /Users/francisayanbadejo/venvs_projects/my_proj/lib/python3.9/site-packages/airflow/example_dags/example_kubernetes_executor.py
[2025-04-23T04:28:46.249+0100] {logging_mixin.py:190} INFO - [2025-04-23T04:28:46.249+0100] {example_kubernetes_executor.py:39} WARNING - The example_kubernetes_executor example DAG requires the kubernetes provider. Please install it with: pip install apache-airflow[cncf.kubernetes]
[2025-04-23T04:28:46.249+0100] {processor.py:927} WARNING - No viable dags retrieved from /Users/francisayanbadejo/venvs_projects/my_proj/lib/python3.9/site-packages/airflow/example_dags/example_kubernetes_executor.py
[2025-04-23T04:28:46.277+0100] {processor.py:208} INFO - Processing /Users/francisayanbadejo/venvs_projects/my_proj/lib/python3.9/site-packages/airflow/example_dags/example_kubernetes_executor.py took 0.039 seconds
[2025-04-23T04:30:40.029+0100] {processor.py:186} INFO - Started process (PID=71618) to work on /Users/francisayanbadejo/venvs_projects/my_proj/lib/python3.9/site-packages/airflow/example_dags/example_kubernetes_executor.py
[2025-04-23T04:30:40.030+0100] {processor.py:914} INFO - Processing file /Users/francisayanbadejo/venvs_projects/my_proj/lib/python3.9/site-packages/airflow/example_dags/example_kubernetes_executor.py for tasks to queue
[2025-04-23T04:30:40.031+0100] {logging_mixin.py:190} INFO - [2025-04-23T04:30:40.031+0100] {dagbag.py:588} INFO - Filling up the DagBag from /Users/francisayanbadejo/venvs_projects/my_proj/lib/python3.9/site-packages/airflow/example_dags/example_kubernetes_executor.py
[2025-04-23T04:30:40.041+0100] {logging_mixin.py:190} INFO - [2025-04-23T04:30:40.041+0100] {example_kubernetes_executor.py:39} WARNING - The example_kubernetes_executor example DAG requires the kubernetes provider. Please install it with: pip install apache-airflow[cncf.kubernetes]
[2025-04-23T04:30:40.041+0100] {processor.py:927} WARNING - No viable dags retrieved from /Users/francisayanbadejo/venvs_projects/my_proj/lib/python3.9/site-packages/airflow/example_dags/example_kubernetes_executor.py
[2025-04-23T04:30:40.068+0100] {processor.py:208} INFO - Processing /Users/francisayanbadejo/venvs_projects/my_proj/lib/python3.9/site-packages/airflow/example_dags/example_kubernetes_executor.py took 0.040 seconds
[2025-04-23T04:32:29.050+0100] {processor.py:186} INFO - Started process (PID=71859) to work on /Users/francisayanbadejo/venvs_projects/my_proj/lib/python3.9/site-packages/airflow/example_dags/example_kubernetes_executor.py
[2025-04-23T04:32:29.052+0100] {processor.py:914} INFO - Processing file /Users/francisayanbadejo/venvs_projects/my_proj/lib/python3.9/site-packages/airflow/example_dags/example_kubernetes_executor.py for tasks to queue
[2025-04-23T04:32:29.052+0100] {logging_mixin.py:190} INFO - [2025-04-23T04:32:29.052+0100] {dagbag.py:588} INFO - Filling up the DagBag from /Users/francisayanbadejo/venvs_projects/my_proj/lib/python3.9/site-packages/airflow/example_dags/example_kubernetes_executor.py
[2025-04-23T04:32:29.061+0100] {logging_mixin.py:190} INFO - [2025-04-23T04:32:29.061+0100] {example_kubernetes_executor.py:39} WARNING - The example_kubernetes_executor example DAG requires the kubernetes provider. Please install it with: pip install apache-airflow[cncf.kubernetes]
[2025-04-23T04:32:29.061+0100] {processor.py:927} WARNING - No viable dags retrieved from /Users/francisayanbadejo/venvs_projects/my_proj/lib/python3.9/site-packages/airflow/example_dags/example_kubernetes_executor.py
[2025-04-23T04:32:29.088+0100] {processor.py:208} INFO - Processing /Users/francisayanbadejo/venvs_projects/my_proj/lib/python3.9/site-packages/airflow/example_dags/example_kubernetes_executor.py took 0.039 seconds
[2025-04-23T04:34:51.568+0100] {processor.py:186} INFO - Started process (PID=72084) to work on /Users/francisayanbadejo/venvs_projects/my_proj/lib/python3.9/site-packages/airflow/example_dags/example_kubernetes_executor.py
[2025-04-23T04:34:51.569+0100] {processor.py:914} INFO - Processing file /Users/francisayanbadejo/venvs_projects/my_proj/lib/python3.9/site-packages/airflow/example_dags/example_kubernetes_executor.py for tasks to queue
[2025-04-23T04:34:51.569+0100] {logging_mixin.py:190} INFO - [2025-04-23T04:34:51.569+0100] {dagbag.py:588} INFO - Filling up the DagBag from /Users/francisayanbadejo/venvs_projects/my_proj/lib/python3.9/site-packages/airflow/example_dags/example_kubernetes_executor.py
[2025-04-23T04:34:51.579+0100] {logging_mixin.py:190} INFO - [2025-04-23T04:34:51.579+0100] {example_kubernetes_executor.py:39} WARNING - The example_kubernetes_executor example DAG requires the kubernetes provider. Please install it with: pip install apache-airflow[cncf.kubernetes]
[2025-04-23T04:34:51.579+0100] {processor.py:927} WARNING - No viable dags retrieved from /Users/francisayanbadejo/venvs_projects/my_proj/lib/python3.9/site-packages/airflow/example_dags/example_kubernetes_executor.py
[2025-04-23T04:34:51.608+0100] {processor.py:208} INFO - Processing /Users/francisayanbadejo/venvs_projects/my_proj/lib/python3.9/site-packages/airflow/example_dags/example_kubernetes_executor.py took 0.041 seconds
[2025-04-23T04:36:42.739+0100] {processor.py:186} INFO - Started process (PID=72330) to work on /Users/francisayanbadejo/venvs_projects/my_proj/lib/python3.9/site-packages/airflow/example_dags/example_kubernetes_executor.py
[2025-04-23T04:36:42.740+0100] {processor.py:914} INFO - Processing file /Users/francisayanbadejo/venvs_projects/my_proj/lib/python3.9/site-packages/airflow/example_dags/example_kubernetes_executor.py for tasks to queue
[2025-04-23T04:36:42.741+0100] {logging_mixin.py:190} INFO - [2025-04-23T04:36:42.741+0100] {dagbag.py:588} INFO - Filling up the DagBag from /Users/francisayanbadejo/venvs_projects/my_proj/lib/python3.9/site-packages/airflow/example_dags/example_kubernetes_executor.py
[2025-04-23T04:36:42.750+0100] {logging_mixin.py:190} INFO - [2025-04-23T04:36:42.750+0100] {example_kubernetes_executor.py:39} WARNING - The example_kubernetes_executor example DAG requires the kubernetes provider. Please install it with: pip install apache-airflow[cncf.kubernetes]
[2025-04-23T04:36:42.750+0100] {processor.py:927} WARNING - No viable dags retrieved from /Users/francisayanbadejo/venvs_projects/my_proj/lib/python3.9/site-packages/airflow/example_dags/example_kubernetes_executor.py
[2025-04-23T04:36:42.778+0100] {processor.py:208} INFO - Processing /Users/francisayanbadejo/venvs_projects/my_proj/lib/python3.9/site-packages/airflow/example_dags/example_kubernetes_executor.py took 0.040 seconds
[2025-04-23T04:38:36.371+0100] {processor.py:186} INFO - Started process (PID=72560) to work on /Users/francisayanbadejo/venvs_projects/my_proj/lib/python3.9/site-packages/airflow/example_dags/example_kubernetes_executor.py
[2025-04-23T04:38:36.372+0100] {processor.py:914} INFO - Processing file /Users/francisayanbadejo/venvs_projects/my_proj/lib/python3.9/site-packages/airflow/example_dags/example_kubernetes_executor.py for tasks to queue
[2025-04-23T04:38:36.373+0100] {logging_mixin.py:190} INFO - [2025-04-23T04:38:36.373+0100] {dagbag.py:588} INFO - Filling up the DagBag from /Users/francisayanbadejo/venvs_projects/my_proj/lib/python3.9/site-packages/airflow/example_dags/example_kubernetes_executor.py
[2025-04-23T04:38:36.381+0100] {logging_mixin.py:190} INFO - [2025-04-23T04:38:36.381+0100] {example_kubernetes_executor.py:39} WARNING - The example_kubernetes_executor example DAG requires the kubernetes provider. Please install it with: pip install apache-airflow[cncf.kubernetes]
[2025-04-23T04:38:36.382+0100] {processor.py:927} WARNING - No viable dags retrieved from /Users/francisayanbadejo/venvs_projects/my_proj/lib/python3.9/site-packages/airflow/example_dags/example_kubernetes_executor.py
[2025-04-23T04:38:36.409+0100] {processor.py:208} INFO - Processing /Users/francisayanbadejo/venvs_projects/my_proj/lib/python3.9/site-packages/airflow/example_dags/example_kubernetes_executor.py took 0.039 seconds
[2025-04-23T04:40:24.231+0100] {processor.py:186} INFO - Started process (PID=72719) to work on /Users/francisayanbadejo/venvs_projects/my_proj/lib/python3.9/site-packages/airflow/example_dags/example_kubernetes_executor.py
[2025-04-23T04:40:24.232+0100] {processor.py:914} INFO - Processing file /Users/francisayanbadejo/venvs_projects/my_proj/lib/python3.9/site-packages/airflow/example_dags/example_kubernetes_executor.py for tasks to queue
[2025-04-23T04:40:24.233+0100] {logging_mixin.py:190} INFO - [2025-04-23T04:40:24.233+0100] {dagbag.py:588} INFO - Filling up the DagBag from /Users/francisayanbadejo/venvs_projects/my_proj/lib/python3.9/site-packages/airflow/example_dags/example_kubernetes_executor.py
[2025-04-23T04:40:24.242+0100] {logging_mixin.py:190} INFO - [2025-04-23T04:40:24.242+0100] {example_kubernetes_executor.py:39} WARNING - The example_kubernetes_executor example DAG requires the kubernetes provider. Please install it with: pip install apache-airflow[cncf.kubernetes]
[2025-04-23T04:40:24.242+0100] {processor.py:927} WARNING - No viable dags retrieved from /Users/francisayanbadejo/venvs_projects/my_proj/lib/python3.9/site-packages/airflow/example_dags/example_kubernetes_executor.py
[2025-04-23T04:40:24.269+0100] {processor.py:208} INFO - Processing /Users/francisayanbadejo/venvs_projects/my_proj/lib/python3.9/site-packages/airflow/example_dags/example_kubernetes_executor.py took 0.038 seconds
[2025-04-23T04:42:10.912+0100] {processor.py:186} INFO - Started process (PID=72875) to work on /Users/francisayanbadejo/venvs_projects/my_proj/lib/python3.9/site-packages/airflow/example_dags/example_kubernetes_executor.py
[2025-04-23T04:42:10.914+0100] {processor.py:914} INFO - Processing file /Users/francisayanbadejo/venvs_projects/my_proj/lib/python3.9/site-packages/airflow/example_dags/example_kubernetes_executor.py for tasks to queue
[2025-04-23T04:42:10.915+0100] {logging_mixin.py:190} INFO - [2025-04-23T04:42:10.915+0100] {dagbag.py:588} INFO - Filling up the DagBag from /Users/francisayanbadejo/venvs_projects/my_proj/lib/python3.9/site-packages/airflow/example_dags/example_kubernetes_executor.py
[2025-04-23T04:42:10.924+0100] {logging_mixin.py:190} INFO - [2025-04-23T04:42:10.923+0100] {example_kubernetes_executor.py:39} WARNING - The example_kubernetes_executor example DAG requires the kubernetes provider. Please install it with: pip install apache-airflow[cncf.kubernetes]
[2025-04-23T04:42:10.924+0100] {processor.py:927} WARNING - No viable dags retrieved from /Users/francisayanbadejo/venvs_projects/my_proj/lib/python3.9/site-packages/airflow/example_dags/example_kubernetes_executor.py
[2025-04-23T04:42:10.951+0100] {processor.py:208} INFO - Processing /Users/francisayanbadejo/venvs_projects/my_proj/lib/python3.9/site-packages/airflow/example_dags/example_kubernetes_executor.py took 0.039 seconds
[2025-04-23T04:43:57.032+0100] {processor.py:186} INFO - Started process (PID=73051) to work on /Users/francisayanbadejo/venvs_projects/my_proj/lib/python3.9/site-packages/airflow/example_dags/example_kubernetes_executor.py
[2025-04-23T04:43:57.034+0100] {processor.py:914} INFO - Processing file /Users/francisayanbadejo/venvs_projects/my_proj/lib/python3.9/site-packages/airflow/example_dags/example_kubernetes_executor.py for tasks to queue
[2025-04-23T04:43:57.034+0100] {logging_mixin.py:190} INFO - [2025-04-23T04:43:57.034+0100] {dagbag.py:588} INFO - Filling up the DagBag from /Users/francisayanbadejo/venvs_projects/my_proj/lib/python3.9/site-packages/airflow/example_dags/example_kubernetes_executor.py
[2025-04-23T04:43:57.043+0100] {logging_mixin.py:190} INFO - [2025-04-23T04:43:57.043+0100] {example_kubernetes_executor.py:39} WARNING - The example_kubernetes_executor example DAG requires the kubernetes provider. Please install it with: pip install apache-airflow[cncf.kubernetes]
[2025-04-23T04:43:57.044+0100] {processor.py:927} WARNING - No viable dags retrieved from /Users/francisayanbadejo/venvs_projects/my_proj/lib/python3.9/site-packages/airflow/example_dags/example_kubernetes_executor.py
[2025-04-23T04:43:57.070+0100] {processor.py:208} INFO - Processing /Users/francisayanbadejo/venvs_projects/my_proj/lib/python3.9/site-packages/airflow/example_dags/example_kubernetes_executor.py took 0.039 seconds
[2025-04-23T04:45:41.994+0100] {processor.py:186} INFO - Started process (PID=73228) to work on /Users/francisayanbadejo/venvs_projects/my_proj/lib/python3.9/site-packages/airflow/example_dags/example_kubernetes_executor.py
[2025-04-23T04:45:41.996+0100] {processor.py:914} INFO - Processing file /Users/francisayanbadejo/venvs_projects/my_proj/lib/python3.9/site-packages/airflow/example_dags/example_kubernetes_executor.py for tasks to queue
[2025-04-23T04:45:41.997+0100] {logging_mixin.py:190} INFO - [2025-04-23T04:45:41.996+0100] {dagbag.py:588} INFO - Filling up the DagBag from /Users/francisayanbadejo/venvs_projects/my_proj/lib/python3.9/site-packages/airflow/example_dags/example_kubernetes_executor.py
[2025-04-23T04:45:42.006+0100] {logging_mixin.py:190} INFO - [2025-04-23T04:45:42.006+0100] {example_kubernetes_executor.py:39} WARNING - The example_kubernetes_executor example DAG requires the kubernetes provider. Please install it with: pip install apache-airflow[cncf.kubernetes]
[2025-04-23T04:45:42.006+0100] {processor.py:927} WARNING - No viable dags retrieved from /Users/francisayanbadejo/venvs_projects/my_proj/lib/python3.9/site-packages/airflow/example_dags/example_kubernetes_executor.py
[2025-04-23T04:45:42.034+0100] {processor.py:208} INFO - Processing /Users/francisayanbadejo/venvs_projects/my_proj/lib/python3.9/site-packages/airflow/example_dags/example_kubernetes_executor.py took 0.041 seconds
[2025-04-23T04:47:28.930+0100] {processor.py:186} INFO - Started process (PID=73383) to work on /Users/francisayanbadejo/venvs_projects/my_proj/lib/python3.9/site-packages/airflow/example_dags/example_kubernetes_executor.py
[2025-04-23T04:47:28.931+0100] {processor.py:914} INFO - Processing file /Users/francisayanbadejo/venvs_projects/my_proj/lib/python3.9/site-packages/airflow/example_dags/example_kubernetes_executor.py for tasks to queue
[2025-04-23T04:47:28.932+0100] {logging_mixin.py:190} INFO - [2025-04-23T04:47:28.932+0100] {dagbag.py:588} INFO - Filling up the DagBag from /Users/francisayanbadejo/venvs_projects/my_proj/lib/python3.9/site-packages/airflow/example_dags/example_kubernetes_executor.py
[2025-04-23T04:47:28.940+0100] {logging_mixin.py:190} INFO - [2025-04-23T04:47:28.940+0100] {example_kubernetes_executor.py:39} WARNING - The example_kubernetes_executor example DAG requires the kubernetes provider. Please install it with: pip install apache-airflow[cncf.kubernetes]
[2025-04-23T04:47:28.941+0100] {processor.py:927} WARNING - No viable dags retrieved from /Users/francisayanbadejo/venvs_projects/my_proj/lib/python3.9/site-packages/airflow/example_dags/example_kubernetes_executor.py
[2025-04-23T04:47:28.969+0100] {processor.py:208} INFO - Processing /Users/francisayanbadejo/venvs_projects/my_proj/lib/python3.9/site-packages/airflow/example_dags/example_kubernetes_executor.py took 0.040 seconds
[2025-04-23T04:49:21.475+0100] {processor.py:186} INFO - Started process (PID=73541) to work on /Users/francisayanbadejo/venvs_projects/my_proj/lib/python3.9/site-packages/airflow/example_dags/example_kubernetes_executor.py
[2025-04-23T04:49:21.476+0100] {processor.py:914} INFO - Processing file /Users/francisayanbadejo/venvs_projects/my_proj/lib/python3.9/site-packages/airflow/example_dags/example_kubernetes_executor.py for tasks to queue
[2025-04-23T04:49:21.477+0100] {logging_mixin.py:190} INFO - [2025-04-23T04:49:21.477+0100] {dagbag.py:588} INFO - Filling up the DagBag from /Users/francisayanbadejo/venvs_projects/my_proj/lib/python3.9/site-packages/airflow/example_dags/example_kubernetes_executor.py
[2025-04-23T04:49:21.485+0100] {logging_mixin.py:190} INFO - [2025-04-23T04:49:21.485+0100] {example_kubernetes_executor.py:39} WARNING - The example_kubernetes_executor example DAG requires the kubernetes provider. Please install it with: pip install apache-airflow[cncf.kubernetes]
[2025-04-23T04:49:21.485+0100] {processor.py:927} WARNING - No viable dags retrieved from /Users/francisayanbadejo/venvs_projects/my_proj/lib/python3.9/site-packages/airflow/example_dags/example_kubernetes_executor.py
[2025-04-23T04:49:21.512+0100] {processor.py:208} INFO - Processing /Users/francisayanbadejo/venvs_projects/my_proj/lib/python3.9/site-packages/airflow/example_dags/example_kubernetes_executor.py took 0.038 seconds
[2025-04-23T04:51:08.312+0100] {processor.py:186} INFO - Started process (PID=73706) to work on /Users/francisayanbadejo/venvs_projects/my_proj/lib/python3.9/site-packages/airflow/example_dags/example_kubernetes_executor.py
[2025-04-23T04:51:08.313+0100] {processor.py:914} INFO - Processing file /Users/francisayanbadejo/venvs_projects/my_proj/lib/python3.9/site-packages/airflow/example_dags/example_kubernetes_executor.py for tasks to queue
[2025-04-23T04:51:08.314+0100] {logging_mixin.py:190} INFO - [2025-04-23T04:51:08.314+0100] {dagbag.py:588} INFO - Filling up the DagBag from /Users/francisayanbadejo/venvs_projects/my_proj/lib/python3.9/site-packages/airflow/example_dags/example_kubernetes_executor.py
[2025-04-23T04:51:08.323+0100] {logging_mixin.py:190} INFO - [2025-04-23T04:51:08.323+0100] {example_kubernetes_executor.py:39} WARNING - The example_kubernetes_executor example DAG requires the kubernetes provider. Please install it with: pip install apache-airflow[cncf.kubernetes]
[2025-04-23T04:51:08.323+0100] {processor.py:927} WARNING - No viable dags retrieved from /Users/francisayanbadejo/venvs_projects/my_proj/lib/python3.9/site-packages/airflow/example_dags/example_kubernetes_executor.py
[2025-04-23T04:51:08.350+0100] {processor.py:208} INFO - Processing /Users/francisayanbadejo/venvs_projects/my_proj/lib/python3.9/site-packages/airflow/example_dags/example_kubernetes_executor.py took 0.039 seconds
[2025-04-23T04:53:03.445+0100] {processor.py:186} INFO - Started process (PID=73920) to work on /Users/francisayanbadejo/venvs_projects/my_proj/lib/python3.9/site-packages/airflow/example_dags/example_kubernetes_executor.py
[2025-04-23T04:53:03.446+0100] {processor.py:914} INFO - Processing file /Users/francisayanbadejo/venvs_projects/my_proj/lib/python3.9/site-packages/airflow/example_dags/example_kubernetes_executor.py for tasks to queue
[2025-04-23T04:53:03.447+0100] {logging_mixin.py:190} INFO - [2025-04-23T04:53:03.447+0100] {dagbag.py:588} INFO - Filling up the DagBag from /Users/francisayanbadejo/venvs_projects/my_proj/lib/python3.9/site-packages/airflow/example_dags/example_kubernetes_executor.py
[2025-04-23T04:53:03.456+0100] {logging_mixin.py:190} INFO - [2025-04-23T04:53:03.455+0100] {example_kubernetes_executor.py:39} WARNING - The example_kubernetes_executor example DAG requires the kubernetes provider. Please install it with: pip install apache-airflow[cncf.kubernetes]
[2025-04-23T04:53:03.456+0100] {processor.py:927} WARNING - No viable dags retrieved from /Users/francisayanbadejo/venvs_projects/my_proj/lib/python3.9/site-packages/airflow/example_dags/example_kubernetes_executor.py
[2025-04-23T04:53:03.484+0100] {processor.py:208} INFO - Processing /Users/francisayanbadejo/venvs_projects/my_proj/lib/python3.9/site-packages/airflow/example_dags/example_kubernetes_executor.py took 0.040 seconds
[2025-04-23T04:55:01.231+0100] {processor.py:186} INFO - Started process (PID=74208) to work on /Users/francisayanbadejo/venvs_projects/my_proj/lib/python3.9/site-packages/airflow/example_dags/example_kubernetes_executor.py
[2025-04-23T04:55:01.232+0100] {processor.py:914} INFO - Processing file /Users/francisayanbadejo/venvs_projects/my_proj/lib/python3.9/site-packages/airflow/example_dags/example_kubernetes_executor.py for tasks to queue
[2025-04-23T04:55:01.233+0100] {logging_mixin.py:190} INFO - [2025-04-23T04:55:01.233+0100] {dagbag.py:588} INFO - Filling up the DagBag from /Users/francisayanbadejo/venvs_projects/my_proj/lib/python3.9/site-packages/airflow/example_dags/example_kubernetes_executor.py
[2025-04-23T04:55:01.242+0100] {logging_mixin.py:190} INFO - [2025-04-23T04:55:01.242+0100] {example_kubernetes_executor.py:39} WARNING - The example_kubernetes_executor example DAG requires the kubernetes provider. Please install it with: pip install apache-airflow[cncf.kubernetes]
[2025-04-23T04:55:01.242+0100] {processor.py:927} WARNING - No viable dags retrieved from /Users/francisayanbadejo/venvs_projects/my_proj/lib/python3.9/site-packages/airflow/example_dags/example_kubernetes_executor.py
[2025-04-23T04:55:01.270+0100] {processor.py:208} INFO - Processing /Users/francisayanbadejo/venvs_projects/my_proj/lib/python3.9/site-packages/airflow/example_dags/example_kubernetes_executor.py took 0.040 seconds
[2025-04-23T04:56:55.322+0100] {processor.py:186} INFO - Started process (PID=74525) to work on /Users/francisayanbadejo/venvs_projects/my_proj/lib/python3.9/site-packages/airflow/example_dags/example_kubernetes_executor.py
[2025-04-23T04:56:55.322+0100] {processor.py:914} INFO - Processing file /Users/francisayanbadejo/venvs_projects/my_proj/lib/python3.9/site-packages/airflow/example_dags/example_kubernetes_executor.py for tasks to queue
[2025-04-23T04:56:55.323+0100] {logging_mixin.py:190} INFO - [2025-04-23T04:56:55.323+0100] {dagbag.py:588} INFO - Filling up the DagBag from /Users/francisayanbadejo/venvs_projects/my_proj/lib/python3.9/site-packages/airflow/example_dags/example_kubernetes_executor.py
[2025-04-23T04:56:55.332+0100] {logging_mixin.py:190} INFO - [2025-04-23T04:56:55.332+0100] {example_kubernetes_executor.py:39} WARNING - The example_kubernetes_executor example DAG requires the kubernetes provider. Please install it with: pip install apache-airflow[cncf.kubernetes]
[2025-04-23T04:56:55.332+0100] {processor.py:927} WARNING - No viable dags retrieved from /Users/francisayanbadejo/venvs_projects/my_proj/lib/python3.9/site-packages/airflow/example_dags/example_kubernetes_executor.py
[2025-04-23T04:56:55.360+0100] {processor.py:208} INFO - Processing /Users/francisayanbadejo/venvs_projects/my_proj/lib/python3.9/site-packages/airflow/example_dags/example_kubernetes_executor.py took 0.039 seconds
[2025-04-23T04:58:44.532+0100] {processor.py:186} INFO - Started process (PID=74768) to work on /Users/francisayanbadejo/venvs_projects/my_proj/lib/python3.9/site-packages/airflow/example_dags/example_kubernetes_executor.py
[2025-04-23T04:58:44.533+0100] {processor.py:914} INFO - Processing file /Users/francisayanbadejo/venvs_projects/my_proj/lib/python3.9/site-packages/airflow/example_dags/example_kubernetes_executor.py for tasks to queue
[2025-04-23T04:58:44.534+0100] {logging_mixin.py:190} INFO - [2025-04-23T04:58:44.533+0100] {dagbag.py:588} INFO - Filling up the DagBag from /Users/francisayanbadejo/venvs_projects/my_proj/lib/python3.9/site-packages/airflow/example_dags/example_kubernetes_executor.py
[2025-04-23T04:58:44.543+0100] {logging_mixin.py:190} INFO - [2025-04-23T04:58:44.543+0100] {example_kubernetes_executor.py:39} WARNING - The example_kubernetes_executor example DAG requires the kubernetes provider. Please install it with: pip install apache-airflow[cncf.kubernetes]
[2025-04-23T04:58:44.544+0100] {processor.py:927} WARNING - No viable dags retrieved from /Users/francisayanbadejo/venvs_projects/my_proj/lib/python3.9/site-packages/airflow/example_dags/example_kubernetes_executor.py
[2025-04-23T04:58:44.573+0100] {processor.py:208} INFO - Processing /Users/francisayanbadejo/venvs_projects/my_proj/lib/python3.9/site-packages/airflow/example_dags/example_kubernetes_executor.py took 0.043 seconds
[2025-04-23T05:00:33.003+0100] {processor.py:186} INFO - Started process (PID=75008) to work on /Users/francisayanbadejo/venvs_projects/my_proj/lib/python3.9/site-packages/airflow/example_dags/example_kubernetes_executor.py
[2025-04-23T05:00:33.005+0100] {processor.py:914} INFO - Processing file /Users/francisayanbadejo/venvs_projects/my_proj/lib/python3.9/site-packages/airflow/example_dags/example_kubernetes_executor.py for tasks to queue
[2025-04-23T05:00:33.005+0100] {logging_mixin.py:190} INFO - [2025-04-23T05:00:33.005+0100] {dagbag.py:588} INFO - Filling up the DagBag from /Users/francisayanbadejo/venvs_projects/my_proj/lib/python3.9/site-packages/airflow/example_dags/example_kubernetes_executor.py
[2025-04-23T05:00:33.015+0100] {logging_mixin.py:190} INFO - [2025-04-23T05:00:33.015+0100] {example_kubernetes_executor.py:39} WARNING - The example_kubernetes_executor example DAG requires the kubernetes provider. Please install it with: pip install apache-airflow[cncf.kubernetes]
[2025-04-23T05:00:33.015+0100] {processor.py:927} WARNING - No viable dags retrieved from /Users/francisayanbadejo/venvs_projects/my_proj/lib/python3.9/site-packages/airflow/example_dags/example_kubernetes_executor.py
[2025-04-23T05:00:33.044+0100] {processor.py:208} INFO - Processing /Users/francisayanbadejo/venvs_projects/my_proj/lib/python3.9/site-packages/airflow/example_dags/example_kubernetes_executor.py took 0.041 seconds
[2025-04-23T05:02:22.239+0100] {processor.py:186} INFO - Started process (PID=75248) to work on /Users/francisayanbadejo/venvs_projects/my_proj/lib/python3.9/site-packages/airflow/example_dags/example_kubernetes_executor.py
[2025-04-23T05:02:22.240+0100] {processor.py:914} INFO - Processing file /Users/francisayanbadejo/venvs_projects/my_proj/lib/python3.9/site-packages/airflow/example_dags/example_kubernetes_executor.py for tasks to queue
[2025-04-23T05:02:22.241+0100] {logging_mixin.py:190} INFO - [2025-04-23T05:02:22.241+0100] {dagbag.py:588} INFO - Filling up the DagBag from /Users/francisayanbadejo/venvs_projects/my_proj/lib/python3.9/site-packages/airflow/example_dags/example_kubernetes_executor.py
[2025-04-23T05:02:22.250+0100] {logging_mixin.py:190} INFO - [2025-04-23T05:02:22.250+0100] {example_kubernetes_executor.py:39} WARNING - The example_kubernetes_executor example DAG requires the kubernetes provider. Please install it with: pip install apache-airflow[cncf.kubernetes]
[2025-04-23T05:02:22.250+0100] {processor.py:927} WARNING - No viable dags retrieved from /Users/francisayanbadejo/venvs_projects/my_proj/lib/python3.9/site-packages/airflow/example_dags/example_kubernetes_executor.py
[2025-04-23T05:02:22.278+0100] {processor.py:208} INFO - Processing /Users/francisayanbadejo/venvs_projects/my_proj/lib/python3.9/site-packages/airflow/example_dags/example_kubernetes_executor.py took 0.040 seconds
[2025-04-23T05:04:16.185+0100] {processor.py:186} INFO - Started process (PID=75499) to work on /Users/francisayanbadejo/venvs_projects/my_proj/lib/python3.9/site-packages/airflow/example_dags/example_kubernetes_executor.py
[2025-04-23T05:04:16.187+0100] {processor.py:914} INFO - Processing file /Users/francisayanbadejo/venvs_projects/my_proj/lib/python3.9/site-packages/airflow/example_dags/example_kubernetes_executor.py for tasks to queue
[2025-04-23T05:04:16.188+0100] {logging_mixin.py:190} INFO - [2025-04-23T05:04:16.188+0100] {dagbag.py:588} INFO - Filling up the DagBag from /Users/francisayanbadejo/venvs_projects/my_proj/lib/python3.9/site-packages/airflow/example_dags/example_kubernetes_executor.py
[2025-04-23T05:04:16.197+0100] {logging_mixin.py:190} INFO - [2025-04-23T05:04:16.196+0100] {example_kubernetes_executor.py:39} WARNING - The example_kubernetes_executor example DAG requires the kubernetes provider. Please install it with: pip install apache-airflow[cncf.kubernetes]
[2025-04-23T05:04:16.197+0100] {processor.py:927} WARNING - No viable dags retrieved from /Users/francisayanbadejo/venvs_projects/my_proj/lib/python3.9/site-packages/airflow/example_dags/example_kubernetes_executor.py
[2025-04-23T05:04:16.225+0100] {processor.py:208} INFO - Processing /Users/francisayanbadejo/venvs_projects/my_proj/lib/python3.9/site-packages/airflow/example_dags/example_kubernetes_executor.py took 0.041 seconds
[2025-04-23T05:06:05.059+0100] {processor.py:186} INFO - Started process (PID=75751) to work on /Users/francisayanbadejo/venvs_projects/my_proj/lib/python3.9/site-packages/airflow/example_dags/example_kubernetes_executor.py
[2025-04-23T05:06:05.060+0100] {processor.py:914} INFO - Processing file /Users/francisayanbadejo/venvs_projects/my_proj/lib/python3.9/site-packages/airflow/example_dags/example_kubernetes_executor.py for tasks to queue
[2025-04-23T05:06:05.060+0100] {logging_mixin.py:190} INFO - [2025-04-23T05:06:05.060+0100] {dagbag.py:588} INFO - Filling up the DagBag from /Users/francisayanbadejo/venvs_projects/my_proj/lib/python3.9/site-packages/airflow/example_dags/example_kubernetes_executor.py
[2025-04-23T05:06:05.069+0100] {logging_mixin.py:190} INFO - [2025-04-23T05:06:05.069+0100] {example_kubernetes_executor.py:39} WARNING - The example_kubernetes_executor example DAG requires the kubernetes provider. Please install it with: pip install apache-airflow[cncf.kubernetes]
[2025-04-23T05:06:05.069+0100] {processor.py:927} WARNING - No viable dags retrieved from /Users/francisayanbadejo/venvs_projects/my_proj/lib/python3.9/site-packages/airflow/example_dags/example_kubernetes_executor.py
[2025-04-23T05:06:05.096+0100] {processor.py:208} INFO - Processing /Users/francisayanbadejo/venvs_projects/my_proj/lib/python3.9/site-packages/airflow/example_dags/example_kubernetes_executor.py took 0.039 seconds
[2025-04-23T05:07:57.528+0100] {processor.py:186} INFO - Started process (PID=75963) to work on /Users/francisayanbadejo/venvs_projects/my_proj/lib/python3.9/site-packages/airflow/example_dags/example_kubernetes_executor.py
[2025-04-23T05:07:57.529+0100] {processor.py:914} INFO - Processing file /Users/francisayanbadejo/venvs_projects/my_proj/lib/python3.9/site-packages/airflow/example_dags/example_kubernetes_executor.py for tasks to queue
[2025-04-23T05:07:57.530+0100] {logging_mixin.py:190} INFO - [2025-04-23T05:07:57.530+0100] {dagbag.py:588} INFO - Filling up the DagBag from /Users/francisayanbadejo/venvs_projects/my_proj/lib/python3.9/site-packages/airflow/example_dags/example_kubernetes_executor.py
[2025-04-23T05:07:57.541+0100] {logging_mixin.py:190} INFO - [2025-04-23T05:07:57.541+0100] {example_kubernetes_executor.py:39} WARNING - The example_kubernetes_executor example DAG requires the kubernetes provider. Please install it with: pip install apache-airflow[cncf.kubernetes]
[2025-04-23T05:07:57.541+0100] {processor.py:927} WARNING - No viable dags retrieved from /Users/francisayanbadejo/venvs_projects/my_proj/lib/python3.9/site-packages/airflow/example_dags/example_kubernetes_executor.py
[2025-04-23T05:07:57.570+0100] {processor.py:208} INFO - Processing /Users/francisayanbadejo/venvs_projects/my_proj/lib/python3.9/site-packages/airflow/example_dags/example_kubernetes_executor.py took 0.043 seconds
[2025-04-23T05:19:13.315+0100] {processor.py:186} INFO - Started process (PID=77388) to work on /Users/francisayanbadejo/venvs_projects/my_proj/lib/python3.9/site-packages/airflow/example_dags/example_kubernetes_executor.py
[2025-04-23T05:19:13.317+0100] {processor.py:914} INFO - Processing file /Users/francisayanbadejo/venvs_projects/my_proj/lib/python3.9/site-packages/airflow/example_dags/example_kubernetes_executor.py for tasks to queue
[2025-04-23T05:19:13.317+0100] {logging_mixin.py:190} INFO - [2025-04-23T05:19:13.317+0100] {dagbag.py:588} INFO - Filling up the DagBag from /Users/francisayanbadejo/venvs_projects/my_proj/lib/python3.9/site-packages/airflow/example_dags/example_kubernetes_executor.py
[2025-04-23T05:19:13.326+0100] {logging_mixin.py:190} INFO - [2025-04-23T05:19:13.326+0100] {example_kubernetes_executor.py:39} WARNING - The example_kubernetes_executor example DAG requires the kubernetes provider. Please install it with: pip install apache-airflow[cncf.kubernetes]
[2025-04-23T05:19:13.326+0100] {processor.py:927} WARNING - No viable dags retrieved from /Users/francisayanbadejo/venvs_projects/my_proj/lib/python3.9/site-packages/airflow/example_dags/example_kubernetes_executor.py
[2025-04-23T05:19:13.354+0100] {processor.py:208} INFO - Processing /Users/francisayanbadejo/venvs_projects/my_proj/lib/python3.9/site-packages/airflow/example_dags/example_kubernetes_executor.py took 0.040 seconds
[2025-04-23T05:21:10.779+0100] {processor.py:186} INFO - Started process (PID=77569) to work on /Users/francisayanbadejo/venvs_projects/my_proj/lib/python3.9/site-packages/airflow/example_dags/example_kubernetes_executor.py
[2025-04-23T05:21:10.780+0100] {processor.py:914} INFO - Processing file /Users/francisayanbadejo/venvs_projects/my_proj/lib/python3.9/site-packages/airflow/example_dags/example_kubernetes_executor.py for tasks to queue
[2025-04-23T05:21:10.781+0100] {logging_mixin.py:190} INFO - [2025-04-23T05:21:10.780+0100] {dagbag.py:588} INFO - Filling up the DagBag from /Users/francisayanbadejo/venvs_projects/my_proj/lib/python3.9/site-packages/airflow/example_dags/example_kubernetes_executor.py
[2025-04-23T05:21:10.790+0100] {logging_mixin.py:190} INFO - [2025-04-23T05:21:10.790+0100] {example_kubernetes_executor.py:39} WARNING - The example_kubernetes_executor example DAG requires the kubernetes provider. Please install it with: pip install apache-airflow[cncf.kubernetes]
[2025-04-23T05:21:10.790+0100] {processor.py:927} WARNING - No viable dags retrieved from /Users/francisayanbadejo/venvs_projects/my_proj/lib/python3.9/site-packages/airflow/example_dags/example_kubernetes_executor.py
[2025-04-23T05:21:10.818+0100] {processor.py:208} INFO - Processing /Users/francisayanbadejo/venvs_projects/my_proj/lib/python3.9/site-packages/airflow/example_dags/example_kubernetes_executor.py took 0.041 seconds
