[2025-04-23T02:28:32.533+0100] {processor.py:186} INFO - Started process (PID=57650) to work on /Users/francisayanbadejo/venvs_projects/my_proj/lib/python3.9/site-packages/airflow/example_dags/example_subdag_operator.py
[2025-04-23T02:28:32.534+0100] {processor.py:914} INFO - Processing file /Users/francisayanbadejo/venvs_projects/my_proj/lib/python3.9/site-packages/airflow/example_dags/example_subdag_operator.py for tasks to queue
[2025-04-23T02:28:32.538+0100] {logging_mixin.py:190} INFO - [2025-04-23T02:28:32.538+0100] {dagbag.py:588} INFO - Filling up the DagBag from /Users/francisayanbadejo/venvs_projects/my_proj/lib/python3.9/site-packages/airflow/example_dags/example_subdag_operator.py
[2025-04-23T02:28:32.571+0100] {processor.py:925} INFO - DAG(s) 'example_subdag_operator.section-1', 'example_subdag_operator.section-2', 'example_subdag_operator' retrieved from /Users/francisayanbadejo/venvs_projects/my_proj/lib/python3.9/site-packages/airflow/example_dags/example_subdag_operator.py
[2025-04-23T02:28:32.731+0100] {logging_mixin.py:190} INFO - [2025-04-23T02:28:32.731+0100] {override.py:1930} INFO - Created Permission View: can edit on DAG:example_subdag_operator
[2025-04-23T02:28:32.733+0100] {logging_mixin.py:190} INFO - [2025-04-23T02:28:32.733+0100] {override.py:1930} INFO - Created Permission View: can read on DAG:example_subdag_operator
[2025-04-23T02:28:32.735+0100] {logging_mixin.py:190} INFO - [2025-04-23T02:28:32.735+0100] {override.py:1930} INFO - Created Permission View: can delete on DAG:example_subdag_operator
[2025-04-23T02:28:32.737+0100] {logging_mixin.py:190} INFO - [2025-04-23T02:28:32.737+0100] {override.py:1930} INFO - Created Permission View: can read on DAG Run:example_subdag_operator
[2025-04-23T02:28:32.738+0100] {logging_mixin.py:190} INFO - [2025-04-23T02:28:32.738+0100] {override.py:1930} INFO - Created Permission View: can delete on DAG Run:example_subdag_operator
[2025-04-23T02:28:32.740+0100] {logging_mixin.py:190} INFO - [2025-04-23T02:28:32.740+0100] {override.py:1930} INFO - Created Permission View: can create on DAG Run:example_subdag_operator
[2025-04-23T02:28:32.741+0100] {logging_mixin.py:190} INFO - [2025-04-23T02:28:32.741+0100] {override.py:1930} INFO - Created Permission View: menu access on DAG Run:example_subdag_operator
[2025-04-23T02:28:32.741+0100] {logging_mixin.py:190} INFO - [2025-04-23T02:28:32.741+0100] {dag.py:3239} INFO - Sync 3 DAGs
[2025-04-23T02:28:32.745+0100] {logging_mixin.py:190} INFO - [2025-04-23T02:28:32.745+0100] {dag.py:3262} INFO - Creating ORM DAG for example_subdag_operator.section-2
[2025-04-23T02:28:32.745+0100] {logging_mixin.py:190} INFO - [2025-04-23T02:28:32.745+0100] {dag.py:3262} INFO - Creating ORM DAG for example_subdag_operator.section-1
[2025-04-23T02:28:32.745+0100] {logging_mixin.py:190} INFO - [2025-04-23T02:28:32.745+0100] {dag.py:3262} INFO - Creating ORM DAG for example_subdag_operator
[2025-04-23T02:28:32.747+0100] {logging_mixin.py:190} INFO - [2025-04-23T02:28:32.747+0100] {dag.py:4180} INFO - Setting next_dagrun for example_subdag_operator to 2022-01-01 00:00:00+00:00, run_after=2022-01-01 00:00:00+00:00
[2025-04-23T02:28:32.747+0100] {logging_mixin.py:190} INFO - [2025-04-23T02:28:32.747+0100] {dag.py:4180} INFO - Setting next_dagrun for example_subdag_operator.section-1 to None, run_after=None
[2025-04-23T02:28:32.748+0100] {logging_mixin.py:190} INFO - [2025-04-23T02:28:32.747+0100] {dag.py:4180} INFO - Setting next_dagrun for example_subdag_operator.section-2 to None, run_after=None
[2025-04-23T02:28:32.749+0100] {logging_mixin.py:190} INFO - [2025-04-23T02:28:32.749+0100] {dag.py:3239} INFO - Sync 2 DAGs
[2025-04-23T02:28:32.751+0100] {logging_mixin.py:190} INFO - [2025-04-23T02:28:32.750+0100] {dag.py:4180} INFO - Setting next_dagrun for example_subdag_operator.section-1 to None, run_after=None
[2025-04-23T02:28:32.751+0100] {logging_mixin.py:190} INFO - [2025-04-23T02:28:32.751+0100] {dag.py:4180} INFO - Setting next_dagrun for example_subdag_operator.section-2 to None, run_after=None
[2025-04-23T02:28:32.755+0100] {processor.py:208} INFO - Processing /Users/francisayanbadejo/venvs_projects/my_proj/lib/python3.9/site-packages/airflow/example_dags/example_subdag_operator.py took 0.223 seconds
[2025-04-23T02:29:59.253+0100] {processor.py:186} INFO - Started process (PID=57839) to work on /Users/francisayanbadejo/venvs_projects/my_proj/lib/python3.9/site-packages/airflow/example_dags/example_subdag_operator.py
[2025-04-23T02:29:59.255+0100] {processor.py:914} INFO - Processing file /Users/francisayanbadejo/venvs_projects/my_proj/lib/python3.9/site-packages/airflow/example_dags/example_subdag_operator.py for tasks to queue
[2025-04-23T02:29:59.255+0100] {logging_mixin.py:190} INFO - [2025-04-23T02:29:59.255+0100] {dagbag.py:588} INFO - Filling up the DagBag from /Users/francisayanbadejo/venvs_projects/my_proj/lib/python3.9/site-packages/airflow/example_dags/example_subdag_operator.py
[2025-04-23T02:29:59.288+0100] {processor.py:925} INFO - DAG(s) 'example_subdag_operator.section-1', 'example_subdag_operator.section-2', 'example_subdag_operator' retrieved from /Users/francisayanbadejo/venvs_projects/my_proj/lib/python3.9/site-packages/airflow/example_dags/example_subdag_operator.py
[2025-04-23T02:29:59.420+0100] {logging_mixin.py:190} INFO - [2025-04-23T02:29:59.420+0100] {dag.py:3239} INFO - Sync 3 DAGs
[2025-04-23T02:29:59.426+0100] {logging_mixin.py:190} INFO - [2025-04-23T02:29:59.426+0100] {dag.py:4180} INFO - Setting next_dagrun for example_subdag_operator to 2022-01-01 00:00:00+00:00, run_after=2022-01-01 00:00:00+00:00
[2025-04-23T02:29:59.426+0100] {logging_mixin.py:190} INFO - [2025-04-23T02:29:59.426+0100] {dag.py:4180} INFO - Setting next_dagrun for example_subdag_operator.section-1 to None, run_after=None
[2025-04-23T02:29:59.427+0100] {logging_mixin.py:190} INFO - [2025-04-23T02:29:59.427+0100] {dag.py:4180} INFO - Setting next_dagrun for example_subdag_operator.section-2 to None, run_after=None
[2025-04-23T02:29:59.428+0100] {logging_mixin.py:190} INFO - [2025-04-23T02:29:59.428+0100] {dag.py:3239} INFO - Sync 2 DAGs
[2025-04-23T02:29:59.429+0100] {logging_mixin.py:190} INFO - [2025-04-23T02:29:59.429+0100] {dag.py:4180} INFO - Setting next_dagrun for example_subdag_operator.section-1 to None, run_after=None
[2025-04-23T02:29:59.430+0100] {logging_mixin.py:190} INFO - [2025-04-23T02:29:59.429+0100] {dag.py:4180} INFO - Setting next_dagrun for example_subdag_operator.section-2 to None, run_after=None
[2025-04-23T02:29:59.433+0100] {processor.py:208} INFO - Processing /Users/francisayanbadejo/venvs_projects/my_proj/lib/python3.9/site-packages/airflow/example_dags/example_subdag_operator.py took 0.180 seconds
[2025-04-23T02:31:46.590+0100] {processor.py:186} INFO - Started process (PID=58035) to work on /Users/francisayanbadejo/venvs_projects/my_proj/lib/python3.9/site-packages/airflow/example_dags/example_subdag_operator.py
[2025-04-23T02:31:46.591+0100] {processor.py:914} INFO - Processing file /Users/francisayanbadejo/venvs_projects/my_proj/lib/python3.9/site-packages/airflow/example_dags/example_subdag_operator.py for tasks to queue
[2025-04-23T02:31:46.592+0100] {logging_mixin.py:190} INFO - [2025-04-23T02:31:46.592+0100] {dagbag.py:588} INFO - Filling up the DagBag from /Users/francisayanbadejo/venvs_projects/my_proj/lib/python3.9/site-packages/airflow/example_dags/example_subdag_operator.py
[2025-04-23T02:31:46.624+0100] {processor.py:925} INFO - DAG(s) 'example_subdag_operator.section-1', 'example_subdag_operator.section-2', 'example_subdag_operator' retrieved from /Users/francisayanbadejo/venvs_projects/my_proj/lib/python3.9/site-packages/airflow/example_dags/example_subdag_operator.py
[2025-04-23T02:31:46.748+0100] {logging_mixin.py:190} INFO - [2025-04-23T02:31:46.748+0100] {dag.py:3239} INFO - Sync 3 DAGs
[2025-04-23T02:31:46.754+0100] {logging_mixin.py:190} INFO - [2025-04-23T02:31:46.754+0100] {dag.py:4180} INFO - Setting next_dagrun for example_subdag_operator to 2022-01-01 00:00:00+00:00, run_after=2022-01-01 00:00:00+00:00
[2025-04-23T02:31:46.755+0100] {logging_mixin.py:190} INFO - [2025-04-23T02:31:46.755+0100] {dag.py:4180} INFO - Setting next_dagrun for example_subdag_operator.section-1 to None, run_after=None
[2025-04-23T02:31:46.755+0100] {logging_mixin.py:190} INFO - [2025-04-23T02:31:46.755+0100] {dag.py:4180} INFO - Setting next_dagrun for example_subdag_operator.section-2 to None, run_after=None
[2025-04-23T02:31:46.757+0100] {logging_mixin.py:190} INFO - [2025-04-23T02:31:46.757+0100] {dag.py:3239} INFO - Sync 2 DAGs
[2025-04-23T02:31:46.758+0100] {logging_mixin.py:190} INFO - [2025-04-23T02:31:46.758+0100] {dag.py:4180} INFO - Setting next_dagrun for example_subdag_operator.section-1 to None, run_after=None
[2025-04-23T02:31:46.758+0100] {logging_mixin.py:190} INFO - [2025-04-23T02:31:46.758+0100] {dag.py:4180} INFO - Setting next_dagrun for example_subdag_operator.section-2 to None, run_after=None
[2025-04-23T02:31:46.762+0100] {processor.py:208} INFO - Processing /Users/francisayanbadejo/venvs_projects/my_proj/lib/python3.9/site-packages/airflow/example_dags/example_subdag_operator.py took 0.173 seconds
[2025-04-23T02:33:36.332+0100] {processor.py:186} INFO - Started process (PID=58279) to work on /Users/francisayanbadejo/venvs_projects/my_proj/lib/python3.9/site-packages/airflow/example_dags/example_subdag_operator.py
[2025-04-23T02:33:36.333+0100] {processor.py:914} INFO - Processing file /Users/francisayanbadejo/venvs_projects/my_proj/lib/python3.9/site-packages/airflow/example_dags/example_subdag_operator.py for tasks to queue
[2025-04-23T02:33:36.337+0100] {logging_mixin.py:190} INFO - [2025-04-23T02:33:36.336+0100] {dagbag.py:588} INFO - Filling up the DagBag from /Users/francisayanbadejo/venvs_projects/my_proj/lib/python3.9/site-packages/airflow/example_dags/example_subdag_operator.py
[2025-04-23T02:33:36.371+0100] {processor.py:925} INFO - DAG(s) 'example_subdag_operator.section-1', 'example_subdag_operator.section-2', 'example_subdag_operator' retrieved from /Users/francisayanbadejo/venvs_projects/my_proj/lib/python3.9/site-packages/airflow/example_dags/example_subdag_operator.py
[2025-04-23T02:33:36.496+0100] {logging_mixin.py:190} INFO - [2025-04-23T02:33:36.496+0100] {dag.py:3239} INFO - Sync 3 DAGs
[2025-04-23T02:33:36.501+0100] {logging_mixin.py:190} INFO - [2025-04-23T02:33:36.501+0100] {dag.py:4180} INFO - Setting next_dagrun for example_subdag_operator to 2022-01-01 00:00:00+00:00, run_after=2022-01-01 00:00:00+00:00
[2025-04-23T02:33:36.502+0100] {logging_mixin.py:190} INFO - [2025-04-23T02:33:36.502+0100] {dag.py:4180} INFO - Setting next_dagrun for example_subdag_operator.section-1 to None, run_after=None
[2025-04-23T02:33:36.503+0100] {logging_mixin.py:190} INFO - [2025-04-23T02:33:36.502+0100] {dag.py:4180} INFO - Setting next_dagrun for example_subdag_operator.section-2 to None, run_after=None
[2025-04-23T02:33:36.504+0100] {logging_mixin.py:190} INFO - [2025-04-23T02:33:36.504+0100] {dag.py:3239} INFO - Sync 2 DAGs
[2025-04-23T02:33:36.505+0100] {logging_mixin.py:190} INFO - [2025-04-23T02:33:36.505+0100] {dag.py:4180} INFO - Setting next_dagrun for example_subdag_operator.section-1 to None, run_after=None
[2025-04-23T02:33:36.505+0100] {logging_mixin.py:190} INFO - [2025-04-23T02:33:36.505+0100] {dag.py:4180} INFO - Setting next_dagrun for example_subdag_operator.section-2 to None, run_after=None
[2025-04-23T02:33:36.509+0100] {processor.py:208} INFO - Processing /Users/francisayanbadejo/venvs_projects/my_proj/lib/python3.9/site-packages/airflow/example_dags/example_subdag_operator.py took 0.178 seconds
[2025-04-23T02:34:23.904+0100] {processor.py:186} INFO - Started process (PID=58468) to work on /Users/francisayanbadejo/venvs_projects/my_proj/lib/python3.9/site-packages/airflow/example_dags/example_subdag_operator.py
[2025-04-23T02:34:23.905+0100] {processor.py:914} INFO - Processing file /Users/francisayanbadejo/venvs_projects/my_proj/lib/python3.9/site-packages/airflow/example_dags/example_subdag_operator.py for tasks to queue
[2025-04-23T02:34:23.906+0100] {logging_mixin.py:190} INFO - [2025-04-23T02:34:23.906+0100] {dagbag.py:588} INFO - Filling up the DagBag from /Users/francisayanbadejo/venvs_projects/my_proj/lib/python3.9/site-packages/airflow/example_dags/example_subdag_operator.py
[2025-04-23T02:34:23.939+0100] {processor.py:925} INFO - DAG(s) 'example_subdag_operator.section-1', 'example_subdag_operator.section-2', 'example_subdag_operator' retrieved from /Users/francisayanbadejo/venvs_projects/my_proj/lib/python3.9/site-packages/airflow/example_dags/example_subdag_operator.py
[2025-04-23T02:34:24.066+0100] {logging_mixin.py:190} INFO - [2025-04-23T02:34:24.066+0100] {dag.py:3239} INFO - Sync 3 DAGs
[2025-04-23T02:34:24.071+0100] {logging_mixin.py:190} INFO - [2025-04-23T02:34:24.071+0100] {dag.py:4180} INFO - Setting next_dagrun for example_subdag_operator to 2022-01-01 00:00:00+00:00, run_after=2022-01-01 00:00:00+00:00
[2025-04-23T02:34:24.072+0100] {logging_mixin.py:190} INFO - [2025-04-23T02:34:24.072+0100] {dag.py:4180} INFO - Setting next_dagrun for example_subdag_operator.section-1 to None, run_after=None
[2025-04-23T02:34:24.073+0100] {logging_mixin.py:190} INFO - [2025-04-23T02:34:24.073+0100] {dag.py:4180} INFO - Setting next_dagrun for example_subdag_operator.section-2 to None, run_after=None
[2025-04-23T02:34:24.074+0100] {logging_mixin.py:190} INFO - [2025-04-23T02:34:24.074+0100] {dag.py:3239} INFO - Sync 2 DAGs
[2025-04-23T02:34:24.075+0100] {logging_mixin.py:190} INFO - [2025-04-23T02:34:24.075+0100] {dag.py:4180} INFO - Setting next_dagrun for example_subdag_operator.section-1 to None, run_after=None
[2025-04-23T02:34:24.075+0100] {logging_mixin.py:190} INFO - [2025-04-23T02:34:24.075+0100] {dag.py:4180} INFO - Setting next_dagrun for example_subdag_operator.section-2 to None, run_after=None
[2025-04-23T02:34:24.079+0100] {processor.py:208} INFO - Processing /Users/francisayanbadejo/venvs_projects/my_proj/lib/python3.9/site-packages/airflow/example_dags/example_subdag_operator.py took 0.176 seconds
[2025-04-23T02:35:46.253+0100] {processor.py:186} INFO - Started process (PID=58588) to work on /Users/francisayanbadejo/venvs_projects/my_proj/lib/python3.9/site-packages/airflow/example_dags/example_subdag_operator.py
[2025-04-23T02:35:46.254+0100] {processor.py:914} INFO - Processing file /Users/francisayanbadejo/venvs_projects/my_proj/lib/python3.9/site-packages/airflow/example_dags/example_subdag_operator.py for tasks to queue
[2025-04-23T02:35:46.255+0100] {logging_mixin.py:190} INFO - [2025-04-23T02:35:46.255+0100] {dagbag.py:588} INFO - Filling up the DagBag from /Users/francisayanbadejo/venvs_projects/my_proj/lib/python3.9/site-packages/airflow/example_dags/example_subdag_operator.py
[2025-04-23T02:35:46.287+0100] {processor.py:925} INFO - DAG(s) 'example_subdag_operator.section-1', 'example_subdag_operator.section-2', 'example_subdag_operator' retrieved from /Users/francisayanbadejo/venvs_projects/my_proj/lib/python3.9/site-packages/airflow/example_dags/example_subdag_operator.py
[2025-04-23T02:35:46.410+0100] {logging_mixin.py:190} INFO - [2025-04-23T02:35:46.410+0100] {dag.py:3239} INFO - Sync 3 DAGs
[2025-04-23T02:35:46.415+0100] {logging_mixin.py:190} INFO - [2025-04-23T02:35:46.415+0100] {dag.py:4180} INFO - Setting next_dagrun for example_subdag_operator to 2022-01-01 00:00:00+00:00, run_after=2022-01-01 00:00:00+00:00
[2025-04-23T02:35:46.416+0100] {logging_mixin.py:190} INFO - [2025-04-23T02:35:46.416+0100] {dag.py:4180} INFO - Setting next_dagrun for example_subdag_operator.section-1 to None, run_after=None
[2025-04-23T02:35:46.416+0100] {logging_mixin.py:190} INFO - [2025-04-23T02:35:46.416+0100] {dag.py:4180} INFO - Setting next_dagrun for example_subdag_operator.section-2 to None, run_after=None
[2025-04-23T02:35:46.418+0100] {logging_mixin.py:190} INFO - [2025-04-23T02:35:46.418+0100] {dag.py:3239} INFO - Sync 2 DAGs
[2025-04-23T02:35:46.419+0100] {logging_mixin.py:190} INFO - [2025-04-23T02:35:46.419+0100] {dag.py:4180} INFO - Setting next_dagrun for example_subdag_operator.section-1 to None, run_after=None
[2025-04-23T02:35:46.419+0100] {logging_mixin.py:190} INFO - [2025-04-23T02:35:46.419+0100] {dag.py:4180} INFO - Setting next_dagrun for example_subdag_operator.section-2 to None, run_after=None
[2025-04-23T02:35:46.423+0100] {processor.py:208} INFO - Processing /Users/francisayanbadejo/venvs_projects/my_proj/lib/python3.9/site-packages/airflow/example_dags/example_subdag_operator.py took 0.171 seconds
[2025-04-23T02:37:34.712+0100] {processor.py:186} INFO - Started process (PID=58771) to work on /Users/francisayanbadejo/venvs_projects/my_proj/lib/python3.9/site-packages/airflow/example_dags/example_subdag_operator.py
[2025-04-23T02:37:34.713+0100] {processor.py:914} INFO - Processing file /Users/francisayanbadejo/venvs_projects/my_proj/lib/python3.9/site-packages/airflow/example_dags/example_subdag_operator.py for tasks to queue
[2025-04-23T02:37:34.714+0100] {logging_mixin.py:190} INFO - [2025-04-23T02:37:34.714+0100] {dagbag.py:588} INFO - Filling up the DagBag from /Users/francisayanbadejo/venvs_projects/my_proj/lib/python3.9/site-packages/airflow/example_dags/example_subdag_operator.py
[2025-04-23T02:37:34.747+0100] {processor.py:925} INFO - DAG(s) 'example_subdag_operator.section-1', 'example_subdag_operator.section-2', 'example_subdag_operator' retrieved from /Users/francisayanbadejo/venvs_projects/my_proj/lib/python3.9/site-packages/airflow/example_dags/example_subdag_operator.py
[2025-04-23T02:37:34.882+0100] {logging_mixin.py:190} INFO - [2025-04-23T02:37:34.882+0100] {dag.py:3239} INFO - Sync 3 DAGs
[2025-04-23T02:37:34.887+0100] {logging_mixin.py:190} INFO - [2025-04-23T02:37:34.887+0100] {dag.py:4180} INFO - Setting next_dagrun for example_subdag_operator to 2022-01-01 00:00:00+00:00, run_after=2022-01-01 00:00:00+00:00
[2025-04-23T02:37:34.888+0100] {logging_mixin.py:190} INFO - [2025-04-23T02:37:34.888+0100] {dag.py:4180} INFO - Setting next_dagrun for example_subdag_operator.section-1 to None, run_after=None
[2025-04-23T02:37:34.888+0100] {logging_mixin.py:190} INFO - [2025-04-23T02:37:34.888+0100] {dag.py:4180} INFO - Setting next_dagrun for example_subdag_operator.section-2 to None, run_after=None
[2025-04-23T02:37:34.890+0100] {logging_mixin.py:190} INFO - [2025-04-23T02:37:34.890+0100] {dag.py:3239} INFO - Sync 2 DAGs
[2025-04-23T02:37:34.891+0100] {logging_mixin.py:190} INFO - [2025-04-23T02:37:34.891+0100] {dag.py:4180} INFO - Setting next_dagrun for example_subdag_operator.section-1 to None, run_after=None
[2025-04-23T02:37:34.891+0100] {logging_mixin.py:190} INFO - [2025-04-23T02:37:34.891+0100] {dag.py:4180} INFO - Setting next_dagrun for example_subdag_operator.section-2 to None, run_after=None
[2025-04-23T02:37:34.894+0100] {processor.py:208} INFO - Processing /Users/francisayanbadejo/venvs_projects/my_proj/lib/python3.9/site-packages/airflow/example_dags/example_subdag_operator.py took 0.183 seconds
