[2025-04-23T03:41:36.572+0100] {processor.py:186} INFO - Started process (PID=63422) to work on /Users/francisayanbadejo/venvs_projects/my_proj/lib/python3.9/site-packages/airflow/example_dags/example_nested_branch_dag.py
[2025-04-23T03:41:36.573+0100] {processor.py:914} INFO - Processing file /Users/francisayanbadejo/venvs_projects/my_proj/lib/python3.9/site-packages/airflow/example_dags/example_nested_branch_dag.py for tasks to queue
[2025-04-23T03:41:36.574+0100] {logging_mixin.py:190} INFO - [2025-04-23T03:41:36.574+0100] {dagbag.py:588} INFO - Filling up the DagBag from /Users/francisayanbadejo/venvs_projects/my_proj/lib/python3.9/site-packages/airflow/example_dags/example_nested_branch_dag.py
[2025-04-23T03:41:36.584+0100] {processor.py:925} INFO - DAG(s) 'example_nested_branch_dag' retrieved from /Users/francisayanbadejo/venvs_projects/my_proj/lib/python3.9/site-packages/airflow/example_dags/example_nested_branch_dag.py
[2025-04-23T03:41:36.640+0100] {logging_mixin.py:190} INFO - [2025-04-23T03:41:36.640+0100] {override.py:1930} INFO - Created Permission View: can read on DAG:example_nested_branch_dag
[2025-04-23T03:41:36.642+0100] {logging_mixin.py:190} INFO - [2025-04-23T03:41:36.642+0100] {override.py:1930} INFO - Created Permission View: can delete on DAG:example_nested_branch_dag
[2025-04-23T03:41:36.644+0100] {logging_mixin.py:190} INFO - [2025-04-23T03:41:36.644+0100] {override.py:1930} INFO - Created Permission View: can edit on DAG:example_nested_branch_dag
[2025-04-23T03:41:36.645+0100] {logging_mixin.py:190} INFO - [2025-04-23T03:41:36.645+0100] {override.py:1930} INFO - Created Permission View: can read on DAG Run:example_nested_branch_dag
[2025-04-23T03:41:36.647+0100] {logging_mixin.py:190} INFO - [2025-04-23T03:41:36.647+0100] {override.py:1930} INFO - Created Permission View: menu access on DAG Run:example_nested_branch_dag
[2025-04-23T03:41:36.648+0100] {logging_mixin.py:190} INFO - [2025-04-23T03:41:36.648+0100] {override.py:1930} INFO - Created Permission View: can delete on DAG Run:example_nested_branch_dag
[2025-04-23T03:41:36.650+0100] {logging_mixin.py:190} INFO - [2025-04-23T03:41:36.649+0100] {override.py:1930} INFO - Created Permission View: can create on DAG Run:example_nested_branch_dag
[2025-04-23T03:41:36.650+0100] {logging_mixin.py:190} INFO - [2025-04-23T03:41:36.650+0100] {dag.py:3239} INFO - Sync 1 DAGs
[2025-04-23T03:41:36.653+0100] {logging_mixin.py:190} INFO - [2025-04-23T03:41:36.653+0100] {dag.py:3262} INFO - Creating ORM DAG for example_nested_branch_dag
[2025-04-23T03:41:36.656+0100] {logging_mixin.py:190} INFO - [2025-04-23T03:41:36.656+0100] {dag.py:4180} INFO - Setting next_dagrun for example_nested_branch_dag to 2025-04-22 00:00:00+00:00, run_after=2025-04-23 00:00:00+00:00
[2025-04-23T03:41:36.661+0100] {processor.py:208} INFO - Processing /Users/francisayanbadejo/venvs_projects/my_proj/lib/python3.9/site-packages/airflow/example_dags/example_nested_branch_dag.py took 0.090 seconds
[2025-04-23T03:45:00.445+0100] {processor.py:186} INFO - Started process (PID=64345) to work on /Users/francisayanbadejo/venvs_projects/my_proj/lib/python3.9/site-packages/airflow/example_dags/example_nested_branch_dag.py
[2025-04-23T03:45:00.447+0100] {processor.py:914} INFO - Processing file /Users/francisayanbadejo/venvs_projects/my_proj/lib/python3.9/site-packages/airflow/example_dags/example_nested_branch_dag.py for tasks to queue
[2025-04-23T03:45:00.447+0100] {logging_mixin.py:190} INFO - [2025-04-23T03:45:00.447+0100] {dagbag.py:588} INFO - Filling up the DagBag from /Users/francisayanbadejo/venvs_projects/my_proj/lib/python3.9/site-packages/airflow/example_dags/example_nested_branch_dag.py
[2025-04-23T03:45:00.458+0100] {processor.py:925} INFO - DAG(s) 'example_nested_branch_dag' retrieved from /Users/francisayanbadejo/venvs_projects/my_proj/lib/python3.9/site-packages/airflow/example_dags/example_nested_branch_dag.py
[2025-04-23T03:45:00.487+0100] {logging_mixin.py:190} INFO - [2025-04-23T03:45:00.487+0100] {dag.py:3239} INFO - Sync 1 DAGs
[2025-04-23T03:45:00.493+0100] {logging_mixin.py:190} INFO - [2025-04-23T03:45:00.493+0100] {dag.py:4180} INFO - Setting next_dagrun for example_nested_branch_dag to 2025-04-22 00:00:00+00:00, run_after=2025-04-23 00:00:00+00:00
[2025-04-23T03:45:00.498+0100] {processor.py:208} INFO - Processing /Users/francisayanbadejo/venvs_projects/my_proj/lib/python3.9/site-packages/airflow/example_dags/example_nested_branch_dag.py took 0.054 seconds
[2025-04-23T03:46:26.840+0100] {processor.py:186} INFO - Started process (PID=64535) to work on /Users/francisayanbadejo/venvs_projects/my_proj/lib/python3.9/site-packages/airflow/example_dags/example_nested_branch_dag.py
[2025-04-23T03:46:26.842+0100] {processor.py:914} INFO - Processing file /Users/francisayanbadejo/venvs_projects/my_proj/lib/python3.9/site-packages/airflow/example_dags/example_nested_branch_dag.py for tasks to queue
[2025-04-23T03:46:26.843+0100] {logging_mixin.py:190} INFO - [2025-04-23T03:46:26.843+0100] {dagbag.py:588} INFO - Filling up the DagBag from /Users/francisayanbadejo/venvs_projects/my_proj/lib/python3.9/site-packages/airflow/example_dags/example_nested_branch_dag.py
[2025-04-23T03:46:26.853+0100] {processor.py:925} INFO - DAG(s) 'example_nested_branch_dag' retrieved from /Users/francisayanbadejo/venvs_projects/my_proj/lib/python3.9/site-packages/airflow/example_dags/example_nested_branch_dag.py
[2025-04-23T03:46:26.885+0100] {logging_mixin.py:190} INFO - [2025-04-23T03:46:26.885+0100] {dag.py:3239} INFO - Sync 1 DAGs
[2025-04-23T03:46:26.891+0100] {logging_mixin.py:190} INFO - [2025-04-23T03:46:26.891+0100] {dag.py:4180} INFO - Setting next_dagrun for example_nested_branch_dag to 2025-04-22 00:00:00+00:00, run_after=2025-04-23 00:00:00+00:00
[2025-04-23T03:46:26.895+0100] {processor.py:208} INFO - Processing /Users/francisayanbadejo/venvs_projects/my_proj/lib/python3.9/site-packages/airflow/example_dags/example_nested_branch_dag.py took 0.056 seconds
[2025-04-23T03:48:15.547+0100] {processor.py:186} INFO - Started process (PID=64779) to work on /Users/francisayanbadejo/venvs_projects/my_proj/lib/python3.9/site-packages/airflow/example_dags/example_nested_branch_dag.py
[2025-04-23T03:48:15.549+0100] {processor.py:914} INFO - Processing file /Users/francisayanbadejo/venvs_projects/my_proj/lib/python3.9/site-packages/airflow/example_dags/example_nested_branch_dag.py for tasks to queue
[2025-04-23T03:48:15.549+0100] {logging_mixin.py:190} INFO - [2025-04-23T03:48:15.549+0100] {dagbag.py:588} INFO - Filling up the DagBag from /Users/francisayanbadejo/venvs_projects/my_proj/lib/python3.9/site-packages/airflow/example_dags/example_nested_branch_dag.py
[2025-04-23T03:48:15.560+0100] {processor.py:925} INFO - DAG(s) 'example_nested_branch_dag' retrieved from /Users/francisayanbadejo/venvs_projects/my_proj/lib/python3.9/site-packages/airflow/example_dags/example_nested_branch_dag.py
[2025-04-23T03:48:15.591+0100] {logging_mixin.py:190} INFO - [2025-04-23T03:48:15.591+0100] {dag.py:3239} INFO - Sync 1 DAGs
[2025-04-23T03:48:15.596+0100] {logging_mixin.py:190} INFO - [2025-04-23T03:48:15.596+0100] {dag.py:4180} INFO - Setting next_dagrun for example_nested_branch_dag to 2025-04-22 00:00:00+00:00, run_after=2025-04-23 00:00:00+00:00
[2025-04-23T03:48:15.601+0100] {processor.py:208} INFO - Processing /Users/francisayanbadejo/venvs_projects/my_proj/lib/python3.9/site-packages/airflow/example_dags/example_nested_branch_dag.py took 0.056 seconds
[2025-04-23T03:50:08.510+0100] {processor.py:186} INFO - Started process (PID=65023) to work on /Users/francisayanbadejo/venvs_projects/my_proj/lib/python3.9/site-packages/airflow/example_dags/example_nested_branch_dag.py
[2025-04-23T03:50:08.512+0100] {processor.py:914} INFO - Processing file /Users/francisayanbadejo/venvs_projects/my_proj/lib/python3.9/site-packages/airflow/example_dags/example_nested_branch_dag.py for tasks to queue
[2025-04-23T03:50:08.512+0100] {logging_mixin.py:190} INFO - [2025-04-23T03:50:08.512+0100] {dagbag.py:588} INFO - Filling up the DagBag from /Users/francisayanbadejo/venvs_projects/my_proj/lib/python3.9/site-packages/airflow/example_dags/example_nested_branch_dag.py
[2025-04-23T03:50:08.523+0100] {processor.py:925} INFO - DAG(s) 'example_nested_branch_dag' retrieved from /Users/francisayanbadejo/venvs_projects/my_proj/lib/python3.9/site-packages/airflow/example_dags/example_nested_branch_dag.py
[2025-04-23T03:50:08.553+0100] {logging_mixin.py:190} INFO - [2025-04-23T03:50:08.553+0100] {dag.py:3239} INFO - Sync 1 DAGs
[2025-04-23T03:50:08.559+0100] {logging_mixin.py:190} INFO - [2025-04-23T03:50:08.559+0100] {dag.py:4180} INFO - Setting next_dagrun for example_nested_branch_dag to 2025-04-22 00:00:00+00:00, run_after=2025-04-23 00:00:00+00:00
[2025-04-23T03:50:08.564+0100] {processor.py:208} INFO - Processing /Users/francisayanbadejo/venvs_projects/my_proj/lib/python3.9/site-packages/airflow/example_dags/example_nested_branch_dag.py took 0.055 seconds
[2025-04-23T03:52:00.400+0100] {processor.py:186} INFO - Started process (PID=65268) to work on /Users/francisayanbadejo/venvs_projects/my_proj/lib/python3.9/site-packages/airflow/example_dags/example_nested_branch_dag.py
[2025-04-23T03:52:00.402+0100] {processor.py:914} INFO - Processing file /Users/francisayanbadejo/venvs_projects/my_proj/lib/python3.9/site-packages/airflow/example_dags/example_nested_branch_dag.py for tasks to queue
[2025-04-23T03:52:00.403+0100] {logging_mixin.py:190} INFO - [2025-04-23T03:52:00.403+0100] {dagbag.py:588} INFO - Filling up the DagBag from /Users/francisayanbadejo/venvs_projects/my_proj/lib/python3.9/site-packages/airflow/example_dags/example_nested_branch_dag.py
[2025-04-23T03:52:00.414+0100] {processor.py:925} INFO - DAG(s) 'example_nested_branch_dag' retrieved from /Users/francisayanbadejo/venvs_projects/my_proj/lib/python3.9/site-packages/airflow/example_dags/example_nested_branch_dag.py
[2025-04-23T03:52:00.447+0100] {logging_mixin.py:190} INFO - [2025-04-23T03:52:00.447+0100] {dag.py:3239} INFO - Sync 1 DAGs
[2025-04-23T03:52:00.454+0100] {logging_mixin.py:190} INFO - [2025-04-23T03:52:00.453+0100] {dag.py:4180} INFO - Setting next_dagrun for example_nested_branch_dag to 2025-04-22 00:00:00+00:00, run_after=2025-04-23 00:00:00+00:00
[2025-04-23T03:52:00.459+0100] {processor.py:208} INFO - Processing /Users/francisayanbadejo/venvs_projects/my_proj/lib/python3.9/site-packages/airflow/example_dags/example_nested_branch_dag.py took 0.060 seconds
[2025-04-23T03:53:56.546+0100] {processor.py:186} INFO - Started process (PID=65531) to work on /Users/francisayanbadejo/venvs_projects/my_proj/lib/python3.9/site-packages/airflow/example_dags/example_nested_branch_dag.py
[2025-04-23T03:53:56.547+0100] {processor.py:914} INFO - Processing file /Users/francisayanbadejo/venvs_projects/my_proj/lib/python3.9/site-packages/airflow/example_dags/example_nested_branch_dag.py for tasks to queue
[2025-04-23T03:53:56.548+0100] {logging_mixin.py:190} INFO - [2025-04-23T03:53:56.548+0100] {dagbag.py:588} INFO - Filling up the DagBag from /Users/francisayanbadejo/venvs_projects/my_proj/lib/python3.9/site-packages/airflow/example_dags/example_nested_branch_dag.py
[2025-04-23T03:53:56.560+0100] {processor.py:925} INFO - DAG(s) 'example_nested_branch_dag' retrieved from /Users/francisayanbadejo/venvs_projects/my_proj/lib/python3.9/site-packages/airflow/example_dags/example_nested_branch_dag.py
[2025-04-23T03:53:56.593+0100] {logging_mixin.py:190} INFO - [2025-04-23T03:53:56.593+0100] {dag.py:3239} INFO - Sync 1 DAGs
[2025-04-23T03:53:56.600+0100] {logging_mixin.py:190} INFO - [2025-04-23T03:53:56.600+0100] {dag.py:4180} INFO - Setting next_dagrun for example_nested_branch_dag to 2025-04-22 00:00:00+00:00, run_after=2025-04-23 00:00:00+00:00
[2025-04-23T03:53:56.605+0100] {processor.py:208} INFO - Processing /Users/francisayanbadejo/venvs_projects/my_proj/lib/python3.9/site-packages/airflow/example_dags/example_nested_branch_dag.py took 0.061 seconds
[2025-04-23T03:55:56.268+0100] {processor.py:186} INFO - Started process (PID=65784) to work on /Users/francisayanbadejo/venvs_projects/my_proj/lib/python3.9/site-packages/airflow/example_dags/example_nested_branch_dag.py
[2025-04-23T03:55:56.269+0100] {processor.py:914} INFO - Processing file /Users/francisayanbadejo/venvs_projects/my_proj/lib/python3.9/site-packages/airflow/example_dags/example_nested_branch_dag.py for tasks to queue
[2025-04-23T03:55:56.270+0100] {logging_mixin.py:190} INFO - [2025-04-23T03:55:56.270+0100] {dagbag.py:588} INFO - Filling up the DagBag from /Users/francisayanbadejo/venvs_projects/my_proj/lib/python3.9/site-packages/airflow/example_dags/example_nested_branch_dag.py
[2025-04-23T03:55:56.281+0100] {processor.py:925} INFO - DAG(s) 'example_nested_branch_dag' retrieved from /Users/francisayanbadejo/venvs_projects/my_proj/lib/python3.9/site-packages/airflow/example_dags/example_nested_branch_dag.py
[2025-04-23T03:55:56.312+0100] {logging_mixin.py:190} INFO - [2025-04-23T03:55:56.312+0100] {dag.py:3239} INFO - Sync 1 DAGs
[2025-04-23T03:55:56.317+0100] {logging_mixin.py:190} INFO - [2025-04-23T03:55:56.317+0100] {dag.py:4180} INFO - Setting next_dagrun for example_nested_branch_dag to 2025-04-22 00:00:00+00:00, run_after=2025-04-23 00:00:00+00:00
[2025-04-23T03:55:56.323+0100] {processor.py:208} INFO - Processing /Users/francisayanbadejo/venvs_projects/my_proj/lib/python3.9/site-packages/airflow/example_dags/example_nested_branch_dag.py took 0.056 seconds
[2025-04-23T03:57:51.507+0100] {processor.py:186} INFO - Started process (PID=66040) to work on /Users/francisayanbadejo/venvs_projects/my_proj/lib/python3.9/site-packages/airflow/example_dags/example_nested_branch_dag.py
[2025-04-23T03:57:51.507+0100] {processor.py:914} INFO - Processing file /Users/francisayanbadejo/venvs_projects/my_proj/lib/python3.9/site-packages/airflow/example_dags/example_nested_branch_dag.py for tasks to queue
[2025-04-23T03:57:51.507+0100] {logging_mixin.py:190} INFO - [2025-04-23T03:57:51.507+0100] {dagbag.py:588} INFO - Filling up the DagBag from /Users/francisayanbadejo/venvs_projects/my_proj/lib/python3.9/site-packages/airflow/example_dags/example_nested_branch_dag.py
[2025-04-23T03:57:51.518+0100] {processor.py:925} INFO - DAG(s) 'example_nested_branch_dag' retrieved from /Users/francisayanbadejo/venvs_projects/my_proj/lib/python3.9/site-packages/airflow/example_dags/example_nested_branch_dag.py
[2025-04-23T03:57:51.550+0100] {logging_mixin.py:190} INFO - [2025-04-23T03:57:51.550+0100] {dag.py:3239} INFO - Sync 1 DAGs
[2025-04-23T03:57:51.556+0100] {logging_mixin.py:190} INFO - [2025-04-23T03:57:51.556+0100] {dag.py:4180} INFO - Setting next_dagrun for example_nested_branch_dag to 2025-04-22 00:00:00+00:00, run_after=2025-04-23 00:00:00+00:00
[2025-04-23T03:57:51.562+0100] {processor.py:208} INFO - Processing /Users/francisayanbadejo/venvs_projects/my_proj/lib/python3.9/site-packages/airflow/example_dags/example_nested_branch_dag.py took 0.056 seconds
[2025-04-23T04:00:00.827+0100] {processor.py:186} INFO - Started process (PID=66253) to work on /Users/francisayanbadejo/venvs_projects/my_proj/lib/python3.9/site-packages/airflow/example_dags/example_nested_branch_dag.py
[2025-04-23T04:00:00.828+0100] {processor.py:914} INFO - Processing file /Users/francisayanbadejo/venvs_projects/my_proj/lib/python3.9/site-packages/airflow/example_dags/example_nested_branch_dag.py for tasks to queue
[2025-04-23T04:00:00.829+0100] {logging_mixin.py:190} INFO - [2025-04-23T04:00:00.828+0100] {dagbag.py:588} INFO - Filling up the DagBag from /Users/francisayanbadejo/venvs_projects/my_proj/lib/python3.9/site-packages/airflow/example_dags/example_nested_branch_dag.py
[2025-04-23T04:00:00.840+0100] {processor.py:925} INFO - DAG(s) 'example_nested_branch_dag' retrieved from /Users/francisayanbadejo/venvs_projects/my_proj/lib/python3.9/site-packages/airflow/example_dags/example_nested_branch_dag.py
[2025-04-23T04:00:00.873+0100] {logging_mixin.py:190} INFO - [2025-04-23T04:00:00.873+0100] {dag.py:3239} INFO - Sync 1 DAGs
[2025-04-23T04:00:00.880+0100] {logging_mixin.py:190} INFO - [2025-04-23T04:00:00.880+0100] {dag.py:4180} INFO - Setting next_dagrun for example_nested_branch_dag to 2025-04-22 00:00:00+00:00, run_after=2025-04-23 00:00:00+00:00
[2025-04-23T04:00:00.886+0100] {processor.py:208} INFO - Processing /Users/francisayanbadejo/venvs_projects/my_proj/lib/python3.9/site-packages/airflow/example_dags/example_nested_branch_dag.py took 0.060 seconds
[2025-04-23T04:01:58.425+0100] {processor.py:186} INFO - Started process (PID=66466) to work on /Users/francisayanbadejo/venvs_projects/my_proj/lib/python3.9/site-packages/airflow/example_dags/example_nested_branch_dag.py
[2025-04-23T04:01:58.426+0100] {processor.py:914} INFO - Processing file /Users/francisayanbadejo/venvs_projects/my_proj/lib/python3.9/site-packages/airflow/example_dags/example_nested_branch_dag.py for tasks to queue
[2025-04-23T04:01:58.426+0100] {logging_mixin.py:190} INFO - [2025-04-23T04:01:58.426+0100] {dagbag.py:588} INFO - Filling up the DagBag from /Users/francisayanbadejo/venvs_projects/my_proj/lib/python3.9/site-packages/airflow/example_dags/example_nested_branch_dag.py
[2025-04-23T04:01:58.437+0100] {processor.py:925} INFO - DAG(s) 'example_nested_branch_dag' retrieved from /Users/francisayanbadejo/venvs_projects/my_proj/lib/python3.9/site-packages/airflow/example_dags/example_nested_branch_dag.py
[2025-04-23T04:01:58.467+0100] {logging_mixin.py:190} INFO - [2025-04-23T04:01:58.467+0100] {dag.py:3239} INFO - Sync 1 DAGs
[2025-04-23T04:01:58.473+0100] {logging_mixin.py:190} INFO - [2025-04-23T04:01:58.473+0100] {dag.py:4180} INFO - Setting next_dagrun for example_nested_branch_dag to 2025-04-22 00:00:00+00:00, run_after=2025-04-23 00:00:00+00:00
[2025-04-23T04:01:58.478+0100] {processor.py:208} INFO - Processing /Users/francisayanbadejo/venvs_projects/my_proj/lib/python3.9/site-packages/airflow/example_dags/example_nested_branch_dag.py took 0.054 seconds
[2025-04-23T04:03:51.201+0100] {processor.py:186} INFO - Started process (PID=66695) to work on /Users/francisayanbadejo/venvs_projects/my_proj/lib/python3.9/site-packages/airflow/example_dags/example_nested_branch_dag.py
[2025-04-23T04:03:51.202+0100] {processor.py:914} INFO - Processing file /Users/francisayanbadejo/venvs_projects/my_proj/lib/python3.9/site-packages/airflow/example_dags/example_nested_branch_dag.py for tasks to queue
[2025-04-23T04:03:51.202+0100] {logging_mixin.py:190} INFO - [2025-04-23T04:03:51.202+0100] {dagbag.py:588} INFO - Filling up the DagBag from /Users/francisayanbadejo/venvs_projects/my_proj/lib/python3.9/site-packages/airflow/example_dags/example_nested_branch_dag.py
[2025-04-23T04:03:51.213+0100] {processor.py:925} INFO - DAG(s) 'example_nested_branch_dag' retrieved from /Users/francisayanbadejo/venvs_projects/my_proj/lib/python3.9/site-packages/airflow/example_dags/example_nested_branch_dag.py
[2025-04-23T04:03:51.243+0100] {logging_mixin.py:190} INFO - [2025-04-23T04:03:51.243+0100] {dag.py:3239} INFO - Sync 1 DAGs
[2025-04-23T04:03:51.249+0100] {logging_mixin.py:190} INFO - [2025-04-23T04:03:51.248+0100] {dag.py:4180} INFO - Setting next_dagrun for example_nested_branch_dag to 2025-04-22 00:00:00+00:00, run_after=2025-04-23 00:00:00+00:00
[2025-04-23T04:03:51.254+0100] {processor.py:208} INFO - Processing /Users/francisayanbadejo/venvs_projects/my_proj/lib/python3.9/site-packages/airflow/example_dags/example_nested_branch_dag.py took 0.054 seconds
[2025-04-23T04:05:53.840+0100] {processor.py:186} INFO - Started process (PID=66928) to work on /Users/francisayanbadejo/venvs_projects/my_proj/lib/python3.9/site-packages/airflow/example_dags/example_nested_branch_dag.py
[2025-04-23T04:05:53.841+0100] {processor.py:914} INFO - Processing file /Users/francisayanbadejo/venvs_projects/my_proj/lib/python3.9/site-packages/airflow/example_dags/example_nested_branch_dag.py for tasks to queue
[2025-04-23T04:05:53.841+0100] {logging_mixin.py:190} INFO - [2025-04-23T04:05:53.841+0100] {dagbag.py:588} INFO - Filling up the DagBag from /Users/francisayanbadejo/venvs_projects/my_proj/lib/python3.9/site-packages/airflow/example_dags/example_nested_branch_dag.py
[2025-04-23T04:05:53.852+0100] {processor.py:925} INFO - DAG(s) 'example_nested_branch_dag' retrieved from /Users/francisayanbadejo/venvs_projects/my_proj/lib/python3.9/site-packages/airflow/example_dags/example_nested_branch_dag.py
[2025-04-23T04:05:53.884+0100] {logging_mixin.py:190} INFO - [2025-04-23T04:05:53.884+0100] {dag.py:3239} INFO - Sync 1 DAGs
[2025-04-23T04:05:53.890+0100] {logging_mixin.py:190} INFO - [2025-04-23T04:05:53.890+0100] {dag.py:4180} INFO - Setting next_dagrun for example_nested_branch_dag to 2025-04-22 00:00:00+00:00, run_after=2025-04-23 00:00:00+00:00
[2025-04-23T04:05:53.895+0100] {processor.py:208} INFO - Processing /Users/francisayanbadejo/venvs_projects/my_proj/lib/python3.9/site-packages/airflow/example_dags/example_nested_branch_dag.py took 0.056 seconds
[2025-04-23T04:19:06.999+0100] {processor.py:186} INFO - Started process (PID=68986) to work on /Users/francisayanbadejo/venvs_projects/my_proj/lib/python3.9/site-packages/airflow/example_dags/example_nested_branch_dag.py
[2025-04-23T04:19:07.001+0100] {processor.py:914} INFO - Processing file /Users/francisayanbadejo/venvs_projects/my_proj/lib/python3.9/site-packages/airflow/example_dags/example_nested_branch_dag.py for tasks to queue
[2025-04-23T04:19:07.002+0100] {logging_mixin.py:190} INFO - [2025-04-23T04:19:07.002+0100] {dagbag.py:588} INFO - Filling up the DagBag from /Users/francisayanbadejo/venvs_projects/my_proj/lib/python3.9/site-packages/airflow/example_dags/example_nested_branch_dag.py
[2025-04-23T04:19:07.012+0100] {processor.py:925} INFO - DAG(s) 'example_nested_branch_dag' retrieved from /Users/francisayanbadejo/venvs_projects/my_proj/lib/python3.9/site-packages/airflow/example_dags/example_nested_branch_dag.py
[2025-04-23T04:19:07.043+0100] {logging_mixin.py:190} INFO - [2025-04-23T04:19:07.043+0100] {dag.py:3239} INFO - Sync 1 DAGs
[2025-04-23T04:19:07.049+0100] {logging_mixin.py:190} INFO - [2025-04-23T04:19:07.048+0100] {dag.py:4180} INFO - Setting next_dagrun for example_nested_branch_dag to 2025-04-22 00:00:00+00:00, run_after=2025-04-23 00:00:00+00:00
[2025-04-23T04:19:07.054+0100] {processor.py:208} INFO - Processing /Users/francisayanbadejo/venvs_projects/my_proj/lib/python3.9/site-packages/airflow/example_dags/example_nested_branch_dag.py took 0.056 seconds
[2025-04-23T04:21:48.757+0100] {processor.py:186} INFO - Started process (PID=69549) to work on /Users/francisayanbadejo/venvs_projects/my_proj/lib/python3.9/site-packages/airflow/example_dags/example_nested_branch_dag.py
[2025-04-23T04:21:48.758+0100] {processor.py:914} INFO - Processing file /Users/francisayanbadejo/venvs_projects/my_proj/lib/python3.9/site-packages/airflow/example_dags/example_nested_branch_dag.py for tasks to queue
[2025-04-23T04:21:48.759+0100] {logging_mixin.py:190} INFO - [2025-04-23T04:21:48.759+0100] {dagbag.py:588} INFO - Filling up the DagBag from /Users/francisayanbadejo/venvs_projects/my_proj/lib/python3.9/site-packages/airflow/example_dags/example_nested_branch_dag.py
[2025-04-23T04:21:48.771+0100] {processor.py:925} INFO - DAG(s) 'example_nested_branch_dag' retrieved from /Users/francisayanbadejo/venvs_projects/my_proj/lib/python3.9/site-packages/airflow/example_dags/example_nested_branch_dag.py
[2025-04-23T04:21:48.803+0100] {logging_mixin.py:190} INFO - [2025-04-23T04:21:48.803+0100] {dag.py:3239} INFO - Sync 1 DAGs
[2025-04-23T04:21:48.809+0100] {logging_mixin.py:190} INFO - [2025-04-23T04:21:48.809+0100] {dag.py:4180} INFO - Setting next_dagrun for example_nested_branch_dag to 2025-04-22 00:00:00+00:00, run_after=2025-04-23 00:00:00+00:00
[2025-04-23T04:21:48.815+0100] {processor.py:208} INFO - Processing /Users/francisayanbadejo/venvs_projects/my_proj/lib/python3.9/site-packages/airflow/example_dags/example_nested_branch_dag.py took 0.059 seconds
[2025-04-23T04:23:16.225+0100] {processor.py:186} INFO - Started process (PID=69757) to work on /Users/francisayanbadejo/venvs_projects/my_proj/lib/python3.9/site-packages/airflow/example_dags/example_nested_branch_dag.py
[2025-04-23T04:23:16.226+0100] {processor.py:914} INFO - Processing file /Users/francisayanbadejo/venvs_projects/my_proj/lib/python3.9/site-packages/airflow/example_dags/example_nested_branch_dag.py for tasks to queue
[2025-04-23T04:23:16.227+0100] {logging_mixin.py:190} INFO - [2025-04-23T04:23:16.227+0100] {dagbag.py:588} INFO - Filling up the DagBag from /Users/francisayanbadejo/venvs_projects/my_proj/lib/python3.9/site-packages/airflow/example_dags/example_nested_branch_dag.py
[2025-04-23T04:23:16.238+0100] {processor.py:925} INFO - DAG(s) 'example_nested_branch_dag' retrieved from /Users/francisayanbadejo/venvs_projects/my_proj/lib/python3.9/site-packages/airflow/example_dags/example_nested_branch_dag.py
[2025-04-23T04:23:16.270+0100] {logging_mixin.py:190} INFO - [2025-04-23T04:23:16.269+0100] {dag.py:3239} INFO - Sync 1 DAGs
[2025-04-23T04:23:16.275+0100] {logging_mixin.py:190} INFO - [2025-04-23T04:23:16.275+0100] {dag.py:4180} INFO - Setting next_dagrun for example_nested_branch_dag to 2025-04-22 00:00:00+00:00, run_after=2025-04-23 00:00:00+00:00
[2025-04-23T04:23:16.280+0100] {processor.py:208} INFO - Processing /Users/francisayanbadejo/venvs_projects/my_proj/lib/python3.9/site-packages/airflow/example_dags/example_nested_branch_dag.py took 0.057 seconds
[2025-04-23T04:26:14.509+0100] {processor.py:186} INFO - Started process (PID=70554) to work on /Users/francisayanbadejo/venvs_projects/my_proj/lib/python3.9/site-packages/airflow/example_dags/example_nested_branch_dag.py
[2025-04-23T04:26:14.511+0100] {processor.py:914} INFO - Processing file /Users/francisayanbadejo/venvs_projects/my_proj/lib/python3.9/site-packages/airflow/example_dags/example_nested_branch_dag.py for tasks to queue
[2025-04-23T04:26:14.511+0100] {logging_mixin.py:190} INFO - [2025-04-23T04:26:14.511+0100] {dagbag.py:588} INFO - Filling up the DagBag from /Users/francisayanbadejo/venvs_projects/my_proj/lib/python3.9/site-packages/airflow/example_dags/example_nested_branch_dag.py
[2025-04-23T04:26:14.522+0100] {processor.py:925} INFO - DAG(s) 'example_nested_branch_dag' retrieved from /Users/francisayanbadejo/venvs_projects/my_proj/lib/python3.9/site-packages/airflow/example_dags/example_nested_branch_dag.py
[2025-04-23T04:26:14.553+0100] {logging_mixin.py:190} INFO - [2025-04-23T04:26:14.553+0100] {dag.py:3239} INFO - Sync 1 DAGs
[2025-04-23T04:26:14.559+0100] {logging_mixin.py:190} INFO - [2025-04-23T04:26:14.558+0100] {dag.py:4180} INFO - Setting next_dagrun for example_nested_branch_dag to 2025-04-22 00:00:00+00:00, run_after=2025-04-23 00:00:00+00:00
[2025-04-23T04:26:14.563+0100] {processor.py:208} INFO - Processing /Users/francisayanbadejo/venvs_projects/my_proj/lib/python3.9/site-packages/airflow/example_dags/example_nested_branch_dag.py took 0.056 seconds
[2025-04-23T04:28:39.658+0100] {processor.py:186} INFO - Started process (PID=71315) to work on /Users/francisayanbadejo/venvs_projects/my_proj/lib/python3.9/site-packages/airflow/example_dags/example_nested_branch_dag.py
[2025-04-23T04:28:39.659+0100] {processor.py:914} INFO - Processing file /Users/francisayanbadejo/venvs_projects/my_proj/lib/python3.9/site-packages/airflow/example_dags/example_nested_branch_dag.py for tasks to queue
[2025-04-23T04:28:39.660+0100] {logging_mixin.py:190} INFO - [2025-04-23T04:28:39.660+0100] {dagbag.py:588} INFO - Filling up the DagBag from /Users/francisayanbadejo/venvs_projects/my_proj/lib/python3.9/site-packages/airflow/example_dags/example_nested_branch_dag.py
[2025-04-23T04:28:39.671+0100] {processor.py:925} INFO - DAG(s) 'example_nested_branch_dag' retrieved from /Users/francisayanbadejo/venvs_projects/my_proj/lib/python3.9/site-packages/airflow/example_dags/example_nested_branch_dag.py
[2025-04-23T04:28:39.702+0100] {logging_mixin.py:190} INFO - [2025-04-23T04:28:39.702+0100] {dag.py:3239} INFO - Sync 1 DAGs
[2025-04-23T04:28:39.709+0100] {logging_mixin.py:190} INFO - [2025-04-23T04:28:39.709+0100] {dag.py:4180} INFO - Setting next_dagrun for example_nested_branch_dag to 2025-04-22 00:00:00+00:00, run_after=2025-04-23 00:00:00+00:00
[2025-04-23T04:28:39.714+0100] {processor.py:208} INFO - Processing /Users/francisayanbadejo/venvs_projects/my_proj/lib/python3.9/site-packages/airflow/example_dags/example_nested_branch_dag.py took 0.056 seconds
[2025-04-23T04:30:07.623+0100] {processor.py:186} INFO - Started process (PID=71544) to work on /Users/francisayanbadejo/venvs_projects/my_proj/lib/python3.9/site-packages/airflow/example_dags/example_nested_branch_dag.py
[2025-04-23T04:30:07.625+0100] {processor.py:914} INFO - Processing file /Users/francisayanbadejo/venvs_projects/my_proj/lib/python3.9/site-packages/airflow/example_dags/example_nested_branch_dag.py for tasks to queue
[2025-04-23T04:30:07.625+0100] {logging_mixin.py:190} INFO - [2025-04-23T04:30:07.625+0100] {dagbag.py:588} INFO - Filling up the DagBag from /Users/francisayanbadejo/venvs_projects/my_proj/lib/python3.9/site-packages/airflow/example_dags/example_nested_branch_dag.py
[2025-04-23T04:30:07.637+0100] {processor.py:925} INFO - DAG(s) 'example_nested_branch_dag' retrieved from /Users/francisayanbadejo/venvs_projects/my_proj/lib/python3.9/site-packages/airflow/example_dags/example_nested_branch_dag.py
[2025-04-23T04:30:07.669+0100] {logging_mixin.py:190} INFO - [2025-04-23T04:30:07.668+0100] {dag.py:3239} INFO - Sync 1 DAGs
[2025-04-23T04:30:07.674+0100] {logging_mixin.py:190} INFO - [2025-04-23T04:30:07.674+0100] {dag.py:4180} INFO - Setting next_dagrun for example_nested_branch_dag to 2025-04-22 00:00:00+00:00, run_after=2025-04-23 00:00:00+00:00
[2025-04-23T04:30:07.679+0100] {processor.py:208} INFO - Processing /Users/francisayanbadejo/venvs_projects/my_proj/lib/python3.9/site-packages/airflow/example_dags/example_nested_branch_dag.py took 0.058 seconds
[2025-04-23T04:31:59.140+0100] {processor.py:186} INFO - Started process (PID=71792) to work on /Users/francisayanbadejo/venvs_projects/my_proj/lib/python3.9/site-packages/airflow/example_dags/example_nested_branch_dag.py
[2025-04-23T04:31:59.142+0100] {processor.py:914} INFO - Processing file /Users/francisayanbadejo/venvs_projects/my_proj/lib/python3.9/site-packages/airflow/example_dags/example_nested_branch_dag.py for tasks to queue
[2025-04-23T04:31:59.143+0100] {logging_mixin.py:190} INFO - [2025-04-23T04:31:59.143+0100] {dagbag.py:588} INFO - Filling up the DagBag from /Users/francisayanbadejo/venvs_projects/my_proj/lib/python3.9/site-packages/airflow/example_dags/example_nested_branch_dag.py
[2025-04-23T04:31:59.154+0100] {processor.py:925} INFO - DAG(s) 'example_nested_branch_dag' retrieved from /Users/francisayanbadejo/venvs_projects/my_proj/lib/python3.9/site-packages/airflow/example_dags/example_nested_branch_dag.py
[2025-04-23T04:31:59.185+0100] {logging_mixin.py:190} INFO - [2025-04-23T04:31:59.185+0100] {dag.py:3239} INFO - Sync 1 DAGs
[2025-04-23T04:31:59.190+0100] {logging_mixin.py:190} INFO - [2025-04-23T04:31:59.190+0100] {dag.py:4180} INFO - Setting next_dagrun for example_nested_branch_dag to 2025-04-22 00:00:00+00:00, run_after=2025-04-23 00:00:00+00:00
[2025-04-23T04:31:59.195+0100] {processor.py:208} INFO - Processing /Users/francisayanbadejo/venvs_projects/my_proj/lib/python3.9/site-packages/airflow/example_dags/example_nested_branch_dag.py took 0.056 seconds
[2025-04-23T04:34:46.009+0100] {processor.py:186} INFO - Started process (PID=72070) to work on /Users/francisayanbadejo/venvs_projects/my_proj/lib/python3.9/site-packages/airflow/example_dags/example_nested_branch_dag.py
[2025-04-23T04:34:46.010+0100] {processor.py:914} INFO - Processing file /Users/francisayanbadejo/venvs_projects/my_proj/lib/python3.9/site-packages/airflow/example_dags/example_nested_branch_dag.py for tasks to queue
[2025-04-23T04:34:46.011+0100] {logging_mixin.py:190} INFO - [2025-04-23T04:34:46.011+0100] {dagbag.py:588} INFO - Filling up the DagBag from /Users/francisayanbadejo/venvs_projects/my_proj/lib/python3.9/site-packages/airflow/example_dags/example_nested_branch_dag.py
[2025-04-23T04:34:46.021+0100] {processor.py:925} INFO - DAG(s) 'example_nested_branch_dag' retrieved from /Users/francisayanbadejo/venvs_projects/my_proj/lib/python3.9/site-packages/airflow/example_dags/example_nested_branch_dag.py
[2025-04-23T04:34:46.052+0100] {logging_mixin.py:190} INFO - [2025-04-23T04:34:46.051+0100] {dag.py:3239} INFO - Sync 1 DAGs
[2025-04-23T04:34:46.057+0100] {logging_mixin.py:190} INFO - [2025-04-23T04:34:46.057+0100] {dag.py:4180} INFO - Setting next_dagrun for example_nested_branch_dag to 2025-04-22 00:00:00+00:00, run_after=2025-04-23 00:00:00+00:00
[2025-04-23T04:34:46.062+0100] {processor.py:208} INFO - Processing /Users/francisayanbadejo/venvs_projects/my_proj/lib/python3.9/site-packages/airflow/example_dags/example_nested_branch_dag.py took 0.054 seconds
[2025-04-23T04:36:37.061+0100] {processor.py:186} INFO - Started process (PID=72318) to work on /Users/francisayanbadejo/venvs_projects/my_proj/lib/python3.9/site-packages/airflow/example_dags/example_nested_branch_dag.py
[2025-04-23T04:36:37.063+0100] {processor.py:914} INFO - Processing file /Users/francisayanbadejo/venvs_projects/my_proj/lib/python3.9/site-packages/airflow/example_dags/example_nested_branch_dag.py for tasks to queue
[2025-04-23T04:36:37.064+0100] {logging_mixin.py:190} INFO - [2025-04-23T04:36:37.064+0100] {dagbag.py:588} INFO - Filling up the DagBag from /Users/francisayanbadejo/venvs_projects/my_proj/lib/python3.9/site-packages/airflow/example_dags/example_nested_branch_dag.py
[2025-04-23T04:36:37.074+0100] {processor.py:925} INFO - DAG(s) 'example_nested_branch_dag' retrieved from /Users/francisayanbadejo/venvs_projects/my_proj/lib/python3.9/site-packages/airflow/example_dags/example_nested_branch_dag.py
[2025-04-23T04:36:37.104+0100] {logging_mixin.py:190} INFO - [2025-04-23T04:36:37.104+0100] {dag.py:3239} INFO - Sync 1 DAGs
[2025-04-23T04:36:37.110+0100] {logging_mixin.py:190} INFO - [2025-04-23T04:36:37.110+0100] {dag.py:4180} INFO - Setting next_dagrun for example_nested_branch_dag to 2025-04-22 00:00:00+00:00, run_after=2025-04-23 00:00:00+00:00
[2025-04-23T04:36:37.115+0100] {processor.py:208} INFO - Processing /Users/francisayanbadejo/venvs_projects/my_proj/lib/python3.9/site-packages/airflow/example_dags/example_nested_branch_dag.py took 0.054 seconds
[2025-04-23T04:38:30.758+0100] {processor.py:186} INFO - Started process (PID=72552) to work on /Users/francisayanbadejo/venvs_projects/my_proj/lib/python3.9/site-packages/airflow/example_dags/example_nested_branch_dag.py
[2025-04-23T04:38:30.759+0100] {processor.py:914} INFO - Processing file /Users/francisayanbadejo/venvs_projects/my_proj/lib/python3.9/site-packages/airflow/example_dags/example_nested_branch_dag.py for tasks to queue
[2025-04-23T04:38:30.760+0100] {logging_mixin.py:190} INFO - [2025-04-23T04:38:30.760+0100] {dagbag.py:588} INFO - Filling up the DagBag from /Users/francisayanbadejo/venvs_projects/my_proj/lib/python3.9/site-packages/airflow/example_dags/example_nested_branch_dag.py
[2025-04-23T04:38:30.773+0100] {processor.py:925} INFO - DAG(s) 'example_nested_branch_dag' retrieved from /Users/francisayanbadejo/venvs_projects/my_proj/lib/python3.9/site-packages/airflow/example_dags/example_nested_branch_dag.py
[2025-04-23T04:38:30.810+0100] {logging_mixin.py:190} INFO - [2025-04-23T04:38:30.810+0100] {dag.py:3239} INFO - Sync 1 DAGs
[2025-04-23T04:38:30.818+0100] {logging_mixin.py:190} INFO - [2025-04-23T04:38:30.818+0100] {dag.py:4180} INFO - Setting next_dagrun for example_nested_branch_dag to 2025-04-22 00:00:00+00:00, run_after=2025-04-23 00:00:00+00:00
[2025-04-23T04:38:30.824+0100] {processor.py:208} INFO - Processing /Users/francisayanbadejo/venvs_projects/my_proj/lib/python3.9/site-packages/airflow/example_dags/example_nested_branch_dag.py took 0.068 seconds
[2025-04-23T04:40:19.033+0100] {processor.py:186} INFO - Started process (PID=72710) to work on /Users/francisayanbadejo/venvs_projects/my_proj/lib/python3.9/site-packages/airflow/example_dags/example_nested_branch_dag.py
[2025-04-23T04:40:19.035+0100] {processor.py:914} INFO - Processing file /Users/francisayanbadejo/venvs_projects/my_proj/lib/python3.9/site-packages/airflow/example_dags/example_nested_branch_dag.py for tasks to queue
[2025-04-23T04:40:19.036+0100] {logging_mixin.py:190} INFO - [2025-04-23T04:40:19.036+0100] {dagbag.py:588} INFO - Filling up the DagBag from /Users/francisayanbadejo/venvs_projects/my_proj/lib/python3.9/site-packages/airflow/example_dags/example_nested_branch_dag.py
[2025-04-23T04:40:19.046+0100] {processor.py:925} INFO - DAG(s) 'example_nested_branch_dag' retrieved from /Users/francisayanbadejo/venvs_projects/my_proj/lib/python3.9/site-packages/airflow/example_dags/example_nested_branch_dag.py
[2025-04-23T04:40:19.077+0100] {logging_mixin.py:190} INFO - [2025-04-23T04:40:19.077+0100] {dag.py:3239} INFO - Sync 1 DAGs
[2025-04-23T04:40:19.083+0100] {logging_mixin.py:190} INFO - [2025-04-23T04:40:19.083+0100] {dag.py:4180} INFO - Setting next_dagrun for example_nested_branch_dag to 2025-04-22 00:00:00+00:00, run_after=2025-04-23 00:00:00+00:00
[2025-04-23T04:40:19.087+0100] {processor.py:208} INFO - Processing /Users/francisayanbadejo/venvs_projects/my_proj/lib/python3.9/site-packages/airflow/example_dags/example_nested_branch_dag.py took 0.055 seconds
[2025-04-23T04:42:04.866+0100] {processor.py:186} INFO - Started process (PID=72867) to work on /Users/francisayanbadejo/venvs_projects/my_proj/lib/python3.9/site-packages/airflow/example_dags/example_nested_branch_dag.py
[2025-04-23T04:42:04.867+0100] {processor.py:914} INFO - Processing file /Users/francisayanbadejo/venvs_projects/my_proj/lib/python3.9/site-packages/airflow/example_dags/example_nested_branch_dag.py for tasks to queue
[2025-04-23T04:42:04.867+0100] {logging_mixin.py:190} INFO - [2025-04-23T04:42:04.867+0100] {dagbag.py:588} INFO - Filling up the DagBag from /Users/francisayanbadejo/venvs_projects/my_proj/lib/python3.9/site-packages/airflow/example_dags/example_nested_branch_dag.py
[2025-04-23T04:42:04.877+0100] {processor.py:925} INFO - DAG(s) 'example_nested_branch_dag' retrieved from /Users/francisayanbadejo/venvs_projects/my_proj/lib/python3.9/site-packages/airflow/example_dags/example_nested_branch_dag.py
[2025-04-23T04:42:04.908+0100] {logging_mixin.py:190} INFO - [2025-04-23T04:42:04.908+0100] {dag.py:3239} INFO - Sync 1 DAGs
[2025-04-23T04:42:04.913+0100] {logging_mixin.py:190} INFO - [2025-04-23T04:42:04.913+0100] {dag.py:4180} INFO - Setting next_dagrun for example_nested_branch_dag to 2025-04-22 00:00:00+00:00, run_after=2025-04-23 00:00:00+00:00
[2025-04-23T04:42:04.918+0100] {processor.py:208} INFO - Processing /Users/francisayanbadejo/venvs_projects/my_proj/lib/python3.9/site-packages/airflow/example_dags/example_nested_branch_dag.py took 0.054 seconds
[2025-04-23T04:43:50.472+0100] {processor.py:186} INFO - Started process (PID=73032) to work on /Users/francisayanbadejo/venvs_projects/my_proj/lib/python3.9/site-packages/airflow/example_dags/example_nested_branch_dag.py
[2025-04-23T04:43:50.473+0100] {processor.py:914} INFO - Processing file /Users/francisayanbadejo/venvs_projects/my_proj/lib/python3.9/site-packages/airflow/example_dags/example_nested_branch_dag.py for tasks to queue
[2025-04-23T04:43:50.474+0100] {logging_mixin.py:190} INFO - [2025-04-23T04:43:50.474+0100] {dagbag.py:588} INFO - Filling up the DagBag from /Users/francisayanbadejo/venvs_projects/my_proj/lib/python3.9/site-packages/airflow/example_dags/example_nested_branch_dag.py
[2025-04-23T04:43:50.484+0100] {processor.py:925} INFO - DAG(s) 'example_nested_branch_dag' retrieved from /Users/francisayanbadejo/venvs_projects/my_proj/lib/python3.9/site-packages/airflow/example_dags/example_nested_branch_dag.py
[2025-04-23T04:43:50.515+0100] {logging_mixin.py:190} INFO - [2025-04-23T04:43:50.515+0100] {dag.py:3239} INFO - Sync 1 DAGs
[2025-04-23T04:43:50.521+0100] {logging_mixin.py:190} INFO - [2025-04-23T04:43:50.521+0100] {dag.py:4180} INFO - Setting next_dagrun for example_nested_branch_dag to 2025-04-22 00:00:00+00:00, run_after=2025-04-23 00:00:00+00:00
[2025-04-23T04:43:50.525+0100] {processor.py:208} INFO - Processing /Users/francisayanbadejo/venvs_projects/my_proj/lib/python3.9/site-packages/airflow/example_dags/example_nested_branch_dag.py took 0.055 seconds
[2025-04-23T04:45:36.343+0100] {processor.py:186} INFO - Started process (PID=73220) to work on /Users/francisayanbadejo/venvs_projects/my_proj/lib/python3.9/site-packages/airflow/example_dags/example_nested_branch_dag.py
[2025-04-23T04:45:36.344+0100] {processor.py:914} INFO - Processing file /Users/francisayanbadejo/venvs_projects/my_proj/lib/python3.9/site-packages/airflow/example_dags/example_nested_branch_dag.py for tasks to queue
[2025-04-23T04:45:36.345+0100] {logging_mixin.py:190} INFO - [2025-04-23T04:45:36.345+0100] {dagbag.py:588} INFO - Filling up the DagBag from /Users/francisayanbadejo/venvs_projects/my_proj/lib/python3.9/site-packages/airflow/example_dags/example_nested_branch_dag.py
[2025-04-23T04:45:36.355+0100] {processor.py:925} INFO - DAG(s) 'example_nested_branch_dag' retrieved from /Users/francisayanbadejo/venvs_projects/my_proj/lib/python3.9/site-packages/airflow/example_dags/example_nested_branch_dag.py
[2025-04-23T04:45:36.385+0100] {logging_mixin.py:190} INFO - [2025-04-23T04:45:36.385+0100] {dag.py:3239} INFO - Sync 1 DAGs
[2025-04-23T04:45:36.391+0100] {logging_mixin.py:190} INFO - [2025-04-23T04:45:36.391+0100] {dag.py:4180} INFO - Setting next_dagrun for example_nested_branch_dag to 2025-04-22 00:00:00+00:00, run_after=2025-04-23 00:00:00+00:00
[2025-04-23T04:45:36.396+0100] {processor.py:208} INFO - Processing /Users/francisayanbadejo/venvs_projects/my_proj/lib/python3.9/site-packages/airflow/example_dags/example_nested_branch_dag.py took 0.054 seconds
[2025-04-23T04:47:23.338+0100] {processor.py:186} INFO - Started process (PID=73375) to work on /Users/francisayanbadejo/venvs_projects/my_proj/lib/python3.9/site-packages/airflow/example_dags/example_nested_branch_dag.py
[2025-04-23T04:47:23.340+0100] {processor.py:914} INFO - Processing file /Users/francisayanbadejo/venvs_projects/my_proj/lib/python3.9/site-packages/airflow/example_dags/example_nested_branch_dag.py for tasks to queue
[2025-04-23T04:47:23.341+0100] {logging_mixin.py:190} INFO - [2025-04-23T04:47:23.341+0100] {dagbag.py:588} INFO - Filling up the DagBag from /Users/francisayanbadejo/venvs_projects/my_proj/lib/python3.9/site-packages/airflow/example_dags/example_nested_branch_dag.py
[2025-04-23T04:47:23.351+0100] {processor.py:925} INFO - DAG(s) 'example_nested_branch_dag' retrieved from /Users/francisayanbadejo/venvs_projects/my_proj/lib/python3.9/site-packages/airflow/example_dags/example_nested_branch_dag.py
[2025-04-23T04:47:23.381+0100] {logging_mixin.py:190} INFO - [2025-04-23T04:47:23.381+0100] {dag.py:3239} INFO - Sync 1 DAGs
[2025-04-23T04:47:23.387+0100] {logging_mixin.py:190} INFO - [2025-04-23T04:47:23.387+0100] {dag.py:4180} INFO - Setting next_dagrun for example_nested_branch_dag to 2025-04-22 00:00:00+00:00, run_after=2025-04-23 00:00:00+00:00
[2025-04-23T04:47:23.392+0100] {processor.py:208} INFO - Processing /Users/francisayanbadejo/venvs_projects/my_proj/lib/python3.9/site-packages/airflow/example_dags/example_nested_branch_dag.py took 0.055 seconds
[2025-04-23T04:49:15.797+0100] {processor.py:186} INFO - Started process (PID=73533) to work on /Users/francisayanbadejo/venvs_projects/my_proj/lib/python3.9/site-packages/airflow/example_dags/example_nested_branch_dag.py
[2025-04-23T04:49:15.799+0100] {processor.py:914} INFO - Processing file /Users/francisayanbadejo/venvs_projects/my_proj/lib/python3.9/site-packages/airflow/example_dags/example_nested_branch_dag.py for tasks to queue
[2025-04-23T04:49:15.799+0100] {logging_mixin.py:190} INFO - [2025-04-23T04:49:15.799+0100] {dagbag.py:588} INFO - Filling up the DagBag from /Users/francisayanbadejo/venvs_projects/my_proj/lib/python3.9/site-packages/airflow/example_dags/example_nested_branch_dag.py
[2025-04-23T04:49:15.809+0100] {processor.py:925} INFO - DAG(s) 'example_nested_branch_dag' retrieved from /Users/francisayanbadejo/venvs_projects/my_proj/lib/python3.9/site-packages/airflow/example_dags/example_nested_branch_dag.py
[2025-04-23T04:49:15.840+0100] {logging_mixin.py:190} INFO - [2025-04-23T04:49:15.840+0100] {dag.py:3239} INFO - Sync 1 DAGs
[2025-04-23T04:49:15.846+0100] {logging_mixin.py:190} INFO - [2025-04-23T04:49:15.846+0100] {dag.py:4180} INFO - Setting next_dagrun for example_nested_branch_dag to 2025-04-22 00:00:00+00:00, run_after=2025-04-23 00:00:00+00:00
[2025-04-23T04:49:15.851+0100] {processor.py:208} INFO - Processing /Users/francisayanbadejo/venvs_projects/my_proj/lib/python3.9/site-packages/airflow/example_dags/example_nested_branch_dag.py took 0.055 seconds
[2025-04-23T04:51:02.710+0100] {processor.py:186} INFO - Started process (PID=73697) to work on /Users/francisayanbadejo/venvs_projects/my_proj/lib/python3.9/site-packages/airflow/example_dags/example_nested_branch_dag.py
[2025-04-23T04:51:02.712+0100] {processor.py:914} INFO - Processing file /Users/francisayanbadejo/venvs_projects/my_proj/lib/python3.9/site-packages/airflow/example_dags/example_nested_branch_dag.py for tasks to queue
[2025-04-23T04:51:02.713+0100] {logging_mixin.py:190} INFO - [2025-04-23T04:51:02.713+0100] {dagbag.py:588} INFO - Filling up the DagBag from /Users/francisayanbadejo/venvs_projects/my_proj/lib/python3.9/site-packages/airflow/example_dags/example_nested_branch_dag.py
[2025-04-23T04:51:02.724+0100] {processor.py:925} INFO - DAG(s) 'example_nested_branch_dag' retrieved from /Users/francisayanbadejo/venvs_projects/my_proj/lib/python3.9/site-packages/airflow/example_dags/example_nested_branch_dag.py
[2025-04-23T04:51:02.754+0100] {logging_mixin.py:190} INFO - [2025-04-23T04:51:02.754+0100] {dag.py:3239} INFO - Sync 1 DAGs
[2025-04-23T04:51:02.760+0100] {logging_mixin.py:190} INFO - [2025-04-23T04:51:02.760+0100] {dag.py:4180} INFO - Setting next_dagrun for example_nested_branch_dag to 2025-04-22 00:00:00+00:00, run_after=2025-04-23 00:00:00+00:00
[2025-04-23T04:51:02.765+0100] {processor.py:208} INFO - Processing /Users/francisayanbadejo/venvs_projects/my_proj/lib/python3.9/site-packages/airflow/example_dags/example_nested_branch_dag.py took 0.055 seconds
[2025-04-23T04:52:57.822+0100] {processor.py:186} INFO - Started process (PID=73908) to work on /Users/francisayanbadejo/venvs_projects/my_proj/lib/python3.9/site-packages/airflow/example_dags/example_nested_branch_dag.py
[2025-04-23T04:52:57.824+0100] {processor.py:914} INFO - Processing file /Users/francisayanbadejo/venvs_projects/my_proj/lib/python3.9/site-packages/airflow/example_dags/example_nested_branch_dag.py for tasks to queue
[2025-04-23T04:52:57.824+0100] {logging_mixin.py:190} INFO - [2025-04-23T04:52:57.824+0100] {dagbag.py:588} INFO - Filling up the DagBag from /Users/francisayanbadejo/venvs_projects/my_proj/lib/python3.9/site-packages/airflow/example_dags/example_nested_branch_dag.py
[2025-04-23T04:52:57.835+0100] {processor.py:925} INFO - DAG(s) 'example_nested_branch_dag' retrieved from /Users/francisayanbadejo/venvs_projects/my_proj/lib/python3.9/site-packages/airflow/example_dags/example_nested_branch_dag.py
[2025-04-23T04:52:57.866+0100] {logging_mixin.py:190} INFO - [2025-04-23T04:52:57.866+0100] {dag.py:3239} INFO - Sync 1 DAGs
[2025-04-23T04:52:57.872+0100] {logging_mixin.py:190} INFO - [2025-04-23T04:52:57.872+0100] {dag.py:4180} INFO - Setting next_dagrun for example_nested_branch_dag to 2025-04-22 00:00:00+00:00, run_after=2025-04-23 00:00:00+00:00
[2025-04-23T04:52:57.877+0100] {processor.py:208} INFO - Processing /Users/francisayanbadejo/venvs_projects/my_proj/lib/python3.9/site-packages/airflow/example_dags/example_nested_branch_dag.py took 0.056 seconds
[2025-04-23T04:54:55.597+0100] {processor.py:186} INFO - Started process (PID=74196) to work on /Users/francisayanbadejo/venvs_projects/my_proj/lib/python3.9/site-packages/airflow/example_dags/example_nested_branch_dag.py
[2025-04-23T04:54:55.599+0100] {processor.py:914} INFO - Processing file /Users/francisayanbadejo/venvs_projects/my_proj/lib/python3.9/site-packages/airflow/example_dags/example_nested_branch_dag.py for tasks to queue
[2025-04-23T04:54:55.600+0100] {logging_mixin.py:190} INFO - [2025-04-23T04:54:55.600+0100] {dagbag.py:588} INFO - Filling up the DagBag from /Users/francisayanbadejo/venvs_projects/my_proj/lib/python3.9/site-packages/airflow/example_dags/example_nested_branch_dag.py
[2025-04-23T04:54:55.610+0100] {processor.py:925} INFO - DAG(s) 'example_nested_branch_dag' retrieved from /Users/francisayanbadejo/venvs_projects/my_proj/lib/python3.9/site-packages/airflow/example_dags/example_nested_branch_dag.py
[2025-04-23T04:54:55.642+0100] {logging_mixin.py:190} INFO - [2025-04-23T04:54:55.642+0100] {dag.py:3239} INFO - Sync 1 DAGs
[2025-04-23T04:54:55.648+0100] {logging_mixin.py:190} INFO - [2025-04-23T04:54:55.647+0100] {dag.py:4180} INFO - Setting next_dagrun for example_nested_branch_dag to 2025-04-22 00:00:00+00:00, run_after=2025-04-23 00:00:00+00:00
[2025-04-23T04:54:55.653+0100] {processor.py:208} INFO - Processing /Users/francisayanbadejo/venvs_projects/my_proj/lib/python3.9/site-packages/airflow/example_dags/example_nested_branch_dag.py took 0.056 seconds
[2025-04-23T04:56:49.697+0100] {processor.py:186} INFO - Started process (PID=74444) to work on /Users/francisayanbadejo/venvs_projects/my_proj/lib/python3.9/site-packages/airflow/example_dags/example_nested_branch_dag.py
[2025-04-23T04:56:49.700+0100] {processor.py:914} INFO - Processing file /Users/francisayanbadejo/venvs_projects/my_proj/lib/python3.9/site-packages/airflow/example_dags/example_nested_branch_dag.py for tasks to queue
[2025-04-23T04:56:49.701+0100] {logging_mixin.py:190} INFO - [2025-04-23T04:56:49.701+0100] {dagbag.py:588} INFO - Filling up the DagBag from /Users/francisayanbadejo/venvs_projects/my_proj/lib/python3.9/site-packages/airflow/example_dags/example_nested_branch_dag.py
[2025-04-23T04:56:49.711+0100] {processor.py:925} INFO - DAG(s) 'example_nested_branch_dag' retrieved from /Users/francisayanbadejo/venvs_projects/my_proj/lib/python3.9/site-packages/airflow/example_dags/example_nested_branch_dag.py
[2025-04-23T04:56:49.743+0100] {logging_mixin.py:190} INFO - [2025-04-23T04:56:49.743+0100] {dag.py:3239} INFO - Sync 1 DAGs
[2025-04-23T04:56:49.750+0100] {logging_mixin.py:190} INFO - [2025-04-23T04:56:49.749+0100] {dag.py:4180} INFO - Setting next_dagrun for example_nested_branch_dag to 2025-04-22 00:00:00+00:00, run_after=2025-04-23 00:00:00+00:00
[2025-04-23T04:56:49.755+0100] {processor.py:208} INFO - Processing /Users/francisayanbadejo/venvs_projects/my_proj/lib/python3.9/site-packages/airflow/example_dags/example_nested_branch_dag.py took 0.059 seconds
[2025-04-23T04:58:38.885+0100] {processor.py:186} INFO - Started process (PID=74760) to work on /Users/francisayanbadejo/venvs_projects/my_proj/lib/python3.9/site-packages/airflow/example_dags/example_nested_branch_dag.py
[2025-04-23T04:58:38.886+0100] {processor.py:914} INFO - Processing file /Users/francisayanbadejo/venvs_projects/my_proj/lib/python3.9/site-packages/airflow/example_dags/example_nested_branch_dag.py for tasks to queue
[2025-04-23T04:58:38.886+0100] {logging_mixin.py:190} INFO - [2025-04-23T04:58:38.886+0100] {dagbag.py:588} INFO - Filling up the DagBag from /Users/francisayanbadejo/venvs_projects/my_proj/lib/python3.9/site-packages/airflow/example_dags/example_nested_branch_dag.py
[2025-04-23T04:58:38.898+0100] {processor.py:925} INFO - DAG(s) 'example_nested_branch_dag' retrieved from /Users/francisayanbadejo/venvs_projects/my_proj/lib/python3.9/site-packages/airflow/example_dags/example_nested_branch_dag.py
[2025-04-23T04:58:38.931+0100] {logging_mixin.py:190} INFO - [2025-04-23T04:58:38.930+0100] {dag.py:3239} INFO - Sync 1 DAGs
[2025-04-23T04:58:38.937+0100] {logging_mixin.py:190} INFO - [2025-04-23T04:58:38.937+0100] {dag.py:4180} INFO - Setting next_dagrun for example_nested_branch_dag to 2025-04-22 00:00:00+00:00, run_after=2025-04-23 00:00:00+00:00
[2025-04-23T04:58:38.942+0100] {processor.py:208} INFO - Processing /Users/francisayanbadejo/venvs_projects/my_proj/lib/python3.9/site-packages/airflow/example_dags/example_nested_branch_dag.py took 0.058 seconds
[2025-04-23T05:00:27.371+0100] {processor.py:186} INFO - Started process (PID=74996) to work on /Users/francisayanbadejo/venvs_projects/my_proj/lib/python3.9/site-packages/airflow/example_dags/example_nested_branch_dag.py
[2025-04-23T05:00:27.373+0100] {processor.py:914} INFO - Processing file /Users/francisayanbadejo/venvs_projects/my_proj/lib/python3.9/site-packages/airflow/example_dags/example_nested_branch_dag.py for tasks to queue
[2025-04-23T05:00:27.373+0100] {logging_mixin.py:190} INFO - [2025-04-23T05:00:27.373+0100] {dagbag.py:588} INFO - Filling up the DagBag from /Users/francisayanbadejo/venvs_projects/my_proj/lib/python3.9/site-packages/airflow/example_dags/example_nested_branch_dag.py
[2025-04-23T05:00:27.384+0100] {processor.py:925} INFO - DAG(s) 'example_nested_branch_dag' retrieved from /Users/francisayanbadejo/venvs_projects/my_proj/lib/python3.9/site-packages/airflow/example_dags/example_nested_branch_dag.py
[2025-04-23T05:00:27.415+0100] {logging_mixin.py:190} INFO - [2025-04-23T05:00:27.415+0100] {dag.py:3239} INFO - Sync 1 DAGs
[2025-04-23T05:00:27.421+0100] {logging_mixin.py:190} INFO - [2025-04-23T05:00:27.421+0100] {dag.py:4180} INFO - Setting next_dagrun for example_nested_branch_dag to 2025-04-22 00:00:00+00:00, run_after=2025-04-23 00:00:00+00:00
[2025-04-23T05:00:27.426+0100] {processor.py:208} INFO - Processing /Users/francisayanbadejo/venvs_projects/my_proj/lib/python3.9/site-packages/airflow/example_dags/example_nested_branch_dag.py took 0.057 seconds
[2025-04-23T05:02:16.574+0100] {processor.py:186} INFO - Started process (PID=75236) to work on /Users/francisayanbadejo/venvs_projects/my_proj/lib/python3.9/site-packages/airflow/example_dags/example_nested_branch_dag.py
[2025-04-23T05:02:16.575+0100] {processor.py:914} INFO - Processing file /Users/francisayanbadejo/venvs_projects/my_proj/lib/python3.9/site-packages/airflow/example_dags/example_nested_branch_dag.py for tasks to queue
[2025-04-23T05:02:16.575+0100] {logging_mixin.py:190} INFO - [2025-04-23T05:02:16.575+0100] {dagbag.py:588} INFO - Filling up the DagBag from /Users/francisayanbadejo/venvs_projects/my_proj/lib/python3.9/site-packages/airflow/example_dags/example_nested_branch_dag.py
[2025-04-23T05:02:16.586+0100] {processor.py:925} INFO - DAG(s) 'example_nested_branch_dag' retrieved from /Users/francisayanbadejo/venvs_projects/my_proj/lib/python3.9/site-packages/airflow/example_dags/example_nested_branch_dag.py
[2025-04-23T05:02:16.617+0100] {logging_mixin.py:190} INFO - [2025-04-23T05:02:16.617+0100] {dag.py:3239} INFO - Sync 1 DAGs
[2025-04-23T05:02:16.623+0100] {logging_mixin.py:190} INFO - [2025-04-23T05:02:16.623+0100] {dag.py:4180} INFO - Setting next_dagrun for example_nested_branch_dag to 2025-04-22 00:00:00+00:00, run_after=2025-04-23 00:00:00+00:00
[2025-04-23T05:02:16.628+0100] {processor.py:208} INFO - Processing /Users/francisayanbadejo/venvs_projects/my_proj/lib/python3.9/site-packages/airflow/example_dags/example_nested_branch_dag.py took 0.056 seconds
[2025-04-23T05:04:09.677+0100] {processor.py:186} INFO - Started process (PID=75487) to work on /Users/francisayanbadejo/venvs_projects/my_proj/lib/python3.9/site-packages/airflow/example_dags/example_nested_branch_dag.py
[2025-04-23T05:04:09.679+0100] {processor.py:914} INFO - Processing file /Users/francisayanbadejo/venvs_projects/my_proj/lib/python3.9/site-packages/airflow/example_dags/example_nested_branch_dag.py for tasks to queue
[2025-04-23T05:04:09.680+0100] {logging_mixin.py:190} INFO - [2025-04-23T05:04:09.680+0100] {dagbag.py:588} INFO - Filling up the DagBag from /Users/francisayanbadejo/venvs_projects/my_proj/lib/python3.9/site-packages/airflow/example_dags/example_nested_branch_dag.py
[2025-04-23T05:04:09.690+0100] {processor.py:925} INFO - DAG(s) 'example_nested_branch_dag' retrieved from /Users/francisayanbadejo/venvs_projects/my_proj/lib/python3.9/site-packages/airflow/example_dags/example_nested_branch_dag.py
[2025-04-23T05:04:09.722+0100] {logging_mixin.py:190} INFO - [2025-04-23T05:04:09.722+0100] {dag.py:3239} INFO - Sync 1 DAGs
[2025-04-23T05:04:09.728+0100] {logging_mixin.py:190} INFO - [2025-04-23T05:04:09.728+0100] {dag.py:4180} INFO - Setting next_dagrun for example_nested_branch_dag to 2025-04-22 00:00:00+00:00, run_after=2025-04-23 00:00:00+00:00
[2025-04-23T05:04:09.733+0100] {processor.py:208} INFO - Processing /Users/francisayanbadejo/venvs_projects/my_proj/lib/python3.9/site-packages/airflow/example_dags/example_nested_branch_dag.py took 0.056 seconds
[2025-04-23T05:05:58.742+0100] {processor.py:186} INFO - Started process (PID=75735) to work on /Users/francisayanbadejo/venvs_projects/my_proj/lib/python3.9/site-packages/airflow/example_dags/example_nested_branch_dag.py
[2025-04-23T05:05:58.744+0100] {processor.py:914} INFO - Processing file /Users/francisayanbadejo/venvs_projects/my_proj/lib/python3.9/site-packages/airflow/example_dags/example_nested_branch_dag.py for tasks to queue
[2025-04-23T05:05:58.744+0100] {logging_mixin.py:190} INFO - [2025-04-23T05:05:58.744+0100] {dagbag.py:588} INFO - Filling up the DagBag from /Users/francisayanbadejo/venvs_projects/my_proj/lib/python3.9/site-packages/airflow/example_dags/example_nested_branch_dag.py
[2025-04-23T05:05:58.755+0100] {processor.py:925} INFO - DAG(s) 'example_nested_branch_dag' retrieved from /Users/francisayanbadejo/venvs_projects/my_proj/lib/python3.9/site-packages/airflow/example_dags/example_nested_branch_dag.py
[2025-04-23T05:05:58.786+0100] {logging_mixin.py:190} INFO - [2025-04-23T05:05:58.786+0100] {dag.py:3239} INFO - Sync 1 DAGs
[2025-04-23T05:05:58.791+0100] {logging_mixin.py:190} INFO - [2025-04-23T05:05:58.791+0100] {dag.py:4180} INFO - Setting next_dagrun for example_nested_branch_dag to 2025-04-22 00:00:00+00:00, run_after=2025-04-23 00:00:00+00:00
[2025-04-23T05:05:58.796+0100] {processor.py:208} INFO - Processing /Users/francisayanbadejo/venvs_projects/my_proj/lib/python3.9/site-packages/airflow/example_dags/example_nested_branch_dag.py took 0.055 seconds
[2025-04-23T05:07:51.934+0100] {processor.py:186} INFO - Started process (PID=75951) to work on /Users/francisayanbadejo/venvs_projects/my_proj/lib/python3.9/site-packages/airflow/example_dags/example_nested_branch_dag.py
[2025-04-23T05:07:51.936+0100] {processor.py:914} INFO - Processing file /Users/francisayanbadejo/venvs_projects/my_proj/lib/python3.9/site-packages/airflow/example_dags/example_nested_branch_dag.py for tasks to queue
[2025-04-23T05:07:51.937+0100] {logging_mixin.py:190} INFO - [2025-04-23T05:07:51.937+0100] {dagbag.py:588} INFO - Filling up the DagBag from /Users/francisayanbadejo/venvs_projects/my_proj/lib/python3.9/site-packages/airflow/example_dags/example_nested_branch_dag.py
[2025-04-23T05:07:51.949+0100] {processor.py:925} INFO - DAG(s) 'example_nested_branch_dag' retrieved from /Users/francisayanbadejo/venvs_projects/my_proj/lib/python3.9/site-packages/airflow/example_dags/example_nested_branch_dag.py
[2025-04-23T05:07:51.981+0100] {logging_mixin.py:190} INFO - [2025-04-23T05:07:51.981+0100] {dag.py:3239} INFO - Sync 1 DAGs
[2025-04-23T05:07:51.987+0100] {logging_mixin.py:190} INFO - [2025-04-23T05:07:51.987+0100] {dag.py:4180} INFO - Setting next_dagrun for example_nested_branch_dag to 2025-04-22 00:00:00+00:00, run_after=2025-04-23 00:00:00+00:00
[2025-04-23T05:07:51.991+0100] {processor.py:208} INFO - Processing /Users/francisayanbadejo/venvs_projects/my_proj/lib/python3.9/site-packages/airflow/example_dags/example_nested_branch_dag.py took 0.059 seconds
[2025-04-23T05:09:41.404+0100] {processor.py:186} INFO - Started process (PID=76487) to work on /Users/francisayanbadejo/venvs_projects/my_proj/lib/python3.9/site-packages/airflow/example_dags/example_nested_branch_dag.py
[2025-04-23T05:09:41.405+0100] {processor.py:914} INFO - Processing file /Users/francisayanbadejo/venvs_projects/my_proj/lib/python3.9/site-packages/airflow/example_dags/example_nested_branch_dag.py for tasks to queue
[2025-04-23T05:09:41.406+0100] {logging_mixin.py:190} INFO - [2025-04-23T05:09:41.406+0100] {dagbag.py:588} INFO - Filling up the DagBag from /Users/francisayanbadejo/venvs_projects/my_proj/lib/python3.9/site-packages/airflow/example_dags/example_nested_branch_dag.py
[2025-04-23T05:09:41.416+0100] {processor.py:925} INFO - DAG(s) 'example_nested_branch_dag' retrieved from /Users/francisayanbadejo/venvs_projects/my_proj/lib/python3.9/site-packages/airflow/example_dags/example_nested_branch_dag.py
[2025-04-23T05:09:41.449+0100] {logging_mixin.py:190} INFO - [2025-04-23T05:09:41.449+0100] {dag.py:3239} INFO - Sync 1 DAGs
[2025-04-23T05:09:41.455+0100] {logging_mixin.py:190} INFO - [2025-04-23T05:09:41.454+0100] {dag.py:4180} INFO - Setting next_dagrun for example_nested_branch_dag to 2025-04-22 00:00:00+00:00, run_after=2025-04-23 00:00:00+00:00
[2025-04-23T05:09:41.460+0100] {processor.py:208} INFO - Processing /Users/francisayanbadejo/venvs_projects/my_proj/lib/python3.9/site-packages/airflow/example_dags/example_nested_branch_dag.py took 0.057 seconds
[2025-04-23T05:19:07.728+0100] {processor.py:186} INFO - Started process (PID=77379) to work on /Users/francisayanbadejo/venvs_projects/my_proj/lib/python3.9/site-packages/airflow/example_dags/example_nested_branch_dag.py
[2025-04-23T05:19:07.730+0100] {processor.py:914} INFO - Processing file /Users/francisayanbadejo/venvs_projects/my_proj/lib/python3.9/site-packages/airflow/example_dags/example_nested_branch_dag.py for tasks to queue
[2025-04-23T05:19:07.731+0100] {logging_mixin.py:190} INFO - [2025-04-23T05:19:07.731+0100] {dagbag.py:588} INFO - Filling up the DagBag from /Users/francisayanbadejo/venvs_projects/my_proj/lib/python3.9/site-packages/airflow/example_dags/example_nested_branch_dag.py
[2025-04-23T05:19:07.745+0100] {processor.py:925} INFO - DAG(s) 'example_nested_branch_dag' retrieved from /Users/francisayanbadejo/venvs_projects/my_proj/lib/python3.9/site-packages/airflow/example_dags/example_nested_branch_dag.py
[2025-04-23T05:19:07.777+0100] {logging_mixin.py:190} INFO - [2025-04-23T05:19:07.777+0100] {dag.py:3239} INFO - Sync 1 DAGs
[2025-04-23T05:19:07.783+0100] {logging_mixin.py:190} INFO - [2025-04-23T05:19:07.783+0100] {dag.py:4180} INFO - Setting next_dagrun for example_nested_branch_dag to 2025-04-22 00:00:00+00:00, run_after=2025-04-23 00:00:00+00:00
[2025-04-23T05:19:07.788+0100] {processor.py:208} INFO - Processing /Users/francisayanbadejo/venvs_projects/my_proj/lib/python3.9/site-packages/airflow/example_dags/example_nested_branch_dag.py took 0.060 seconds
[2025-04-23T05:20:36.176+0100] {processor.py:186} INFO - Started process (PID=77522) to work on /Users/francisayanbadejo/venvs_projects/my_proj/lib/python3.9/site-packages/airflow/example_dags/example_nested_branch_dag.py
[2025-04-23T05:20:36.177+0100] {processor.py:914} INFO - Processing file /Users/francisayanbadejo/venvs_projects/my_proj/lib/python3.9/site-packages/airflow/example_dags/example_nested_branch_dag.py for tasks to queue
[2025-04-23T05:20:36.178+0100] {logging_mixin.py:190} INFO - [2025-04-23T05:20:36.178+0100] {dagbag.py:588} INFO - Filling up the DagBag from /Users/francisayanbadejo/venvs_projects/my_proj/lib/python3.9/site-packages/airflow/example_dags/example_nested_branch_dag.py
[2025-04-23T05:20:36.189+0100] {processor.py:925} INFO - DAG(s) 'example_nested_branch_dag' retrieved from /Users/francisayanbadejo/venvs_projects/my_proj/lib/python3.9/site-packages/airflow/example_dags/example_nested_branch_dag.py
[2025-04-23T05:20:36.219+0100] {logging_mixin.py:190} INFO - [2025-04-23T05:20:36.219+0100] {dag.py:3239} INFO - Sync 1 DAGs
[2025-04-23T05:20:36.225+0100] {logging_mixin.py:190} INFO - [2025-04-23T05:20:36.225+0100] {dag.py:4180} INFO - Setting next_dagrun for example_nested_branch_dag to 2025-04-22 00:00:00+00:00, run_after=2025-04-23 00:00:00+00:00
[2025-04-23T05:20:36.229+0100] {processor.py:208} INFO - Processing /Users/francisayanbadejo/venvs_projects/my_proj/lib/python3.9/site-packages/airflow/example_dags/example_nested_branch_dag.py took 0.055 seconds
