[2025-04-23T02:29:11.845+0100] {processor.py:186} INFO - Started process (PID=57735) to work on /Users/francisayanbadejo/venvs_projects/my_proj/lib/python3.9/site-packages/airflow/example_dags/example_dataset_alias_with_no_taskflow.py
[2025-04-23T02:29:11.846+0100] {processor.py:914} INFO - Processing file /Users/francisayanbadejo/venvs_projects/my_proj/lib/python3.9/site-packages/airflow/example_dags/example_dataset_alias_with_no_taskflow.py for tasks to queue
[2025-04-23T02:29:11.847+0100] {logging_mixin.py:190} INFO - [2025-04-23T02:29:11.847+0100] {dagbag.py:588} INFO - Filling up the DagBag from /Users/francisayanbadejo/venvs_projects/my_proj/lib/python3.9/site-packages/airflow/example_dags/example_dataset_alias_with_no_taskflow.py
[2025-04-23T02:29:11.903+0100] {processor.py:925} INFO - DAG(s) 'dataset_alias_example_alias_consumer_with_no_taskflow', 'dataset_s3_bucket_consumer_with_no_taskflow', 'dataset_alias_example_alias_producer_with_no_taskflow', 'dataset_s3_bucket_producer_with_no_taskflow' retrieved from /Users/francisayanbadejo/venvs_projects/my_proj/lib/python3.9/site-packages/airflow/example_dags/example_dataset_alias_with_no_taskflow.py
[2025-04-23T02:29:11.934+0100] {logging_mixin.py:190} INFO - [2025-04-23T02:29:11.934+0100] {override.py:1930} INFO - Created Permission View: can delete on DAG:dataset_alias_example_alias_consumer_with_no_taskflow
[2025-04-23T02:29:11.937+0100] {logging_mixin.py:190} INFO - [2025-04-23T02:29:11.937+0100] {override.py:1930} INFO - Created Permission View: can edit on DAG:dataset_alias_example_alias_consumer_with_no_taskflow
[2025-04-23T02:29:11.938+0100] {logging_mixin.py:190} INFO - [2025-04-23T02:29:11.938+0100] {override.py:1930} INFO - Created Permission View: can read on DAG:dataset_alias_example_alias_consumer_with_no_taskflow
[2025-04-23T02:29:11.940+0100] {logging_mixin.py:190} INFO - [2025-04-23T02:29:11.940+0100] {override.py:1930} INFO - Created Permission View: can delete on DAG Run:dataset_alias_example_alias_consumer_with_no_taskflow
[2025-04-23T02:29:11.942+0100] {logging_mixin.py:190} INFO - [2025-04-23T02:29:11.942+0100] {override.py:1930} INFO - Created Permission View: menu access on DAG Run:dataset_alias_example_alias_consumer_with_no_taskflow
[2025-04-23T02:29:11.943+0100] {logging_mixin.py:190} INFO - [2025-04-23T02:29:11.943+0100] {override.py:1930} INFO - Created Permission View: can create on DAG Run:dataset_alias_example_alias_consumer_with_no_taskflow
[2025-04-23T02:29:11.944+0100] {logging_mixin.py:190} INFO - [2025-04-23T02:29:11.944+0100] {override.py:1930} INFO - Created Permission View: can read on DAG Run:dataset_alias_example_alias_consumer_with_no_taskflow
[2025-04-23T02:29:11.948+0100] {logging_mixin.py:190} INFO - [2025-04-23T02:29:11.948+0100] {override.py:1930} INFO - Created Permission View: can delete on DAG:dataset_s3_bucket_consumer_with_no_taskflow
[2025-04-23T02:29:11.949+0100] {logging_mixin.py:190} INFO - [2025-04-23T02:29:11.949+0100] {override.py:1930} INFO - Created Permission View: can edit on DAG:dataset_s3_bucket_consumer_with_no_taskflow
[2025-04-23T02:29:11.950+0100] {logging_mixin.py:190} INFO - [2025-04-23T02:29:11.950+0100] {override.py:1930} INFO - Created Permission View: can read on DAG:dataset_s3_bucket_consumer_with_no_taskflow
[2025-04-23T02:29:11.952+0100] {logging_mixin.py:190} INFO - [2025-04-23T02:29:11.952+0100] {override.py:1930} INFO - Created Permission View: can delete on DAG Run:dataset_s3_bucket_consumer_with_no_taskflow
[2025-04-23T02:29:11.953+0100] {logging_mixin.py:190} INFO - [2025-04-23T02:29:11.953+0100] {override.py:1930} INFO - Created Permission View: menu access on DAG Run:dataset_s3_bucket_consumer_with_no_taskflow
[2025-04-23T02:29:11.955+0100] {logging_mixin.py:190} INFO - [2025-04-23T02:29:11.955+0100] {override.py:1930} INFO - Created Permission View: can create on DAG Run:dataset_s3_bucket_consumer_with_no_taskflow
[2025-04-23T02:29:11.957+0100] {logging_mixin.py:190} INFO - [2025-04-23T02:29:11.956+0100] {override.py:1930} INFO - Created Permission View: can read on DAG Run:dataset_s3_bucket_consumer_with_no_taskflow
[2025-04-23T02:29:11.960+0100] {logging_mixin.py:190} INFO - [2025-04-23T02:29:11.960+0100] {override.py:1930} INFO - Created Permission View: can delete on DAG:dataset_alias_example_alias_producer_with_no_taskflow
[2025-04-23T02:29:11.961+0100] {logging_mixin.py:190} INFO - [2025-04-23T02:29:11.961+0100] {override.py:1930} INFO - Created Permission View: can edit on DAG:dataset_alias_example_alias_producer_with_no_taskflow
[2025-04-23T02:29:11.963+0100] {logging_mixin.py:190} INFO - [2025-04-23T02:29:11.963+0100] {override.py:1930} INFO - Created Permission View: can read on DAG:dataset_alias_example_alias_producer_with_no_taskflow
[2025-04-23T02:29:11.964+0100] {logging_mixin.py:190} INFO - [2025-04-23T02:29:11.964+0100] {override.py:1930} INFO - Created Permission View: can delete on DAG Run:dataset_alias_example_alias_producer_with_no_taskflow
[2025-04-23T02:29:11.966+0100] {logging_mixin.py:190} INFO - [2025-04-23T02:29:11.966+0100] {override.py:1930} INFO - Created Permission View: menu access on DAG Run:dataset_alias_example_alias_producer_with_no_taskflow
[2025-04-23T02:29:11.967+0100] {logging_mixin.py:190} INFO - [2025-04-23T02:29:11.967+0100] {override.py:1930} INFO - Created Permission View: can create on DAG Run:dataset_alias_example_alias_producer_with_no_taskflow
[2025-04-23T02:29:11.969+0100] {logging_mixin.py:190} INFO - [2025-04-23T02:29:11.969+0100] {override.py:1930} INFO - Created Permission View: can read on DAG Run:dataset_alias_example_alias_producer_with_no_taskflow
[2025-04-23T02:29:11.972+0100] {logging_mixin.py:190} INFO - [2025-04-23T02:29:11.971+0100] {override.py:1930} INFO - Created Permission View: can delete on DAG:dataset_s3_bucket_producer_with_no_taskflow
[2025-04-23T02:29:11.973+0100] {logging_mixin.py:190} INFO - [2025-04-23T02:29:11.973+0100] {override.py:1930} INFO - Created Permission View: can edit on DAG:dataset_s3_bucket_producer_with_no_taskflow
[2025-04-23T02:29:11.974+0100] {logging_mixin.py:190} INFO - [2025-04-23T02:29:11.974+0100] {override.py:1930} INFO - Created Permission View: can read on DAG:dataset_s3_bucket_producer_with_no_taskflow
[2025-04-23T02:29:11.976+0100] {logging_mixin.py:190} INFO - [2025-04-23T02:29:11.976+0100] {override.py:1930} INFO - Created Permission View: can delete on DAG Run:dataset_s3_bucket_producer_with_no_taskflow
[2025-04-23T02:29:11.978+0100] {logging_mixin.py:190} INFO - [2025-04-23T02:29:11.978+0100] {override.py:1930} INFO - Created Permission View: menu access on DAG Run:dataset_s3_bucket_producer_with_no_taskflow
[2025-04-23T02:29:11.979+0100] {logging_mixin.py:190} INFO - [2025-04-23T02:29:11.979+0100] {override.py:1930} INFO - Created Permission View: can create on DAG Run:dataset_s3_bucket_producer_with_no_taskflow
[2025-04-23T02:29:11.981+0100] {logging_mixin.py:190} INFO - [2025-04-23T02:29:11.981+0100] {override.py:1930} INFO - Created Permission View: can read on DAG Run:dataset_s3_bucket_producer_with_no_taskflow
[2025-04-23T02:29:11.981+0100] {logging_mixin.py:190} INFO - [2025-04-23T02:29:11.981+0100] {dag.py:3239} INFO - Sync 4 DAGs
[2025-04-23T02:29:11.985+0100] {logging_mixin.py:190} INFO - [2025-04-23T02:29:11.985+0100] {dag.py:3262} INFO - Creating ORM DAG for dataset_alias_example_alias_producer_with_no_taskflow
[2025-04-23T02:29:11.985+0100] {logging_mixin.py:190} INFO - [2025-04-23T02:29:11.985+0100] {dag.py:3262} INFO - Creating ORM DAG for dataset_s3_bucket_producer_with_no_taskflow
[2025-04-23T02:29:11.985+0100] {logging_mixin.py:190} INFO - [2025-04-23T02:29:11.985+0100] {dag.py:3262} INFO - Creating ORM DAG for dataset_s3_bucket_consumer_with_no_taskflow
[2025-04-23T02:29:11.985+0100] {logging_mixin.py:190} INFO - [2025-04-23T02:29:11.985+0100] {dag.py:3262} INFO - Creating ORM DAG for dataset_alias_example_alias_consumer_with_no_taskflow
[2025-04-23T02:29:11.987+0100] {logging_mixin.py:190} INFO - [2025-04-23T02:29:11.987+0100] {dag.py:4180} INFO - Setting next_dagrun for dataset_alias_example_alias_consumer_with_no_taskflow to None, run_after=None
[2025-04-23T02:29:11.987+0100] {logging_mixin.py:190} INFO - [2025-04-23T02:29:11.987+0100] {dag.py:4180} INFO - Setting next_dagrun for dataset_alias_example_alias_producer_with_no_taskflow to None, run_after=None
[2025-04-23T02:29:11.988+0100] {logging_mixin.py:190} INFO - [2025-04-23T02:29:11.988+0100] {dag.py:4180} INFO - Setting next_dagrun for dataset_s3_bucket_consumer_with_no_taskflow to None, run_after=None
[2025-04-23T02:29:11.988+0100] {logging_mixin.py:190} INFO - [2025-04-23T02:29:11.988+0100] {dag.py:4180} INFO - Setting next_dagrun for dataset_s3_bucket_producer_with_no_taskflow to None, run_after=None
[2025-04-23T02:29:12.126+0100] {processor.py:208} INFO - Processing /Users/francisayanbadejo/venvs_projects/my_proj/lib/python3.9/site-packages/airflow/example_dags/example_dataset_alias_with_no_taskflow.py took 0.282 seconds
[2025-04-23T02:31:04.257+0100] {processor.py:186} INFO - Started process (PID=57947) to work on /Users/francisayanbadejo/venvs_projects/my_proj/lib/python3.9/site-packages/airflow/example_dags/example_dataset_alias_with_no_taskflow.py
[2025-04-23T02:31:04.259+0100] {processor.py:914} INFO - Processing file /Users/francisayanbadejo/venvs_projects/my_proj/lib/python3.9/site-packages/airflow/example_dags/example_dataset_alias_with_no_taskflow.py for tasks to queue
[2025-04-23T02:31:04.260+0100] {logging_mixin.py:190} INFO - [2025-04-23T02:31:04.260+0100] {dagbag.py:588} INFO - Filling up the DagBag from /Users/francisayanbadejo/venvs_projects/my_proj/lib/python3.9/site-packages/airflow/example_dags/example_dataset_alias_with_no_taskflow.py
[2025-04-23T02:31:04.319+0100] {processor.py:925} INFO - DAG(s) 'dataset_alias_example_alias_producer_with_no_taskflow', 'dataset_s3_bucket_producer_with_no_taskflow', 'dataset_alias_example_alias_consumer_with_no_taskflow', 'dataset_s3_bucket_consumer_with_no_taskflow' retrieved from /Users/francisayanbadejo/venvs_projects/my_proj/lib/python3.9/site-packages/airflow/example_dags/example_dataset_alias_with_no_taskflow.py
[2025-04-23T02:31:04.327+0100] {logging_mixin.py:190} INFO - [2025-04-23T02:31:04.326+0100] {dag.py:3239} INFO - Sync 4 DAGs
[2025-04-23T02:31:04.332+0100] {logging_mixin.py:190} INFO - [2025-04-23T02:31:04.332+0100] {dag.py:4180} INFO - Setting next_dagrun for dataset_alias_example_alias_consumer_with_no_taskflow to None, run_after=None
[2025-04-23T02:31:04.333+0100] {logging_mixin.py:190} INFO - [2025-04-23T02:31:04.333+0100] {dag.py:4180} INFO - Setting next_dagrun for dataset_alias_example_alias_producer_with_no_taskflow to None, run_after=None
[2025-04-23T02:31:04.333+0100] {logging_mixin.py:190} INFO - [2025-04-23T02:31:04.333+0100] {dag.py:4180} INFO - Setting next_dagrun for dataset_s3_bucket_consumer_with_no_taskflow to None, run_after=None
[2025-04-23T02:31:04.334+0100] {logging_mixin.py:190} INFO - [2025-04-23T02:31:04.334+0100] {dag.py:4180} INFO - Setting next_dagrun for dataset_s3_bucket_producer_with_no_taskflow to None, run_after=None
[2025-04-23T02:31:04.339+0100] {processor.py:208} INFO - Processing /Users/francisayanbadejo/venvs_projects/my_proj/lib/python3.9/site-packages/airflow/example_dags/example_dataset_alias_with_no_taskflow.py took 0.083 seconds
[2025-04-23T02:32:53.094+0100] {processor.py:186} INFO - Started process (PID=58186) to work on /Users/francisayanbadejo/venvs_projects/my_proj/lib/python3.9/site-packages/airflow/example_dags/example_dataset_alias_with_no_taskflow.py
[2025-04-23T02:32:53.095+0100] {processor.py:914} INFO - Processing file /Users/francisayanbadejo/venvs_projects/my_proj/lib/python3.9/site-packages/airflow/example_dags/example_dataset_alias_with_no_taskflow.py for tasks to queue
[2025-04-23T02:32:53.096+0100] {logging_mixin.py:190} INFO - [2025-04-23T02:32:53.096+0100] {dagbag.py:588} INFO - Filling up the DagBag from /Users/francisayanbadejo/venvs_projects/my_proj/lib/python3.9/site-packages/airflow/example_dags/example_dataset_alias_with_no_taskflow.py
[2025-04-23T02:32:53.152+0100] {processor.py:925} INFO - DAG(s) 'dataset_alias_example_alias_consumer_with_no_taskflow', 'dataset_s3_bucket_producer_with_no_taskflow', 'dataset_alias_example_alias_producer_with_no_taskflow', 'dataset_s3_bucket_consumer_with_no_taskflow' retrieved from /Users/francisayanbadejo/venvs_projects/my_proj/lib/python3.9/site-packages/airflow/example_dags/example_dataset_alias_with_no_taskflow.py
[2025-04-23T02:32:53.159+0100] {logging_mixin.py:190} INFO - [2025-04-23T02:32:53.159+0100] {dag.py:3239} INFO - Sync 4 DAGs
[2025-04-23T02:32:53.164+0100] {logging_mixin.py:190} INFO - [2025-04-23T02:32:53.164+0100] {dag.py:4180} INFO - Setting next_dagrun for dataset_alias_example_alias_consumer_with_no_taskflow to None, run_after=None
[2025-04-23T02:32:53.165+0100] {logging_mixin.py:190} INFO - [2025-04-23T02:32:53.165+0100] {dag.py:4180} INFO - Setting next_dagrun for dataset_alias_example_alias_producer_with_no_taskflow to None, run_after=None
[2025-04-23T02:32:53.165+0100] {logging_mixin.py:190} INFO - [2025-04-23T02:32:53.165+0100] {dag.py:4180} INFO - Setting next_dagrun for dataset_s3_bucket_consumer_with_no_taskflow to None, run_after=None
[2025-04-23T02:32:53.166+0100] {logging_mixin.py:190} INFO - [2025-04-23T02:32:53.166+0100] {dag.py:4180} INFO - Setting next_dagrun for dataset_s3_bucket_producer_with_no_taskflow to None, run_after=None
[2025-04-23T02:32:53.171+0100] {processor.py:208} INFO - Processing /Users/francisayanbadejo/venvs_projects/my_proj/lib/python3.9/site-packages/airflow/example_dags/example_dataset_alias_with_no_taskflow.py took 0.078 seconds
[2025-04-23T02:35:01.487+0100] {processor.py:186} INFO - Started process (PID=58525) to work on /Users/francisayanbadejo/venvs_projects/my_proj/lib/python3.9/site-packages/airflow/example_dags/example_dataset_alias_with_no_taskflow.py
[2025-04-23T02:35:01.488+0100] {processor.py:914} INFO - Processing file /Users/francisayanbadejo/venvs_projects/my_proj/lib/python3.9/site-packages/airflow/example_dags/example_dataset_alias_with_no_taskflow.py for tasks to queue
[2025-04-23T02:35:01.489+0100] {logging_mixin.py:190} INFO - [2025-04-23T02:35:01.489+0100] {dagbag.py:588} INFO - Filling up the DagBag from /Users/francisayanbadejo/venvs_projects/my_proj/lib/python3.9/site-packages/airflow/example_dags/example_dataset_alias_with_no_taskflow.py
[2025-04-23T02:35:01.546+0100] {processor.py:925} INFO - DAG(s) 'dataset_alias_example_alias_consumer_with_no_taskflow', 'dataset_s3_bucket_consumer_with_no_taskflow', 'dataset_s3_bucket_producer_with_no_taskflow', 'dataset_alias_example_alias_producer_with_no_taskflow' retrieved from /Users/francisayanbadejo/venvs_projects/my_proj/lib/python3.9/site-packages/airflow/example_dags/example_dataset_alias_with_no_taskflow.py
[2025-04-23T02:35:01.553+0100] {logging_mixin.py:190} INFO - [2025-04-23T02:35:01.552+0100] {dag.py:3239} INFO - Sync 4 DAGs
[2025-04-23T02:35:01.558+0100] {logging_mixin.py:190} INFO - [2025-04-23T02:35:01.558+0100] {dag.py:4180} INFO - Setting next_dagrun for dataset_alias_example_alias_consumer_with_no_taskflow to None, run_after=None
[2025-04-23T02:35:01.559+0100] {logging_mixin.py:190} INFO - [2025-04-23T02:35:01.559+0100] {dag.py:4180} INFO - Setting next_dagrun for dataset_alias_example_alias_producer_with_no_taskflow to None, run_after=None
[2025-04-23T02:35:01.559+0100] {logging_mixin.py:190} INFO - [2025-04-23T02:35:01.559+0100] {dag.py:4180} INFO - Setting next_dagrun for dataset_s3_bucket_consumer_with_no_taskflow to None, run_after=None
[2025-04-23T02:35:01.559+0100] {logging_mixin.py:190} INFO - [2025-04-23T02:35:01.559+0100] {dag.py:4180} INFO - Setting next_dagrun for dataset_s3_bucket_producer_with_no_taskflow to None, run_after=None
[2025-04-23T02:35:01.565+0100] {processor.py:208} INFO - Processing /Users/francisayanbadejo/venvs_projects/my_proj/lib/python3.9/site-packages/airflow/example_dags/example_dataset_alias_with_no_taskflow.py took 0.079 seconds
[2025-04-23T02:36:50.131+0100] {processor.py:186} INFO - Started process (PID=58690) to work on /Users/francisayanbadejo/venvs_projects/my_proj/lib/python3.9/site-packages/airflow/example_dags/example_dataset_alias_with_no_taskflow.py
[2025-04-23T02:36:50.133+0100] {processor.py:914} INFO - Processing file /Users/francisayanbadejo/venvs_projects/my_proj/lib/python3.9/site-packages/airflow/example_dags/example_dataset_alias_with_no_taskflow.py for tasks to queue
[2025-04-23T02:36:50.134+0100] {logging_mixin.py:190} INFO - [2025-04-23T02:36:50.134+0100] {dagbag.py:588} INFO - Filling up the DagBag from /Users/francisayanbadejo/venvs_projects/my_proj/lib/python3.9/site-packages/airflow/example_dags/example_dataset_alias_with_no_taskflow.py
[2025-04-23T02:36:50.190+0100] {processor.py:925} INFO - DAG(s) 'dataset_alias_example_alias_producer_with_no_taskflow', 'dataset_alias_example_alias_consumer_with_no_taskflow', 'dataset_s3_bucket_producer_with_no_taskflow', 'dataset_s3_bucket_consumer_with_no_taskflow' retrieved from /Users/francisayanbadejo/venvs_projects/my_proj/lib/python3.9/site-packages/airflow/example_dags/example_dataset_alias_with_no_taskflow.py
[2025-04-23T02:36:50.197+0100] {logging_mixin.py:190} INFO - [2025-04-23T02:36:50.196+0100] {dag.py:3239} INFO - Sync 4 DAGs
[2025-04-23T02:36:50.202+0100] {logging_mixin.py:190} INFO - [2025-04-23T02:36:50.202+0100] {dag.py:4180} INFO - Setting next_dagrun for dataset_alias_example_alias_consumer_with_no_taskflow to None, run_after=None
[2025-04-23T02:36:50.202+0100] {logging_mixin.py:190} INFO - [2025-04-23T02:36:50.202+0100] {dag.py:4180} INFO - Setting next_dagrun for dataset_alias_example_alias_producer_with_no_taskflow to None, run_after=None
[2025-04-23T02:36:50.203+0100] {logging_mixin.py:190} INFO - [2025-04-23T02:36:50.203+0100] {dag.py:4180} INFO - Setting next_dagrun for dataset_s3_bucket_consumer_with_no_taskflow to None, run_after=None
[2025-04-23T02:36:50.203+0100] {logging_mixin.py:190} INFO - [2025-04-23T02:36:50.203+0100] {dag.py:4180} INFO - Setting next_dagrun for dataset_s3_bucket_producer_with_no_taskflow to None, run_after=None
[2025-04-23T02:36:50.209+0100] {processor.py:208} INFO - Processing /Users/francisayanbadejo/venvs_projects/my_proj/lib/python3.9/site-packages/airflow/example_dags/example_dataset_alias_with_no_taskflow.py took 0.079 seconds
[2025-04-23T02:38:39.763+0100] {processor.py:186} INFO - Started process (PID=59021) to work on /Users/francisayanbadejo/venvs_projects/my_proj/lib/python3.9/site-packages/airflow/example_dags/example_dataset_alias_with_no_taskflow.py
[2025-04-23T02:38:39.764+0100] {processor.py:914} INFO - Processing file /Users/francisayanbadejo/venvs_projects/my_proj/lib/python3.9/site-packages/airflow/example_dags/example_dataset_alias_with_no_taskflow.py for tasks to queue
[2025-04-23T02:38:39.765+0100] {logging_mixin.py:190} INFO - [2025-04-23T02:38:39.765+0100] {dagbag.py:588} INFO - Filling up the DagBag from /Users/francisayanbadejo/venvs_projects/my_proj/lib/python3.9/site-packages/airflow/example_dags/example_dataset_alias_with_no_taskflow.py
[2025-04-23T02:38:39.822+0100] {processor.py:925} INFO - DAG(s) 'dataset_alias_example_alias_producer_with_no_taskflow', 'dataset_alias_example_alias_consumer_with_no_taskflow', 'dataset_s3_bucket_consumer_with_no_taskflow', 'dataset_s3_bucket_producer_with_no_taskflow' retrieved from /Users/francisayanbadejo/venvs_projects/my_proj/lib/python3.9/site-packages/airflow/example_dags/example_dataset_alias_with_no_taskflow.py
[2025-04-23T02:38:39.829+0100] {logging_mixin.py:190} INFO - [2025-04-23T02:38:39.829+0100] {dag.py:3239} INFO - Sync 4 DAGs
[2025-04-23T02:38:39.834+0100] {logging_mixin.py:190} INFO - [2025-04-23T02:38:39.834+0100] {dag.py:4180} INFO - Setting next_dagrun for dataset_alias_example_alias_consumer_with_no_taskflow to None, run_after=None
[2025-04-23T02:38:39.835+0100] {logging_mixin.py:190} INFO - [2025-04-23T02:38:39.835+0100] {dag.py:4180} INFO - Setting next_dagrun for dataset_alias_example_alias_producer_with_no_taskflow to None, run_after=None
[2025-04-23T02:38:39.835+0100] {logging_mixin.py:190} INFO - [2025-04-23T02:38:39.835+0100] {dag.py:4180} INFO - Setting next_dagrun for dataset_s3_bucket_consumer_with_no_taskflow to None, run_after=None
[2025-04-23T02:38:39.835+0100] {logging_mixin.py:190} INFO - [2025-04-23T02:38:39.835+0100] {dag.py:4180} INFO - Setting next_dagrun for dataset_s3_bucket_producer_with_no_taskflow to None, run_after=None
[2025-04-23T02:38:39.841+0100] {processor.py:208} INFO - Processing /Users/francisayanbadejo/venvs_projects/my_proj/lib/python3.9/site-packages/airflow/example_dags/example_dataset_alias_with_no_taskflow.py took 0.079 seconds
