[2025-04-23T02:29:13.760+0100] {processor.py:186} INFO - Started process (PID=57737) to work on /Users/francisayanbadejo/venvs_projects/my_proj/lib/python3.9/site-packages/airflow/example_dags/example_dataset_alias.py
[2025-04-23T02:29:13.761+0100] {processor.py:914} INFO - Processing file /Users/francisayanbadejo/venvs_projects/my_proj/lib/python3.9/site-packages/airflow/example_dags/example_dataset_alias.py for tasks to queue
[2025-04-23T02:29:13.762+0100] {logging_mixin.py:190} INFO - [2025-04-23T02:29:13.762+0100] {dagbag.py:588} INFO - Filling up the DagBag from /Users/francisayanbadejo/venvs_projects/my_proj/lib/python3.9/site-packages/airflow/example_dags/example_dataset_alias.py
[2025-04-23T02:29:13.820+0100] {processor.py:925} INFO - DAG(s) 'dataset_s3_bucket_producer', 'dataset_alias_example_alias_producer', 'dataset_s3_bucket_consumer', 'dataset_alias_example_alias_consumer' retrieved from /Users/francisayanbadejo/venvs_projects/my_proj/lib/python3.9/site-packages/airflow/example_dags/example_dataset_alias.py
[2025-04-23T02:29:13.849+0100] {logging_mixin.py:190} INFO - [2025-04-23T02:29:13.849+0100] {override.py:1930} INFO - Created Permission View: can read on DAG:dataset_s3_bucket_producer
[2025-04-23T02:29:13.851+0100] {logging_mixin.py:190} INFO - [2025-04-23T02:29:13.851+0100] {override.py:1930} INFO - Created Permission View: can edit on DAG:dataset_s3_bucket_producer
[2025-04-23T02:29:13.853+0100] {logging_mixin.py:190} INFO - [2025-04-23T02:29:13.853+0100] {override.py:1930} INFO - Created Permission View: can delete on DAG:dataset_s3_bucket_producer
[2025-04-23T02:29:13.855+0100] {logging_mixin.py:190} INFO - [2025-04-23T02:29:13.855+0100] {override.py:1930} INFO - Created Permission View: can read on DAG Run:dataset_s3_bucket_producer
[2025-04-23T02:29:13.856+0100] {logging_mixin.py:190} INFO - [2025-04-23T02:29:13.856+0100] {override.py:1930} INFO - Created Permission View: menu access on DAG Run:dataset_s3_bucket_producer
[2025-04-23T02:29:13.857+0100] {logging_mixin.py:190} INFO - [2025-04-23T02:29:13.857+0100] {override.py:1930} INFO - Created Permission View: can delete on DAG Run:dataset_s3_bucket_producer
[2025-04-23T02:29:13.859+0100] {logging_mixin.py:190} INFO - [2025-04-23T02:29:13.859+0100] {override.py:1930} INFO - Created Permission View: can create on DAG Run:dataset_s3_bucket_producer
[2025-04-23T02:29:13.862+0100] {logging_mixin.py:190} INFO - [2025-04-23T02:29:13.862+0100] {override.py:1930} INFO - Created Permission View: can read on DAG:dataset_alias_example_alias_producer
[2025-04-23T02:29:13.864+0100] {logging_mixin.py:190} INFO - [2025-04-23T02:29:13.864+0100] {override.py:1930} INFO - Created Permission View: can edit on DAG:dataset_alias_example_alias_producer
[2025-04-23T02:29:13.865+0100] {logging_mixin.py:190} INFO - [2025-04-23T02:29:13.865+0100] {override.py:1930} INFO - Created Permission View: can delete on DAG:dataset_alias_example_alias_producer
[2025-04-23T02:29:13.867+0100] {logging_mixin.py:190} INFO - [2025-04-23T02:29:13.867+0100] {override.py:1930} INFO - Created Permission View: can read on DAG Run:dataset_alias_example_alias_producer
[2025-04-23T02:29:13.868+0100] {logging_mixin.py:190} INFO - [2025-04-23T02:29:13.868+0100] {override.py:1930} INFO - Created Permission View: menu access on DAG Run:dataset_alias_example_alias_producer
[2025-04-23T02:29:13.870+0100] {logging_mixin.py:190} INFO - [2025-04-23T02:29:13.870+0100] {override.py:1930} INFO - Created Permission View: can delete on DAG Run:dataset_alias_example_alias_producer
[2025-04-23T02:29:13.871+0100] {logging_mixin.py:190} INFO - [2025-04-23T02:29:13.871+0100] {override.py:1930} INFO - Created Permission View: can create on DAG Run:dataset_alias_example_alias_producer
[2025-04-23T02:29:13.874+0100] {logging_mixin.py:190} INFO - [2025-04-23T02:29:13.874+0100] {override.py:1930} INFO - Created Permission View: can read on DAG:dataset_s3_bucket_consumer
[2025-04-23T02:29:13.876+0100] {logging_mixin.py:190} INFO - [2025-04-23T02:29:13.876+0100] {override.py:1930} INFO - Created Permission View: can edit on DAG:dataset_s3_bucket_consumer
[2025-04-23T02:29:13.877+0100] {logging_mixin.py:190} INFO - [2025-04-23T02:29:13.877+0100] {override.py:1930} INFO - Created Permission View: can delete on DAG:dataset_s3_bucket_consumer
[2025-04-23T02:29:13.879+0100] {logging_mixin.py:190} INFO - [2025-04-23T02:29:13.879+0100] {override.py:1930} INFO - Created Permission View: can read on DAG Run:dataset_s3_bucket_consumer
[2025-04-23T02:29:13.881+0100] {logging_mixin.py:190} INFO - [2025-04-23T02:29:13.881+0100] {override.py:1930} INFO - Created Permission View: menu access on DAG Run:dataset_s3_bucket_consumer
[2025-04-23T02:29:13.882+0100] {logging_mixin.py:190} INFO - [2025-04-23T02:29:13.882+0100] {override.py:1930} INFO - Created Permission View: can delete on DAG Run:dataset_s3_bucket_consumer
[2025-04-23T02:29:13.884+0100] {logging_mixin.py:190} INFO - [2025-04-23T02:29:13.883+0100] {override.py:1930} INFO - Created Permission View: can create on DAG Run:dataset_s3_bucket_consumer
[2025-04-23T02:29:13.886+0100] {logging_mixin.py:190} INFO - [2025-04-23T02:29:13.886+0100] {override.py:1930} INFO - Created Permission View: can read on DAG:dataset_alias_example_alias_consumer
[2025-04-23T02:29:13.888+0100] {logging_mixin.py:190} INFO - [2025-04-23T02:29:13.888+0100] {override.py:1930} INFO - Created Permission View: can edit on DAG:dataset_alias_example_alias_consumer
[2025-04-23T02:29:13.890+0100] {logging_mixin.py:190} INFO - [2025-04-23T02:29:13.890+0100] {override.py:1930} INFO - Created Permission View: can delete on DAG:dataset_alias_example_alias_consumer
[2025-04-23T02:29:13.892+0100] {logging_mixin.py:190} INFO - [2025-04-23T02:29:13.892+0100] {override.py:1930} INFO - Created Permission View: can read on DAG Run:dataset_alias_example_alias_consumer
[2025-04-23T02:29:13.893+0100] {logging_mixin.py:190} INFO - [2025-04-23T02:29:13.893+0100] {override.py:1930} INFO - Created Permission View: menu access on DAG Run:dataset_alias_example_alias_consumer
[2025-04-23T02:29:13.895+0100] {logging_mixin.py:190} INFO - [2025-04-23T02:29:13.895+0100] {override.py:1930} INFO - Created Permission View: can delete on DAG Run:dataset_alias_example_alias_consumer
[2025-04-23T02:29:13.896+0100] {logging_mixin.py:190} INFO - [2025-04-23T02:29:13.896+0100] {override.py:1930} INFO - Created Permission View: can create on DAG Run:dataset_alias_example_alias_consumer
[2025-04-23T02:29:13.896+0100] {logging_mixin.py:190} INFO - [2025-04-23T02:29:13.896+0100] {dag.py:3239} INFO - Sync 4 DAGs
[2025-04-23T02:29:13.899+0100] {logging_mixin.py:190} INFO - [2025-04-23T02:29:13.899+0100] {dag.py:3262} INFO - Creating ORM DAG for dataset_alias_example_alias_consumer
[2025-04-23T02:29:13.900+0100] {logging_mixin.py:190} INFO - [2025-04-23T02:29:13.900+0100] {dag.py:3262} INFO - Creating ORM DAG for dataset_s3_bucket_consumer
[2025-04-23T02:29:13.900+0100] {logging_mixin.py:190} INFO - [2025-04-23T02:29:13.900+0100] {dag.py:3262} INFO - Creating ORM DAG for dataset_alias_example_alias_producer
[2025-04-23T02:29:13.900+0100] {logging_mixin.py:190} INFO - [2025-04-23T02:29:13.900+0100] {dag.py:3262} INFO - Creating ORM DAG for dataset_s3_bucket_producer
[2025-04-23T02:29:13.902+0100] {logging_mixin.py:190} INFO - [2025-04-23T02:29:13.902+0100] {dag.py:4180} INFO - Setting next_dagrun for dataset_alias_example_alias_consumer to None, run_after=None
[2025-04-23T02:29:13.902+0100] {logging_mixin.py:190} INFO - [2025-04-23T02:29:13.902+0100] {dag.py:4180} INFO - Setting next_dagrun for dataset_alias_example_alias_producer to None, run_after=None
[2025-04-23T02:29:13.902+0100] {logging_mixin.py:190} INFO - [2025-04-23T02:29:13.902+0100] {dag.py:4180} INFO - Setting next_dagrun for dataset_s3_bucket_consumer to None, run_after=None
[2025-04-23T02:29:13.902+0100] {logging_mixin.py:190} INFO - [2025-04-23T02:29:13.902+0100] {dag.py:4180} INFO - Setting next_dagrun for dataset_s3_bucket_producer to None, run_after=None
[2025-04-23T02:29:14.036+0100] {processor.py:208} INFO - Processing /Users/francisayanbadejo/venvs_projects/my_proj/lib/python3.9/site-packages/airflow/example_dags/example_dataset_alias.py took 0.276 seconds
[2025-04-23T02:31:05.954+0100] {processor.py:186} INFO - Started process (PID=57949) to work on /Users/francisayanbadejo/venvs_projects/my_proj/lib/python3.9/site-packages/airflow/example_dags/example_dataset_alias.py
[2025-04-23T02:31:05.957+0100] {processor.py:914} INFO - Processing file /Users/francisayanbadejo/venvs_projects/my_proj/lib/python3.9/site-packages/airflow/example_dags/example_dataset_alias.py for tasks to queue
[2025-04-23T02:31:05.957+0100] {logging_mixin.py:190} INFO - [2025-04-23T02:31:05.957+0100] {dagbag.py:588} INFO - Filling up the DagBag from /Users/francisayanbadejo/venvs_projects/my_proj/lib/python3.9/site-packages/airflow/example_dags/example_dataset_alias.py
[2025-04-23T02:31:06.014+0100] {processor.py:925} INFO - DAG(s) 'dataset_alias_example_alias_consumer', 'dataset_s3_bucket_producer', 'dataset_s3_bucket_consumer', 'dataset_alias_example_alias_producer' retrieved from /Users/francisayanbadejo/venvs_projects/my_proj/lib/python3.9/site-packages/airflow/example_dags/example_dataset_alias.py
[2025-04-23T02:31:06.021+0100] {logging_mixin.py:190} INFO - [2025-04-23T02:31:06.021+0100] {dag.py:3239} INFO - Sync 4 DAGs
[2025-04-23T02:31:06.026+0100] {logging_mixin.py:190} INFO - [2025-04-23T02:31:06.026+0100] {dag.py:4180} INFO - Setting next_dagrun for dataset_alias_example_alias_consumer to None, run_after=None
[2025-04-23T02:31:06.027+0100] {logging_mixin.py:190} INFO - [2025-04-23T02:31:06.027+0100] {dag.py:4180} INFO - Setting next_dagrun for dataset_alias_example_alias_producer to None, run_after=None
[2025-04-23T02:31:06.027+0100] {logging_mixin.py:190} INFO - [2025-04-23T02:31:06.027+0100] {dag.py:4180} INFO - Setting next_dagrun for dataset_s3_bucket_consumer to None, run_after=None
[2025-04-23T02:31:06.028+0100] {logging_mixin.py:190} INFO - [2025-04-23T02:31:06.028+0100] {dag.py:4180} INFO - Setting next_dagrun for dataset_s3_bucket_producer to None, run_after=None
[2025-04-23T02:31:06.033+0100] {processor.py:208} INFO - Processing /Users/francisayanbadejo/venvs_projects/my_proj/lib/python3.9/site-packages/airflow/example_dags/example_dataset_alias.py took 0.080 seconds
[2025-04-23T02:32:54.754+0100] {processor.py:186} INFO - Started process (PID=58188) to work on /Users/francisayanbadejo/venvs_projects/my_proj/lib/python3.9/site-packages/airflow/example_dags/example_dataset_alias.py
[2025-04-23T02:32:54.755+0100] {processor.py:914} INFO - Processing file /Users/francisayanbadejo/venvs_projects/my_proj/lib/python3.9/site-packages/airflow/example_dags/example_dataset_alias.py for tasks to queue
[2025-04-23T02:32:54.756+0100] {logging_mixin.py:190} INFO - [2025-04-23T02:32:54.756+0100] {dagbag.py:588} INFO - Filling up the DagBag from /Users/francisayanbadejo/venvs_projects/my_proj/lib/python3.9/site-packages/airflow/example_dags/example_dataset_alias.py
[2025-04-23T02:32:54.813+0100] {processor.py:925} INFO - DAG(s) 'dataset_s3_bucket_producer', 'dataset_s3_bucket_consumer', 'dataset_alias_example_alias_consumer', 'dataset_alias_example_alias_producer' retrieved from /Users/francisayanbadejo/venvs_projects/my_proj/lib/python3.9/site-packages/airflow/example_dags/example_dataset_alias.py
[2025-04-23T02:32:54.820+0100] {logging_mixin.py:190} INFO - [2025-04-23T02:32:54.820+0100] {dag.py:3239} INFO - Sync 4 DAGs
[2025-04-23T02:32:54.825+0100] {logging_mixin.py:190} INFO - [2025-04-23T02:32:54.825+0100] {dag.py:4180} INFO - Setting next_dagrun for dataset_alias_example_alias_consumer to None, run_after=None
[2025-04-23T02:32:54.825+0100] {logging_mixin.py:190} INFO - [2025-04-23T02:32:54.825+0100] {dag.py:4180} INFO - Setting next_dagrun for dataset_alias_example_alias_producer to None, run_after=None
[2025-04-23T02:32:54.826+0100] {logging_mixin.py:190} INFO - [2025-04-23T02:32:54.826+0100] {dag.py:4180} INFO - Setting next_dagrun for dataset_s3_bucket_consumer to None, run_after=None
[2025-04-23T02:32:54.826+0100] {logging_mixin.py:190} INFO - [2025-04-23T02:32:54.826+0100] {dag.py:4180} INFO - Setting next_dagrun for dataset_s3_bucket_producer to None, run_after=None
[2025-04-23T02:32:54.831+0100] {processor.py:208} INFO - Processing /Users/francisayanbadejo/venvs_projects/my_proj/lib/python3.9/site-packages/airflow/example_dags/example_dataset_alias.py took 0.078 seconds
[2025-04-23T02:35:03.177+0100] {processor.py:186} INFO - Started process (PID=58527) to work on /Users/francisayanbadejo/venvs_projects/my_proj/lib/python3.9/site-packages/airflow/example_dags/example_dataset_alias.py
[2025-04-23T02:35:03.179+0100] {processor.py:914} INFO - Processing file /Users/francisayanbadejo/venvs_projects/my_proj/lib/python3.9/site-packages/airflow/example_dags/example_dataset_alias.py for tasks to queue
[2025-04-23T02:35:03.180+0100] {logging_mixin.py:190} INFO - [2025-04-23T02:35:03.180+0100] {dagbag.py:588} INFO - Filling up the DagBag from /Users/francisayanbadejo/venvs_projects/my_proj/lib/python3.9/site-packages/airflow/example_dags/example_dataset_alias.py
[2025-04-23T02:35:03.242+0100] {processor.py:925} INFO - DAG(s) 'dataset_s3_bucket_consumer', 'dataset_s3_bucket_producer', 'dataset_alias_example_alias_producer', 'dataset_alias_example_alias_consumer' retrieved from /Users/francisayanbadejo/venvs_projects/my_proj/lib/python3.9/site-packages/airflow/example_dags/example_dataset_alias.py
[2025-04-23T02:35:03.250+0100] {logging_mixin.py:190} INFO - [2025-04-23T02:35:03.249+0100] {dag.py:3239} INFO - Sync 4 DAGs
[2025-04-23T02:35:03.255+0100] {logging_mixin.py:190} INFO - [2025-04-23T02:35:03.255+0100] {dag.py:4180} INFO - Setting next_dagrun for dataset_alias_example_alias_consumer to None, run_after=None
[2025-04-23T02:35:03.255+0100] {logging_mixin.py:190} INFO - [2025-04-23T02:35:03.255+0100] {dag.py:4180} INFO - Setting next_dagrun for dataset_alias_example_alias_producer to None, run_after=None
[2025-04-23T02:35:03.255+0100] {logging_mixin.py:190} INFO - [2025-04-23T02:35:03.255+0100] {dag.py:4180} INFO - Setting next_dagrun for dataset_s3_bucket_consumer to None, run_after=None
[2025-04-23T02:35:03.256+0100] {logging_mixin.py:190} INFO - [2025-04-23T02:35:03.256+0100] {dag.py:4180} INFO - Setting next_dagrun for dataset_s3_bucket_producer to None, run_after=None
[2025-04-23T02:35:03.261+0100] {processor.py:208} INFO - Processing /Users/francisayanbadejo/venvs_projects/my_proj/lib/python3.9/site-packages/airflow/example_dags/example_dataset_alias.py took 0.085 seconds
[2025-04-23T02:36:51.800+0100] {processor.py:186} INFO - Started process (PID=58692) to work on /Users/francisayanbadejo/venvs_projects/my_proj/lib/python3.9/site-packages/airflow/example_dags/example_dataset_alias.py
[2025-04-23T02:36:51.801+0100] {processor.py:914} INFO - Processing file /Users/francisayanbadejo/venvs_projects/my_proj/lib/python3.9/site-packages/airflow/example_dags/example_dataset_alias.py for tasks to queue
[2025-04-23T02:36:51.801+0100] {logging_mixin.py:190} INFO - [2025-04-23T02:36:51.801+0100] {dagbag.py:588} INFO - Filling up the DagBag from /Users/francisayanbadejo/venvs_projects/my_proj/lib/python3.9/site-packages/airflow/example_dags/example_dataset_alias.py
[2025-04-23T02:36:51.860+0100] {processor.py:925} INFO - DAG(s) 'dataset_s3_bucket_producer', 'dataset_alias_example_alias_consumer', 'dataset_s3_bucket_consumer', 'dataset_alias_example_alias_producer' retrieved from /Users/francisayanbadejo/venvs_projects/my_proj/lib/python3.9/site-packages/airflow/example_dags/example_dataset_alias.py
[2025-04-23T02:36:51.867+0100] {logging_mixin.py:190} INFO - [2025-04-23T02:36:51.867+0100] {dag.py:3239} INFO - Sync 4 DAGs
[2025-04-23T02:36:51.873+0100] {logging_mixin.py:190} INFO - [2025-04-23T02:36:51.873+0100] {dag.py:4180} INFO - Setting next_dagrun for dataset_alias_example_alias_consumer to None, run_after=None
[2025-04-23T02:36:51.873+0100] {logging_mixin.py:190} INFO - [2025-04-23T02:36:51.873+0100] {dag.py:4180} INFO - Setting next_dagrun for dataset_alias_example_alias_producer to None, run_after=None
[2025-04-23T02:36:51.874+0100] {logging_mixin.py:190} INFO - [2025-04-23T02:36:51.874+0100] {dag.py:4180} INFO - Setting next_dagrun for dataset_s3_bucket_consumer to None, run_after=None
[2025-04-23T02:36:51.874+0100] {logging_mixin.py:190} INFO - [2025-04-23T02:36:51.874+0100] {dag.py:4180} INFO - Setting next_dagrun for dataset_s3_bucket_producer to None, run_after=None
[2025-04-23T02:36:51.880+0100] {processor.py:208} INFO - Processing /Users/francisayanbadejo/venvs_projects/my_proj/lib/python3.9/site-packages/airflow/example_dags/example_dataset_alias.py took 0.081 seconds
[2025-04-23T02:38:41.454+0100] {processor.py:186} INFO - Started process (PID=59027) to work on /Users/francisayanbadejo/venvs_projects/my_proj/lib/python3.9/site-packages/airflow/example_dags/example_dataset_alias.py
[2025-04-23T02:38:41.455+0100] {processor.py:914} INFO - Processing file /Users/francisayanbadejo/venvs_projects/my_proj/lib/python3.9/site-packages/airflow/example_dags/example_dataset_alias.py for tasks to queue
[2025-04-23T02:38:41.456+0100] {logging_mixin.py:190} INFO - [2025-04-23T02:38:41.456+0100] {dagbag.py:588} INFO - Filling up the DagBag from /Users/francisayanbadejo/venvs_projects/my_proj/lib/python3.9/site-packages/airflow/example_dags/example_dataset_alias.py
[2025-04-23T02:38:41.515+0100] {processor.py:925} INFO - DAG(s) 'dataset_alias_example_alias_consumer', 'dataset_s3_bucket_producer', 'dataset_alias_example_alias_producer', 'dataset_s3_bucket_consumer' retrieved from /Users/francisayanbadejo/venvs_projects/my_proj/lib/python3.9/site-packages/airflow/example_dags/example_dataset_alias.py
[2025-04-23T02:38:41.522+0100] {logging_mixin.py:190} INFO - [2025-04-23T02:38:41.522+0100] {dag.py:3239} INFO - Sync 4 DAGs
[2025-04-23T02:38:41.527+0100] {logging_mixin.py:190} INFO - [2025-04-23T02:38:41.527+0100] {dag.py:4180} INFO - Setting next_dagrun for dataset_alias_example_alias_consumer to None, run_after=None
[2025-04-23T02:38:41.528+0100] {logging_mixin.py:190} INFO - [2025-04-23T02:38:41.528+0100] {dag.py:4180} INFO - Setting next_dagrun for dataset_alias_example_alias_producer to None, run_after=None
[2025-04-23T02:38:41.528+0100] {logging_mixin.py:190} INFO - [2025-04-23T02:38:41.528+0100] {dag.py:4180} INFO - Setting next_dagrun for dataset_s3_bucket_consumer to None, run_after=None
[2025-04-23T02:38:41.528+0100] {logging_mixin.py:190} INFO - [2025-04-23T02:38:41.528+0100] {dag.py:4180} INFO - Setting next_dagrun for dataset_s3_bucket_producer to None, run_after=None
[2025-04-23T02:38:41.534+0100] {processor.py:208} INFO - Processing /Users/francisayanbadejo/venvs_projects/my_proj/lib/python3.9/site-packages/airflow/example_dags/example_dataset_alias.py took 0.081 seconds
