[2025-04-23T02:29:09.861+0100] {processor.py:186} INFO - Started process (PID=57729) to work on /Users/francisayanbadejo/venvs_projects/my_proj/lib/python3.9/site-packages/airflow/example_dags/example_datasets.py
[2025-04-23T02:29:09.862+0100] {processor.py:914} INFO - Processing file /Users/francisayanbadejo/venvs_projects/my_proj/lib/python3.9/site-packages/airflow/example_dags/example_datasets.py for tasks to queue
[2025-04-23T02:29:09.863+0100] {logging_mixin.py:190} INFO - [2025-04-23T02:29:09.863+0100] {dagbag.py:588} INFO - Filling up the DagBag from /Users/francisayanbadejo/venvs_projects/my_proj/lib/python3.9/site-packages/airflow/example_dags/example_datasets.py
[2025-04-23T02:29:09.887+0100] {processor.py:925} INFO - DAG(s) 'consume_1_or_2_with_dataset_expressions', 'dataset_consumes_unknown_never_scheduled', 'dataset_produces_2', 'consume_1_and_2_with_dataset_expressions', 'dataset_consumes_1_never_scheduled', 'consume_1_or_both_2_and_3_with_dataset_expressions', 'dataset_consumes_1', 'dataset_consumes_1_and_2', 'dataset_produces_1', 'conditional_dataset_and_time_based_timetable' retrieved from /Users/francisayanbadejo/venvs_projects/my_proj/lib/python3.9/site-packages/airflow/example_dags/example_datasets.py
[2025-04-23T02:29:09.945+0100] {logging_mixin.py:190} INFO - [2025-04-23T02:29:09.945+0100] {override.py:1930} INFO - Created Permission View: can delete on DAG:consume_1_or_2_with_dataset_expressions
[2025-04-23T02:29:09.947+0100] {logging_mixin.py:190} INFO - [2025-04-23T02:29:09.947+0100] {override.py:1930} INFO - Created Permission View: can read on DAG:consume_1_or_2_with_dataset_expressions
[2025-04-23T02:29:09.949+0100] {logging_mixin.py:190} INFO - [2025-04-23T02:29:09.949+0100] {override.py:1930} INFO - Created Permission View: can edit on DAG:consume_1_or_2_with_dataset_expressions
[2025-04-23T02:29:09.951+0100] {logging_mixin.py:190} INFO - [2025-04-23T02:29:09.951+0100] {override.py:1930} INFO - Created Permission View: menu access on DAG Run:consume_1_or_2_with_dataset_expressions
[2025-04-23T02:29:09.952+0100] {logging_mixin.py:190} INFO - [2025-04-23T02:29:09.952+0100] {override.py:1930} INFO - Created Permission View: can read on DAG Run:consume_1_or_2_with_dataset_expressions
[2025-04-23T02:29:09.954+0100] {logging_mixin.py:190} INFO - [2025-04-23T02:29:09.954+0100] {override.py:1930} INFO - Created Permission View: can create on DAG Run:consume_1_or_2_with_dataset_expressions
[2025-04-23T02:29:09.955+0100] {logging_mixin.py:190} INFO - [2025-04-23T02:29:09.955+0100] {override.py:1930} INFO - Created Permission View: can delete on DAG Run:consume_1_or_2_with_dataset_expressions
[2025-04-23T02:29:09.958+0100] {logging_mixin.py:190} INFO - [2025-04-23T02:29:09.958+0100] {override.py:1930} INFO - Created Permission View: can delete on DAG:dataset_consumes_unknown_never_scheduled
[2025-04-23T02:29:09.960+0100] {logging_mixin.py:190} INFO - [2025-04-23T02:29:09.960+0100] {override.py:1930} INFO - Created Permission View: can read on DAG:dataset_consumes_unknown_never_scheduled
[2025-04-23T02:29:09.961+0100] {logging_mixin.py:190} INFO - [2025-04-23T02:29:09.961+0100] {override.py:1930} INFO - Created Permission View: can edit on DAG:dataset_consumes_unknown_never_scheduled
[2025-04-23T02:29:09.963+0100] {logging_mixin.py:190} INFO - [2025-04-23T02:29:09.963+0100] {override.py:1930} INFO - Created Permission View: menu access on DAG Run:dataset_consumes_unknown_never_scheduled
[2025-04-23T02:29:09.965+0100] {logging_mixin.py:190} INFO - [2025-04-23T02:29:09.965+0100] {override.py:1930} INFO - Created Permission View: can read on DAG Run:dataset_consumes_unknown_never_scheduled
[2025-04-23T02:29:09.966+0100] {logging_mixin.py:190} INFO - [2025-04-23T02:29:09.966+0100] {override.py:1930} INFO - Created Permission View: can create on DAG Run:dataset_consumes_unknown_never_scheduled
[2025-04-23T02:29:09.967+0100] {logging_mixin.py:190} INFO - [2025-04-23T02:29:09.967+0100] {override.py:1930} INFO - Created Permission View: can delete on DAG Run:dataset_consumes_unknown_never_scheduled
[2025-04-23T02:29:09.970+0100] {logging_mixin.py:190} INFO - [2025-04-23T02:29:09.970+0100] {override.py:1930} INFO - Created Permission View: can delete on DAG:dataset_produces_2
[2025-04-23T02:29:09.972+0100] {logging_mixin.py:190} INFO - [2025-04-23T02:29:09.972+0100] {override.py:1930} INFO - Created Permission View: can read on DAG:dataset_produces_2
[2025-04-23T02:29:09.973+0100] {logging_mixin.py:190} INFO - [2025-04-23T02:29:09.973+0100] {override.py:1930} INFO - Created Permission View: can edit on DAG:dataset_produces_2
[2025-04-23T02:29:09.975+0100] {logging_mixin.py:190} INFO - [2025-04-23T02:29:09.975+0100] {override.py:1930} INFO - Created Permission View: menu access on DAG Run:dataset_produces_2
[2025-04-23T02:29:09.976+0100] {logging_mixin.py:190} INFO - [2025-04-23T02:29:09.976+0100] {override.py:1930} INFO - Created Permission View: can read on DAG Run:dataset_produces_2
[2025-04-23T02:29:09.977+0100] {logging_mixin.py:190} INFO - [2025-04-23T02:29:09.977+0100] {override.py:1930} INFO - Created Permission View: can create on DAG Run:dataset_produces_2
[2025-04-23T02:29:09.979+0100] {logging_mixin.py:190} INFO - [2025-04-23T02:29:09.979+0100] {override.py:1930} INFO - Created Permission View: can delete on DAG Run:dataset_produces_2
[2025-04-23T02:29:09.982+0100] {logging_mixin.py:190} INFO - [2025-04-23T02:29:09.982+0100] {override.py:1930} INFO - Created Permission View: can delete on DAG:consume_1_and_2_with_dataset_expressions
[2025-04-23T02:29:09.983+0100] {logging_mixin.py:190} INFO - [2025-04-23T02:29:09.983+0100] {override.py:1930} INFO - Created Permission View: can read on DAG:consume_1_and_2_with_dataset_expressions
[2025-04-23T02:29:09.984+0100] {logging_mixin.py:190} INFO - [2025-04-23T02:29:09.984+0100] {override.py:1930} INFO - Created Permission View: can edit on DAG:consume_1_and_2_with_dataset_expressions
[2025-04-23T02:29:09.986+0100] {logging_mixin.py:190} INFO - [2025-04-23T02:29:09.986+0100] {override.py:1930} INFO - Created Permission View: menu access on DAG Run:consume_1_and_2_with_dataset_expressions
[2025-04-23T02:29:09.987+0100] {logging_mixin.py:190} INFO - [2025-04-23T02:29:09.987+0100] {override.py:1930} INFO - Created Permission View: can read on DAG Run:consume_1_and_2_with_dataset_expressions
[2025-04-23T02:29:09.989+0100] {logging_mixin.py:190} INFO - [2025-04-23T02:29:09.989+0100] {override.py:1930} INFO - Created Permission View: can create on DAG Run:consume_1_and_2_with_dataset_expressions
[2025-04-23T02:29:09.990+0100] {logging_mixin.py:190} INFO - [2025-04-23T02:29:09.990+0100] {override.py:1930} INFO - Created Permission View: can delete on DAG Run:consume_1_and_2_with_dataset_expressions
[2025-04-23T02:29:09.993+0100] {logging_mixin.py:190} INFO - [2025-04-23T02:29:09.993+0100] {override.py:1930} INFO - Created Permission View: can delete on DAG:dataset_consumes_1_never_scheduled
[2025-04-23T02:29:09.994+0100] {logging_mixin.py:190} INFO - [2025-04-23T02:29:09.994+0100] {override.py:1930} INFO - Created Permission View: can read on DAG:dataset_consumes_1_never_scheduled
[2025-04-23T02:29:09.996+0100] {logging_mixin.py:190} INFO - [2025-04-23T02:29:09.996+0100] {override.py:1930} INFO - Created Permission View: can edit on DAG:dataset_consumes_1_never_scheduled
[2025-04-23T02:29:09.997+0100] {logging_mixin.py:190} INFO - [2025-04-23T02:29:09.997+0100] {override.py:1930} INFO - Created Permission View: menu access on DAG Run:dataset_consumes_1_never_scheduled
[2025-04-23T02:29:09.999+0100] {logging_mixin.py:190} INFO - [2025-04-23T02:29:09.999+0100] {override.py:1930} INFO - Created Permission View: can read on DAG Run:dataset_consumes_1_never_scheduled
[2025-04-23T02:29:10.000+0100] {logging_mixin.py:190} INFO - [2025-04-23T02:29:10.000+0100] {override.py:1930} INFO - Created Permission View: can create on DAG Run:dataset_consumes_1_never_scheduled
[2025-04-23T02:29:10.001+0100] {logging_mixin.py:190} INFO - [2025-04-23T02:29:10.001+0100] {override.py:1930} INFO - Created Permission View: can delete on DAG Run:dataset_consumes_1_never_scheduled
[2025-04-23T02:29:10.004+0100] {logging_mixin.py:190} INFO - [2025-04-23T02:29:10.004+0100] {override.py:1930} INFO - Created Permission View: can delete on DAG:consume_1_or_both_2_and_3_with_dataset_expressions
[2025-04-23T02:29:10.006+0100] {logging_mixin.py:190} INFO - [2025-04-23T02:29:10.006+0100] {override.py:1930} INFO - Created Permission View: can read on DAG:consume_1_or_both_2_and_3_with_dataset_expressions
[2025-04-23T02:29:10.007+0100] {logging_mixin.py:190} INFO - [2025-04-23T02:29:10.007+0100] {override.py:1930} INFO - Created Permission View: can edit on DAG:consume_1_or_both_2_and_3_with_dataset_expressions
[2025-04-23T02:29:10.010+0100] {logging_mixin.py:190} INFO - [2025-04-23T02:29:10.010+0100] {override.py:1930} INFO - Created Permission View: menu access on DAG Run:consume_1_or_both_2_and_3_with_dataset_expressions
[2025-04-23T02:29:10.012+0100] {logging_mixin.py:190} INFO - [2025-04-23T02:29:10.012+0100] {override.py:1930} INFO - Created Permission View: can read on DAG Run:consume_1_or_both_2_and_3_with_dataset_expressions
[2025-04-23T02:29:10.014+0100] {logging_mixin.py:190} INFO - [2025-04-23T02:29:10.014+0100] {override.py:1930} INFO - Created Permission View: can create on DAG Run:consume_1_or_both_2_and_3_with_dataset_expressions
[2025-04-23T02:29:10.016+0100] {logging_mixin.py:190} INFO - [2025-04-23T02:29:10.016+0100] {override.py:1930} INFO - Created Permission View: can delete on DAG Run:consume_1_or_both_2_and_3_with_dataset_expressions
[2025-04-23T02:29:10.020+0100] {logging_mixin.py:190} INFO - [2025-04-23T02:29:10.020+0100] {override.py:1930} INFO - Created Permission View: can delete on DAG:dataset_consumes_1
[2025-04-23T02:29:10.022+0100] {logging_mixin.py:190} INFO - [2025-04-23T02:29:10.022+0100] {override.py:1930} INFO - Created Permission View: can read on DAG:dataset_consumes_1
[2025-04-23T02:29:10.024+0100] {logging_mixin.py:190} INFO - [2025-04-23T02:29:10.024+0100] {override.py:1930} INFO - Created Permission View: can edit on DAG:dataset_consumes_1
[2025-04-23T02:29:10.026+0100] {logging_mixin.py:190} INFO - [2025-04-23T02:29:10.026+0100] {override.py:1930} INFO - Created Permission View: menu access on DAG Run:dataset_consumes_1
[2025-04-23T02:29:10.028+0100] {logging_mixin.py:190} INFO - [2025-04-23T02:29:10.028+0100] {override.py:1930} INFO - Created Permission View: can read on DAG Run:dataset_consumes_1
[2025-04-23T02:29:10.030+0100] {logging_mixin.py:190} INFO - [2025-04-23T02:29:10.030+0100] {override.py:1930} INFO - Created Permission View: can create on DAG Run:dataset_consumes_1
[2025-04-23T02:29:10.032+0100] {logging_mixin.py:190} INFO - [2025-04-23T02:29:10.032+0100] {override.py:1930} INFO - Created Permission View: can delete on DAG Run:dataset_consumes_1
[2025-04-23T02:29:10.036+0100] {logging_mixin.py:190} INFO - [2025-04-23T02:29:10.036+0100] {override.py:1930} INFO - Created Permission View: can delete on DAG:dataset_consumes_1_and_2
[2025-04-23T02:29:10.037+0100] {logging_mixin.py:190} INFO - [2025-04-23T02:29:10.037+0100] {override.py:1930} INFO - Created Permission View: can read on DAG:dataset_consumes_1_and_2
[2025-04-23T02:29:10.038+0100] {logging_mixin.py:190} INFO - [2025-04-23T02:29:10.038+0100] {override.py:1930} INFO - Created Permission View: can edit on DAG:dataset_consumes_1_and_2
[2025-04-23T02:29:10.040+0100] {logging_mixin.py:190} INFO - [2025-04-23T02:29:10.040+0100] {override.py:1930} INFO - Created Permission View: menu access on DAG Run:dataset_consumes_1_and_2
[2025-04-23T02:29:10.041+0100] {logging_mixin.py:190} INFO - [2025-04-23T02:29:10.041+0100] {override.py:1930} INFO - Created Permission View: can read on DAG Run:dataset_consumes_1_and_2
[2025-04-23T02:29:10.043+0100] {logging_mixin.py:190} INFO - [2025-04-23T02:29:10.043+0100] {override.py:1930} INFO - Created Permission View: can create on DAG Run:dataset_consumes_1_and_2
[2025-04-23T02:29:10.044+0100] {logging_mixin.py:190} INFO - [2025-04-23T02:29:10.044+0100] {override.py:1930} INFO - Created Permission View: can delete on DAG Run:dataset_consumes_1_and_2
[2025-04-23T02:29:10.047+0100] {logging_mixin.py:190} INFO - [2025-04-23T02:29:10.047+0100] {override.py:1930} INFO - Created Permission View: can delete on DAG:dataset_produces_1
[2025-04-23T02:29:10.048+0100] {logging_mixin.py:190} INFO - [2025-04-23T02:29:10.048+0100] {override.py:1930} INFO - Created Permission View: can read on DAG:dataset_produces_1
[2025-04-23T02:29:10.049+0100] {logging_mixin.py:190} INFO - [2025-04-23T02:29:10.049+0100] {override.py:1930} INFO - Created Permission View: can edit on DAG:dataset_produces_1
[2025-04-23T02:29:10.051+0100] {logging_mixin.py:190} INFO - [2025-04-23T02:29:10.051+0100] {override.py:1930} INFO - Created Permission View: menu access on DAG Run:dataset_produces_1
[2025-04-23T02:29:10.053+0100] {logging_mixin.py:190} INFO - [2025-04-23T02:29:10.053+0100] {override.py:1930} INFO - Created Permission View: can read on DAG Run:dataset_produces_1
[2025-04-23T02:29:10.054+0100] {logging_mixin.py:190} INFO - [2025-04-23T02:29:10.054+0100] {override.py:1930} INFO - Created Permission View: can create on DAG Run:dataset_produces_1
[2025-04-23T02:29:10.056+0100] {logging_mixin.py:190} INFO - [2025-04-23T02:29:10.056+0100] {override.py:1930} INFO - Created Permission View: can delete on DAG Run:dataset_produces_1
[2025-04-23T02:29:10.059+0100] {logging_mixin.py:190} INFO - [2025-04-23T02:29:10.059+0100] {override.py:1930} INFO - Created Permission View: can delete on DAG:conditional_dataset_and_time_based_timetable
[2025-04-23T02:29:10.061+0100] {logging_mixin.py:190} INFO - [2025-04-23T02:29:10.060+0100] {override.py:1930} INFO - Created Permission View: can read on DAG:conditional_dataset_and_time_based_timetable
[2025-04-23T02:29:10.062+0100] {logging_mixin.py:190} INFO - [2025-04-23T02:29:10.062+0100] {override.py:1930} INFO - Created Permission View: can edit on DAG:conditional_dataset_and_time_based_timetable
[2025-04-23T02:29:10.064+0100] {logging_mixin.py:190} INFO - [2025-04-23T02:29:10.064+0100] {override.py:1930} INFO - Created Permission View: menu access on DAG Run:conditional_dataset_and_time_based_timetable
[2025-04-23T02:29:10.065+0100] {logging_mixin.py:190} INFO - [2025-04-23T02:29:10.065+0100] {override.py:1930} INFO - Created Permission View: can read on DAG Run:conditional_dataset_and_time_based_timetable
[2025-04-23T02:29:10.066+0100] {logging_mixin.py:190} INFO - [2025-04-23T02:29:10.066+0100] {override.py:1930} INFO - Created Permission View: can create on DAG Run:conditional_dataset_and_time_based_timetable
[2025-04-23T02:29:10.068+0100] {logging_mixin.py:190} INFO - [2025-04-23T02:29:10.068+0100] {override.py:1930} INFO - Created Permission View: can delete on DAG Run:conditional_dataset_and_time_based_timetable
[2025-04-23T02:29:10.068+0100] {logging_mixin.py:190} INFO - [2025-04-23T02:29:10.068+0100] {dag.py:3239} INFO - Sync 10 DAGs
[2025-04-23T02:29:10.071+0100] {logging_mixin.py:190} INFO - [2025-04-23T02:29:10.071+0100] {dag.py:3262} INFO - Creating ORM DAG for conditional_dataset_and_time_based_timetable
[2025-04-23T02:29:10.072+0100] {logging_mixin.py:190} INFO - [2025-04-23T02:29:10.072+0100] {dag.py:3262} INFO - Creating ORM DAG for consume_1_or_both_2_and_3_with_dataset_expressions
[2025-04-23T02:29:10.072+0100] {logging_mixin.py:190} INFO - [2025-04-23T02:29:10.072+0100] {dag.py:3262} INFO - Creating ORM DAG for consume_1_and_2_with_dataset_expressions
[2025-04-23T02:29:10.073+0100] {logging_mixin.py:190} INFO - [2025-04-23T02:29:10.073+0100] {dag.py:3262} INFO - Creating ORM DAG for dataset_produces_1
[2025-04-23T02:29:10.073+0100] {logging_mixin.py:190} INFO - [2025-04-23T02:29:10.073+0100] {dag.py:3262} INFO - Creating ORM DAG for dataset_consumes_1_never_scheduled
[2025-04-23T02:29:10.073+0100] {logging_mixin.py:190} INFO - [2025-04-23T02:29:10.073+0100] {dag.py:3262} INFO - Creating ORM DAG for consume_1_or_2_with_dataset_expressions
[2025-04-23T02:29:10.073+0100] {logging_mixin.py:190} INFO - [2025-04-23T02:29:10.073+0100] {dag.py:3262} INFO - Creating ORM DAG for dataset_consumes_unknown_never_scheduled
[2025-04-23T02:29:10.073+0100] {logging_mixin.py:190} INFO - [2025-04-23T02:29:10.073+0100] {dag.py:3262} INFO - Creating ORM DAG for dataset_consumes_1_and_2
[2025-04-23T02:29:10.073+0100] {logging_mixin.py:190} INFO - [2025-04-23T02:29:10.073+0100] {dag.py:3262} INFO - Creating ORM DAG for dataset_produces_2
[2025-04-23T02:29:10.074+0100] {logging_mixin.py:190} INFO - [2025-04-23T02:29:10.073+0100] {dag.py:3262} INFO - Creating ORM DAG for dataset_consumes_1
[2025-04-23T02:29:10.076+0100] {logging_mixin.py:190} INFO - [2025-04-23T02:29:10.076+0100] {dag.py:4180} INFO - Setting next_dagrun for conditional_dataset_and_time_based_timetable to 2025-04-23 01:00:00+00:00, run_after=2025-04-23 01:00:00+00:00
[2025-04-23T02:29:10.076+0100] {logging_mixin.py:190} INFO - [2025-04-23T02:29:10.076+0100] {dag.py:4180} INFO - Setting next_dagrun for consume_1_and_2_with_dataset_expressions to None, run_after=None
[2025-04-23T02:29:10.076+0100] {logging_mixin.py:190} INFO - [2025-04-23T02:29:10.076+0100] {dag.py:4180} INFO - Setting next_dagrun for consume_1_or_2_with_dataset_expressions to None, run_after=None
[2025-04-23T02:29:10.077+0100] {logging_mixin.py:190} INFO - [2025-04-23T02:29:10.077+0100] {dag.py:4180} INFO - Setting next_dagrun for consume_1_or_both_2_and_3_with_dataset_expressions to None, run_after=None
[2025-04-23T02:29:10.077+0100] {logging_mixin.py:190} INFO - [2025-04-23T02:29:10.077+0100] {dag.py:4180} INFO - Setting next_dagrun for dataset_consumes_1 to None, run_after=None
[2025-04-23T02:29:10.077+0100] {logging_mixin.py:190} INFO - [2025-04-23T02:29:10.077+0100] {dag.py:4180} INFO - Setting next_dagrun for dataset_consumes_1_and_2 to None, run_after=None
[2025-04-23T02:29:10.077+0100] {logging_mixin.py:190} INFO - [2025-04-23T02:29:10.077+0100] {dag.py:4180} INFO - Setting next_dagrun for dataset_consumes_1_never_scheduled to None, run_after=None
[2025-04-23T02:29:10.077+0100] {logging_mixin.py:190} INFO - [2025-04-23T02:29:10.077+0100] {dag.py:4180} INFO - Setting next_dagrun for dataset_consumes_unknown_never_scheduled to None, run_after=None
[2025-04-23T02:29:10.078+0100] {logging_mixin.py:190} INFO - [2025-04-23T02:29:10.078+0100] {dag.py:4180} INFO - Setting next_dagrun for dataset_produces_1 to 2025-04-22 00:00:00+00:00, run_after=2025-04-23 00:00:00+00:00
[2025-04-23T02:29:10.078+0100] {logging_mixin.py:190} INFO - [2025-04-23T02:29:10.078+0100] {dag.py:4180} INFO - Setting next_dagrun for dataset_produces_2 to None, run_after=None
[2025-04-23T02:29:10.215+0100] {processor.py:208} INFO - Processing /Users/francisayanbadejo/venvs_projects/my_proj/lib/python3.9/site-packages/airflow/example_dags/example_datasets.py took 0.355 seconds
[2025-04-23T02:31:02.583+0100] {processor.py:186} INFO - Started process (PID=57945) to work on /Users/francisayanbadejo/venvs_projects/my_proj/lib/python3.9/site-packages/airflow/example_dags/example_datasets.py
[2025-04-23T02:31:02.584+0100] {processor.py:914} INFO - Processing file /Users/francisayanbadejo/venvs_projects/my_proj/lib/python3.9/site-packages/airflow/example_dags/example_datasets.py for tasks to queue
[2025-04-23T02:31:02.585+0100] {logging_mixin.py:190} INFO - [2025-04-23T02:31:02.585+0100] {dagbag.py:588} INFO - Filling up the DagBag from /Users/francisayanbadejo/venvs_projects/my_proj/lib/python3.9/site-packages/airflow/example_dags/example_datasets.py
[2025-04-23T02:31:02.612+0100] {processor.py:925} INFO - DAG(s) 'dataset_produces_2', 'dataset_produces_1', 'dataset_consumes_1', 'conditional_dataset_and_time_based_timetable', 'dataset_consumes_1_and_2', 'consume_1_or_2_with_dataset_expressions', 'consume_1_or_both_2_and_3_with_dataset_expressions', 'dataset_consumes_1_never_scheduled', 'consume_1_and_2_with_dataset_expressions', 'dataset_consumes_unknown_never_scheduled' retrieved from /Users/francisayanbadejo/venvs_projects/my_proj/lib/python3.9/site-packages/airflow/example_dags/example_datasets.py
[2025-04-23T02:31:02.649+0100] {logging_mixin.py:190} INFO - [2025-04-23T02:31:02.649+0100] {dag.py:3239} INFO - Sync 10 DAGs
[2025-04-23T02:31:02.656+0100] {logging_mixin.py:190} INFO - [2025-04-23T02:31:02.656+0100] {dag.py:4180} INFO - Setting next_dagrun for conditional_dataset_and_time_based_timetable to 2025-04-23 01:00:00+00:00, run_after=2025-04-23 01:00:00+00:00
[2025-04-23T02:31:02.657+0100] {logging_mixin.py:190} INFO - [2025-04-23T02:31:02.657+0100] {dag.py:4180} INFO - Setting next_dagrun for consume_1_and_2_with_dataset_expressions to None, run_after=None
[2025-04-23T02:31:02.657+0100] {logging_mixin.py:190} INFO - [2025-04-23T02:31:02.657+0100] {dag.py:4180} INFO - Setting next_dagrun for consume_1_or_2_with_dataset_expressions to None, run_after=None
[2025-04-23T02:31:02.657+0100] {logging_mixin.py:190} INFO - [2025-04-23T02:31:02.657+0100] {dag.py:4180} INFO - Setting next_dagrun for consume_1_or_both_2_and_3_with_dataset_expressions to None, run_after=None
[2025-04-23T02:31:02.657+0100] {logging_mixin.py:190} INFO - [2025-04-23T02:31:02.657+0100] {dag.py:4180} INFO - Setting next_dagrun for dataset_consumes_1 to None, run_after=None
[2025-04-23T02:31:02.658+0100] {logging_mixin.py:190} INFO - [2025-04-23T02:31:02.658+0100] {dag.py:4180} INFO - Setting next_dagrun for dataset_consumes_1_and_2 to None, run_after=None
[2025-04-23T02:31:02.658+0100] {logging_mixin.py:190} INFO - [2025-04-23T02:31:02.658+0100] {dag.py:4180} INFO - Setting next_dagrun for dataset_consumes_1_never_scheduled to None, run_after=None
[2025-04-23T02:31:02.658+0100] {logging_mixin.py:190} INFO - [2025-04-23T02:31:02.658+0100] {dag.py:4180} INFO - Setting next_dagrun for dataset_consumes_unknown_never_scheduled to None, run_after=None
[2025-04-23T02:31:02.659+0100] {logging_mixin.py:190} INFO - [2025-04-23T02:31:02.659+0100] {dag.py:4180} INFO - Setting next_dagrun for dataset_produces_1 to 2025-04-22 00:00:00+00:00, run_after=2025-04-23 00:00:00+00:00
[2025-04-23T02:31:02.659+0100] {logging_mixin.py:190} INFO - [2025-04-23T02:31:02.659+0100] {dag.py:4180} INFO - Setting next_dagrun for dataset_produces_2 to None, run_after=None
[2025-04-23T02:31:02.667+0100] {processor.py:208} INFO - Processing /Users/francisayanbadejo/venvs_projects/my_proj/lib/python3.9/site-packages/airflow/example_dags/example_datasets.py took 0.085 seconds
[2025-04-23T02:32:51.394+0100] {processor.py:186} INFO - Started process (PID=58184) to work on /Users/francisayanbadejo/venvs_projects/my_proj/lib/python3.9/site-packages/airflow/example_dags/example_datasets.py
[2025-04-23T02:32:51.395+0100] {processor.py:914} INFO - Processing file /Users/francisayanbadejo/venvs_projects/my_proj/lib/python3.9/site-packages/airflow/example_dags/example_datasets.py for tasks to queue
[2025-04-23T02:32:51.396+0100] {logging_mixin.py:190} INFO - [2025-04-23T02:32:51.396+0100] {dagbag.py:588} INFO - Filling up the DagBag from /Users/francisayanbadejo/venvs_projects/my_proj/lib/python3.9/site-packages/airflow/example_dags/example_datasets.py
[2025-04-23T02:32:51.420+0100] {processor.py:925} INFO - DAG(s) 'dataset_produces_1', 'dataset_consumes_unknown_never_scheduled', 'dataset_consumes_1_never_scheduled', 'dataset_produces_2', 'conditional_dataset_and_time_based_timetable', 'dataset_consumes_1', 'consume_1_and_2_with_dataset_expressions', 'consume_1_or_2_with_dataset_expressions', 'dataset_consumes_1_and_2', 'consume_1_or_both_2_and_3_with_dataset_expressions' retrieved from /Users/francisayanbadejo/venvs_projects/my_proj/lib/python3.9/site-packages/airflow/example_dags/example_datasets.py
[2025-04-23T02:32:51.458+0100] {logging_mixin.py:190} INFO - [2025-04-23T02:32:51.458+0100] {dag.py:3239} INFO - Sync 10 DAGs
[2025-04-23T02:32:51.464+0100] {logging_mixin.py:190} INFO - [2025-04-23T02:32:51.464+0100] {dag.py:4180} INFO - Setting next_dagrun for conditional_dataset_and_time_based_timetable to 2025-04-23 01:00:00+00:00, run_after=2025-04-23 01:00:00+00:00
[2025-04-23T02:32:51.465+0100] {logging_mixin.py:190} INFO - [2025-04-23T02:32:51.465+0100] {dag.py:4180} INFO - Setting next_dagrun for consume_1_and_2_with_dataset_expressions to None, run_after=None
[2025-04-23T02:32:51.465+0100] {logging_mixin.py:190} INFO - [2025-04-23T02:32:51.465+0100] {dag.py:4180} INFO - Setting next_dagrun for consume_1_or_2_with_dataset_expressions to None, run_after=None
[2025-04-23T02:32:51.466+0100] {logging_mixin.py:190} INFO - [2025-04-23T02:32:51.466+0100] {dag.py:4180} INFO - Setting next_dagrun for consume_1_or_both_2_and_3_with_dataset_expressions to None, run_after=None
[2025-04-23T02:32:51.466+0100] {logging_mixin.py:190} INFO - [2025-04-23T02:32:51.466+0100] {dag.py:4180} INFO - Setting next_dagrun for dataset_consumes_1 to None, run_after=None
[2025-04-23T02:32:51.466+0100] {logging_mixin.py:190} INFO - [2025-04-23T02:32:51.466+0100] {dag.py:4180} INFO - Setting next_dagrun for dataset_consumes_1_and_2 to None, run_after=None
[2025-04-23T02:32:51.466+0100] {logging_mixin.py:190} INFO - [2025-04-23T02:32:51.466+0100] {dag.py:4180} INFO - Setting next_dagrun for dataset_consumes_1_never_scheduled to None, run_after=None
[2025-04-23T02:32:51.467+0100] {logging_mixin.py:190} INFO - [2025-04-23T02:32:51.467+0100] {dag.py:4180} INFO - Setting next_dagrun for dataset_consumes_unknown_never_scheduled to None, run_after=None
[2025-04-23T02:32:51.467+0100] {logging_mixin.py:190} INFO - [2025-04-23T02:32:51.467+0100] {dag.py:4180} INFO - Setting next_dagrun for dataset_produces_1 to 2025-04-22 00:00:00+00:00, run_after=2025-04-23 00:00:00+00:00
[2025-04-23T02:32:51.468+0100] {logging_mixin.py:190} INFO - [2025-04-23T02:32:51.467+0100] {dag.py:4180} INFO - Setting next_dagrun for dataset_produces_2 to None, run_after=None
[2025-04-23T02:32:51.475+0100] {processor.py:208} INFO - Processing /Users/francisayanbadejo/venvs_projects/my_proj/lib/python3.9/site-packages/airflow/example_dags/example_datasets.py took 0.083 seconds
[2025-04-23T02:34:59.803+0100] {processor.py:186} INFO - Started process (PID=58523) to work on /Users/francisayanbadejo/venvs_projects/my_proj/lib/python3.9/site-packages/airflow/example_dags/example_datasets.py
[2025-04-23T02:34:59.804+0100] {processor.py:914} INFO - Processing file /Users/francisayanbadejo/venvs_projects/my_proj/lib/python3.9/site-packages/airflow/example_dags/example_datasets.py for tasks to queue
[2025-04-23T02:34:59.805+0100] {logging_mixin.py:190} INFO - [2025-04-23T02:34:59.805+0100] {dagbag.py:588} INFO - Filling up the DagBag from /Users/francisayanbadejo/venvs_projects/my_proj/lib/python3.9/site-packages/airflow/example_dags/example_datasets.py
[2025-04-23T02:34:59.831+0100] {processor.py:925} INFO - DAG(s) 'dataset_produces_2', 'dataset_consumes_1_never_scheduled', 'conditional_dataset_and_time_based_timetable', 'consume_1_or_2_with_dataset_expressions', 'consume_1_or_both_2_and_3_with_dataset_expressions', 'consume_1_and_2_with_dataset_expressions', 'dataset_consumes_1_and_2', 'dataset_consumes_1', 'dataset_produces_1', 'dataset_consumes_unknown_never_scheduled' retrieved from /Users/francisayanbadejo/venvs_projects/my_proj/lib/python3.9/site-packages/airflow/example_dags/example_datasets.py
[2025-04-23T02:34:59.868+0100] {logging_mixin.py:190} INFO - [2025-04-23T02:34:59.868+0100] {dag.py:3239} INFO - Sync 10 DAGs
[2025-04-23T02:34:59.875+0100] {logging_mixin.py:190} INFO - [2025-04-23T02:34:59.875+0100] {dag.py:4180} INFO - Setting next_dagrun for conditional_dataset_and_time_based_timetable to 2025-04-23 01:00:00+00:00, run_after=2025-04-23 01:00:00+00:00
[2025-04-23T02:34:59.876+0100] {logging_mixin.py:190} INFO - [2025-04-23T02:34:59.876+0100] {dag.py:4180} INFO - Setting next_dagrun for consume_1_and_2_with_dataset_expressions to None, run_after=None
[2025-04-23T02:34:59.876+0100] {logging_mixin.py:190} INFO - [2025-04-23T02:34:59.876+0100] {dag.py:4180} INFO - Setting next_dagrun for consume_1_or_2_with_dataset_expressions to None, run_after=None
[2025-04-23T02:34:59.876+0100] {logging_mixin.py:190} INFO - [2025-04-23T02:34:59.876+0100] {dag.py:4180} INFO - Setting next_dagrun for consume_1_or_both_2_and_3_with_dataset_expressions to None, run_after=None
[2025-04-23T02:34:59.876+0100] {logging_mixin.py:190} INFO - [2025-04-23T02:34:59.876+0100] {dag.py:4180} INFO - Setting next_dagrun for dataset_consumes_1 to None, run_after=None
[2025-04-23T02:34:59.877+0100] {logging_mixin.py:190} INFO - [2025-04-23T02:34:59.877+0100] {dag.py:4180} INFO - Setting next_dagrun for dataset_consumes_1_and_2 to None, run_after=None
[2025-04-23T02:34:59.877+0100] {logging_mixin.py:190} INFO - [2025-04-23T02:34:59.877+0100] {dag.py:4180} INFO - Setting next_dagrun for dataset_consumes_1_never_scheduled to None, run_after=None
[2025-04-23T02:34:59.877+0100] {logging_mixin.py:190} INFO - [2025-04-23T02:34:59.877+0100] {dag.py:4180} INFO - Setting next_dagrun for dataset_consumes_unknown_never_scheduled to None, run_after=None
[2025-04-23T02:34:59.878+0100] {logging_mixin.py:190} INFO - [2025-04-23T02:34:59.878+0100] {dag.py:4180} INFO - Setting next_dagrun for dataset_produces_1 to 2025-04-22 00:00:00+00:00, run_after=2025-04-23 00:00:00+00:00
[2025-04-23T02:34:59.878+0100] {logging_mixin.py:190} INFO - [2025-04-23T02:34:59.878+0100] {dag.py:4180} INFO - Setting next_dagrun for dataset_produces_2 to None, run_after=None
[2025-04-23T02:34:59.886+0100] {processor.py:208} INFO - Processing /Users/francisayanbadejo/venvs_projects/my_proj/lib/python3.9/site-packages/airflow/example_dags/example_datasets.py took 0.085 seconds
[2025-04-23T02:36:48.450+0100] {processor.py:186} INFO - Started process (PID=58688) to work on /Users/francisayanbadejo/venvs_projects/my_proj/lib/python3.9/site-packages/airflow/example_dags/example_datasets.py
[2025-04-23T02:36:48.451+0100] {processor.py:914} INFO - Processing file /Users/francisayanbadejo/venvs_projects/my_proj/lib/python3.9/site-packages/airflow/example_dags/example_datasets.py for tasks to queue
[2025-04-23T02:36:48.452+0100] {logging_mixin.py:190} INFO - [2025-04-23T02:36:48.452+0100] {dagbag.py:588} INFO - Filling up the DagBag from /Users/francisayanbadejo/venvs_projects/my_proj/lib/python3.9/site-packages/airflow/example_dags/example_datasets.py
[2025-04-23T02:36:48.480+0100] {processor.py:925} INFO - DAG(s) 'dataset_consumes_1', 'dataset_consumes_unknown_never_scheduled', 'dataset_produces_1', 'dataset_produces_2', 'consume_1_and_2_with_dataset_expressions', 'conditional_dataset_and_time_based_timetable', 'dataset_consumes_1_never_scheduled', 'consume_1_or_2_with_dataset_expressions', 'dataset_consumes_1_and_2', 'consume_1_or_both_2_and_3_with_dataset_expressions' retrieved from /Users/francisayanbadejo/venvs_projects/my_proj/lib/python3.9/site-packages/airflow/example_dags/example_datasets.py
[2025-04-23T02:36:48.516+0100] {logging_mixin.py:190} INFO - [2025-04-23T02:36:48.516+0100] {dag.py:3239} INFO - Sync 10 DAGs
[2025-04-23T02:36:48.522+0100] {logging_mixin.py:190} INFO - [2025-04-23T02:36:48.522+0100] {dag.py:4180} INFO - Setting next_dagrun for conditional_dataset_and_time_based_timetable to 2025-04-23 01:00:00+00:00, run_after=2025-04-23 01:00:00+00:00
[2025-04-23T02:36:48.523+0100] {logging_mixin.py:190} INFO - [2025-04-23T02:36:48.523+0100] {dag.py:4180} INFO - Setting next_dagrun for consume_1_and_2_with_dataset_expressions to None, run_after=None
[2025-04-23T02:36:48.524+0100] {logging_mixin.py:190} INFO - [2025-04-23T02:36:48.524+0100] {dag.py:4180} INFO - Setting next_dagrun for consume_1_or_2_with_dataset_expressions to None, run_after=None
[2025-04-23T02:36:48.524+0100] {logging_mixin.py:190} INFO - [2025-04-23T02:36:48.524+0100] {dag.py:4180} INFO - Setting next_dagrun for consume_1_or_both_2_and_3_with_dataset_expressions to None, run_after=None
[2025-04-23T02:36:48.524+0100] {logging_mixin.py:190} INFO - [2025-04-23T02:36:48.524+0100] {dag.py:4180} INFO - Setting next_dagrun for dataset_consumes_1 to None, run_after=None
[2025-04-23T02:36:48.524+0100] {logging_mixin.py:190} INFO - [2025-04-23T02:36:48.524+0100] {dag.py:4180} INFO - Setting next_dagrun for dataset_consumes_1_and_2 to None, run_after=None
[2025-04-23T02:36:48.524+0100] {logging_mixin.py:190} INFO - [2025-04-23T02:36:48.524+0100] {dag.py:4180} INFO - Setting next_dagrun for dataset_consumes_1_never_scheduled to None, run_after=None
[2025-04-23T02:36:48.525+0100] {logging_mixin.py:190} INFO - [2025-04-23T02:36:48.525+0100] {dag.py:4180} INFO - Setting next_dagrun for dataset_consumes_unknown_never_scheduled to None, run_after=None
[2025-04-23T02:36:48.525+0100] {logging_mixin.py:190} INFO - [2025-04-23T02:36:48.525+0100] {dag.py:4180} INFO - Setting next_dagrun for dataset_produces_1 to 2025-04-22 00:00:00+00:00, run_after=2025-04-23 00:00:00+00:00
[2025-04-23T02:36:48.526+0100] {logging_mixin.py:190} INFO - [2025-04-23T02:36:48.526+0100] {dag.py:4180} INFO - Setting next_dagrun for dataset_produces_2 to None, run_after=None
[2025-04-23T02:36:48.533+0100] {processor.py:208} INFO - Processing /Users/francisayanbadejo/venvs_projects/my_proj/lib/python3.9/site-packages/airflow/example_dags/example_datasets.py took 0.085 seconds
[2025-04-23T02:38:38.046+0100] {processor.py:186} INFO - Started process (PID=59017) to work on /Users/francisayanbadejo/venvs_projects/my_proj/lib/python3.9/site-packages/airflow/example_dags/example_datasets.py
[2025-04-23T02:38:38.047+0100] {processor.py:914} INFO - Processing file /Users/francisayanbadejo/venvs_projects/my_proj/lib/python3.9/site-packages/airflow/example_dags/example_datasets.py for tasks to queue
[2025-04-23T02:38:38.047+0100] {logging_mixin.py:190} INFO - [2025-04-23T02:38:38.047+0100] {dagbag.py:588} INFO - Filling up the DagBag from /Users/francisayanbadejo/venvs_projects/my_proj/lib/python3.9/site-packages/airflow/example_dags/example_datasets.py
[2025-04-23T02:38:38.075+0100] {processor.py:925} INFO - DAG(s) 'dataset_produces_2', 'consume_1_or_both_2_and_3_with_dataset_expressions', 'dataset_consumes_1_never_scheduled', 'consume_1_and_2_with_dataset_expressions', 'dataset_produces_1', 'conditional_dataset_and_time_based_timetable', 'dataset_consumes_1_and_2', 'dataset_consumes_unknown_never_scheduled', 'dataset_consumes_1', 'consume_1_or_2_with_dataset_expressions' retrieved from /Users/francisayanbadejo/venvs_projects/my_proj/lib/python3.9/site-packages/airflow/example_dags/example_datasets.py
[2025-04-23T02:38:38.113+0100] {logging_mixin.py:190} INFO - [2025-04-23T02:38:38.113+0100] {dag.py:3239} INFO - Sync 10 DAGs
[2025-04-23T02:38:38.120+0100] {logging_mixin.py:190} INFO - [2025-04-23T02:38:38.120+0100] {dag.py:4180} INFO - Setting next_dagrun for conditional_dataset_and_time_based_timetable to 2025-04-23 01:00:00+00:00, run_after=2025-04-23 01:00:00+00:00
[2025-04-23T02:38:38.121+0100] {logging_mixin.py:190} INFO - [2025-04-23T02:38:38.121+0100] {dag.py:4180} INFO - Setting next_dagrun for consume_1_and_2_with_dataset_expressions to None, run_after=None
[2025-04-23T02:38:38.121+0100] {logging_mixin.py:190} INFO - [2025-04-23T02:38:38.121+0100] {dag.py:4180} INFO - Setting next_dagrun for consume_1_or_2_with_dataset_expressions to None, run_after=None
[2025-04-23T02:38:38.122+0100] {logging_mixin.py:190} INFO - [2025-04-23T02:38:38.122+0100] {dag.py:4180} INFO - Setting next_dagrun for consume_1_or_both_2_and_3_with_dataset_expressions to None, run_after=None
[2025-04-23T02:38:38.122+0100] {logging_mixin.py:190} INFO - [2025-04-23T02:38:38.122+0100] {dag.py:4180} INFO - Setting next_dagrun for dataset_consumes_1 to None, run_after=None
[2025-04-23T02:38:38.122+0100] {logging_mixin.py:190} INFO - [2025-04-23T02:38:38.122+0100] {dag.py:4180} INFO - Setting next_dagrun for dataset_consumes_1_and_2 to None, run_after=None
[2025-04-23T02:38:38.122+0100] {logging_mixin.py:190} INFO - [2025-04-23T02:38:38.122+0100] {dag.py:4180} INFO - Setting next_dagrun for dataset_consumes_1_never_scheduled to None, run_after=None
[2025-04-23T02:38:38.123+0100] {logging_mixin.py:190} INFO - [2025-04-23T02:38:38.123+0100] {dag.py:4180} INFO - Setting next_dagrun for dataset_consumes_unknown_never_scheduled to None, run_after=None
[2025-04-23T02:38:38.123+0100] {logging_mixin.py:190} INFO - [2025-04-23T02:38:38.123+0100] {dag.py:4180} INFO - Setting next_dagrun for dataset_produces_1 to 2025-04-22 00:00:00+00:00, run_after=2025-04-23 00:00:00+00:00
[2025-04-23T02:38:38.123+0100] {logging_mixin.py:190} INFO - [2025-04-23T02:38:38.123+0100] {dag.py:4180} INFO - Setting next_dagrun for dataset_produces_2 to None, run_after=None
[2025-04-23T02:38:38.131+0100] {processor.py:208} INFO - Processing /Users/francisayanbadejo/venvs_projects/my_proj/lib/python3.9/site-packages/airflow/example_dags/example_datasets.py took 0.087 seconds
