[2025-04-23T02:28:15.188+0100] {processor.py:186} INFO - Started process (PID=57626) to work on /Users/francisayanbadejo/venvs_projects/my_proj/lib/python3.9/site-packages/airflow/example_dags/tutorial_objectstorage.py
[2025-04-23T02:28:15.189+0100] {processor.py:914} INFO - Processing file /Users/francisayanbadejo/venvs_projects/my_proj/lib/python3.9/site-packages/airflow/example_dags/tutorial_objectstorage.py for tasks to queue
[2025-04-23T02:28:15.190+0100] {logging_mixin.py:190} INFO - [2025-04-23T02:28:15.190+0100] {dagbag.py:588} INFO - Filling up the DagBag from /Users/francisayanbadejo/venvs_projects/my_proj/lib/python3.9/site-packages/airflow/example_dags/tutorial_objectstorage.py
[2025-04-23T02:28:15.200+0100] {processor.py:925} INFO - DAG(s) 'tutorial_objectstorage' retrieved from /Users/francisayanbadejo/venvs_projects/my_proj/lib/python3.9/site-packages/airflow/example_dags/tutorial_objectstorage.py
[2025-04-23T02:28:15.258+0100] {logging_mixin.py:190} INFO - [2025-04-23T02:28:15.257+0100] {override.py:1930} INFO - Created Permission View: can read on DAG:tutorial_objectstorage
[2025-04-23T02:28:15.260+0100] {logging_mixin.py:190} INFO - [2025-04-23T02:28:15.260+0100] {override.py:1930} INFO - Created Permission View: can delete on DAG:tutorial_objectstorage
[2025-04-23T02:28:15.261+0100] {logging_mixin.py:190} INFO - [2025-04-23T02:28:15.261+0100] {override.py:1930} INFO - Created Permission View: can edit on DAG:tutorial_objectstorage
[2025-04-23T02:28:15.263+0100] {logging_mixin.py:190} INFO - [2025-04-23T02:28:15.263+0100] {override.py:1930} INFO - Created Permission View: can read on DAG Run:tutorial_objectstorage
[2025-04-23T02:28:15.264+0100] {logging_mixin.py:190} INFO - [2025-04-23T02:28:15.264+0100] {override.py:1930} INFO - Created Permission View: can create on DAG Run:tutorial_objectstorage
[2025-04-23T02:28:15.266+0100] {logging_mixin.py:190} INFO - [2025-04-23T02:28:15.266+0100] {override.py:1930} INFO - Created Permission View: can delete on DAG Run:tutorial_objectstorage
[2025-04-23T02:28:15.267+0100] {logging_mixin.py:190} INFO - [2025-04-23T02:28:15.267+0100] {override.py:1930} INFO - Created Permission View: menu access on DAG Run:tutorial_objectstorage
[2025-04-23T02:28:15.267+0100] {logging_mixin.py:190} INFO - [2025-04-23T02:28:15.267+0100] {dag.py:3239} INFO - Sync 1 DAGs
[2025-04-23T02:28:15.271+0100] {logging_mixin.py:190} INFO - [2025-04-23T02:28:15.271+0100] {dag.py:3262} INFO - Creating ORM DAG for tutorial_objectstorage
[2025-04-23T02:28:15.271+0100] {logging_mixin.py:190} INFO - [2025-04-23T02:28:15.271+0100] {dag.py:4180} INFO - Setting next_dagrun for tutorial_objectstorage to None, run_after=None
[2025-04-23T02:28:15.275+0100] {processor.py:208} INFO - Processing /Users/francisayanbadejo/venvs_projects/my_proj/lib/python3.9/site-packages/airflow/example_dags/tutorial_objectstorage.py took 0.088 seconds
[2025-04-23T02:29:43.723+0100] {processor.py:186} INFO - Started process (PID=57801) to work on /Users/francisayanbadejo/venvs_projects/my_proj/lib/python3.9/site-packages/airflow/example_dags/tutorial_objectstorage.py
[2025-04-23T02:29:43.724+0100] {processor.py:914} INFO - Processing file /Users/francisayanbadejo/venvs_projects/my_proj/lib/python3.9/site-packages/airflow/example_dags/tutorial_objectstorage.py for tasks to queue
[2025-04-23T02:29:43.724+0100] {logging_mixin.py:190} INFO - [2025-04-23T02:29:43.724+0100] {dagbag.py:588} INFO - Filling up the DagBag from /Users/francisayanbadejo/venvs_projects/my_proj/lib/python3.9/site-packages/airflow/example_dags/tutorial_objectstorage.py
[2025-04-23T02:29:43.734+0100] {processor.py:925} INFO - DAG(s) 'tutorial_objectstorage' retrieved from /Users/francisayanbadejo/venvs_projects/my_proj/lib/python3.9/site-packages/airflow/example_dags/tutorial_objectstorage.py
[2025-04-23T02:29:43.764+0100] {logging_mixin.py:190} INFO - [2025-04-23T02:29:43.764+0100] {dag.py:3239} INFO - Sync 1 DAGs
[2025-04-23T02:29:43.767+0100] {logging_mixin.py:190} INFO - [2025-04-23T02:29:43.767+0100] {dag.py:4180} INFO - Setting next_dagrun for tutorial_objectstorage to None, run_after=None
[2025-04-23T02:29:43.772+0100] {processor.py:208} INFO - Processing /Users/francisayanbadejo/venvs_projects/my_proj/lib/python3.9/site-packages/airflow/example_dags/tutorial_objectstorage.py took 0.051 seconds
[2025-04-23T02:30:40.400+0100] {processor.py:186} INFO - Started process (PID=57898) to work on /Users/francisayanbadejo/venvs_projects/my_proj/lib/python3.9/site-packages/airflow/example_dags/tutorial_objectstorage.py
[2025-04-23T02:30:40.402+0100] {processor.py:914} INFO - Processing file /Users/francisayanbadejo/venvs_projects/my_proj/lib/python3.9/site-packages/airflow/example_dags/tutorial_objectstorage.py for tasks to queue
[2025-04-23T02:30:40.403+0100] {logging_mixin.py:190} INFO - [2025-04-23T02:30:40.403+0100] {dagbag.py:588} INFO - Filling up the DagBag from /Users/francisayanbadejo/venvs_projects/my_proj/lib/python3.9/site-packages/airflow/example_dags/tutorial_objectstorage.py
[2025-04-23T02:30:40.412+0100] {processor.py:925} INFO - DAG(s) 'tutorial_objectstorage' retrieved from /Users/francisayanbadejo/venvs_projects/my_proj/lib/python3.9/site-packages/airflow/example_dags/tutorial_objectstorage.py
[2025-04-23T02:30:40.442+0100] {logging_mixin.py:190} INFO - [2025-04-23T02:30:40.442+0100] {dag.py:3239} INFO - Sync 1 DAGs
[2025-04-23T02:30:40.446+0100] {logging_mixin.py:190} INFO - [2025-04-23T02:30:40.446+0100] {dag.py:4180} INFO - Setting next_dagrun for tutorial_objectstorage to None, run_after=None
[2025-04-23T02:30:40.451+0100] {processor.py:208} INFO - Processing /Users/francisayanbadejo/venvs_projects/my_proj/lib/python3.9/site-packages/airflow/example_dags/tutorial_objectstorage.py took 0.052 seconds
[2025-04-23T02:31:33.581+0100] {processor.py:186} INFO - Started process (PID=57988) to work on /Users/francisayanbadejo/venvs_projects/my_proj/lib/python3.9/site-packages/airflow/example_dags/tutorial_objectstorage.py
[2025-04-23T02:31:33.582+0100] {processor.py:914} INFO - Processing file /Users/francisayanbadejo/venvs_projects/my_proj/lib/python3.9/site-packages/airflow/example_dags/tutorial_objectstorage.py for tasks to queue
[2025-04-23T02:31:33.583+0100] {logging_mixin.py:190} INFO - [2025-04-23T02:31:33.583+0100] {dagbag.py:588} INFO - Filling up the DagBag from /Users/francisayanbadejo/venvs_projects/my_proj/lib/python3.9/site-packages/airflow/example_dags/tutorial_objectstorage.py
[2025-04-23T02:31:33.593+0100] {processor.py:925} INFO - DAG(s) 'tutorial_objectstorage' retrieved from /Users/francisayanbadejo/venvs_projects/my_proj/lib/python3.9/site-packages/airflow/example_dags/tutorial_objectstorage.py
[2025-04-23T02:31:33.623+0100] {logging_mixin.py:190} INFO - [2025-04-23T02:31:33.623+0100] {dag.py:3239} INFO - Sync 1 DAGs
[2025-04-23T02:31:33.626+0100] {logging_mixin.py:190} INFO - [2025-04-23T02:31:33.626+0100] {dag.py:4180} INFO - Setting next_dagrun for tutorial_objectstorage to None, run_after=None
[2025-04-23T02:31:33.631+0100] {processor.py:208} INFO - Processing /Users/francisayanbadejo/venvs_projects/my_proj/lib/python3.9/site-packages/airflow/example_dags/tutorial_objectstorage.py took 0.051 seconds
[2025-04-23T02:32:27.728+0100] {processor.py:186} INFO - Started process (PID=58140) to work on /Users/francisayanbadejo/venvs_projects/my_proj/lib/python3.9/site-packages/airflow/example_dags/tutorial_objectstorage.py
[2025-04-23T02:32:27.729+0100] {processor.py:914} INFO - Processing file /Users/francisayanbadejo/venvs_projects/my_proj/lib/python3.9/site-packages/airflow/example_dags/tutorial_objectstorage.py for tasks to queue
[2025-04-23T02:32:27.730+0100] {logging_mixin.py:190} INFO - [2025-04-23T02:32:27.730+0100] {dagbag.py:588} INFO - Filling up the DagBag from /Users/francisayanbadejo/venvs_projects/my_proj/lib/python3.9/site-packages/airflow/example_dags/tutorial_objectstorage.py
[2025-04-23T02:32:27.739+0100] {processor.py:925} INFO - DAG(s) 'tutorial_objectstorage' retrieved from /Users/francisayanbadejo/venvs_projects/my_proj/lib/python3.9/site-packages/airflow/example_dags/tutorial_objectstorage.py
[2025-04-23T02:32:27.769+0100] {logging_mixin.py:190} INFO - [2025-04-23T02:32:27.769+0100] {dag.py:3239} INFO - Sync 1 DAGs
[2025-04-23T02:32:27.772+0100] {logging_mixin.py:190} INFO - [2025-04-23T02:32:27.772+0100] {dag.py:4180} INFO - Setting next_dagrun for tutorial_objectstorage to None, run_after=None
[2025-04-23T02:32:27.777+0100] {processor.py:208} INFO - Processing /Users/francisayanbadejo/venvs_projects/my_proj/lib/python3.9/site-packages/airflow/example_dags/tutorial_objectstorage.py took 0.050 seconds
[2025-04-23T02:33:23.074+0100] {processor.py:186} INFO - Started process (PID=58253) to work on /Users/francisayanbadejo/venvs_projects/my_proj/lib/python3.9/site-packages/airflow/example_dags/tutorial_objectstorage.py
[2025-04-23T02:33:23.075+0100] {processor.py:914} INFO - Processing file /Users/francisayanbadejo/venvs_projects/my_proj/lib/python3.9/site-packages/airflow/example_dags/tutorial_objectstorage.py for tasks to queue
[2025-04-23T02:33:23.075+0100] {logging_mixin.py:190} INFO - [2025-04-23T02:33:23.075+0100] {dagbag.py:588} INFO - Filling up the DagBag from /Users/francisayanbadejo/venvs_projects/my_proj/lib/python3.9/site-packages/airflow/example_dags/tutorial_objectstorage.py
[2025-04-23T02:33:23.085+0100] {processor.py:925} INFO - DAG(s) 'tutorial_objectstorage' retrieved from /Users/francisayanbadejo/venvs_projects/my_proj/lib/python3.9/site-packages/airflow/example_dags/tutorial_objectstorage.py
[2025-04-23T02:33:23.116+0100] {logging_mixin.py:190} INFO - [2025-04-23T02:33:23.116+0100] {dag.py:3239} INFO - Sync 1 DAGs
[2025-04-23T02:33:23.120+0100] {logging_mixin.py:190} INFO - [2025-04-23T02:33:23.120+0100] {dag.py:4180} INFO - Setting next_dagrun for tutorial_objectstorage to None, run_after=None
[2025-04-23T02:33:23.125+0100] {processor.py:208} INFO - Processing /Users/francisayanbadejo/venvs_projects/my_proj/lib/python3.9/site-packages/airflow/example_dags/tutorial_objectstorage.py took 0.053 seconds
[2025-04-23T02:34:06.596+0100] {processor.py:186} INFO - Started process (PID=58440) to work on /Users/francisayanbadejo/venvs_projects/my_proj/lib/python3.9/site-packages/airflow/example_dags/tutorial_objectstorage.py
[2025-04-23T02:34:06.598+0100] {processor.py:914} INFO - Processing file /Users/francisayanbadejo/venvs_projects/my_proj/lib/python3.9/site-packages/airflow/example_dags/tutorial_objectstorage.py for tasks to queue
[2025-04-23T02:34:06.599+0100] {logging_mixin.py:190} INFO - [2025-04-23T02:34:06.599+0100] {dagbag.py:588} INFO - Filling up the DagBag from /Users/francisayanbadejo/venvs_projects/my_proj/lib/python3.9/site-packages/airflow/example_dags/tutorial_objectstorage.py
[2025-04-23T02:34:06.608+0100] {processor.py:925} INFO - DAG(s) 'tutorial_objectstorage' retrieved from /Users/francisayanbadejo/venvs_projects/my_proj/lib/python3.9/site-packages/airflow/example_dags/tutorial_objectstorage.py
[2025-04-23T02:34:06.640+0100] {logging_mixin.py:190} INFO - [2025-04-23T02:34:06.640+0100] {dag.py:3239} INFO - Sync 1 DAGs
[2025-04-23T02:34:06.644+0100] {logging_mixin.py:190} INFO - [2025-04-23T02:34:06.644+0100] {dag.py:4180} INFO - Setting next_dagrun for tutorial_objectstorage to None, run_after=None
[2025-04-23T02:34:06.649+0100] {processor.py:208} INFO - Processing /Users/francisayanbadejo/venvs_projects/my_proj/lib/python3.9/site-packages/airflow/example_dags/tutorial_objectstorage.py took 0.054 seconds
[2025-04-23T02:35:30.126+0100] {processor.py:186} INFO - Started process (PID=58565) to work on /Users/francisayanbadejo/venvs_projects/my_proj/lib/python3.9/site-packages/airflow/example_dags/tutorial_objectstorage.py
[2025-04-23T02:35:30.128+0100] {processor.py:914} INFO - Processing file /Users/francisayanbadejo/venvs_projects/my_proj/lib/python3.9/site-packages/airflow/example_dags/tutorial_objectstorage.py for tasks to queue
[2025-04-23T02:35:30.128+0100] {logging_mixin.py:190} INFO - [2025-04-23T02:35:30.128+0100] {dagbag.py:588} INFO - Filling up the DagBag from /Users/francisayanbadejo/venvs_projects/my_proj/lib/python3.9/site-packages/airflow/example_dags/tutorial_objectstorage.py
[2025-04-23T02:35:30.138+0100] {processor.py:925} INFO - DAG(s) 'tutorial_objectstorage' retrieved from /Users/francisayanbadejo/venvs_projects/my_proj/lib/python3.9/site-packages/airflow/example_dags/tutorial_objectstorage.py
[2025-04-23T02:35:30.168+0100] {logging_mixin.py:190} INFO - [2025-04-23T02:35:30.168+0100] {dag.py:3239} INFO - Sync 1 DAGs
[2025-04-23T02:35:30.172+0100] {logging_mixin.py:190} INFO - [2025-04-23T02:35:30.172+0100] {dag.py:4180} INFO - Setting next_dagrun for tutorial_objectstorage to None, run_after=None
[2025-04-23T02:35:30.176+0100] {processor.py:208} INFO - Processing /Users/francisayanbadejo/venvs_projects/my_proj/lib/python3.9/site-packages/airflow/example_dags/tutorial_objectstorage.py took 0.052 seconds
[2025-04-23T02:36:24.783+0100] {processor.py:186} INFO - Started process (PID=58645) to work on /Users/francisayanbadejo/venvs_projects/my_proj/lib/python3.9/site-packages/airflow/example_dags/tutorial_objectstorage.py
[2025-04-23T02:36:24.784+0100] {processor.py:914} INFO - Processing file /Users/francisayanbadejo/venvs_projects/my_proj/lib/python3.9/site-packages/airflow/example_dags/tutorial_objectstorage.py for tasks to queue
[2025-04-23T02:36:24.785+0100] {logging_mixin.py:190} INFO - [2025-04-23T02:36:24.785+0100] {dagbag.py:588} INFO - Filling up the DagBag from /Users/francisayanbadejo/venvs_projects/my_proj/lib/python3.9/site-packages/airflow/example_dags/tutorial_objectstorage.py
[2025-04-23T02:36:24.795+0100] {processor.py:925} INFO - DAG(s) 'tutorial_objectstorage' retrieved from /Users/francisayanbadejo/venvs_projects/my_proj/lib/python3.9/site-packages/airflow/example_dags/tutorial_objectstorage.py
[2025-04-23T02:36:24.825+0100] {logging_mixin.py:190} INFO - [2025-04-23T02:36:24.825+0100] {dag.py:3239} INFO - Sync 1 DAGs
[2025-04-23T02:36:24.829+0100] {logging_mixin.py:190} INFO - [2025-04-23T02:36:24.829+0100] {dag.py:4180} INFO - Setting next_dagrun for tutorial_objectstorage to None, run_after=None
[2025-04-23T02:36:24.834+0100] {processor.py:208} INFO - Processing /Users/francisayanbadejo/venvs_projects/my_proj/lib/python3.9/site-packages/airflow/example_dags/tutorial_objectstorage.py took 0.053 seconds
[2025-04-23T02:37:19.438+0100] {processor.py:186} INFO - Started process (PID=58734) to work on /Users/francisayanbadejo/venvs_projects/my_proj/lib/python3.9/site-packages/airflow/example_dags/tutorial_objectstorage.py
[2025-04-23T02:37:19.440+0100] {processor.py:914} INFO - Processing file /Users/francisayanbadejo/venvs_projects/my_proj/lib/python3.9/site-packages/airflow/example_dags/tutorial_objectstorage.py for tasks to queue
[2025-04-23T02:37:19.440+0100] {logging_mixin.py:190} INFO - [2025-04-23T02:37:19.440+0100] {dagbag.py:588} INFO - Filling up the DagBag from /Users/francisayanbadejo/venvs_projects/my_proj/lib/python3.9/site-packages/airflow/example_dags/tutorial_objectstorage.py
[2025-04-23T02:37:19.450+0100] {processor.py:925} INFO - DAG(s) 'tutorial_objectstorage' retrieved from /Users/francisayanbadejo/venvs_projects/my_proj/lib/python3.9/site-packages/airflow/example_dags/tutorial_objectstorage.py
[2025-04-23T02:37:19.480+0100] {logging_mixin.py:190} INFO - [2025-04-23T02:37:19.480+0100] {dag.py:3239} INFO - Sync 1 DAGs
[2025-04-23T02:37:19.484+0100] {logging_mixin.py:190} INFO - [2025-04-23T02:37:19.484+0100] {dag.py:4180} INFO - Setting next_dagrun for tutorial_objectstorage to None, run_after=None
[2025-04-23T02:37:19.489+0100] {processor.py:208} INFO - Processing /Users/francisayanbadejo/venvs_projects/my_proj/lib/python3.9/site-packages/airflow/example_dags/tutorial_objectstorage.py took 0.052 seconds
[2025-04-23T02:38:13.190+0100] {processor.py:186} INFO - Started process (PID=58862) to work on /Users/francisayanbadejo/venvs_projects/my_proj/lib/python3.9/site-packages/airflow/example_dags/tutorial_objectstorage.py
[2025-04-23T02:38:13.191+0100] {processor.py:914} INFO - Processing file /Users/francisayanbadejo/venvs_projects/my_proj/lib/python3.9/site-packages/airflow/example_dags/tutorial_objectstorage.py for tasks to queue
[2025-04-23T02:38:13.192+0100] {logging_mixin.py:190} INFO - [2025-04-23T02:38:13.192+0100] {dagbag.py:588} INFO - Filling up the DagBag from /Users/francisayanbadejo/venvs_projects/my_proj/lib/python3.9/site-packages/airflow/example_dags/tutorial_objectstorage.py
[2025-04-23T02:38:13.202+0100] {processor.py:925} INFO - DAG(s) 'tutorial_objectstorage' retrieved from /Users/francisayanbadejo/venvs_projects/my_proj/lib/python3.9/site-packages/airflow/example_dags/tutorial_objectstorage.py
[2025-04-23T02:38:13.231+0100] {logging_mixin.py:190} INFO - [2025-04-23T02:38:13.231+0100] {dag.py:3239} INFO - Sync 1 DAGs
[2025-04-23T02:38:13.235+0100] {logging_mixin.py:190} INFO - [2025-04-23T02:38:13.235+0100] {dag.py:4180} INFO - Setting next_dagrun for tutorial_objectstorage to None, run_after=None
[2025-04-23T02:38:13.240+0100] {processor.py:208} INFO - Processing /Users/francisayanbadejo/venvs_projects/my_proj/lib/python3.9/site-packages/airflow/example_dags/tutorial_objectstorage.py took 0.051 seconds
