[2025-04-23T02:28:10.141+0100] {processor.py:186} INFO - Started process (PID=57619) to work on /Users/francisayanbadejo/venvs_projects/my_proj/lib/python3.9/site-packages/airflow/example_dags/tutorial_taskflow_templates.py
[2025-04-23T02:28:10.142+0100] {processor.py:914} INFO - Processing file /Users/francisayanbadejo/venvs_projects/my_proj/lib/python3.9/site-packages/airflow/example_dags/tutorial_taskflow_templates.py for tasks to queue
[2025-04-23T02:28:10.143+0100] {logging_mixin.py:190} INFO - [2025-04-23T02:28:10.143+0100] {dagbag.py:588} INFO - Filling up the DagBag from /Users/francisayanbadejo/venvs_projects/my_proj/lib/python3.9/site-packages/airflow/example_dags/tutorial_taskflow_templates.py
[2025-04-23T02:28:10.155+0100] {processor.py:925} INFO - DAG(s) 'tutorial_taskflow_templates' retrieved from /Users/francisayanbadejo/venvs_projects/my_proj/lib/python3.9/site-packages/airflow/example_dags/tutorial_taskflow_templates.py
[2025-04-23T02:28:10.220+0100] {logging_mixin.py:190} INFO - [2025-04-23T02:28:10.220+0100] {override.py:1930} INFO - Created Permission View: can read on DAG:tutorial_taskflow_templates
[2025-04-23T02:28:10.222+0100] {logging_mixin.py:190} INFO - [2025-04-23T02:28:10.222+0100] {override.py:1930} INFO - Created Permission View: can edit on DAG:tutorial_taskflow_templates
[2025-04-23T02:28:10.223+0100] {logging_mixin.py:190} INFO - [2025-04-23T02:28:10.223+0100] {override.py:1930} INFO - Created Permission View: can delete on DAG:tutorial_taskflow_templates
[2025-04-23T02:28:10.226+0100] {logging_mixin.py:190} INFO - [2025-04-23T02:28:10.225+0100] {override.py:1930} INFO - Created Permission View: can read on DAG Run:tutorial_taskflow_templates
[2025-04-23T02:28:10.227+0100] {logging_mixin.py:190} INFO - [2025-04-23T02:28:10.227+0100] {override.py:1930} INFO - Created Permission View: can create on DAG Run:tutorial_taskflow_templates
[2025-04-23T02:28:10.229+0100] {logging_mixin.py:190} INFO - [2025-04-23T02:28:10.229+0100] {override.py:1930} INFO - Created Permission View: can delete on DAG Run:tutorial_taskflow_templates
[2025-04-23T02:28:10.231+0100] {logging_mixin.py:190} INFO - [2025-04-23T02:28:10.231+0100] {override.py:1930} INFO - Created Permission View: menu access on DAG Run:tutorial_taskflow_templates
[2025-04-23T02:28:10.231+0100] {logging_mixin.py:190} INFO - [2025-04-23T02:28:10.231+0100] {dag.py:3239} INFO - Sync 1 DAGs
[2025-04-23T02:28:10.235+0100] {logging_mixin.py:190} INFO - [2025-04-23T02:28:10.234+0100] {dag.py:3262} INFO - Creating ORM DAG for tutorial_taskflow_templates
[2025-04-23T02:28:10.237+0100] {logging_mixin.py:190} INFO - [2025-04-23T02:28:10.237+0100] {dag.py:4180} INFO - Setting next_dagrun for tutorial_taskflow_templates to 2025-04-22 00:00:00+00:00, run_after=2025-04-23 00:00:00+00:00
[2025-04-23T02:28:10.242+0100] {processor.py:208} INFO - Processing /Users/francisayanbadejo/venvs_projects/my_proj/lib/python3.9/site-packages/airflow/example_dags/tutorial_taskflow_templates.py took 0.102 seconds
[2025-04-23T02:29:38.767+0100] {processor.py:186} INFO - Started process (PID=57789) to work on /Users/francisayanbadejo/venvs_projects/my_proj/lib/python3.9/site-packages/airflow/example_dags/tutorial_taskflow_templates.py
[2025-04-23T02:29:38.768+0100] {processor.py:914} INFO - Processing file /Users/francisayanbadejo/venvs_projects/my_proj/lib/python3.9/site-packages/airflow/example_dags/tutorial_taskflow_templates.py for tasks to queue
[2025-04-23T02:29:38.769+0100] {logging_mixin.py:190} INFO - [2025-04-23T02:29:38.769+0100] {dagbag.py:588} INFO - Filling up the DagBag from /Users/francisayanbadejo/venvs_projects/my_proj/lib/python3.9/site-packages/airflow/example_dags/tutorial_taskflow_templates.py
[2025-04-23T02:29:38.782+0100] {processor.py:925} INFO - DAG(s) 'tutorial_taskflow_templates' retrieved from /Users/francisayanbadejo/venvs_projects/my_proj/lib/python3.9/site-packages/airflow/example_dags/tutorial_taskflow_templates.py
[2025-04-23T02:29:38.816+0100] {logging_mixin.py:190} INFO - [2025-04-23T02:29:38.816+0100] {dag.py:3239} INFO - Sync 1 DAGs
[2025-04-23T02:29:38.823+0100] {logging_mixin.py:190} INFO - [2025-04-23T02:29:38.823+0100] {dag.py:4180} INFO - Setting next_dagrun for tutorial_taskflow_templates to 2025-04-22 00:00:00+00:00, run_after=2025-04-23 00:00:00+00:00
[2025-04-23T02:29:38.828+0100] {processor.py:208} INFO - Processing /Users/francisayanbadejo/venvs_projects/my_proj/lib/python3.9/site-packages/airflow/example_dags/tutorial_taskflow_templates.py took 0.063 seconds
[2025-04-23T02:30:36.490+0100] {processor.py:186} INFO - Started process (PID=57891) to work on /Users/francisayanbadejo/venvs_projects/my_proj/lib/python3.9/site-packages/airflow/example_dags/tutorial_taskflow_templates.py
[2025-04-23T02:30:36.492+0100] {processor.py:914} INFO - Processing file /Users/francisayanbadejo/venvs_projects/my_proj/lib/python3.9/site-packages/airflow/example_dags/tutorial_taskflow_templates.py for tasks to queue
[2025-04-23T02:30:36.492+0100] {logging_mixin.py:190} INFO - [2025-04-23T02:30:36.492+0100] {dagbag.py:588} INFO - Filling up the DagBag from /Users/francisayanbadejo/venvs_projects/my_proj/lib/python3.9/site-packages/airflow/example_dags/tutorial_taskflow_templates.py
[2025-04-23T02:30:36.504+0100] {processor.py:925} INFO - DAG(s) 'tutorial_taskflow_templates' retrieved from /Users/francisayanbadejo/venvs_projects/my_proj/lib/python3.9/site-packages/airflow/example_dags/tutorial_taskflow_templates.py
[2025-04-23T02:30:36.536+0100] {logging_mixin.py:190} INFO - [2025-04-23T02:30:36.536+0100] {dag.py:3239} INFO - Sync 1 DAGs
[2025-04-23T02:30:36.542+0100] {logging_mixin.py:190} INFO - [2025-04-23T02:30:36.542+0100] {dag.py:4180} INFO - Setting next_dagrun for tutorial_taskflow_templates to 2025-04-22 00:00:00+00:00, run_after=2025-04-23 00:00:00+00:00
[2025-04-23T02:30:36.547+0100] {processor.py:208} INFO - Processing /Users/francisayanbadejo/venvs_projects/my_proj/lib/python3.9/site-packages/airflow/example_dags/tutorial_taskflow_templates.py took 0.058 seconds
[2025-04-23T02:31:28.642+0100] {processor.py:186} INFO - Started process (PID=57982) to work on /Users/francisayanbadejo/venvs_projects/my_proj/lib/python3.9/site-packages/airflow/example_dags/tutorial_taskflow_templates.py
[2025-04-23T02:31:28.643+0100] {processor.py:914} INFO - Processing file /Users/francisayanbadejo/venvs_projects/my_proj/lib/python3.9/site-packages/airflow/example_dags/tutorial_taskflow_templates.py for tasks to queue
[2025-04-23T02:31:28.644+0100] {logging_mixin.py:190} INFO - [2025-04-23T02:31:28.644+0100] {dagbag.py:588} INFO - Filling up the DagBag from /Users/francisayanbadejo/venvs_projects/my_proj/lib/python3.9/site-packages/airflow/example_dags/tutorial_taskflow_templates.py
[2025-04-23T02:31:28.656+0100] {processor.py:925} INFO - DAG(s) 'tutorial_taskflow_templates' retrieved from /Users/francisayanbadejo/venvs_projects/my_proj/lib/python3.9/site-packages/airflow/example_dags/tutorial_taskflow_templates.py
[2025-04-23T02:31:28.686+0100] {logging_mixin.py:190} INFO - [2025-04-23T02:31:28.686+0100] {dag.py:3239} INFO - Sync 1 DAGs
[2025-04-23T02:31:28.691+0100] {logging_mixin.py:190} INFO - [2025-04-23T02:31:28.691+0100] {dag.py:4180} INFO - Setting next_dagrun for tutorial_taskflow_templates to 2025-04-22 00:00:00+00:00, run_after=2025-04-23 00:00:00+00:00
[2025-04-23T02:31:28.696+0100] {processor.py:208} INFO - Processing /Users/francisayanbadejo/venvs_projects/my_proj/lib/python3.9/site-packages/airflow/example_dags/tutorial_taskflow_templates.py took 0.055 seconds
[2025-04-23T02:32:23.465+0100] {processor.py:186} INFO - Started process (PID=58127) to work on /Users/francisayanbadejo/venvs_projects/my_proj/lib/python3.9/site-packages/airflow/example_dags/tutorial_taskflow_templates.py
[2025-04-23T02:32:23.466+0100] {processor.py:914} INFO - Processing file /Users/francisayanbadejo/venvs_projects/my_proj/lib/python3.9/site-packages/airflow/example_dags/tutorial_taskflow_templates.py for tasks to queue
[2025-04-23T02:32:23.466+0100] {logging_mixin.py:190} INFO - [2025-04-23T02:32:23.466+0100] {dagbag.py:588} INFO - Filling up the DagBag from /Users/francisayanbadejo/venvs_projects/my_proj/lib/python3.9/site-packages/airflow/example_dags/tutorial_taskflow_templates.py
[2025-04-23T02:32:23.478+0100] {processor.py:925} INFO - DAG(s) 'tutorial_taskflow_templates' retrieved from /Users/francisayanbadejo/venvs_projects/my_proj/lib/python3.9/site-packages/airflow/example_dags/tutorial_taskflow_templates.py
[2025-04-23T02:32:23.512+0100] {logging_mixin.py:190} INFO - [2025-04-23T02:32:23.512+0100] {dag.py:3239} INFO - Sync 1 DAGs
[2025-04-23T02:32:23.518+0100] {logging_mixin.py:190} INFO - [2025-04-23T02:32:23.518+0100] {dag.py:4180} INFO - Setting next_dagrun for tutorial_taskflow_templates to 2025-04-22 00:00:00+00:00, run_after=2025-04-23 00:00:00+00:00
[2025-04-23T02:32:23.523+0100] {processor.py:208} INFO - Processing /Users/francisayanbadejo/venvs_projects/my_proj/lib/python3.9/site-packages/airflow/example_dags/tutorial_taskflow_templates.py took 0.059 seconds
[2025-04-23T02:33:18.149+0100] {processor.py:186} INFO - Started process (PID=58243) to work on /Users/francisayanbadejo/venvs_projects/my_proj/lib/python3.9/site-packages/airflow/example_dags/tutorial_taskflow_templates.py
[2025-04-23T02:33:18.150+0100] {processor.py:914} INFO - Processing file /Users/francisayanbadejo/venvs_projects/my_proj/lib/python3.9/site-packages/airflow/example_dags/tutorial_taskflow_templates.py for tasks to queue
[2025-04-23T02:33:18.151+0100] {logging_mixin.py:190} INFO - [2025-04-23T02:33:18.151+0100] {dagbag.py:588} INFO - Filling up the DagBag from /Users/francisayanbadejo/venvs_projects/my_proj/lib/python3.9/site-packages/airflow/example_dags/tutorial_taskflow_templates.py
[2025-04-23T02:33:18.161+0100] {processor.py:925} INFO - DAG(s) 'tutorial_taskflow_templates' retrieved from /Users/francisayanbadejo/venvs_projects/my_proj/lib/python3.9/site-packages/airflow/example_dags/tutorial_taskflow_templates.py
[2025-04-23T02:33:18.193+0100] {logging_mixin.py:190} INFO - [2025-04-23T02:33:18.193+0100] {dag.py:3239} INFO - Sync 1 DAGs
[2025-04-23T02:33:18.199+0100] {logging_mixin.py:190} INFO - [2025-04-23T02:33:18.199+0100] {dag.py:4180} INFO - Setting next_dagrun for tutorial_taskflow_templates to 2025-04-22 00:00:00+00:00, run_after=2025-04-23 00:00:00+00:00
[2025-04-23T02:33:18.204+0100] {processor.py:208} INFO - Processing /Users/francisayanbadejo/venvs_projects/my_proj/lib/python3.9/site-packages/airflow/example_dags/tutorial_taskflow_templates.py took 0.056 seconds
[2025-04-23T02:34:01.549+0100] {processor.py:186} INFO - Started process (PID=58416) to work on /Users/francisayanbadejo/venvs_projects/my_proj/lib/python3.9/site-packages/airflow/example_dags/tutorial_taskflow_templates.py
[2025-04-23T02:34:01.551+0100] {processor.py:914} INFO - Processing file /Users/francisayanbadejo/venvs_projects/my_proj/lib/python3.9/site-packages/airflow/example_dags/tutorial_taskflow_templates.py for tasks to queue
[2025-04-23T02:34:01.552+0100] {logging_mixin.py:190} INFO - [2025-04-23T02:34:01.552+0100] {dagbag.py:588} INFO - Filling up the DagBag from /Users/francisayanbadejo/venvs_projects/my_proj/lib/python3.9/site-packages/airflow/example_dags/tutorial_taskflow_templates.py
[2025-04-23T02:34:01.563+0100] {processor.py:925} INFO - DAG(s) 'tutorial_taskflow_templates' retrieved from /Users/francisayanbadejo/venvs_projects/my_proj/lib/python3.9/site-packages/airflow/example_dags/tutorial_taskflow_templates.py
[2025-04-23T02:34:01.595+0100] {logging_mixin.py:190} INFO - [2025-04-23T02:34:01.595+0100] {dag.py:3239} INFO - Sync 1 DAGs
[2025-04-23T02:34:01.601+0100] {logging_mixin.py:190} INFO - [2025-04-23T02:34:01.601+0100] {dag.py:4180} INFO - Setting next_dagrun for tutorial_taskflow_templates to 2025-04-22 00:00:00+00:00, run_after=2025-04-23 00:00:00+00:00
[2025-04-23T02:34:01.606+0100] {processor.py:208} INFO - Processing /Users/francisayanbadejo/venvs_projects/my_proj/lib/python3.9/site-packages/airflow/example_dags/tutorial_taskflow_templates.py took 0.058 seconds
[2025-04-23T02:35:25.930+0100] {processor.py:186} INFO - Started process (PID=58559) to work on /Users/francisayanbadejo/venvs_projects/my_proj/lib/python3.9/site-packages/airflow/example_dags/tutorial_taskflow_templates.py
[2025-04-23T02:35:25.931+0100] {processor.py:914} INFO - Processing file /Users/francisayanbadejo/venvs_projects/my_proj/lib/python3.9/site-packages/airflow/example_dags/tutorial_taskflow_templates.py for tasks to queue
[2025-04-23T02:35:25.932+0100] {logging_mixin.py:190} INFO - [2025-04-23T02:35:25.932+0100] {dagbag.py:588} INFO - Filling up the DagBag from /Users/francisayanbadejo/venvs_projects/my_proj/lib/python3.9/site-packages/airflow/example_dags/tutorial_taskflow_templates.py
[2025-04-23T02:35:25.944+0100] {processor.py:925} INFO - DAG(s) 'tutorial_taskflow_templates' retrieved from /Users/francisayanbadejo/venvs_projects/my_proj/lib/python3.9/site-packages/airflow/example_dags/tutorial_taskflow_templates.py
[2025-04-23T02:35:25.974+0100] {logging_mixin.py:190} INFO - [2025-04-23T02:35:25.974+0100] {dag.py:3239} INFO - Sync 1 DAGs
[2025-04-23T02:35:25.980+0100] {logging_mixin.py:190} INFO - [2025-04-23T02:35:25.980+0100] {dag.py:4180} INFO - Setting next_dagrun for tutorial_taskflow_templates to 2025-04-22 00:00:00+00:00, run_after=2025-04-23 00:00:00+00:00
[2025-04-23T02:35:25.985+0100] {processor.py:208} INFO - Processing /Users/francisayanbadejo/venvs_projects/my_proj/lib/python3.9/site-packages/airflow/example_dags/tutorial_taskflow_templates.py took 0.056 seconds
[2025-04-23T02:36:20.792+0100] {processor.py:186} INFO - Started process (PID=58639) to work on /Users/francisayanbadejo/venvs_projects/my_proj/lib/python3.9/site-packages/airflow/example_dags/tutorial_taskflow_templates.py
[2025-04-23T02:36:20.794+0100] {processor.py:914} INFO - Processing file /Users/francisayanbadejo/venvs_projects/my_proj/lib/python3.9/site-packages/airflow/example_dags/tutorial_taskflow_templates.py for tasks to queue
[2025-04-23T02:36:20.794+0100] {logging_mixin.py:190} INFO - [2025-04-23T02:36:20.794+0100] {dagbag.py:588} INFO - Filling up the DagBag from /Users/francisayanbadejo/venvs_projects/my_proj/lib/python3.9/site-packages/airflow/example_dags/tutorial_taskflow_templates.py
[2025-04-23T02:36:20.806+0100] {processor.py:925} INFO - DAG(s) 'tutorial_taskflow_templates' retrieved from /Users/francisayanbadejo/venvs_projects/my_proj/lib/python3.9/site-packages/airflow/example_dags/tutorial_taskflow_templates.py
[2025-04-23T02:36:20.837+0100] {logging_mixin.py:190} INFO - [2025-04-23T02:36:20.837+0100] {dag.py:3239} INFO - Sync 1 DAGs
[2025-04-23T02:36:20.843+0100] {logging_mixin.py:190} INFO - [2025-04-23T02:36:20.843+0100] {dag.py:4180} INFO - Setting next_dagrun for tutorial_taskflow_templates to 2025-04-22 00:00:00+00:00, run_after=2025-04-23 00:00:00+00:00
[2025-04-23T02:36:20.848+0100] {processor.py:208} INFO - Processing /Users/francisayanbadejo/venvs_projects/my_proj/lib/python3.9/site-packages/airflow/example_dags/tutorial_taskflow_templates.py took 0.058 seconds
[2025-04-23T02:37:14.697+0100] {processor.py:186} INFO - Started process (PID=58728) to work on /Users/francisayanbadejo/venvs_projects/my_proj/lib/python3.9/site-packages/airflow/example_dags/tutorial_taskflow_templates.py
[2025-04-23T02:37:14.699+0100] {processor.py:914} INFO - Processing file /Users/francisayanbadejo/venvs_projects/my_proj/lib/python3.9/site-packages/airflow/example_dags/tutorial_taskflow_templates.py for tasks to queue
[2025-04-23T02:37:14.700+0100] {logging_mixin.py:190} INFO - [2025-04-23T02:37:14.700+0100] {dagbag.py:588} INFO - Filling up the DagBag from /Users/francisayanbadejo/venvs_projects/my_proj/lib/python3.9/site-packages/airflow/example_dags/tutorial_taskflow_templates.py
[2025-04-23T02:37:14.712+0100] {processor.py:925} INFO - DAG(s) 'tutorial_taskflow_templates' retrieved from /Users/francisayanbadejo/venvs_projects/my_proj/lib/python3.9/site-packages/airflow/example_dags/tutorial_taskflow_templates.py
[2025-04-23T02:37:14.743+0100] {logging_mixin.py:190} INFO - [2025-04-23T02:37:14.743+0100] {dag.py:3239} INFO - Sync 1 DAGs
[2025-04-23T02:37:14.749+0100] {logging_mixin.py:190} INFO - [2025-04-23T02:37:14.749+0100] {dag.py:4180} INFO - Setting next_dagrun for tutorial_taskflow_templates to 2025-04-22 00:00:00+00:00, run_after=2025-04-23 00:00:00+00:00
[2025-04-23T02:37:14.754+0100] {processor.py:208} INFO - Processing /Users/francisayanbadejo/venvs_projects/my_proj/lib/python3.9/site-packages/airflow/example_dags/tutorial_taskflow_templates.py took 0.057 seconds
[2025-04-23T02:38:08.459+0100] {processor.py:186} INFO - Started process (PID=58852) to work on /Users/francisayanbadejo/venvs_projects/my_proj/lib/python3.9/site-packages/airflow/example_dags/tutorial_taskflow_templates.py
[2025-04-23T02:38:08.460+0100] {processor.py:914} INFO - Processing file /Users/francisayanbadejo/venvs_projects/my_proj/lib/python3.9/site-packages/airflow/example_dags/tutorial_taskflow_templates.py for tasks to queue
[2025-04-23T02:38:08.461+0100] {logging_mixin.py:190} INFO - [2025-04-23T02:38:08.461+0100] {dagbag.py:588} INFO - Filling up the DagBag from /Users/francisayanbadejo/venvs_projects/my_proj/lib/python3.9/site-packages/airflow/example_dags/tutorial_taskflow_templates.py
[2025-04-23T02:38:08.473+0100] {processor.py:925} INFO - DAG(s) 'tutorial_taskflow_templates' retrieved from /Users/francisayanbadejo/venvs_projects/my_proj/lib/python3.9/site-packages/airflow/example_dags/tutorial_taskflow_templates.py
[2025-04-23T02:38:08.504+0100] {logging_mixin.py:190} INFO - [2025-04-23T02:38:08.504+0100] {dag.py:3239} INFO - Sync 1 DAGs
[2025-04-23T02:38:08.510+0100] {logging_mixin.py:190} INFO - [2025-04-23T02:38:08.509+0100] {dag.py:4180} INFO - Setting next_dagrun for tutorial_taskflow_templates to 2025-04-22 00:00:00+00:00, run_after=2025-04-23 00:00:00+00:00
[2025-04-23T02:38:08.514+0100] {processor.py:208} INFO - Processing /Users/francisayanbadejo/venvs_projects/my_proj/lib/python3.9/site-packages/airflow/example_dags/tutorial_taskflow_templates.py took 0.056 seconds
