[2025-04-23T02:28:16.870+0100] {processor.py:186} INFO - Started process (PID=57628) to work on /Users/francisayanbadejo/venvs_projects/my_proj/lib/python3.9/site-packages/airflow/example_dags/tutorial_dag.py
[2025-04-23T02:28:16.871+0100] {processor.py:914} INFO - Processing file /Users/francisayanbadejo/venvs_projects/my_proj/lib/python3.9/site-packages/airflow/example_dags/tutorial_dag.py for tasks to queue
[2025-04-23T02:28:16.872+0100] {logging_mixin.py:190} INFO - [2025-04-23T02:28:16.872+0100] {dagbag.py:588} INFO - Filling up the DagBag from /Users/francisayanbadejo/venvs_projects/my_proj/lib/python3.9/site-packages/airflow/example_dags/tutorial_dag.py
[2025-04-23T02:28:16.878+0100] {processor.py:925} INFO - DAG(s) 'tutorial_dag' retrieved from /Users/francisayanbadejo/venvs_projects/my_proj/lib/python3.9/site-packages/airflow/example_dags/tutorial_dag.py
[2025-04-23T02:28:16.933+0100] {logging_mixin.py:190} INFO - [2025-04-23T02:28:16.933+0100] {override.py:1930} INFO - Created Permission View: can edit on DAG:tutorial_dag
[2025-04-23T02:28:16.935+0100] {logging_mixin.py:190} INFO - [2025-04-23T02:28:16.935+0100] {override.py:1930} INFO - Created Permission View: can delete on DAG:tutorial_dag
[2025-04-23T02:28:16.937+0100] {logging_mixin.py:190} INFO - [2025-04-23T02:28:16.937+0100] {override.py:1930} INFO - Created Permission View: can read on DAG:tutorial_dag
[2025-04-23T02:28:16.939+0100] {logging_mixin.py:190} INFO - [2025-04-23T02:28:16.939+0100] {override.py:1930} INFO - Created Permission View: can delete on DAG Run:tutorial_dag
[2025-04-23T02:28:16.940+0100] {logging_mixin.py:190} INFO - [2025-04-23T02:28:16.940+0100] {override.py:1930} INFO - Created Permission View: can create on DAG Run:tutorial_dag
[2025-04-23T02:28:16.941+0100] {logging_mixin.py:190} INFO - [2025-04-23T02:28:16.941+0100] {override.py:1930} INFO - Created Permission View: can read on DAG Run:tutorial_dag
[2025-04-23T02:28:16.943+0100] {logging_mixin.py:190} INFO - [2025-04-23T02:28:16.943+0100] {override.py:1930} INFO - Created Permission View: menu access on DAG Run:tutorial_dag
[2025-04-23T02:28:16.943+0100] {logging_mixin.py:190} INFO - [2025-04-23T02:28:16.943+0100] {dag.py:3239} INFO - Sync 1 DAGs
[2025-04-23T02:28:16.946+0100] {logging_mixin.py:190} INFO - [2025-04-23T02:28:16.946+0100] {dag.py:3262} INFO - Creating ORM DAG for tutorial_dag
[2025-04-23T02:28:16.946+0100] {logging_mixin.py:190} INFO - [2025-04-23T02:28:16.946+0100] {dag.py:4180} INFO - Setting next_dagrun for tutorial_dag to None, run_after=None
[2025-04-23T02:28:16.951+0100] {processor.py:208} INFO - Processing /Users/francisayanbadejo/venvs_projects/my_proj/lib/python3.9/site-packages/airflow/example_dags/tutorial_dag.py took 0.082 seconds
[2025-04-23T02:29:44.409+0100] {processor.py:186} INFO - Started process (PID=57803) to work on /Users/francisayanbadejo/venvs_projects/my_proj/lib/python3.9/site-packages/airflow/example_dags/tutorial_dag.py
[2025-04-23T02:29:44.410+0100] {processor.py:914} INFO - Processing file /Users/francisayanbadejo/venvs_projects/my_proj/lib/python3.9/site-packages/airflow/example_dags/tutorial_dag.py for tasks to queue
[2025-04-23T02:29:44.411+0100] {logging_mixin.py:190} INFO - [2025-04-23T02:29:44.411+0100] {dagbag.py:588} INFO - Filling up the DagBag from /Users/francisayanbadejo/venvs_projects/my_proj/lib/python3.9/site-packages/airflow/example_dags/tutorial_dag.py
[2025-04-23T02:29:44.418+0100] {processor.py:925} INFO - DAG(s) 'tutorial_dag' retrieved from /Users/francisayanbadejo/venvs_projects/my_proj/lib/python3.9/site-packages/airflow/example_dags/tutorial_dag.py
[2025-04-23T02:29:44.448+0100] {logging_mixin.py:190} INFO - [2025-04-23T02:29:44.448+0100] {dag.py:3239} INFO - Sync 1 DAGs
[2025-04-23T02:29:44.452+0100] {logging_mixin.py:190} INFO - [2025-04-23T02:29:44.452+0100] {dag.py:4180} INFO - Setting next_dagrun for tutorial_dag to None, run_after=None
[2025-04-23T02:29:44.457+0100] {processor.py:208} INFO - Processing /Users/francisayanbadejo/venvs_projects/my_proj/lib/python3.9/site-packages/airflow/example_dags/tutorial_dag.py took 0.049 seconds
[2025-04-23T02:30:42.052+0100] {processor.py:186} INFO - Started process (PID=57902) to work on /Users/francisayanbadejo/venvs_projects/my_proj/lib/python3.9/site-packages/airflow/example_dags/tutorial_dag.py
[2025-04-23T02:30:42.053+0100] {processor.py:914} INFO - Processing file /Users/francisayanbadejo/venvs_projects/my_proj/lib/python3.9/site-packages/airflow/example_dags/tutorial_dag.py for tasks to queue
[2025-04-23T02:30:42.054+0100] {logging_mixin.py:190} INFO - [2025-04-23T02:30:42.054+0100] {dagbag.py:588} INFO - Filling up the DagBag from /Users/francisayanbadejo/venvs_projects/my_proj/lib/python3.9/site-packages/airflow/example_dags/tutorial_dag.py
[2025-04-23T02:30:42.061+0100] {processor.py:925} INFO - DAG(s) 'tutorial_dag' retrieved from /Users/francisayanbadejo/venvs_projects/my_proj/lib/python3.9/site-packages/airflow/example_dags/tutorial_dag.py
[2025-04-23T02:30:42.090+0100] {logging_mixin.py:190} INFO - [2025-04-23T02:30:42.090+0100] {dag.py:3239} INFO - Sync 1 DAGs
[2025-04-23T02:30:42.093+0100] {logging_mixin.py:190} INFO - [2025-04-23T02:30:42.093+0100] {dag.py:4180} INFO - Setting next_dagrun for tutorial_dag to None, run_after=None
[2025-04-23T02:30:42.098+0100] {processor.py:208} INFO - Processing /Users/francisayanbadejo/venvs_projects/my_proj/lib/python3.9/site-packages/airflow/example_dags/tutorial_dag.py took 0.047 seconds
[2025-04-23T02:31:34.274+0100] {processor.py:186} INFO - Started process (PID=57990) to work on /Users/francisayanbadejo/venvs_projects/my_proj/lib/python3.9/site-packages/airflow/example_dags/tutorial_dag.py
[2025-04-23T02:31:34.276+0100] {processor.py:914} INFO - Processing file /Users/francisayanbadejo/venvs_projects/my_proj/lib/python3.9/site-packages/airflow/example_dags/tutorial_dag.py for tasks to queue
[2025-04-23T02:31:34.277+0100] {logging_mixin.py:190} INFO - [2025-04-23T02:31:34.277+0100] {dagbag.py:588} INFO - Filling up the DagBag from /Users/francisayanbadejo/venvs_projects/my_proj/lib/python3.9/site-packages/airflow/example_dags/tutorial_dag.py
[2025-04-23T02:31:34.283+0100] {processor.py:925} INFO - DAG(s) 'tutorial_dag' retrieved from /Users/francisayanbadejo/venvs_projects/my_proj/lib/python3.9/site-packages/airflow/example_dags/tutorial_dag.py
[2025-04-23T02:31:34.313+0100] {logging_mixin.py:190} INFO - [2025-04-23T02:31:34.313+0100] {dag.py:3239} INFO - Sync 1 DAGs
[2025-04-23T02:31:34.317+0100] {logging_mixin.py:190} INFO - [2025-04-23T02:31:34.317+0100] {dag.py:4180} INFO - Setting next_dagrun for tutorial_dag to None, run_after=None
[2025-04-23T02:31:34.322+0100] {processor.py:208} INFO - Processing /Users/francisayanbadejo/venvs_projects/my_proj/lib/python3.9/site-packages/airflow/example_dags/tutorial_dag.py took 0.049 seconds
[2025-04-23T02:32:29.175+0100] {processor.py:186} INFO - Started process (PID=58144) to work on /Users/francisayanbadejo/venvs_projects/my_proj/lib/python3.9/site-packages/airflow/example_dags/tutorial_dag.py
[2025-04-23T02:32:29.176+0100] {processor.py:914} INFO - Processing file /Users/francisayanbadejo/venvs_projects/my_proj/lib/python3.9/site-packages/airflow/example_dags/tutorial_dag.py for tasks to queue
[2025-04-23T02:32:29.177+0100] {logging_mixin.py:190} INFO - [2025-04-23T02:32:29.177+0100] {dagbag.py:588} INFO - Filling up the DagBag from /Users/francisayanbadejo/venvs_projects/my_proj/lib/python3.9/site-packages/airflow/example_dags/tutorial_dag.py
[2025-04-23T02:32:29.184+0100] {processor.py:925} INFO - DAG(s) 'tutorial_dag' retrieved from /Users/francisayanbadejo/venvs_projects/my_proj/lib/python3.9/site-packages/airflow/example_dags/tutorial_dag.py
[2025-04-23T02:32:29.214+0100] {logging_mixin.py:190} INFO - [2025-04-23T02:32:29.214+0100] {dag.py:3239} INFO - Sync 1 DAGs
[2025-04-23T02:32:29.218+0100] {logging_mixin.py:190} INFO - [2025-04-23T02:32:29.218+0100] {dag.py:4180} INFO - Setting next_dagrun for tutorial_dag to None, run_after=None
[2025-04-23T02:32:29.223+0100] {processor.py:208} INFO - Processing /Users/francisayanbadejo/venvs_projects/my_proj/lib/python3.9/site-packages/airflow/example_dags/tutorial_dag.py took 0.049 seconds
[2025-04-23T02:33:23.816+0100] {processor.py:186} INFO - Started process (PID=58255) to work on /Users/francisayanbadejo/venvs_projects/my_proj/lib/python3.9/site-packages/airflow/example_dags/tutorial_dag.py
[2025-04-23T02:33:23.818+0100] {processor.py:914} INFO - Processing file /Users/francisayanbadejo/venvs_projects/my_proj/lib/python3.9/site-packages/airflow/example_dags/tutorial_dag.py for tasks to queue
[2025-04-23T02:33:23.819+0100] {logging_mixin.py:190} INFO - [2025-04-23T02:33:23.819+0100] {dagbag.py:588} INFO - Filling up the DagBag from /Users/francisayanbadejo/venvs_projects/my_proj/lib/python3.9/site-packages/airflow/example_dags/tutorial_dag.py
[2025-04-23T02:33:23.826+0100] {processor.py:925} INFO - DAG(s) 'tutorial_dag' retrieved from /Users/francisayanbadejo/venvs_projects/my_proj/lib/python3.9/site-packages/airflow/example_dags/tutorial_dag.py
[2025-04-23T02:33:23.857+0100] {logging_mixin.py:190} INFO - [2025-04-23T02:33:23.857+0100] {dag.py:3239} INFO - Sync 1 DAGs
[2025-04-23T02:33:23.861+0100] {logging_mixin.py:190} INFO - [2025-04-23T02:33:23.861+0100] {dag.py:4180} INFO - Setting next_dagrun for tutorial_dag to None, run_after=None
[2025-04-23T02:33:23.866+0100] {processor.py:208} INFO - Processing /Users/francisayanbadejo/venvs_projects/my_proj/lib/python3.9/site-packages/airflow/example_dags/tutorial_dag.py took 0.051 seconds
[2025-04-23T02:34:08.276+0100] {processor.py:186} INFO - Started process (PID=58442) to work on /Users/francisayanbadejo/venvs_projects/my_proj/lib/python3.9/site-packages/airflow/example_dags/tutorial_dag.py
[2025-04-23T02:34:08.277+0100] {processor.py:914} INFO - Processing file /Users/francisayanbadejo/venvs_projects/my_proj/lib/python3.9/site-packages/airflow/example_dags/tutorial_dag.py for tasks to queue
[2025-04-23T02:34:08.278+0100] {logging_mixin.py:190} INFO - [2025-04-23T02:34:08.278+0100] {dagbag.py:588} INFO - Filling up the DagBag from /Users/francisayanbadejo/venvs_projects/my_proj/lib/python3.9/site-packages/airflow/example_dags/tutorial_dag.py
[2025-04-23T02:34:08.286+0100] {processor.py:925} INFO - DAG(s) 'tutorial_dag' retrieved from /Users/francisayanbadejo/venvs_projects/my_proj/lib/python3.9/site-packages/airflow/example_dags/tutorial_dag.py
[2025-04-23T02:34:08.316+0100] {logging_mixin.py:190} INFO - [2025-04-23T02:34:08.316+0100] {dag.py:3239} INFO - Sync 1 DAGs
[2025-04-23T02:34:08.320+0100] {logging_mixin.py:190} INFO - [2025-04-23T02:34:08.320+0100] {dag.py:4180} INFO - Setting next_dagrun for tutorial_dag to None, run_after=None
[2025-04-23T02:34:08.325+0100] {processor.py:208} INFO - Processing /Users/francisayanbadejo/venvs_projects/my_proj/lib/python3.9/site-packages/airflow/example_dags/tutorial_dag.py took 0.050 seconds
[2025-04-23T02:35:31.574+0100] {processor.py:186} INFO - Started process (PID=58567) to work on /Users/francisayanbadejo/venvs_projects/my_proj/lib/python3.9/site-packages/airflow/example_dags/tutorial_dag.py
[2025-04-23T02:35:31.576+0100] {processor.py:914} INFO - Processing file /Users/francisayanbadejo/venvs_projects/my_proj/lib/python3.9/site-packages/airflow/example_dags/tutorial_dag.py for tasks to queue
[2025-04-23T02:35:31.577+0100] {logging_mixin.py:190} INFO - [2025-04-23T02:35:31.577+0100] {dagbag.py:588} INFO - Filling up the DagBag from /Users/francisayanbadejo/venvs_projects/my_proj/lib/python3.9/site-packages/airflow/example_dags/tutorial_dag.py
[2025-04-23T02:35:31.583+0100] {processor.py:925} INFO - DAG(s) 'tutorial_dag' retrieved from /Users/francisayanbadejo/venvs_projects/my_proj/lib/python3.9/site-packages/airflow/example_dags/tutorial_dag.py
[2025-04-23T02:35:31.614+0100] {logging_mixin.py:190} INFO - [2025-04-23T02:35:31.614+0100] {dag.py:3239} INFO - Sync 1 DAGs
[2025-04-23T02:35:31.617+0100] {logging_mixin.py:190} INFO - [2025-04-23T02:35:31.617+0100] {dag.py:4180} INFO - Setting next_dagrun for tutorial_dag to None, run_after=None
[2025-04-23T02:35:31.622+0100] {processor.py:208} INFO - Processing /Users/francisayanbadejo/venvs_projects/my_proj/lib/python3.9/site-packages/airflow/example_dags/tutorial_dag.py took 0.049 seconds
[2025-04-23T02:36:26.414+0100] {processor.py:186} INFO - Started process (PID=58647) to work on /Users/francisayanbadejo/venvs_projects/my_proj/lib/python3.9/site-packages/airflow/example_dags/tutorial_dag.py
[2025-04-23T02:36:26.416+0100] {processor.py:914} INFO - Processing file /Users/francisayanbadejo/venvs_projects/my_proj/lib/python3.9/site-packages/airflow/example_dags/tutorial_dag.py for tasks to queue
[2025-04-23T02:36:26.417+0100] {logging_mixin.py:190} INFO - [2025-04-23T02:36:26.417+0100] {dagbag.py:588} INFO - Filling up the DagBag from /Users/francisayanbadejo/venvs_projects/my_proj/lib/python3.9/site-packages/airflow/example_dags/tutorial_dag.py
[2025-04-23T02:36:26.424+0100] {processor.py:925} INFO - DAG(s) 'tutorial_dag' retrieved from /Users/francisayanbadejo/venvs_projects/my_proj/lib/python3.9/site-packages/airflow/example_dags/tutorial_dag.py
[2025-04-23T02:36:26.455+0100] {logging_mixin.py:190} INFO - [2025-04-23T02:36:26.455+0100] {dag.py:3239} INFO - Sync 1 DAGs
[2025-04-23T02:36:26.459+0100] {logging_mixin.py:190} INFO - [2025-04-23T02:36:26.458+0100] {dag.py:4180} INFO - Setting next_dagrun for tutorial_dag to None, run_after=None
[2025-04-23T02:36:26.466+0100] {processor.py:208} INFO - Processing /Users/francisayanbadejo/venvs_projects/my_proj/lib/python3.9/site-packages/airflow/example_dags/tutorial_dag.py took 0.053 seconds
[2025-04-23T02:37:21.080+0100] {processor.py:186} INFO - Started process (PID=58736) to work on /Users/francisayanbadejo/venvs_projects/my_proj/lib/python3.9/site-packages/airflow/example_dags/tutorial_dag.py
[2025-04-23T02:37:21.082+0100] {processor.py:914} INFO - Processing file /Users/francisayanbadejo/venvs_projects/my_proj/lib/python3.9/site-packages/airflow/example_dags/tutorial_dag.py for tasks to queue
[2025-04-23T02:37:21.082+0100] {logging_mixin.py:190} INFO - [2025-04-23T02:37:21.082+0100] {dagbag.py:588} INFO - Filling up the DagBag from /Users/francisayanbadejo/venvs_projects/my_proj/lib/python3.9/site-packages/airflow/example_dags/tutorial_dag.py
[2025-04-23T02:37:21.089+0100] {processor.py:925} INFO - DAG(s) 'tutorial_dag' retrieved from /Users/francisayanbadejo/venvs_projects/my_proj/lib/python3.9/site-packages/airflow/example_dags/tutorial_dag.py
[2025-04-23T02:37:21.124+0100] {logging_mixin.py:190} INFO - [2025-04-23T02:37:21.124+0100] {dag.py:3239} INFO - Sync 1 DAGs
[2025-04-23T02:37:21.127+0100] {logging_mixin.py:190} INFO - [2025-04-23T02:37:21.127+0100] {dag.py:4180} INFO - Setting next_dagrun for tutorial_dag to None, run_after=None
[2025-04-23T02:37:21.132+0100] {processor.py:208} INFO - Processing /Users/francisayanbadejo/venvs_projects/my_proj/lib/python3.9/site-packages/airflow/example_dags/tutorial_dag.py took 0.053 seconds
[2025-04-23T02:38:14.818+0100] {processor.py:186} INFO - Started process (PID=58864) to work on /Users/francisayanbadejo/venvs_projects/my_proj/lib/python3.9/site-packages/airflow/example_dags/tutorial_dag.py
[2025-04-23T02:38:14.819+0100] {processor.py:914} INFO - Processing file /Users/francisayanbadejo/venvs_projects/my_proj/lib/python3.9/site-packages/airflow/example_dags/tutorial_dag.py for tasks to queue
[2025-04-23T02:38:14.820+0100] {logging_mixin.py:190} INFO - [2025-04-23T02:38:14.820+0100] {dagbag.py:588} INFO - Filling up the DagBag from /Users/francisayanbadejo/venvs_projects/my_proj/lib/python3.9/site-packages/airflow/example_dags/tutorial_dag.py
[2025-04-23T02:38:14.827+0100] {processor.py:925} INFO - DAG(s) 'tutorial_dag' retrieved from /Users/francisayanbadejo/venvs_projects/my_proj/lib/python3.9/site-packages/airflow/example_dags/tutorial_dag.py
[2025-04-23T02:38:14.858+0100] {logging_mixin.py:190} INFO - [2025-04-23T02:38:14.858+0100] {dag.py:3239} INFO - Sync 1 DAGs
[2025-04-23T02:38:14.861+0100] {logging_mixin.py:190} INFO - [2025-04-23T02:38:14.861+0100] {dag.py:4180} INFO - Setting next_dagrun for tutorial_dag to None, run_after=None
[2025-04-23T02:38:14.866+0100] {processor.py:208} INFO - Processing /Users/francisayanbadejo/venvs_projects/my_proj/lib/python3.9/site-packages/airflow/example_dags/tutorial_dag.py took 0.049 seconds
