[2025-04-23T02:28:18.527+0100] {processor.py:186} INFO - Started process (PID=57630) to work on /Users/francisayanbadejo/venvs_projects/my_proj/lib/python3.9/site-packages/airflow/example_dags/tutorial.py
[2025-04-23T02:28:18.528+0100] {processor.py:914} INFO - Processing file /Users/francisayanbadejo/venvs_projects/my_proj/lib/python3.9/site-packages/airflow/example_dags/tutorial.py for tasks to queue
[2025-04-23T02:28:18.529+0100] {logging_mixin.py:190} INFO - [2025-04-23T02:28:18.529+0100] {dagbag.py:588} INFO - Filling up the DagBag from /Users/francisayanbadejo/venvs_projects/my_proj/lib/python3.9/site-packages/airflow/example_dags/tutorial.py
[2025-04-23T02:28:18.531+0100] {processor.py:925} INFO - DAG(s) 'tutorial' retrieved from /Users/francisayanbadejo/venvs_projects/my_proj/lib/python3.9/site-packages/airflow/example_dags/tutorial.py
[2025-04-23T02:28:18.585+0100] {logging_mixin.py:190} INFO - [2025-04-23T02:28:18.585+0100] {override.py:1930} INFO - Created Permission View: can edit on DAG:tutorial
[2025-04-23T02:28:18.587+0100] {logging_mixin.py:190} INFO - [2025-04-23T02:28:18.587+0100] {override.py:1930} INFO - Created Permission View: can delete on DAG:tutorial
[2025-04-23T02:28:18.589+0100] {logging_mixin.py:190} INFO - [2025-04-23T02:28:18.589+0100] {override.py:1930} INFO - Created Permission View: can read on DAG:tutorial
[2025-04-23T02:28:18.591+0100] {logging_mixin.py:190} INFO - [2025-04-23T02:28:18.591+0100] {override.py:1930} INFO - Created Permission View: menu access on DAG Run:tutorial
[2025-04-23T02:28:18.592+0100] {logging_mixin.py:190} INFO - [2025-04-23T02:28:18.592+0100] {override.py:1930} INFO - Created Permission View: can create on DAG Run:tutorial
[2025-04-23T02:28:18.593+0100] {logging_mixin.py:190} INFO - [2025-04-23T02:28:18.593+0100] {override.py:1930} INFO - Created Permission View: can delete on DAG Run:tutorial
[2025-04-23T02:28:18.595+0100] {logging_mixin.py:190} INFO - [2025-04-23T02:28:18.595+0100] {override.py:1930} INFO - Created Permission View: can read on DAG Run:tutorial
[2025-04-23T02:28:18.595+0100] {logging_mixin.py:190} INFO - [2025-04-23T02:28:18.595+0100] {dag.py:3239} INFO - Sync 1 DAGs
[2025-04-23T02:28:18.598+0100] {logging_mixin.py:190} INFO - [2025-04-23T02:28:18.598+0100] {dag.py:3262} INFO - Creating ORM DAG for tutorial
[2025-04-23T02:28:18.602+0100] {logging_mixin.py:190} INFO - [2025-04-23T02:28:18.602+0100] {dag.py:4180} INFO - Setting next_dagrun for tutorial to 2025-04-22 00:00:00+00:00, run_after=2025-04-23 00:00:00+00:00
[2025-04-23T02:28:18.607+0100] {processor.py:208} INFO - Processing /Users/francisayanbadejo/venvs_projects/my_proj/lib/python3.9/site-packages/airflow/example_dags/tutorial.py took 0.081 seconds
[2025-04-23T02:29:46.065+0100] {processor.py:186} INFO - Started process (PID=57811) to work on /Users/francisayanbadejo/venvs_projects/my_proj/lib/python3.9/site-packages/airflow/example_dags/tutorial.py
[2025-04-23T02:29:46.066+0100] {processor.py:914} INFO - Processing file /Users/francisayanbadejo/venvs_projects/my_proj/lib/python3.9/site-packages/airflow/example_dags/tutorial.py for tasks to queue
[2025-04-23T02:29:46.067+0100] {logging_mixin.py:190} INFO - [2025-04-23T02:29:46.067+0100] {dagbag.py:588} INFO - Filling up the DagBag from /Users/francisayanbadejo/venvs_projects/my_proj/lib/python3.9/site-packages/airflow/example_dags/tutorial.py
[2025-04-23T02:29:46.070+0100] {processor.py:925} INFO - DAG(s) 'tutorial' retrieved from /Users/francisayanbadejo/venvs_projects/my_proj/lib/python3.9/site-packages/airflow/example_dags/tutorial.py
[2025-04-23T02:29:46.102+0100] {logging_mixin.py:190} INFO - [2025-04-23T02:29:46.102+0100] {dag.py:3239} INFO - Sync 1 DAGs
[2025-04-23T02:29:46.109+0100] {logging_mixin.py:190} INFO - [2025-04-23T02:29:46.109+0100] {dag.py:4180} INFO - Setting next_dagrun for tutorial to 2025-04-22 00:00:00+00:00, run_after=2025-04-23 00:00:00+00:00
[2025-04-23T02:29:46.115+0100] {processor.py:208} INFO - Processing /Users/francisayanbadejo/venvs_projects/my_proj/lib/python3.9/site-packages/airflow/example_dags/tutorial.py took 0.051 seconds
[2025-04-23T02:30:43.673+0100] {processor.py:186} INFO - Started process (PID=57904) to work on /Users/francisayanbadejo/venvs_projects/my_proj/lib/python3.9/site-packages/airflow/example_dags/tutorial.py
[2025-04-23T02:30:43.674+0100] {processor.py:914} INFO - Processing file /Users/francisayanbadejo/venvs_projects/my_proj/lib/python3.9/site-packages/airflow/example_dags/tutorial.py for tasks to queue
[2025-04-23T02:30:43.675+0100] {logging_mixin.py:190} INFO - [2025-04-23T02:30:43.675+0100] {dagbag.py:588} INFO - Filling up the DagBag from /Users/francisayanbadejo/venvs_projects/my_proj/lib/python3.9/site-packages/airflow/example_dags/tutorial.py
[2025-04-23T02:30:43.677+0100] {processor.py:925} INFO - DAG(s) 'tutorial' retrieved from /Users/francisayanbadejo/venvs_projects/my_proj/lib/python3.9/site-packages/airflow/example_dags/tutorial.py
[2025-04-23T02:30:43.708+0100] {logging_mixin.py:190} INFO - [2025-04-23T02:30:43.708+0100] {dag.py:3239} INFO - Sync 1 DAGs
[2025-04-23T02:30:43.714+0100] {logging_mixin.py:190} INFO - [2025-04-23T02:30:43.714+0100] {dag.py:4180} INFO - Setting next_dagrun for tutorial to 2025-04-22 00:00:00+00:00, run_after=2025-04-23 00:00:00+00:00
[2025-04-23T02:30:43.719+0100] {processor.py:208} INFO - Processing /Users/francisayanbadejo/venvs_projects/my_proj/lib/python3.9/site-packages/airflow/example_dags/tutorial.py took 0.048 seconds
[2025-04-23T02:31:35.927+0100] {processor.py:186} INFO - Started process (PID=57992) to work on /Users/francisayanbadejo/venvs_projects/my_proj/lib/python3.9/site-packages/airflow/example_dags/tutorial.py
[2025-04-23T02:31:35.928+0100] {processor.py:914} INFO - Processing file /Users/francisayanbadejo/venvs_projects/my_proj/lib/python3.9/site-packages/airflow/example_dags/tutorial.py for tasks to queue
[2025-04-23T02:31:35.928+0100] {logging_mixin.py:190} INFO - [2025-04-23T02:31:35.928+0100] {dagbag.py:588} INFO - Filling up the DagBag from /Users/francisayanbadejo/venvs_projects/my_proj/lib/python3.9/site-packages/airflow/example_dags/tutorial.py
[2025-04-23T02:31:35.931+0100] {processor.py:925} INFO - DAG(s) 'tutorial' retrieved from /Users/francisayanbadejo/venvs_projects/my_proj/lib/python3.9/site-packages/airflow/example_dags/tutorial.py
[2025-04-23T02:31:35.962+0100] {logging_mixin.py:190} INFO - [2025-04-23T02:31:35.962+0100] {dag.py:3239} INFO - Sync 1 DAGs
[2025-04-23T02:31:35.969+0100] {logging_mixin.py:190} INFO - [2025-04-23T02:31:35.969+0100] {dag.py:4180} INFO - Setting next_dagrun for tutorial to 2025-04-22 00:00:00+00:00, run_after=2025-04-23 00:00:00+00:00
[2025-04-23T02:31:35.974+0100] {processor.py:208} INFO - Processing /Users/francisayanbadejo/venvs_projects/my_proj/lib/python3.9/site-packages/airflow/example_dags/tutorial.py took 0.048 seconds
[2025-04-23T02:32:30.851+0100] {processor.py:186} INFO - Started process (PID=58150) to work on /Users/francisayanbadejo/venvs_projects/my_proj/lib/python3.9/site-packages/airflow/example_dags/tutorial.py
[2025-04-23T02:32:30.852+0100] {processor.py:914} INFO - Processing file /Users/francisayanbadejo/venvs_projects/my_proj/lib/python3.9/site-packages/airflow/example_dags/tutorial.py for tasks to queue
[2025-04-23T02:32:30.853+0100] {logging_mixin.py:190} INFO - [2025-04-23T02:32:30.853+0100] {dagbag.py:588} INFO - Filling up the DagBag from /Users/francisayanbadejo/venvs_projects/my_proj/lib/python3.9/site-packages/airflow/example_dags/tutorial.py
[2025-04-23T02:32:30.855+0100] {processor.py:925} INFO - DAG(s) 'tutorial' retrieved from /Users/francisayanbadejo/venvs_projects/my_proj/lib/python3.9/site-packages/airflow/example_dags/tutorial.py
[2025-04-23T02:32:30.888+0100] {logging_mixin.py:190} INFO - [2025-04-23T02:32:30.888+0100] {dag.py:3239} INFO - Sync 1 DAGs
[2025-04-23T02:32:30.896+0100] {logging_mixin.py:190} INFO - [2025-04-23T02:32:30.895+0100] {dag.py:4180} INFO - Setting next_dagrun for tutorial to 2025-04-22 00:00:00+00:00, run_after=2025-04-23 00:00:00+00:00
[2025-04-23T02:32:30.901+0100] {processor.py:208} INFO - Processing /Users/francisayanbadejo/venvs_projects/my_proj/lib/python3.9/site-packages/airflow/example_dags/tutorial.py took 0.051 seconds
[2025-04-23T02:33:25.434+0100] {processor.py:186} INFO - Started process (PID=58257) to work on /Users/francisayanbadejo/venvs_projects/my_proj/lib/python3.9/site-packages/airflow/example_dags/tutorial.py
[2025-04-23T02:33:25.436+0100] {processor.py:914} INFO - Processing file /Users/francisayanbadejo/venvs_projects/my_proj/lib/python3.9/site-packages/airflow/example_dags/tutorial.py for tasks to queue
[2025-04-23T02:33:25.437+0100] {logging_mixin.py:190} INFO - [2025-04-23T02:33:25.437+0100] {dagbag.py:588} INFO - Filling up the DagBag from /Users/francisayanbadejo/venvs_projects/my_proj/lib/python3.9/site-packages/airflow/example_dags/tutorial.py
[2025-04-23T02:33:25.439+0100] {processor.py:925} INFO - DAG(s) 'tutorial' retrieved from /Users/francisayanbadejo/venvs_projects/my_proj/lib/python3.9/site-packages/airflow/example_dags/tutorial.py
[2025-04-23T02:33:25.471+0100] {logging_mixin.py:190} INFO - [2025-04-23T02:33:25.471+0100] {dag.py:3239} INFO - Sync 1 DAGs
[2025-04-23T02:33:25.479+0100] {logging_mixin.py:190} INFO - [2025-04-23T02:33:25.478+0100] {dag.py:4180} INFO - Setting next_dagrun for tutorial to 2025-04-22 00:00:00+00:00, run_after=2025-04-23 00:00:00+00:00
[2025-04-23T02:33:25.484+0100] {processor.py:208} INFO - Processing /Users/francisayanbadejo/venvs_projects/my_proj/lib/python3.9/site-packages/airflow/example_dags/tutorial.py took 0.050 seconds
[2025-04-23T02:34:08.937+0100] {processor.py:186} INFO - Started process (PID=58445) to work on /Users/francisayanbadejo/venvs_projects/my_proj/lib/python3.9/site-packages/airflow/example_dags/tutorial.py
[2025-04-23T02:34:08.938+0100] {processor.py:914} INFO - Processing file /Users/francisayanbadejo/venvs_projects/my_proj/lib/python3.9/site-packages/airflow/example_dags/tutorial.py for tasks to queue
[2025-04-23T02:34:08.939+0100] {logging_mixin.py:190} INFO - [2025-04-23T02:34:08.939+0100] {dagbag.py:588} INFO - Filling up the DagBag from /Users/francisayanbadejo/venvs_projects/my_proj/lib/python3.9/site-packages/airflow/example_dags/tutorial.py
[2025-04-23T02:34:08.942+0100] {processor.py:925} INFO - DAG(s) 'tutorial' retrieved from /Users/francisayanbadejo/venvs_projects/my_proj/lib/python3.9/site-packages/airflow/example_dags/tutorial.py
[2025-04-23T02:34:08.976+0100] {logging_mixin.py:190} INFO - [2025-04-23T02:34:08.976+0100] {dag.py:3239} INFO - Sync 1 DAGs
[2025-04-23T02:34:08.983+0100] {logging_mixin.py:190} INFO - [2025-04-23T02:34:08.983+0100] {dag.py:4180} INFO - Setting next_dagrun for tutorial to 2025-04-22 00:00:00+00:00, run_after=2025-04-23 00:00:00+00:00
[2025-04-23T02:34:08.989+0100] {processor.py:208} INFO - Processing /Users/francisayanbadejo/venvs_projects/my_proj/lib/python3.9/site-packages/airflow/example_dags/tutorial.py took 0.053 seconds
[2025-04-23T02:35:33.222+0100] {processor.py:186} INFO - Started process (PID=58569) to work on /Users/francisayanbadejo/venvs_projects/my_proj/lib/python3.9/site-packages/airflow/example_dags/tutorial.py
[2025-04-23T02:35:33.223+0100] {processor.py:914} INFO - Processing file /Users/francisayanbadejo/venvs_projects/my_proj/lib/python3.9/site-packages/airflow/example_dags/tutorial.py for tasks to queue
[2025-04-23T02:35:33.224+0100] {logging_mixin.py:190} INFO - [2025-04-23T02:35:33.224+0100] {dagbag.py:588} INFO - Filling up the DagBag from /Users/francisayanbadejo/venvs_projects/my_proj/lib/python3.9/site-packages/airflow/example_dags/tutorial.py
[2025-04-23T02:35:33.226+0100] {processor.py:925} INFO - DAG(s) 'tutorial' retrieved from /Users/francisayanbadejo/venvs_projects/my_proj/lib/python3.9/site-packages/airflow/example_dags/tutorial.py
[2025-04-23T02:35:33.257+0100] {logging_mixin.py:190} INFO - [2025-04-23T02:35:33.257+0100] {dag.py:3239} INFO - Sync 1 DAGs
[2025-04-23T02:35:33.264+0100] {logging_mixin.py:190} INFO - [2025-04-23T02:35:33.264+0100] {dag.py:4180} INFO - Setting next_dagrun for tutorial to 2025-04-22 00:00:00+00:00, run_after=2025-04-23 00:00:00+00:00
[2025-04-23T02:35:33.268+0100] {processor.py:208} INFO - Processing /Users/francisayanbadejo/venvs_projects/my_proj/lib/python3.9/site-packages/airflow/example_dags/tutorial.py took 0.048 seconds
[2025-04-23T02:36:27.117+0100] {processor.py:186} INFO - Started process (PID=58649) to work on /Users/francisayanbadejo/venvs_projects/my_proj/lib/python3.9/site-packages/airflow/example_dags/tutorial.py
[2025-04-23T02:36:27.119+0100] {processor.py:914} INFO - Processing file /Users/francisayanbadejo/venvs_projects/my_proj/lib/python3.9/site-packages/airflow/example_dags/tutorial.py for tasks to queue
[2025-04-23T02:36:27.120+0100] {logging_mixin.py:190} INFO - [2025-04-23T02:36:27.120+0100] {dagbag.py:588} INFO - Filling up the DagBag from /Users/francisayanbadejo/venvs_projects/my_proj/lib/python3.9/site-packages/airflow/example_dags/tutorial.py
[2025-04-23T02:36:27.122+0100] {processor.py:925} INFO - DAG(s) 'tutorial' retrieved from /Users/francisayanbadejo/venvs_projects/my_proj/lib/python3.9/site-packages/airflow/example_dags/tutorial.py
[2025-04-23T02:36:27.155+0100] {logging_mixin.py:190} INFO - [2025-04-23T02:36:27.155+0100] {dag.py:3239} INFO - Sync 1 DAGs
[2025-04-23T02:36:27.162+0100] {logging_mixin.py:190} INFO - [2025-04-23T02:36:27.162+0100] {dag.py:4180} INFO - Setting next_dagrun for tutorial to 2025-04-22 00:00:00+00:00, run_after=2025-04-23 00:00:00+00:00
[2025-04-23T02:36:27.167+0100] {processor.py:208} INFO - Processing /Users/francisayanbadejo/venvs_projects/my_proj/lib/python3.9/site-packages/airflow/example_dags/tutorial.py took 0.050 seconds
[2025-04-23T02:37:21.773+0100] {processor.py:186} INFO - Started process (PID=58738) to work on /Users/francisayanbadejo/venvs_projects/my_proj/lib/python3.9/site-packages/airflow/example_dags/tutorial.py
[2025-04-23T02:37:21.774+0100] {processor.py:914} INFO - Processing file /Users/francisayanbadejo/venvs_projects/my_proj/lib/python3.9/site-packages/airflow/example_dags/tutorial.py for tasks to queue
[2025-04-23T02:37:21.774+0100] {logging_mixin.py:190} INFO - [2025-04-23T02:37:21.774+0100] {dagbag.py:588} INFO - Filling up the DagBag from /Users/francisayanbadejo/venvs_projects/my_proj/lib/python3.9/site-packages/airflow/example_dags/tutorial.py
[2025-04-23T02:37:21.777+0100] {processor.py:925} INFO - DAG(s) 'tutorial' retrieved from /Users/francisayanbadejo/venvs_projects/my_proj/lib/python3.9/site-packages/airflow/example_dags/tutorial.py
[2025-04-23T02:37:21.808+0100] {logging_mixin.py:190} INFO - [2025-04-23T02:37:21.807+0100] {dag.py:3239} INFO - Sync 1 DAGs
[2025-04-23T02:37:21.814+0100] {logging_mixin.py:190} INFO - [2025-04-23T02:37:21.814+0100] {dag.py:4180} INFO - Setting next_dagrun for tutorial to 2025-04-22 00:00:00+00:00, run_after=2025-04-23 00:00:00+00:00
[2025-04-23T02:37:21.819+0100] {processor.py:208} INFO - Processing /Users/francisayanbadejo/venvs_projects/my_proj/lib/python3.9/site-packages/airflow/example_dags/tutorial.py took 0.048 seconds
[2025-04-23T02:38:16.456+0100] {processor.py:186} INFO - Started process (PID=58870) to work on /Users/francisayanbadejo/venvs_projects/my_proj/lib/python3.9/site-packages/airflow/example_dags/tutorial.py
[2025-04-23T02:38:16.457+0100] {processor.py:914} INFO - Processing file /Users/francisayanbadejo/venvs_projects/my_proj/lib/python3.9/site-packages/airflow/example_dags/tutorial.py for tasks to queue
[2025-04-23T02:38:16.458+0100] {logging_mixin.py:190} INFO - [2025-04-23T02:38:16.458+0100] {dagbag.py:588} INFO - Filling up the DagBag from /Users/francisayanbadejo/venvs_projects/my_proj/lib/python3.9/site-packages/airflow/example_dags/tutorial.py
[2025-04-23T02:38:16.461+0100] {processor.py:925} INFO - DAG(s) 'tutorial' retrieved from /Users/francisayanbadejo/venvs_projects/my_proj/lib/python3.9/site-packages/airflow/example_dags/tutorial.py
[2025-04-23T02:38:16.492+0100] {logging_mixin.py:190} INFO - [2025-04-23T02:38:16.492+0100] {dag.py:3239} INFO - Sync 1 DAGs
[2025-04-23T02:38:16.499+0100] {logging_mixin.py:190} INFO - [2025-04-23T02:38:16.499+0100] {dag.py:4180} INFO - Setting next_dagrun for tutorial to 2025-04-22 00:00:00+00:00, run_after=2025-04-23 00:00:00+00:00
[2025-04-23T02:38:16.504+0100] {processor.py:208} INFO - Processing /Users/francisayanbadejo/venvs_projects/my_proj/lib/python3.9/site-packages/airflow/example_dags/tutorial.py took 0.049 seconds
