[2025-04-23T02:28:13.503+0100] {processor.py:186} INFO - Started process (PID=57624) to work on /Users/francisayanbadejo/venvs_projects/my_proj/lib/python3.9/site-packages/airflow/example_dags/tutorial_taskflow_api.py
[2025-04-23T02:28:13.504+0100] {processor.py:914} INFO - Processing file /Users/francisayanbadejo/venvs_projects/my_proj/lib/python3.9/site-packages/airflow/example_dags/tutorial_taskflow_api.py for tasks to queue
[2025-04-23T02:28:13.505+0100] {logging_mixin.py:190} INFO - [2025-04-23T02:28:13.504+0100] {dagbag.py:588} INFO - Filling up the DagBag from /Users/francisayanbadejo/venvs_projects/my_proj/lib/python3.9/site-packages/airflow/example_dags/tutorial_taskflow_api.py
[2025-04-23T02:28:13.515+0100] {processor.py:925} INFO - DAG(s) 'tutorial_taskflow_api' retrieved from /Users/francisayanbadejo/venvs_projects/my_proj/lib/python3.9/site-packages/airflow/example_dags/tutorial_taskflow_api.py
[2025-04-23T02:28:13.568+0100] {logging_mixin.py:190} INFO - [2025-04-23T02:28:13.568+0100] {override.py:1930} INFO - Created Permission View: can read on DAG:tutorial_taskflow_api
[2025-04-23T02:28:13.570+0100] {logging_mixin.py:190} INFO - [2025-04-23T02:28:13.570+0100] {override.py:1930} INFO - Created Permission View: can edit on DAG:tutorial_taskflow_api
[2025-04-23T02:28:13.572+0100] {logging_mixin.py:190} INFO - [2025-04-23T02:28:13.572+0100] {override.py:1930} INFO - Created Permission View: can delete on DAG:tutorial_taskflow_api
[2025-04-23T02:28:13.574+0100] {logging_mixin.py:190} INFO - [2025-04-23T02:28:13.574+0100] {override.py:1930} INFO - Created Permission View: menu access on DAG Run:tutorial_taskflow_api
[2025-04-23T02:28:13.575+0100] {logging_mixin.py:190} INFO - [2025-04-23T02:28:13.575+0100] {override.py:1930} INFO - Created Permission View: can create on DAG Run:tutorial_taskflow_api
[2025-04-23T02:28:13.576+0100] {logging_mixin.py:190} INFO - [2025-04-23T02:28:13.576+0100] {override.py:1930} INFO - Created Permission View: can read on DAG Run:tutorial_taskflow_api
[2025-04-23T02:28:13.578+0100] {logging_mixin.py:190} INFO - [2025-04-23T02:28:13.578+0100] {override.py:1930} INFO - Created Permission View: can delete on DAG Run:tutorial_taskflow_api
[2025-04-23T02:28:13.578+0100] {logging_mixin.py:190} INFO - [2025-04-23T02:28:13.578+0100] {dag.py:3239} INFO - Sync 1 DAGs
[2025-04-23T02:28:13.581+0100] {logging_mixin.py:190} INFO - [2025-04-23T02:28:13.581+0100] {dag.py:3262} INFO - Creating ORM DAG for tutorial_taskflow_api
[2025-04-23T02:28:13.581+0100] {logging_mixin.py:190} INFO - [2025-04-23T02:28:13.581+0100] {dag.py:4180} INFO - Setting next_dagrun for tutorial_taskflow_api to None, run_after=None
[2025-04-23T02:28:13.586+0100] {processor.py:208} INFO - Processing /Users/francisayanbadejo/venvs_projects/my_proj/lib/python3.9/site-packages/airflow/example_dags/tutorial_taskflow_api.py took 0.084 seconds
[2025-04-23T02:29:42.083+0100] {processor.py:186} INFO - Started process (PID=57799) to work on /Users/francisayanbadejo/venvs_projects/my_proj/lib/python3.9/site-packages/airflow/example_dags/tutorial_taskflow_api.py
[2025-04-23T02:29:42.084+0100] {processor.py:914} INFO - Processing file /Users/francisayanbadejo/venvs_projects/my_proj/lib/python3.9/site-packages/airflow/example_dags/tutorial_taskflow_api.py for tasks to queue
[2025-04-23T02:29:42.085+0100] {logging_mixin.py:190} INFO - [2025-04-23T02:29:42.085+0100] {dagbag.py:588} INFO - Filling up the DagBag from /Users/francisayanbadejo/venvs_projects/my_proj/lib/python3.9/site-packages/airflow/example_dags/tutorial_taskflow_api.py
[2025-04-23T02:29:42.095+0100] {processor.py:925} INFO - DAG(s) 'tutorial_taskflow_api' retrieved from /Users/francisayanbadejo/venvs_projects/my_proj/lib/python3.9/site-packages/airflow/example_dags/tutorial_taskflow_api.py
[2025-04-23T02:29:42.124+0100] {logging_mixin.py:190} INFO - [2025-04-23T02:29:42.124+0100] {dag.py:3239} INFO - Sync 1 DAGs
[2025-04-23T02:29:42.127+0100] {logging_mixin.py:190} INFO - [2025-04-23T02:29:42.127+0100] {dag.py:4180} INFO - Setting next_dagrun for tutorial_taskflow_api to None, run_after=None
[2025-04-23T02:29:42.132+0100] {processor.py:208} INFO - Processing /Users/francisayanbadejo/venvs_projects/my_proj/lib/python3.9/site-packages/airflow/example_dags/tutorial_taskflow_api.py took 0.051 seconds
[2025-04-23T02:30:38.755+0100] {processor.py:186} INFO - Started process (PID=57895) to work on /Users/francisayanbadejo/venvs_projects/my_proj/lib/python3.9/site-packages/airflow/example_dags/tutorial_taskflow_api.py
[2025-04-23T02:30:38.756+0100] {processor.py:914} INFO - Processing file /Users/francisayanbadejo/venvs_projects/my_proj/lib/python3.9/site-packages/airflow/example_dags/tutorial_taskflow_api.py for tasks to queue
[2025-04-23T02:30:38.757+0100] {logging_mixin.py:190} INFO - [2025-04-23T02:30:38.756+0100] {dagbag.py:588} INFO - Filling up the DagBag from /Users/francisayanbadejo/venvs_projects/my_proj/lib/python3.9/site-packages/airflow/example_dags/tutorial_taskflow_api.py
[2025-04-23T02:30:38.766+0100] {processor.py:925} INFO - DAG(s) 'tutorial_taskflow_api' retrieved from /Users/francisayanbadejo/venvs_projects/my_proj/lib/python3.9/site-packages/airflow/example_dags/tutorial_taskflow_api.py
[2025-04-23T02:30:38.796+0100] {logging_mixin.py:190} INFO - [2025-04-23T02:30:38.796+0100] {dag.py:3239} INFO - Sync 1 DAGs
[2025-04-23T02:30:38.799+0100] {logging_mixin.py:190} INFO - [2025-04-23T02:30:38.799+0100] {dag.py:4180} INFO - Setting next_dagrun for tutorial_taskflow_api to None, run_after=None
[2025-04-23T02:30:38.804+0100] {processor.py:208} INFO - Processing /Users/francisayanbadejo/venvs_projects/my_proj/lib/python3.9/site-packages/airflow/example_dags/tutorial_taskflow_api.py took 0.050 seconds
[2025-04-23T02:31:31.930+0100] {processor.py:186} INFO - Started process (PID=57986) to work on /Users/francisayanbadejo/venvs_projects/my_proj/lib/python3.9/site-packages/airflow/example_dags/tutorial_taskflow_api.py
[2025-04-23T02:31:31.931+0100] {processor.py:914} INFO - Processing file /Users/francisayanbadejo/venvs_projects/my_proj/lib/python3.9/site-packages/airflow/example_dags/tutorial_taskflow_api.py for tasks to queue
[2025-04-23T02:31:31.931+0100] {logging_mixin.py:190} INFO - [2025-04-23T02:31:31.931+0100] {dagbag.py:588} INFO - Filling up the DagBag from /Users/francisayanbadejo/venvs_projects/my_proj/lib/python3.9/site-packages/airflow/example_dags/tutorial_taskflow_api.py
[2025-04-23T02:31:31.941+0100] {processor.py:925} INFO - DAG(s) 'tutorial_taskflow_api' retrieved from /Users/francisayanbadejo/venvs_projects/my_proj/lib/python3.9/site-packages/airflow/example_dags/tutorial_taskflow_api.py
[2025-04-23T02:31:31.971+0100] {logging_mixin.py:190} INFO - [2025-04-23T02:31:31.971+0100] {dag.py:3239} INFO - Sync 1 DAGs
[2025-04-23T02:31:31.974+0100] {logging_mixin.py:190} INFO - [2025-04-23T02:31:31.974+0100] {dag.py:4180} INFO - Setting next_dagrun for tutorial_taskflow_api to None, run_after=None
[2025-04-23T02:31:31.979+0100] {processor.py:208} INFO - Processing /Users/francisayanbadejo/venvs_projects/my_proj/lib/python3.9/site-packages/airflow/example_dags/tutorial_taskflow_api.py took 0.051 seconds
[2025-04-23T02:32:26.037+0100] {processor.py:186} INFO - Started process (PID=58135) to work on /Users/francisayanbadejo/venvs_projects/my_proj/lib/python3.9/site-packages/airflow/example_dags/tutorial_taskflow_api.py
[2025-04-23T02:32:26.038+0100] {processor.py:914} INFO - Processing file /Users/francisayanbadejo/venvs_projects/my_proj/lib/python3.9/site-packages/airflow/example_dags/tutorial_taskflow_api.py for tasks to queue
[2025-04-23T02:32:26.039+0100] {logging_mixin.py:190} INFO - [2025-04-23T02:32:26.038+0100] {dagbag.py:588} INFO - Filling up the DagBag from /Users/francisayanbadejo/venvs_projects/my_proj/lib/python3.9/site-packages/airflow/example_dags/tutorial_taskflow_api.py
[2025-04-23T02:32:26.048+0100] {processor.py:925} INFO - DAG(s) 'tutorial_taskflow_api' retrieved from /Users/francisayanbadejo/venvs_projects/my_proj/lib/python3.9/site-packages/airflow/example_dags/tutorial_taskflow_api.py
[2025-04-23T02:32:26.078+0100] {logging_mixin.py:190} INFO - [2025-04-23T02:32:26.078+0100] {dag.py:3239} INFO - Sync 1 DAGs
[2025-04-23T02:32:26.082+0100] {logging_mixin.py:190} INFO - [2025-04-23T02:32:26.082+0100] {dag.py:4180} INFO - Setting next_dagrun for tutorial_taskflow_api to None, run_after=None
[2025-04-23T02:32:26.086+0100] {processor.py:208} INFO - Processing /Users/francisayanbadejo/venvs_projects/my_proj/lib/python3.9/site-packages/airflow/example_dags/tutorial_taskflow_api.py took 0.051 seconds
[2025-04-23T02:33:21.433+0100] {processor.py:186} INFO - Started process (PID=58247) to work on /Users/francisayanbadejo/venvs_projects/my_proj/lib/python3.9/site-packages/airflow/example_dags/tutorial_taskflow_api.py
[2025-04-23T02:33:21.434+0100] {processor.py:914} INFO - Processing file /Users/francisayanbadejo/venvs_projects/my_proj/lib/python3.9/site-packages/airflow/example_dags/tutorial_taskflow_api.py for tasks to queue
[2025-04-23T02:33:21.435+0100] {logging_mixin.py:190} INFO - [2025-04-23T02:33:21.435+0100] {dagbag.py:588} INFO - Filling up the DagBag from /Users/francisayanbadejo/venvs_projects/my_proj/lib/python3.9/site-packages/airflow/example_dags/tutorial_taskflow_api.py
[2025-04-23T02:33:21.444+0100] {processor.py:925} INFO - DAG(s) 'tutorial_taskflow_api' retrieved from /Users/francisayanbadejo/venvs_projects/my_proj/lib/python3.9/site-packages/airflow/example_dags/tutorial_taskflow_api.py
[2025-04-23T02:33:21.475+0100] {logging_mixin.py:190} INFO - [2025-04-23T02:33:21.475+0100] {dag.py:3239} INFO - Sync 1 DAGs
[2025-04-23T02:33:21.479+0100] {logging_mixin.py:190} INFO - [2025-04-23T02:33:21.479+0100] {dag.py:4180} INFO - Setting next_dagrun for tutorial_taskflow_api to None, run_after=None
[2025-04-23T02:33:21.484+0100] {processor.py:208} INFO - Processing /Users/francisayanbadejo/venvs_projects/my_proj/lib/python3.9/site-packages/airflow/example_dags/tutorial_taskflow_api.py took 0.052 seconds
[2025-04-23T02:34:04.955+0100] {processor.py:186} INFO - Started process (PID=58437) to work on /Users/francisayanbadejo/venvs_projects/my_proj/lib/python3.9/site-packages/airflow/example_dags/tutorial_taskflow_api.py
[2025-04-23T02:34:04.956+0100] {processor.py:914} INFO - Processing file /Users/francisayanbadejo/venvs_projects/my_proj/lib/python3.9/site-packages/airflow/example_dags/tutorial_taskflow_api.py for tasks to queue
[2025-04-23T02:34:04.960+0100] {logging_mixin.py:190} INFO - [2025-04-23T02:34:04.959+0100] {dagbag.py:588} INFO - Filling up the DagBag from /Users/francisayanbadejo/venvs_projects/my_proj/lib/python3.9/site-packages/airflow/example_dags/tutorial_taskflow_api.py
[2025-04-23T02:34:04.969+0100] {processor.py:925} INFO - DAG(s) 'tutorial_taskflow_api' retrieved from /Users/francisayanbadejo/venvs_projects/my_proj/lib/python3.9/site-packages/airflow/example_dags/tutorial_taskflow_api.py
[2025-04-23T02:34:04.999+0100] {logging_mixin.py:190} INFO - [2025-04-23T02:34:04.999+0100] {dag.py:3239} INFO - Sync 1 DAGs
[2025-04-23T02:34:05.003+0100] {logging_mixin.py:190} INFO - [2025-04-23T02:34:05.003+0100] {dag.py:4180} INFO - Setting next_dagrun for tutorial_taskflow_api to None, run_after=None
[2025-04-23T02:34:05.008+0100] {processor.py:208} INFO - Processing /Users/francisayanbadejo/venvs_projects/my_proj/lib/python3.9/site-packages/airflow/example_dags/tutorial_taskflow_api.py took 0.054 seconds
[2025-04-23T02:35:28.468+0100] {processor.py:186} INFO - Started process (PID=58563) to work on /Users/francisayanbadejo/venvs_projects/my_proj/lib/python3.9/site-packages/airflow/example_dags/tutorial_taskflow_api.py
[2025-04-23T02:35:28.470+0100] {processor.py:914} INFO - Processing file /Users/francisayanbadejo/venvs_projects/my_proj/lib/python3.9/site-packages/airflow/example_dags/tutorial_taskflow_api.py for tasks to queue
[2025-04-23T02:35:28.470+0100] {logging_mixin.py:190} INFO - [2025-04-23T02:35:28.470+0100] {dagbag.py:588} INFO - Filling up the DagBag from /Users/francisayanbadejo/venvs_projects/my_proj/lib/python3.9/site-packages/airflow/example_dags/tutorial_taskflow_api.py
[2025-04-23T02:35:28.480+0100] {processor.py:925} INFO - DAG(s) 'tutorial_taskflow_api' retrieved from /Users/francisayanbadejo/venvs_projects/my_proj/lib/python3.9/site-packages/airflow/example_dags/tutorial_taskflow_api.py
[2025-04-23T02:35:28.511+0100] {logging_mixin.py:190} INFO - [2025-04-23T02:35:28.511+0100] {dag.py:3239} INFO - Sync 1 DAGs
[2025-04-23T02:35:28.515+0100] {logging_mixin.py:190} INFO - [2025-04-23T02:35:28.515+0100] {dag.py:4180} INFO - Setting next_dagrun for tutorial_taskflow_api to None, run_after=None
[2025-04-23T02:35:28.520+0100] {processor.py:208} INFO - Processing /Users/francisayanbadejo/venvs_projects/my_proj/lib/python3.9/site-packages/airflow/example_dags/tutorial_taskflow_api.py took 0.053 seconds
[2025-04-23T02:36:23.131+0100] {processor.py:186} INFO - Started process (PID=58643) to work on /Users/francisayanbadejo/venvs_projects/my_proj/lib/python3.9/site-packages/airflow/example_dags/tutorial_taskflow_api.py
[2025-04-23T02:36:23.132+0100] {processor.py:914} INFO - Processing file /Users/francisayanbadejo/venvs_projects/my_proj/lib/python3.9/site-packages/airflow/example_dags/tutorial_taskflow_api.py for tasks to queue
[2025-04-23T02:36:23.133+0100] {logging_mixin.py:190} INFO - [2025-04-23T02:36:23.133+0100] {dagbag.py:588} INFO - Filling up the DagBag from /Users/francisayanbadejo/venvs_projects/my_proj/lib/python3.9/site-packages/airflow/example_dags/tutorial_taskflow_api.py
[2025-04-23T02:36:23.144+0100] {processor.py:925} INFO - DAG(s) 'tutorial_taskflow_api' retrieved from /Users/francisayanbadejo/venvs_projects/my_proj/lib/python3.9/site-packages/airflow/example_dags/tutorial_taskflow_api.py
[2025-04-23T02:36:23.176+0100] {logging_mixin.py:190} INFO - [2025-04-23T02:36:23.175+0100] {dag.py:3239} INFO - Sync 1 DAGs
[2025-04-23T02:36:23.179+0100] {logging_mixin.py:190} INFO - [2025-04-23T02:36:23.179+0100] {dag.py:4180} INFO - Setting next_dagrun for tutorial_taskflow_api to None, run_after=None
[2025-04-23T02:36:23.185+0100] {processor.py:208} INFO - Processing /Users/francisayanbadejo/venvs_projects/my_proj/lib/python3.9/site-packages/airflow/example_dags/tutorial_taskflow_api.py took 0.055 seconds
[2025-04-23T02:37:17.803+0100] {processor.py:186} INFO - Started process (PID=58732) to work on /Users/francisayanbadejo/venvs_projects/my_proj/lib/python3.9/site-packages/airflow/example_dags/tutorial_taskflow_api.py
[2025-04-23T02:37:17.804+0100] {processor.py:914} INFO - Processing file /Users/francisayanbadejo/venvs_projects/my_proj/lib/python3.9/site-packages/airflow/example_dags/tutorial_taskflow_api.py for tasks to queue
[2025-04-23T02:37:17.805+0100] {logging_mixin.py:190} INFO - [2025-04-23T02:37:17.805+0100] {dagbag.py:588} INFO - Filling up the DagBag from /Users/francisayanbadejo/venvs_projects/my_proj/lib/python3.9/site-packages/airflow/example_dags/tutorial_taskflow_api.py
[2025-04-23T02:37:17.815+0100] {processor.py:925} INFO - DAG(s) 'tutorial_taskflow_api' retrieved from /Users/francisayanbadejo/venvs_projects/my_proj/lib/python3.9/site-packages/airflow/example_dags/tutorial_taskflow_api.py
[2025-04-23T02:37:17.844+0100] {logging_mixin.py:190} INFO - [2025-04-23T02:37:17.844+0100] {dag.py:3239} INFO - Sync 1 DAGs
[2025-04-23T02:37:17.848+0100] {logging_mixin.py:190} INFO - [2025-04-23T02:37:17.848+0100] {dag.py:4180} INFO - Setting next_dagrun for tutorial_taskflow_api to None, run_after=None
[2025-04-23T02:37:17.853+0100] {processor.py:208} INFO - Processing /Users/francisayanbadejo/venvs_projects/my_proj/lib/python3.9/site-packages/airflow/example_dags/tutorial_taskflow_api.py took 0.051 seconds
[2025-04-23T02:38:11.551+0100] {processor.py:186} INFO - Started process (PID=58860) to work on /Users/francisayanbadejo/venvs_projects/my_proj/lib/python3.9/site-packages/airflow/example_dags/tutorial_taskflow_api.py
[2025-04-23T02:38:11.553+0100] {processor.py:914} INFO - Processing file /Users/francisayanbadejo/venvs_projects/my_proj/lib/python3.9/site-packages/airflow/example_dags/tutorial_taskflow_api.py for tasks to queue
[2025-04-23T02:38:11.553+0100] {logging_mixin.py:190} INFO - [2025-04-23T02:38:11.553+0100] {dagbag.py:588} INFO - Filling up the DagBag from /Users/francisayanbadejo/venvs_projects/my_proj/lib/python3.9/site-packages/airflow/example_dags/tutorial_taskflow_api.py
[2025-04-23T02:38:11.563+0100] {processor.py:925} INFO - DAG(s) 'tutorial_taskflow_api' retrieved from /Users/francisayanbadejo/venvs_projects/my_proj/lib/python3.9/site-packages/airflow/example_dags/tutorial_taskflow_api.py
[2025-04-23T02:38:11.593+0100] {logging_mixin.py:190} INFO - [2025-04-23T02:38:11.593+0100] {dag.py:3239} INFO - Sync 1 DAGs
[2025-04-23T02:38:11.597+0100] {logging_mixin.py:190} INFO - [2025-04-23T02:38:11.597+0100] {dag.py:4180} INFO - Setting next_dagrun for tutorial_taskflow_api to None, run_after=None
[2025-04-23T02:38:11.601+0100] {processor.py:208} INFO - Processing /Users/francisayanbadejo/venvs_projects/my_proj/lib/python3.9/site-packages/airflow/example_dags/tutorial_taskflow_api.py took 0.052 seconds
